2021-08-16 17:22:34,114 - instabot version: 0.117.0 (bot) - INFO - Instabot version: 0.117.0 Started
2021-08-16 17:22:34,114 - instabot version: 0.117.0 (bot) - DEBUG - Bot imported from D:\searchdisaner\venv\lib\site-packages\instabot\bot\bot.py
2021-08-16 17:22:34,115 - instabot version: 0.117.0 (api_login) - DEBUG - Loading uuids
2021-08-16 17:22:34,115 - instabot version: 0.117.0 (api_login) - INFO - Recovery from D:\searchdisaner/config/todoctordoom_uuid_and_cookie.json: COOKIE False - UUIDs True - TIMING, DEVICE and ...
- user-agent=Instagram 117.0.0.28.123 Android (28/9.0; 420dpi; 1080x1920; OnePlus; ONEPLUS A3003; OnePlus3; qcom; en_US; 180322800)
- phone_id=fececc37-13fb-4ca7-b4c1-842926ac61f0
- uuid=d8c038f7-d60d-4ffc-ae20-1b8f9d340f0b
- client_session_id=74517733-9e97-4ac6-9bd3-6396afa278ed
- device_id=android-638845ae1420b535
2021-08-16 17:22:34,117 - instabot version: 0.117.0 (api_login) - INFO - Not yet logged in starting: PRE-LOGIN FLOW!
2021-08-16 17:22:34,450 - instabot version: 0.117.0 (api) - DEBUG - POST to endpoint: accounts/get_prefill_candidates/ returned response: <Response [200]>
2021-08-16 17:22:34,786 - instabot version: 0.117.0 (api) - DEBUG - POST to endpoint: qe/sync/ returned response: <Response [200]>
2021-08-16 17:22:35,159 - instabot version: 0.117.0 (api) - DEBUG - POST to endpoint: launcher/sync/ returned response: <Response [200]>
2021-08-16 17:22:35,506 - instabot version: 0.117.0 (api) - DEBUG - POST to endpoint: accounts/contact_point_prefill/ returned response: <Response [200]>
2021-08-16 17:22:37,077 - instabot version: 0.117.0 (api) - DEBUG - POST to endpoint: accounts/login/ returned response: <Response [200]>
2021-08-16 17:22:37,077 - instabot version: 0.117.0 (api) - INFO - Logged-in successfully as 'todoctordoom'!
2021-08-16 17:22:37,077 - instabot version: 0.117.0 (api_login) - INFO - LOGIN FLOW! Just logged-in: True
2021-08-16 17:22:37,483 - instabot version: 0.117.0 (api) - DEBUG - POST to endpoint: qe/sync/ returned response: <Response [200]>
2021-08-16 17:22:37,892 - instabot version: 0.117.0 (api) - DEBUG - POST to endpoint: launcher/sync/ returned response: <Response [200]>
2021-08-16 17:22:38,275 - instabot version: 0.117.0 (api) - DEBUG - GET to endpoint: zr/token/result/?device_id=android-638845ae1420b535&token_hash=&custom_device_id=android-638845ae1420b535&fetch_reason=token_expired returned response: <Response [200]>
2021-08-16 17:22:38,658 - instabot version: 0.117.0 (api) - DEBUG - GET to endpoint: multiple_accounts/get_account_family/ returned response: <Response [200]>
2021-08-16 17:22:39,011 - instabot version: 0.117.0 (api) - DEBUG - POST to endpoint: qe/sync/ returned response: <Response [200]>
2021-08-16 17:22:39,573 - instabot version: 0.117.0 (api) - DEBUG - GET to endpoint: igtv/browse_feed/?prefetch=1 returned response: <Response [200]>
2021-08-16 17:22:39,907 - instabot version: 0.117.0 (api) - DEBUG - POST to endpoint: creatives/ar_class/ returned response: <Response [200]>
2021-08-16 17:22:40,376 - instabot version: 0.117.0 (api) - DEBUG - POST to endpoint: feed/reels_tray/ returned response: <Response [200]>
2021-08-16 17:22:41,612 - instabot version: 0.117.0 (api) - DEBUG - POST to endpoint: feed/timeline/ returned response: <Response [200]>
2021-08-16 17:22:41,936 - instabot version: 0.117.0 (api) - DEBUG - GET to endpoint: media/blocked/ returned response: <Response [200]>
2021-08-16 17:22:43,163 - instabot version: 0.117.0 (api) - DEBUG - GET to endpoint: news/inbox/ returned response: <Response [200]>
2021-08-16 17:22:43,489 - instabot version: 0.117.0 (api) - DEBUG - GET to endpoint: loom/fetch_config/ returned response: <Response [200]>
2021-08-16 17:22:44,231 - instabot version: 0.117.0 (api) - DEBUG - GET to endpoint: scores/bootstrap/users/?surfaces=["autocomplete_user_list","coefficient_besties_list_ranking","coefficient_rank_recipient_user_suggestion","coefficient_ios_section_test_bootstrap_ranking","coefficient_direct_recipients_ranking_variant_2"] returned response: <Response [200]>
2021-08-16 17:22:44,628 - instabot version: 0.117.0 (api) - DEBUG - GET to endpoint: business/eligibility/get_monetization_products_eligibility_data/?product_types=branded_content returned response: <Response [200]>
2021-08-16 17:22:44,984 - instabot version: 0.117.0 (api) - DEBUG - GET to endpoint: business/branded_content/should_require_professional_account/ returned response: <Response [200]>
2021-08-16 17:22:45,936 - instabot version: 0.117.0 (api) - DEBUG - GET to endpoint: linked_accounts/get_linkage_status/ returned response: <Response [200]>
2021-08-16 17:22:46,293 - instabot version: 0.117.0 (api) - DEBUG - GET to endpoint: locations/request_country/ returned response: <Response [200]>
2021-08-16 17:22:46,611 - instabot version: 0.117.0 (api) - DEBUG - GET to endpoint: qp/get_cooldowns/?signed_body=signed_body=4b9c516a5410a3bc128e09c6104a7f042146b9c2023870560c63a43a7f66781c.4&ig_sig_key_version=4&ig_sig_key_version=4 returned response: <Response [200]>
2021-08-16 17:22:46,963 - instabot version: 0.117.0 (api) - DEBUG - GET to endpoint: users/arlink_download_info/?version_override=2.2.1 returned response: <Response [200]>
2021-08-16 17:22:48,312 - instabot version: 0.117.0 (api) - DEBUG - GET to endpoint: users/46258652727/info/ returned response: <Response [200]>
2021-08-16 17:22:48,662 - instabot version: 0.117.0 (api) - DEBUG - GET to endpoint: direct_v2/get_presence/ returned response: <Response [200]>
2021-08-16 17:22:49,056 - instabot version: 0.117.0 (api) - DEBUG - GET to endpoint: direct_v2/inbox/?visual_message_return_type=unseen&thread_message_limit=10&persistentBadging=true&limit=20 returned response: <Response [200]>
2021-08-16 17:22:49,421 - instabot version: 0.117.0 (api) - DEBUG - GET to endpoint: direct_v2/inbox/?visual_message_return_type=unseen&persistentBadging=true&limit=0 returned response: <Response [200]>
2021-08-16 17:22:49,847 - instabot version: 0.117.0 (api) - DEBUG - GET to endpoint: discover/topical_explore/?is_prefetch=true&omit_cover_media=true&use_sectional_payload=true&timezone_offset=0&session_id=74517733-9e97-4ac6-9bd3-6396afa278ed&include_fixed_destinations=true returned response: <Response [200]>
2021-08-16 17:22:50,177 - instabot version: 0.117.0 (api) - DEBUG - POST to endpoint: notifications/badge/ returned response: <Response [200]>
2021-08-16 17:22:50,638 - instabot version: 0.117.0 (api) - DEBUG - POST to endpoint: qp/batch_fetch/ returned response: <Response [200]>
2021-08-16 17:22:50,640 - instabot version: 0.117.0 (bot_checkpoint) - DEBUG - Loading Checkpoint file from: D:\searchdisaner/config/todoctordoom.checkpoint
2021-08-16 17:22:56,401 - instabot version: 0.117.0 (api) - DEBUG - GET to endpoint: feed/tag/дизайн/?max_id=&rank_token=46258652727_d8c038f7-d60d-4ffc-ae20-1b8f9d340f0b&ranked_content=true& returned response: <Response [200]>
2021-08-16 17:22:57,175 - instabot version: 0.117.0 (api) - DEBUG - GET to endpoint: users/5951659773/info/ returned response: <Response [200]>
2021-08-16 17:22:57,803 - instabot version: 0.117.0 (api) - DEBUG - GET to endpoint: users/48992526623/info/ returned response: <Response [200]>
2021-08-16 17:22:58,636 - instabot version: 0.117.0 (api) - DEBUG - GET to endpoint: users/3669705827/info/ returned response: <Response [200]>
2021-08-16 17:22:59,275 - instabot version: 0.117.0 (api) - DEBUG - GET to endpoint: users/3619051221/info/ returned response: <Response [200]>
2021-08-16 17:22:59,752 - instabot version: 0.117.0 (api) - DEBUG - GET to endpoint: users/48322730457/info/ returned response: <Response [200]>
2021-08-16 17:23:00,437 - instabot version: 0.117.0 (api) - DEBUG - GET to endpoint: users/2212537023/info/ returned response: <Response [200]>
2021-08-16 17:23:01,122 - instabot version: 0.117.0 (api) - DEBUG - GET to endpoint: users/48895633404/info/ returned response: <Response [200]>
2021-08-16 17:23:02,008 - instabot version: 0.117.0 (api) - DEBUG - GET to endpoint: users/6695391748/info/ returned response: <Response [200]>
2021-08-16 17:23:02,708 - instabot version: 0.117.0 (api) - DEBUG - GET to endpoint: users/5930693722/info/ returned response: <Response [200]>
2021-08-16 17:23:03,467 - instabot version: 0.117.0 (api) - DEBUG - GET to endpoint: users/44304894782/info/ returned response: <Response [200]>
2021-08-16 17:23:04,529 - instabot version: 0.117.0 (api) - DEBUG - GET to endpoint: users/44497260119/info/ returned response: <Response [200]>
2021-08-16 17:23:05,335 - instabot version: 0.117.0 (api) - DEBUG - GET to endpoint: users/16715892699/info/ returned response: <Response [200]>
2021-08-16 17:23:06,443 - instabot version: 0.117.0 (api) - DEBUG - GET to endpoint: users/6218060723/info/ returned response: <Response [200]>
2021-08-16 17:23:07,147 - instabot version: 0.117.0 (api) - DEBUG - GET to endpoint: users/21674615543/info/ returned response: <Response [200]>
2021-08-16 17:23:07,905 - instabot version: 0.117.0 (api) - DEBUG - GET to endpoint: users/3272353763/info/ returned response: <Response [200]>
2021-08-16 17:23:08,479 - instabot version: 0.117.0 (api) - DEBUG - GET to endpoint: users/1769419062/info/ returned response: <Response [200]>
2021-08-16 17:23:09,224 - instabot version: 0.117.0 (api) - DEBUG - GET to endpoint: users/48583280627/info/ returned response: <Response [200]>
2021-08-16 17:23:09,904 - instabot version: 0.117.0 (api) - DEBUG - GET to endpoint: users/46871513104/info/ returned response: <Response [200]>
2021-08-16 17:23:10,695 - instabot version: 0.117.0 (api) - DEBUG - GET to endpoint: users/5774520135/info/ returned response: <Response [200]>
2021-08-16 17:23:11,529 - instabot version: 0.117.0 (api) - DEBUG - GET to endpoint: users/12265571610/info/ returned response: <Response [200]>
2021-08-16 17:23:12,376 - instabot version: 0.117.0 (api) - DEBUG - GET to endpoint: users/8577074415/info/ returned response: <Response [200]>
2021-08-16 17:23:13,145 - instabot version: 0.117.0 (api) - DEBUG - GET to endpoint: users/7271049410/info/ returned response: <Response [200]>
2021-08-16 17:23:13,687 - instabot version: 0.117.0 (api) - DEBUG - GET to endpoint: users/44249012129/info/ returned response: <Response [200]>
2021-08-16 17:23:14,356 - instabot version: 0.117.0 (api) - DEBUG - GET to endpoint: users/8976933753/info/ returned response: <Response [200]>
2021-08-16 17:23:15,064 - instabot version: 0.117.0 (api) - DEBUG - GET to endpoint: users/31696934011/info/ returned response: <Response [200]>
2021-08-16 17:23:15,631 - instabot version: 0.117.0 (api) - DEBUG - GET to endpoint: users/28811621065/info/ returned response: <Response [200]>
2021-08-16 17:23:16,372 - instabot version: 0.117.0 (api) - DEBUG - GET to endpoint: users/13594170982/info/ returned response: <Response [200]>
2021-08-16 17:23:16,834 - instabot version: 0.117.0 (api) - DEBUG - GET to endpoint: users/46931698541/info/ returned response: <Response [200]>
2021-08-16 17:23:17,306 - instabot version: 0.117.0 (api) - DEBUG - GET to endpoint: users/48977832650/info/ returned response: <Response [200]>
2021-08-16 17:23:18,000 - instabot version: 0.117.0 (api) - DEBUG - GET to endpoint: users/3830192944/info/ returned response: <Response [200]>
2021-08-16 17:23:18,571 - instabot version: 0.117.0 (api) - DEBUG - GET to endpoint: users/37376721006/info/ returned response: <Response [200]>
2021-08-16 17:23:19,042 - instabot version: 0.117.0 (api) - DEBUG - GET to endpoint: users/48909268885/info/ returned response: <Response [200]>
2021-08-16 17:23:19,651 - instabot version: 0.117.0 (api) - DEBUG - GET to endpoint: users/5955109304/info/ returned response: <Response [200]>
2021-08-16 17:23:20,275 - instabot version: 0.117.0 (api) - DEBUG - GET to endpoint: users/48830392048/info/ returned response: <Response [200]>
2021-08-16 17:23:21,055 - instabot version: 0.117.0 (api) - DEBUG - GET to endpoint: users/25288202188/info/ returned response: <Response [200]>
2021-08-16 17:23:21,740 - instabot version: 0.117.0 (api) - DEBUG - GET to endpoint: users/1948401222/info/ returned response: <Response [200]>
2021-08-16 17:23:22,632 - instabot version: 0.117.0 (api) - DEBUG - GET to endpoint: users/19226685653/info/ returned response: <Response [200]>
2021-08-16 17:23:23,059 - instabot version: 0.117.0 (api) - DEBUG - GET to endpoint: users/14100968010/info/ returned response: <Response [200]>
2021-08-16 17:23:23,640 - instabot version: 0.117.0 (api) - DEBUG - GET to endpoint: users/348903114/info/ returned response: <Response [200]>
2021-08-16 17:23:24,261 - instabot version: 0.117.0 (api) - DEBUG - GET to endpoint: users/2094251741/info/ returned response: <Response [200]>
2021-08-16 17:23:24,900 - instabot version: 0.117.0 (api) - DEBUG - GET to endpoint: users/19232057048/info/ returned response: <Response [200]>
2021-08-16 17:23:25,350 - instabot version: 0.117.0 (api) - DEBUG - GET to endpoint: users/3933588206/info/ returned response: <Response [200]>
2021-08-16 17:23:26,371 - instabot version: 0.117.0 (api) - DEBUG - GET to endpoint: users/32728362042/info/ returned response: <Response [200]>
2021-08-16 17:23:26,813 - instabot version: 0.117.0 (api) - DEBUG - GET to endpoint: users/45693073161/info/ returned response: <Response [200]>
2021-08-16 17:23:27,422 - instabot version: 0.117.0 (api) - DEBUG - GET to endpoint: users/4286470005/info/ returned response: <Response [200]>
2021-08-16 17:23:28,058 - instabot version: 0.117.0 (api) - DEBUG - GET to endpoint: users/17453488701/info/ returned response: <Response [200]>
2021-08-16 17:23:28,641 - instabot version: 0.117.0 (api) - DEBUG - GET to endpoint: users/48897658846/info/ returned response: <Response [200]>
2021-08-16 17:23:29,310 - instabot version: 0.117.0 (api) - DEBUG - GET to endpoint: users/48144426248/info/ returned response: <Response [200]>
2021-08-16 17:23:30,157 - instabot version: 0.117.0 (api) - DEBUG - GET to endpoint: users/9194655556/info/ returned response: <Response [200]>
2021-08-16 17:23:30,796 - instabot version: 0.117.0 (api) - DEBUG - GET to endpoint: users/42757909733/info/ returned response: <Response [200]>
2021-08-16 17:23:31,425 - instabot version: 0.117.0 (api) - DEBUG - GET to endpoint: users/2113633489/info/ returned response: <Response [200]>
2021-08-16 17:23:32,404 - instabot version: 0.117.0 (api) - DEBUG - GET to endpoint: users/32083697390/info/ returned response: <Response [200]>
2021-08-16 17:23:32,868 - instabot version: 0.117.0 (api) - DEBUG - GET to endpoint: users/1778415189/info/ returned response: <Response [200]>
2021-08-16 17:23:33,438 - instabot version: 0.117.0 (api) - DEBUG - GET to endpoint: users/10982078015/info/ returned response: <Response [200]>
2021-08-16 17:23:34,023 - instabot version: 0.117.0 (api) - DEBUG - GET to endpoint: users/3005767733/info/ returned response: <Response [200]>
2021-08-16 17:23:34,617 - instabot version: 0.117.0 (api) - DEBUG - GET to endpoint: users/4166665269/info/ returned response: <Response [200]>
2021-08-16 17:23:35,937 - instabot version: 0.117.0 (api) - DEBUG - GET to endpoint: users/3939300536/info/ returned response: <Response [200]>
2021-08-16 17:23:36,633 - instabot version: 0.117.0 (api) - DEBUG - GET to endpoint: users/6899308325/info/ returned response: <Response [200]>
2021-08-16 17:23:37,243 - instabot version: 0.117.0 (api) - DEBUG - GET to endpoint: users/20560076148/info/ returned response: <Response [200]>
2021-08-16 17:23:37,785 - instabot version: 0.117.0 (api) - DEBUG - GET to endpoint: users/44377856166/info/ returned response: <Response [200]>
2021-08-16 17:23:38,516 - instabot version: 0.117.0 (api) - DEBUG - GET to endpoint: users/31496820132/info/ returned response: <Response [200]>
2021-08-16 17:23:39,063 - instabot version: 0.117.0 (api) - DEBUG - GET to endpoint: users/12855991899/info/ returned response: <Response [200]>
2021-08-16 17:23:39,821 - instabot version: 0.117.0 (api) - DEBUG - GET to endpoint: users/6156337825/info/ returned response: <Response [200]>
2021-08-16 17:23:40,399 - instabot version: 0.117.0 (api) - DEBUG - GET to endpoint: users/7971806257/info/ returned response: <Response [200]>
2021-08-16 17:23:40,884 - instabot version: 0.117.0 (api) - DEBUG - GET to endpoint: users/1475161301/info/ returned response: <Response [200]>
2021-08-16 17:23:41,784 - instabot version: 0.117.0 (api) - DEBUG - GET to endpoint: users/12652281679/info/ returned response: <Response [200]>
2021-08-16 17:23:42,620 - instabot version: 0.117.0 (api) - DEBUG - GET to endpoint: users/1541802495/info/ returned response: <Response [200]>
2021-08-16 17:23:43,228 - instabot version: 0.117.0 (api) - DEBUG - GET to endpoint: users/18566818/info/ returned response: <Response [200]>
2021-08-16 17:23:43,990 - instabot version: 0.117.0 (api) - DEBUG - GET to endpoint: users/11071291711/info/ returned response: <Response [200]>
2021-08-16 17:23:44,841 - instabot version: 0.117.0 (api) - DEBUG - GET to endpoint: users/1420284947/info/ returned response: <Response [200]>
2021-08-16 17:23:46,846 - instabot version: 0.117.0 (api) - DEBUG - GET to endpoint: users/4019362321/info/ returned response: <Response [200]>
2021-08-16 17:23:47,609 - instabot version: 0.117.0 (api) - DEBUG - GET to endpoint: users/4398957610/info/ returned response: <Response [200]>
2021-08-16 17:23:53,740 - instabot version: 0.117.0 (api) - DEBUG - GET to endpoint: feed/tag/дизайнер/?max_id=&rank_token=46258652727_d8c038f7-d60d-4ffc-ae20-1b8f9d340f0b&ranked_content=true& returned response: <Response [200]>
2021-08-16 17:23:54,498 - instabot version: 0.117.0 (api) - DEBUG - GET to endpoint: users/16586804845/info/ returned response: <Response [200]>
2021-08-16 17:23:55,184 - instabot version: 0.117.0 (api) - DEBUG - GET to endpoint: users/29412116237/info/ returned response: <Response [200]>
2021-08-16 17:23:56,627 - instabot version: 0.117.0 (api) - DEBUG - GET to endpoint: users/248750361/info/ returned response: <Response [200]>
2021-08-16 17:23:57,163 - instabot version: 0.117.0 (api) - DEBUG - GET to endpoint: users/1395164018/info/ returned response: <Response [200]>
2021-08-16 17:23:57,718 - instabot version: 0.117.0 (api) - DEBUG - GET to endpoint: users/1515655152/info/ returned response: <Response [200]>
2021-08-16 17:23:58,418 - instabot version: 0.117.0 (api) - DEBUG - GET to endpoint: users/2958836184/info/ returned response: <Response [200]>
2021-08-16 17:23:58,954 - instabot version: 0.117.0 (api) - DEBUG - GET to endpoint: users/26472001539/info/ returned response: <Response [200]>
2021-08-16 17:23:59,486 - instabot version: 0.117.0 (api) - DEBUG - GET to endpoint: users/336190417/info/ returned response: <Response [200]>
2021-08-16 17:24:00,099 - instabot version: 0.117.0 (api) - DEBUG - GET to endpoint: users/36873508/info/ returned response: <Response [200]>
2021-08-16 17:24:00,644 - instabot version: 0.117.0 (api) - DEBUG - GET to endpoint: users/32053642268/info/ returned response: <Response [200]>
2021-08-16 17:24:01,310 - instabot version: 0.117.0 (api) - DEBUG - GET to endpoint: users/5353932398/info/ returned response: <Response [200]>
2021-08-16 17:24:02,079 - instabot version: 0.117.0 (api) - DEBUG - GET to endpoint: users/634941323/info/ returned response: <Response [200]>
2021-08-16 17:24:02,770 - instabot version: 0.117.0 (api) - DEBUG - GET to endpoint: users/471856971/info/ returned response: <Response [200]>
2021-08-16 17:24:03,347 - instabot version: 0.117.0 (api) - DEBUG - GET to endpoint: users/4101876483/info/ returned response: <Response [200]>
2021-08-16 17:24:04,079 - instabot version: 0.117.0 (api) - DEBUG - GET to endpoint: users/3414567234/info/ returned response: <Response [200]>
2021-08-16 17:24:04,949 - instabot version: 0.117.0 (api) - DEBUG - GET to endpoint: users/10271605805/info/ returned response: <Response [200]>
2021-08-16 17:24:05,729 - instabot version: 0.117.0 (api) - DEBUG - GET to endpoint: users/39256337001/info/ returned response: <Response [200]>
2021-08-16 17:24:06,504 - instabot version: 0.117.0 (api) - DEBUG - GET to endpoint: users/48755064986/info/ returned response: <Response [200]>
2021-08-16 17:24:07,701 - instabot version: 0.117.0 (api) - DEBUG - GET to endpoint: users/45617166963/info/ returned response: <Response [200]>
2021-08-16 17:24:08,290 - instabot version: 0.117.0 (api) - DEBUG - GET to endpoint: users/11357777/info/ returned response: <Response [200]>
2021-08-16 17:24:09,066 - instabot version: 0.117.0 (api) - DEBUG - GET to endpoint: users/3024186443/info/ returned response: <Response [200]>
2021-08-16 17:24:09,638 - instabot version: 0.117.0 (api) - DEBUG - GET to endpoint: users/46106228628/info/ returned response: <Response [200]>
2021-08-16 17:24:10,258 - instabot version: 0.117.0 (api) - DEBUG - GET to endpoint: users/6375651378/info/ returned response: <Response [200]>
2021-08-16 17:24:10,940 - instabot version: 0.117.0 (api) - DEBUG - GET to endpoint: users/509118389/info/ returned response: <Response [200]>
2021-08-16 17:24:11,623 - instabot version: 0.117.0 (api) - DEBUG - GET to endpoint: users/25962449018/info/ returned response: <Response [200]>
2021-08-16 17:24:12,180 - instabot version: 0.117.0 (api) - DEBUG - GET to endpoint: users/2296923821/info/ returned response: <Response [200]>
2021-08-16 17:24:12,951 - instabot version: 0.117.0 (api) - DEBUG - GET to endpoint: users/189535582/info/ returned response: <Response [200]>
2021-08-16 17:24:13,661 - instabot version: 0.117.0 (api) - DEBUG - GET to endpoint: users/1829336934/info/ returned response: <Response [200]>
2021-08-16 17:24:14,309 - instabot version: 0.117.0 (api) - DEBUG - GET to endpoint: users/2175296176/info/ returned response: <Response [200]>
2021-08-16 17:24:15,040 - instabot version: 0.117.0 (api) - DEBUG - GET to endpoint: users/3578500175/info/ returned response: <Response [200]>
2021-08-16 17:24:15,877 - instabot version: 0.117.0 (api) - DEBUG - GET to endpoint: users/5835427957/info/ returned response: <Response [200]>
2021-08-16 17:24:17,035 - instabot version: 0.117.0 (api) - DEBUG - GET to endpoint: users/32667951391/info/ returned response: <Response [200]>
2021-08-16 17:24:17,808 - instabot version: 0.117.0 (api) - DEBUG - GET to endpoint: users/1659452274/info/ returned response: <Response [200]>
2021-08-16 17:24:18,707 - instabot version: 0.117.0 (api) - DEBUG - GET to endpoint: users/2352322066/info/ returned response: <Response [200]>
2021-08-16 17:24:19,261 - instabot version: 0.117.0 (api) - DEBUG - GET to endpoint: users/29334940860/info/ returned response: <Response [200]>
2021-08-16 17:24:19,932 - instabot version: 0.117.0 (api) - DEBUG - GET to endpoint: users/2342805980/info/ returned response: <Response [200]>
2021-08-16 17:24:20,534 - instabot version: 0.117.0 (api) - DEBUG - GET to endpoint: users/35195297899/info/ returned response: <Response [200]>
2021-08-16 17:24:21,226 - instabot version: 0.117.0 (api) - DEBUG - GET to endpoint: users/320406330/info/ returned response: <Response [200]>
2021-08-16 17:24:21,899 - instabot version: 0.117.0 (api) - DEBUG - GET to endpoint: users/706430563/info/ returned response: <Response [200]>
2021-08-16 17:24:22,600 - instabot version: 0.117.0 (api) - DEBUG - GET to endpoint: users/5606766852/info/ returned response: <Response [200]>
2021-08-16 17:24:23,239 - instabot version: 0.117.0 (api) - DEBUG - GET to endpoint: users/12179943698/info/ returned response: <Response [200]>
2021-08-16 17:24:23,881 - instabot version: 0.117.0 (api) - DEBUG - GET to endpoint: users/49225809076/info/ returned response: <Response [200]>
2021-08-16 17:24:24,541 - instabot version: 0.117.0 (api) - DEBUG - GET to endpoint: users/3467675343/info/ returned response: <Response [200]>
2021-08-16 17:24:25,106 - instabot version: 0.117.0 (api) - DEBUG - GET to endpoint: users/15650064048/info/ returned response: <Response [200]>
2021-08-16 17:24:25,751 - instabot version: 0.117.0 (api) - DEBUG - GET to endpoint: users/32666751856/info/ returned response: <Response [200]>
2021-08-16 17:24:26,382 - instabot version: 0.117.0 (api) - DEBUG - GET to endpoint: users/632553467/info/ returned response: <Response [200]>
2021-08-16 17:24:26,987 - instabot version: 0.117.0 (api) - DEBUG - GET to endpoint: users/6081844713/info/ returned response: <Response [200]>
2021-08-16 17:24:27,593 - instabot version: 0.117.0 (api) - DEBUG - GET to endpoint: users/47903003782/info/ returned response: <Response [200]>
2021-08-16 17:24:28,044 - instabot version: 0.117.0 (api) - DEBUG - GET to endpoint: users/47433883245/info/ returned response: <Response [200]>
2021-08-16 17:24:28,641 - instabot version: 0.117.0 (api) - DEBUG - GET to endpoint: users/31387265929/info/ returned response: <Response [200]>
2021-08-16 17:24:29,370 - instabot version: 0.117.0 (api) - DEBUG - GET to endpoint: users/39121614237/info/ returned response: <Response [200]>
2021-08-16 17:24:29,954 - instabot version: 0.117.0 (api) - DEBUG - GET to endpoint: users/2876452933/info/ returned response: <Response [200]>
2021-08-16 17:24:30,641 - instabot version: 0.117.0 (api) - DEBUG - GET to endpoint: users/3857372492/info/ returned response: <Response [200]>
2021-08-16 17:24:31,267 - instabot version: 0.117.0 (api) - DEBUG - GET to endpoint: users/46888088396/info/ returned response: <Response [200]>
2021-08-16 17:24:31,844 - instabot version: 0.117.0 (api) - DEBUG - GET to endpoint: users/1339119860/info/ returned response: <Response [200]>
2021-08-16 17:24:32,812 - instabot version: 0.117.0 (api) - DEBUG - GET to endpoint: users/394801494/info/ returned response: <Response [200]>
2021-08-16 17:24:33,494 - instabot version: 0.117.0 (api) - DEBUG - GET to endpoint: users/22637201884/info/ returned response: <Response [200]>
2021-08-16 17:24:39,963 - instabot version: 0.117.0 (api) - DEBUG - GET to endpoint: users/9138088241/info/ returned response: <Response [200]>
2021-08-16 17:24:40,530 - instabot version: 0.117.0 (api) - DEBUG - GET to endpoint: users/8233201836/info/ returned response: <Response [200]>
2021-08-16 17:24:41,366 - instabot version: 0.117.0 (api) - DEBUG - GET to endpoint: users/3283302185/info/ returned response: <Response [200]>
2021-08-16 17:24:42,145 - instabot version: 0.117.0 (api) - DEBUG - GET to endpoint: users/13621871432/info/ returned response: <Response [200]>
2021-08-16 17:24:42,265 - instabot version: 0.117.0 (bot_checkpoint) - DEBUG - Saving Checkpoint file to: D:\searchdisaner/config/todoctordoom.checkpoint
2021-08-16 17:24:42,265 - instabot version: 0.117.0 (bot) - INFO - Total requests: 711
2021-08-16 17:24:42,266 - instabot version: 0.117.0 (bot_checkpoint) - DEBUG - Saving Checkpoint file to: D:\searchdisaner/config/todoctordoom.checkpoint
2021-08-16 17:24:42,266 - instabot version: 0.117.0 (bot) - INFO - Total requests: 709
