2021-08-17 12:29:09,746 - instabot version: 0.117.0 (bot) - INFO - Instabot version: 0.117.0 Started
2021-08-17 12:29:09,746 - instabot version: 0.117.0 (bot) - DEBUG - Bot imported from D:\searchdisaner\venv\lib\site-packages\instabot\bot\bot.py
2021-08-17 12:29:09,747 - instabot version: 0.117.0 (api_login) - DEBUG - Loading uuids
2021-08-17 12:29:09,747 - instabot version: 0.117.0 (api_login) - INFO - Recovery from D:\searchdisaner/config/todoctordoom_uuid_and_cookie.json: COOKIE False - UUIDs True - TIMING, DEVICE and ...
- user-agent=Instagram 117.0.0.28.123 Android (28/9.0; 420dpi; 1080x1920; OnePlus; ONEPLUS A3003; OnePlus3; qcom; en_US; 180322800)
- phone_id=fececc37-13fb-4ca7-b4c1-842926ac61f0
- uuid=d8c038f7-d60d-4ffc-ae20-1b8f9d340f0b
- client_session_id=74517733-9e97-4ac6-9bd3-6396afa278ed
- device_id=android-638845ae1420b535
2021-08-17 12:29:09,749 - instabot version: 0.117.0 (api_login) - INFO - Not yet logged in starting: PRE-LOGIN FLOW!
2021-08-17 12:29:10,064 - instabot version: 0.117.0 (api) - DEBUG - POST to endpoint: accounts/get_prefill_candidates/ returned response: <Response [200]>
2021-08-17 12:29:10,396 - instabot version: 0.117.0 (api) - DEBUG - POST to endpoint: qe/sync/ returned response: <Response [200]>
2021-08-17 12:29:10,717 - instabot version: 0.117.0 (api) - DEBUG - POST to endpoint: launcher/sync/ returned response: <Response [200]>
2021-08-17 12:29:11,073 - instabot version: 0.117.0 (api) - DEBUG - POST to endpoint: accounts/contact_point_prefill/ returned response: <Response [200]>
2021-08-17 12:29:12,596 - instabot version: 0.117.0 (api) - DEBUG - POST to endpoint: accounts/login/ returned response: <Response [200]>
2021-08-17 12:29:12,597 - instabot version: 0.117.0 (api) - INFO - Logged-in successfully as 'todoctordoom'!
2021-08-17 12:29:12,597 - instabot version: 0.117.0 (api_login) - INFO - LOGIN FLOW! Just logged-in: True
2021-08-17 12:29:12,960 - instabot version: 0.117.0 (api) - DEBUG - POST to endpoint: qe/sync/ returned response: <Response [200]>
2021-08-17 12:29:13,277 - instabot version: 0.117.0 (api) - DEBUG - POST to endpoint: launcher/sync/ returned response: <Response [200]>
2021-08-17 12:29:13,585 - instabot version: 0.117.0 (api) - DEBUG - GET to endpoint: zr/token/result/?device_id=android-638845ae1420b535&token_hash=&custom_device_id=android-638845ae1420b535&fetch_reason=token_expired returned response: <Response [200]>
2021-08-17 12:29:13,888 - instabot version: 0.117.0 (api) - DEBUG - GET to endpoint: multiple_accounts/get_account_family/ returned response: <Response [200]>
2021-08-17 12:29:14,203 - instabot version: 0.117.0 (api) - DEBUG - POST to endpoint: qe/sync/ returned response: <Response [200]>
2021-08-17 12:29:14,903 - instabot version: 0.117.0 (api) - DEBUG - GET to endpoint: igtv/browse_feed/?prefetch=1 returned response: <Response [200]>
2021-08-17 12:29:15,209 - instabot version: 0.117.0 (api) - DEBUG - POST to endpoint: creatives/ar_class/ returned response: <Response [200]>
2021-08-17 12:29:15,788 - instabot version: 0.117.0 (api) - DEBUG - POST to endpoint: feed/reels_tray/ returned response: <Response [200]>
2021-08-17 12:29:17,242 - instabot version: 0.117.0 (api) - DEBUG - POST to endpoint: feed/timeline/ returned response: <Response [200]>
2021-08-17 12:29:17,613 - instabot version: 0.117.0 (api) - DEBUG - GET to endpoint: media/blocked/ returned response: <Response [200]>
2021-08-17 12:29:18,467 - instabot version: 0.117.0 (api) - DEBUG - GET to endpoint: news/inbox/ returned response: <Response [200]>
2021-08-17 12:29:18,788 - instabot version: 0.117.0 (api) - DEBUG - GET to endpoint: loom/fetch_config/ returned response: <Response [200]>
2021-08-17 12:29:19,531 - instabot version: 0.117.0 (api) - DEBUG - GET to endpoint: scores/bootstrap/users/?surfaces=["autocomplete_user_list","coefficient_besties_list_ranking","coefficient_rank_recipient_user_suggestion","coefficient_ios_section_test_bootstrap_ranking","coefficient_direct_recipients_ranking_variant_2"] returned response: <Response [200]>
2021-08-17 12:29:19,868 - instabot version: 0.117.0 (api) - DEBUG - GET to endpoint: business/eligibility/get_monetization_products_eligibility_data/?product_types=branded_content returned response: <Response [200]>
2021-08-17 12:29:20,182 - instabot version: 0.117.0 (api) - DEBUG - GET to endpoint: business/branded_content/should_require_professional_account/ returned response: <Response [200]>
2021-08-17 12:29:21,290 - instabot version: 0.117.0 (api) - DEBUG - GET to endpoint: linked_accounts/get_linkage_status/ returned response: <Response [200]>
2021-08-17 12:29:21,611 - instabot version: 0.117.0 (api) - DEBUG - GET to endpoint: locations/request_country/ returned response: <Response [200]>
2021-08-17 12:29:21,918 - instabot version: 0.117.0 (api) - DEBUG - GET to endpoint: qp/get_cooldowns/?signed_body=signed_body=4b9c516a5410a3bc128e09c6104a7f042146b9c2023870560c63a43a7f66781c.4&ig_sig_key_version=4&ig_sig_key_version=4 returned response: <Response [200]>
2021-08-17 12:29:22,244 - instabot version: 0.117.0 (api) - DEBUG - GET to endpoint: users/arlink_download_info/?version_override=2.2.1 returned response: <Response [200]>
2021-08-17 12:29:23,382 - instabot version: 0.117.0 (api) - DEBUG - GET to endpoint: users/46258652727/info/ returned response: <Response [200]>
2021-08-17 12:29:23,709 - instabot version: 0.117.0 (api) - DEBUG - GET to endpoint: direct_v2/get_presence/ returned response: <Response [200]>
2021-08-17 12:29:24,087 - instabot version: 0.117.0 (api) - DEBUG - GET to endpoint: direct_v2/inbox/?visual_message_return_type=unseen&thread_message_limit=10&persistentBadging=true&limit=20 returned response: <Response [200]>
2021-08-17 12:29:24,431 - instabot version: 0.117.0 (api) - DEBUG - GET to endpoint: direct_v2/inbox/?visual_message_return_type=unseen&persistentBadging=true&limit=0 returned response: <Response [200]>
2021-08-17 12:29:26,112 - instabot version: 0.117.0 (api) - DEBUG - GET to endpoint: discover/topical_explore/?is_prefetch=true&omit_cover_media=true&use_sectional_payload=true&timezone_offset=0&session_id=74517733-9e97-4ac6-9bd3-6396afa278ed&include_fixed_destinations=true returned response: <Response [200]>
2021-08-17 12:29:26,438 - instabot version: 0.117.0 (api) - DEBUG - POST to endpoint: notifications/badge/ returned response: <Response [200]>
2021-08-17 12:29:26,965 - instabot version: 0.117.0 (api) - DEBUG - POST to endpoint: qp/batch_fetch/ returned response: <Response [200]>
2021-08-17 12:29:26,966 - instabot version: 0.117.0 (bot_checkpoint) - DEBUG - Loading Checkpoint file from: D:\searchdisaner/config/todoctordoom.checkpoint
2021-08-17 12:29:33,068 - instabot version: 0.117.0 (api) - DEBUG - GET to endpoint: feed/tag/дизайн/?max_id=&rank_token=46258652727_d8c038f7-d60d-4ffc-ae20-1b8f9d340f0b&ranked_content=true& returned response: <Response [200]>
2021-08-17 12:29:34,029 - instabot version: 0.117.0 (api) - DEBUG - GET to endpoint: users/3145734637/info/ returned response: <Response [200]>
2021-08-17 12:29:34,700 - instabot version: 0.117.0 (api) - DEBUG - GET to endpoint: users/9269485864/info/ returned response: <Response [200]>
2021-08-17 12:29:35,276 - instabot version: 0.117.0 (api) - DEBUG - GET to endpoint: users/24043671038/info/ returned response: <Response [200]>
2021-08-17 12:29:35,961 - instabot version: 0.117.0 (api) - DEBUG - GET to endpoint: users/44330213356/info/ returned response: <Response [200]>
2021-08-17 12:29:36,780 - instabot version: 0.117.0 (api) - DEBUG - GET to endpoint: users/16104022665/info/ returned response: <Response [200]>
2021-08-17 12:29:37,353 - instabot version: 0.117.0 (api) - DEBUG - GET to endpoint: users/46456871785/info/ returned response: <Response [200]>
2021-08-17 12:29:38,164 - instabot version: 0.117.0 (api) - DEBUG - GET to endpoint: users/4533972263/info/ returned response: <Response [200]>
2021-08-17 12:29:38,750 - instabot version: 0.117.0 (api) - DEBUG - GET to endpoint: users/6208159730/info/ returned response: <Response [200]>
2021-08-17 12:29:40,317 - instabot version: 0.117.0 (api) - DEBUG - GET to endpoint: users/2011727773/info/ returned response: <Response [200]>
2021-08-17 12:29:41,002 - instabot version: 0.117.0 (api) - DEBUG - GET to endpoint: users/43892173061/info/ returned response: <Response [200]>
2021-08-17 12:29:41,588 - instabot version: 0.117.0 (api) - DEBUG - GET to endpoint: users/48086100085/info/ returned response: <Response [200]>
2021-08-17 12:29:42,264 - instabot version: 0.117.0 (api) - DEBUG - GET to endpoint: users/27379657803/info/ returned response: <Response [200]>
2021-08-17 12:29:42,896 - instabot version: 0.117.0 (api) - DEBUG - GET to endpoint: users/40416426947/info/ returned response: <Response [200]>
2021-08-17 12:29:43,663 - instabot version: 0.117.0 (api) - DEBUG - GET to endpoint: users/44896576706/info/ returned response: <Response [200]>
2021-08-17 12:29:44,392 - instabot version: 0.117.0 (api) - DEBUG - GET to endpoint: users/254509957/info/ returned response: <Response [200]>
2021-08-17 12:29:45,696 - instabot version: 0.117.0 (api) - DEBUG - GET to endpoint: users/8492071942/info/ returned response: <Response [200]>
2021-08-17 12:29:46,874 - instabot version: 0.117.0 (api) - DEBUG - GET to endpoint: users/6925661459/info/ returned response: <Response [200]>
2021-08-17 12:29:47,484 - instabot version: 0.117.0 (api) - DEBUG - GET to endpoint: users/40695971191/info/ returned response: <Response [200]>
2021-08-17 12:29:48,455 - instabot version: 0.117.0 (api) - DEBUG - GET to endpoint: users/9150531972/info/ returned response: <Response [200]>
2021-08-17 12:29:49,122 - instabot version: 0.117.0 (api) - DEBUG - GET to endpoint: users/48600854266/info/ returned response: <Response [200]>
2021-08-17 12:29:49,788 - instabot version: 0.117.0 (api) - DEBUG - GET to endpoint: users/7435957737/info/ returned response: <Response [200]>
2021-08-17 12:29:50,734 - instabot version: 0.117.0 (api) - DEBUG - GET to endpoint: users/6887274183/info/ returned response: <Response [200]>
2021-08-17 12:29:51,303 - instabot version: 0.117.0 (api) - DEBUG - GET to endpoint: users/27122930165/info/ returned response: <Response [200]>
2021-08-17 12:29:51,910 - instabot version: 0.117.0 (api) - DEBUG - GET to endpoint: users/8245503044/info/ returned response: <Response [200]>
2021-08-17 12:29:52,478 - instabot version: 0.117.0 (api) - DEBUG - GET to endpoint: users/2158055551/info/ returned response: <Response [200]>
2021-08-17 12:29:53,067 - instabot version: 0.117.0 (api) - DEBUG - GET to endpoint: users/47817827722/info/ returned response: <Response [200]>
2021-08-17 12:29:53,931 - instabot version: 0.117.0 (api) - DEBUG - GET to endpoint: users/8216082235/info/ returned response: <Response [200]>
2021-08-17 12:29:54,419 - instabot version: 0.117.0 (api) - DEBUG - GET to endpoint: users/45014822558/info/ returned response: <Response [200]>
2021-08-17 12:29:55,031 - instabot version: 0.117.0 (api) - DEBUG - GET to endpoint: users/11116817506/info/ returned response: <Response [200]>
2021-08-17 12:29:55,848 - instabot version: 0.117.0 (api) - DEBUG - GET to endpoint: users/48130292322/info/ returned response: <Response [200]>
2021-08-17 12:29:56,511 - instabot version: 0.117.0 (api) - DEBUG - GET to endpoint: users/1675880555/info/ returned response: <Response [200]>
2021-08-17 12:29:56,908 - instabot version: 0.117.0 (api) - DEBUG - GET to endpoint: users/48352741390/info/ returned response: <Response [200]>
2021-08-17 12:29:57,605 - instabot version: 0.117.0 (api) - DEBUG - GET to endpoint: users/45470108376/info/ returned response: <Response [200]>
2021-08-17 12:29:58,302 - instabot version: 0.117.0 (api) - DEBUG - GET to endpoint: users/1383931340/info/ returned response: <Response [200]>
2021-08-17 12:29:59,238 - instabot version: 0.117.0 (api) - DEBUG - GET to endpoint: users/7444223134/info/ returned response: <Response [200]>
2021-08-17 12:30:00,126 - instabot version: 0.117.0 (api) - DEBUG - GET to endpoint: users/47302066489/info/ returned response: <Response [200]>
2021-08-17 12:30:01,611 - instabot version: 0.117.0 (api) - DEBUG - GET to endpoint: users/611736216/info/ returned response: <Response [200]>
2021-08-17 12:30:02,415 - instabot version: 0.117.0 (api) - DEBUG - GET to endpoint: users/46052520713/info/ returned response: <Response [200]>
2021-08-17 12:30:02,980 - instabot version: 0.117.0 (api) - DEBUG - GET to endpoint: users/35417961747/info/ returned response: <Response [200]>
2021-08-17 12:30:03,605 - instabot version: 0.117.0 (api) - DEBUG - GET to endpoint: users/1493457837/info/ returned response: <Response [200]>
2021-08-17 12:30:04,216 - instabot version: 0.117.0 (api) - DEBUG - GET to endpoint: users/2519888952/info/ returned response: <Response [200]>
2021-08-17 12:30:04,707 - instabot version: 0.117.0 (api) - DEBUG - GET to endpoint: users/8587973038/info/ returned response: <Response [200]>
2021-08-17 12:30:05,399 - instabot version: 0.117.0 (api) - DEBUG - GET to endpoint: users/978481575/info/ returned response: <Response [200]>
2021-08-17 12:30:06,008 - instabot version: 0.117.0 (api) - DEBUG - GET to endpoint: users/20504978746/info/ returned response: <Response [200]>
2021-08-17 12:30:06,600 - instabot version: 0.117.0 (api) - DEBUG - GET to endpoint: users/270841358/info/ returned response: <Response [200]>
2021-08-17 12:30:07,329 - instabot version: 0.117.0 (api) - DEBUG - GET to endpoint: users/456575122/info/ returned response: <Response [200]>
2021-08-17 12:30:08,726 - instabot version: 0.117.0 (api) - DEBUG - GET to endpoint: users/38980299035/info/ returned response: <Response [200]>
2021-08-17 12:30:09,348 - instabot version: 0.117.0 (api) - DEBUG - GET to endpoint: users/42687234442/info/ returned response: <Response [200]>
2021-08-17 12:30:09,983 - instabot version: 0.117.0 (api) - DEBUG - GET to endpoint: users/6904620554/info/ returned response: <Response [200]>
2021-08-17 12:30:10,582 - instabot version: 0.117.0 (api) - DEBUG - GET to endpoint: users/45851000218/info/ returned response: <Response [200]>
2021-08-17 12:30:11,246 - instabot version: 0.117.0 (api) - DEBUG - GET to endpoint: users/2119255543/info/ returned response: <Response [200]>
2021-08-17 12:30:11,944 - instabot version: 0.117.0 (api) - DEBUG - GET to endpoint: users/22696273255/info/ returned response: <Response [200]>
2021-08-17 12:30:12,572 - instabot version: 0.117.0 (api) - DEBUG - GET to endpoint: users/7605246247/info/ returned response: <Response [200]>
2021-08-17 12:30:18,508 - instabot version: 0.117.0 (api) - DEBUG - GET to endpoint: feed/tag/дизайнер/?max_id=&rank_token=46258652727_d8c038f7-d60d-4ffc-ae20-1b8f9d340f0b&ranked_content=true& returned response: <Response [200]>
2021-08-17 12:30:19,257 - instabot version: 0.117.0 (api) - DEBUG - GET to endpoint: users/26005465852/info/ returned response: <Response [200]>
2021-08-17 12:30:19,998 - instabot version: 0.117.0 (api) - DEBUG - GET to endpoint: users/6313304130/info/ returned response: <Response [200]>
2021-08-17 12:30:20,546 - instabot version: 0.117.0 (api) - DEBUG - GET to endpoint: users/1512646094/info/ returned response: <Response [200]>
2021-08-17 12:30:21,112 - instabot version: 0.117.0 (api) - DEBUG - GET to endpoint: users/31541886276/info/ returned response: <Response [200]>
2021-08-17 12:30:21,887 - instabot version: 0.117.0 (api) - DEBUG - GET to endpoint: users/11612407102/info/ returned response: <Response [200]>
2021-08-17 12:30:22,470 - instabot version: 0.117.0 (api) - DEBUG - GET to endpoint: users/3413030041/info/ returned response: <Response [200]>
2021-08-17 12:30:22,918 - instabot version: 0.117.0 (api) - DEBUG - GET to endpoint: users/48082975761/info/ returned response: <Response [200]>
2021-08-17 12:30:23,655 - instabot version: 0.117.0 (api) - DEBUG - GET to endpoint: users/8540971857/info/ returned response: <Response [200]>
2021-08-17 12:30:24,275 - instabot version: 0.117.0 (api) - DEBUG - GET to endpoint: users/8135328222/info/ returned response: <Response [200]>
2021-08-17 12:30:25,258 - instabot version: 0.117.0 (api) - DEBUG - GET to endpoint: users/4455639661/info/ returned response: <Response [200]>
2021-08-17 12:30:25,978 - instabot version: 0.117.0 (api) - DEBUG - GET to endpoint: users/3408674673/info/ returned response: <Response [200]>
2021-08-17 12:30:26,570 - instabot version: 0.117.0 (api) - DEBUG - GET to endpoint: users/2065827270/info/ returned response: <Response [200]>
2021-08-17 12:30:27,060 - instabot version: 0.117.0 (api) - DEBUG - GET to endpoint: users/4060495066/info/ returned response: <Response [200]>
2021-08-17 12:30:27,708 - instabot version: 0.117.0 (api) - DEBUG - GET to endpoint: users/31208098803/info/ returned response: <Response [200]>
2021-08-17 12:30:28,452 - instabot version: 0.117.0 (api) - DEBUG - GET to endpoint: users/4739519148/info/ returned response: <Response [200]>
2021-08-17 12:30:28,933 - instabot version: 0.117.0 (api) - DEBUG - GET to endpoint: users/49228353919/info/ returned response: <Response [200]>
2021-08-17 12:30:29,706 - instabot version: 0.117.0 (api) - DEBUG - GET to endpoint: users/3118082841/info/ returned response: <Response [200]>
2021-08-17 12:30:30,304 - instabot version: 0.117.0 (api) - DEBUG - GET to endpoint: users/3172537231/info/ returned response: <Response [200]>
2021-08-17 12:30:30,859 - instabot version: 0.117.0 (api) - DEBUG - GET to endpoint: users/44323198475/info/ returned response: <Response [200]>
2021-08-17 12:30:31,469 - instabot version: 0.117.0 (api) - DEBUG - GET to endpoint: users/45650539098/info/ returned response: <Response [200]>
2021-08-17 12:30:32,038 - instabot version: 0.117.0 (api) - DEBUG - GET to endpoint: users/4283212728/info/ returned response: <Response [200]>
2021-08-17 12:30:32,669 - instabot version: 0.117.0 (api) - DEBUG - GET to endpoint: users/13261639358/info/ returned response: <Response [200]>
2021-08-17 12:30:33,530 - instabot version: 0.117.0 (api) - DEBUG - GET to endpoint: users/8488503699/info/ returned response: <Response [200]>
2021-08-17 12:30:34,064 - instabot version: 0.117.0 (api) - DEBUG - GET to endpoint: users/6826049428/info/ returned response: <Response [200]>
2021-08-17 12:30:34,775 - instabot version: 0.117.0 (api) - DEBUG - GET to endpoint: users/2028112273/info/ returned response: <Response [200]>
2021-08-17 12:30:35,307 - instabot version: 0.117.0 (api) - DEBUG - GET to endpoint: users/38891503451/info/ returned response: <Response [200]>
2021-08-17 12:30:35,996 - instabot version: 0.117.0 (api) - DEBUG - GET to endpoint: users/2048638931/info/ returned response: <Response [200]>
2021-08-17 12:30:36,565 - instabot version: 0.117.0 (api) - DEBUG - GET to endpoint: users/8540969971/info/ returned response: <Response [200]>
2021-08-17 12:30:37,112 - instabot version: 0.117.0 (api) - DEBUG - GET to endpoint: users/15645579689/info/ returned response: <Response [200]>
2021-08-17 12:30:37,755 - instabot version: 0.117.0 (api) - DEBUG - GET to endpoint: users/16660756343/info/ returned response: <Response [200]>
2021-08-17 12:30:38,315 - instabot version: 0.117.0 (api) - DEBUG - GET to endpoint: users/1976412338/info/ returned response: <Response [200]>
2021-08-17 12:30:38,695 - instabot version: 0.117.0 (api) - DEBUG - GET to endpoint: users/46498137470/info/ returned response: <Response [200]>
2021-08-17 12:30:39,229 - instabot version: 0.117.0 (api) - DEBUG - GET to endpoint: users/45326304246/info/ returned response: <Response [200]>
2021-08-17 12:30:39,785 - instabot version: 0.117.0 (api) - DEBUG - GET to endpoint: users/4813009941/info/ returned response: <Response [200]>
2021-08-17 12:30:40,569 - instabot version: 0.117.0 (api) - DEBUG - GET to endpoint: users/2084150733/info/ returned response: <Response [200]>
2021-08-17 12:30:41,167 - instabot version: 0.117.0 (api) - DEBUG - GET to endpoint: users/7293536393/info/ returned response: <Response [200]>
2021-08-17 12:30:41,715 - instabot version: 0.117.0 (api) - DEBUG - GET to endpoint: users/3408708479/info/ returned response: <Response [200]>
2021-08-17 12:30:42,124 - instabot version: 0.117.0 (api) - DEBUG - GET to endpoint: users/49245610168/info/ returned response: <Response [200]>
2021-08-17 12:30:42,608 - instabot version: 0.117.0 (api) - DEBUG - GET to endpoint: users/10657989031/info/ returned response: <Response [200]>
2021-08-17 12:30:43,180 - instabot version: 0.117.0 (api) - DEBUG - GET to endpoint: users/5558350141/info/ returned response: <Response [200]>
2021-08-17 12:30:43,742 - instabot version: 0.117.0 (api) - DEBUG - GET to endpoint: users/45676354478/info/ returned response: <Response [200]>
2021-08-17 12:30:44,349 - instabot version: 0.117.0 (api) - DEBUG - GET to endpoint: users/4175088532/info/ returned response: <Response [200]>
2021-08-17 12:30:44,848 - instabot version: 0.117.0 (api) - DEBUG - GET to endpoint: users/43683080038/info/ returned response: <Response [200]>
2021-08-17 12:30:45,263 - instabot version: 0.117.0 (api) - DEBUG - GET to endpoint: users/34673324481/info/ returned response: <Response [200]>
2021-08-17 12:30:45,776 - instabot version: 0.117.0 (api) - DEBUG - GET to endpoint: users/47195347339/info/ returned response: <Response [200]>
2021-08-17 12:30:46,560 - instabot version: 0.117.0 (api) - DEBUG - GET to endpoint: users/14272646343/info/ returned response: <Response [200]>
2021-08-17 12:30:47,246 - instabot version: 0.117.0 (api) - DEBUG - GET to endpoint: users/48670312132/info/ returned response: <Response [200]>
2021-08-17 12:30:47,907 - instabot version: 0.117.0 (api) - DEBUG - GET to endpoint: users/498284159/info/ returned response: <Response [200]>
2021-08-17 12:30:48,675 - instabot version: 0.117.0 (api) - DEBUG - GET to endpoint: users/4227664319/info/ returned response: <Response [200]>
2021-08-17 12:30:49,252 - instabot version: 0.117.0 (api) - DEBUG - GET to endpoint: users/6993957387/info/ returned response: <Response [200]>
2021-08-17 12:30:49,959 - instabot version: 0.117.0 (api) - DEBUG - GET to endpoint: users/41227841856/info/ returned response: <Response [200]>
2021-08-17 12:30:50,475 - instabot version: 0.117.0 (api) - DEBUG - GET to endpoint: users/8063202575/info/ returned response: <Response [200]>
2021-08-17 12:30:50,988 - instabot version: 0.117.0 (api) - DEBUG - GET to endpoint: users/2109119767/info/ returned response: <Response [200]>
2021-08-17 12:30:51,643 - instabot version: 0.117.0 (api) - DEBUG - GET to endpoint: users/39884820526/info/ returned response: <Response [200]>
2021-08-17 12:30:52,351 - instabot version: 0.117.0 (api) - DEBUG - GET to endpoint: users/48658081659/info/ returned response: <Response [200]>
2021-08-17 12:30:52,820 - instabot version: 0.117.0 (api) - DEBUG - GET to endpoint: users/48993526580/info/ returned response: <Response [200]>
2021-08-17 12:30:53,475 - instabot version: 0.117.0 (api) - DEBUG - GET to endpoint: users/3230251787/info/ returned response: <Response [200]>
2021-08-17 12:30:54,145 - instabot version: 0.117.0 (api) - DEBUG - GET to endpoint: users/3510302523/info/ returned response: <Response [200]>
2021-08-17 12:30:54,732 - instabot version: 0.117.0 (api) - DEBUG - GET to endpoint: users/8269341611/info/ returned response: <Response [200]>
2021-08-17 12:30:55,319 - instabot version: 0.117.0 (api) - DEBUG - GET to endpoint: users/2213713499/info/ returned response: <Response [200]>
2021-08-17 12:30:56,046 - instabot version: 0.117.0 (api) - DEBUG - GET to endpoint: users/14989271366/info/ returned response: <Response [200]>
2021-08-17 12:30:56,721 - instabot version: 0.117.0 (api) - DEBUG - GET to endpoint: users/5469078730/info/ returned response: <Response [200]>
2021-08-17 12:30:57,304 - instabot version: 0.117.0 (api) - DEBUG - GET to endpoint: users/47480321690/info/ returned response: <Response [200]>
2021-08-17 12:30:57,950 - instabot version: 0.117.0 (api) - DEBUG - GET to endpoint: users/34156362160/info/ returned response: <Response [200]>
2021-08-17 12:30:58,459 - instabot version: 0.117.0 (api) - DEBUG - GET to endpoint: users/47678384078/info/ returned response: <Response [200]>
2021-08-17 12:30:59,133 - instabot version: 0.117.0 (api) - DEBUG - GET to endpoint: users/47434463817/info/ returned response: <Response [200]>
2021-08-17 12:30:59,698 - instabot version: 0.117.0 (api) - DEBUG - GET to endpoint: users/1582711319/info/ returned response: <Response [200]>
2021-08-17 12:31:00,390 - instabot version: 0.117.0 (api) - DEBUG - GET to endpoint: users/5621130759/info/ returned response: <Response [200]>
2021-08-17 12:31:01,028 - instabot version: 0.117.0 (api) - DEBUG - GET to endpoint: users/48278916646/info/ returned response: <Response [200]>
2021-08-17 12:31:01,586 - instabot version: 0.117.0 (api) - DEBUG - GET to endpoint: users/29831180332/info/ returned response: <Response [200]>
2021-08-17 13:11:12,014 - instabot version: 0.117.0 (bot_checkpoint) - DEBUG - Saving Checkpoint file to: D:\searchdisaner/config/todoctordoom.checkpoint
2021-08-17 13:11:12,015 - instabot version: 0.117.0 (bot) - INFO - Total requests: 834
