2021-10-15 14:42:54,050 - instabot version: 0.117.0 (bot) - INFO - Instabot version: 0.117.0 Started
2021-10-15 14:42:54,050 - instabot version: 0.117.0 (bot) - DEBUG - Bot imported from D:\searchdisaner\venv\lib\site-packages\instabot\bot\bot.py
2021-10-15 14:42:54,051 - instabot version: 0.117.0 (api_login) - DEBUG - Loading uuids
2021-10-15 14:42:54,052 - instabot version: 0.117.0 (api_login) - INFO - Recovery from D:\searchdisaner/config/todoctordoom_uuid_and_cookie.json: COOKIE False - UUIDs True - TIMING, DEVICE and ...
- user-agent=Instagram 117.0.0.28.123 Android (28/9.0; 420dpi; 1080x1920; OnePlus; ONEPLUS A3003; OnePlus3; qcom; en_US; 180322800)
- phone_id=fececc37-13fb-4ca7-b4c1-842926ac61f0
- uuid=d8c038f7-d60d-4ffc-ae20-1b8f9d340f0b
- client_session_id=74517733-9e97-4ac6-9bd3-6396afa278ed
- device_id=android-638845ae1420b535
2021-10-15 14:42:54,054 - instabot version: 0.117.0 (api_login) - INFO - Not yet logged in starting: PRE-LOGIN FLOW!
2021-10-15 14:42:54,342 - instabot version: 0.117.0 (api) - DEBUG - POST to endpoint: accounts/get_prefill_candidates/ returned response: <Response [200]>
2021-10-15 14:42:54,634 - instabot version: 0.117.0 (api) - DEBUG - POST to endpoint: qe/sync/ returned response: <Response [200]>
2021-10-15 14:42:54,923 - instabot version: 0.117.0 (api) - DEBUG - POST to endpoint: launcher/sync/ returned response: <Response [200]>
2021-10-15 14:42:55,188 - instabot version: 0.117.0 (api) - DEBUG - POST to endpoint: accounts/contact_point_prefill/ returned response: <Response [200]>
2021-10-15 14:42:57,934 - instabot version: 0.117.0 (api) - DEBUG - POST to endpoint: accounts/login/ returned response: <Response [200]>
2021-10-15 14:42:57,935 - instabot version: 0.117.0 (api) - INFO - Logged-in successfully as 'todoctordoom'!
2021-10-15 14:42:57,936 - instabot version: 0.117.0 (api_login) - INFO - LOGIN FLOW! Just logged-in: True
2021-10-15 14:42:58,236 - instabot version: 0.117.0 (api) - DEBUG - POST to endpoint: qe/sync/ returned response: <Response [200]>
2021-10-15 14:42:58,541 - instabot version: 0.117.0 (api) - DEBUG - POST to endpoint: launcher/sync/ returned response: <Response [200]>
2021-10-15 14:42:58,822 - instabot version: 0.117.0 (api) - DEBUG - GET to endpoint: zr/token/result/?device_id=android-638845ae1420b535&token_hash=&custom_device_id=android-638845ae1420b535&fetch_reason=token_expired returned response: <Response [200]>
2021-10-15 14:42:59,098 - instabot version: 0.117.0 (api) - DEBUG - GET to endpoint: multiple_accounts/get_account_family/ returned response: <Response [200]>
2021-10-15 14:42:59,398 - instabot version: 0.117.0 (api) - DEBUG - POST to endpoint: qe/sync/ returned response: <Response [200]>
2021-10-15 14:42:59,813 - instabot version: 0.117.0 (api) - DEBUG - GET to endpoint: igtv/browse_feed/?prefetch=1 returned response: <Response [200]>
2021-10-15 14:43:00,127 - instabot version: 0.117.0 (api) - DEBUG - POST to endpoint: creatives/ar_class/ returned response: <Response [200]>
2021-10-15 14:43:00,485 - instabot version: 0.117.0 (api) - DEBUG - POST to endpoint: feed/reels_tray/ returned response: <Response [200]>
2021-10-15 14:43:02,310 - instabot version: 0.117.0 (api) - DEBUG - POST to endpoint: feed/timeline/ returned response: <Response [200]>
2021-10-15 14:43:02,613 - instabot version: 0.117.0 (api) - DEBUG - GET to endpoint: media/blocked/ returned response: <Response [200]>
2021-10-15 14:43:03,625 - instabot version: 0.117.0 (api) - DEBUG - GET to endpoint: news/inbox/ returned response: <Response [200]>
2021-10-15 14:43:03,908 - instabot version: 0.117.0 (api) - DEBUG - GET to endpoint: loom/fetch_config/ returned response: <Response [200]>
2021-10-15 14:43:04,679 - instabot version: 0.117.0 (api) - DEBUG - GET to endpoint: scores/bootstrap/users/?surfaces=["autocomplete_user_list","coefficient_besties_list_ranking","coefficient_rank_recipient_user_suggestion","coefficient_ios_section_test_bootstrap_ranking","coefficient_direct_recipients_ranking_variant_2"] returned response: <Response [200]>
2021-10-15 14:43:04,988 - instabot version: 0.117.0 (api) - DEBUG - GET to endpoint: business/eligibility/get_monetization_products_eligibility_data/?product_types=branded_content returned response: <Response [200]>
2021-10-15 14:43:05,267 - instabot version: 0.117.0 (api) - DEBUG - GET to endpoint: business/branded_content/should_require_professional_account/ returned response: <Response [200]>
2021-10-15 14:43:06,423 - instabot version: 0.117.0 (api) - DEBUG - GET to endpoint: linked_accounts/get_linkage_status/ returned response: <Response [200]>
2021-10-15 14:43:06,708 - instabot version: 0.117.0 (api) - DEBUG - GET to endpoint: locations/request_country/ returned response: <Response [200]>
2021-10-15 14:43:06,989 - instabot version: 0.117.0 (api) - DEBUG - GET to endpoint: qp/get_cooldowns/?signed_body=signed_body=4b9c516a5410a3bc128e09c6104a7f042146b9c2023870560c63a43a7f66781c.4&ig_sig_key_version=4&ig_sig_key_version=4 returned response: <Response [200]>
2021-10-15 14:43:07,293 - instabot version: 0.117.0 (api) - DEBUG - GET to endpoint: users/arlink_download_info/?version_override=2.2.1 returned response: <Response [200]>
2021-10-15 14:43:08,142 - instabot version: 0.117.0 (api) - DEBUG - GET to endpoint: users/46258652727/info/ returned response: <Response [200]>
2021-10-15 14:43:08,586 - instabot version: 0.117.0 (api) - DEBUG - GET to endpoint: direct_v2/get_presence/ returned response: <Response [200]>
2021-10-15 14:43:09,023 - instabot version: 0.117.0 (api) - DEBUG - GET to endpoint: direct_v2/inbox/?visual_message_return_type=unseen&thread_message_limit=10&persistentBadging=true&limit=20 returned response: <Response [200]>
2021-10-15 14:43:09,439 - instabot version: 0.117.0 (api) - DEBUG - GET to endpoint: direct_v2/inbox/?visual_message_return_type=unseen&persistentBadging=true&limit=0 returned response: <Response [200]>
2021-10-15 14:43:10,898 - instabot version: 0.117.0 (api) - DEBUG - GET to endpoint: discover/topical_explore/?is_prefetch=true&omit_cover_media=true&use_sectional_payload=true&timezone_offset=0&session_id=74517733-9e97-4ac6-9bd3-6396afa278ed&include_fixed_destinations=true returned response: <Response [200]>
2021-10-15 14:43:11,288 - instabot version: 0.117.0 (api) - DEBUG - POST to endpoint: notifications/badge/ returned response: <Response [200]>
2021-10-15 14:43:11,695 - instabot version: 0.117.0 (api) - DEBUG - POST to endpoint: qp/batch_fetch/ returned response: <Response [200]>
2021-10-15 14:43:11,697 - instabot version: 0.117.0 (bot_checkpoint) - DEBUG - Loading Checkpoint file from: D:\searchdisaner/config/todoctordoom.checkpoint
2021-10-15 14:43:17,831 - instabot version: 0.117.0 (api) - DEBUG - GET to endpoint: feed/tag/дизайн/?max_id=&rank_token=46258652727_d8c038f7-d60d-4ffc-ae20-1b8f9d340f0b&ranked_content=true& returned response: <Response [200]>
2021-10-15 14:43:18,368 - instabot version: 0.117.0 (api) - DEBUG - GET to endpoint: users/11603110475/info/ returned response: <Response [200]>
2021-10-15 14:43:18,909 - instabot version: 0.117.0 (api) - DEBUG - GET to endpoint: users/1669586405/info/ returned response: <Response [200]>
2021-10-15 14:43:19,329 - instabot version: 0.117.0 (api) - DEBUG - GET to endpoint: users/2787084843/info/ returned response: <Response [200]>
2021-10-15 14:43:19,693 - instabot version: 0.117.0 (api) - DEBUG - GET to endpoint: users/30037996528/info/ returned response: <Response [200]>
2021-10-15 14:43:20,228 - instabot version: 0.117.0 (api) - DEBUG - GET to endpoint: users/1588741233/info/ returned response: <Response [200]>
2021-10-15 14:43:21,108 - instabot version: 0.117.0 (api) - DEBUG - GET to endpoint: users/41551618252/info/ returned response: <Response [200]>
2021-10-15 14:43:21,660 - instabot version: 0.117.0 (api) - DEBUG - GET to endpoint: users/8880630864/info/ returned response: <Response [200]>
2021-10-15 14:43:22,273 - instabot version: 0.117.0 (api) - DEBUG - GET to endpoint: users/32642176807/info/ returned response: <Response [200]>
2021-10-15 14:43:22,749 - instabot version: 0.117.0 (api) - DEBUG - GET to endpoint: users/9552639361/info/ returned response: <Response [200]>
2021-10-15 14:43:23,257 - instabot version: 0.117.0 (api) - DEBUG - GET to endpoint: users/33402511356/info/ returned response: <Response [200]>
2021-10-15 14:43:23,805 - instabot version: 0.117.0 (api) - DEBUG - GET to endpoint: users/4315412548/info/ returned response: <Response [200]>
2021-10-15 14:43:24,387 - instabot version: 0.117.0 (api) - DEBUG - GET to endpoint: users/2953485735/info/ returned response: <Response [200]>
2021-10-15 14:43:25,003 - instabot version: 0.117.0 (api) - DEBUG - GET to endpoint: users/10801393217/info/ returned response: <Response [200]>
2021-10-15 14:43:25,553 - instabot version: 0.117.0 (api) - DEBUG - GET to endpoint: users/4684895697/info/ returned response: <Response [200]>
2021-10-15 14:43:26,049 - instabot version: 0.117.0 (api) - DEBUG - GET to endpoint: users/47612595127/info/ returned response: <Response [200]>
2021-10-15 14:43:26,662 - instabot version: 0.117.0 (api) - DEBUG - GET to endpoint: users/49976961379/info/ returned response: <Response [200]>
2021-10-15 14:43:27,194 - instabot version: 0.117.0 (api) - DEBUG - GET to endpoint: users/49033264866/info/ returned response: <Response [200]>
2021-10-15 14:43:27,534 - instabot version: 0.117.0 (api) - DEBUG - GET to endpoint: users/24090593211/info/ returned response: <Response [200]>
2021-10-15 14:43:28,202 - instabot version: 0.117.0 (api) - DEBUG - GET to endpoint: users/2166573833/info/ returned response: <Response [200]>
2021-10-15 14:43:28,787 - instabot version: 0.117.0 (api) - DEBUG - GET to endpoint: users/21423278144/info/ returned response: <Response [200]>
2021-10-15 14:43:29,520 - instabot version: 0.117.0 (api) - DEBUG - GET to endpoint: users/392565743/info/ returned response: <Response [200]>
2021-10-15 14:43:30,014 - instabot version: 0.117.0 (api) - DEBUG - GET to endpoint: users/6204933751/info/ returned response: <Response [200]>
2021-10-15 14:43:30,547 - instabot version: 0.117.0 (api) - DEBUG - GET to endpoint: users/47350677216/info/ returned response: <Response [200]>
2021-10-15 14:43:30,970 - instabot version: 0.117.0 (api) - DEBUG - GET to endpoint: users/32236361593/info/ returned response: <Response [200]>
2021-10-15 14:43:31,542 - instabot version: 0.117.0 (api) - DEBUG - GET to endpoint: users/17045665002/info/ returned response: <Response [200]>
2021-10-15 14:43:32,165 - instabot version: 0.117.0 (api) - DEBUG - GET to endpoint: users/4438200583/info/ returned response: <Response [200]>
2021-10-15 14:43:32,608 - instabot version: 0.117.0 (api) - DEBUG - GET to endpoint: users/47381099578/info/ returned response: <Response [200]>
2021-10-15 14:43:33,560 - instabot version: 0.117.0 (api) - DEBUG - GET to endpoint: users/48866954923/info/ returned response: <Response [200]>
2021-10-15 14:43:34,202 - instabot version: 0.117.0 (api) - DEBUG - GET to endpoint: users/2983284056/info/ returned response: <Response [200]>
2021-10-15 14:43:34,727 - instabot version: 0.117.0 (api) - DEBUG - GET to endpoint: users/26454576957/info/ returned response: <Response [200]>
2021-10-15 14:43:35,450 - instabot version: 0.117.0 (api) - DEBUG - GET to endpoint: users/414447963/info/ returned response: <Response [200]>
2021-10-15 14:43:35,935 - instabot version: 0.117.0 (api) - DEBUG - GET to endpoint: users/1361328710/info/ returned response: <Response [200]>
2021-10-15 14:43:36,445 - instabot version: 0.117.0 (api) - DEBUG - GET to endpoint: users/7212995058/info/ returned response: <Response [200]>
2021-10-15 14:43:36,822 - instabot version: 0.117.0 (api) - DEBUG - GET to endpoint: users/22025692820/info/ returned response: <Response [200]>
2021-10-15 14:43:37,174 - instabot version: 0.117.0 (api) - DEBUG - GET to endpoint: users/1520786270/info/ returned response: <Response [200]>
2021-10-15 14:43:37,674 - instabot version: 0.117.0 (api) - DEBUG - GET to endpoint: users/7768445172/info/ returned response: <Response [200]>
2021-10-15 14:43:38,164 - instabot version: 0.117.0 (api) - DEBUG - GET to endpoint: users/1000892780/info/ returned response: <Response [200]>
2021-10-15 14:43:38,680 - instabot version: 0.117.0 (api) - DEBUG - GET to endpoint: users/513125959/info/ returned response: <Response [200]>
2021-10-15 14:43:39,227 - instabot version: 0.117.0 (api) - DEBUG - GET to endpoint: users/6360665879/info/ returned response: <Response [200]>
2021-10-15 14:43:39,704 - instabot version: 0.117.0 (api) - DEBUG - GET to endpoint: users/38565959914/info/ returned response: <Response [200]>
2021-10-15 14:43:40,250 - instabot version: 0.117.0 (api) - DEBUG - GET to endpoint: users/44645160736/info/ returned response: <Response [200]>
2021-10-15 14:43:40,788 - instabot version: 0.117.0 (api) - DEBUG - GET to endpoint: users/2031158439/info/ returned response: <Response [200]>
2021-10-15 14:43:41,302 - instabot version: 0.117.0 (api) - DEBUG - GET to endpoint: users/48025837110/info/ returned response: <Response [200]>
2021-10-15 14:43:41,845 - instabot version: 0.117.0 (api) - DEBUG - GET to endpoint: users/26817559891/info/ returned response: <Response [200]>
2021-10-15 14:43:42,281 - instabot version: 0.117.0 (api) - DEBUG - GET to endpoint: users/49404620015/info/ returned response: <Response [200]>
2021-10-15 14:43:42,768 - instabot version: 0.117.0 (api) - DEBUG - GET to endpoint: users/7381211966/info/ returned response: <Response [200]>
2021-10-15 14:43:43,348 - instabot version: 0.117.0 (api) - DEBUG - GET to endpoint: users/45435636749/info/ returned response: <Response [200]>
2021-10-15 14:43:43,711 - instabot version: 0.117.0 (api) - DEBUG - GET to endpoint: users/40016862061/info/ returned response: <Response [200]>
2021-10-15 14:43:44,238 - instabot version: 0.117.0 (api) - DEBUG - GET to endpoint: users/32426772784/info/ returned response: <Response [200]>
2021-10-15 14:43:44,707 - instabot version: 0.117.0 (api) - DEBUG - GET to endpoint: users/10418141855/info/ returned response: <Response [200]>
2021-10-15 14:43:45,155 - instabot version: 0.117.0 (api) - DEBUG - GET to endpoint: users/45530167110/info/ returned response: <Response [200]>
2021-10-15 14:43:45,631 - instabot version: 0.117.0 (api) - DEBUG - GET to endpoint: users/29168703182/info/ returned response: <Response [200]>
2021-10-15 14:43:46,163 - instabot version: 0.117.0 (api) - DEBUG - GET to endpoint: users/4712887358/info/ returned response: <Response [200]>
2021-10-15 14:43:46,603 - instabot version: 0.117.0 (api) - DEBUG - GET to endpoint: users/4527020162/info/ returned response: <Response [200]>
2021-10-15 14:43:47,139 - instabot version: 0.117.0 (api) - DEBUG - GET to endpoint: users/8764694658/info/ returned response: <Response [200]>
2021-10-15 14:43:47,609 - instabot version: 0.117.0 (api) - DEBUG - GET to endpoint: users/5697105703/info/ returned response: <Response [200]>
2021-10-15 14:43:48,100 - instabot version: 0.117.0 (api) - DEBUG - GET to endpoint: users/21645340366/info/ returned response: <Response [200]>
2021-10-15 14:43:48,717 - instabot version: 0.117.0 (api) - DEBUG - GET to endpoint: users/9246617833/info/ returned response: <Response [200]>
2021-10-15 14:43:49,286 - instabot version: 0.117.0 (api) - DEBUG - GET to endpoint: users/8122811292/info/ returned response: <Response [200]>
2021-10-15 14:43:49,768 - instabot version: 0.117.0 (api) - DEBUG - GET to endpoint: users/5768486222/info/ returned response: <Response [200]>
2021-10-15 14:43:50,452 - instabot version: 0.117.0 (api) - DEBUG - GET to endpoint: users/7465056675/info/ returned response: <Response [200]>
2021-10-15 14:43:51,059 - instabot version: 0.117.0 (api) - DEBUG - GET to endpoint: users/3135361468/info/ returned response: <Response [200]>
2021-10-15 14:43:51,585 - instabot version: 0.117.0 (api) - DEBUG - GET to endpoint: users/44884547055/info/ returned response: <Response [200]>
2021-10-15 14:43:52,059 - instabot version: 0.117.0 (api) - DEBUG - GET to endpoint: users/44784738122/info/ returned response: <Response [200]>
2021-10-15 14:43:52,683 - instabot version: 0.117.0 (api) - DEBUG - GET to endpoint: users/4622051414/info/ returned response: <Response [200]>
2021-10-15 14:43:53,171 - instabot version: 0.117.0 (api) - DEBUG - GET to endpoint: users/26789513958/info/ returned response: <Response [200]>
2021-10-15 14:43:53,667 - instabot version: 0.117.0 (api) - DEBUG - GET to endpoint: users/8520541091/info/ returned response: <Response [200]>
2021-10-15 14:43:54,231 - instabot version: 0.117.0 (api) - DEBUG - GET to endpoint: users/4929210728/info/ returned response: <Response [200]>
2021-10-15 14:43:54,717 - instabot version: 0.117.0 (api) - DEBUG - GET to endpoint: users/1632337185/info/ returned response: <Response [200]>
2021-10-15 14:43:55,232 - instabot version: 0.117.0 (api) - DEBUG - GET to endpoint: users/177807656/info/ returned response: <Response [200]>
2021-10-15 14:44:00,827 - instabot version: 0.117.0 (api) - DEBUG - GET to endpoint: feed/tag/дизайнер/?max_id=&rank_token=46258652727_d8c038f7-d60d-4ffc-ae20-1b8f9d340f0b&ranked_content=true& returned response: <Response [200]>
2021-10-15 14:44:01,523 - instabot version: 0.117.0 (api) - DEBUG - GET to endpoint: users/47405673504/info/ returned response: <Response [200]>
2021-10-15 14:44:02,112 - instabot version: 0.117.0 (api) - DEBUG - GET to endpoint: users/39444844940/info/ returned response: <Response [200]>
2021-10-15 14:44:02,655 - instabot version: 0.117.0 (api) - DEBUG - GET to endpoint: users/5454656140/info/ returned response: <Response [200]>
2021-10-15 14:44:03,159 - instabot version: 0.117.0 (api) - DEBUG - GET to endpoint: users/49166130787/info/ returned response: <Response [200]>
2021-10-15 14:44:03,743 - instabot version: 0.117.0 (api) - DEBUG - GET to endpoint: users/1681954063/info/ returned response: <Response [200]>
2021-10-15 14:44:04,283 - instabot version: 0.117.0 (api) - DEBUG - GET to endpoint: users/7831580479/info/ returned response: <Response [200]>
2021-10-15 14:44:04,776 - instabot version: 0.117.0 (api) - DEBUG - GET to endpoint: users/9771675491/info/ returned response: <Response [200]>
2021-10-15 14:44:05,491 - instabot version: 0.117.0 (api) - DEBUG - GET to endpoint: users/2541487509/info/ returned response: <Response [200]>
2021-10-15 14:44:05,977 - instabot version: 0.117.0 (api) - DEBUG - GET to endpoint: users/49826440209/info/ returned response: <Response [200]>
2021-10-15 14:44:06,473 - instabot version: 0.117.0 (api) - DEBUG - GET to endpoint: users/23424504464/info/ returned response: <Response [200]>
2021-10-15 14:44:07,088 - instabot version: 0.117.0 (api) - DEBUG - GET to endpoint: users/4046099275/info/ returned response: <Response [200]>
2021-10-15 14:44:07,522 - instabot version: 0.117.0 (api) - DEBUG - GET to endpoint: users/31928009601/info/ returned response: <Response [200]>
2021-10-15 14:44:08,035 - instabot version: 0.117.0 (api) - DEBUG - GET to endpoint: users/49936385208/info/ returned response: <Response [200]>
2021-10-15 14:44:08,525 - instabot version: 0.117.0 (api) - DEBUG - GET to endpoint: users/8926557667/info/ returned response: <Response [200]>
2021-10-15 14:44:09,056 - instabot version: 0.117.0 (api) - DEBUG - GET to endpoint: users/37685737070/info/ returned response: <Response [200]>
2021-10-15 14:44:09,564 - instabot version: 0.117.0 (api) - DEBUG - GET to endpoint: users/4463191930/info/ returned response: <Response [200]>
2021-10-15 14:44:11,989 - instabot version: 0.117.0 (api) - DEBUG - GET to endpoint: users/36913391355/info/ returned response: <Response [200]>
2021-10-15 14:44:12,615 - instabot version: 0.117.0 (api) - DEBUG - GET to endpoint: users/17674447467/info/ returned response: <Response [200]>
2021-10-15 14:44:13,242 - instabot version: 0.117.0 (api) - DEBUG - GET to endpoint: users/34513266249/info/ returned response: <Response [200]>
2021-10-15 14:44:13,695 - instabot version: 0.117.0 (api) - DEBUG - GET to endpoint: users/4489629183/info/ returned response: <Response [200]>
2021-10-15 14:44:14,168 - instabot version: 0.117.0 (api) - DEBUG - GET to endpoint: users/627101126/info/ returned response: <Response [200]>
2021-10-15 14:44:14,800 - instabot version: 0.117.0 (api) - DEBUG - GET to endpoint: users/45841834052/info/ returned response: <Response [200]>
2021-10-15 14:44:15,296 - instabot version: 0.117.0 (api) - DEBUG - GET to endpoint: users/3008365368/info/ returned response: <Response [200]>
2021-10-15 14:44:15,856 - instabot version: 0.117.0 (api) - DEBUG - GET to endpoint: users/48692828819/info/ returned response: <Response [200]>
2021-10-15 14:44:16,303 - instabot version: 0.117.0 (api) - DEBUG - GET to endpoint: users/284252760/info/ returned response: <Response [200]>
2021-10-15 14:44:16,774 - instabot version: 0.117.0 (api) - DEBUG - GET to endpoint: users/919247923/info/ returned response: <Response [200]>
2021-10-15 14:44:17,251 - instabot version: 0.117.0 (api) - DEBUG - GET to endpoint: users/5351808192/info/ returned response: <Response [200]>
2021-10-15 14:44:17,640 - instabot version: 0.117.0 (api) - DEBUG - GET to endpoint: users/1367218857/info/ returned response: <Response [200]>
2021-10-15 14:44:18,144 - instabot version: 0.117.0 (api) - DEBUG - GET to endpoint: users/2201851705/info/ returned response: <Response [200]>
2021-10-15 14:44:18,662 - instabot version: 0.117.0 (api) - DEBUG - GET to endpoint: users/5823786667/info/ returned response: <Response [200]>
2021-10-15 14:44:19,070 - instabot version: 0.117.0 (api) - DEBUG - GET to endpoint: users/2410441998/info/ returned response: <Response [200]>
2021-10-15 14:44:19,547 - instabot version: 0.117.0 (api) - DEBUG - GET to endpoint: users/583929751/info/ returned response: <Response [200]>
2021-10-15 14:44:20,094 - instabot version: 0.117.0 (api) - DEBUG - GET to endpoint: users/3903700675/info/ returned response: <Response [200]>
2021-10-15 14:44:20,578 - instabot version: 0.117.0 (api) - DEBUG - GET to endpoint: users/50167618352/info/ returned response: <Response [200]>
2021-10-15 14:44:21,063 - instabot version: 0.117.0 (api) - DEBUG - GET to endpoint: users/47527295295/info/ returned response: <Response [200]>
2021-10-15 14:44:21,618 - instabot version: 0.117.0 (api) - DEBUG - GET to endpoint: users/3698782367/info/ returned response: <Response [200]>
2021-10-15 14:44:22,029 - instabot version: 0.117.0 (api) - DEBUG - GET to endpoint: users/14450803057/info/ returned response: <Response [200]>
2021-10-15 14:44:22,520 - instabot version: 0.117.0 (api) - DEBUG - GET to endpoint: users/47767608294/info/ returned response: <Response [200]>
2021-10-15 14:44:23,065 - instabot version: 0.117.0 (api) - DEBUG - GET to endpoint: users/44221516684/info/ returned response: <Response [200]>
2021-10-15 14:44:23,540 - instabot version: 0.117.0 (api) - DEBUG - GET to endpoint: users/243918871/info/ returned response: <Response [200]>
2021-10-15 14:44:23,987 - instabot version: 0.117.0 (api) - DEBUG - GET to endpoint: users/5722908227/info/ returned response: <Response [200]>
2021-10-15 14:44:24,484 - instabot version: 0.117.0 (api) - DEBUG - GET to endpoint: users/8665452639/info/ returned response: <Response [200]>
2021-10-15 14:44:25,125 - instabot version: 0.117.0 (api) - DEBUG - GET to endpoint: users/4767678862/info/ returned response: <Response [200]>
2021-10-15 14:44:25,546 - instabot version: 0.117.0 (api) - DEBUG - GET to endpoint: users/2874370450/info/ returned response: <Response [200]>
2021-10-15 14:44:25,968 - instabot version: 0.117.0 (api) - DEBUG - GET to endpoint: users/6534037382/info/ returned response: <Response [200]>
2021-10-15 14:44:26,436 - instabot version: 0.117.0 (api) - DEBUG - GET to endpoint: users/47694484495/info/ returned response: <Response [200]>
2021-10-15 14:44:26,897 - instabot version: 0.117.0 (api) - DEBUG - GET to endpoint: users/11442805239/info/ returned response: <Response [200]>
2021-10-15 14:44:27,435 - instabot version: 0.117.0 (api) - DEBUG - GET to endpoint: users/48026900921/info/ returned response: <Response [200]>
2021-10-15 14:44:27,911 - instabot version: 0.117.0 (api) - DEBUG - GET to endpoint: users/6600946763/info/ returned response: <Response [200]>
2021-10-15 14:44:28,415 - instabot version: 0.117.0 (api) - DEBUG - GET to endpoint: users/45696387121/info/ returned response: <Response [200]>
2021-10-15 14:44:28,871 - instabot version: 0.117.0 (api) - DEBUG - GET to endpoint: users/41453253812/info/ returned response: <Response [200]>
2021-10-15 14:44:29,349 - instabot version: 0.117.0 (api) - DEBUG - GET to endpoint: users/1901058769/info/ returned response: <Response [200]>
2021-10-15 14:44:29,849 - instabot version: 0.117.0 (api) - DEBUG - GET to endpoint: users/591415817/info/ returned response: <Response [200]>
2021-10-15 14:44:30,420 - instabot version: 0.117.0 (api) - DEBUG - GET to endpoint: users/291727592/info/ returned response: <Response [200]>
2021-10-15 14:44:30,951 - instabot version: 0.117.0 (api) - DEBUG - GET to endpoint: users/6149216745/info/ returned response: <Response [200]>
2021-10-15 14:44:31,373 - instabot version: 0.117.0 (api) - DEBUG - GET to endpoint: users/49062822193/info/ returned response: <Response [200]>
2021-10-15 14:44:31,852 - instabot version: 0.117.0 (api) - DEBUG - GET to endpoint: users/49000491494/info/ returned response: <Response [200]>
2021-10-15 14:44:32,301 - instabot version: 0.117.0 (api) - DEBUG - GET to endpoint: users/45766856095/info/ returned response: <Response [200]>
2021-10-15 14:44:32,826 - instabot version: 0.117.0 (api) - DEBUG - GET to endpoint: users/4513324051/info/ returned response: <Response [200]>
2021-10-15 14:44:33,307 - instabot version: 0.117.0 (api) - DEBUG - GET to endpoint: users/6182786245/info/ returned response: <Response [200]>
2021-10-15 14:44:33,811 - instabot version: 0.117.0 (api) - DEBUG - GET to endpoint: users/10569255165/info/ returned response: <Response [200]>
2021-10-15 14:44:34,303 - instabot version: 0.117.0 (api) - DEBUG - GET to endpoint: users/13451993903/info/ returned response: <Response [200]>
2021-10-15 14:44:34,752 - instabot version: 0.117.0 (api) - DEBUG - GET to endpoint: users/45252971481/info/ returned response: <Response [200]>
2021-10-15 14:44:35,302 - instabot version: 0.117.0 (api) - DEBUG - GET to endpoint: users/24903634718/info/ returned response: <Response [200]>
2021-10-15 14:44:35,836 - instabot version: 0.117.0 (api) - DEBUG - GET to endpoint: users/49081358383/info/ returned response: <Response [200]>
2021-10-15 14:44:42,442 - instabot version: 0.117.0 (api) - DEBUG - GET to endpoint: feed/tag/интерьер/?max_id=&rank_token=46258652727_d8c038f7-d60d-4ffc-ae20-1b8f9d340f0b&ranked_content=true& returned response: <Response [200]>
2021-10-15 14:44:43,129 - instabot version: 0.117.0 (api) - DEBUG - GET to endpoint: users/26200468110/info/ returned response: <Response [200]>
2021-10-15 14:44:43,647 - instabot version: 0.117.0 (api) - DEBUG - GET to endpoint: users/5412654769/info/ returned response: <Response [200]>
2021-10-15 14:44:44,269 - instabot version: 0.117.0 (api) - DEBUG - GET to endpoint: users/9253551338/info/ returned response: <Response [200]>
2021-10-15 14:44:45,018 - instabot version: 0.117.0 (api) - DEBUG - GET to endpoint: users/5004763666/info/ returned response: <Response [200]>
2021-10-15 14:44:45,645 - instabot version: 0.117.0 (api) - DEBUG - GET to endpoint: users/10417927247/info/ returned response: <Response [200]>
2021-10-15 14:44:46,208 - instabot version: 0.117.0 (api) - DEBUG - GET to endpoint: users/11469571013/info/ returned response: <Response [200]>
2021-10-15 14:44:46,771 - instabot version: 0.117.0 (api) - DEBUG - GET to endpoint: users/44018006386/info/ returned response: <Response [200]>
2021-10-15 14:44:47,158 - instabot version: 0.117.0 (api) - DEBUG - GET to endpoint: users/12596662608/info/ returned response: <Response [200]>
2021-10-15 14:44:47,526 - instabot version: 0.117.0 (api) - DEBUG - GET to endpoint: users/49662506099/info/ returned response: <Response [200]>
2021-10-15 14:44:47,866 - instabot version: 0.117.0 (api) - DEBUG - GET to endpoint: users/11171572365/info/ returned response: <Response [200]>
2021-10-15 14:44:48,459 - instabot version: 0.117.0 (api) - DEBUG - GET to endpoint: users/26444253359/info/ returned response: <Response [200]>
2021-10-15 14:44:49,022 - instabot version: 0.117.0 (api) - DEBUG - GET to endpoint: users/3564940114/info/ returned response: <Response [200]>
2021-10-15 14:44:49,549 - instabot version: 0.117.0 (api) - DEBUG - GET to endpoint: users/23563872325/info/ returned response: <Response [200]>
2021-10-15 14:44:49,989 - instabot version: 0.117.0 (api) - DEBUG - GET to endpoint: users/45801615735/info/ returned response: <Response [200]>
2021-10-15 14:44:50,467 - instabot version: 0.117.0 (api) - DEBUG - GET to endpoint: users/15071933183/info/ returned response: <Response [200]>
2021-10-15 14:44:51,926 - instabot version: 0.117.0 (api) - DEBUG - GET to endpoint: users/344511010/info/ returned response: <Response [200]>
2021-10-15 14:44:52,403 - instabot version: 0.117.0 (api) - DEBUG - GET to endpoint: users/4386833303/info/ returned response: <Response [200]>
2021-10-15 14:44:52,930 - instabot version: 0.117.0 (api) - DEBUG - GET to endpoint: users/22492386750/info/ returned response: <Response [200]>
2021-10-15 14:44:54,231 - instabot version: 0.117.0 (api) - DEBUG - GET to endpoint: users/10255384726/info/ returned response: <Response [200]>
2021-10-15 14:44:54,874 - instabot version: 0.117.0 (api) - DEBUG - GET to endpoint: users/44509197745/info/ returned response: <Response [200]>
2021-10-15 14:44:55,423 - instabot version: 0.117.0 (api) - DEBUG - GET to endpoint: users/49476572676/info/ returned response: <Response [200]>
2021-10-15 14:44:56,021 - instabot version: 0.117.0 (api) - DEBUG - GET to endpoint: users/532903692/info/ returned response: <Response [200]>
2021-10-15 14:44:56,587 - instabot version: 0.117.0 (api) - DEBUG - GET to endpoint: users/45563891637/info/ returned response: <Response [200]>
2021-10-15 14:44:57,076 - instabot version: 0.117.0 (api) - DEBUG - GET to endpoint: users/12017496102/info/ returned response: <Response [200]>
2021-10-15 14:44:57,550 - instabot version: 0.117.0 (api) - DEBUG - GET to endpoint: users/49693823374/info/ returned response: <Response [200]>
2021-10-15 14:44:58,164 - instabot version: 0.117.0 (api) - DEBUG - GET to endpoint: users/49700309206/info/ returned response: <Response [200]>
2021-10-15 14:44:58,696 - instabot version: 0.117.0 (api) - DEBUG - GET to endpoint: users/7751667537/info/ returned response: <Response [200]>
2021-10-15 14:44:59,149 - instabot version: 0.117.0 (api) - DEBUG - GET to endpoint: users/7185615251/info/ returned response: <Response [200]>
2021-10-15 14:44:59,605 - instabot version: 0.117.0 (api) - DEBUG - GET to endpoint: users/41824191482/info/ returned response: <Response [200]>
2021-10-15 14:45:00,058 - instabot version: 0.117.0 (api) - DEBUG - GET to endpoint: users/8584559045/info/ returned response: <Response [200]>
2021-10-15 14:45:00,460 - instabot version: 0.117.0 (api) - DEBUG - GET to endpoint: users/49120812266/info/ returned response: <Response [200]>
2021-10-15 14:45:00,991 - instabot version: 0.117.0 (api) - DEBUG - GET to endpoint: users/5332009536/info/ returned response: <Response [200]>
2021-10-15 14:45:01,565 - instabot version: 0.117.0 (api) - DEBUG - GET to endpoint: users/3618514534/info/ returned response: <Response [200]>
2021-10-15 14:45:02,054 - instabot version: 0.117.0 (api) - DEBUG - GET to endpoint: users/32812762600/info/ returned response: <Response [200]>
2021-10-15 14:45:02,595 - instabot version: 0.117.0 (api) - DEBUG - GET to endpoint: users/45120654678/info/ returned response: <Response [200]>
2021-10-15 14:45:03,445 - instabot version: 0.117.0 (api) - DEBUG - GET to endpoint: users/21470455718/info/ returned response: <Response [200]>
2021-10-15 14:45:03,898 - instabot version: 0.117.0 (api) - DEBUG - GET to endpoint: users/49771332285/info/ returned response: <Response [200]>
2021-10-15 14:45:04,385 - instabot version: 0.117.0 (api) - DEBUG - GET to endpoint: users/4515125478/info/ returned response: <Response [200]>
2021-10-15 14:45:04,922 - instabot version: 0.117.0 (api) - DEBUG - GET to endpoint: users/1655213526/info/ returned response: <Response [200]>
2021-10-15 14:45:05,500 - instabot version: 0.117.0 (api) - DEBUG - GET to endpoint: users/374014198/info/ returned response: <Response [200]>
2021-10-15 14:45:05,920 - instabot version: 0.117.0 (api) - DEBUG - GET to endpoint: users/49932736931/info/ returned response: <Response [200]>
2021-10-15 14:45:06,518 - instabot version: 0.117.0 (api) - DEBUG - GET to endpoint: users/21059225506/info/ returned response: <Response [200]>
2021-10-15 14:45:06,966 - instabot version: 0.117.0 (api) - DEBUG - GET to endpoint: users/49776773781/info/ returned response: <Response [200]>
2021-10-15 14:45:07,511 - instabot version: 0.117.0 (api) - DEBUG - GET to endpoint: users/49132136848/info/ returned response: <Response [200]>
2021-10-15 14:45:08,057 - instabot version: 0.117.0 (api) - DEBUG - GET to endpoint: users/16876467325/info/ returned response: <Response [200]>
2021-10-15 14:45:08,609 - instabot version: 0.117.0 (api) - DEBUG - GET to endpoint: users/4812802988/info/ returned response: <Response [200]>
2021-10-15 14:45:09,026 - instabot version: 0.117.0 (api) - DEBUG - GET to endpoint: users/29910889997/info/ returned response: <Response [200]>
2021-10-15 14:45:09,599 - instabot version: 0.117.0 (api) - DEBUG - GET to endpoint: users/7997386170/info/ returned response: <Response [200]>
2021-10-15 14:45:10,158 - instabot version: 0.117.0 (api) - DEBUG - GET to endpoint: users/34673956479/info/ returned response: <Response [200]>
2021-10-15 14:45:10,714 - instabot version: 0.117.0 (api) - DEBUG - GET to endpoint: users/1831916007/info/ returned response: <Response [200]>
2021-10-15 14:45:11,062 - instabot version: 0.117.0 (api) - DEBUG - GET to endpoint: users/12966066080/info/ returned response: <Response [200]>
2021-10-15 14:45:11,407 - instabot version: 0.117.0 (api) - DEBUG - GET to endpoint: users/11468033070/info/ returned response: <Response [200]>
2021-10-15 14:45:12,137 - instabot version: 0.117.0 (api) - DEBUG - GET to endpoint: users/22161825960/info/ returned response: <Response [200]>
2021-10-15 14:45:12,684 - instabot version: 0.117.0 (api) - DEBUG - GET to endpoint: users/1702439011/info/ returned response: <Response [200]>
2021-10-15 14:54:45,599 - instabot version: 0.117.0 (bot_checkpoint) - DEBUG - Saving Checkpoint file to: D:\searchdisaner/config/todoctordoom.checkpoint
2021-10-15 14:54:45,600 - instabot version: 0.117.0 (bot) - INFO - Total requests: 3155
2021-10-15 14:54:45,602 - instabot version: 0.117.0 (bot_checkpoint) - DEBUG - Saving Checkpoint file to: D:\searchdisaner/config/instbober.checkpoint
2021-10-15 14:54:45,602 - instabot version: 0.117.0 (bot) - INFO - Total requests: 4093
2021-10-15 14:54:45,603 - instabot version: 0.117.0 (bot_checkpoint) - DEBUG - Saving Checkpoint file to: D:\searchdisaner/config/todoctordoom.checkpoint
2021-10-15 14:54:45,604 - instabot version: 0.117.0 (bot) - INFO - Total requests: 3140
2021-10-15 14:54:45,605 - instabot version: 0.117.0 (bot_checkpoint) - DEBUG - Saving Checkpoint file to: D:\searchdisaner/config/instbober.checkpoint
2021-10-15 14:54:45,606 - instabot version: 0.117.0 (bot) - INFO - Total requests: 4116
