2021-08-20 13:42:01,226 - instabot version: 0.117.0 (bot) - INFO - Instabot version: 0.117.0 Started
2021-08-20 13:42:01,227 - instabot version: 0.117.0 (bot) - DEBUG - Bot imported from D:\searchdisaner\venv\lib\site-packages\instabot\bot\bot.py
2021-08-20 13:42:01,228 - instabot version: 0.117.0 (api_login) - DEBUG - Loading uuids
2021-08-20 13:42:01,228 - instabot version: 0.117.0 (api_login) - INFO - Recovery from D:\searchdisaner/config/todoctordoom_uuid_and_cookie.json: COOKIE False - UUIDs True - TIMING, DEVICE and ...
- user-agent=Instagram 117.0.0.28.123 Android (28/9.0; 420dpi; 1080x1920; OnePlus; ONEPLUS A3003; OnePlus3; qcom; en_US; 180322800)
- phone_id=fececc37-13fb-4ca7-b4c1-842926ac61f0
- uuid=d8c038f7-d60d-4ffc-ae20-1b8f9d340f0b
- client_session_id=74517733-9e97-4ac6-9bd3-6396afa278ed
- device_id=android-638845ae1420b535
2021-08-20 13:42:01,229 - instabot version: 0.117.0 (api_login) - INFO - Not yet logged in starting: PRE-LOGIN FLOW!
2021-08-20 13:42:01,484 - instabot version: 0.117.0 (api) - DEBUG - POST to endpoint: accounts/get_prefill_candidates/ returned response: <Response [200]>
2021-08-20 13:42:01,732 - instabot version: 0.117.0 (api) - DEBUG - POST to endpoint: qe/sync/ returned response: <Response [200]>
2021-08-20 13:42:02,028 - instabot version: 0.117.0 (api) - DEBUG - POST to endpoint: launcher/sync/ returned response: <Response [200]>
2021-08-20 13:42:02,291 - instabot version: 0.117.0 (api) - DEBUG - POST to endpoint: accounts/contact_point_prefill/ returned response: <Response [200]>
2021-08-20 13:42:06,076 - instabot version: 0.117.0 (api) - DEBUG - POST to endpoint: accounts/login/ returned response: <Response [200]>
2021-08-20 13:42:06,076 - instabot version: 0.117.0 (api) - INFO - Logged-in successfully as 'todoctordoom'!
2021-08-20 13:42:06,076 - instabot version: 0.117.0 (api_login) - INFO - LOGIN FLOW! Just logged-in: True
2021-08-20 13:42:06,417 - instabot version: 0.117.0 (api) - DEBUG - POST to endpoint: qe/sync/ returned response: <Response [200]>
2021-08-20 13:42:06,762 - instabot version: 0.117.0 (api) - DEBUG - POST to endpoint: launcher/sync/ returned response: <Response [200]>
2021-08-20 13:42:07,069 - instabot version: 0.117.0 (api) - DEBUG - GET to endpoint: zr/token/result/?device_id=android-638845ae1420b535&token_hash=&custom_device_id=android-638845ae1420b535&fetch_reason=token_expired returned response: <Response [200]>
2021-08-20 13:42:07,382 - instabot version: 0.117.0 (api) - DEBUG - GET to endpoint: multiple_accounts/get_account_family/ returned response: <Response [200]>
2021-08-20 13:42:07,723 - instabot version: 0.117.0 (api) - DEBUG - POST to endpoint: qe/sync/ returned response: <Response [200]>
2021-08-20 13:42:08,361 - instabot version: 0.117.0 (api) - DEBUG - GET to endpoint: igtv/browse_feed/?prefetch=1 returned response: <Response [200]>
2021-08-20 13:42:08,670 - instabot version: 0.117.0 (api) - DEBUG - POST to endpoint: creatives/ar_class/ returned response: <Response [200]>
2021-08-20 13:42:09,124 - instabot version: 0.117.0 (api) - DEBUG - POST to endpoint: feed/reels_tray/ returned response: <Response [200]>
2021-08-20 13:42:10,815 - instabot version: 0.117.0 (api) - DEBUG - POST to endpoint: feed/timeline/ returned response: <Response [200]>
2021-08-20 13:42:11,114 - instabot version: 0.117.0 (api) - DEBUG - GET to endpoint: media/blocked/ returned response: <Response [200]>
2021-08-20 13:42:11,931 - instabot version: 0.117.0 (api) - DEBUG - GET to endpoint: news/inbox/ returned response: <Response [200]>
2021-08-20 13:42:12,252 - instabot version: 0.117.0 (api) - DEBUG - GET to endpoint: loom/fetch_config/ returned response: <Response [200]>
2021-08-20 13:42:12,865 - instabot version: 0.117.0 (api) - DEBUG - GET to endpoint: scores/bootstrap/users/?surfaces=["autocomplete_user_list","coefficient_besties_list_ranking","coefficient_rank_recipient_user_suggestion","coefficient_ios_section_test_bootstrap_ranking","coefficient_direct_recipients_ranking_variant_2"] returned response: <Response [200]>
2021-08-20 13:42:13,188 - instabot version: 0.117.0 (api) - DEBUG - GET to endpoint: business/eligibility/get_monetization_products_eligibility_data/?product_types=branded_content returned response: <Response [200]>
2021-08-20 13:42:13,489 - instabot version: 0.117.0 (api) - DEBUG - GET to endpoint: business/branded_content/should_require_professional_account/ returned response: <Response [200]>
2021-08-20 13:42:14,331 - instabot version: 0.117.0 (api) - DEBUG - GET to endpoint: linked_accounts/get_linkage_status/ returned response: <Response [200]>
2021-08-20 13:42:14,639 - instabot version: 0.117.0 (api) - DEBUG - GET to endpoint: locations/request_country/ returned response: <Response [200]>
2021-08-20 13:42:14,937 - instabot version: 0.117.0 (api) - DEBUG - GET to endpoint: qp/get_cooldowns/?signed_body=signed_body=4b9c516a5410a3bc128e09c6104a7f042146b9c2023870560c63a43a7f66781c.4&ig_sig_key_version=4&ig_sig_key_version=4 returned response: <Response [200]>
2021-08-20 13:42:15,237 - instabot version: 0.117.0 (api) - DEBUG - GET to endpoint: users/arlink_download_info/?version_override=2.2.1 returned response: <Response [200]>
2021-08-20 13:42:16,001 - instabot version: 0.117.0 (api) - DEBUG - GET to endpoint: users/46258652727/info/ returned response: <Response [200]>
2021-08-20 13:42:16,330 - instabot version: 0.117.0 (api) - DEBUG - GET to endpoint: direct_v2/get_presence/ returned response: <Response [200]>
2021-08-20 13:42:16,712 - instabot version: 0.117.0 (api) - DEBUG - GET to endpoint: direct_v2/inbox/?visual_message_return_type=unseen&thread_message_limit=10&persistentBadging=true&limit=20 returned response: <Response [200]>
2021-08-20 13:42:17,053 - instabot version: 0.117.0 (api) - DEBUG - GET to endpoint: direct_v2/inbox/?visual_message_return_type=unseen&persistentBadging=true&limit=0 returned response: <Response [200]>
2021-08-20 13:42:17,475 - instabot version: 0.117.0 (api) - DEBUG - GET to endpoint: discover/topical_explore/?is_prefetch=true&omit_cover_media=true&use_sectional_payload=true&timezone_offset=0&session_id=74517733-9e97-4ac6-9bd3-6396afa278ed&include_fixed_destinations=true returned response: <Response [200]>
2021-08-20 13:42:17,806 - instabot version: 0.117.0 (api) - DEBUG - POST to endpoint: notifications/badge/ returned response: <Response [200]>
2021-08-20 13:42:18,329 - instabot version: 0.117.0 (api) - DEBUG - POST to endpoint: qp/batch_fetch/ returned response: <Response [200]>
2021-08-20 13:42:18,330 - instabot version: 0.117.0 (bot_checkpoint) - DEBUG - Loading Checkpoint file from: D:\searchdisaner/config/todoctordoom.checkpoint
2021-08-20 13:42:24,900 - instabot version: 0.117.0 (api) - DEBUG - GET to endpoint: feed/tag/дизайн/?max_id=&rank_token=46258652727_d8c038f7-d60d-4ffc-ae20-1b8f9d340f0b&ranked_content=true& returned response: <Response [200]>
2021-08-20 13:42:25,739 - instabot version: 0.117.0 (api) - DEBUG - GET to endpoint: users/31088063086/info/ returned response: <Response [200]>
2021-08-20 13:42:26,365 - instabot version: 0.117.0 (api) - DEBUG - GET to endpoint: users/5930693722/info/ returned response: <Response [200]>
2021-08-20 13:42:27,088 - instabot version: 0.117.0 (api) - DEBUG - GET to endpoint: users/4185251921/info/ returned response: <Response [200]>
2021-08-20 13:42:27,763 - instabot version: 0.117.0 (api) - DEBUG - GET to endpoint: users/1965204510/info/ returned response: <Response [200]>
2021-08-20 13:42:28,262 - instabot version: 0.117.0 (api) - DEBUG - GET to endpoint: users/44934101512/info/ returned response: <Response [200]>
2021-08-20 13:42:28,925 - instabot version: 0.117.0 (api) - DEBUG - GET to endpoint: users/7145955519/info/ returned response: <Response [200]>
2021-08-20 13:42:29,490 - instabot version: 0.117.0 (api) - DEBUG - GET to endpoint: users/2060167587/info/ returned response: <Response [200]>
2021-08-20 13:42:30,139 - instabot version: 0.117.0 (api) - DEBUG - GET to endpoint: users/34134477730/info/ returned response: <Response [200]>
2021-08-20 13:42:30,779 - instabot version: 0.117.0 (api) - DEBUG - GET to endpoint: users/47708739227/info/ returned response: <Response [200]>
2021-08-20 13:42:31,281 - instabot version: 0.117.0 (api) - DEBUG - GET to endpoint: users/48583300774/info/ returned response: <Response [200]>
2021-08-20 13:42:31,816 - instabot version: 0.117.0 (api) - DEBUG - GET to endpoint: users/40016862061/info/ returned response: <Response [200]>
2021-08-20 13:42:32,469 - instabot version: 0.117.0 (api) - DEBUG - GET to endpoint: users/33652628124/info/ returned response: <Response [200]>
2021-08-20 13:42:33,217 - instabot version: 0.117.0 (api) - DEBUG - GET to endpoint: users/2526813222/info/ returned response: <Response [200]>
2021-08-20 13:42:33,837 - instabot version: 0.117.0 (api) - DEBUG - GET to endpoint: users/10809188921/info/ returned response: <Response [200]>
2021-08-20 13:42:34,366 - instabot version: 0.117.0 (api) - DEBUG - GET to endpoint: users/567174684/info/ returned response: <Response [200]>
2021-08-20 13:42:34,911 - instabot version: 0.117.0 (api) - DEBUG - GET to endpoint: users/2880190804/info/ returned response: <Response [200]>
2021-08-20 13:42:35,687 - instabot version: 0.117.0 (api) - DEBUG - GET to endpoint: users/43714733580/info/ returned response: <Response [200]>
2021-08-20 13:42:36,133 - instabot version: 0.117.0 (api) - DEBUG - GET to endpoint: users/440459521/info/ returned response: <Response [200]>
2021-08-20 13:42:36,643 - instabot version: 0.117.0 (api) - DEBUG - GET to endpoint: users/45074650229/info/ returned response: <Response [200]>
2021-08-20 13:42:37,209 - instabot version: 0.117.0 (api) - DEBUG - GET to endpoint: users/1040093496/info/ returned response: <Response [200]>
2021-08-20 13:42:38,510 - instabot version: 0.117.0 (api) - DEBUG - GET to endpoint: users/6803147350/info/ returned response: <Response [200]>
2021-08-20 13:42:39,123 - instabot version: 0.117.0 (api) - DEBUG - GET to endpoint: users/3491460207/info/ returned response: <Response [200]>
2021-08-20 13:42:39,621 - instabot version: 0.117.0 (api) - DEBUG - GET to endpoint: users/4492288677/info/ returned response: <Response [200]>
2021-08-20 13:42:40,237 - instabot version: 0.117.0 (api) - DEBUG - GET to endpoint: users/40405388782/info/ returned response: <Response [200]>
2021-08-20 13:42:40,958 - instabot version: 0.117.0 (api) - DEBUG - GET to endpoint: users/1253138337/info/ returned response: <Response [200]>
2021-08-20 13:42:41,874 - instabot version: 0.117.0 (api) - DEBUG - GET to endpoint: users/45423372862/info/ returned response: <Response [200]>
2021-08-20 13:42:42,696 - instabot version: 0.117.0 (api) - DEBUG - GET to endpoint: users/15791185289/info/ returned response: <Response [200]>
2021-08-20 13:42:43,290 - instabot version: 0.117.0 (api) - DEBUG - GET to endpoint: users/13101454594/info/ returned response: <Response [200]>
2021-08-20 13:42:44,433 - instabot version: 0.117.0 (api) - DEBUG - GET to endpoint: users/4261281949/info/ returned response: <Response [200]>
2021-08-20 13:42:45,149 - instabot version: 0.117.0 (api) - DEBUG - GET to endpoint: users/6829519187/info/ returned response: <Response [200]>
2021-08-20 13:42:45,779 - instabot version: 0.117.0 (api) - DEBUG - GET to endpoint: users/7115137657/info/ returned response: <Response [200]>
2021-08-20 13:42:46,334 - instabot version: 0.117.0 (api) - DEBUG - GET to endpoint: users/47940796292/info/ returned response: <Response [200]>
2021-08-20 13:42:46,989 - instabot version: 0.117.0 (api) - DEBUG - GET to endpoint: users/9299032385/info/ returned response: <Response [200]>
2021-08-20 13:42:47,549 - instabot version: 0.117.0 (api) - DEBUG - GET to endpoint: users/44786478780/info/ returned response: <Response [200]>
2021-08-20 13:42:48,262 - instabot version: 0.117.0 (api) - DEBUG - GET to endpoint: users/27731474862/info/ returned response: <Response [200]>
2021-08-20 13:42:49,204 - instabot version: 0.117.0 (api) - DEBUG - GET to endpoint: users/647137661/info/ returned response: <Response [200]>
2021-08-20 13:42:50,241 - instabot version: 0.117.0 (api) - DEBUG - GET to endpoint: users/44902860422/info/ returned response: <Response [200]>
2021-08-20 13:42:50,823 - instabot version: 0.117.0 (api) - DEBUG - GET to endpoint: users/9162012389/info/ returned response: <Response [200]>
2021-08-20 13:42:51,284 - instabot version: 0.117.0 (api) - DEBUG - GET to endpoint: users/5434375576/info/ returned response: <Response [200]>
2021-08-20 13:42:51,754 - instabot version: 0.117.0 (api) - DEBUG - GET to endpoint: users/44092385388/info/ returned response: <Response [200]>
2021-08-20 13:42:52,187 - instabot version: 0.117.0 (api) - DEBUG - GET to endpoint: users/48528660427/info/ returned response: <Response [200]>
2021-08-20 13:42:52,907 - instabot version: 0.117.0 (api) - DEBUG - GET to endpoint: users/7374015719/info/ returned response: <Response [200]>
2021-08-20 13:42:53,643 - instabot version: 0.117.0 (api) - DEBUG - GET to endpoint: users/31730507455/info/ returned response: <Response [200]>
2021-08-20 13:42:54,311 - instabot version: 0.117.0 (api) - DEBUG - GET to endpoint: users/2209991636/info/ returned response: <Response [200]>
2021-08-20 13:42:55,014 - instabot version: 0.117.0 (api) - DEBUG - GET to endpoint: users/25869300833/info/ returned response: <Response [200]>
2021-08-20 13:42:55,624 - instabot version: 0.117.0 (api) - DEBUG - GET to endpoint: users/13841071884/info/ returned response: <Response [200]>
2021-08-20 13:42:56,216 - instabot version: 0.117.0 (api) - DEBUG - GET to endpoint: users/1766652064/info/ returned response: <Response [200]>
2021-08-20 13:42:56,841 - instabot version: 0.117.0 (api) - DEBUG - GET to endpoint: users/5381165775/info/ returned response: <Response [200]>
2021-08-20 13:42:57,369 - instabot version: 0.117.0 (api) - DEBUG - GET to endpoint: users/44728785127/info/ returned response: <Response [200]>
2021-08-20 13:42:57,918 - instabot version: 0.117.0 (api) - DEBUG - GET to endpoint: users/44713799603/info/ returned response: <Response [200]>
2021-08-20 13:42:58,629 - instabot version: 0.117.0 (api) - DEBUG - GET to endpoint: users/2939640881/info/ returned response: <Response [200]>
2021-08-20 13:42:59,246 - instabot version: 0.117.0 (api) - DEBUG - GET to endpoint: users/24968948693/info/ returned response: <Response [200]>
2021-08-20 13:42:59,852 - instabot version: 0.117.0 (api) - DEBUG - GET to endpoint: users/5726795773/info/ returned response: <Response [200]>
2021-08-20 13:43:00,717 - instabot version: 0.117.0 (api) - DEBUG - GET to endpoint: users/1631751126/info/ returned response: <Response [200]>
2021-08-20 13:43:01,372 - instabot version: 0.117.0 (api) - DEBUG - GET to endpoint: users/13127353154/info/ returned response: <Response [200]>
2021-08-20 13:43:01,929 - instabot version: 0.117.0 (api) - DEBUG - GET to endpoint: users/2072914837/info/ returned response: <Response [200]>
2021-08-20 13:43:02,592 - instabot version: 0.117.0 (api) - DEBUG - GET to endpoint: users/5864265508/info/ returned response: <Response [200]>
2021-08-20 13:43:03,223 - instabot version: 0.117.0 (api) - DEBUG - GET to endpoint: users/1957877242/info/ returned response: <Response [200]>
2021-08-20 13:43:03,847 - instabot version: 0.117.0 (api) - DEBUG - GET to endpoint: users/45148173958/info/ returned response: <Response [200]>
2021-08-20 13:43:04,511 - instabot version: 0.117.0 (api) - DEBUG - GET to endpoint: users/7367126777/info/ returned response: <Response [200]>
2021-08-20 13:43:05,040 - instabot version: 0.117.0 (api) - DEBUG - GET to endpoint: users/49039336772/info/ returned response: <Response [200]>
2021-08-20 13:43:05,704 - instabot version: 0.117.0 (api) - DEBUG - GET to endpoint: users/6785822427/info/ returned response: <Response [200]>
2021-08-20 13:43:06,270 - instabot version: 0.117.0 (api) - DEBUG - GET to endpoint: users/9181007106/info/ returned response: <Response [200]>
2021-08-20 13:43:06,823 - instabot version: 0.117.0 (api) - DEBUG - GET to endpoint: users/3677411943/info/ returned response: <Response [200]>
2021-08-20 13:43:07,481 - instabot version: 0.117.0 (api) - DEBUG - GET to endpoint: users/23368455875/info/ returned response: <Response [200]>
2021-08-20 13:43:08,052 - instabot version: 0.117.0 (api) - DEBUG - GET to endpoint: users/31746847644/info/ returned response: <Response [200]>
2021-08-20 13:43:08,674 - instabot version: 0.117.0 (api) - DEBUG - GET to endpoint: users/3287245327/info/ returned response: <Response [200]>
2021-08-20 13:43:09,453 - instabot version: 0.117.0 (api) - DEBUG - GET to endpoint: users/49083371425/info/ returned response: <Response [200]>
2021-08-20 13:43:10,023 - instabot version: 0.117.0 (api) - DEBUG - GET to endpoint: users/9047228770/info/ returned response: <Response [200]>
2021-08-20 13:43:10,665 - instabot version: 0.117.0 (api) - DEBUG - GET to endpoint: users/37493635413/info/ returned response: <Response [200]>
2021-08-20 13:43:11,365 - instabot version: 0.117.0 (api) - DEBUG - GET to endpoint: users/6778304032/info/ returned response: <Response [200]>
2021-08-20 13:43:11,979 - instabot version: 0.117.0 (api) - DEBUG - GET to endpoint: users/5711387466/info/ returned response: <Response [200]>
2021-08-20 13:43:16,464 - instabot version: 0.117.0 (api) - DEBUG - GET to endpoint: feed/tag/дизайнер/?max_id=&rank_token=46258652727_d8c038f7-d60d-4ffc-ae20-1b8f9d340f0b&ranked_content=true& returned response: <Response [200]>
2021-08-20 13:43:17,016 - instabot version: 0.117.0 (api) - DEBUG - GET to endpoint: users/45022639397/info/ returned response: <Response [200]>
2021-08-20 13:43:17,637 - instabot version: 0.117.0 (api) - DEBUG - GET to endpoint: users/1181269215/info/ returned response: <Response [200]>
2021-08-20 13:43:18,193 - instabot version: 0.117.0 (api) - DEBUG - GET to endpoint: users/14808347993/info/ returned response: <Response [200]>
2021-08-20 13:43:19,066 - instabot version: 0.117.0 (api) - DEBUG - GET to endpoint: users/8434293131/info/ returned response: <Response [200]>
2021-08-20 13:43:19,609 - instabot version: 0.117.0 (api) - DEBUG - GET to endpoint: users/11593561714/info/ returned response: <Response [200]>
2021-08-20 13:43:20,250 - instabot version: 0.117.0 (api) - DEBUG - GET to endpoint: users/48732841589/info/ returned response: <Response [200]>
2021-08-20 13:43:20,832 - instabot version: 0.117.0 (api) - DEBUG - GET to endpoint: users/3408708479/info/ returned response: <Response [200]>
2021-08-20 13:43:21,309 - instabot version: 0.117.0 (api) - DEBUG - GET to endpoint: users/49051717782/info/ returned response: <Response [200]>
2021-08-20 13:43:21,850 - instabot version: 0.117.0 (api) - DEBUG - GET to endpoint: users/48934107877/info/ returned response: <Response [200]>
2021-08-20 13:43:22,564 - instabot version: 0.117.0 (api) - DEBUG - GET to endpoint: users/2095577995/info/ returned response: <Response [200]>
2021-08-20 13:43:23,067 - instabot version: 0.117.0 (api) - DEBUG - GET to endpoint: users/30042432003/info/ returned response: <Response [200]>
2021-08-20 13:43:23,577 - instabot version: 0.117.0 (api) - DEBUG - GET to endpoint: users/48889727179/info/ returned response: <Response [200]>
2021-08-20 13:43:24,079 - instabot version: 0.117.0 (api) - DEBUG - GET to endpoint: users/41866290500/info/ returned response: <Response [200]>
2021-08-20 13:43:24,726 - instabot version: 0.117.0 (api) - DEBUG - GET to endpoint: users/3936550539/info/ returned response: <Response [200]>
2021-08-20 13:43:25,144 - instabot version: 0.117.0 (api) - DEBUG - GET to endpoint: users/49002938429/info/ returned response: <Response [200]>
2021-08-20 13:43:25,760 - instabot version: 0.117.0 (api) - DEBUG - GET to endpoint: users/405989226/info/ returned response: <Response [200]>
2021-08-20 13:43:26,659 - instabot version: 0.117.0 (api) - DEBUG - GET to endpoint: users/17053765673/info/ returned response: <Response [200]>
2021-08-20 13:43:27,205 - instabot version: 0.117.0 (api) - DEBUG - GET to endpoint: users/9165867654/info/ returned response: <Response [200]>
2021-08-20 13:43:27,751 - instabot version: 0.117.0 (api) - DEBUG - GET to endpoint: users/369196669/info/ returned response: <Response [200]>
2021-08-20 13:43:28,354 - instabot version: 0.117.0 (api) - DEBUG - GET to endpoint: users/2238171529/info/ returned response: <Response [200]>
2021-08-20 13:43:28,872 - instabot version: 0.117.0 (api) - DEBUG - GET to endpoint: users/38192171978/info/ returned response: <Response [200]>
2021-08-20 13:43:29,429 - instabot version: 0.117.0 (api) - DEBUG - GET to endpoint: users/421175476/info/ returned response: <Response [200]>
2021-08-20 13:43:29,846 - instabot version: 0.117.0 (api) - DEBUG - GET to endpoint: users/48993728204/info/ returned response: <Response [200]>
2021-08-20 13:43:30,395 - instabot version: 0.117.0 (api) - DEBUG - GET to endpoint: users/37764763982/info/ returned response: <Response [200]>
2021-08-20 13:43:31,119 - instabot version: 0.117.0 (api) - DEBUG - GET to endpoint: users/11352428559/info/ returned response: <Response [200]>
2021-08-20 13:43:31,768 - instabot version: 0.117.0 (api) - DEBUG - GET to endpoint: users/3260139185/info/ returned response: <Response [200]>
2021-08-20 13:43:32,451 - instabot version: 0.117.0 (api) - DEBUG - GET to endpoint: users/1515833203/info/ returned response: <Response [200]>
2021-08-20 13:43:32,965 - instabot version: 0.117.0 (api) - DEBUG - GET to endpoint: users/15473370561/info/ returned response: <Response [200]>
2021-08-20 13:43:33,623 - instabot version: 0.117.0 (api) - DEBUG - GET to endpoint: users/2050465625/info/ returned response: <Response [200]>
2021-08-20 13:43:34,151 - instabot version: 0.117.0 (api) - DEBUG - GET to endpoint: users/6097892592/info/ returned response: <Response [200]>
2021-08-20 13:43:34,729 - instabot version: 0.117.0 (api) - DEBUG - GET to endpoint: users/32448099051/info/ returned response: <Response [200]>
2021-08-20 13:43:35,197 - instabot version: 0.117.0 (api) - DEBUG - GET to endpoint: users/8238520835/info/ returned response: <Response [200]>
2021-08-20 13:43:35,769 - instabot version: 0.117.0 (api) - DEBUG - GET to endpoint: users/46591300929/info/ returned response: <Response [200]>
2021-08-20 13:43:36,414 - instabot version: 0.117.0 (api) - DEBUG - GET to endpoint: users/13112298149/info/ returned response: <Response [200]>
2021-08-20 13:43:36,864 - instabot version: 0.117.0 (api) - DEBUG - GET to endpoint: users/47700708685/info/ returned response: <Response [200]>
2021-08-20 13:43:37,542 - instabot version: 0.117.0 (api) - DEBUG - GET to endpoint: users/1380345785/info/ returned response: <Response [200]>
2021-08-20 13:43:38,080 - instabot version: 0.117.0 (api) - DEBUG - GET to endpoint: users/48300263850/info/ returned response: <Response [200]>
2021-08-20 13:43:38,596 - instabot version: 0.117.0 (api) - DEBUG - GET to endpoint: users/228260090/info/ returned response: <Response [200]>
2021-08-20 13:43:39,207 - instabot version: 0.117.0 (api) - DEBUG - GET to endpoint: users/21679055666/info/ returned response: <Response [200]>
2021-08-20 13:43:39,745 - instabot version: 0.117.0 (api) - DEBUG - GET to endpoint: users/2552905826/info/ returned response: <Response [200]>
2021-08-20 13:43:40,328 - instabot version: 0.117.0 (api) - DEBUG - GET to endpoint: users/7056890352/info/ returned response: <Response [200]>
2021-08-20 13:43:40,833 - instabot version: 0.117.0 (api) - DEBUG - GET to endpoint: users/11170051901/info/ returned response: <Response [200]>
2021-08-20 13:43:41,640 - instabot version: 0.117.0 (api) - DEBUG - GET to endpoint: users/7745155692/info/ returned response: <Response [200]>
2021-08-20 13:43:42,274 - instabot version: 0.117.0 (api) - DEBUG - GET to endpoint: users/46097536912/info/ returned response: <Response [200]>
2021-08-20 13:43:42,794 - instabot version: 0.117.0 (api) - DEBUG - GET to endpoint: users/2057411009/info/ returned response: <Response [200]>
