2021-08-05 15:00:22,646 - instabot version: 0.117.0 (bot) - INFO - Instabot version: 0.117.0 Started
2021-08-05 15:00:22,646 - instabot version: 0.117.0 (bot) - DEBUG - Bot imported from D:\searchdisaner\venv\lib\site-packages\instabot\bot\bot.py
2021-08-05 15:00:22,654 - instabot version: 0.117.0 (api_login) - DEBUG - Loading uuids
2021-08-05 15:00:22,655 - instabot version: 0.117.0 (api_login) - INFO - Recovery from D:\searchdisaner/config/instbober_uuid_and_cookie.json: COOKIE False - UUIDs True - TIMING, DEVICE and ...
- user-agent=Instagram 117.0.0.28.123 Android (28/9.0; 420dpi; 1080x1920; OnePlus; ONEPLUS A3003; OnePlus3; qcom; en_US; 180322800)
- phone_id=69e66906-ef6a-4561-86e6-8c98a236847c
- uuid=81500ee0-4cf5-493e-ae1a-6a5011cbe63d
- client_session_id=32957a9d-435a-448b-9ee5-e5e488d33b0c
- device_id=android-ba894ce94a484232
2021-08-05 15:00:22,656 - instabot version: 0.117.0 (api_login) - INFO - Not yet logged in starting: PRE-LOGIN FLOW!
2021-08-05 15:00:23,555 - instabot version: 0.117.0 (api) - DEBUG - POST to endpoint: accounts/get_prefill_candidates/ returned response: <Response [200]>
2021-08-05 15:00:23,945 - instabot version: 0.117.0 (api) - DEBUG - POST to endpoint: qe/sync/ returned response: <Response [200]>
2021-08-05 15:00:24,284 - instabot version: 0.117.0 (api) - DEBUG - POST to endpoint: launcher/sync/ returned response: <Response [200]>
2021-08-05 15:00:24,761 - instabot version: 0.117.0 (api) - DEBUG - POST to endpoint: accounts/contact_point_prefill/ returned response: <Response [200]>
2021-08-05 15:00:27,221 - instabot version: 0.117.0 (api) - DEBUG - POST to endpoint: accounts/login/ returned response: <Response [200]>
2021-08-05 15:00:27,222 - instabot version: 0.117.0 (api) - INFO - Logged-in successfully as 'instbober'!
2021-08-05 15:00:27,222 - instabot version: 0.117.0 (api_login) - INFO - LOGIN FLOW! Just logged-in: True
2021-08-05 15:00:27,844 - instabot version: 0.117.0 (api) - DEBUG - POST to endpoint: qe/sync/ returned response: <Response [200]>
2021-08-05 15:00:28,324 - instabot version: 0.117.0 (api) - DEBUG - POST to endpoint: launcher/sync/ returned response: <Response [200]>
2021-08-05 15:00:29,151 - instabot version: 0.117.0 (api) - DEBUG - GET to endpoint: zr/token/result/?device_id=android-ba894ce94a484232&token_hash=&custom_device_id=android-ba894ce94a484232&fetch_reason=token_expired returned response: <Response [200]>
2021-08-05 15:00:29,858 - instabot version: 0.117.0 (api) - DEBUG - GET to endpoint: multiple_accounts/get_account_family/ returned response: <Response [200]>
2021-08-05 15:00:30,608 - instabot version: 0.117.0 (api) - DEBUG - POST to endpoint: qe/sync/ returned response: <Response [200]>
2021-08-05 15:00:31,706 - instabot version: 0.117.0 (api) - DEBUG - GET to endpoint: igtv/browse_feed/?prefetch=1 returned response: <Response [200]>
2021-08-05 15:00:32,536 - instabot version: 0.117.0 (api) - DEBUG - POST to endpoint: creatives/ar_class/ returned response: <Response [200]>
2021-08-05 15:00:33,577 - instabot version: 0.117.0 (api) - DEBUG - POST to endpoint: feed/reels_tray/ returned response: <Response [200]>
2021-08-05 15:00:40,157 - instabot version: 0.117.0 (api) - DEBUG - POST to endpoint: feed/timeline/ returned response: <Response [200]>
2021-08-05 15:00:41,055 - instabot version: 0.117.0 (api) - DEBUG - GET to endpoint: media/blocked/ returned response: <Response [200]>
2021-08-05 15:00:42,574 - instabot version: 0.117.0 (api) - DEBUG - GET to endpoint: news/inbox/ returned response: <Response [200]>
2021-08-05 15:00:43,573 - instabot version: 0.117.0 (api) - DEBUG - GET to endpoint: loom/fetch_config/ returned response: <Response [200]>
2021-08-05 15:00:44,875 - instabot version: 0.117.0 (api) - DEBUG - GET to endpoint: scores/bootstrap/users/?surfaces=["autocomplete_user_list","coefficient_besties_list_ranking","coefficient_rank_recipient_user_suggestion","coefficient_ios_section_test_bootstrap_ranking","coefficient_direct_recipients_ranking_variant_2"] returned response: <Response [200]>
2021-08-05 15:00:45,618 - instabot version: 0.117.0 (api) - DEBUG - GET to endpoint: business/eligibility/get_monetization_products_eligibility_data/?product_types=branded_content returned response: <Response [200]>
2021-08-05 15:00:46,180 - instabot version: 0.117.0 (api) - DEBUG - GET to endpoint: business/branded_content/should_require_professional_account/ returned response: <Response [200]>
2021-08-05 15:00:46,908 - instabot version: 0.117.0 (api) - DEBUG - GET to endpoint: linked_accounts/get_linkage_status/ returned response: <Response [200]>
2021-08-05 15:00:47,599 - instabot version: 0.117.0 (api) - DEBUG - GET to endpoint: locations/request_country/ returned response: <Response [200]>
2021-08-05 15:00:48,284 - instabot version: 0.117.0 (api) - DEBUG - GET to endpoint: qp/get_cooldowns/?signed_body=signed_body=4b9c516a5410a3bc128e09c6104a7f042146b9c2023870560c63a43a7f66781c.4&ig_sig_key_version=4&ig_sig_key_version=4 returned response: <Response [200]>
2021-08-05 15:00:48,879 - instabot version: 0.117.0 (api) - DEBUG - GET to endpoint: users/arlink_download_info/?version_override=2.2.1 returned response: <Response [200]>
2021-08-05 15:00:49,749 - instabot version: 0.117.0 (api) - DEBUG - GET to endpoint: users/48835444494/info/ returned response: <Response [200]>
2021-08-05 15:00:50,485 - instabot version: 0.117.0 (api) - DEBUG - GET to endpoint: direct_v2/get_presence/ returned response: <Response [200]>
2021-08-05 15:00:51,219 - instabot version: 0.117.0 (api) - DEBUG - GET to endpoint: direct_v2/inbox/?visual_message_return_type=unseen&thread_message_limit=10&persistentBadging=true&limit=20 returned response: <Response [200]>
2021-08-05 15:00:52,166 - instabot version: 0.117.0 (api) - DEBUG - GET to endpoint: direct_v2/inbox/?visual_message_return_type=unseen&persistentBadging=true&limit=0 returned response: <Response [200]>
2021-08-05 15:00:54,391 - instabot version: 0.117.0 (api) - DEBUG - GET to endpoint: discover/topical_explore/?is_prefetch=true&omit_cover_media=true&use_sectional_payload=true&timezone_offset=0&session_id=32957a9d-435a-448b-9ee5-e5e488d33b0c&include_fixed_destinations=true returned response: <Response [200]>
2021-08-05 15:00:56,168 - instabot version: 0.117.0 (api) - DEBUG - POST to endpoint: notifications/badge/ returned response: <Response [200]>
2021-08-05 15:00:57,060 - instabot version: 0.117.0 (api) - DEBUG - POST to endpoint: qp/batch_fetch/ returned response: <Response [200]>
2021-08-05 15:00:57,061 - instabot version: 0.117.0 (bot_checkpoint) - DEBUG - Loading Checkpoint file from: D:\searchdisaner/config/instbober.checkpoint
2021-08-05 15:01:03,705 - instabot version: 0.117.0 (api) - DEBUG - GET to endpoint: feed/tag/дизайн/?max_id=&rank_token=48835444494_81500ee0-4cf5-493e-ae1a-6a5011cbe63d&ranked_content=true& returned response: <Response [200]>
2021-08-05 15:01:04,440 - instabot version: 0.117.0 (api) - DEBUG - GET to endpoint: users/4405072330/info/ returned response: <Response [200]>
2021-08-05 15:01:04,873 - instabot version: 0.117.0 (api) - DEBUG - GET to endpoint: users/47890976634/info/ returned response: <Response [200]>
2021-08-05 15:01:05,440 - instabot version: 0.117.0 (api) - DEBUG - GET to endpoint: users/8238520835/info/ returned response: <Response [200]>
2021-08-05 15:01:06,259 - instabot version: 0.117.0 (api) - DEBUG - GET to endpoint: users/8181842146/info/ returned response: <Response [200]>
2021-08-05 15:01:07,026 - instabot version: 0.117.0 (api) - DEBUG - GET to endpoint: users/47673061706/info/ returned response: <Response [200]>
2021-08-05 15:01:07,915 - instabot version: 0.117.0 (api) - DEBUG - GET to endpoint: users/21618359014/info/ returned response: <Response [200]>
2021-08-05 15:01:08,568 - instabot version: 0.117.0 (api) - DEBUG - GET to endpoint: users/1584696533/info/ returned response: <Response [200]>
2021-08-05 15:01:09,123 - instabot version: 0.117.0 (api) - DEBUG - GET to endpoint: users/3073605422/info/ returned response: <Response [200]>
2021-08-05 15:01:09,767 - instabot version: 0.117.0 (api) - DEBUG - GET to endpoint: users/49040412926/info/ returned response: <Response [200]>
2021-08-05 15:01:10,195 - instabot version: 0.117.0 (api) - DEBUG - GET to endpoint: users/30535959048/info/ returned response: <Response [200]>
2021-08-05 15:01:10,650 - instabot version: 0.117.0 (api) - DEBUG - GET to endpoint: users/8117808758/info/ returned response: <Response [200]>
2021-08-05 15:01:11,709 - instabot version: 0.117.0 (api) - DEBUG - GET to endpoint: users/1631751126/info/ returned response: <Response [200]>
2021-08-05 15:01:12,117 - instabot version: 0.117.0 (api) - DEBUG - GET to endpoint: users/23118869197/info/ returned response: <Response [200]>
2021-08-05 15:01:12,855 - instabot version: 0.117.0 (api) - DEBUG - GET to endpoint: users/1069641601/info/ returned response: <Response [200]>
2021-08-05 15:01:13,359 - instabot version: 0.117.0 (api) - DEBUG - GET to endpoint: users/31154813581/info/ returned response: <Response [200]>
2021-08-05 15:01:13,777 - instabot version: 0.117.0 (api) - DEBUG - GET to endpoint: users/48315799871/info/ returned response: <Response [200]>
2021-08-05 15:01:14,187 - instabot version: 0.117.0 (api) - DEBUG - GET to endpoint: users/41972411163/info/ returned response: <Response [200]>
2021-08-05 15:01:15,176 - instabot version: 0.117.0 (api) - DEBUG - GET to endpoint: users/7898482056/info/ returned response: <Response [200]>
2021-08-05 15:01:15,729 - instabot version: 0.117.0 (api) - DEBUG - GET to endpoint: users/30612957604/info/ returned response: <Response [200]>
2021-08-05 15:01:16,341 - instabot version: 0.117.0 (api) - DEBUG - GET to endpoint: users/3243550604/info/ returned response: <Response [200]>
2021-08-05 15:01:16,930 - instabot version: 0.117.0 (api) - DEBUG - GET to endpoint: users/5813390522/info/ returned response: <Response [200]>
2021-08-05 15:01:17,350 - instabot version: 0.117.0 (api) - DEBUG - GET to endpoint: users/1456658350/info/ returned response: <Response [200]>
2021-08-05 15:01:17,749 - instabot version: 0.117.0 (api) - DEBUG - GET to endpoint: users/6946267227/info/ returned response: <Response [200]>
2021-08-05 15:01:18,615 - instabot version: 0.117.0 (api) - DEBUG - GET to endpoint: users/30745310357/info/ returned response: <Response [200]>
2021-08-05 15:01:19,228 - instabot version: 0.117.0 (api) - DEBUG - GET to endpoint: users/1785968549/info/ returned response: <Response [200]>
2021-08-05 15:01:19,824 - instabot version: 0.117.0 (api) - DEBUG - GET to endpoint: users/21769462473/info/ returned response: <Response [200]>
2021-08-05 15:01:20,409 - instabot version: 0.117.0 (api) - DEBUG - GET to endpoint: users/23371038950/info/ returned response: <Response [200]>
2021-08-05 15:01:21,052 - instabot version: 0.117.0 (api) - DEBUG - GET to endpoint: users/48177889392/info/ returned response: <Response [200]>
2021-08-05 15:01:21,655 - instabot version: 0.117.0 (api) - DEBUG - GET to endpoint: users/45983859027/info/ returned response: <Response [200]>
2021-08-05 15:01:22,214 - instabot version: 0.117.0 (api) - DEBUG - GET to endpoint: users/6669377221/info/ returned response: <Response [200]>
2021-08-05 15:01:22,837 - instabot version: 0.117.0 (api) - DEBUG - GET to endpoint: users/48673974391/info/ returned response: <Response [200]>
2021-08-05 15:01:23,728 - instabot version: 0.117.0 (api) - DEBUG - GET to endpoint: users/10584260135/info/ returned response: <Response [200]>
2021-08-05 15:01:24,313 - instabot version: 0.117.0 (api) - DEBUG - GET to endpoint: users/5597951996/info/ returned response: <Response [200]>
2021-08-05 15:01:24,807 - instabot version: 0.117.0 (api) - DEBUG - GET to endpoint: users/599537573/info/ returned response: <Response [200]>
2021-08-05 15:01:25,549 - instabot version: 0.117.0 (api) - DEBUG - GET to endpoint: users/3551216237/info/ returned response: <Response [200]>
2021-08-05 15:01:26,195 - instabot version: 0.117.0 (api) - DEBUG - GET to endpoint: users/4926051033/info/ returned response: <Response [200]>
2021-08-05 15:01:26,857 - instabot version: 0.117.0 (api) - DEBUG - GET to endpoint: users/6987666113/info/ returned response: <Response [200]>
2021-08-05 15:01:27,498 - instabot version: 0.117.0 (api) - DEBUG - GET to endpoint: users/3287245327/info/ returned response: <Response [200]>
2021-08-05 15:01:28,022 - instabot version: 0.117.0 (api) - DEBUG - GET to endpoint: users/48727392540/info/ returned response: <Response [200]>
2021-08-05 15:01:28,753 - instabot version: 0.117.0 (api) - DEBUG - GET to endpoint: users/44697374001/info/ returned response: <Response [200]>
2021-08-05 15:01:29,410 - instabot version: 0.117.0 (api) - DEBUG - GET to endpoint: users/1481327192/info/ returned response: <Response [200]>
2021-08-05 15:01:30,936 - instabot version: 0.117.0 (api) - DEBUG - GET to endpoint: users/1447896185/info/ returned response: <Response [200]>
2021-08-05 15:01:31,453 - instabot version: 0.117.0 (api) - DEBUG - GET to endpoint: users/40037596103/info/ returned response: <Response [200]>
2021-08-05 15:01:32,118 - instabot version: 0.117.0 (api) - DEBUG - GET to endpoint: users/44721186089/info/ returned response: <Response [200]>
2021-08-05 15:01:32,812 - instabot version: 0.117.0 (api) - DEBUG - GET to endpoint: users/4756175480/info/ returned response: <Response [200]>
2021-08-05 15:01:33,466 - instabot version: 0.117.0 (api) - DEBUG - GET to endpoint: users/47956303986/info/ returned response: <Response [200]>
2021-08-05 15:01:34,058 - instabot version: 0.117.0 (api) - DEBUG - GET to endpoint: users/29404430246/info/ returned response: <Response [200]>
2021-08-05 15:01:34,923 - instabot version: 0.117.0 (api) - DEBUG - GET to endpoint: users/28931771233/info/ returned response: <Response [200]>
2021-08-05 15:01:35,529 - instabot version: 0.117.0 (api) - DEBUG - GET to endpoint: users/7708381621/info/ returned response: <Response [200]>
2021-08-05 15:01:36,340 - instabot version: 0.117.0 (api) - DEBUG - GET to endpoint: users/5742592467/info/ returned response: <Response [200]>
2021-08-05 15:01:36,894 - instabot version: 0.117.0 (api) - DEBUG - GET to endpoint: users/1712618193/info/ returned response: <Response [200]>
2021-08-05 15:01:37,542 - instabot version: 0.117.0 (api) - DEBUG - GET to endpoint: users/2256428140/info/ returned response: <Response [200]>
2021-08-05 15:01:38,123 - instabot version: 0.117.0 (api) - DEBUG - GET to endpoint: users/44099106945/info/ returned response: <Response [200]>
2021-08-05 15:01:38,651 - instabot version: 0.117.0 (api) - DEBUG - GET to endpoint: users/6164374063/info/ returned response: <Response [200]>
2021-08-05 15:01:39,419 - instabot version: 0.117.0 (api) - DEBUG - GET to endpoint: users/8531486408/info/ returned response: <Response [200]>
2021-08-05 15:01:40,340 - instabot version: 0.117.0 (api) - DEBUG - GET to endpoint: users/5869959907/info/ returned response: <Response [200]>
2021-08-05 15:01:40,996 - instabot version: 0.117.0 (api) - DEBUG - GET to endpoint: users/4607642361/info/ returned response: <Response [200]>
2021-08-05 15:01:41,752 - instabot version: 0.117.0 (api) - DEBUG - GET to endpoint: users/438936746/info/ returned response: <Response [200]>
2021-08-05 15:01:42,373 - instabot version: 0.117.0 (api) - DEBUG - GET to endpoint: users/46334181675/info/ returned response: <Response [200]>
2021-08-05 15:01:43,233 - instabot version: 0.117.0 (api) - DEBUG - GET to endpoint: users/2040715627/info/ returned response: <Response [200]>
2021-08-05 15:01:44,071 - instabot version: 0.117.0 (api) - DEBUG - GET to endpoint: users/44601117013/info/ returned response: <Response [200]>
2021-08-05 15:01:44,641 - instabot version: 0.117.0 (api) - DEBUG - GET to endpoint: users/48877754955/info/ returned response: <Response [200]>
2021-08-05 15:01:45,219 - instabot version: 0.117.0 (api) - DEBUG - GET to endpoint: users/310079145/info/ returned response: <Response [200]>
2021-08-05 15:01:45,813 - instabot version: 0.117.0 (api) - DEBUG - GET to endpoint: users/12079717362/info/ returned response: <Response [200]>
2021-08-05 15:01:46,409 - instabot version: 0.117.0 (api) - DEBUG - GET to endpoint: users/6518295009/info/ returned response: <Response [200]>
2021-08-05 15:01:47,010 - instabot version: 0.117.0 (api) - DEBUG - GET to endpoint: users/45036941968/info/ returned response: <Response [200]>
2021-08-05 15:01:47,559 - instabot version: 0.117.0 (api) - DEBUG - GET to endpoint: users/1336609619/info/ returned response: <Response [200]>
2021-08-05 15:01:48,382 - instabot version: 0.117.0 (api) - DEBUG - GET to endpoint: users/12159396442/info/ returned response: <Response [200]>
2021-08-05 15:01:55,234 - instabot version: 0.117.0 (api) - DEBUG - GET to endpoint: feed/tag/дизайнер/?max_id=&rank_token=48835444494_81500ee0-4cf5-493e-ae1a-6a5011cbe63d&ranked_content=true& returned response: <Response [200]>
2021-08-05 15:01:55,898 - instabot version: 0.117.0 (api) - DEBUG - GET to endpoint: users/26593372282/info/ returned response: <Response [200]>
2021-08-05 15:01:56,623 - instabot version: 0.117.0 (api) - DEBUG - GET to endpoint: users/34368592522/info/ returned response: <Response [200]>
2021-08-05 15:01:57,245 - instabot version: 0.117.0 (api) - DEBUG - GET to endpoint: users/16485927417/info/ returned response: <Response [200]>
2021-08-05 15:01:57,969 - instabot version: 0.117.0 (api) - DEBUG - GET to endpoint: users/48869625130/info/ returned response: <Response [200]>
2021-08-05 15:01:58,611 - instabot version: 0.117.0 (api) - DEBUG - GET to endpoint: users/11655189611/info/ returned response: <Response [200]>
2021-08-05 15:01:59,319 - instabot version: 0.117.0 (api) - DEBUG - GET to endpoint: users/11778780507/info/ returned response: <Response [200]>
2021-08-05 15:02:00,084 - instabot version: 0.117.0 (api) - DEBUG - GET to endpoint: users/42589863093/info/ returned response: <Response [200]>
2021-08-05 15:02:00,843 - instabot version: 0.117.0 (api) - DEBUG - GET to endpoint: users/20214855265/info/ returned response: <Response [200]>
2021-08-05 15:02:01,430 - instabot version: 0.117.0 (api) - DEBUG - GET to endpoint: users/6743069208/info/ returned response: <Response [200]>
2021-08-05 15:02:02,121 - instabot version: 0.117.0 (api) - DEBUG - GET to endpoint: users/11704776551/info/ returned response: <Response [200]>
2021-08-05 15:02:02,648 - instabot version: 0.117.0 (api) - DEBUG - GET to endpoint: users/7151538781/info/ returned response: <Response [200]>
2021-08-05 15:02:03,272 - instabot version: 0.117.0 (api) - DEBUG - GET to endpoint: users/45192671517/info/ returned response: <Response [200]>
2021-08-05 15:02:03,839 - instabot version: 0.117.0 (api) - DEBUG - GET to endpoint: users/3058342598/info/ returned response: <Response [200]>
2021-08-05 15:02:04,436 - instabot version: 0.117.0 (api) - DEBUG - GET to endpoint: users/23678626325/info/ returned response: <Response [200]>
2021-08-05 15:02:05,327 - instabot version: 0.117.0 (api) - DEBUG - GET to endpoint: users/3882815119/info/ returned response: <Response [200]>
2021-08-05 15:02:05,921 - instabot version: 0.117.0 (api) - DEBUG - GET to endpoint: users/2213713499/info/ returned response: <Response [200]>
2021-08-05 15:02:06,540 - instabot version: 0.117.0 (api) - DEBUG - GET to endpoint: users/12635778644/info/ returned response: <Response [200]>
2021-08-05 15:02:07,258 - instabot version: 0.117.0 (api) - DEBUG - GET to endpoint: users/10021730822/info/ returned response: <Response [200]>
2021-08-05 15:02:07,832 - instabot version: 0.117.0 (api) - DEBUG - GET to endpoint: users/10429966876/info/ returned response: <Response [200]>
2021-08-05 15:02:08,257 - instabot version: 0.117.0 (api) - DEBUG - GET to endpoint: users/48880746599/info/ returned response: <Response [200]>
2021-08-05 15:02:08,884 - instabot version: 0.117.0 (api) - DEBUG - GET to endpoint: users/3836774423/info/ returned response: <Response [200]>
2021-08-05 15:02:09,413 - instabot version: 0.117.0 (api) - DEBUG - GET to endpoint: users/48456861115/info/ returned response: <Response [200]>
2021-08-05 15:02:09,952 - instabot version: 0.117.0 (api) - DEBUG - GET to endpoint: users/38923539112/info/ returned response: <Response [200]>
2021-08-05 15:02:10,583 - instabot version: 0.117.0 (api) - DEBUG - GET to endpoint: users/48301855858/info/ returned response: <Response [200]>
2021-08-05 15:02:11,137 - instabot version: 0.117.0 (api) - DEBUG - GET to endpoint: users/3509009312/info/ returned response: <Response [200]>
2021-08-05 15:02:11,695 - instabot version: 0.117.0 (api) - DEBUG - GET to endpoint: users/47767866668/info/ returned response: <Response [200]>
2021-08-05 15:02:12,159 - instabot version: 0.117.0 (api) - DEBUG - GET to endpoint: users/48537278173/info/ returned response: <Response [200]>
2021-08-05 15:02:12,921 - instabot version: 0.117.0 (api) - DEBUG - GET to endpoint: users/8569276263/info/ returned response: <Response [200]>
2021-08-05 15:02:13,534 - instabot version: 0.117.0 (api) - DEBUG - GET to endpoint: users/1240304512/info/ returned response: <Response [200]>
2021-08-05 15:02:14,699 - instabot version: 0.117.0 (api) - DEBUG - GET to endpoint: users/7381249132/info/ returned response: <Response [200]>
2021-08-05 15:02:15,330 - instabot version: 0.117.0 (api) - DEBUG - GET to endpoint: users/8916239603/info/ returned response: <Response [200]>
2021-08-05 15:02:15,904 - instabot version: 0.117.0 (api) - DEBUG - GET to endpoint: users/46204194620/info/ returned response: <Response [200]>
2021-08-05 15:02:16,495 - instabot version: 0.117.0 (api) - DEBUG - GET to endpoint: users/14426013928/info/ returned response: <Response [200]>
2021-08-05 15:02:17,042 - instabot version: 0.117.0 (api) - DEBUG - GET to endpoint: users/26744386660/info/ returned response: <Response [200]>
2021-08-05 15:02:17,602 - instabot version: 0.117.0 (api) - DEBUG - GET to endpoint: users/1400375580/info/ returned response: <Response [200]>
2021-08-05 15:02:18,113 - instabot version: 0.117.0 (api) - DEBUG - GET to endpoint: users/48243151632/info/ returned response: <Response [200]>
2021-08-05 15:02:18,675 - instabot version: 0.117.0 (api) - DEBUG - GET to endpoint: users/34381967318/info/ returned response: <Response [200]>
2021-08-05 15:02:21,911 - instabot version: 0.117.0 (api) - DEBUG - GET to endpoint: users/31747139022/info/ returned response: <Response [200]>
2021-08-05 15:02:22,444 - instabot version: 0.117.0 (api) - DEBUG - GET to endpoint: users/43091690056/info/ returned response: <Response [200]>
2021-08-05 15:02:23,112 - instabot version: 0.117.0 (api) - DEBUG - GET to endpoint: users/1552858581/info/ returned response: <Response [200]>
2021-08-05 15:02:23,674 - instabot version: 0.117.0 (api) - DEBUG - GET to endpoint: users/43806046552/info/ returned response: <Response [200]>
2021-08-05 15:02:24,253 - instabot version: 0.117.0 (api) - DEBUG - GET to endpoint: users/1393621424/info/ returned response: <Response [200]>
2021-08-05 15:02:24,799 - instabot version: 0.117.0 (api) - DEBUG - GET to endpoint: users/1333946746/info/ returned response: <Response [200]>
2021-08-05 15:02:25,472 - instabot version: 0.117.0 (api) - DEBUG - GET to endpoint: users/46560338589/info/ returned response: <Response [200]>
2021-08-05 15:02:26,062 - instabot version: 0.117.0 (api) - DEBUG - GET to endpoint: users/8431617852/info/ returned response: <Response [200]>
2021-08-05 15:02:26,631 - instabot version: 0.117.0 (api) - DEBUG - GET to endpoint: users/26183868476/info/ returned response: <Response [200]>
2021-08-05 15:02:27,364 - instabot version: 0.117.0 (api) - DEBUG - GET to endpoint: users/34647371533/info/ returned response: <Response [200]>
2021-08-05 15:02:28,006 - instabot version: 0.117.0 (api) - DEBUG - GET to endpoint: users/40324503894/info/ returned response: <Response [200]>
2021-08-05 15:02:28,494 - instabot version: 0.117.0 (api) - DEBUG - GET to endpoint: users/48082975761/info/ returned response: <Response [200]>
2021-08-05 15:02:29,048 - instabot version: 0.117.0 (api) - DEBUG - GET to endpoint: users/25714947507/info/ returned response: <Response [200]>
2021-08-05 15:02:29,049 - instabot version: 0.117.0 (bot_checkpoint) - DEBUG - Saving Checkpoint file to: D:\searchdisaner/config/instbober.checkpoint
2021-08-05 15:02:29,050 - instabot version: 0.117.0 (bot) - INFO - Total requests: 1080
