2021-08-17 13:40:29,213 - instabot version: 0.117.0 (bot) - INFO - Instabot version: 0.117.0 Started
2021-08-17 13:40:29,213 - instabot version: 0.117.0 (bot) - DEBUG - Bot imported from D:\searchdisaner\venv\lib\site-packages\instabot\bot\bot.py
2021-08-17 13:40:29,214 - instabot version: 0.117.0 (api_login) - DEBUG - Loading uuids
2021-08-17 13:40:29,214 - instabot version: 0.117.0 (api_login) - INFO - Recovery from D:\searchdisaner/config/todoctordoom_uuid_and_cookie.json: COOKIE False - UUIDs True - TIMING, DEVICE and ...
- user-agent=Instagram 117.0.0.28.123 Android (28/9.0; 420dpi; 1080x1920; OnePlus; ONEPLUS A3003; OnePlus3; qcom; en_US; 180322800)
- phone_id=fececc37-13fb-4ca7-b4c1-842926ac61f0
- uuid=d8c038f7-d60d-4ffc-ae20-1b8f9d340f0b
- client_session_id=74517733-9e97-4ac6-9bd3-6396afa278ed
- device_id=android-638845ae1420b535
2021-08-17 13:40:29,216 - instabot version: 0.117.0 (api_login) - INFO - Not yet logged in starting: PRE-LOGIN FLOW!
2021-08-17 13:40:29,575 - instabot version: 0.117.0 (api) - DEBUG - POST to endpoint: accounts/get_prefill_candidates/ returned response: <Response [200]>
2021-08-17 13:40:29,895 - instabot version: 0.117.0 (api) - DEBUG - POST to endpoint: qe/sync/ returned response: <Response [200]>
2021-08-17 13:40:30,207 - instabot version: 0.117.0 (api) - DEBUG - POST to endpoint: launcher/sync/ returned response: <Response [200]>
2021-08-17 13:40:30,518 - instabot version: 0.117.0 (api) - DEBUG - POST to endpoint: accounts/contact_point_prefill/ returned response: <Response [200]>
2021-08-17 13:40:32,109 - instabot version: 0.117.0 (api) - DEBUG - POST to endpoint: accounts/login/ returned response: <Response [200]>
2021-08-17 13:40:32,109 - instabot version: 0.117.0 (api) - INFO - Logged-in successfully as 'todoctordoom'!
2021-08-17 13:40:32,109 - instabot version: 0.117.0 (api_login) - INFO - LOGIN FLOW! Just logged-in: True
2021-08-17 13:40:32,445 - instabot version: 0.117.0 (api) - DEBUG - POST to endpoint: qe/sync/ returned response: <Response [200]>
2021-08-17 13:40:32,806 - instabot version: 0.117.0 (api) - DEBUG - POST to endpoint: launcher/sync/ returned response: <Response [200]>
2021-08-17 13:40:33,111 - instabot version: 0.117.0 (api) - DEBUG - GET to endpoint: zr/token/result/?device_id=android-638845ae1420b535&token_hash=&custom_device_id=android-638845ae1420b535&fetch_reason=token_expired returned response: <Response [200]>
2021-08-17 13:40:33,464 - instabot version: 0.117.0 (api) - DEBUG - GET to endpoint: multiple_accounts/get_account_family/ returned response: <Response [200]>
2021-08-17 13:40:33,801 - instabot version: 0.117.0 (api) - DEBUG - POST to endpoint: qe/sync/ returned response: <Response [200]>
2021-08-17 13:40:34,377 - instabot version: 0.117.0 (api) - DEBUG - GET to endpoint: igtv/browse_feed/?prefetch=1 returned response: <Response [200]>
2021-08-17 13:40:34,695 - instabot version: 0.117.0 (api) - DEBUG - POST to endpoint: creatives/ar_class/ returned response: <Response [200]>
2021-08-17 13:40:35,195 - instabot version: 0.117.0 (api) - DEBUG - POST to endpoint: feed/reels_tray/ returned response: <Response [200]>
2021-08-17 13:40:36,667 - instabot version: 0.117.0 (api) - DEBUG - POST to endpoint: feed/timeline/ returned response: <Response [200]>
2021-08-17 13:40:37,008 - instabot version: 0.117.0 (api) - DEBUG - GET to endpoint: media/blocked/ returned response: <Response [200]>
2021-08-17 13:40:37,866 - instabot version: 0.117.0 (api) - DEBUG - GET to endpoint: news/inbox/ returned response: <Response [200]>
2021-08-17 13:40:38,191 - instabot version: 0.117.0 (api) - DEBUG - GET to endpoint: loom/fetch_config/ returned response: <Response [200]>
2021-08-17 13:40:38,773 - instabot version: 0.117.0 (api) - DEBUG - GET to endpoint: scores/bootstrap/users/?surfaces=["autocomplete_user_list","coefficient_besties_list_ranking","coefficient_rank_recipient_user_suggestion","coefficient_ios_section_test_bootstrap_ranking","coefficient_direct_recipients_ranking_variant_2"] returned response: <Response [200]>
2021-08-17 13:40:39,116 - instabot version: 0.117.0 (api) - DEBUG - GET to endpoint: business/eligibility/get_monetization_products_eligibility_data/?product_types=branded_content returned response: <Response [200]>
2021-08-17 13:40:39,434 - instabot version: 0.117.0 (api) - DEBUG - GET to endpoint: business/branded_content/should_require_professional_account/ returned response: <Response [200]>
2021-08-17 13:40:40,303 - instabot version: 0.117.0 (api) - DEBUG - GET to endpoint: linked_accounts/get_linkage_status/ returned response: <Response [200]>
2021-08-17 13:40:40,676 - instabot version: 0.117.0 (api) - DEBUG - GET to endpoint: locations/request_country/ returned response: <Response [200]>
2021-08-17 13:40:40,975 - instabot version: 0.117.0 (api) - DEBUG - GET to endpoint: qp/get_cooldowns/?signed_body=signed_body=4b9c516a5410a3bc128e09c6104a7f042146b9c2023870560c63a43a7f66781c.4&ig_sig_key_version=4&ig_sig_key_version=4 returned response: <Response [200]>
2021-08-17 13:40:41,304 - instabot version: 0.117.0 (api) - DEBUG - GET to endpoint: users/arlink_download_info/?version_override=2.2.1 returned response: <Response [200]>
2021-08-17 13:40:42,142 - instabot version: 0.117.0 (api) - DEBUG - GET to endpoint: users/46258652727/info/ returned response: <Response [200]>
2021-08-17 13:40:42,474 - instabot version: 0.117.0 (api) - DEBUG - GET to endpoint: direct_v2/get_presence/ returned response: <Response [200]>
2021-08-17 13:40:43,220 - instabot version: 0.117.0 (api) - DEBUG - GET to endpoint: direct_v2/inbox/?visual_message_return_type=unseen&thread_message_limit=10&persistentBadging=true&limit=20 returned response: <Response [200]>
2021-08-17 13:40:43,585 - instabot version: 0.117.0 (api) - DEBUG - GET to endpoint: direct_v2/inbox/?visual_message_return_type=unseen&persistentBadging=true&limit=0 returned response: <Response [200]>
2021-08-17 13:40:44,011 - instabot version: 0.117.0 (api) - DEBUG - GET to endpoint: discover/topical_explore/?is_prefetch=true&omit_cover_media=true&use_sectional_payload=true&timezone_offset=0&session_id=74517733-9e97-4ac6-9bd3-6396afa278ed&include_fixed_destinations=true returned response: <Response [200]>
2021-08-17 13:40:44,338 - instabot version: 0.117.0 (api) - DEBUG - POST to endpoint: notifications/badge/ returned response: <Response [200]>
2021-08-17 13:40:44,942 - instabot version: 0.117.0 (api) - DEBUG - POST to endpoint: qp/batch_fetch/ returned response: <Response [200]>
2021-08-17 13:40:44,944 - instabot version: 0.117.0 (bot_checkpoint) - DEBUG - Loading Checkpoint file from: D:\searchdisaner/config/todoctordoom.checkpoint
2021-08-17 13:40:50,690 - instabot version: 0.117.0 (api) - DEBUG - GET to endpoint: feed/tag/дизайн/?max_id=&rank_token=46258652727_d8c038f7-d60d-4ffc-ae20-1b8f9d340f0b&ranked_content=true& returned response: <Response [200]>
2021-08-17 13:40:51,234 - instabot version: 0.117.0 (api) - DEBUG - GET to endpoint: users/7337005640/info/ returned response: <Response [200]>
2021-08-17 13:40:51,906 - instabot version: 0.117.0 (api) - DEBUG - GET to endpoint: users/7186940486/info/ returned response: <Response [200]>
2021-08-17 13:40:52,476 - instabot version: 0.117.0 (api) - DEBUG - GET to endpoint: users/5818631967/info/ returned response: <Response [200]>
2021-08-17 13:40:53,029 - instabot version: 0.117.0 (api) - DEBUG - GET to endpoint: users/2961678530/info/ returned response: <Response [200]>
2021-08-17 13:40:53,728 - instabot version: 0.117.0 (api) - DEBUG - GET to endpoint: users/209232636/info/ returned response: <Response [200]>
2021-08-17 13:40:54,352 - instabot version: 0.117.0 (api) - DEBUG - GET to endpoint: users/48776821055/info/ returned response: <Response [200]>
2021-08-17 13:40:55,500 - instabot version: 0.117.0 (api) - DEBUG - GET to endpoint: users/22377078075/info/ returned response: <Response [200]>
2021-08-17 13:40:56,103 - instabot version: 0.117.0 (api) - DEBUG - GET to endpoint: users/46090881946/info/ returned response: <Response [200]>
2021-08-17 13:40:56,872 - instabot version: 0.117.0 (api) - DEBUG - GET to endpoint: users/6101928837/info/ returned response: <Response [200]>
2021-08-17 13:40:57,398 - instabot version: 0.117.0 (api) - DEBUG - GET to endpoint: users/45088212761/info/ returned response: <Response [200]>
2021-08-17 13:40:58,138 - instabot version: 0.117.0 (api) - DEBUG - GET to endpoint: users/5907225619/info/ returned response: <Response [200]>
2021-08-17 13:40:58,759 - instabot version: 0.117.0 (api) - DEBUG - GET to endpoint: users/46521614090/info/ returned response: <Response [200]>
2021-08-17 13:40:59,390 - instabot version: 0.117.0 (api) - DEBUG - GET to endpoint: users/2285787881/info/ returned response: <Response [200]>
2021-08-17 13:40:59,946 - instabot version: 0.117.0 (api) - DEBUG - GET to endpoint: users/3599075387/info/ returned response: <Response [200]>
2021-08-17 13:41:00,502 - instabot version: 0.117.0 (api) - DEBUG - GET to endpoint: users/2950510692/info/ returned response: <Response [200]>
2021-08-17 13:41:01,130 - instabot version: 0.117.0 (api) - DEBUG - GET to endpoint: users/7145565804/info/ returned response: <Response [200]>
2021-08-17 13:41:01,680 - instabot version: 0.117.0 (api) - DEBUG - GET to endpoint: users/26957138065/info/ returned response: <Response [200]>
2021-08-17 13:41:02,304 - instabot version: 0.117.0 (api) - DEBUG - GET to endpoint: users/2986157848/info/ returned response: <Response [200]>
2021-08-17 13:41:02,975 - instabot version: 0.117.0 (api) - DEBUG - GET to endpoint: users/48481239928/info/ returned response: <Response [200]>
2021-08-17 13:41:03,682 - instabot version: 0.117.0 (api) - DEBUG - GET to endpoint: users/39388595497/info/ returned response: <Response [200]>
2021-08-17 13:41:04,259 - instabot version: 0.117.0 (api) - DEBUG - GET to endpoint: users/44786478780/info/ returned response: <Response [200]>
2021-08-17 13:41:04,685 - instabot version: 0.117.0 (api) - DEBUG - GET to endpoint: users/3747938027/info/ returned response: <Response [200]>
2021-08-17 13:41:05,252 - instabot version: 0.117.0 (api) - DEBUG - GET to endpoint: users/48551649807/info/ returned response: <Response [200]>
2021-08-17 13:41:05,895 - instabot version: 0.117.0 (api) - DEBUG - GET to endpoint: users/45674153570/info/ returned response: <Response [200]>
2021-08-17 13:41:06,535 - instabot version: 0.117.0 (api) - DEBUG - GET to endpoint: users/45566411815/info/ returned response: <Response [200]>
2021-08-17 13:41:07,050 - instabot version: 0.117.0 (api) - DEBUG - GET to endpoint: users/48899444357/info/ returned response: <Response [200]>
2021-08-17 13:41:08,658 - instabot version: 0.117.0 (api) - DEBUG - GET to endpoint: users/37803854422/info/ returned response: <Response [200]>
2021-08-17 13:41:09,342 - instabot version: 0.117.0 (api) - DEBUG - GET to endpoint: users/1631751126/info/ returned response: <Response [200]>
2021-08-17 13:41:09,995 - instabot version: 0.117.0 (api) - DEBUG - GET to endpoint: users/7496613166/info/ returned response: <Response [200]>
2021-08-17 13:41:10,489 - instabot version: 0.117.0 (api) - DEBUG - GET to endpoint: users/6277705516/info/ returned response: <Response [200]>
2021-08-17 13:41:11,086 - instabot version: 0.117.0 (api) - DEBUG - GET to endpoint: users/3059962588/info/ returned response: <Response [200]>
2021-08-17 13:41:11,640 - instabot version: 0.117.0 (api) - DEBUG - GET to endpoint: users/25721435143/info/ returned response: <Response [200]>
2021-08-17 13:41:12,276 - instabot version: 0.117.0 (api) - DEBUG - GET to endpoint: users/48264303071/info/ returned response: <Response [200]>
2021-08-17 13:41:13,062 - instabot version: 0.117.0 (api) - DEBUG - GET to endpoint: users/1517806318/info/ returned response: <Response [200]>
2021-08-17 13:41:13,602 - instabot version: 0.117.0 (api) - DEBUG - GET to endpoint: users/399999340/info/ returned response: <Response [200]>
2021-08-17 13:41:14,103 - instabot version: 0.117.0 (api) - DEBUG - GET to endpoint: users/8163358488/info/ returned response: <Response [200]>
2021-08-17 13:41:14,786 - instabot version: 0.117.0 (api) - DEBUG - GET to endpoint: users/4797164448/info/ returned response: <Response [200]>
2021-08-17 13:41:15,674 - instabot version: 0.117.0 (api) - DEBUG - GET to endpoint: users/5847930/info/ returned response: <Response [200]>
2021-08-17 13:41:16,354 - instabot version: 0.117.0 (api) - DEBUG - GET to endpoint: users/9870886276/info/ returned response: <Response [200]>
2021-08-17 13:41:17,051 - instabot version: 0.117.0 (api) - DEBUG - GET to endpoint: users/2069350637/info/ returned response: <Response [200]>
2021-08-17 13:41:17,671 - instabot version: 0.117.0 (api) - DEBUG - GET to endpoint: users/47913363762/info/ returned response: <Response [200]>
2021-08-17 13:41:18,297 - instabot version: 0.117.0 (api) - DEBUG - GET to endpoint: users/9046437041/info/ returned response: <Response [200]>
2021-08-17 13:41:18,853 - instabot version: 0.117.0 (api) - DEBUG - GET to endpoint: users/1430560152/info/ returned response: <Response [200]>
2021-08-17 13:41:19,431 - instabot version: 0.117.0 (api) - DEBUG - GET to endpoint: users/5948791098/info/ returned response: <Response [200]>
2021-08-17 13:41:20,026 - instabot version: 0.117.0 (api) - DEBUG - GET to endpoint: users/5892534243/info/ returned response: <Response [200]>
2021-08-17 13:41:20,575 - instabot version: 0.117.0 (api) - DEBUG - GET to endpoint: users/14561692573/info/ returned response: <Response [200]>
2021-08-17 13:41:21,272 - instabot version: 0.117.0 (api) - DEBUG - GET to endpoint: users/8221110821/info/ returned response: <Response [200]>
2021-08-17 13:41:21,788 - instabot version: 0.117.0 (api) - DEBUG - GET to endpoint: users/23165512634/info/ returned response: <Response [200]>
2021-08-17 13:41:22,356 - instabot version: 0.117.0 (api) - DEBUG - GET to endpoint: users/47411270732/info/ returned response: <Response [200]>
2021-08-17 13:41:23,034 - instabot version: 0.117.0 (api) - DEBUG - GET to endpoint: users/6731579686/info/ returned response: <Response [200]>
2021-08-17 13:41:23,652 - instabot version: 0.117.0 (api) - DEBUG - GET to endpoint: users/49021220035/info/ returned response: <Response [200]>
2021-08-17 13:41:24,583 - instabot version: 0.117.0 (api) - DEBUG - GET to endpoint: users/10937629852/info/ returned response: <Response [200]>
2021-08-17 13:41:25,141 - instabot version: 0.117.0 (api) - DEBUG - GET to endpoint: users/1837449260/info/ returned response: <Response [200]>
2021-08-17 13:41:25,817 - instabot version: 0.117.0 (api) - DEBUG - GET to endpoint: users/5362981131/info/ returned response: <Response [200]>
2021-08-17 13:41:26,341 - instabot version: 0.117.0 (api) - DEBUG - GET to endpoint: users/1599687971/info/ returned response: <Response [200]>
2021-08-17 13:41:26,971 - instabot version: 0.117.0 (api) - DEBUG - GET to endpoint: users/45336032343/info/ returned response: <Response [200]>
2021-08-17 13:41:27,815 - instabot version: 0.117.0 (api) - DEBUG - GET to endpoint: users/38242228420/info/ returned response: <Response [200]>
2021-08-17 13:41:28,324 - instabot version: 0.117.0 (api) - DEBUG - GET to endpoint: users/47728584163/info/ returned response: <Response [200]>
2021-08-17 13:41:28,887 - instabot version: 0.117.0 (api) - DEBUG - GET to endpoint: users/39608468679/info/ returned response: <Response [200]>
2021-08-17 13:41:29,585 - instabot version: 0.117.0 (api) - DEBUG - GET to endpoint: users/6005125346/info/ returned response: <Response [200]>
2021-08-17 13:41:30,487 - instabot version: 0.117.0 (api) - DEBUG - GET to endpoint: users/43620212933/info/ returned response: <Response [200]>
2021-08-17 13:41:31,307 - instabot version: 0.117.0 (api) - DEBUG - GET to endpoint: users/4809401352/info/ returned response: <Response [200]>
2021-08-17 13:41:32,164 - instabot version: 0.117.0 (api) - DEBUG - GET to endpoint: users/49208373798/info/ returned response: <Response [200]>
2021-08-17 13:41:32,766 - instabot version: 0.117.0 (api) - DEBUG - GET to endpoint: users/20504687243/info/ returned response: <Response [200]>
2021-08-17 13:41:33,327 - instabot version: 0.117.0 (api) - DEBUG - GET to endpoint: users/1700221664/info/ returned response: <Response [200]>
2021-08-17 13:41:33,884 - instabot version: 0.117.0 (api) - DEBUG - GET to endpoint: users/2213502781/info/ returned response: <Response [200]>
2021-08-17 13:41:34,434 - instabot version: 0.117.0 (api) - DEBUG - GET to endpoint: users/18658349608/info/ returned response: <Response [200]>
2021-08-17 13:41:34,967 - instabot version: 0.117.0 (api) - DEBUG - GET to endpoint: users/48395240269/info/ returned response: <Response [200]>
2021-08-17 13:41:35,631 - instabot version: 0.117.0 (api) - DEBUG - GET to endpoint: users/22714077248/info/ returned response: <Response [200]>
2021-08-17 13:41:41,404 - instabot version: 0.117.0 (api) - DEBUG - GET to endpoint: feed/tag/дизайнер/?max_id=&rank_token=46258652727_d8c038f7-d60d-4ffc-ae20-1b8f9d340f0b&ranked_content=true& returned response: <Response [200]>
2021-08-17 13:41:41,962 - instabot version: 0.117.0 (api) - DEBUG - GET to endpoint: users/2994938597/info/ returned response: <Response [200]>
2021-08-17 13:41:42,736 - instabot version: 0.117.0 (api) - DEBUG - GET to endpoint: users/3989853993/info/ returned response: <Response [200]>
2021-08-17 13:41:43,235 - instabot version: 0.117.0 (api) - DEBUG - GET to endpoint: users/7827357113/info/ returned response: <Response [200]>
2021-08-17 13:41:43,796 - instabot version: 0.117.0 (api) - DEBUG - GET to endpoint: users/11847138361/info/ returned response: <Response [200]>
2021-08-17 13:41:44,370 - instabot version: 0.117.0 (api) - DEBUG - GET to endpoint: users/625419808/info/ returned response: <Response [200]>
2021-08-17 13:41:44,957 - instabot version: 0.117.0 (api) - DEBUG - GET to endpoint: users/2097094629/info/ returned response: <Response [200]>
2021-08-17 13:41:45,711 - instabot version: 0.117.0 (api) - DEBUG - GET to endpoint: users/910136303/info/ returned response: <Response [200]>
2021-08-17 13:41:46,231 - instabot version: 0.117.0 (api) - DEBUG - GET to endpoint: users/40122008820/info/ returned response: <Response [200]>
2021-08-17 13:41:46,859 - instabot version: 0.117.0 (api) - DEBUG - GET to endpoint: users/1473012567/info/ returned response: <Response [200]>
2021-08-17 13:41:47,446 - instabot version: 0.117.0 (api) - DEBUG - GET to endpoint: users/7389907810/info/ returned response: <Response [200]>
2021-08-17 13:41:48,065 - instabot version: 0.117.0 (api) - DEBUG - GET to endpoint: users/5637845927/info/ returned response: <Response [200]>
2021-08-17 13:41:48,753 - instabot version: 0.117.0 (api) - DEBUG - GET to endpoint: users/30372721105/info/ returned response: <Response [200]>
2021-08-17 13:41:49,342 - instabot version: 0.117.0 (api) - DEBUG - GET to endpoint: users/46193786309/info/ returned response: <Response [200]>
2021-08-17 13:41:49,952 - instabot version: 0.117.0 (api) - DEBUG - GET to endpoint: users/48810357878/info/ returned response: <Response [200]>
2021-08-17 13:41:50,473 - instabot version: 0.117.0 (api) - DEBUG - GET to endpoint: users/3235561839/info/ returned response: <Response [200]>
2021-08-17 13:41:50,973 - instabot version: 0.117.0 (api) - DEBUG - GET to endpoint: users/1032745635/info/ returned response: <Response [200]>
2021-08-17 13:41:51,663 - instabot version: 0.117.0 (api) - DEBUG - GET to endpoint: users/44682430139/info/ returned response: <Response [200]>
2021-08-17 13:41:52,200 - instabot version: 0.117.0 (api) - DEBUG - GET to endpoint: users/2213713499/info/ returned response: <Response [200]>
2021-08-17 13:41:52,602 - instabot version: 0.117.0 (api) - DEBUG - GET to endpoint: users/48917129426/info/ returned response: <Response [200]>
2021-08-17 13:41:53,070 - instabot version: 0.117.0 (api) - DEBUG - GET to endpoint: users/46430088901/info/ returned response: <Response [200]>
2021-08-17 13:41:53,623 - instabot version: 0.117.0 (api) - DEBUG - GET to endpoint: users/2672467603/info/ returned response: <Response [200]>
2021-08-17 13:41:54,149 - instabot version: 0.117.0 (api) - DEBUG - GET to endpoint: users/11593561714/info/ returned response: <Response [200]>
2021-08-17 13:41:55,201 - instabot version: 0.117.0 (api) - DEBUG - GET to endpoint: users/11761655511/info/ returned response: <Response [200]>
2021-08-17 13:41:55,664 - instabot version: 0.117.0 (api) - DEBUG - GET to endpoint: users/49028901991/info/ returned response: <Response [200]>
2021-08-17 13:41:56,063 - instabot version: 0.117.0 (api) - DEBUG - GET to endpoint: users/7467055524/info/ returned response: <Response [200]>
2021-08-17 13:41:56,471 - instabot version: 0.117.0 (api) - DEBUG - GET to endpoint: users/46498137470/info/ returned response: <Response [200]>
2021-08-17 13:41:57,026 - instabot version: 0.117.0 (api) - DEBUG - GET to endpoint: users/1788100431/info/ returned response: <Response [200]>
2021-08-17 13:41:57,421 - instabot version: 0.117.0 (api) - DEBUG - GET to endpoint: users/49002938429/info/ returned response: <Response [200]>
2021-08-17 13:41:58,026 - instabot version: 0.117.0 (api) - DEBUG - GET to endpoint: users/48294618354/info/ returned response: <Response [200]>
2021-08-17 13:41:58,520 - instabot version: 0.117.0 (api) - DEBUG - GET to endpoint: users/8058638826/info/ returned response: <Response [200]>
2021-08-17 13:41:59,117 - instabot version: 0.117.0 (api) - DEBUG - GET to endpoint: users/7124004551/info/ returned response: <Response [200]>
2021-08-17 13:41:59,836 - instabot version: 0.117.0 (api) - DEBUG - GET to endpoint: users/3258283293/info/ returned response: <Response [200]>
2021-08-17 13:42:01,129 - instabot version: 0.117.0 (api) - DEBUG - GET to endpoint: users/48575988116/info/ returned response: <Response [200]>
2021-08-17 13:42:01,551 - instabot version: 0.117.0 (api) - DEBUG - GET to endpoint: users/4135413446/info/ returned response: <Response [200]>
2021-08-17 13:42:02,083 - instabot version: 0.117.0 (api) - DEBUG - GET to endpoint: users/31996165013/info/ returned response: <Response [200]>
2021-08-17 13:42:02,651 - instabot version: 0.117.0 (api) - DEBUG - GET to endpoint: users/6375481178/info/ returned response: <Response [200]>
2021-08-17 13:42:03,212 - instabot version: 0.117.0 (api) - DEBUG - GET to endpoint: users/1496759087/info/ returned response: <Response [200]>
2021-08-17 13:42:03,854 - instabot version: 0.117.0 (api) - DEBUG - GET to endpoint: users/1292594785/info/ returned response: <Response [200]>
2021-08-17 13:42:04,439 - instabot version: 0.117.0 (api) - DEBUG - GET to endpoint: users/421175476/info/ returned response: <Response [200]>
2021-08-17 13:42:05,060 - instabot version: 0.117.0 (api) - DEBUG - GET to endpoint: users/6151833747/info/ returned response: <Response [200]>
2021-08-17 13:42:05,632 - instabot version: 0.117.0 (api) - DEBUG - GET to endpoint: users/6214467171/info/ returned response: <Response [200]>
2021-08-17 13:42:06,349 - instabot version: 0.117.0 (api) - DEBUG - GET to endpoint: users/14308451667/info/ returned response: <Response [200]>
2021-08-17 13:42:06,868 - instabot version: 0.117.0 (api) - DEBUG - GET to endpoint: users/1041819715/info/ returned response: <Response [200]>
2021-08-17 13:42:07,285 - instabot version: 0.117.0 (api) - DEBUG - GET to endpoint: users/7752588351/info/ returned response: <Response [200]>
2021-08-17 13:42:07,923 - instabot version: 0.117.0 (api) - DEBUG - GET to endpoint: users/5957169512/info/ returned response: <Response [200]>
2021-08-17 13:42:08,474 - instabot version: 0.117.0 (api) - DEBUG - GET to endpoint: users/4534859522/info/ returned response: <Response [200]>
2021-08-17 13:42:09,128 - instabot version: 0.117.0 (api) - DEBUG - GET to endpoint: users/201048341/info/ returned response: <Response [200]>
2021-08-17 13:42:09,642 - instabot version: 0.117.0 (api) - DEBUG - GET to endpoint: users/3122868757/info/ returned response: <Response [200]>
2021-08-17 13:42:10,161 - instabot version: 0.117.0 (api) - DEBUG - GET to endpoint: users/47734692526/info/ returned response: <Response [200]>
2021-08-17 13:42:10,748 - instabot version: 0.117.0 (api) - DEBUG - GET to endpoint: users/45604314608/info/ returned response: <Response [200]>
