2021-08-17 15:19:08,258 - instabot version: 0.117.0 (bot) - INFO - Instabot version: 0.117.0 Started
2021-08-17 15:19:08,259 - instabot version: 0.117.0 (bot) - DEBUG - Bot imported from D:\searchdisaner\venv\lib\site-packages\instabot\bot\bot.py
2021-08-17 15:19:08,259 - instabot version: 0.117.0 (api_login) - DEBUG - Loading uuids
2021-08-17 15:19:08,259 - instabot version: 0.117.0 (api_login) - INFO - Recovery from D:\searchdisaner/config/todoctordoom_uuid_and_cookie.json: COOKIE False - UUIDs True - TIMING, DEVICE and ...
- user-agent=Instagram 117.0.0.28.123 Android (28/9.0; 420dpi; 1080x1920; OnePlus; ONEPLUS A3003; OnePlus3; qcom; en_US; 180322800)
- phone_id=fececc37-13fb-4ca7-b4c1-842926ac61f0
- uuid=d8c038f7-d60d-4ffc-ae20-1b8f9d340f0b
- client_session_id=74517733-9e97-4ac6-9bd3-6396afa278ed
- device_id=android-638845ae1420b535
2021-08-17 15:19:08,262 - instabot version: 0.117.0 (api_login) - INFO - Not yet logged in starting: PRE-LOGIN FLOW!
2021-08-17 15:19:08,593 - instabot version: 0.117.0 (api) - DEBUG - POST to endpoint: accounts/get_prefill_candidates/ returned response: <Response [200]>
2021-08-17 15:19:08,899 - instabot version: 0.117.0 (api) - DEBUG - POST to endpoint: qe/sync/ returned response: <Response [200]>
2021-08-17 15:19:09,223 - instabot version: 0.117.0 (api) - DEBUG - POST to endpoint: launcher/sync/ returned response: <Response [200]>
2021-08-17 15:19:09,542 - instabot version: 0.117.0 (api) - DEBUG - POST to endpoint: accounts/contact_point_prefill/ returned response: <Response [200]>
2021-08-17 15:19:11,508 - instabot version: 0.117.0 (api) - DEBUG - POST to endpoint: accounts/login/ returned response: <Response [200]>
2021-08-17 15:19:11,508 - instabot version: 0.117.0 (api) - INFO - Logged-in successfully as 'todoctordoom'!
2021-08-17 15:19:11,508 - instabot version: 0.117.0 (api_login) - INFO - LOGIN FLOW! Just logged-in: True
2021-08-17 15:19:11,839 - instabot version: 0.117.0 (api) - DEBUG - POST to endpoint: qe/sync/ returned response: <Response [200]>
2021-08-17 15:19:12,198 - instabot version: 0.117.0 (api) - DEBUG - POST to endpoint: launcher/sync/ returned response: <Response [200]>
2021-08-17 15:19:12,534 - instabot version: 0.117.0 (api) - DEBUG - GET to endpoint: zr/token/result/?device_id=android-638845ae1420b535&token_hash=&custom_device_id=android-638845ae1420b535&fetch_reason=token_expired returned response: <Response [200]>
2021-08-17 15:19:12,856 - instabot version: 0.117.0 (api) - DEBUG - GET to endpoint: multiple_accounts/get_account_family/ returned response: <Response [200]>
2021-08-17 15:19:13,186 - instabot version: 0.117.0 (api) - DEBUG - POST to endpoint: qe/sync/ returned response: <Response [200]>
2021-08-17 15:19:13,718 - instabot version: 0.117.0 (api) - DEBUG - GET to endpoint: igtv/browse_feed/?prefetch=1 returned response: <Response [200]>
2021-08-17 15:19:14,024 - instabot version: 0.117.0 (api) - DEBUG - POST to endpoint: creatives/ar_class/ returned response: <Response [200]>
2021-08-17 15:19:14,495 - instabot version: 0.117.0 (api) - DEBUG - POST to endpoint: feed/reels_tray/ returned response: <Response [200]>
2021-08-17 15:19:16,636 - instabot version: 0.117.0 (api) - DEBUG - POST to endpoint: feed/timeline/ returned response: <Response [200]>
2021-08-17 15:19:16,977 - instabot version: 0.117.0 (api) - DEBUG - GET to endpoint: media/blocked/ returned response: <Response [200]>
2021-08-17 15:19:17,916 - instabot version: 0.117.0 (api) - DEBUG - GET to endpoint: news/inbox/ returned response: <Response [200]>
2021-08-17 15:19:18,248 - instabot version: 0.117.0 (api) - DEBUG - GET to endpoint: loom/fetch_config/ returned response: <Response [200]>
2021-08-17 15:19:18,820 - instabot version: 0.117.0 (api) - DEBUG - GET to endpoint: scores/bootstrap/users/?surfaces=["autocomplete_user_list","coefficient_besties_list_ranking","coefficient_rank_recipient_user_suggestion","coefficient_ios_section_test_bootstrap_ranking","coefficient_direct_recipients_ranking_variant_2"] returned response: <Response [200]>
2021-08-17 15:19:19,180 - instabot version: 0.117.0 (api) - DEBUG - GET to endpoint: business/eligibility/get_monetization_products_eligibility_data/?product_types=branded_content returned response: <Response [200]>
2021-08-17 15:19:19,504 - instabot version: 0.117.0 (api) - DEBUG - GET to endpoint: business/branded_content/should_require_professional_account/ returned response: <Response [200]>
2021-08-17 15:19:20,190 - instabot version: 0.117.0 (api) - DEBUG - GET to endpoint: linked_accounts/get_linkage_status/ returned response: <Response [200]>
2021-08-17 15:19:20,545 - instabot version: 0.117.0 (api) - DEBUG - GET to endpoint: locations/request_country/ returned response: <Response [200]>
2021-08-17 15:19:20,857 - instabot version: 0.117.0 (api) - DEBUG - GET to endpoint: qp/get_cooldowns/?signed_body=signed_body=4b9c516a5410a3bc128e09c6104a7f042146b9c2023870560c63a43a7f66781c.4&ig_sig_key_version=4&ig_sig_key_version=4 returned response: <Response [200]>
2021-08-17 15:19:21,229 - instabot version: 0.117.0 (api) - DEBUG - GET to endpoint: users/arlink_download_info/?version_override=2.2.1 returned response: <Response [200]>
2021-08-17 15:19:22,660 - instabot version: 0.117.0 (api) - DEBUG - GET to endpoint: users/46258652727/info/ returned response: <Response [200]>
2021-08-17 15:19:22,995 - instabot version: 0.117.0 (api) - DEBUG - GET to endpoint: direct_v2/get_presence/ returned response: <Response [200]>
2021-08-17 15:19:23,385 - instabot version: 0.117.0 (api) - DEBUG - GET to endpoint: direct_v2/inbox/?visual_message_return_type=unseen&thread_message_limit=10&persistentBadging=true&limit=20 returned response: <Response [200]>
2021-08-17 15:19:23,831 - instabot version: 0.117.0 (api) - DEBUG - GET to endpoint: direct_v2/inbox/?visual_message_return_type=unseen&persistentBadging=true&limit=0 returned response: <Response [200]>
2021-08-17 15:19:24,303 - instabot version: 0.117.0 (api) - DEBUG - GET to endpoint: discover/topical_explore/?is_prefetch=true&omit_cover_media=true&use_sectional_payload=true&timezone_offset=0&session_id=74517733-9e97-4ac6-9bd3-6396afa278ed&include_fixed_destinations=true returned response: <Response [200]>
2021-08-17 15:19:24,610 - instabot version: 0.117.0 (api) - DEBUG - POST to endpoint: notifications/badge/ returned response: <Response [200]>
2021-08-17 15:19:25,179 - instabot version: 0.117.0 (api) - DEBUG - POST to endpoint: qp/batch_fetch/ returned response: <Response [200]>
2021-08-17 15:19:25,179 - instabot version: 0.117.0 (bot_checkpoint) - DEBUG - Loading Checkpoint file from: D:\searchdisaner/config/todoctordoom.checkpoint
2021-08-17 15:19:31,336 - instabot version: 0.117.0 (api) - DEBUG - GET to endpoint: feed/tag/дизайн/?max_id=&rank_token=46258652727_d8c038f7-d60d-4ffc-ae20-1b8f9d340f0b&ranked_content=true& returned response: <Response [200]>
2021-08-17 15:19:32,139 - instabot version: 0.117.0 (api) - DEBUG - GET to endpoint: users/24403741077/info/ returned response: <Response [200]>
2021-08-17 15:19:32,796 - instabot version: 0.117.0 (api) - DEBUG - GET to endpoint: users/15707181435/info/ returned response: <Response [200]>
2021-08-17 15:19:33,343 - instabot version: 0.117.0 (api) - DEBUG - GET to endpoint: users/48912882906/info/ returned response: <Response [200]>
2021-08-17 15:19:33,941 - instabot version: 0.117.0 (api) - DEBUG - GET to endpoint: users/5811411415/info/ returned response: <Response [200]>
2021-08-17 15:19:34,721 - instabot version: 0.117.0 (api) - DEBUG - GET to endpoint: users/40123843947/info/ returned response: <Response [200]>
2021-08-17 15:19:35,485 - instabot version: 0.117.0 (api) - DEBUG - GET to endpoint: users/48542993223/info/ returned response: <Response [200]>
2021-08-17 15:19:36,137 - instabot version: 0.117.0 (api) - DEBUG - GET to endpoint: users/3895979998/info/ returned response: <Response [200]>
2021-08-17 15:19:36,597 - instabot version: 0.117.0 (api) - DEBUG - GET to endpoint: users/43896412438/info/ returned response: <Response [200]>
2021-08-17 15:19:37,162 - instabot version: 0.117.0 (api) - DEBUG - GET to endpoint: users/5761724282/info/ returned response: <Response [200]>
2021-08-17 15:19:38,185 - instabot version: 0.117.0 (api) - DEBUG - GET to endpoint: users/4141841921/info/ returned response: <Response [200]>
2021-08-17 15:19:38,701 - instabot version: 0.117.0 (api) - DEBUG - GET to endpoint: users/2291785340/info/ returned response: <Response [200]>
2021-08-17 15:19:39,129 - instabot version: 0.117.0 (api) - DEBUG - GET to endpoint: users/48909268885/info/ returned response: <Response [200]>
2021-08-17 15:19:39,925 - instabot version: 0.117.0 (api) - DEBUG - GET to endpoint: users/3147566072/info/ returned response: <Response [200]>
2021-08-17 15:19:40,759 - instabot version: 0.117.0 (api) - DEBUG - GET to endpoint: users/49018220490/info/ returned response: <Response [200]>
2021-08-17 15:19:41,833 - instabot version: 0.117.0 (api) - DEBUG - GET to endpoint: users/3900719878/info/ returned response: <Response [200]>
2021-08-17 15:19:42,438 - instabot version: 0.117.0 (api) - DEBUG - GET to endpoint: users/48212311564/info/ returned response: <Response [200]>
2021-08-17 15:19:42,942 - instabot version: 0.117.0 (api) - DEBUG - GET to endpoint: users/21612811309/info/ returned response: <Response [200]>
2021-08-17 15:19:43,721 - instabot version: 0.117.0 (api) - DEBUG - GET to endpoint: users/7907301622/info/ returned response: <Response [200]>
2021-08-17 15:19:44,305 - instabot version: 0.117.0 (api) - DEBUG - GET to endpoint: users/5889032404/info/ returned response: <Response [200]>
2021-08-17 15:19:45,257 - instabot version: 0.117.0 (api) - DEBUG - GET to endpoint: users/3986744279/info/ returned response: <Response [200]>
2021-08-17 15:19:45,897 - instabot version: 0.117.0 (api) - DEBUG - GET to endpoint: users/5338042704/info/ returned response: <Response [200]>
2021-08-17 15:19:46,572 - instabot version: 0.117.0 (api) - DEBUG - GET to endpoint: users/4039679480/info/ returned response: <Response [200]>
2021-08-17 15:19:47,453 - instabot version: 0.117.0 (api) - DEBUG - GET to endpoint: users/31998160724/info/ returned response: <Response [200]>
2021-08-17 15:19:47,950 - instabot version: 0.117.0 (api) - DEBUG - GET to endpoint: users/4492288677/info/ returned response: <Response [200]>
2021-08-17 15:19:48,802 - instabot version: 0.117.0 (api) - DEBUG - GET to endpoint: users/420187123/info/ returned response: <Response [200]>
2021-08-17 15:19:49,435 - instabot version: 0.117.0 (api) - DEBUG - GET to endpoint: users/1597036018/info/ returned response: <Response [200]>
2021-08-17 15:19:49,977 - instabot version: 0.117.0 (api) - DEBUG - GET to endpoint: users/5663449297/info/ returned response: <Response [200]>
2021-08-17 15:19:50,583 - instabot version: 0.117.0 (api) - DEBUG - GET to endpoint: users/2905147177/info/ returned response: <Response [200]>
2021-08-17 15:19:51,570 - instabot version: 0.117.0 (api) - DEBUG - GET to endpoint: users/48114074841/info/ returned response: <Response [200]>
2021-08-17 15:19:52,104 - instabot version: 0.117.0 (api) - DEBUG - GET to endpoint: users/1375524546/info/ returned response: <Response [200]>
2021-08-17 15:19:53,341 - instabot version: 0.117.0 (api) - DEBUG - GET to endpoint: users/5907225619/info/ returned response: <Response [200]>
2021-08-17 15:19:54,228 - instabot version: 0.117.0 (api) - DEBUG - GET to endpoint: users/4006177951/info/ returned response: <Response [200]>
2021-08-17 15:19:54,914 - instabot version: 0.117.0 (api) - DEBUG - GET to endpoint: users/20180728011/info/ returned response: <Response [200]>
2021-08-17 15:19:55,594 - instabot version: 0.117.0 (api) - DEBUG - GET to endpoint: users/438422056/info/ returned response: <Response [200]>
2021-08-17 15:19:56,185 - instabot version: 0.117.0 (api) - DEBUG - GET to endpoint: users/5681879344/info/ returned response: <Response [200]>
2021-08-17 15:19:56,979 - instabot version: 0.117.0 (api) - DEBUG - GET to endpoint: users/1600433720/info/ returned response: <Response [200]>
2021-08-17 15:19:58,120 - instabot version: 0.117.0 (api) - DEBUG - GET to endpoint: users/5923182020/info/ returned response: <Response [200]>
2021-08-17 15:19:58,779 - instabot version: 0.117.0 (api) - DEBUG - GET to endpoint: users/1818687841/info/ returned response: <Response [200]>
2021-08-17 15:19:59,621 - instabot version: 0.117.0 (api) - DEBUG - GET to endpoint: users/44945269008/info/ returned response: <Response [200]>
2021-08-17 15:20:00,311 - instabot version: 0.117.0 (api) - DEBUG - GET to endpoint: users/4189773528/info/ returned response: <Response [200]>
2021-08-17 15:20:00,881 - instabot version: 0.117.0 (api) - DEBUG - GET to endpoint: users/9981463411/info/ returned response: <Response [200]>
2021-08-17 15:20:01,798 - instabot version: 0.117.0 (api) - DEBUG - GET to endpoint: users/3514888310/info/ returned response: <Response [200]>
2021-08-17 15:20:02,363 - instabot version: 0.117.0 (api) - DEBUG - GET to endpoint: users/46521614090/info/ returned response: <Response [200]>
2021-08-17 15:20:03,069 - instabot version: 0.117.0 (api) - DEBUG - GET to endpoint: users/47447581880/info/ returned response: <Response [200]>
2021-08-17 15:20:03,664 - instabot version: 0.117.0 (api) - DEBUG - GET to endpoint: users/41017424129/info/ returned response: <Response [200]>
2021-08-17 15:20:04,301 - instabot version: 0.117.0 (api) - DEBUG - GET to endpoint: users/43895611722/info/ returned response: <Response [200]>
2021-08-17 15:20:04,955 - instabot version: 0.117.0 (api) - DEBUG - GET to endpoint: users/7512679006/info/ returned response: <Response [200]>
2021-08-17 15:20:05,691 - instabot version: 0.117.0 (api) - DEBUG - GET to endpoint: users/1269308157/info/ returned response: <Response [200]>
2021-08-17 15:20:06,223 - instabot version: 0.117.0 (api) - DEBUG - GET to endpoint: users/44365316259/info/ returned response: <Response [200]>
2021-08-17 15:20:06,894 - instabot version: 0.117.0 (api) - DEBUG - GET to endpoint: users/47767608294/info/ returned response: <Response [200]>
2021-08-17 15:20:07,679 - instabot version: 0.117.0 (api) - DEBUG - GET to endpoint: users/31128077065/info/ returned response: <Response [200]>
2021-08-17 15:20:08,443 - instabot version: 0.117.0 (api) - DEBUG - GET to endpoint: users/6324530141/info/ returned response: <Response [200]>
2021-08-17 15:20:09,273 - instabot version: 0.117.0 (api) - DEBUG - GET to endpoint: users/5277307144/info/ returned response: <Response [200]>
2021-08-17 15:20:09,885 - instabot version: 0.117.0 (api) - DEBUG - GET to endpoint: users/3151066787/info/ returned response: <Response [200]>
2021-08-17 15:20:10,702 - instabot version: 0.117.0 (api) - DEBUG - GET to endpoint: users/10705094344/info/ returned response: <Response [200]>
2021-08-17 15:20:17,006 - instabot version: 0.117.0 (api) - DEBUG - GET to endpoint: feed/tag/дизайнер/?max_id=&rank_token=46258652727_d8c038f7-d60d-4ffc-ae20-1b8f9d340f0b&ranked_content=true& returned response: <Response [200]>
2021-08-17 15:20:17,801 - instabot version: 0.117.0 (api) - DEBUG - GET to endpoint: users/3056267472/info/ returned response: <Response [200]>
2021-08-17 15:20:18,646 - instabot version: 0.117.0 (api) - DEBUG - GET to endpoint: users/3534084913/info/ returned response: <Response [200]>
2021-08-17 15:20:19,250 - instabot version: 0.117.0 (api) - DEBUG - GET to endpoint: users/300633721/info/ returned response: <Response [200]>
2021-08-17 15:20:20,228 - instabot version: 0.117.0 (api) - DEBUG - GET to endpoint: users/2206162929/info/ returned response: <Response [200]>
2021-08-17 15:20:20,846 - instabot version: 0.117.0 (api) - DEBUG - GET to endpoint: users/34731943213/info/ returned response: <Response [200]>
2021-08-17 15:20:21,974 - instabot version: 0.117.0 (api) - DEBUG - GET to endpoint: users/8624861104/info/ returned response: <Response [200]>
2021-08-17 15:20:22,539 - instabot version: 0.117.0 (api) - DEBUG - GET to endpoint: users/48930842585/info/ returned response: <Response [200]>
2021-08-17 15:20:23,081 - instabot version: 0.117.0 (api) - DEBUG - GET to endpoint: users/35463812027/info/ returned response: <Response [200]>
2021-08-17 15:20:23,854 - instabot version: 0.117.0 (api) - DEBUG - GET to endpoint: users/3607270037/info/ returned response: <Response [200]>
2021-08-17 15:20:24,521 - instabot version: 0.117.0 (api) - DEBUG - GET to endpoint: users/8687661758/info/ returned response: <Response [200]>
2021-08-17 15:20:24,957 - instabot version: 0.117.0 (api) - DEBUG - GET to endpoint: users/7642659948/info/ returned response: <Response [200]>
2021-08-17 15:20:25,625 - instabot version: 0.117.0 (api) - DEBUG - GET to endpoint: users/3517400988/info/ returned response: <Response [200]>
2021-08-17 15:20:26,487 - instabot version: 0.117.0 (api) - DEBUG - GET to endpoint: users/6056341882/info/ returned response: <Response [200]>
2021-08-17 15:20:27,251 - instabot version: 0.117.0 (api) - DEBUG - GET to endpoint: users/48686180578/info/ returned response: <Response [200]>
2021-08-17 15:20:28,029 - instabot version: 0.117.0 (api) - DEBUG - GET to endpoint: users/34368592522/info/ returned response: <Response [200]>
2021-08-17 15:20:28,962 - instabot version: 0.117.0 (api) - DEBUG - GET to endpoint: users/28827318205/info/ returned response: <Response [200]>
2021-08-17 15:20:29,684 - instabot version: 0.117.0 (api) - DEBUG - GET to endpoint: users/47817928355/info/ returned response: <Response [200]>
2021-08-17 15:20:30,234 - instabot version: 0.117.0 (api) - DEBUG - GET to endpoint: users/47719195489/info/ returned response: <Response [200]>
2021-08-17 15:20:30,895 - instabot version: 0.117.0 (api) - DEBUG - GET to endpoint: users/3971382954/info/ returned response: <Response [200]>
2021-08-17 15:20:31,694 - instabot version: 0.117.0 (api) - DEBUG - GET to endpoint: users/48301855858/info/ returned response: <Response [200]>
2021-08-17 15:20:32,274 - instabot version: 0.117.0 (api) - DEBUG - GET to endpoint: users/1409859385/info/ returned response: <Response [200]>
2021-08-17 15:20:33,017 - instabot version: 0.117.0 (api) - DEBUG - GET to endpoint: users/5454656140/info/ returned response: <Response [200]>
2021-08-17 15:20:33,774 - instabot version: 0.117.0 (api) - DEBUG - GET to endpoint: users/5797266228/info/ returned response: <Response [200]>
2021-08-17 15:20:34,539 - instabot version: 0.117.0 (api) - DEBUG - GET to endpoint: users/3720533288/info/ returned response: <Response [200]>
2021-08-17 15:20:35,153 - instabot version: 0.117.0 (api) - DEBUG - GET to endpoint: users/2087833582/info/ returned response: <Response [200]>
2021-08-17 15:20:35,686 - instabot version: 0.117.0 (api) - DEBUG - GET to endpoint: users/47118598262/info/ returned response: <Response [200]>
2021-08-17 15:20:36,315 - instabot version: 0.117.0 (api) - DEBUG - GET to endpoint: users/47549868011/info/ returned response: <Response [200]>
2021-08-17 15:20:37,140 - instabot version: 0.117.0 (api) - DEBUG - GET to endpoint: users/40244284917/info/ returned response: <Response [200]>
2021-08-17 15:20:37,835 - instabot version: 0.117.0 (api) - DEBUG - GET to endpoint: users/3504316535/info/ returned response: <Response [200]>
2021-08-17 15:20:38,499 - instabot version: 0.117.0 (api) - DEBUG - GET to endpoint: users/47869345116/info/ returned response: <Response [200]>
2021-08-17 15:20:39,102 - instabot version: 0.117.0 (api) - DEBUG - GET to endpoint: users/48656475073/info/ returned response: <Response [200]>
2021-08-17 15:20:39,958 - instabot version: 0.117.0 (api) - DEBUG - GET to endpoint: users/4483243186/info/ returned response: <Response [200]>
2021-08-17 15:20:40,594 - instabot version: 0.117.0 (api) - DEBUG - GET to endpoint: users/43934805839/info/ returned response: <Response [200]>
2021-08-17 15:20:41,276 - instabot version: 0.117.0 (api) - DEBUG - GET to endpoint: users/2159521804/info/ returned response: <Response [200]>
2021-08-17 15:20:41,852 - instabot version: 0.117.0 (api) - DEBUG - GET to endpoint: users/48626124768/info/ returned response: <Response [200]>
2021-08-17 15:20:42,449 - instabot version: 0.117.0 (api) - DEBUG - GET to endpoint: users/7983811018/info/ returned response: <Response [200]>
2021-08-17 15:20:42,957 - instabot version: 0.117.0 (api) - DEBUG - GET to endpoint: users/45082860362/info/ returned response: <Response [200]>
2021-08-17 15:20:43,458 - instabot version: 0.117.0 (api) - DEBUG - GET to endpoint: users/48879997374/info/ returned response: <Response [200]>
2021-08-17 15:20:44,029 - instabot version: 0.117.0 (api) - DEBUG - GET to endpoint: users/6277901907/info/ returned response: <Response [200]>
2021-08-17 15:20:44,605 - instabot version: 0.117.0 (api) - DEBUG - GET to endpoint: users/4307799393/info/ returned response: <Response [200]>
2021-08-17 15:20:45,497 - instabot version: 0.117.0 (api) - DEBUG - GET to endpoint: users/46272822565/info/ returned response: <Response [200]>
2021-08-17 15:20:46,128 - instabot version: 0.117.0 (api) - DEBUG - GET to endpoint: users/4220310648/info/ returned response: <Response [200]>
2021-08-17 15:20:46,959 - instabot version: 0.117.0 (api) - DEBUG - GET to endpoint: users/8441173339/info/ returned response: <Response [200]>
2021-08-17 15:20:47,691 - instabot version: 0.117.0 (api) - DEBUG - GET to endpoint: users/7008587829/info/ returned response: <Response [200]>
2021-08-17 15:20:48,396 - instabot version: 0.117.0 (api) - DEBUG - GET to endpoint: users/4060826834/info/ returned response: <Response [200]>
2021-08-17 15:20:49,185 - instabot version: 0.117.0 (api) - DEBUG - GET to endpoint: users/7046572704/info/ returned response: <Response [200]>
2021-08-17 15:20:49,818 - instabot version: 0.117.0 (api) - DEBUG - GET to endpoint: users/13329941939/info/ returned response: <Response [200]>
2021-08-17 15:20:50,484 - instabot version: 0.117.0 (api) - DEBUG - GET to endpoint: users/145443329/info/ returned response: <Response [200]>
2021-08-17 15:20:51,243 - instabot version: 0.117.0 (api) - DEBUG - GET to endpoint: users/1682676660/info/ returned response: <Response [200]>
2021-08-17 15:20:52,520 - instabot version: 0.117.0 (api) - DEBUG - GET to endpoint: users/4580800448/info/ returned response: <Response [200]>
2021-08-17 15:20:53,109 - instabot version: 0.117.0 (api) - DEBUG - GET to endpoint: users/52985717/info/ returned response: <Response [200]>
2021-08-17 15:20:53,622 - instabot version: 0.117.0 (api) - DEBUG - GET to endpoint: users/232234608/info/ returned response: <Response [200]>
2021-08-17 15:20:54,139 - instabot version: 0.117.0 (api) - DEBUG - GET to endpoint: users/6747880624/info/ returned response: <Response [200]>
2021-08-17 15:20:54,781 - instabot version: 0.117.0 (api) - DEBUG - GET to endpoint: users/18006212056/info/ returned response: <Response [200]>
2021-08-17 15:20:55,704 - instabot version: 0.117.0 (api) - DEBUG - GET to endpoint: users/8145251923/info/ returned response: <Response [200]>
2021-08-17 15:20:56,224 - instabot version: 0.117.0 (api) - DEBUG - GET to endpoint: users/5507306807/info/ returned response: <Response [200]>
