2021-08-30 12:19:29,689 - instabot version: 0.117.0 (bot) - INFO - Instabot version: 0.117.0 Started
2021-08-30 12:19:29,690 - instabot version: 0.117.0 (bot) - DEBUG - Bot imported from D:\searchdisaner\venv\lib\site-packages\instabot\bot\bot.py
2021-08-30 12:19:29,716 - instabot version: 0.117.0 (api_login) - DEBUG - Loading uuids
2021-08-30 12:19:29,716 - instabot version: 0.117.0 (api_login) - INFO - Recovery from D:\searchdisaner/config/todoctordoom_uuid_and_cookie.json: COOKIE False - UUIDs True - TIMING, DEVICE and ...
- user-agent=Instagram 117.0.0.28.123 Android (28/9.0; 420dpi; 1080x1920; OnePlus; ONEPLUS A3003; OnePlus3; qcom; en_US; 180322800)
- phone_id=fececc37-13fb-4ca7-b4c1-842926ac61f0
- uuid=d8c038f7-d60d-4ffc-ae20-1b8f9d340f0b
- client_session_id=74517733-9e97-4ac6-9bd3-6396afa278ed
- device_id=android-638845ae1420b535
2021-08-30 12:19:29,717 - instabot version: 0.117.0 (api_login) - INFO - Not yet logged in starting: PRE-LOGIN FLOW!
2021-08-30 12:19:29,969 - instabot version: 0.117.0 (api) - DEBUG - POST to endpoint: accounts/get_prefill_candidates/ returned response: <Response [200]>
2021-08-30 12:19:30,246 - instabot version: 0.117.0 (api) - DEBUG - POST to endpoint: qe/sync/ returned response: <Response [200]>
2021-08-30 12:19:30,528 - instabot version: 0.117.0 (api) - DEBUG - POST to endpoint: launcher/sync/ returned response: <Response [200]>
2021-08-30 12:19:30,788 - instabot version: 0.117.0 (api) - DEBUG - POST to endpoint: accounts/contact_point_prefill/ returned response: <Response [200]>
2021-08-30 12:19:33,285 - instabot version: 0.117.0 (api) - DEBUG - POST to endpoint: accounts/login/ returned response: <Response [200]>
2021-08-30 12:19:33,285 - instabot version: 0.117.0 (api) - INFO - Logged-in successfully as 'todoctordoom'!
2021-08-30 12:19:33,286 - instabot version: 0.117.0 (api_login) - INFO - LOGIN FLOW! Just logged-in: True
2021-08-30 12:19:33,610 - instabot version: 0.117.0 (api) - DEBUG - POST to endpoint: qe/sync/ returned response: <Response [200]>
2021-08-30 12:19:33,936 - instabot version: 0.117.0 (api) - DEBUG - POST to endpoint: launcher/sync/ returned response: <Response [200]>
2021-08-30 12:19:34,238 - instabot version: 0.117.0 (api) - DEBUG - GET to endpoint: zr/token/result/?device_id=android-638845ae1420b535&token_hash=&custom_device_id=android-638845ae1420b535&fetch_reason=token_expired returned response: <Response [200]>
2021-08-30 12:19:34,547 - instabot version: 0.117.0 (api) - DEBUG - GET to endpoint: multiple_accounts/get_account_family/ returned response: <Response [200]>
2021-08-30 12:19:34,865 - instabot version: 0.117.0 (api) - DEBUG - POST to endpoint: qe/sync/ returned response: <Response [200]>
2021-08-30 12:19:35,430 - instabot version: 0.117.0 (api) - DEBUG - GET to endpoint: igtv/browse_feed/?prefetch=1 returned response: <Response [200]>
2021-08-30 12:19:35,765 - instabot version: 0.117.0 (api) - DEBUG - POST to endpoint: creatives/ar_class/ returned response: <Response [200]>
2021-08-30 12:19:36,191 - instabot version: 0.117.0 (api) - DEBUG - POST to endpoint: feed/reels_tray/ returned response: <Response [200]>
2021-08-30 12:19:37,713 - instabot version: 0.117.0 (api) - DEBUG - POST to endpoint: feed/timeline/ returned response: <Response [200]>
2021-08-30 12:19:38,231 - instabot version: 0.117.0 (api) - DEBUG - GET to endpoint: media/blocked/ returned response: <Response [200]>
2021-08-30 12:19:39,047 - instabot version: 0.117.0 (api) - DEBUG - GET to endpoint: news/inbox/ returned response: <Response [200]>
2021-08-30 12:19:39,377 - instabot version: 0.117.0 (api) - DEBUG - GET to endpoint: loom/fetch_config/ returned response: <Response [200]>
2021-08-30 12:19:40,043 - instabot version: 0.117.0 (api) - DEBUG - GET to endpoint: scores/bootstrap/users/?surfaces=["autocomplete_user_list","coefficient_besties_list_ranking","coefficient_rank_recipient_user_suggestion","coefficient_ios_section_test_bootstrap_ranking","coefficient_direct_recipients_ranking_variant_2"] returned response: <Response [200]>
2021-08-30 12:19:40,392 - instabot version: 0.117.0 (api) - DEBUG - GET to endpoint: business/eligibility/get_monetization_products_eligibility_data/?product_types=branded_content returned response: <Response [200]>
2021-08-30 12:19:40,724 - instabot version: 0.117.0 (api) - DEBUG - GET to endpoint: business/branded_content/should_require_professional_account/ returned response: <Response [200]>
2021-08-30 12:19:41,490 - instabot version: 0.117.0 (api) - DEBUG - GET to endpoint: linked_accounts/get_linkage_status/ returned response: <Response [200]>
2021-08-30 12:19:41,802 - instabot version: 0.117.0 (api) - DEBUG - GET to endpoint: locations/request_country/ returned response: <Response [200]>
2021-08-30 12:19:42,117 - instabot version: 0.117.0 (api) - DEBUG - GET to endpoint: qp/get_cooldowns/?signed_body=signed_body=4b9c516a5410a3bc128e09c6104a7f042146b9c2023870560c63a43a7f66781c.4&ig_sig_key_version=4&ig_sig_key_version=4 returned response: <Response [200]>
2021-08-30 12:19:42,434 - instabot version: 0.117.0 (api) - DEBUG - GET to endpoint: users/arlink_download_info/?version_override=2.2.1 returned response: <Response [200]>
2021-08-30 12:19:43,263 - instabot version: 0.117.0 (api) - DEBUG - GET to endpoint: users/46258652727/info/ returned response: <Response [200]>
2021-08-30 12:19:43,622 - instabot version: 0.117.0 (api) - DEBUG - GET to endpoint: direct_v2/get_presence/ returned response: <Response [200]>
2021-08-30 12:19:43,994 - instabot version: 0.117.0 (api) - DEBUG - GET to endpoint: direct_v2/inbox/?visual_message_return_type=unseen&thread_message_limit=10&persistentBadging=true&limit=20 returned response: <Response [200]>
2021-08-30 12:19:44,338 - instabot version: 0.117.0 (api) - DEBUG - GET to endpoint: direct_v2/inbox/?visual_message_return_type=unseen&persistentBadging=true&limit=0 returned response: <Response [200]>
2021-08-30 12:19:44,776 - instabot version: 0.117.0 (api) - DEBUG - GET to endpoint: discover/topical_explore/?is_prefetch=true&omit_cover_media=true&use_sectional_payload=true&timezone_offset=0&session_id=74517733-9e97-4ac6-9bd3-6396afa278ed&include_fixed_destinations=true returned response: <Response [200]>
2021-08-30 12:19:45,101 - instabot version: 0.117.0 (api) - DEBUG - POST to endpoint: notifications/badge/ returned response: <Response [200]>
2021-08-30 12:19:45,530 - instabot version: 0.117.0 (api) - DEBUG - POST to endpoint: qp/batch_fetch/ returned response: <Response [200]>
2021-08-30 12:19:45,531 - instabot version: 0.117.0 (bot_checkpoint) - DEBUG - Loading Checkpoint file from: D:\searchdisaner/config/todoctordoom.checkpoint
2021-08-30 12:19:57,235 - instabot version: 0.117.0 (api) - DEBUG - GET to endpoint: feed/tag/дизайн/?max_id=&rank_token=46258652727_d8c038f7-d60d-4ffc-ae20-1b8f9d340f0b&ranked_content=true& returned response: <Response [200]>
2021-08-30 12:19:57,831 - instabot version: 0.117.0 (api) - DEBUG - GET to endpoint: users/20331841011/info/ returned response: <Response [200]>
2021-08-30 12:19:58,313 - instabot version: 0.117.0 (api) - DEBUG - GET to endpoint: users/2263163264/info/ returned response: <Response [200]>
2021-08-30 12:19:58,979 - instabot version: 0.117.0 (api) - DEBUG - GET to endpoint: users/40405388782/info/ returned response: <Response [200]>
2021-08-30 12:19:59,598 - instabot version: 0.117.0 (api) - DEBUG - GET to endpoint: users/34916445556/info/ returned response: <Response [200]>
2021-08-30 12:20:00,155 - instabot version: 0.117.0 (api) - DEBUG - GET to endpoint: users/39207630909/info/ returned response: <Response [200]>
2021-08-30 12:20:00,735 - instabot version: 0.117.0 (api) - DEBUG - GET to endpoint: users/25241144916/info/ returned response: <Response [200]>
2021-08-30 12:20:01,256 - instabot version: 0.117.0 (api) - DEBUG - GET to endpoint: users/1708008221/info/ returned response: <Response [200]>
2021-08-30 12:20:01,788 - instabot version: 0.117.0 (api) - DEBUG - GET to endpoint: users/9173298409/info/ returned response: <Response [200]>
2021-08-30 12:20:02,358 - instabot version: 0.117.0 (api) - DEBUG - GET to endpoint: users/2234644569/info/ returned response: <Response [200]>
2021-08-30 12:20:03,044 - instabot version: 0.117.0 (api) - DEBUG - GET to endpoint: users/29062238573/info/ returned response: <Response [200]>
2021-08-30 12:20:03,586 - instabot version: 0.117.0 (api) - DEBUG - GET to endpoint: users/8337239048/info/ returned response: <Response [200]>
2021-08-30 12:20:04,176 - instabot version: 0.117.0 (api) - DEBUG - GET to endpoint: users/32711103918/info/ returned response: <Response [200]>
2021-08-30 12:20:04,731 - instabot version: 0.117.0 (api) - DEBUG - GET to endpoint: users/21240328327/info/ returned response: <Response [200]>
2021-08-30 12:20:05,271 - instabot version: 0.117.0 (api) - DEBUG - GET to endpoint: users/39656861894/info/ returned response: <Response [200]>
2021-08-30 12:20:06,172 - instabot version: 0.117.0 (api) - DEBUG - GET to endpoint: users/42973988880/info/ returned response: <Response [200]>
2021-08-30 12:20:06,779 - instabot version: 0.117.0 (api) - DEBUG - GET to endpoint: users/45328638992/info/ returned response: <Response [200]>
2021-08-30 12:20:07,346 - instabot version: 0.117.0 (api) - DEBUG - GET to endpoint: users/11294482921/info/ returned response: <Response [200]>
2021-08-30 12:20:07,952 - instabot version: 0.117.0 (api) - DEBUG - GET to endpoint: users/5650416478/info/ returned response: <Response [200]>
2021-08-30 12:20:08,627 - instabot version: 0.117.0 (api) - DEBUG - GET to endpoint: users/31969818140/info/ returned response: <Response [200]>
2021-08-30 12:20:09,307 - instabot version: 0.117.0 (api) - DEBUG - GET to endpoint: users/48486185146/info/ returned response: <Response [200]>
2021-08-30 12:20:09,996 - instabot version: 0.117.0 (api) - DEBUG - GET to endpoint: users/7546285966/info/ returned response: <Response [200]>
2021-08-30 12:20:11,224 - instabot version: 0.117.0 (api) - DEBUG - GET to endpoint: users/574055690/info/ returned response: <Response [200]>
2021-08-30 12:20:11,724 - instabot version: 0.117.0 (api) - DEBUG - GET to endpoint: users/46183358087/info/ returned response: <Response [200]>
2021-08-30 12:20:12,412 - instabot version: 0.117.0 (api) - DEBUG - GET to endpoint: users/8475569307/info/ returned response: <Response [200]>
2021-08-30 12:20:13,028 - instabot version: 0.117.0 (api) - DEBUG - GET to endpoint: users/29603606918/info/ returned response: <Response [200]>
2021-08-30 12:20:13,698 - instabot version: 0.117.0 (api) - DEBUG - GET to endpoint: users/7535843816/info/ returned response: <Response [200]>
2021-08-30 12:20:14,891 - instabot version: 0.117.0 (api) - DEBUG - GET to endpoint: users/24538456235/info/ returned response: <Response [200]>
2021-08-30 12:20:15,420 - instabot version: 0.117.0 (api) - DEBUG - GET to endpoint: users/351096859/info/ returned response: <Response [200]>
2021-08-30 12:20:16,201 - instabot version: 0.117.0 (api) - DEBUG - GET to endpoint: users/36056963385/info/ returned response: <Response [200]>
2021-08-30 12:20:16,988 - instabot version: 0.117.0 (api) - DEBUG - GET to endpoint: users/38007616461/info/ returned response: <Response [200]>
2021-08-30 12:20:17,552 - instabot version: 0.117.0 (api) - DEBUG - GET to endpoint: users/6863697980/info/ returned response: <Response [200]>
2021-08-30 12:20:18,259 - instabot version: 0.117.0 (api) - DEBUG - GET to endpoint: users/44669824472/info/ returned response: <Response [200]>
2021-08-30 12:20:19,216 - instabot version: 0.117.0 (api) - DEBUG - GET to endpoint: users/40602529785/info/ returned response: <Response [200]>
2021-08-30 12:20:20,017 - instabot version: 0.117.0 (api) - DEBUG - GET to endpoint: users/4105216217/info/ returned response: <Response [200]>
2021-08-30 12:20:20,765 - instabot version: 0.117.0 (api) - DEBUG - GET to endpoint: users/32064801161/info/ returned response: <Response [200]>
2021-08-30 12:20:21,528 - instabot version: 0.117.0 (api) - DEBUG - GET to endpoint: users/4346054042/info/ returned response: <Response [200]>
2021-08-30 12:20:22,151 - instabot version: 0.117.0 (api) - DEBUG - GET to endpoint: users/6725903926/info/ returned response: <Response [200]>
2021-08-30 12:20:22,815 - instabot version: 0.117.0 (api) - DEBUG - GET to endpoint: users/34931828233/info/ returned response: <Response [200]>
2021-08-30 12:20:23,372 - instabot version: 0.117.0 (api) - DEBUG - GET to endpoint: users/34955004968/info/ returned response: <Response [200]>
2021-08-30 12:20:23,818 - instabot version: 0.117.0 (api) - DEBUG - GET to endpoint: users/49085484885/info/ returned response: <Response [200]>
2021-08-30 12:20:24,663 - instabot version: 0.117.0 (api) - DEBUG - GET to endpoint: users/2272300876/info/ returned response: <Response [200]>
2021-08-30 12:20:25,234 - instabot version: 0.117.0 (api) - DEBUG - GET to endpoint: users/2113633489/info/ returned response: <Response [200]>
2021-08-30 12:20:25,665 - instabot version: 0.117.0 (api) - DEBUG - GET to endpoint: users/6618370528/info/ returned response: <Response [200]>
2021-08-30 12:20:26,669 - instabot version: 0.117.0 (api) - DEBUG - GET to endpoint: users/12157010053/info/ returned response: <Response [200]>
2021-08-30 12:20:27,201 - instabot version: 0.117.0 (api) - DEBUG - GET to endpoint: users/44786478780/info/ returned response: <Response [200]>
2021-08-30 12:20:27,918 - instabot version: 0.117.0 (api) - DEBUG - GET to endpoint: users/47925225369/info/ returned response: <Response [200]>
2021-08-30 12:20:28,489 - instabot version: 0.117.0 (api) - DEBUG - GET to endpoint: users/1300977053/info/ returned response: <Response [200]>
2021-08-30 12:20:29,273 - instabot version: 0.117.0 (api) - DEBUG - GET to endpoint: users/48891743359/info/ returned response: <Response [200]>
2021-08-30 12:20:29,893 - instabot version: 0.117.0 (api) - DEBUG - GET to endpoint: users/47913389221/info/ returned response: <Response [200]>
2021-08-30 12:20:30,423 - instabot version: 0.117.0 (api) - DEBUG - GET to endpoint: users/5381223955/info/ returned response: <Response [200]>
2021-08-30 12:20:30,978 - instabot version: 0.117.0 (api) - DEBUG - GET to endpoint: users/243376940/info/ returned response: <Response [200]>
2021-08-30 12:20:31,618 - instabot version: 0.117.0 (api) - DEBUG - GET to endpoint: users/2907078926/info/ returned response: <Response [200]>
2021-08-30 12:20:32,059 - instabot version: 0.117.0 (api) - DEBUG - GET to endpoint: users/49281107053/info/ returned response: <Response [200]>
2021-08-30 12:20:32,660 - instabot version: 0.117.0 (api) - DEBUG - GET to endpoint: users/47945947585/info/ returned response: <Response [200]>
2021-08-30 12:20:33,163 - instabot version: 0.117.0 (api) - DEBUG - GET to endpoint: users/48855285856/info/ returned response: <Response [200]>
2021-08-30 12:20:33,844 - instabot version: 0.117.0 (api) - DEBUG - GET to endpoint: users/20962521965/info/ returned response: <Response [200]>
2021-08-30 12:20:34,499 - instabot version: 0.117.0 (api) - DEBUG - GET to endpoint: users/5486284498/info/ returned response: <Response [200]>
2021-08-30 12:20:35,057 - instabot version: 0.117.0 (api) - DEBUG - GET to endpoint: users/640437084/info/ returned response: <Response [200]>
2021-08-30 12:20:35,759 - instabot version: 0.117.0 (api) - DEBUG - GET to endpoint: users/16902398206/info/ returned response: <Response [200]>
2021-08-30 12:20:36,361 - instabot version: 0.117.0 (api) - DEBUG - GET to endpoint: users/17064643041/info/ returned response: <Response [200]>
2021-08-30 12:20:36,878 - instabot version: 0.117.0 (api) - DEBUG - GET to endpoint: users/3235561839/info/ returned response: <Response [200]>
2021-08-30 12:20:37,418 - instabot version: 0.117.0 (api) - DEBUG - GET to endpoint: users/2119255543/info/ returned response: <Response [200]>
2021-08-30 12:20:38,034 - instabot version: 0.117.0 (api) - DEBUG - GET to endpoint: users/46297504215/info/ returned response: <Response [200]>
2021-08-30 12:20:38,709 - instabot version: 0.117.0 (api) - DEBUG - GET to endpoint: users/2208186992/info/ returned response: <Response [200]>
2021-08-30 12:20:39,363 - instabot version: 0.117.0 (api) - DEBUG - GET to endpoint: users/29338302452/info/ returned response: <Response [200]>
2021-08-30 12:20:44,268 - instabot version: 0.117.0 (api) - DEBUG - GET to endpoint: feed/tag/дизайнер/?max_id=&rank_token=46258652727_d8c038f7-d60d-4ffc-ae20-1b8f9d340f0b&ranked_content=true& returned response: <Response [200]>
2021-08-30 12:20:44,876 - instabot version: 0.117.0 (api) - DEBUG - GET to endpoint: users/6859880705/info/ returned response: <Response [200]>
2021-08-30 12:20:45,449 - instabot version: 0.117.0 (api) - DEBUG - GET to endpoint: users/2302468075/info/ returned response: <Response [200]>
2021-08-30 12:20:46,059 - instabot version: 0.117.0 (api) - DEBUG - GET to endpoint: users/848556254/info/ returned response: <Response [200]>
2021-08-30 12:20:46,672 - instabot version: 0.117.0 (api) - DEBUG - GET to endpoint: users/1558442406/info/ returned response: <Response [200]>
2021-08-30 12:20:47,291 - instabot version: 0.117.0 (api) - DEBUG - GET to endpoint: users/5786872692/info/ returned response: <Response [200]>
2021-08-30 12:20:47,845 - instabot version: 0.117.0 (api) - DEBUG - GET to endpoint: users/451972012/info/ returned response: <Response [200]>
2021-08-30 12:20:48,409 - instabot version: 0.117.0 (api) - DEBUG - GET to endpoint: users/3545049498/info/ returned response: <Response [200]>
2021-08-30 12:20:49,010 - instabot version: 0.117.0 (api) - DEBUG - GET to endpoint: users/1111379795/info/ returned response: <Response [200]>
2021-08-30 12:20:49,779 - instabot version: 0.117.0 (api) - DEBUG - GET to endpoint: users/1385519210/info/ returned response: <Response [200]>
2021-08-30 12:20:50,445 - instabot version: 0.117.0 (api) - DEBUG - GET to endpoint: users/4522356976/info/ returned response: <Response [200]>
2021-08-30 12:20:51,002 - instabot version: 0.117.0 (api) - DEBUG - GET to endpoint: users/50424626/info/ returned response: <Response [200]>
2021-08-30 12:20:51,648 - instabot version: 0.117.0 (api) - DEBUG - GET to endpoint: users/35049832417/info/ returned response: <Response [200]>
2021-08-30 12:20:52,214 - instabot version: 0.117.0 (api) - DEBUG - GET to endpoint: users/9396049886/info/ returned response: <Response [200]>
2021-08-30 12:20:52,816 - instabot version: 0.117.0 (api) - DEBUG - GET to endpoint: users/7665658237/info/ returned response: <Response [200]>
2021-08-30 12:20:53,387 - instabot version: 0.117.0 (api) - DEBUG - GET to endpoint: users/8755292189/info/ returned response: <Response [200]>
2021-08-30 12:20:53,969 - instabot version: 0.117.0 (api) - DEBUG - GET to endpoint: users/40526254046/info/ returned response: <Response [200]>
2021-08-30 12:20:54,405 - instabot version: 0.117.0 (api) - DEBUG - GET to endpoint: users/7544009084/info/ returned response: <Response [200]>
2021-08-30 12:20:55,066 - instabot version: 0.117.0 (api) - DEBUG - GET to endpoint: users/39231107207/info/ returned response: <Response [200]>
2021-08-30 12:20:55,693 - instabot version: 0.117.0 (api) - DEBUG - GET to endpoint: users/20939967736/info/ returned response: <Response [200]>
2021-08-30 12:20:56,270 - instabot version: 0.117.0 (api) - DEBUG - GET to endpoint: users/1333946746/info/ returned response: <Response [200]>
2021-08-30 12:20:56,860 - instabot version: 0.117.0 (api) - DEBUG - GET to endpoint: users/496775910/info/ returned response: <Response [200]>
2021-08-30 12:20:57,528 - instabot version: 0.117.0 (api) - DEBUG - GET to endpoint: users/464775160/info/ returned response: <Response [200]>
2021-08-30 12:20:58,061 - instabot version: 0.117.0 (api) - DEBUG - GET to endpoint: users/601280995/info/ returned response: <Response [200]>
2021-08-30 12:20:58,677 - instabot version: 0.117.0 (api) - DEBUG - GET to endpoint: users/9018031573/info/ returned response: <Response [200]>
2021-08-30 12:20:59,382 - instabot version: 0.117.0 (api) - DEBUG - GET to endpoint: users/10563785699/info/ returned response: <Response [200]>
2021-08-30 12:20:59,923 - instabot version: 0.117.0 (api) - DEBUG - GET to endpoint: users/44226948845/info/ returned response: <Response [200]>
2021-08-30 12:21:00,554 - instabot version: 0.117.0 (api) - DEBUG - GET to endpoint: users/38891503451/info/ returned response: <Response [200]>
2021-08-30 12:21:01,172 - instabot version: 0.117.0 (api) - DEBUG - GET to endpoint: users/7276088835/info/ returned response: <Response [200]>
2021-08-30 12:21:01,859 - instabot version: 0.117.0 (api) - DEBUG - GET to endpoint: users/145670079/info/ returned response: <Response [200]>
2021-08-30 12:21:02,405 - instabot version: 0.117.0 (api) - DEBUG - GET to endpoint: users/27287819903/info/ returned response: <Response [200]>
2021-08-30 12:21:02,940 - instabot version: 0.117.0 (api) - DEBUG - GET to endpoint: users/45650539098/info/ returned response: <Response [200]>
2021-08-30 12:21:03,474 - instabot version: 0.117.0 (api) - DEBUG - GET to endpoint: users/45546957732/info/ returned response: <Response [200]>
2021-08-30 12:21:04,075 - instabot version: 0.117.0 (api) - DEBUG - GET to endpoint: users/278305848/info/ returned response: <Response [200]>
2021-08-30 12:21:04,624 - instabot version: 0.117.0 (api) - DEBUG - GET to endpoint: users/292628077/info/ returned response: <Response [200]>
2021-08-30 12:21:05,259 - instabot version: 0.117.0 (api) - DEBUG - GET to endpoint: users/5450473374/info/ returned response: <Response [200]>
2021-08-30 12:21:05,934 - instabot version: 0.117.0 (api) - DEBUG - GET to endpoint: users/7821994782/info/ returned response: <Response [200]>
2021-08-30 12:21:06,576 - instabot version: 0.117.0 (api) - DEBUG - GET to endpoint: users/7123501490/info/ returned response: <Response [200]>
2021-08-30 12:21:07,102 - instabot version: 0.117.0 (api) - DEBUG - GET to endpoint: users/5363775961/info/ returned response: <Response [200]>
2021-08-30 12:21:07,708 - instabot version: 0.117.0 (api) - DEBUG - GET to endpoint: users/31787458873/info/ returned response: <Response [200]>
2021-08-30 12:21:08,250 - instabot version: 0.117.0 (api) - DEBUG - GET to endpoint: users/48124034412/info/ returned response: <Response [200]>
2021-08-30 12:21:08,926 - instabot version: 0.117.0 (api) - DEBUG - GET to endpoint: users/29226011517/info/ returned response: <Response [200]>
2021-08-30 12:21:09,467 - instabot version: 0.117.0 (api) - DEBUG - GET to endpoint: users/11072286597/info/ returned response: <Response [200]>
2021-08-30 12:21:09,977 - instabot version: 0.117.0 (api) - DEBUG - GET to endpoint: users/45277995528/info/ returned response: <Response [200]>
2021-08-30 12:21:10,740 - instabot version: 0.117.0 (api) - DEBUG - GET to endpoint: users/3658347338/info/ returned response: <Response [200]>
2021-08-30 12:21:11,304 - instabot version: 0.117.0 (api) - DEBUG - GET to endpoint: users/7592700/info/ returned response: <Response [200]>
2021-08-30 12:21:11,844 - instabot version: 0.117.0 (api) - DEBUG - GET to endpoint: users/41227841856/info/ returned response: <Response [200]>
2021-08-30 12:21:12,586 - instabot version: 0.117.0 (api) - DEBUG - GET to endpoint: users/38538482731/info/ returned response: <Response [200]>
2021-08-30 12:21:13,198 - instabot version: 0.117.0 (api) - DEBUG - GET to endpoint: users/12613490314/info/ returned response: <Response [200]>
2021-08-30 12:21:13,755 - instabot version: 0.117.0 (api) - DEBUG - GET to endpoint: users/7554724929/info/ returned response: <Response [200]>
2021-08-30 12:21:14,428 - instabot version: 0.117.0 (api) - DEBUG - GET to endpoint: users/30254592795/info/ returned response: <Response [200]>
2021-08-30 12:21:15,070 - instabot version: 0.117.0 (api) - DEBUG - GET to endpoint: users/23913065487/info/ returned response: <Response [200]>
2021-08-30 12:21:15,495 - instabot version: 0.117.0 (api) - DEBUG - GET to endpoint: users/49154299170/info/ returned response: <Response [200]>
2021-08-30 12:21:16,067 - instabot version: 0.117.0 (api) - DEBUG - GET to endpoint: users/625385980/info/ returned response: <Response [200]>
2021-08-30 12:21:16,646 - instabot version: 0.117.0 (api) - DEBUG - GET to endpoint: users/49047260796/info/ returned response: <Response [200]>
2021-08-30 12:21:17,236 - instabot version: 0.117.0 (api) - DEBUG - GET to endpoint: users/2243561403/info/ returned response: <Response [200]>
2021-08-30 12:21:17,829 - instabot version: 0.117.0 (api) - DEBUG - GET to endpoint: users/2884363824/info/ returned response: <Response [200]>
2021-08-30 12:21:18,544 - instabot version: 0.117.0 (api) - DEBUG - GET to endpoint: users/7923374538/info/ returned response: <Response [200]>
2021-08-30 12:21:19,223 - instabot version: 0.117.0 (api) - DEBUG - GET to endpoint: users/5752380662/info/ returned response: <Response [200]>
2021-08-30 12:21:19,989 - instabot version: 0.117.0 (api) - DEBUG - GET to endpoint: users/2051018626/info/ returned response: <Response [200]>
2021-08-30 12:21:20,743 - instabot version: 0.117.0 (api) - DEBUG - GET to endpoint: users/498284159/info/ returned response: <Response [200]>
2021-08-30 12:21:21,318 - instabot version: 0.117.0 (api) - DEBUG - GET to endpoint: users/19370430456/info/ returned response: <Response [200]>
2021-08-30 12:21:21,884 - instabot version: 0.117.0 (api) - DEBUG - GET to endpoint: users/11682347642/info/ returned response: <Response [200]>
2021-08-30 12:21:22,422 - instabot version: 0.117.0 (api) - DEBUG - GET to endpoint: users/13968884846/info/ returned response: <Response [200]>
2021-08-30 12:21:23,020 - instabot version: 0.117.0 (api) - DEBUG - GET to endpoint: users/365448124/info/ returned response: <Response [200]>
2021-08-30 12:21:23,916 - instabot version: 0.117.0 (api) - DEBUG - GET to endpoint: users/5536556743/info/ returned response: <Response [200]>
2021-08-30 12:21:24,544 - instabot version: 0.117.0 (api) - DEBUG - GET to endpoint: users/3113628375/info/ returned response: <Response [200]>
2021-08-30 12:21:24,964 - instabot version: 0.117.0 (api) - DEBUG - GET to endpoint: users/8033041617/info/ returned response: <Response [200]>
2021-08-30 12:21:25,522 - instabot version: 0.117.0 (api) - DEBUG - GET to endpoint: users/1537971623/info/ returned response: <Response [200]>
2021-08-30 12:21:26,063 - instabot version: 0.117.0 (api) - DEBUG - GET to endpoint: users/13758902707/info/ returned response: <Response [200]>
2021-08-30 12:21:26,605 - instabot version: 0.117.0 (api) - DEBUG - GET to endpoint: users/46130200067/info/ returned response: <Response [200]>
2021-08-30 12:21:27,202 - instabot version: 0.117.0 (api) - DEBUG - GET to endpoint: users/9158247298/info/ returned response: <Response [200]>
2021-08-30 12:21:27,737 - instabot version: 0.117.0 (api) - DEBUG - GET to endpoint: users/48937853814/info/ returned response: <Response [200]>
2021-08-30 12:21:28,389 - instabot version: 0.117.0 (api) - DEBUG - GET to endpoint: users/40207737338/info/ returned response: <Response [200]>
2021-08-30 12:21:29,286 - instabot version: 0.117.0 (api) - DEBUG - GET to endpoint: users/16840367237/info/ returned response: <Response [200]>
2021-08-30 12:21:29,843 - instabot version: 0.117.0 (api) - DEBUG - GET to endpoint: users/1467511739/info/ returned response: <Response [200]>
2021-08-30 12:21:35,054 - instabot version: 0.117.0 (api) - DEBUG - GET to endpoint: feed/tag/интерьер/?max_id=&rank_token=46258652727_d8c038f7-d60d-4ffc-ae20-1b8f9d340f0b&ranked_content=true& returned response: <Response [200]>
2021-08-30 12:21:35,750 - instabot version: 0.117.0 (api) - DEBUG - GET to endpoint: users/3514351660/info/ returned response: <Response [200]>
2021-08-30 12:21:36,344 - instabot version: 0.117.0 (api) - DEBUG - GET to endpoint: users/1187501298/info/ returned response: <Response [200]>
2021-08-30 12:21:36,868 - instabot version: 0.117.0 (api) - DEBUG - GET to endpoint: users/42244496334/info/ returned response: <Response [200]>
2021-08-30 12:21:37,406 - instabot version: 0.117.0 (api) - DEBUG - GET to endpoint: users/4929532998/info/ returned response: <Response [200]>
2021-08-30 12:21:37,927 - instabot version: 0.117.0 (api) - DEBUG - GET to endpoint: users/3978049574/info/ returned response: <Response [200]>
2021-08-30 12:21:38,436 - instabot version: 0.117.0 (api) - DEBUG - GET to endpoint: users/29334940860/info/ returned response: <Response [200]>
2021-08-30 12:21:38,948 - instabot version: 0.117.0 (api) - DEBUG - GET to endpoint: users/43221319010/info/ returned response: <Response [200]>
2021-08-30 12:21:39,357 - instabot version: 0.117.0 (api) - DEBUG - GET to endpoint: users/49450626815/info/ returned response: <Response [200]>
2021-08-30 12:21:39,952 - instabot version: 0.117.0 (api) - DEBUG - GET to endpoint: users/2132042636/info/ returned response: <Response [200]>
2021-08-30 12:21:40,527 - instabot version: 0.117.0 (api) - DEBUG - GET to endpoint: users/39906779368/info/ returned response: <Response [200]>
2021-08-30 12:21:41,043 - instabot version: 0.117.0 (api) - DEBUG - GET to endpoint: users/16866015708/info/ returned response: <Response [200]>
2021-08-30 12:21:41,648 - instabot version: 0.117.0 (api) - DEBUG - GET to endpoint: users/4123386164/info/ returned response: <Response [200]>
2021-08-30 12:21:42,239 - instabot version: 0.117.0 (api) - DEBUG - GET to endpoint: users/3303626300/info/ returned response: <Response [200]>
2021-08-30 12:21:42,953 - instabot version: 0.117.0 (api) - DEBUG - GET to endpoint: users/48682950167/info/ returned response: <Response [200]>
2021-08-30 12:21:43,597 - instabot version: 0.117.0 (api) - DEBUG - GET to endpoint: users/3779496725/info/ returned response: <Response [200]>
2021-08-30 12:21:44,120 - instabot version: 0.117.0 (api) - DEBUG - GET to endpoint: users/4290363399/info/ returned response: <Response [200]>
2021-08-30 12:21:44,632 - instabot version: 0.117.0 (api) - DEBUG - GET to endpoint: users/1390993945/info/ returned response: <Response [200]>
2021-08-30 12:21:45,143 - instabot version: 0.117.0 (api) - DEBUG - GET to endpoint: users/11535569549/info/ returned response: <Response [200]>
2021-08-30 12:21:45,701 - instabot version: 0.117.0 (api) - DEBUG - GET to endpoint: users/9913655693/info/ returned response: <Response [200]>
2021-08-30 12:21:46,289 - instabot version: 0.117.0 (api) - DEBUG - GET to endpoint: users/38701028575/info/ returned response: <Response [200]>
2021-08-30 12:21:46,981 - instabot version: 0.117.0 (api) - DEBUG - GET to endpoint: users/7417047613/info/ returned response: <Response [200]>
2021-08-30 12:21:47,611 - instabot version: 0.117.0 (api) - DEBUG - GET to endpoint: users/7748599928/info/ returned response: <Response [200]>
2021-08-30 12:21:48,158 - instabot version: 0.117.0 (api) - DEBUG - GET to endpoint: users/5469864028/info/ returned response: <Response [200]>
2021-08-30 12:21:48,769 - instabot version: 0.117.0 (api) - DEBUG - GET to endpoint: users/1427639376/info/ returned response: <Response [200]>
2021-08-30 12:21:49,360 - instabot version: 0.117.0 (api) - DEBUG - GET to endpoint: users/1431001991/info/ returned response: <Response [200]>
2021-08-30 12:21:49,968 - instabot version: 0.117.0 (api) - DEBUG - GET to endpoint: users/48749759834/info/ returned response: <Response [200]>
2021-08-30 12:21:50,584 - instabot version: 0.117.0 (api) - DEBUG - GET to endpoint: users/1529172197/info/ returned response: <Response [200]>
2021-08-30 12:21:51,105 - instabot version: 0.117.0 (api) - DEBUG - GET to endpoint: users/45178586544/info/ returned response: <Response [200]>
2021-08-30 12:21:51,615 - instabot version: 0.117.0 (api) - DEBUG - GET to endpoint: users/46762061025/info/ returned response: <Response [200]>
2021-08-30 12:21:52,334 - instabot version: 0.117.0 (api) - DEBUG - GET to endpoint: users/26042185791/info/ returned response: <Response [200]>
2021-08-30 12:21:52,945 - instabot version: 0.117.0 (api) - DEBUG - GET to endpoint: users/5607398174/info/ returned response: <Response [200]>
2021-08-30 12:21:53,492 - instabot version: 0.117.0 (api) - DEBUG - GET to endpoint: users/49060639873/info/ returned response: <Response [200]>
2021-08-30 12:21:54,239 - instabot version: 0.117.0 (api) - DEBUG - GET to endpoint: users/4368733123/info/ returned response: <Response [200]>
2021-08-30 12:21:54,840 - instabot version: 0.117.0 (api) - DEBUG - GET to endpoint: users/10251942384/info/ returned response: <Response [200]>
2021-08-30 12:21:55,383 - instabot version: 0.117.0 (api) - DEBUG - GET to endpoint: users/204272505/info/ returned response: <Response [200]>
2021-08-30 12:21:56,047 - instabot version: 0.117.0 (api) - DEBUG - GET to endpoint: users/1736892157/info/ returned response: <Response [200]>
2021-08-30 12:21:56,929 - instabot version: 0.117.0 (api) - DEBUG - GET to endpoint: users/8962205700/info/ returned response: <Response [200]>
2021-08-30 12:21:57,469 - instabot version: 0.117.0 (api) - DEBUG - GET to endpoint: users/8657312219/info/ returned response: <Response [200]>
2021-08-30 12:21:58,099 - instabot version: 0.117.0 (api) - DEBUG - GET to endpoint: users/17911140494/info/ returned response: <Response [200]>
2021-08-30 12:21:58,619 - instabot version: 0.117.0 (api) - DEBUG - GET to endpoint: users/18963739325/info/ returned response: <Response [200]>
2021-08-30 12:21:59,261 - instabot version: 0.117.0 (api) - DEBUG - GET to endpoint: users/6666637807/info/ returned response: <Response [200]>
2021-08-30 12:21:59,780 - instabot version: 0.117.0 (api) - DEBUG - GET to endpoint: users/31359363498/info/ returned response: <Response [200]>
2021-08-30 12:22:00,365 - instabot version: 0.117.0 (api) - DEBUG - GET to endpoint: users/1952029834/info/ returned response: <Response [200]>
2021-08-30 12:22:01,189 - instabot version: 0.117.0 (api) - DEBUG - GET to endpoint: users/4614692193/info/ returned response: <Response [200]>
2021-08-30 12:22:01,821 - instabot version: 0.117.0 (api) - DEBUG - GET to endpoint: users/8791924560/info/ returned response: <Response [200]>
2021-08-30 12:22:02,456 - instabot version: 0.117.0 (api) - DEBUG - GET to endpoint: users/6453846737/info/ returned response: <Response [200]>
2021-08-30 12:22:03,068 - instabot version: 0.117.0 (api) - DEBUG - GET to endpoint: users/6154289558/info/ returned response: <Response [200]>
2021-08-30 12:22:03,621 - instabot version: 0.117.0 (api) - DEBUG - GET to endpoint: users/41364290701/info/ returned response: <Response [200]>
2021-08-30 12:22:04,179 - instabot version: 0.117.0 (api) - DEBUG - GET to endpoint: users/44730635676/info/ returned response: <Response [200]>
2021-08-30 12:22:04,756 - instabot version: 0.117.0 (api) - DEBUG - GET to endpoint: users/45083093554/info/ returned response: <Response [200]>
2021-08-30 12:22:05,385 - instabot version: 0.117.0 (api) - DEBUG - GET to endpoint: users/3263738872/info/ returned response: <Response [200]>
2021-08-30 12:22:05,915 - instabot version: 0.117.0 (api) - DEBUG - GET to endpoint: users/4864377855/info/ returned response: <Response [200]>
2021-08-30 12:22:06,515 - instabot version: 0.117.0 (api) - DEBUG - GET to endpoint: users/22232379307/info/ returned response: <Response [200]>
2021-08-30 12:22:07,074 - instabot version: 0.117.0 (api) - DEBUG - GET to endpoint: users/7306343138/info/ returned response: <Response [200]>
2021-08-30 12:22:07,703 - instabot version: 0.117.0 (api) - DEBUG - GET to endpoint: users/39161800840/info/ returned response: <Response [200]>
2021-08-30 12:22:08,137 - instabot version: 0.117.0 (api) - DEBUG - GET to endpoint: users/8604528280/info/ returned response: <Response [200]>
2021-08-30 12:22:08,679 - instabot version: 0.117.0 (api) - DEBUG - GET to endpoint: users/28249054087/info/ returned response: <Response [200]>
2021-08-30 12:22:09,553 - instabot version: 0.117.0 (api) - DEBUG - GET to endpoint: users/6776203640/info/ returned response: <Response [200]>
2021-08-30 12:22:10,212 - instabot version: 0.117.0 (api) - DEBUG - GET to endpoint: users/3105203024/info/ returned response: <Response [200]>
2021-08-30 12:22:11,063 - instabot version: 0.117.0 (api) - DEBUG - GET to endpoint: users/43315891050/info/ returned response: <Response [200]>
2021-08-30 12:22:11,628 - instabot version: 0.117.0 (api) - DEBUG - GET to endpoint: users/18506046486/info/ returned response: <Response [200]>
2021-08-30 12:36:16,916 - instabot version: 0.117.0 (bot) - INFO - Instabot version: 0.117.0 Started
2021-08-30 12:36:16,956 - instabot version: 0.117.0 (bot) - DEBUG - Bot imported from D:\searchdisaner\venv\lib\site-packages\instabot\bot\bot.py
2021-08-30 12:36:16,970 - instabot version: 0.117.0 (api_login) - DEBUG - Loading uuids
2021-08-30 12:36:16,971 - instabot version: 0.117.0 (api_login) - INFO - Recovery from D:\searchdisaner/config/instbober_uuid_and_cookie.json: COOKIE False - UUIDs True - TIMING, DEVICE and ...
- user-agent=Instagram 117.0.0.28.123 Android (28/9.0; 420dpi; 1080x1920; OnePlus; ONEPLUS A3003; OnePlus3; qcom; en_US; 180322800)
- phone_id=69e66906-ef6a-4561-86e6-8c98a236847c
- uuid=81500ee0-4cf5-493e-ae1a-6a5011cbe63d
- client_session_id=32957a9d-435a-448b-9ee5-e5e488d33b0c
- device_id=android-ba894ce94a484232
2021-08-30 12:36:16,973 - instabot version: 0.117.0 (api_login) - INFO - Not yet logged in starting: PRE-LOGIN FLOW!
2021-08-30 12:36:17,250 - instabot version: 0.117.0 (api) - DEBUG - POST to endpoint: accounts/get_prefill_candidates/ returned response: <Response [200]>
2021-08-30 12:36:17,503 - instabot version: 0.117.0 (api) - DEBUG - POST to endpoint: qe/sync/ returned response: <Response [200]>
2021-08-30 12:36:17,772 - instabot version: 0.117.0 (api) - DEBUG - POST to endpoint: launcher/sync/ returned response: <Response [200]>
2021-08-30 12:36:18,015 - instabot version: 0.117.0 (api) - DEBUG - POST to endpoint: accounts/contact_point_prefill/ returned response: <Response [200]>
2021-08-30 12:36:20,939 - instabot version: 0.117.0 (api) - DEBUG - POST to endpoint: accounts/login/ returned response: <Response [200]>
2021-08-30 12:36:20,940 - instabot version: 0.117.0 (api) - INFO - Logged-in successfully as 'instbober'!
2021-08-30 12:36:20,941 - instabot version: 0.117.0 (api_login) - INFO - LOGIN FLOW! Just logged-in: True
2021-08-30 12:36:21,250 - instabot version: 0.117.0 (api) - DEBUG - POST to endpoint: qe/sync/ returned response: <Response [200]>
2021-08-30 12:36:21,552 - instabot version: 0.117.0 (api) - DEBUG - POST to endpoint: launcher/sync/ returned response: <Response [200]>
2021-08-30 12:36:21,851 - instabot version: 0.117.0 (api) - DEBUG - GET to endpoint: zr/token/result/?device_id=android-ba894ce94a484232&token_hash=&custom_device_id=android-ba894ce94a484232&fetch_reason=token_expired returned response: <Response [200]>
2021-08-30 12:36:22,139 - instabot version: 0.117.0 (api) - DEBUG - GET to endpoint: multiple_accounts/get_account_family/ returned response: <Response [200]>
2021-08-30 12:36:22,413 - instabot version: 0.117.0 (api) - DEBUG - POST to endpoint: qe/sync/ returned response: <Response [200]>
2021-08-30 12:36:23,025 - instabot version: 0.117.0 (api) - DEBUG - GET to endpoint: igtv/browse_feed/?prefetch=1 returned response: <Response [200]>
2021-08-30 12:36:23,314 - instabot version: 0.117.0 (api) - DEBUG - POST to endpoint: creatives/ar_class/ returned response: <Response [200]>
2021-08-30 12:36:23,890 - instabot version: 0.117.0 (api) - DEBUG - POST to endpoint: feed/reels_tray/ returned response: <Response [200]>
2021-08-30 12:36:25,930 - instabot version: 0.117.0 (api) - DEBUG - POST to endpoint: feed/timeline/ returned response: <Response [200]>
2021-08-30 12:36:26,233 - instabot version: 0.117.0 (api) - DEBUG - GET to endpoint: media/blocked/ returned response: <Response [200]>
2021-08-30 12:36:26,958 - instabot version: 0.117.0 (api) - DEBUG - GET to endpoint: news/inbox/ returned response: <Response [200]>
2021-08-30 12:36:27,275 - instabot version: 0.117.0 (api) - DEBUG - GET to endpoint: loom/fetch_config/ returned response: <Response [200]>
2021-08-30 12:36:27,865 - instabot version: 0.117.0 (api) - DEBUG - GET to endpoint: scores/bootstrap/users/?surfaces=["autocomplete_user_list","coefficient_besties_list_ranking","coefficient_rank_recipient_user_suggestion","coefficient_ios_section_test_bootstrap_ranking","coefficient_direct_recipients_ranking_variant_2"] returned response: <Response [200]>
2021-08-30 12:36:28,170 - instabot version: 0.117.0 (api) - DEBUG - GET to endpoint: business/eligibility/get_monetization_products_eligibility_data/?product_types=branded_content returned response: <Response [200]>
2021-08-30 12:36:28,461 - instabot version: 0.117.0 (api) - DEBUG - GET to endpoint: business/branded_content/should_require_professional_account/ returned response: <Response [200]>
2021-08-30 12:36:28,757 - instabot version: 0.117.0 (api) - DEBUG - GET to endpoint: linked_accounts/get_linkage_status/ returned response: <Response [200]>
2021-08-30 12:36:29,058 - instabot version: 0.117.0 (api) - DEBUG - GET to endpoint: locations/request_country/ returned response: <Response [200]>
2021-08-30 12:36:29,344 - instabot version: 0.117.0 (api) - DEBUG - GET to endpoint: qp/get_cooldowns/?signed_body=signed_body=4b9c516a5410a3bc128e09c6104a7f042146b9c2023870560c63a43a7f66781c.4&ig_sig_key_version=4&ig_sig_key_version=4 returned response: <Response [200]>
2021-08-30 12:36:29,632 - instabot version: 0.117.0 (api) - DEBUG - GET to endpoint: users/arlink_download_info/?version_override=2.2.1 returned response: <Response [200]>
2021-08-30 12:36:30,034 - instabot version: 0.117.0 (api) - DEBUG - GET to endpoint: users/48835444494/info/ returned response: <Response [200]>
2021-08-30 12:36:30,432 - instabot version: 0.117.0 (api) - DEBUG - GET to endpoint: direct_v2/get_presence/ returned response: <Response [200]>
2021-08-30 12:36:30,922 - instabot version: 0.117.0 (api) - DEBUG - GET to endpoint: direct_v2/inbox/?visual_message_return_type=unseen&thread_message_limit=10&persistentBadging=true&limit=20 returned response: <Response [200]>
2021-08-30 12:36:31,331 - instabot version: 0.117.0 (api) - DEBUG - GET to endpoint: direct_v2/inbox/?visual_message_return_type=unseen&persistentBadging=true&limit=0 returned response: <Response [200]>
2021-08-30 12:36:31,708 - instabot version: 0.117.0 (api) - DEBUG - GET to endpoint: discover/topical_explore/?is_prefetch=true&omit_cover_media=true&use_sectional_payload=true&timezone_offset=0&session_id=32957a9d-435a-448b-9ee5-e5e488d33b0c&include_fixed_destinations=true returned response: <Response [200]>
2021-08-30 12:36:32,043 - instabot version: 0.117.0 (api) - DEBUG - POST to endpoint: notifications/badge/ returned response: <Response [200]>
2021-08-30 12:36:32,560 - instabot version: 0.117.0 (api) - DEBUG - POST to endpoint: qp/batch_fetch/ returned response: <Response [200]>
2021-08-30 12:36:32,562 - instabot version: 0.117.0 (bot_checkpoint) - DEBUG - Loading Checkpoint file from: D:\searchdisaner/config/instbober.checkpoint
2021-08-30 12:36:37,566 - instabot version: 0.117.0 (api) - DEBUG - GET to endpoint: feed/tag/дизайн/?max_id=&rank_token=48835444494_81500ee0-4cf5-493e-ae1a-6a5011cbe63d&ranked_content=true& returned response: <Response [200]>
2021-08-30 12:36:38,152 - instabot version: 0.117.0 (api) - DEBUG - GET to endpoint: users/8974982135/info/ returned response: <Response [200]>
2021-08-30 12:36:38,849 - instabot version: 0.117.0 (api) - DEBUG - GET to endpoint: users/1296484622/info/ returned response: <Response [200]>
2021-08-30 12:36:39,413 - instabot version: 0.117.0 (api) - DEBUG - GET to endpoint: users/27922171849/info/ returned response: <Response [200]>
2021-08-30 12:36:39,819 - instabot version: 0.117.0 (api) - DEBUG - GET to endpoint: users/6415226113/info/ returned response: <Response [200]>
2021-08-30 12:36:40,272 - instabot version: 0.117.0 (api) - DEBUG - GET to endpoint: users/49299265943/info/ returned response: <Response [200]>
2021-08-30 12:36:40,920 - instabot version: 0.117.0 (api) - DEBUG - GET to endpoint: users/4576811034/info/ returned response: <Response [200]>
2021-08-30 12:36:41,505 - instabot version: 0.117.0 (api) - DEBUG - GET to endpoint: users/369196669/info/ returned response: <Response [200]>
2021-08-30 12:36:42,120 - instabot version: 0.117.0 (api) - DEBUG - GET to endpoint: users/45462668731/info/ returned response: <Response [200]>
2021-08-30 12:36:42,732 - instabot version: 0.117.0 (api) - DEBUG - GET to endpoint: users/49250798393/info/ returned response: <Response [200]>
2021-08-30 12:36:43,902 - instabot version: 0.117.0 (api) - DEBUG - GET to endpoint: users/35180514181/info/ returned response: <Response [200]>
2021-08-30 12:36:44,423 - instabot version: 0.117.0 (api) - DEBUG - GET to endpoint: users/17438749277/info/ returned response: <Response [200]>
2021-08-30 12:36:44,802 - instabot version: 0.117.0 (api) - DEBUG - GET to endpoint: users/49247247830/info/ returned response: <Response [200]>
2021-08-30 12:36:45,360 - instabot version: 0.117.0 (api) - DEBUG - GET to endpoint: users/35555955230/info/ returned response: <Response [200]>
2021-08-30 12:36:45,793 - instabot version: 0.117.0 (api) - DEBUG - GET to endpoint: users/348631063/info/ returned response: <Response [200]>
2021-08-30 12:36:46,344 - instabot version: 0.117.0 (api) - DEBUG - GET to endpoint: users/21303508287/info/ returned response: <Response [200]>
2021-08-30 12:36:46,839 - instabot version: 0.117.0 (api) - DEBUG - GET to endpoint: users/8303205166/info/ returned response: <Response [200]>
2021-08-30 12:36:47,617 - instabot version: 0.117.0 (api) - DEBUG - GET to endpoint: users/9870206548/info/ returned response: <Response [200]>
2021-08-30 12:36:48,250 - instabot version: 0.117.0 (api) - DEBUG - GET to endpoint: users/2324966339/info/ returned response: <Response [200]>
2021-08-30 12:36:48,866 - instabot version: 0.117.0 (api) - DEBUG - GET to endpoint: users/2160807122/info/ returned response: <Response [200]>
2021-08-30 12:36:49,392 - instabot version: 0.117.0 (api) - DEBUG - GET to endpoint: users/4294798118/info/ returned response: <Response [200]>
2021-08-30 12:36:49,994 - instabot version: 0.117.0 (api) - DEBUG - GET to endpoint: users/5967556101/info/ returned response: <Response [200]>
2021-08-30 12:36:50,720 - instabot version: 0.117.0 (api) - DEBUG - GET to endpoint: users/438422056/info/ returned response: <Response [200]>
2021-08-30 12:36:51,285 - instabot version: 0.117.0 (api) - DEBUG - GET to endpoint: users/48550349850/info/ returned response: <Response [200]>
2021-08-30 12:36:51,905 - instabot version: 0.117.0 (api) - DEBUG - GET to endpoint: users/8233201836/info/ returned response: <Response [200]>
2021-08-30 12:36:52,531 - instabot version: 0.117.0 (api) - DEBUG - GET to endpoint: users/25210255472/info/ returned response: <Response [200]>
2021-08-30 12:36:53,111 - instabot version: 0.117.0 (api) - DEBUG - GET to endpoint: users/27672782541/info/ returned response: <Response [200]>
2021-08-30 12:36:53,781 - instabot version: 0.117.0 (api) - DEBUG - GET to endpoint: users/2159521804/info/ returned response: <Response [200]>
2021-08-30 12:36:54,533 - instabot version: 0.117.0 (api) - DEBUG - GET to endpoint: users/5787327587/info/ returned response: <Response [200]>
2021-08-30 12:36:55,576 - instabot version: 0.117.0 (api) - DEBUG - GET to endpoint: users/4679392149/info/ returned response: <Response [200]>
2021-08-30 12:36:56,172 - instabot version: 0.117.0 (api) - DEBUG - GET to endpoint: users/17417769702/info/ returned response: <Response [200]>
2021-08-30 12:36:56,955 - instabot version: 0.117.0 (api) - DEBUG - GET to endpoint: users/44458836567/info/ returned response: <Response [200]>
2021-08-30 12:36:57,578 - instabot version: 0.117.0 (api) - DEBUG - GET to endpoint: users/1769419062/info/ returned response: <Response [200]>
2021-08-30 12:36:58,127 - instabot version: 0.117.0 (api) - DEBUG - GET to endpoint: users/47692585007/info/ returned response: <Response [200]>
2021-08-30 12:36:58,637 - instabot version: 0.117.0 (api) - DEBUG - GET to endpoint: users/1774650319/info/ returned response: <Response [200]>
2021-08-30 12:36:59,305 - instabot version: 0.117.0 (api) - DEBUG - GET to endpoint: users/1644205661/info/ returned response: <Response [200]>
2021-08-30 12:36:59,842 - instabot version: 0.117.0 (api) - DEBUG - GET to endpoint: users/21618359014/info/ returned response: <Response [200]>
2021-08-30 12:37:00,475 - instabot version: 0.117.0 (api) - DEBUG - GET to endpoint: users/48652959780/info/ returned response: <Response [200]>
2021-08-30 12:37:01,001 - instabot version: 0.117.0 (api) - DEBUG - GET to endpoint: users/7001836218/info/ returned response: <Response [200]>
2021-08-30 12:37:01,639 - instabot version: 0.117.0 (api) - DEBUG - GET to endpoint: users/7384799225/info/ returned response: <Response [200]>
2021-08-30 12:37:02,211 - instabot version: 0.117.0 (api) - DEBUG - GET to endpoint: users/1945262819/info/ returned response: <Response [200]>
2021-08-30 12:37:02,803 - instabot version: 0.117.0 (api) - DEBUG - GET to endpoint: users/31237803272/info/ returned response: <Response [200]>
2021-08-30 12:37:03,362 - instabot version: 0.117.0 (api) - DEBUG - GET to endpoint: users/9503728571/info/ returned response: <Response [200]>
2021-08-30 12:37:03,760 - instabot version: 0.117.0 (api) - DEBUG - GET to endpoint: users/6247974108/info/ returned response: <Response [200]>
2021-08-30 12:37:04,212 - instabot version: 0.117.0 (api) - DEBUG - GET to endpoint: users/44649806765/info/ returned response: <Response [200]>
2021-08-30 12:37:04,775 - instabot version: 0.117.0 (api) - DEBUG - GET to endpoint: users/7385353995/info/ returned response: <Response [200]>
2021-08-30 12:37:05,194 - instabot version: 0.117.0 (api) - DEBUG - GET to endpoint: users/35813768514/info/ returned response: <Response [200]>
2021-08-30 12:37:05,838 - instabot version: 0.117.0 (api) - DEBUG - GET to endpoint: users/3315288586/info/ returned response: <Response [200]>
2021-08-30 12:37:06,374 - instabot version: 0.117.0 (api) - DEBUG - GET to endpoint: users/992698985/info/ returned response: <Response [200]>
2021-08-30 12:37:06,928 - instabot version: 0.117.0 (api) - DEBUG - GET to endpoint: users/9015687850/info/ returned response: <Response [200]>
2021-08-30 12:37:07,589 - instabot version: 0.117.0 (api) - DEBUG - GET to endpoint: users/7881298820/info/ returned response: <Response [200]>
2021-08-30 12:37:08,277 - instabot version: 0.117.0 (api) - DEBUG - GET to endpoint: users/6650600501/info/ returned response: <Response [200]>
2021-08-30 12:37:08,702 - instabot version: 0.117.0 (api) - DEBUG - GET to endpoint: users/964537199/info/ returned response: <Response [200]>
2021-08-30 12:37:09,381 - instabot version: 0.117.0 (api) - DEBUG - GET to endpoint: users/35350766774/info/ returned response: <Response [200]>
2021-08-30 12:37:09,953 - instabot version: 0.117.0 (api) - DEBUG - GET to endpoint: users/3041755878/info/ returned response: <Response [200]>
2021-08-30 12:37:10,356 - instabot version: 0.117.0 (api) - DEBUG - GET to endpoint: users/2105023434/info/ returned response: <Response [200]>
2021-08-30 12:37:10,927 - instabot version: 0.117.0 (api) - DEBUG - GET to endpoint: users/5611496501/info/ returned response: <Response [200]>
2021-08-30 12:37:11,497 - instabot version: 0.117.0 (api) - DEBUG - GET to endpoint: users/2525151981/info/ returned response: <Response [200]>
2021-08-30 12:37:12,769 - instabot version: 0.117.0 (api) - DEBUG - GET to endpoint: users/3564851263/info/ returned response: <Response [200]>
2021-08-30 12:37:13,264 - instabot version: 0.117.0 (api) - DEBUG - GET to endpoint: users/11378847935/info/ returned response: <Response [200]>
2021-08-30 12:37:13,865 - instabot version: 0.117.0 (api) - DEBUG - GET to endpoint: users/4271386685/info/ returned response: <Response [200]>
2021-08-30 12:37:14,267 - instabot version: 0.117.0 (api) - DEBUG - GET to endpoint: users/4084964495/info/ returned response: <Response [200]>
2021-08-30 12:37:14,889 - instabot version: 0.117.0 (api) - DEBUG - GET to endpoint: users/44561273086/info/ returned response: <Response [200]>
2021-08-30 12:37:15,389 - instabot version: 0.117.0 (api) - DEBUG - GET to endpoint: users/49050503883/info/ returned response: <Response [200]>
2021-08-30 12:37:15,940 - instabot version: 0.117.0 (api) - DEBUG - GET to endpoint: users/7605246247/info/ returned response: <Response [200]>
2021-08-30 12:37:16,497 - instabot version: 0.117.0 (api) - DEBUG - GET to endpoint: users/29338302452/info/ returned response: <Response [200]>
2021-08-30 12:37:22,735 - instabot version: 0.117.0 (api) - DEBUG - GET to endpoint: feed/tag/дизайнер/?max_id=&rank_token=48835444494_81500ee0-4cf5-493e-ae1a-6a5011cbe63d&ranked_content=true& returned response: <Response [200]>
2021-08-30 12:37:23,639 - instabot version: 0.117.0 (api) - DEBUG - GET to endpoint: users/47247356976/info/ returned response: <Response [200]>
2021-08-30 12:37:24,253 - instabot version: 0.117.0 (api) - DEBUG - GET to endpoint: users/24838851945/info/ returned response: <Response [200]>
2021-08-30 12:37:24,758 - instabot version: 0.117.0 (api) - DEBUG - GET to endpoint: users/14010097588/info/ returned response: <Response [200]>
2021-08-30 12:37:25,430 - instabot version: 0.117.0 (api) - DEBUG - GET to endpoint: users/1320409527/info/ returned response: <Response [200]>
2021-08-30 12:37:27,513 - instabot version: 0.117.0 (api) - DEBUG - GET to endpoint: users/3063450019/info/ returned response: <Response [200]>
2021-08-30 12:37:28,062 - instabot version: 0.117.0 (api) - DEBUG - GET to endpoint: users/5693491317/info/ returned response: <Response [200]>
2021-08-30 12:37:28,583 - instabot version: 0.117.0 (api) - DEBUG - GET to endpoint: users/32003936085/info/ returned response: <Response [200]>
2021-08-30 12:37:29,081 - instabot version: 0.117.0 (api) - DEBUG - GET to endpoint: users/49082384259/info/ returned response: <Response [200]>
2021-08-30 12:37:29,631 - instabot version: 0.117.0 (api) - DEBUG - GET to endpoint: users/45901402914/info/ returned response: <Response [200]>
2021-08-30 12:37:30,163 - instabot version: 0.117.0 (api) - DEBUG - GET to endpoint: users/6859880705/info/ returned response: <Response [200]>
2021-08-30 12:37:30,700 - instabot version: 0.117.0 (api) - DEBUG - GET to endpoint: users/2302468075/info/ returned response: <Response [200]>
2021-08-30 12:37:31,400 - instabot version: 0.117.0 (api) - DEBUG - GET to endpoint: users/848556254/info/ returned response: <Response [200]>
2021-08-30 12:37:31,893 - instabot version: 0.117.0 (api) - DEBUG - GET to endpoint: users/29334940860/info/ returned response: <Response [200]>
2021-08-30 12:37:32,516 - instabot version: 0.117.0 (api) - DEBUG - GET to endpoint: users/1558442406/info/ returned response: <Response [200]>
2021-08-30 12:37:33,149 - instabot version: 0.117.0 (api) - DEBUG - GET to endpoint: users/5786872692/info/ returned response: <Response [200]>
2021-08-30 12:37:33,774 - instabot version: 0.117.0 (api) - DEBUG - GET to endpoint: users/451972012/info/ returned response: <Response [200]>
2021-08-30 12:37:34,700 - instabot version: 0.117.0 (api) - DEBUG - GET to endpoint: users/42973988880/info/ returned response: <Response [200]>
2021-08-30 12:37:35,258 - instabot version: 0.117.0 (api) - DEBUG - GET to endpoint: users/11294482921/info/ returned response: <Response [200]>
2021-08-30 12:37:35,935 - instabot version: 0.117.0 (api) - DEBUG - GET to endpoint: users/3545049498/info/ returned response: <Response [200]>
2021-08-30 12:37:36,509 - instabot version: 0.117.0 (api) - DEBUG - GET to endpoint: users/1111379795/info/ returned response: <Response [200]>
2021-08-30 12:37:37,141 - instabot version: 0.117.0 (api) - DEBUG - GET to endpoint: users/1385519210/info/ returned response: <Response [200]>
2021-08-30 12:37:37,663 - instabot version: 0.117.0 (api) - DEBUG - GET to endpoint: users/34931828233/info/ returned response: <Response [200]>
2021-08-30 12:37:38,239 - instabot version: 0.117.0 (api) - DEBUG - GET to endpoint: users/4522356976/info/ returned response: <Response [200]>
2021-08-30 12:37:38,749 - instabot version: 0.117.0 (api) - DEBUG - GET to endpoint: users/44786478780/info/ returned response: <Response [200]>
2021-08-30 12:37:39,500 - instabot version: 0.117.0 (api) - DEBUG - GET to endpoint: users/50424626/info/ returned response: <Response [200]>
2021-08-30 12:37:40,118 - instabot version: 0.117.0 (api) - DEBUG - GET to endpoint: users/35049832417/info/ returned response: <Response [200]>
2021-08-30 12:37:40,718 - instabot version: 0.117.0 (api) - DEBUG - GET to endpoint: users/9396049886/info/ returned response: <Response [200]>
2021-08-30 12:37:41,282 - instabot version: 0.117.0 (api) - DEBUG - GET to endpoint: users/7665658237/info/ returned response: <Response [200]>
2021-08-30 12:37:41,868 - instabot version: 0.117.0 (api) - DEBUG - GET to endpoint: users/8755292189/info/ returned response: <Response [200]>
2021-08-30 12:37:42,495 - instabot version: 0.117.0 (api) - DEBUG - GET to endpoint: users/40526254046/info/ returned response: <Response [200]>
2021-08-30 12:37:43,045 - instabot version: 0.117.0 (api) - DEBUG - GET to endpoint: users/17064643041/info/ returned response: <Response [200]>
2021-08-30 12:37:43,494 - instabot version: 0.117.0 (api) - DEBUG - GET to endpoint: users/7544009084/info/ returned response: <Response [200]>
2021-08-30 12:37:44,105 - instabot version: 0.117.0 (api) - DEBUG - GET to endpoint: users/39231107207/info/ returned response: <Response [200]>
2021-08-30 12:37:44,635 - instabot version: 0.117.0 (api) - DEBUG - GET to endpoint: users/3235561839/info/ returned response: <Response [200]>
2021-08-30 12:37:45,185 - instabot version: 0.117.0 (api) - DEBUG - GET to endpoint: users/20939967736/info/ returned response: <Response [200]>
2021-08-30 12:37:45,681 - instabot version: 0.117.0 (api) - DEBUG - GET to endpoint: users/1333946746/info/ returned response: <Response [200]>
2021-08-30 12:37:46,273 - instabot version: 0.117.0 (api) - DEBUG - GET to endpoint: users/496775910/info/ returned response: <Response [200]>
2021-08-30 12:37:46,951 - instabot version: 0.117.0 (api) - DEBUG - GET to endpoint: users/464775160/info/ returned response: <Response [200]>
2021-08-30 12:37:47,566 - instabot version: 0.117.0 (api) - DEBUG - GET to endpoint: users/601280995/info/ returned response: <Response [200]>
2021-08-30 12:37:48,066 - instabot version: 0.117.0 (api) - DEBUG - GET to endpoint: users/9018031573/info/ returned response: <Response [200]>
2021-08-30 12:37:48,758 - instabot version: 0.117.0 (api) - DEBUG - GET to endpoint: users/10563785699/info/ returned response: <Response [200]>
2021-08-30 12:37:49,222 - instabot version: 0.117.0 (api) - DEBUG - GET to endpoint: users/44226948845/info/ returned response: <Response [200]>
2021-08-30 12:37:49,835 - instabot version: 0.117.0 (api) - DEBUG - GET to endpoint: users/38891503451/info/ returned response: <Response [200]>
2021-08-30 12:37:50,478 - instabot version: 0.117.0 (api) - DEBUG - GET to endpoint: users/7276088835/info/ returned response: <Response [200]>
2021-08-30 12:37:50,979 - instabot version: 0.117.0 (api) - DEBUG - GET to endpoint: users/145670079/info/ returned response: <Response [200]>
2021-08-30 12:37:51,484 - instabot version: 0.117.0 (api) - DEBUG - GET to endpoint: users/27287819903/info/ returned response: <Response [200]>
2021-08-30 12:37:52,057 - instabot version: 0.117.0 (api) - DEBUG - GET to endpoint: users/45650539098/info/ returned response: <Response [200]>
2021-08-30 12:37:52,591 - instabot version: 0.117.0 (api) - DEBUG - GET to endpoint: users/45546957732/info/ returned response: <Response [200]>
2021-08-30 12:37:53,116 - instabot version: 0.117.0 (api) - DEBUG - GET to endpoint: users/278305848/info/ returned response: <Response [200]>
2021-08-30 12:37:53,909 - instabot version: 0.117.0 (api) - DEBUG - GET to endpoint: users/292628077/info/ returned response: <Response [200]>
2021-08-30 12:37:54,527 - instabot version: 0.117.0 (api) - DEBUG - GET to endpoint: users/5450473374/info/ returned response: <Response [200]>
2021-08-30 12:37:55,094 - instabot version: 0.117.0 (api) - DEBUG - GET to endpoint: users/7821994782/info/ returned response: <Response [200]>
2021-08-30 12:37:55,614 - instabot version: 0.117.0 (api) - DEBUG - GET to endpoint: users/7123501490/info/ returned response: <Response [200]>
2021-08-30 12:37:56,276 - instabot version: 0.117.0 (api) - DEBUG - GET to endpoint: users/5363775961/info/ returned response: <Response [200]>
2021-08-30 12:37:56,782 - instabot version: 0.117.0 (api) - DEBUG - GET to endpoint: users/31787458873/info/ returned response: <Response [200]>
2021-08-30 12:37:57,270 - instabot version: 0.117.0 (api) - DEBUG - GET to endpoint: users/48124034412/info/ returned response: <Response [200]>
2021-08-30 12:37:57,731 - instabot version: 0.117.0 (api) - DEBUG - GET to endpoint: users/2119255543/info/ returned response: <Response [200]>
2021-08-30 12:37:58,320 - instabot version: 0.117.0 (api) - DEBUG - GET to endpoint: users/10859727725/info/ returned response: <Response [200]>
2021-08-30 12:37:58,915 - instabot version: 0.117.0 (api) - DEBUG - GET to endpoint: users/29226011517/info/ returned response: <Response [200]>
2021-08-30 12:37:59,335 - instabot version: 0.117.0 (api) - DEBUG - GET to endpoint: users/11072286597/info/ returned response: <Response [200]>
2021-08-30 12:38:00,348 - instabot version: 0.117.0 (api) - DEBUG - GET to endpoint: users/2264269377/info/ returned response: <Response [200]>
2021-08-30 12:38:00,982 - instabot version: 0.117.0 (api) - DEBUG - GET to endpoint: users/45277995528/info/ returned response: <Response [200]>
2021-08-30 12:38:01,591 - instabot version: 0.117.0 (api) - DEBUG - GET to endpoint: users/3658347338/info/ returned response: <Response [200]>
2021-08-30 12:38:02,057 - instabot version: 0.117.0 (api) - DEBUG - GET to endpoint: users/7592700/info/ returned response: <Response [200]>
2021-08-30 12:38:03,297 - instabot version: 0.117.0 (api) - DEBUG - GET to endpoint: users/41227841856/info/ returned response: <Response [200]>
2021-08-30 12:38:03,773 - instabot version: 0.117.0 (api) - DEBUG - GET to endpoint: users/38538482731/info/ returned response: <Response [200]>
2021-08-30 12:38:04,471 - instabot version: 0.117.0 (api) - DEBUG - GET to endpoint: users/2243561403/info/ returned response: <Response [200]>
2021-08-30 12:38:05,066 - instabot version: 0.117.0 (api) - DEBUG - GET to endpoint: users/2051018626/info/ returned response: <Response [200]>
2021-08-30 12:38:05,586 - instabot version: 0.117.0 (api) - DEBUG - GET to endpoint: users/9158247298/info/ returned response: <Response [200]>
2021-08-30 12:38:06,032 - instabot version: 0.117.0 (api) - DEBUG - GET to endpoint: users/48937853814/info/ returned response: <Response [200]>
2021-08-30 12:38:06,758 - instabot version: 0.117.0 (api) - DEBUG - GET to endpoint: users/5563725280/info/ returned response: <Response [200]>
2021-08-30 12:38:07,254 - instabot version: 0.117.0 (api) - DEBUG - GET to endpoint: users/40207737338/info/ returned response: <Response [200]>
2021-08-30 12:38:07,766 - instabot version: 0.117.0 (api) - DEBUG - GET to endpoint: users/16840367237/info/ returned response: <Response [200]>
2021-08-30 12:38:08,167 - instabot version: 0.117.0 (api) - DEBUG - GET to endpoint: users/2292109889/info/ returned response: <Response [200]>
2021-08-30 12:38:08,698 - instabot version: 0.117.0 (api) - DEBUG - GET to endpoint: users/1467511739/info/ returned response: <Response [200]>
2021-08-30 12:38:13,833 - instabot version: 0.117.0 (api) - DEBUG - GET to endpoint: feed/tag/интерьер/?max_id=&rank_token=48835444494_81500ee0-4cf5-493e-ae1a-6a5011cbe63d&ranked_content=true& returned response: <Response [200]>
2021-08-30 12:38:14,433 - instabot version: 0.117.0 (api) - DEBUG - GET to endpoint: users/49132924209/info/ returned response: <Response [200]>
2021-08-30 12:38:15,326 - instabot version: 0.117.0 (api) - DEBUG - GET to endpoint: users/48727935826/info/ returned response: <Response [200]>
2021-08-30 12:38:15,888 - instabot version: 0.117.0 (api) - DEBUG - GET to endpoint: users/47430876585/info/ returned response: <Response [200]>
2021-08-30 12:38:16,482 - instabot version: 0.117.0 (api) - DEBUG - GET to endpoint: users/4107977964/info/ returned response: <Response [200]>
2021-08-30 12:38:16,994 - instabot version: 0.117.0 (api) - DEBUG - GET to endpoint: users/2905147177/info/ returned response: <Response [200]>
2021-08-30 12:38:17,584 - instabot version: 0.117.0 (api) - DEBUG - GET to endpoint: users/43654221535/info/ returned response: <Response [200]>
2021-08-30 12:38:18,138 - instabot version: 0.117.0 (api) - DEBUG - GET to endpoint: users/39249019152/info/ returned response: <Response [200]>
2021-08-30 12:38:18,633 - instabot version: 0.117.0 (api) - DEBUG - GET to endpoint: users/14885222471/info/ returned response: <Response [200]>
2021-08-30 12:38:19,170 - instabot version: 0.117.0 (api) - DEBUG - GET to endpoint: users/45918075934/info/ returned response: <Response [200]>
2021-08-30 12:38:19,720 - instabot version: 0.117.0 (api) - DEBUG - GET to endpoint: users/45417277370/info/ returned response: <Response [200]>
2021-08-30 12:38:20,281 - instabot version: 0.117.0 (api) - DEBUG - GET to endpoint: users/1223292761/info/ returned response: <Response [200]>
2021-08-30 12:38:20,854 - instabot version: 0.117.0 (api) - DEBUG - GET to endpoint: users/48682950167/info/ returned response: <Response [200]>
2021-08-30 12:38:21,339 - instabot version: 0.117.0 (api) - DEBUG - GET to endpoint: users/48607844210/info/ returned response: <Response [200]>
2021-08-30 12:38:21,978 - instabot version: 0.117.0 (api) - DEBUG - GET to endpoint: users/8318873415/info/ returned response: <Response [200]>
2021-08-30 12:38:22,504 - instabot version: 0.117.0 (api) - DEBUG - GET to endpoint: users/15920151220/info/ returned response: <Response [200]>
2021-08-30 12:38:23,087 - instabot version: 0.117.0 (api) - DEBUG - GET to endpoint: users/46090297527/info/ returned response: <Response [200]>
2021-08-30 12:38:23,636 - instabot version: 0.117.0 (api) - DEBUG - GET to endpoint: users/15928205172/info/ returned response: <Response [200]>
2021-08-30 12:38:24,135 - instabot version: 0.117.0 (api) - DEBUG - GET to endpoint: users/45620811972/info/ returned response: <Response [200]>
2021-08-30 12:38:24,749 - instabot version: 0.117.0 (api) - DEBUG - GET to endpoint: users/2463917473/info/ returned response: <Response [200]>
2021-08-30 12:38:25,154 - instabot version: 0.117.0 (api) - DEBUG - GET to endpoint: users/7736547470/info/ returned response: <Response [200]>
2021-08-30 12:38:25,616 - instabot version: 0.117.0 (api) - DEBUG - GET to endpoint: users/45863222451/info/ returned response: <Response [200]>
2021-08-30 12:38:26,234 - instabot version: 0.117.0 (api) - DEBUG - GET to endpoint: users/44998744732/info/ returned response: <Response [200]>
2021-08-30 12:38:26,773 - instabot version: 0.117.0 (api) - DEBUG - GET to endpoint: users/2249744376/info/ returned response: <Response [200]>
2021-08-30 12:38:27,477 - instabot version: 0.117.0 (api) - DEBUG - GET to endpoint: users/42808515236/info/ returned response: <Response [200]>
2021-08-30 12:38:28,943 - instabot version: 0.117.0 (api) - DEBUG - GET to endpoint: users/49157819046/info/ returned response: <Response [200]>
2021-08-30 12:38:29,648 - instabot version: 0.117.0 (api) - DEBUG - GET to endpoint: users/1047730518/info/ returned response: <Response [200]>
2021-08-30 12:38:30,197 - instabot version: 0.117.0 (api) - DEBUG - GET to endpoint: users/27546783951/info/ returned response: <Response [200]>
2021-08-30 12:38:30,612 - instabot version: 0.117.0 (api) - DEBUG - GET to endpoint: users/18666759425/info/ returned response: <Response [200]>
2021-08-30 12:38:31,164 - instabot version: 0.117.0 (api) - DEBUG - GET to endpoint: users/6729480029/info/ returned response: <Response [200]>
2021-08-30 12:38:31,790 - instabot version: 0.117.0 (api) - DEBUG - GET to endpoint: users/6194222902/info/ returned response: <Response [200]>
2021-08-30 12:38:32,361 - instabot version: 0.117.0 (api) - DEBUG - GET to endpoint: users/1951707706/info/ returned response: <Response [200]>
2021-08-30 12:38:32,993 - instabot version: 0.117.0 (api) - DEBUG - GET to endpoint: users/254509957/info/ returned response: <Response [200]>
2021-08-30 12:38:33,524 - instabot version: 0.117.0 (api) - DEBUG - GET to endpoint: users/33870529878/info/ returned response: <Response [200]>
2021-08-30 12:38:34,065 - instabot version: 0.117.0 (api) - DEBUG - GET to endpoint: users/13986151136/info/ returned response: <Response [200]>
2021-08-30 12:38:34,626 - instabot version: 0.117.0 (api) - DEBUG - GET to endpoint: users/6154289558/info/ returned response: <Response [200]>
2021-08-30 12:38:35,246 - instabot version: 0.117.0 (api) - DEBUG - GET to endpoint: users/3086935801/info/ returned response: <Response [200]>
2021-08-30 12:38:35,638 - instabot version: 0.117.0 (api) - DEBUG - GET to endpoint: users/9287886017/info/ returned response: <Response [200]>
2021-08-30 12:38:36,173 - instabot version: 0.117.0 (api) - DEBUG - GET to endpoint: users/1056277030/info/ returned response: <Response [200]>
2021-08-30 12:38:36,706 - instabot version: 0.117.0 (api) - DEBUG - GET to endpoint: users/35253444/info/ returned response: <Response [200]>
2021-08-30 12:38:38,250 - instabot version: 0.117.0 (api) - DEBUG - GET to endpoint: users/5596099688/info/ returned response: <Response [200]>
2021-08-30 12:38:38,743 - instabot version: 0.117.0 (api) - DEBUG - GET to endpoint: users/8280972503/info/ returned response: <Response [200]>
2021-08-30 12:38:40,780 - instabot version: 0.117.0 (api) - DEBUG - GET to endpoint: users/3573924216/info/ returned response: <Response [200]>
2021-08-30 12:38:41,377 - instabot version: 0.117.0 (api) - DEBUG - GET to endpoint: users/49113838004/info/ returned response: <Response [200]>
2021-08-30 12:38:42,066 - instabot version: 0.117.0 (api) - DEBUG - GET to endpoint: users/45510872942/info/ returned response: <Response [200]>
2021-08-30 12:38:42,580 - instabot version: 0.117.0 (api) - DEBUG - GET to endpoint: users/6674892790/info/ returned response: <Response [200]>
2021-08-30 12:38:43,085 - instabot version: 0.117.0 (api) - DEBUG - GET to endpoint: users/48767706326/info/ returned response: <Response [200]>
2021-08-30 12:38:43,616 - instabot version: 0.117.0 (api) - DEBUG - GET to endpoint: users/6677905909/info/ returned response: <Response [200]>
2021-08-30 12:38:44,221 - instabot version: 0.117.0 (api) - DEBUG - GET to endpoint: users/7852225228/info/ returned response: <Response [200]>
2021-08-30 12:49:29,118 - instabot version: 0.117.0 (bot_checkpoint) - DEBUG - Saving Checkpoint file to: D:\searchdisaner/config/instbober.checkpoint
2021-08-30 12:49:29,119 - instabot version: 0.117.0 (bot) - INFO - Total requests: 3214
2021-08-30 12:49:29,119 - instabot version: 0.117.0 (bot_checkpoint) - DEBUG - Saving Checkpoint file to: D:\searchdisaner/config/todoctordoom.checkpoint
2021-08-30 12:49:29,120 - instabot version: 0.117.0 (bot) - INFO - Total requests: 2087
2021-08-30 12:49:29,120 - instabot version: 0.117.0 (bot_checkpoint) - DEBUG - Saving Checkpoint file to: D:\searchdisaner/config/instbober.checkpoint
2021-08-30 12:49:29,121 - instabot version: 0.117.0 (bot) - INFO - Total requests: 3195
2021-08-30 12:49:29,121 - instabot version: 0.117.0 (bot_checkpoint) - DEBUG - Saving Checkpoint file to: D:\searchdisaner/config/todoctordoom.checkpoint
2021-08-30 12:49:29,122 - instabot version: 0.117.0 (bot) - INFO - Total requests: 2058
2021-08-30 12:49:29,122 - instabot version: 0.117.0 (bot_checkpoint) - DEBUG - Saving Checkpoint file to: D:\searchdisaner/config/instbober.checkpoint
2021-08-30 12:49:29,123 - instabot version: 0.117.0 (bot) - INFO - Total requests: 3208
2021-08-30 12:49:29,123 - instabot version: 0.117.0 (bot_checkpoint) - DEBUG - Saving Checkpoint file to: D:\searchdisaner/config/todoctordoom.checkpoint
2021-08-30 12:49:29,124 - instabot version: 0.117.0 (bot) - INFO - Total requests: 2041
2021-08-30 12:49:29,124 - instabot version: 0.117.0 (bot_checkpoint) - DEBUG - Saving Checkpoint file to: D:\searchdisaner/config/instbober.checkpoint
2021-08-30 12:49:29,125 - instabot version: 0.117.0 (bot) - INFO - Total requests: 3199
2021-08-30 12:49:29,126 - instabot version: 0.117.0 (bot_checkpoint) - DEBUG - Saving Checkpoint file to: D:\searchdisaner/config/todoctordoom.checkpoint
2021-08-30 12:49:29,127 - instabot version: 0.117.0 (bot) - INFO - Total requests: 2085
