2021-08-06 11:41:30,471 - instabot version: 0.117.0 (bot) - INFO - Instabot version: 0.117.0 Started
2021-08-06 11:41:30,471 - instabot version: 0.117.0 (bot) - DEBUG - Bot imported from D:\searchdisaner\venv\lib\site-packages\instabot\bot\bot.py
2021-08-06 11:41:30,472 - instabot version: 0.117.0 (api_login) - DEBUG - Loading uuids
2021-08-06 11:41:30,473 - instabot version: 0.117.0 (api_login) - INFO - Recovery from D:\searchdisaner/config/instbober_uuid_and_cookie.json: COOKIE False - UUIDs True - TIMING, DEVICE and ...
- user-agent=Instagram 117.0.0.28.123 Android (28/9.0; 420dpi; 1080x1920; OnePlus; ONEPLUS A3003; OnePlus3; qcom; en_US; 180322800)
- phone_id=69e66906-ef6a-4561-86e6-8c98a236847c
- uuid=81500ee0-4cf5-493e-ae1a-6a5011cbe63d
- client_session_id=32957a9d-435a-448b-9ee5-e5e488d33b0c
- device_id=android-ba894ce94a484232
2021-08-06 11:41:30,474 - instabot version: 0.117.0 (api_login) - INFO - Not yet logged in starting: PRE-LOGIN FLOW!
2021-08-06 11:41:30,919 - instabot version: 0.117.0 (api) - DEBUG - POST to endpoint: accounts/get_prefill_candidates/ returned response: <Response [200]>
2021-08-06 11:41:31,241 - instabot version: 0.117.0 (api) - DEBUG - POST to endpoint: qe/sync/ returned response: <Response [200]>
2021-08-06 11:41:31,556 - instabot version: 0.117.0 (api) - DEBUG - POST to endpoint: launcher/sync/ returned response: <Response [200]>
2021-08-06 11:41:31,857 - instabot version: 0.117.0 (api) - DEBUG - POST to endpoint: accounts/contact_point_prefill/ returned response: <Response [200]>
2021-08-06 11:41:33,537 - instabot version: 0.117.0 (api) - DEBUG - POST to endpoint: accounts/login/ returned response: <Response [200]>
2021-08-06 11:41:33,538 - instabot version: 0.117.0 (api) - INFO - Logged-in successfully as 'instbober'!
2021-08-06 11:41:33,538 - instabot version: 0.117.0 (api_login) - INFO - LOGIN FLOW! Just logged-in: True
2021-08-06 11:41:33,837 - instabot version: 0.117.0 (api) - DEBUG - POST to endpoint: qe/sync/ returned response: <Response [200]>
2021-08-06 11:41:34,120 - instabot version: 0.117.0 (api) - DEBUG - POST to endpoint: launcher/sync/ returned response: <Response [200]>
2021-08-06 11:41:34,373 - instabot version: 0.117.0 (api) - DEBUG - GET to endpoint: zr/token/result/?device_id=android-ba894ce94a484232&token_hash=&custom_device_id=android-ba894ce94a484232&fetch_reason=token_expired returned response: <Response [200]>
2021-08-06 11:41:34,643 - instabot version: 0.117.0 (api) - DEBUG - GET to endpoint: multiple_accounts/get_account_family/ returned response: <Response [200]>
2021-08-06 11:41:34,923 - instabot version: 0.117.0 (api) - DEBUG - POST to endpoint: qe/sync/ returned response: <Response [200]>
2021-08-06 11:41:35,495 - instabot version: 0.117.0 (api) - DEBUG - GET to endpoint: igtv/browse_feed/?prefetch=1 returned response: <Response [200]>
2021-08-06 11:41:35,756 - instabot version: 0.117.0 (api) - DEBUG - POST to endpoint: creatives/ar_class/ returned response: <Response [200]>
2021-08-06 11:41:36,425 - instabot version: 0.117.0 (api) - DEBUG - POST to endpoint: feed/reels_tray/ returned response: <Response [200]>
2021-08-06 11:41:38,334 - instabot version: 0.117.0 (api) - DEBUG - POST to endpoint: feed/timeline/ returned response: <Response [200]>
2021-08-06 11:41:38,579 - instabot version: 0.117.0 (api) - DEBUG - GET to endpoint: media/blocked/ returned response: <Response [200]>
2021-08-06 11:41:39,308 - instabot version: 0.117.0 (api) - DEBUG - GET to endpoint: news/inbox/ returned response: <Response [200]>
2021-08-06 11:41:39,588 - instabot version: 0.117.0 (api) - DEBUG - GET to endpoint: loom/fetch_config/ returned response: <Response [200]>
2021-08-06 11:41:40,650 - instabot version: 0.117.0 (api) - DEBUG - GET to endpoint: scores/bootstrap/users/?surfaces=["autocomplete_user_list","coefficient_besties_list_ranking","coefficient_rank_recipient_user_suggestion","coefficient_ios_section_test_bootstrap_ranking","coefficient_direct_recipients_ranking_variant_2"] returned response: <Response [200]>
2021-08-06 11:41:40,929 - instabot version: 0.117.0 (api) - DEBUG - GET to endpoint: business/eligibility/get_monetization_products_eligibility_data/?product_types=branded_content returned response: <Response [200]>
2021-08-06 11:41:41,191 - instabot version: 0.117.0 (api) - DEBUG - GET to endpoint: business/branded_content/should_require_professional_account/ returned response: <Response [200]>
2021-08-06 11:41:41,464 - instabot version: 0.117.0 (api) - DEBUG - GET to endpoint: linked_accounts/get_linkage_status/ returned response: <Response [200]>
2021-08-06 11:41:41,721 - instabot version: 0.117.0 (api) - DEBUG - GET to endpoint: locations/request_country/ returned response: <Response [200]>
2021-08-06 11:41:41,969 - instabot version: 0.117.0 (api) - DEBUG - GET to endpoint: qp/get_cooldowns/?signed_body=signed_body=4b9c516a5410a3bc128e09c6104a7f042146b9c2023870560c63a43a7f66781c.4&ig_sig_key_version=4&ig_sig_key_version=4 returned response: <Response [200]>
2021-08-06 11:41:42,223 - instabot version: 0.117.0 (api) - DEBUG - GET to endpoint: users/arlink_download_info/?version_override=2.2.1 returned response: <Response [200]>
2021-08-06 11:41:42,598 - instabot version: 0.117.0 (api) - DEBUG - GET to endpoint: users/48835444494/info/ returned response: <Response [200]>
2021-08-06 11:41:42,992 - instabot version: 0.117.0 (api) - DEBUG - GET to endpoint: direct_v2/get_presence/ returned response: <Response [200]>
2021-08-06 11:41:43,488 - instabot version: 0.117.0 (api) - DEBUG - GET to endpoint: direct_v2/inbox/?visual_message_return_type=unseen&thread_message_limit=10&persistentBadging=true&limit=20 returned response: <Response [200]>
2021-08-06 11:41:43,852 - instabot version: 0.117.0 (api) - DEBUG - GET to endpoint: direct_v2/inbox/?visual_message_return_type=unseen&persistentBadging=true&limit=0 returned response: <Response [200]>
2021-08-06 11:41:45,294 - instabot version: 0.117.0 (api) - DEBUG - GET to endpoint: discover/topical_explore/?is_prefetch=true&omit_cover_media=true&use_sectional_payload=true&timezone_offset=0&session_id=32957a9d-435a-448b-9ee5-e5e488d33b0c&include_fixed_destinations=true returned response: <Response [200]>
2021-08-06 11:41:45,560 - instabot version: 0.117.0 (api) - DEBUG - POST to endpoint: notifications/badge/ returned response: <Response [200]>
2021-08-06 11:41:45,900 - instabot version: 0.117.0 (api) - DEBUG - POST to endpoint: qp/batch_fetch/ returned response: <Response [200]>
2021-08-06 11:41:45,901 - instabot version: 0.117.0 (bot_checkpoint) - DEBUG - Loading Checkpoint file from: D:\searchdisaner/config/instbober.checkpoint
2021-08-06 11:41:51,882 - instabot version: 0.117.0 (api) - DEBUG - GET to endpoint: feed/tag/дизайн/?max_id=&rank_token=48835444494_81500ee0-4cf5-493e-ae1a-6a5011cbe63d&ranked_content=true& returned response: <Response [200]>
2021-08-06 11:41:52,482 - instabot version: 0.117.0 (api) - DEBUG - GET to endpoint: users/33610149219/info/ returned response: <Response [200]>
2021-08-06 11:41:52,972 - instabot version: 0.117.0 (api) - DEBUG - GET to endpoint: users/49022419521/info/ returned response: <Response [200]>
2021-08-06 11:41:53,560 - instabot version: 0.117.0 (api) - DEBUG - GET to endpoint: users/10507776476/info/ returned response: <Response [200]>
2021-08-06 11:41:54,180 - instabot version: 0.117.0 (api) - DEBUG - GET to endpoint: users/44430432900/info/ returned response: <Response [200]>
2021-08-06 11:41:54,734 - instabot version: 0.117.0 (api) - DEBUG - GET to endpoint: users/316514155/info/ returned response: <Response [200]>
2021-08-06 11:41:55,357 - instabot version: 0.117.0 (api) - DEBUG - GET to endpoint: users/3306976672/info/ returned response: <Response [200]>
2021-08-06 11:41:55,876 - instabot version: 0.117.0 (api) - DEBUG - GET to endpoint: users/47450764257/info/ returned response: <Response [200]>
2021-08-06 11:41:56,705 - instabot version: 0.117.0 (api) - DEBUG - GET to endpoint: users/1477364787/info/ returned response: <Response [200]>
2021-08-06 11:41:57,155 - instabot version: 0.117.0 (api) - DEBUG - GET to endpoint: users/4952961413/info/ returned response: <Response [200]>
2021-08-06 11:41:57,762 - instabot version: 0.117.0 (api) - DEBUG - GET to endpoint: users/31961935397/info/ returned response: <Response [200]>
2021-08-06 11:41:58,369 - instabot version: 0.117.0 (api) - DEBUG - GET to endpoint: users/3906651851/info/ returned response: <Response [200]>
2021-08-06 11:41:58,910 - instabot version: 0.117.0 (api) - DEBUG - GET to endpoint: users/44079834118/info/ returned response: <Response [200]>
2021-08-06 11:41:59,533 - instabot version: 0.117.0 (api) - DEBUG - GET to endpoint: users/21679568518/info/ returned response: <Response [200]>
2021-08-06 11:42:00,074 - instabot version: 0.117.0 (api) - DEBUG - GET to endpoint: users/6233991024/info/ returned response: <Response [200]>
2021-08-06 11:42:00,667 - instabot version: 0.117.0 (api) - DEBUG - GET to endpoint: users/367374123/info/ returned response: <Response [200]>
2021-08-06 11:42:01,283 - instabot version: 0.117.0 (api) - DEBUG - GET to endpoint: users/1223232936/info/ returned response: <Response [200]>
2021-08-06 11:42:01,781 - instabot version: 0.117.0 (api) - DEBUG - GET to endpoint: users/10352972449/info/ returned response: <Response [200]>
2021-08-06 11:42:02,524 - instabot version: 0.117.0 (api) - DEBUG - GET to endpoint: users/39249492439/info/ returned response: <Response [200]>
2021-08-06 11:42:03,017 - instabot version: 0.117.0 (api) - DEBUG - GET to endpoint: users/47464214299/info/ returned response: <Response [200]>
2021-08-06 11:42:03,499 - instabot version: 0.117.0 (api) - DEBUG - GET to endpoint: users/1528082924/info/ returned response: <Response [200]>
2021-08-06 11:42:04,098 - instabot version: 0.117.0 (api) - DEBUG - GET to endpoint: users/21068759100/info/ returned response: <Response [200]>
2021-08-06 11:42:04,597 - instabot version: 0.117.0 (api) - DEBUG - GET to endpoint: users/4592465535/info/ returned response: <Response [200]>
2021-08-06 11:42:04,971 - instabot version: 0.117.0 (api) - DEBUG - GET to endpoint: users/29053663636/info/ returned response: <Response [200]>
2021-08-06 11:42:05,460 - instabot version: 0.117.0 (api) - DEBUG - GET to endpoint: users/14833863110/info/ returned response: <Response [200]>
2021-08-06 11:42:05,934 - instabot version: 0.117.0 (api) - DEBUG - GET to endpoint: users/44494284532/info/ returned response: <Response [200]>
2021-08-06 11:42:06,594 - instabot version: 0.117.0 (api) - DEBUG - GET to endpoint: users/8589913587/info/ returned response: <Response [200]>
2021-08-06 11:42:07,115 - instabot version: 0.117.0 (api) - DEBUG - GET to endpoint: users/1348087689/info/ returned response: <Response [200]>
2021-08-06 11:42:07,708 - instabot version: 0.117.0 (api) - DEBUG - GET to endpoint: users/10731751155/info/ returned response: <Response [200]>
2021-08-06 11:42:08,228 - instabot version: 0.117.0 (api) - DEBUG - GET to endpoint: users/3242440834/info/ returned response: <Response [200]>
2021-08-06 11:42:08,743 - instabot version: 0.117.0 (api) - DEBUG - GET to endpoint: users/4782922088/info/ returned response: <Response [200]>
2021-08-06 11:42:09,275 - instabot version: 0.117.0 (api) - DEBUG - GET to endpoint: users/470824078/info/ returned response: <Response [200]>
2021-08-06 11:42:09,945 - instabot version: 0.117.0 (api) - DEBUG - GET to endpoint: users/6787491015/info/ returned response: <Response [200]>
2021-08-06 11:42:10,299 - instabot version: 0.117.0 (api) - DEBUG - GET to endpoint: users/6040994557/info/ returned response: <Response [200]>
2021-08-06 11:42:10,706 - instabot version: 0.117.0 (api) - DEBUG - GET to endpoint: users/10227190773/info/ returned response: <Response [200]>
2021-08-06 11:42:11,184 - instabot version: 0.117.0 (api) - DEBUG - GET to endpoint: users/7032662452/info/ returned response: <Response [200]>
2021-08-06 11:42:11,904 - instabot version: 0.117.0 (api) - DEBUG - GET to endpoint: users/2690523143/info/ returned response: <Response [200]>
2021-08-06 11:42:12,431 - instabot version: 0.117.0 (api) - DEBUG - GET to endpoint: users/4921795738/info/ returned response: <Response [200]>
2021-08-06 11:42:13,014 - instabot version: 0.117.0 (api) - DEBUG - GET to endpoint: users/1633254282/info/ returned response: <Response [200]>
2021-08-06 11:42:13,738 - instabot version: 0.117.0 (api) - DEBUG - GET to endpoint: users/4583545430/info/ returned response: <Response [200]>
2021-08-06 11:42:14,270 - instabot version: 0.117.0 (api) - DEBUG - GET to endpoint: users/1040632483/info/ returned response: <Response [200]>
2021-08-06 11:42:14,916 - instabot version: 0.117.0 (api) - DEBUG - GET to endpoint: users/542237536/info/ returned response: <Response [200]>
2021-08-06 11:42:15,495 - instabot version: 0.117.0 (api) - DEBUG - GET to endpoint: users/3297752216/info/ returned response: <Response [200]>
2021-08-06 11:42:16,158 - instabot version: 0.117.0 (api) - DEBUG - GET to endpoint: users/3030446009/info/ returned response: <Response [200]>
2021-08-06 11:42:16,619 - instabot version: 0.117.0 (api) - DEBUG - GET to endpoint: users/45841532925/info/ returned response: <Response [200]>
2021-08-06 11:42:17,147 - instabot version: 0.117.0 (api) - DEBUG - GET to endpoint: users/45033573699/info/ returned response: <Response [200]>
2021-08-06 11:42:18,013 - instabot version: 0.117.0 (api) - DEBUG - GET to endpoint: users/48102756989/info/ returned response: <Response [200]>
2021-08-06 11:42:18,533 - instabot version: 0.117.0 (api) - DEBUG - GET to endpoint: users/1153301938/info/ returned response: <Response [200]>
2021-08-06 11:42:18,997 - instabot version: 0.117.0 (api) - DEBUG - GET to endpoint: users/8268285517/info/ returned response: <Response [200]>
2021-08-06 11:42:19,548 - instabot version: 0.117.0 (api) - DEBUG - GET to endpoint: users/6225648814/info/ returned response: <Response [200]>
2021-08-06 11:42:20,113 - instabot version: 0.117.0 (api) - DEBUG - GET to endpoint: users/2288530285/info/ returned response: <Response [200]>
2021-08-06 11:42:20,691 - instabot version: 0.117.0 (api) - DEBUG - GET to endpoint: users/23782203025/info/ returned response: <Response [200]>
2021-08-06 11:42:21,187 - instabot version: 0.117.0 (api) - DEBUG - GET to endpoint: users/4852762735/info/ returned response: <Response [200]>
2021-08-06 11:42:21,545 - instabot version: 0.117.0 (api) - DEBUG - GET to endpoint: users/28651304304/info/ returned response: <Response [200]>
2021-08-06 11:42:22,006 - instabot version: 0.117.0 (api) - DEBUG - GET to endpoint: users/48674848153/info/ returned response: <Response [200]>
2021-08-06 11:42:22,563 - instabot version: 0.117.0 (api) - DEBUG - GET to endpoint: users/362516380/info/ returned response: <Response [200]>
2021-08-06 11:42:23,180 - instabot version: 0.117.0 (api) - DEBUG - GET to endpoint: users/45484005279/info/ returned response: <Response [200]>
2021-08-06 11:42:23,543 - instabot version: 0.117.0 (api) - DEBUG - GET to endpoint: users/46656439619/info/ returned response: <Response [200]>
2021-08-06 11:42:24,013 - instabot version: 0.117.0 (api) - DEBUG - GET to endpoint: users/6677905909/info/ returned response: <Response [200]>
2021-08-06 11:42:24,513 - instabot version: 0.117.0 (api) - DEBUG - GET to endpoint: users/7572989138/info/ returned response: <Response [200]>
2021-08-06 11:42:24,873 - instabot version: 0.117.0 (api) - DEBUG - GET to endpoint: users/29535970906/info/ returned response: <Response [200]>
2021-08-06 11:42:25,347 - instabot version: 0.117.0 (api) - DEBUG - GET to endpoint: users/6426402749/info/ returned response: <Response [200]>
2021-08-06 11:42:25,895 - instabot version: 0.117.0 (api) - DEBUG - GET to endpoint: users/5855165154/info/ returned response: <Response [200]>
2021-08-06 11:42:26,407 - instabot version: 0.117.0 (api) - DEBUG - GET to endpoint: users/43009159467/info/ returned response: <Response [200]>
2021-08-06 11:42:27,008 - instabot version: 0.117.0 (api) - DEBUG - GET to endpoint: users/43490247888/info/ returned response: <Response [200]>
2021-08-06 11:42:27,588 - instabot version: 0.117.0 (api) - DEBUG - GET to endpoint: users/7138227012/info/ returned response: <Response [200]>
2021-08-06 11:42:28,076 - instabot version: 0.117.0 (api) - DEBUG - GET to endpoint: users/48215537637/info/ returned response: <Response [200]>
2021-08-06 11:42:28,836 - instabot version: 0.117.0 (api) - DEBUG - GET to endpoint: users/8720313349/info/ returned response: <Response [200]>
2021-08-06 11:42:29,333 - instabot version: 0.117.0 (api) - DEBUG - GET to endpoint: users/34212621488/info/ returned response: <Response [200]>
2021-08-06 11:42:29,932 - instabot version: 0.117.0 (api) - DEBUG - GET to endpoint: users/45458361725/info/ returned response: <Response [200]>
2021-08-06 11:42:30,594 - instabot version: 0.117.0 (api) - DEBUG - GET to endpoint: users/5360249325/info/ returned response: <Response [200]>
2021-08-06 11:42:31,154 - instabot version: 0.117.0 (api) - DEBUG - GET to endpoint: users/4037579352/info/ returned response: <Response [200]>
2021-08-06 11:42:31,747 - instabot version: 0.117.0 (api) - DEBUG - GET to endpoint: users/27528728247/info/ returned response: <Response [200]>
2021-08-06 11:42:32,151 - instabot version: 0.117.0 (api) - DEBUG - GET to endpoint: users/48740167527/info/ returned response: <Response [200]>
2021-08-06 11:42:32,719 - instabot version: 0.117.0 (api) - DEBUG - GET to endpoint: users/3042960942/info/ returned response: <Response [200]>
2021-08-06 11:42:33,188 - instabot version: 0.117.0 (api) - DEBUG - GET to endpoint: users/45416899388/info/ returned response: <Response [200]>
2021-08-06 11:42:33,843 - instabot version: 0.117.0 (api) - DEBUG - GET to endpoint: users/7060462214/info/ returned response: <Response [200]>
2021-08-06 11:42:34,304 - instabot version: 0.117.0 (api) - DEBUG - GET to endpoint: users/7151381364/info/ returned response: <Response [200]>
2021-08-06 11:42:41,316 - instabot version: 0.117.0 (api) - DEBUG - GET to endpoint: feed/tag/дизайнер/?max_id=&rank_token=48835444494_81500ee0-4cf5-493e-ae1a-6a5011cbe63d&ranked_content=true& returned response: <Response [200]>
2021-08-06 11:42:41,911 - instabot version: 0.117.0 (api) - DEBUG - GET to endpoint: users/1545147612/info/ returned response: <Response [200]>
2021-08-06 11:42:42,388 - instabot version: 0.117.0 (api) - DEBUG - GET to endpoint: users/34350570080/info/ returned response: <Response [200]>
2021-08-06 11:42:42,903 - instabot version: 0.117.0 (api) - DEBUG - GET to endpoint: users/2905805343/info/ returned response: <Response [200]>
2021-08-06 11:42:43,359 - instabot version: 0.117.0 (api) - DEBUG - GET to endpoint: users/8287850660/info/ returned response: <Response [200]>
2021-08-06 11:42:43,956 - instabot version: 0.117.0 (api) - DEBUG - GET to endpoint: users/4425182660/info/ returned response: <Response [200]>
2021-08-06 11:42:44,441 - instabot version: 0.117.0 (api) - DEBUG - GET to endpoint: users/5941727476/info/ returned response: <Response [200]>
2021-08-06 11:42:44,907 - instabot version: 0.117.0 (api) - DEBUG - GET to endpoint: users/5853885911/info/ returned response: <Response [200]>
2021-08-06 11:42:45,407 - instabot version: 0.117.0 (api) - DEBUG - GET to endpoint: users/48527616704/info/ returned response: <Response [200]>
2021-08-06 11:42:45,901 - instabot version: 0.117.0 (api) - DEBUG - GET to endpoint: users/8334236199/info/ returned response: <Response [200]>
2021-08-06 11:42:46,405 - instabot version: 0.117.0 (api) - DEBUG - GET to endpoint: users/7665658237/info/ returned response: <Response [200]>
2021-08-06 11:42:46,889 - instabot version: 0.117.0 (api) - DEBUG - GET to endpoint: users/13112298149/info/ returned response: <Response [200]>
2021-08-06 11:42:47,379 - instabot version: 0.117.0 (api) - DEBUG - GET to endpoint: users/48429089806/info/ returned response: <Response [200]>
2021-08-06 11:42:47,895 - instabot version: 0.117.0 (api) - DEBUG - GET to endpoint: users/25791289330/info/ returned response: <Response [200]>
2021-08-06 11:42:48,360 - instabot version: 0.117.0 (api) - DEBUG - GET to endpoint: users/13758902707/info/ returned response: <Response [200]>
2021-08-06 11:42:48,862 - instabot version: 0.117.0 (api) - DEBUG - GET to endpoint: users/17053765673/info/ returned response: <Response [200]>
2021-08-06 11:42:49,455 - instabot version: 0.117.0 (api) - DEBUG - GET to endpoint: users/2010843642/info/ returned response: <Response [200]>
2021-08-06 11:42:49,956 - instabot version: 0.117.0 (api) - DEBUG - GET to endpoint: users/11857372622/info/ returned response: <Response [200]>
2021-08-06 11:42:50,416 - instabot version: 0.117.0 (api) - DEBUG - GET to endpoint: users/48837426418/info/ returned response: <Response [200]>
2021-08-06 11:42:50,833 - instabot version: 0.117.0 (api) - DEBUG - GET to endpoint: users/48728196720/info/ returned response: <Response [200]>
2021-08-06 11:42:51,279 - instabot version: 0.117.0 (api) - DEBUG - GET to endpoint: users/892800494/info/ returned response: <Response [200]>
2021-08-06 11:42:51,718 - instabot version: 0.117.0 (api) - DEBUG - GET to endpoint: users/45249386253/info/ returned response: <Response [200]>
2021-08-06 11:42:52,100 - instabot version: 0.117.0 (api) - DEBUG - GET to endpoint: users/49028901991/info/ returned response: <Response [200]>
2021-08-06 11:42:52,589 - instabot version: 0.117.0 (api) - DEBUG - GET to endpoint: users/32642028310/info/ returned response: <Response [200]>
2021-08-06 11:42:53,150 - instabot version: 0.117.0 (api) - DEBUG - GET to endpoint: users/45325932417/info/ returned response: <Response [200]>
2021-08-06 11:42:53,651 - instabot version: 0.117.0 (api) - DEBUG - GET to endpoint: users/2026417371/info/ returned response: <Response [200]>
2021-08-06 11:42:54,211 - instabot version: 0.117.0 (api) - DEBUG - GET to endpoint: users/48636330284/info/ returned response: <Response [200]>
2021-08-06 11:42:55,151 - instabot version: 0.117.0 (api) - DEBUG - GET to endpoint: users/32003936085/info/ returned response: <Response [200]>
2021-08-06 11:42:55,720 - instabot version: 0.117.0 (api) - DEBUG - GET to endpoint: users/7544191707/info/ returned response: <Response [200]>
2021-08-06 11:42:56,167 - instabot version: 0.117.0 (api) - DEBUG - GET to endpoint: users/7269359653/info/ returned response: <Response [200]>
2021-08-06 11:42:56,671 - instabot version: 0.117.0 (api) - DEBUG - GET to endpoint: users/5940923014/info/ returned response: <Response [200]>
2021-08-06 11:42:57,302 - instabot version: 0.117.0 (api) - DEBUG - GET to endpoint: users/5573984245/info/ returned response: <Response [200]>
2021-08-06 11:42:57,863 - instabot version: 0.117.0 (api) - DEBUG - GET to endpoint: users/44963844577/info/ returned response: <Response [200]>
2021-08-06 11:42:58,480 - instabot version: 0.117.0 (api) - DEBUG - GET to endpoint: users/5702746514/info/ returned response: <Response [200]>
2021-08-06 11:42:58,975 - instabot version: 0.117.0 (api) - DEBUG - GET to endpoint: users/4093706627/info/ returned response: <Response [200]>
2021-08-06 11:42:59,520 - instabot version: 0.117.0 (api) - DEBUG - GET to endpoint: users/47193124953/info/ returned response: <Response [200]>
2021-08-06 11:43:00,080 - instabot version: 0.117.0 (api) - DEBUG - GET to endpoint: users/48737233039/info/ returned response: <Response [200]>
2021-08-06 11:43:01,032 - instabot version: 0.117.0 (api) - DEBUG - GET to endpoint: users/4574504061/info/ returned response: <Response [200]>
2021-08-06 11:43:01,710 - instabot version: 0.117.0 (api) - DEBUG - GET to endpoint: users/44677829178/info/ returned response: <Response [200]>
2021-08-06 11:43:02,223 - instabot version: 0.117.0 (api) - DEBUG - GET to endpoint: users/36562789800/info/ returned response: <Response [200]>
2021-08-06 11:43:02,809 - instabot version: 0.117.0 (api) - DEBUG - GET to endpoint: users/5814091502/info/ returned response: <Response [200]>
2021-08-06 11:43:03,334 - instabot version: 0.117.0 (api) - DEBUG - GET to endpoint: users/5913411115/info/ returned response: <Response [200]>
2021-08-06 11:43:03,908 - instabot version: 0.117.0 (api) - DEBUG - GET to endpoint: users/5577173455/info/ returned response: <Response [200]>
2021-08-06 11:43:04,466 - instabot version: 0.117.0 (api) - DEBUG - GET to endpoint: users/3737725617/info/ returned response: <Response [200]>
2021-08-06 11:43:04,971 - instabot version: 0.117.0 (api) - DEBUG - GET to endpoint: users/6942648446/info/ returned response: <Response [200]>
2021-08-06 11:43:05,427 - instabot version: 0.117.0 (api) - DEBUG - GET to endpoint: users/1905954651/info/ returned response: <Response [200]>
2021-08-06 11:43:05,896 - instabot version: 0.117.0 (api) - DEBUG - GET to endpoint: users/4024123255/info/ returned response: <Response [200]>
2021-08-06 11:43:06,268 - instabot version: 0.117.0 (api) - DEBUG - GET to endpoint: users/47195339824/info/ returned response: <Response [200]>
2021-08-06 11:43:06,893 - instabot version: 0.117.0 (api) - DEBUG - GET to endpoint: users/18102225380/info/ returned response: <Response [200]>
2021-08-06 11:43:07,400 - instabot version: 0.117.0 (api) - DEBUG - GET to endpoint: users/4057432153/info/ returned response: <Response [200]>
2021-08-06 11:43:08,022 - instabot version: 0.117.0 (api) - DEBUG - GET to endpoint: users/1562288314/info/ returned response: <Response [200]>
2021-08-06 11:43:08,613 - instabot version: 0.117.0 (api) - DEBUG - GET to endpoint: users/10661774672/info/ returned response: <Response [200]>
2021-08-06 11:43:09,181 - instabot version: 0.117.0 (api) - DEBUG - GET to endpoint: users/7851097845/info/ returned response: <Response [200]>
2021-08-06 11:43:09,666 - instabot version: 0.117.0 (api) - DEBUG - GET to endpoint: users/7894443504/info/ returned response: <Response [200]>
2021-08-06 11:43:10,196 - instabot version: 0.117.0 (api) - DEBUG - GET to endpoint: users/16832080203/info/ returned response: <Response [200]>
2021-08-06 11:43:10,710 - instabot version: 0.117.0 (api) - DEBUG - GET to endpoint: users/3245215445/info/ returned response: <Response [200]>
2021-08-06 11:43:11,182 - instabot version: 0.117.0 (api) - DEBUG - GET to endpoint: users/45722368478/info/ returned response: <Response [200]>
2021-08-06 11:43:11,762 - instabot version: 0.117.0 (api) - DEBUG - GET to endpoint: users/2618834464/info/ returned response: <Response [200]>
2021-08-06 11:43:12,336 - instabot version: 0.117.0 (api) - DEBUG - GET to endpoint: users/420235417/info/ returned response: <Response [200]>
2021-08-06 11:43:12,846 - instabot version: 0.117.0 (api) - DEBUG - GET to endpoint: users/7276088835/info/ returned response: <Response [200]>
2021-08-06 11:43:13,361 - instabot version: 0.117.0 (api) - DEBUG - GET to endpoint: users/5967253200/info/ returned response: <Response [200]>
2021-08-06 11:43:13,882 - instabot version: 0.117.0 (api) - DEBUG - GET to endpoint: users/47767866668/info/ returned response: <Response [200]>
2021-08-06 11:43:14,333 - instabot version: 0.117.0 (api) - DEBUG - GET to endpoint: users/1539374651/info/ returned response: <Response [200]>
2021-08-06 11:43:14,831 - instabot version: 0.117.0 (api) - DEBUG - GET to endpoint: users/1797246039/info/ returned response: <Response [200]>
2021-08-06 11:43:15,406 - instabot version: 0.117.0 (api) - DEBUG - GET to endpoint: users/5315715871/info/ returned response: <Response [200]>
2021-08-06 11:43:15,990 - instabot version: 0.117.0 (api) - DEBUG - GET to endpoint: users/2119255543/info/ returned response: <Response [200]>
2021-08-06 11:43:16,607 - instabot version: 0.117.0 (api) - DEBUG - GET to endpoint: users/5482498136/info/ returned response: <Response [200]>
2021-08-06 11:43:17,073 - instabot version: 0.117.0 (api) - DEBUG - GET to endpoint: users/31302794062/info/ returned response: <Response [200]>
2021-08-06 11:43:17,589 - instabot version: 0.117.0 (api) - DEBUG - GET to endpoint: users/4511426016/info/ returned response: <Response [200]>
2021-08-06 11:43:18,154 - instabot version: 0.117.0 (api) - DEBUG - GET to endpoint: users/24844021840/info/ returned response: <Response [200]>
2021-08-06 11:43:18,894 - instabot version: 0.117.0 (api) - DEBUG - GET to endpoint: users/4239448901/info/ returned response: <Response [200]>
2021-08-06 11:43:19,553 - instabot version: 0.117.0 (api) - DEBUG - GET to endpoint: users/268347284/info/ returned response: <Response [200]>
2021-08-06 11:43:20,063 - instabot version: 0.117.0 (api) - DEBUG - GET to endpoint: users/3402489837/info/ returned response: <Response [200]>
2021-08-06 11:43:20,578 - instabot version: 0.117.0 (api) - DEBUG - GET to endpoint: users/45326410292/info/ returned response: <Response [200]>
2021-08-06 11:43:36,857 - instabot version: 0.117.0 (bot_checkpoint) - DEBUG - Saving Checkpoint file to: D:\searchdisaner/config/instbober.checkpoint
2021-08-06 11:43:36,857 - instabot version: 0.117.0 (bot) - INFO - Total requests: 1232
