2021-08-12 11:21:32,602 - instabot version: 0.117.0 (bot) - INFO - Instabot version: 0.117.0 Started
2021-08-12 11:21:32,602 - instabot version: 0.117.0 (bot) - DEBUG - Bot imported from D:\searchdisaner\venv\lib\site-packages\instabot\bot\bot.py
2021-08-12 11:21:32,685 - instabot version: 0.117.0 (api_login) - DEBUG - Loading uuids
2021-08-12 11:21:32,685 - instabot version: 0.117.0 (api_login) - INFO - Recovery from D:\searchdisaner/config/instbober_uuid_and_cookie.json: COOKIE False - UUIDs True - TIMING, DEVICE and ...
- user-agent=Instagram 117.0.0.28.123 Android (28/9.0; 420dpi; 1080x1920; OnePlus; ONEPLUS A3003; OnePlus3; qcom; en_US; 180322800)
- phone_id=69e66906-ef6a-4561-86e6-8c98a236847c
- uuid=81500ee0-4cf5-493e-ae1a-6a5011cbe63d
- client_session_id=32957a9d-435a-448b-9ee5-e5e488d33b0c
- device_id=android-ba894ce94a484232
2021-08-12 11:21:32,686 - instabot version: 0.117.0 (api_login) - INFO - Not yet logged in starting: PRE-LOGIN FLOW!
2021-08-12 11:21:33,425 - instabot version: 0.117.0 (api) - DEBUG - POST to endpoint: accounts/get_prefill_candidates/ returned response: <Response [200]>
2021-08-12 11:21:33,939 - instabot version: 0.117.0 (api) - DEBUG - POST to endpoint: qe/sync/ returned response: <Response [200]>
2021-08-12 11:21:34,291 - instabot version: 0.117.0 (api) - DEBUG - POST to endpoint: launcher/sync/ returned response: <Response [200]>
2021-08-12 11:21:34,616 - instabot version: 0.117.0 (api) - DEBUG - POST to endpoint: accounts/contact_point_prefill/ returned response: <Response [200]>
2021-08-12 11:21:36,288 - instabot version: 0.117.0 (api) - DEBUG - POST to endpoint: accounts/login/ returned response: <Response [200]>
2021-08-12 11:21:36,289 - instabot version: 0.117.0 (api) - INFO - Logged-in successfully as 'instbober'!
2021-08-12 11:21:36,289 - instabot version: 0.117.0 (api_login) - INFO - LOGIN FLOW! Just logged-in: True
2021-08-12 11:21:36,563 - instabot version: 0.117.0 (api) - DEBUG - POST to endpoint: qe/sync/ returned response: <Response [200]>
2021-08-12 11:21:36,869 - instabot version: 0.117.0 (api) - DEBUG - POST to endpoint: launcher/sync/ returned response: <Response [200]>
2021-08-12 11:21:37,132 - instabot version: 0.117.0 (api) - DEBUG - GET to endpoint: zr/token/result/?device_id=android-ba894ce94a484232&token_hash=&custom_device_id=android-ba894ce94a484232&fetch_reason=token_expired returned response: <Response [200]>
2021-08-12 11:21:37,476 - instabot version: 0.117.0 (api) - DEBUG - GET to endpoint: multiple_accounts/get_account_family/ returned response: <Response [200]>
2021-08-12 11:21:37,801 - instabot version: 0.117.0 (api) - DEBUG - POST to endpoint: qe/sync/ returned response: <Response [200]>
2021-08-12 11:21:38,440 - instabot version: 0.117.0 (api) - DEBUG - GET to endpoint: igtv/browse_feed/?prefetch=1 returned response: <Response [200]>
2021-08-12 11:21:38,709 - instabot version: 0.117.0 (api) - DEBUG - POST to endpoint: creatives/ar_class/ returned response: <Response [200]>
2021-08-12 11:21:39,580 - instabot version: 0.117.0 (api) - DEBUG - POST to endpoint: feed/reels_tray/ returned response: <Response [200]>
2021-08-12 11:21:44,205 - instabot version: 0.117.0 (api) - DEBUG - POST to endpoint: feed/timeline/ returned response: <Response [200]>
2021-08-12 11:21:44,468 - instabot version: 0.117.0 (api) - DEBUG - GET to endpoint: media/blocked/ returned response: <Response [200]>
2021-08-12 11:21:45,286 - instabot version: 0.117.0 (api) - DEBUG - GET to endpoint: news/inbox/ returned response: <Response [200]>
2021-08-12 11:21:45,670 - instabot version: 0.117.0 (api) - DEBUG - GET to endpoint: loom/fetch_config/ returned response: <Response [200]>
2021-08-12 11:21:46,399 - instabot version: 0.117.0 (api) - DEBUG - GET to endpoint: scores/bootstrap/users/?surfaces=["autocomplete_user_list","coefficient_besties_list_ranking","coefficient_rank_recipient_user_suggestion","coefficient_ios_section_test_bootstrap_ranking","coefficient_direct_recipients_ranking_variant_2"] returned response: <Response [200]>
2021-08-12 11:21:46,677 - instabot version: 0.117.0 (api) - DEBUG - GET to endpoint: business/eligibility/get_monetization_products_eligibility_data/?product_types=branded_content returned response: <Response [200]>
2021-08-12 11:21:46,949 - instabot version: 0.117.0 (api) - DEBUG - GET to endpoint: business/branded_content/should_require_professional_account/ returned response: <Response [200]>
2021-08-12 11:21:47,238 - instabot version: 0.117.0 (api) - DEBUG - GET to endpoint: linked_accounts/get_linkage_status/ returned response: <Response [200]>
2021-08-12 11:21:47,529 - instabot version: 0.117.0 (api) - DEBUG - GET to endpoint: locations/request_country/ returned response: <Response [200]>
2021-08-12 11:21:47,803 - instabot version: 0.117.0 (api) - DEBUG - GET to endpoint: qp/get_cooldowns/?signed_body=signed_body=4b9c516a5410a3bc128e09c6104a7f042146b9c2023870560c63a43a7f66781c.4&ig_sig_key_version=4&ig_sig_key_version=4 returned response: <Response [200]>
2021-08-12 11:21:48,061 - instabot version: 0.117.0 (api) - DEBUG - GET to endpoint: users/arlink_download_info/?version_override=2.2.1 returned response: <Response [200]>
2021-08-12 11:21:48,543 - instabot version: 0.117.0 (api) - DEBUG - GET to endpoint: users/48835444494/info/ returned response: <Response [200]>
2021-08-12 11:21:48,970 - instabot version: 0.117.0 (api) - DEBUG - GET to endpoint: direct_v2/get_presence/ returned response: <Response [200]>
2021-08-12 11:21:49,416 - instabot version: 0.117.0 (api) - DEBUG - GET to endpoint: direct_v2/inbox/?visual_message_return_type=unseen&thread_message_limit=10&persistentBadging=true&limit=20 returned response: <Response [200]>
2021-08-12 11:21:49,929 - instabot version: 0.117.0 (api) - DEBUG - GET to endpoint: direct_v2/inbox/?visual_message_return_type=unseen&persistentBadging=true&limit=0 returned response: <Response [200]>
2021-08-12 11:21:51,773 - instabot version: 0.117.0 (api) - DEBUG - GET to endpoint: discover/topical_explore/?is_prefetch=true&omit_cover_media=true&use_sectional_payload=true&timezone_offset=0&session_id=32957a9d-435a-448b-9ee5-e5e488d33b0c&include_fixed_destinations=true returned response: <Response [200]>
2021-08-12 11:21:52,058 - instabot version: 0.117.0 (api) - DEBUG - POST to endpoint: notifications/badge/ returned response: <Response [200]>
2021-08-12 11:21:52,524 - instabot version: 0.117.0 (api) - DEBUG - POST to endpoint: qp/batch_fetch/ returned response: <Response [200]>
2021-08-12 11:21:52,525 - instabot version: 0.117.0 (bot_checkpoint) - DEBUG - Loading Checkpoint file from: D:\searchdisaner/config/instbober.checkpoint
2021-08-12 11:21:58,068 - instabot version: 0.117.0 (api) - DEBUG - GET to endpoint: feed/tag/дизайн/?max_id=&rank_token=48835444494_81500ee0-4cf5-493e-ae1a-6a5011cbe63d&ranked_content=true& returned response: <Response [200]>
2021-08-12 11:21:58,673 - instabot version: 0.117.0 (api) - DEBUG - GET to endpoint: users/26513314993/info/ returned response: <Response [200]>
2021-08-12 11:21:59,213 - instabot version: 0.117.0 (api) - DEBUG - GET to endpoint: users/5592122949/info/ returned response: <Response [200]>
2021-08-12 11:21:59,770 - instabot version: 0.117.0 (api) - DEBUG - GET to endpoint: users/3505285651/info/ returned response: <Response [200]>
2021-08-12 11:22:00,296 - instabot version: 0.117.0 (api) - DEBUG - GET to endpoint: users/48647198777/info/ returned response: <Response [200]>
2021-08-12 11:22:00,985 - instabot version: 0.117.0 (api) - DEBUG - GET to endpoint: users/9719361977/info/ returned response: <Response [200]>
2021-08-12 11:22:01,583 - instabot version: 0.117.0 (api) - DEBUG - GET to endpoint: users/576355964/info/ returned response: <Response [200]>
2021-08-12 11:22:02,110 - instabot version: 0.117.0 (api) - DEBUG - GET to endpoint: users/38337701953/info/ returned response: <Response [200]>
2021-08-12 11:22:02,475 - instabot version: 0.117.0 (api) - DEBUG - GET to endpoint: users/48097638305/info/ returned response: <Response [200]>
2021-08-12 11:22:02,929 - instabot version: 0.117.0 (api) - DEBUG - GET to endpoint: users/1500542436/info/ returned response: <Response [200]>
2021-08-12 11:22:03,357 - instabot version: 0.117.0 (api) - DEBUG - GET to endpoint: users/47896848318/info/ returned response: <Response [200]>
2021-08-12 11:22:03,865 - instabot version: 0.117.0 (api) - DEBUG - GET to endpoint: users/28171441353/info/ returned response: <Response [200]>
2021-08-12 11:22:04,245 - instabot version: 0.117.0 (api) - DEBUG - GET to endpoint: users/4745367025/info/ returned response: <Response [200]>
2021-08-12 11:22:04,804 - instabot version: 0.117.0 (api) - DEBUG - GET to endpoint: users/1802698371/info/ returned response: <Response [200]>
2021-08-12 11:22:05,262 - instabot version: 0.117.0 (api) - DEBUG - GET to endpoint: users/1418249124/info/ returned response: <Response [200]>
2021-08-12 11:22:05,962 - instabot version: 0.117.0 (api) - DEBUG - GET to endpoint: users/2142360986/info/ returned response: <Response [200]>
2021-08-12 11:22:06,481 - instabot version: 0.117.0 (api) - DEBUG - GET to endpoint: users/4214913435/info/ returned response: <Response [200]>
2021-08-12 11:22:06,991 - instabot version: 0.117.0 (api) - DEBUG - GET to endpoint: users/11105528023/info/ returned response: <Response [200]>
2021-08-12 11:22:07,508 - instabot version: 0.117.0 (api) - DEBUG - GET to endpoint: users/400033594/info/ returned response: <Response [200]>
2021-08-12 11:22:08,028 - instabot version: 0.117.0 (api) - DEBUG - GET to endpoint: users/40731263883/info/ returned response: <Response [200]>
2021-08-12 11:22:08,594 - instabot version: 0.117.0 (api) - DEBUG - GET to endpoint: users/2525641357/info/ returned response: <Response [200]>
2021-08-12 11:22:09,192 - instabot version: 0.117.0 (api) - DEBUG - GET to endpoint: users/44312126747/info/ returned response: <Response [200]>
2021-08-12 11:22:09,757 - instabot version: 0.117.0 (api) - DEBUG - GET to endpoint: users/2859842905/info/ returned response: <Response [200]>
2021-08-12 11:22:10,342 - instabot version: 0.117.0 (api) - DEBUG - GET to endpoint: users/42203511169/info/ returned response: <Response [200]>
2021-08-12 11:22:10,858 - instabot version: 0.117.0 (api) - DEBUG - GET to endpoint: users/2874081384/info/ returned response: <Response [200]>
2021-08-12 11:22:11,419 - instabot version: 0.117.0 (api) - DEBUG - GET to endpoint: users/1667478022/info/ returned response: <Response [200]>
2021-08-12 11:22:12,365 - instabot version: 0.117.0 (api) - DEBUG - GET to endpoint: users/5879972719/info/ returned response: <Response [200]>
2021-08-12 11:22:12,918 - instabot version: 0.117.0 (api) - DEBUG - GET to endpoint: users/18660252729/info/ returned response: <Response [200]>
2021-08-12 11:22:13,445 - instabot version: 0.117.0 (api) - DEBUG - GET to endpoint: users/9528015334/info/ returned response: <Response [200]>
2021-08-12 11:22:14,174 - instabot version: 0.117.0 (api) - DEBUG - GET to endpoint: users/1802566005/info/ returned response: <Response [200]>
2021-08-12 11:22:14,941 - instabot version: 0.117.0 (api) - DEBUG - GET to endpoint: users/1482307455/info/ returned response: <Response [200]>
2021-08-12 11:22:15,651 - instabot version: 0.117.0 (api) - DEBUG - GET to endpoint: users/4461372508/info/ returned response: <Response [200]>
2021-08-12 11:22:16,205 - instabot version: 0.117.0 (api) - DEBUG - GET to endpoint: users/10670618099/info/ returned response: <Response [200]>
2021-08-12 11:22:16,696 - instabot version: 0.117.0 (api) - DEBUG - GET to endpoint: users/5565479171/info/ returned response: <Response [200]>
2021-08-12 11:22:17,258 - instabot version: 0.117.0 (api) - DEBUG - GET to endpoint: users/4749849800/info/ returned response: <Response [200]>
2021-08-12 11:22:17,839 - instabot version: 0.117.0 (api) - DEBUG - GET to endpoint: users/3991868778/info/ returned response: <Response [200]>
2021-08-12 11:22:18,440 - instabot version: 0.117.0 (api) - DEBUG - GET to endpoint: users/6748094023/info/ returned response: <Response [200]>
2021-08-12 11:22:18,823 - instabot version: 0.117.0 (api) - DEBUG - GET to endpoint: users/207703449/info/ returned response: <Response [200]>
2021-08-12 11:22:19,300 - instabot version: 0.117.0 (api) - DEBUG - GET to endpoint: users/45842626709/info/ returned response: <Response [200]>
2021-08-12 11:22:19,845 - instabot version: 0.117.0 (api) - DEBUG - GET to endpoint: users/46473755614/info/ returned response: <Response [200]>
2021-08-12 11:22:20,433 - instabot version: 0.117.0 (api) - DEBUG - GET to endpoint: users/4228601535/info/ returned response: <Response [200]>
2021-08-12 11:22:20,982 - instabot version: 0.117.0 (api) - DEBUG - GET to endpoint: users/654756880/info/ returned response: <Response [200]>
2021-08-12 11:22:21,517 - instabot version: 0.117.0 (api) - DEBUG - GET to endpoint: users/10577335825/info/ returned response: <Response [200]>
2021-08-12 11:22:22,138 - instabot version: 0.117.0 (api) - DEBUG - GET to endpoint: users/48089013563/info/ returned response: <Response [200]>
2021-08-12 11:22:22,696 - instabot version: 0.117.0 (api) - DEBUG - GET to endpoint: users/9364188247/info/ returned response: <Response [200]>
2021-08-12 11:22:23,272 - instabot version: 0.117.0 (api) - DEBUG - GET to endpoint: users/33009724951/info/ returned response: <Response [200]>
2021-08-12 11:22:23,767 - instabot version: 0.117.0 (api) - DEBUG - GET to endpoint: users/1600233774/info/ returned response: <Response [200]>
2021-08-12 11:22:24,326 - instabot version: 0.117.0 (api) - DEBUG - GET to endpoint: users/48865904894/info/ returned response: <Response [200]>
2021-08-12 11:22:25,033 - instabot version: 0.117.0 (api) - DEBUG - GET to endpoint: users/2280450178/info/ returned response: <Response [200]>
2021-08-12 11:22:25,391 - instabot version: 0.117.0 (api) - DEBUG - GET to endpoint: users/45000241865/info/ returned response: <Response [200]>
2021-08-12 11:22:25,853 - instabot version: 0.117.0 (api) - DEBUG - GET to endpoint: users/7537422912/info/ returned response: <Response [200]>
2021-08-12 11:22:26,323 - instabot version: 0.117.0 (api) - DEBUG - GET to endpoint: users/22031898658/info/ returned response: <Response [200]>
2021-08-12 11:22:26,897 - instabot version: 0.117.0 (api) - DEBUG - GET to endpoint: users/11933536461/info/ returned response: <Response [200]>
2021-08-12 11:22:27,507 - instabot version: 0.117.0 (api) - DEBUG - GET to endpoint: users/26521854270/info/ returned response: <Response [200]>
2021-08-12 11:22:28,280 - instabot version: 0.117.0 (api) - DEBUG - GET to endpoint: users/36808437233/info/ returned response: <Response [200]>
2021-08-12 11:22:28,785 - instabot version: 0.117.0 (api) - DEBUG - GET to endpoint: users/6163250703/info/ returned response: <Response [200]>
2021-08-12 11:22:29,289 - instabot version: 0.117.0 (api) - DEBUG - GET to endpoint: users/39515786253/info/ returned response: <Response [200]>
2021-08-12 11:22:29,852 - instabot version: 0.117.0 (api) - DEBUG - GET to endpoint: users/47392802877/info/ returned response: <Response [200]>
2021-08-12 11:22:30,388 - instabot version: 0.117.0 (api) - DEBUG - GET to endpoint: users/47923008903/info/ returned response: <Response [200]>
2021-08-12 11:22:30,901 - instabot version: 0.117.0 (api) - DEBUG - GET to endpoint: users/13121373751/info/ returned response: <Response [200]>
2021-08-12 11:22:31,527 - instabot version: 0.117.0 (api) - DEBUG - GET to endpoint: users/1275228999/info/ returned response: <Response [200]>
2021-08-12 11:22:32,146 - instabot version: 0.117.0 (api) - DEBUG - GET to endpoint: users/2055891765/info/ returned response: <Response [200]>
2021-08-12 11:22:32,702 - instabot version: 0.117.0 (api) - DEBUG - GET to endpoint: users/1918978759/info/ returned response: <Response [200]>
2021-08-12 11:22:33,205 - instabot version: 0.117.0 (api) - DEBUG - GET to endpoint: users/45376305905/info/ returned response: <Response [200]>
2021-08-12 11:22:39,856 - instabot version: 0.117.0 (api) - DEBUG - GET to endpoint: feed/tag/дизайнер/?max_id=&rank_token=48835444494_81500ee0-4cf5-493e-ae1a-6a5011cbe63d&ranked_content=true& returned response: <Response [200]>
2021-08-12 11:22:40,344 - instabot version: 0.117.0 (api) - DEBUG - GET to endpoint: users/29601052444/info/ returned response: <Response [200]>
2021-08-12 11:22:40,973 - instabot version: 0.117.0 (api) - DEBUG - GET to endpoint: users/760536476/info/ returned response: <Response [200]>
2021-08-12 11:22:41,642 - instabot version: 0.117.0 (api) - DEBUG - GET to endpoint: users/2920715656/info/ returned response: <Response [200]>
2021-08-12 11:22:42,226 - instabot version: 0.117.0 (api) - DEBUG - GET to endpoint: users/6280406455/info/ returned response: <Response [200]>
2021-08-12 11:22:42,781 - instabot version: 0.117.0 (api) - DEBUG - GET to endpoint: users/1723980462/info/ returned response: <Response [200]>
2021-08-12 11:22:43,264 - instabot version: 0.117.0 (api) - DEBUG - GET to endpoint: users/3164653400/info/ returned response: <Response [200]>
2021-08-12 11:22:43,744 - instabot version: 0.117.0 (api) - DEBUG - GET to endpoint: users/45267845270/info/ returned response: <Response [200]>
2021-08-12 11:22:44,288 - instabot version: 0.117.0 (api) - DEBUG - GET to endpoint: users/7237389054/info/ returned response: <Response [200]>
2021-08-12 11:22:44,776 - instabot version: 0.117.0 (api) - DEBUG - GET to endpoint: users/224684308/info/ returned response: <Response [200]>
2021-08-12 11:22:45,424 - instabot version: 0.117.0 (api) - DEBUG - GET to endpoint: users/2339690194/info/ returned response: <Response [200]>
2021-08-12 11:22:45,881 - instabot version: 0.117.0 (api) - DEBUG - GET to endpoint: users/2271563130/info/ returned response: <Response [200]>
2021-08-12 11:22:46,382 - instabot version: 0.117.0 (api) - DEBUG - GET to endpoint: users/698258445/info/ returned response: <Response [200]>
2021-08-12 11:22:46,851 - instabot version: 0.117.0 (api) - DEBUG - GET to endpoint: users/1539374651/info/ returned response: <Response [200]>
2021-08-12 11:22:47,367 - instabot version: 0.117.0 (api) - DEBUG - GET to endpoint: users/1411643760/info/ returned response: <Response [200]>
2021-08-12 11:22:47,812 - instabot version: 0.117.0 (api) - DEBUG - GET to endpoint: users/24664455365/info/ returned response: <Response [200]>
2021-08-12 11:22:48,314 - instabot version: 0.117.0 (api) - DEBUG - GET to endpoint: users/1329960231/info/ returned response: <Response [200]>
2021-08-12 11:22:48,827 - instabot version: 0.117.0 (api) - DEBUG - GET to endpoint: users/47926862952/info/ returned response: <Response [200]>
2021-08-12 11:22:49,420 - instabot version: 0.117.0 (api) - DEBUG - GET to endpoint: users/8002735557/info/ returned response: <Response [200]>
2021-08-12 11:22:50,027 - instabot version: 0.117.0 (api) - DEBUG - GET to endpoint: users/2268211988/info/ returned response: <Response [200]>
2021-08-12 11:22:50,652 - instabot version: 0.117.0 (api) - DEBUG - GET to endpoint: users/44677829178/info/ returned response: <Response [200]>
2021-08-12 11:22:51,318 - instabot version: 0.117.0 (api) - DEBUG - GET to endpoint: users/3041552954/info/ returned response: <Response [200]>
2021-08-12 11:22:51,892 - instabot version: 0.117.0 (api) - DEBUG - GET to endpoint: users/7041982998/info/ returned response: <Response [200]>
2021-08-12 11:22:52,378 - instabot version: 0.117.0 (api) - DEBUG - GET to endpoint: users/48256454584/info/ returned response: <Response [200]>
2021-08-12 11:22:52,884 - instabot version: 0.117.0 (api) - DEBUG - GET to endpoint: users/1949818638/info/ returned response: <Response [200]>
2021-08-12 11:22:53,352 - instabot version: 0.117.0 (api) - DEBUG - GET to endpoint: users/47127077547/info/ returned response: <Response [200]>
2021-08-12 11:22:53,823 - instabot version: 0.117.0 (api) - DEBUG - GET to endpoint: users/5629973128/info/ returned response: <Response [200]>
2021-08-12 11:22:54,429 - instabot version: 0.117.0 (api) - DEBUG - GET to endpoint: users/182817157/info/ returned response: <Response [200]>
2021-08-12 11:22:54,816 - instabot version: 0.117.0 (api) - DEBUG - GET to endpoint: users/13927377635/info/ returned response: <Response [200]>
2021-08-12 11:22:55,613 - instabot version: 0.117.0 (api) - DEBUG - GET to endpoint: users/45326304246/info/ returned response: <Response [200]>
2021-08-12 11:22:56,075 - instabot version: 0.117.0 (api) - DEBUG - GET to endpoint: users/5984364942/info/ returned response: <Response [200]>
2021-08-12 11:22:56,763 - instabot version: 0.117.0 (api) - DEBUG - GET to endpoint: users/4057432153/info/ returned response: <Response [200]>
2021-08-12 11:22:57,238 - instabot version: 0.117.0 (api) - DEBUG - GET to endpoint: users/2213713499/info/ returned response: <Response [200]>
2021-08-12 11:22:57,799 - instabot version: 0.117.0 (api) - DEBUG - GET to endpoint: users/25782258789/info/ returned response: <Response [200]>
2021-08-12 11:22:58,284 - instabot version: 0.117.0 (api) - DEBUG - GET to endpoint: users/49021220035/info/ returned response: <Response [200]>
2021-08-12 11:22:58,801 - instabot version: 0.117.0 (api) - DEBUG - GET to endpoint: users/4106163870/info/ returned response: <Response [200]>
2021-08-12 11:22:59,264 - instabot version: 0.117.0 (api) - DEBUG - GET to endpoint: users/36968212486/info/ returned response: <Response [200]>
2021-08-12 11:22:59,718 - instabot version: 0.117.0 (api) - DEBUG - GET to endpoint: users/7708624283/info/ returned response: <Response [200]>
2021-08-12 11:23:00,246 - instabot version: 0.117.0 (api) - DEBUG - GET to endpoint: users/2344233753/info/ returned response: <Response [200]>
2021-08-12 11:23:00,784 - instabot version: 0.117.0 (api) - DEBUG - GET to endpoint: users/11205994481/info/ returned response: <Response [200]>
2021-08-12 11:23:01,390 - instabot version: 0.117.0 (api) - DEBUG - GET to endpoint: users/1080084760/info/ returned response: <Response [200]>
2021-08-12 11:23:01,847 - instabot version: 0.117.0 (api) - DEBUG - GET to endpoint: users/3169047123/info/ returned response: <Response [200]>
2021-08-12 11:23:02,440 - instabot version: 0.117.0 (api) - DEBUG - GET to endpoint: users/8967919099/info/ returned response: <Response [200]>
2021-08-12 11:23:02,903 - instabot version: 0.117.0 (api) - DEBUG - GET to endpoint: users/36990135556/info/ returned response: <Response [200]>
2021-08-12 11:23:03,578 - instabot version: 0.117.0 (api) - DEBUG - GET to endpoint: users/2224275114/info/ returned response: <Response [200]>
2021-08-12 11:23:04,493 - instabot version: 0.117.0 (api) - DEBUG - GET to endpoint: users/7020701089/info/ returned response: <Response [200]>
2021-08-12 11:23:05,297 - instabot version: 0.117.0 (api) - DEBUG - GET to endpoint: users/3606220179/info/ returned response: <Response [200]>
2021-08-12 11:23:05,768 - instabot version: 0.117.0 (api) - DEBUG - GET to endpoint: users/29315317901/info/ returned response: <Response [200]>
2021-08-12 11:23:06,385 - instabot version: 0.117.0 (api) - DEBUG - GET to endpoint: users/35822175478/info/ returned response: <Response [200]>
2021-08-12 11:23:06,882 - instabot version: 0.117.0 (api) - DEBUG - GET to endpoint: users/42972836622/info/ returned response: <Response [200]>
2021-08-12 11:23:07,341 - instabot version: 0.117.0 (api) - DEBUG - GET to endpoint: users/47586424161/info/ returned response: <Response [200]>
2021-08-12 11:23:07,857 - instabot version: 0.117.0 (api) - DEBUG - GET to endpoint: users/5765921921/info/ returned response: <Response [200]>
2021-08-12 11:23:08,403 - instabot version: 0.117.0 (api) - DEBUG - GET to endpoint: users/18048425796/info/ returned response: <Response [200]>
2021-08-12 11:23:08,932 - instabot version: 0.117.0 (api) - DEBUG - GET to endpoint: users/366075156/info/ returned response: <Response [200]>
2021-08-12 11:23:09,436 - instabot version: 0.117.0 (api) - DEBUG - GET to endpoint: users/5005623476/info/ returned response: <Response [200]>
2021-08-12 11:23:09,981 - instabot version: 0.117.0 (api) - DEBUG - GET to endpoint: users/47940690023/info/ returned response: <Response [200]>
2021-08-12 11:23:10,456 - instabot version: 0.117.0 (api) - DEBUG - GET to endpoint: users/48960711133/info/ returned response: <Response [200]>
2021-08-12 11:23:10,950 - instabot version: 0.117.0 (api) - DEBUG - GET to endpoint: users/3555017191/info/ returned response: <Response [200]>
2021-08-12 11:23:11,464 - instabot version: 0.117.0 (api) - DEBUG - GET to endpoint: users/7180347342/info/ returned response: <Response [200]>
2021-08-12 11:23:12,069 - instabot version: 0.117.0 (api) - DEBUG - GET to endpoint: users/3049627449/info/ returned response: <Response [200]>
2021-08-12 11:23:13,280 - instabot version: 0.117.0 (api) - DEBUG - GET to endpoint: users/504079039/info/ returned response: <Response [200]>
2021-08-12 11:23:13,851 - instabot version: 0.117.0 (api) - DEBUG - GET to endpoint: users/7351930288/info/ returned response: <Response [200]>
2021-08-12 11:23:14,280 - instabot version: 0.117.0 (api) - DEBUG - GET to endpoint: users/1512483138/info/ returned response: <Response [200]>
2021-08-12 11:23:15,057 - instabot version: 0.117.0 (api) - DEBUG - GET to endpoint: users/4771414223/info/ returned response: <Response [200]>
2021-08-12 11:23:15,553 - instabot version: 0.117.0 (api) - DEBUG - GET to endpoint: users/2905805343/info/ returned response: <Response [200]>
2021-08-12 11:23:16,172 - instabot version: 0.117.0 (api) - DEBUG - GET to endpoint: users/2265372118/info/ returned response: <Response [200]>
2021-08-12 11:23:16,776 - instabot version: 0.117.0 (api) - DEBUG - GET to endpoint: users/19765372746/info/ returned response: <Response [200]>
2021-08-12 11:23:17,452 - instabot version: 0.117.0 (api) - DEBUG - GET to endpoint: users/48348279676/info/ returned response: <Response [200]>
2021-08-12 11:23:18,111 - instabot version: 0.117.0 (api) - DEBUG - GET to endpoint: users/1264087422/info/ returned response: <Response [200]>
2021-08-12 11:23:18,576 - instabot version: 0.117.0 (api) - DEBUG - GET to endpoint: users/33883447826/info/ returned response: <Response [200]>
2021-08-12 11:23:19,098 - instabot version: 0.117.0 (api) - DEBUG - GET to endpoint: users/3707657509/info/ returned response: <Response [200]>
2021-08-12 11:23:19,604 - instabot version: 0.117.0 (api) - DEBUG - GET to endpoint: users/17332148678/info/ returned response: <Response [200]>
2021-08-12 11:23:20,401 - instabot version: 0.117.0 (api) - DEBUG - GET to endpoint: users/47346532444/info/ returned response: <Response [200]>
2021-08-12 11:23:21,079 - instabot version: 0.117.0 (api) - DEBUG - GET to endpoint: users/45988954604/info/ returned response: <Response [200]>
2021-08-12 11:23:21,080 - instabot version: 0.117.0 (bot_checkpoint) - DEBUG - Saving Checkpoint file to: D:\searchdisaner/config/instbober.checkpoint
2021-08-12 11:23:21,080 - instabot version: 0.117.0 (bot) - INFO - Total requests: 1787
