2021-09-01 10:41:47,563 - instabot version: 0.117.0 (bot) - INFO - Instabot version: 0.117.0 Started
2021-09-01 10:41:47,564 - instabot version: 0.117.0 (bot) - DEBUG - Bot imported from D:\searchdisaner\venv\lib\site-packages\instabot\bot\bot.py
2021-09-01 10:41:47,598 - instabot version: 0.117.0 (api_login) - DEBUG - Loading uuids
2021-09-01 10:41:47,598 - instabot version: 0.117.0 (api_login) - INFO - Recovery from D:\searchdisaner/config/instbober_uuid_and_cookie.json: COOKIE False - UUIDs True - TIMING, DEVICE and ...
- user-agent=Instagram 117.0.0.28.123 Android (28/9.0; 420dpi; 1080x1920; OnePlus; ONEPLUS A3003; OnePlus3; qcom; en_US; 180322800)
- phone_id=69e66906-ef6a-4561-86e6-8c98a236847c
- uuid=81500ee0-4cf5-493e-ae1a-6a5011cbe63d
- client_session_id=32957a9d-435a-448b-9ee5-e5e488d33b0c
- device_id=android-ba894ce94a484232
2021-09-01 10:41:47,599 - instabot version: 0.117.0 (api_login) - INFO - Not yet logged in starting: PRE-LOGIN FLOW!
2021-09-01 10:41:47,884 - instabot version: 0.117.0 (api) - DEBUG - POST to endpoint: accounts/get_prefill_candidates/ returned response: <Response [200]>
2021-09-01 10:41:48,145 - instabot version: 0.117.0 (api) - DEBUG - POST to endpoint: qe/sync/ returned response: <Response [200]>
2021-09-01 10:41:48,402 - instabot version: 0.117.0 (api) - DEBUG - POST to endpoint: launcher/sync/ returned response: <Response [200]>
2021-09-01 10:41:48,663 - instabot version: 0.117.0 (api) - DEBUG - POST to endpoint: accounts/contact_point_prefill/ returned response: <Response [200]>
2021-09-01 10:41:50,660 - instabot version: 0.117.0 (api) - DEBUG - POST to endpoint: accounts/login/ returned response: <Response [200]>
2021-09-01 10:41:50,661 - instabot version: 0.117.0 (api) - INFO - Logged-in successfully as 'instbober'!
2021-09-01 10:41:50,662 - instabot version: 0.117.0 (api_login) - INFO - LOGIN FLOW! Just logged-in: True
2021-09-01 10:41:50,951 - instabot version: 0.117.0 (api) - DEBUG - POST to endpoint: qe/sync/ returned response: <Response [200]>
2021-09-01 10:41:51,237 - instabot version: 0.117.0 (api) - DEBUG - POST to endpoint: launcher/sync/ returned response: <Response [200]>
2021-09-01 10:41:51,498 - instabot version: 0.117.0 (api) - DEBUG - GET to endpoint: zr/token/result/?device_id=android-ba894ce94a484232&token_hash=&custom_device_id=android-ba894ce94a484232&fetch_reason=token_expired returned response: <Response [200]>
2021-09-01 10:41:51,755 - instabot version: 0.117.0 (api) - DEBUG - GET to endpoint: multiple_accounts/get_account_family/ returned response: <Response [200]>
2021-09-01 10:41:52,018 - instabot version: 0.117.0 (api) - DEBUG - POST to endpoint: qe/sync/ returned response: <Response [200]>
2021-09-01 10:41:52,573 - instabot version: 0.117.0 (api) - DEBUG - GET to endpoint: igtv/browse_feed/?prefetch=1 returned response: <Response [200]>
2021-09-01 10:41:52,951 - instabot version: 0.117.0 (api) - DEBUG - POST to endpoint: creatives/ar_class/ returned response: <Response [200]>
2021-09-01 10:41:53,362 - instabot version: 0.117.0 (api) - DEBUG - POST to endpoint: feed/reels_tray/ returned response: <Response [200]>
2021-09-01 10:41:54,593 - instabot version: 0.117.0 (api) - DEBUG - POST to endpoint: feed/timeline/ returned response: <Response [200]>
2021-09-01 10:41:54,858 - instabot version: 0.117.0 (api) - DEBUG - GET to endpoint: media/blocked/ returned response: <Response [200]>
2021-09-01 10:41:55,611 - instabot version: 0.117.0 (api) - DEBUG - GET to endpoint: news/inbox/ returned response: <Response [200]>
2021-09-01 10:41:55,869 - instabot version: 0.117.0 (api) - DEBUG - GET to endpoint: loom/fetch_config/ returned response: <Response [200]>
2021-09-01 10:41:56,489 - instabot version: 0.117.0 (api) - DEBUG - GET to endpoint: scores/bootstrap/users/?surfaces=["autocomplete_user_list","coefficient_besties_list_ranking","coefficient_rank_recipient_user_suggestion","coefficient_ios_section_test_bootstrap_ranking","coefficient_direct_recipients_ranking_variant_2"] returned response: <Response [200]>
2021-09-01 10:41:56,771 - instabot version: 0.117.0 (api) - DEBUG - GET to endpoint: business/eligibility/get_monetization_products_eligibility_data/?product_types=branded_content returned response: <Response [200]>
2021-09-01 10:41:57,029 - instabot version: 0.117.0 (api) - DEBUG - GET to endpoint: business/branded_content/should_require_professional_account/ returned response: <Response [200]>
2021-09-01 10:41:57,291 - instabot version: 0.117.0 (api) - DEBUG - GET to endpoint: linked_accounts/get_linkage_status/ returned response: <Response [200]>
2021-09-01 10:41:57,565 - instabot version: 0.117.0 (api) - DEBUG - GET to endpoint: locations/request_country/ returned response: <Response [200]>
2021-09-01 10:41:57,835 - instabot version: 0.117.0 (api) - DEBUG - GET to endpoint: qp/get_cooldowns/?signed_body=signed_body=4b9c516a5410a3bc128e09c6104a7f042146b9c2023870560c63a43a7f66781c.4&ig_sig_key_version=4&ig_sig_key_version=4 returned response: <Response [200]>
2021-09-01 10:41:58,104 - instabot version: 0.117.0 (api) - DEBUG - GET to endpoint: users/arlink_download_info/?version_override=2.2.1 returned response: <Response [200]>
2021-09-01 10:41:58,456 - instabot version: 0.117.0 (api) - DEBUG - GET to endpoint: users/48835444494/info/ returned response: <Response [200]>
2021-09-01 10:41:58,834 - instabot version: 0.117.0 (api) - DEBUG - GET to endpoint: direct_v2/get_presence/ returned response: <Response [200]>
2021-09-01 10:41:59,386 - instabot version: 0.117.0 (api) - DEBUG - GET to endpoint: direct_v2/inbox/?visual_message_return_type=unseen&thread_message_limit=10&persistentBadging=true&limit=20 returned response: <Response [200]>
2021-09-01 10:41:59,774 - instabot version: 0.117.0 (api) - DEBUG - GET to endpoint: direct_v2/inbox/?visual_message_return_type=unseen&persistentBadging=true&limit=0 returned response: <Response [200]>
2021-09-01 10:42:00,222 - instabot version: 0.117.0 (api) - DEBUG - GET to endpoint: discover/topical_explore/?is_prefetch=true&omit_cover_media=true&use_sectional_payload=true&timezone_offset=0&session_id=32957a9d-435a-448b-9ee5-e5e488d33b0c&include_fixed_destinations=true returned response: <Response [200]>
2021-09-01 10:42:00,486 - instabot version: 0.117.0 (api) - DEBUG - POST to endpoint: notifications/badge/ returned response: <Response [200]>
2021-09-01 10:42:00,824 - instabot version: 0.117.0 (api) - DEBUG - POST to endpoint: qp/batch_fetch/ returned response: <Response [200]>
2021-09-01 10:42:00,827 - instabot version: 0.117.0 (bot_checkpoint) - DEBUG - Loading Checkpoint file from: D:\searchdisaner/config/instbober.checkpoint
2021-09-01 10:42:06,216 - instabot version: 0.117.0 (api) - DEBUG - GET to endpoint: feed/tag/дизайн/?max_id=&rank_token=48835444494_81500ee0-4cf5-493e-ae1a-6a5011cbe63d&ranked_content=true& returned response: <Response [200]>
2021-09-01 10:42:06,569 - instabot version: 0.117.0 (api) - DEBUG - GET to endpoint: users/48875311694/info/ returned response: <Response [200]>
2021-09-01 10:42:07,077 - instabot version: 0.117.0 (api) - DEBUG - GET to endpoint: users/46351089261/info/ returned response: <Response [200]>
2021-09-01 10:42:07,536 - instabot version: 0.117.0 (api) - DEBUG - GET to endpoint: users/4166532686/info/ returned response: <Response [200]>
2021-09-01 10:42:07,886 - instabot version: 0.117.0 (api) - DEBUG - GET to endpoint: users/49266244924/info/ returned response: <Response [200]>
2021-09-01 10:42:08,500 - instabot version: 0.117.0 (api) - DEBUG - GET to endpoint: users/44296245849/info/ returned response: <Response [200]>
2021-09-01 10:42:09,022 - instabot version: 0.117.0 (api) - DEBUG - GET to endpoint: users/6748094023/info/ returned response: <Response [200]>
2021-09-01 10:42:09,543 - instabot version: 0.117.0 (api) - DEBUG - GET to endpoint: users/6292688559/info/ returned response: <Response [200]>
2021-09-01 10:42:10,018 - instabot version: 0.117.0 (api) - DEBUG - GET to endpoint: users/16683254898/info/ returned response: <Response [200]>
2021-09-01 10:42:10,360 - instabot version: 0.117.0 (api) - DEBUG - GET to endpoint: users/6247974108/info/ returned response: <Response [200]>
2021-09-01 10:42:10,740 - instabot version: 0.117.0 (api) - DEBUG - GET to endpoint: users/3650815754/info/ returned response: <Response [200]>
2021-09-01 10:42:11,219 - instabot version: 0.117.0 (api) - DEBUG - GET to endpoint: users/27379657803/info/ returned response: <Response [200]>
2021-09-01 10:42:11,712 - instabot version: 0.117.0 (api) - DEBUG - GET to endpoint: users/38349961406/info/ returned response: <Response [200]>
2021-09-01 10:42:12,250 - instabot version: 0.117.0 (api) - DEBUG - GET to endpoint: users/570755942/info/ returned response: <Response [200]>
2021-09-01 10:42:12,730 - instabot version: 0.117.0 (api) - DEBUG - GET to endpoint: users/18094999533/info/ returned response: <Response [200]>
2021-09-01 10:42:13,226 - instabot version: 0.117.0 (api) - DEBUG - GET to endpoint: users/3086560492/info/ returned response: <Response [200]>
2021-09-01 10:42:13,779 - instabot version: 0.117.0 (api) - DEBUG - GET to endpoint: users/1662621039/info/ returned response: <Response [200]>
2021-09-01 10:42:14,350 - instabot version: 0.117.0 (api) - DEBUG - GET to endpoint: users/20561548988/info/ returned response: <Response [200]>
2021-09-01 10:42:15,184 - instabot version: 0.117.0 (api) - DEBUG - GET to endpoint: users/47431412565/info/ returned response: <Response [200]>
2021-09-01 10:42:15,518 - instabot version: 0.117.0 (api) - DEBUG - GET to endpoint: users/6070381526/info/ returned response: <Response [200]>
2021-09-01 10:42:16,038 - instabot version: 0.117.0 (api) - DEBUG - GET to endpoint: users/4571757473/info/ returned response: <Response [200]>
2021-09-01 10:42:16,401 - instabot version: 0.117.0 (api) - DEBUG - GET to endpoint: users/32727736623/info/ returned response: <Response [200]>
2021-09-01 10:42:16,930 - instabot version: 0.117.0 (api) - DEBUG - GET to endpoint: users/44720751732/info/ returned response: <Response [200]>
2021-09-01 10:42:17,424 - instabot version: 0.117.0 (api) - DEBUG - GET to endpoint: users/9058965613/info/ returned response: <Response [200]>
2021-09-01 10:42:18,122 - instabot version: 0.117.0 (api) - DEBUG - GET to endpoint: users/3614225114/info/ returned response: <Response [200]>
2021-09-01 10:42:18,658 - instabot version: 0.117.0 (api) - DEBUG - GET to endpoint: users/18140080854/info/ returned response: <Response [200]>
2021-09-01 10:42:19,278 - instabot version: 0.117.0 (api) - DEBUG - GET to endpoint: users/9446290642/info/ returned response: <Response [200]>
2021-09-01 10:42:19,810 - instabot version: 0.117.0 (api) - DEBUG - GET to endpoint: users/35143180511/info/ returned response: <Response [200]>
2021-09-01 10:42:20,339 - instabot version: 0.117.0 (api) - DEBUG - GET to endpoint: users/48523500557/info/ returned response: <Response [200]>
2021-09-01 10:42:21,393 - instabot version: 0.117.0 (api) - DEBUG - GET to endpoint: users/41087998330/info/ returned response: <Response [200]>
2021-09-01 10:42:21,910 - instabot version: 0.117.0 (api) - DEBUG - GET to endpoint: users/28948618576/info/ returned response: <Response [200]>
2021-09-01 10:42:22,441 - instabot version: 0.117.0 (api) - DEBUG - GET to endpoint: users/3271548347/info/ returned response: <Response [200]>
2021-09-01 10:42:23,157 - instabot version: 0.117.0 (api) - DEBUG - GET to endpoint: users/19591109139/info/ returned response: <Response [200]>
2021-09-01 10:42:23,599 - instabot version: 0.117.0 (api) - DEBUG - GET to endpoint: users/31357520348/info/ returned response: <Response [200]>
2021-09-01 10:42:24,212 - instabot version: 0.117.0 (api) - DEBUG - GET to endpoint: users/8774616155/info/ returned response: <Response [200]>
2021-09-01 10:42:24,802 - instabot version: 0.117.0 (api) - DEBUG - GET to endpoint: users/47390200555/info/ returned response: <Response [200]>
2021-09-01 10:42:25,387 - instabot version: 0.117.0 (api) - DEBUG - GET to endpoint: users/24091575697/info/ returned response: <Response [200]>
2021-09-01 10:42:26,012 - instabot version: 0.117.0 (api) - DEBUG - GET to endpoint: users/3147765400/info/ returned response: <Response [200]>
2021-09-01 10:42:26,701 - instabot version: 0.117.0 (api) - DEBUG - GET to endpoint: users/47856820677/info/ returned response: <Response [200]>
2021-09-01 10:42:27,243 - instabot version: 0.117.0 (api) - DEBUG - GET to endpoint: users/48215537637/info/ returned response: <Response [200]>
2021-09-01 10:42:27,742 - instabot version: 0.117.0 (api) - DEBUG - GET to endpoint: users/7169663201/info/ returned response: <Response [200]>
2021-09-01 10:42:28,341 - instabot version: 0.117.0 (api) - DEBUG - GET to endpoint: users/31282378663/info/ returned response: <Response [200]>
2021-09-01 10:42:29,447 - instabot version: 0.117.0 (api) - DEBUG - GET to endpoint: users/44942300310/info/ returned response: <Response [200]>
2021-09-01 10:42:30,060 - instabot version: 0.117.0 (api) - DEBUG - GET to endpoint: users/46756021493/info/ returned response: <Response [200]>
2021-09-01 10:42:30,521 - instabot version: 0.117.0 (api) - DEBUG - GET to endpoint: users/48401078463/info/ returned response: <Response [200]>
2021-09-01 10:42:31,018 - instabot version: 0.117.0 (api) - DEBUG - GET to endpoint: users/9145168473/info/ returned response: <Response [200]>
2021-09-01 10:42:31,679 - instabot version: 0.117.0 (api) - DEBUG - GET to endpoint: users/7715622662/info/ returned response: <Response [200]>
2021-09-01 10:42:32,324 - instabot version: 0.117.0 (api) - DEBUG - GET to endpoint: users/7222603671/info/ returned response: <Response [200]>
2021-09-01 10:42:32,838 - instabot version: 0.117.0 (api) - DEBUG - GET to endpoint: users/1830827163/info/ returned response: <Response [200]>
2021-09-01 10:42:33,433 - instabot version: 0.117.0 (api) - DEBUG - GET to endpoint: users/16243374175/info/ returned response: <Response [200]>
2021-09-01 10:42:34,013 - instabot version: 0.117.0 (api) - DEBUG - GET to endpoint: users/29402060024/info/ returned response: <Response [200]>
2021-09-01 10:42:34,542 - instabot version: 0.117.0 (api) - DEBUG - GET to endpoint: users/32787067031/info/ returned response: <Response [200]>
2021-09-01 10:42:35,098 - instabot version: 0.117.0 (api) - DEBUG - GET to endpoint: users/26463019879/info/ returned response: <Response [200]>
2021-09-01 10:42:35,670 - instabot version: 0.117.0 (api) - DEBUG - GET to endpoint: users/7180347342/info/ returned response: <Response [200]>
2021-09-01 10:42:36,288 - instabot version: 0.117.0 (api) - DEBUG - GET to endpoint: users/44020623450/info/ returned response: <Response [200]>
2021-09-01 10:42:36,875 - instabot version: 0.117.0 (api) - DEBUG - GET to endpoint: users/3133743629/info/ returned response: <Response [200]>
2021-09-01 10:42:37,508 - instabot version: 0.117.0 (api) - DEBUG - GET to endpoint: users/32244450008/info/ returned response: <Response [200]>
2021-09-01 10:42:38,059 - instabot version: 0.117.0 (api) - DEBUG - GET to endpoint: users/5599714494/info/ returned response: <Response [200]>
2021-09-01 10:42:38,465 - instabot version: 0.117.0 (api) - DEBUG - GET to endpoint: users/438936746/info/ returned response: <Response [200]>
2021-09-01 10:42:39,099 - instabot version: 0.117.0 (api) - DEBUG - GET to endpoint: users/16359951814/info/ returned response: <Response [200]>
2021-09-01 10:42:39,654 - instabot version: 0.117.0 (api) - DEBUG - GET to endpoint: users/8626320023/info/ returned response: <Response [200]>
2021-09-01 10:42:40,207 - instabot version: 0.117.0 (api) - DEBUG - GET to endpoint: users/47416206678/info/ returned response: <Response [200]>
2021-09-01 10:42:40,665 - instabot version: 0.117.0 (api) - DEBUG - GET to endpoint: users/48088764173/info/ returned response: <Response [200]>
2021-09-01 10:42:41,030 - instabot version: 0.117.0 (api) - DEBUG - GET to endpoint: users/5722204647/info/ returned response: <Response [200]>
2021-09-01 10:42:41,549 - instabot version: 0.117.0 (api) - DEBUG - GET to endpoint: users/40453967748/info/ returned response: <Response [200]>
2021-09-01 10:42:42,039 - instabot version: 0.117.0 (api) - DEBUG - GET to endpoint: users/46283686832/info/ returned response: <Response [200]>
2021-09-01 10:42:42,591 - instabot version: 0.117.0 (api) - DEBUG - GET to endpoint: users/1174649755/info/ returned response: <Response [200]>
2021-09-01 10:42:43,023 - instabot version: 0.117.0 (api) - DEBUG - GET to endpoint: users/6272667982/info/ returned response: <Response [200]>
2021-09-01 10:42:43,655 - instabot version: 0.117.0 (api) - DEBUG - GET to endpoint: users/6026121620/info/ returned response: <Response [200]>
2021-09-01 10:42:44,204 - instabot version: 0.117.0 (api) - DEBUG - GET to endpoint: users/33917474361/info/ returned response: <Response [200]>
2021-09-01 10:42:44,578 - instabot version: 0.117.0 (api) - DEBUG - GET to endpoint: users/49291416443/info/ returned response: <Response [200]>
2021-09-01 10:42:45,204 - instabot version: 0.117.0 (api) - DEBUG - GET to endpoint: users/7605246247/info/ returned response: <Response [200]>
2021-09-01 10:42:45,593 - instabot version: 0.117.0 (api) - DEBUG - GET to endpoint: users/1826523242/info/ returned response: <Response [200]>
2021-09-01 10:42:50,213 - instabot version: 0.117.0 (api) - DEBUG - GET to endpoint: feed/tag/дизайнер/?max_id=&rank_token=48835444494_81500ee0-4cf5-493e-ae1a-6a5011cbe63d&ranked_content=true& returned response: <Response [200]>
2021-09-01 10:42:50,735 - instabot version: 0.117.0 (api) - DEBUG - GET to endpoint: users/49086983660/info/ returned response: <Response [200]>
2021-09-01 10:42:51,328 - instabot version: 0.117.0 (api) - DEBUG - GET to endpoint: users/2090249342/info/ returned response: <Response [200]>
2021-09-01 10:42:51,850 - instabot version: 0.117.0 (api) - DEBUG - GET to endpoint: users/49090258421/info/ returned response: <Response [200]>
2021-09-01 10:42:52,263 - instabot version: 0.117.0 (api) - DEBUG - GET to endpoint: users/1671527567/info/ returned response: <Response [200]>
2021-09-01 10:42:52,801 - instabot version: 0.117.0 (api) - DEBUG - GET to endpoint: users/2819989869/info/ returned response: <Response [200]>
2021-09-01 10:42:53,188 - instabot version: 0.117.0 (api) - DEBUG - GET to endpoint: users/48832123054/info/ returned response: <Response [200]>
2021-09-01 10:42:53,657 - instabot version: 0.117.0 (api) - DEBUG - GET to endpoint: users/48256454584/info/ returned response: <Response [200]>
2021-09-01 10:42:54,344 - instabot version: 0.117.0 (api) - DEBUG - GET to endpoint: users/366075156/info/ returned response: <Response [200]>
2021-09-01 10:42:54,871 - instabot version: 0.117.0 (api) - DEBUG - GET to endpoint: users/9386032731/info/ returned response: <Response [200]>
2021-09-01 10:42:55,469 - instabot version: 0.117.0 (api) - DEBUG - GET to endpoint: users/5835090134/info/ returned response: <Response [200]>
2021-09-01 10:42:55,980 - instabot version: 0.117.0 (api) - DEBUG - GET to endpoint: users/27731474862/info/ returned response: <Response [200]>
2021-09-01 10:42:56,509 - instabot version: 0.117.0 (api) - DEBUG - GET to endpoint: users/25108125116/info/ returned response: <Response [200]>
2021-09-01 10:42:57,110 - instabot version: 0.117.0 (api) - DEBUG - GET to endpoint: users/8739320382/info/ returned response: <Response [200]>
2021-09-01 10:42:57,582 - instabot version: 0.117.0 (api) - DEBUG - GET to endpoint: users/1118718817/info/ returned response: <Response [200]>
2021-09-01 10:42:58,760 - instabot version: 0.117.0 (api) - DEBUG - GET to endpoint: users/3158372755/info/ returned response: <Response [200]>
2021-09-01 10:42:59,570 - instabot version: 0.117.0 (api) - DEBUG - GET to endpoint: users/3983079202/info/ returned response: <Response [200]>
2021-09-01 10:43:00,119 - instabot version: 0.117.0 (api) - DEBUG - GET to endpoint: users/2200435135/info/ returned response: <Response [200]>
2021-09-01 10:43:00,754 - instabot version: 0.117.0 (api) - DEBUG - GET to endpoint: users/2073604701/info/ returned response: <Response [200]>
2021-09-01 10:43:01,308 - instabot version: 0.117.0 (api) - DEBUG - GET to endpoint: users/1512483138/info/ returned response: <Response [200]>
2021-09-01 10:43:01,782 - instabot version: 0.117.0 (api) - DEBUG - GET to endpoint: users/2278828051/info/ returned response: <Response [200]>
2021-09-01 10:43:02,144 - instabot version: 0.117.0 (api) - DEBUG - GET to endpoint: users/25018763291/info/ returned response: <Response [200]>
2021-09-01 10:43:02,660 - instabot version: 0.117.0 (api) - DEBUG - GET to endpoint: users/13112298149/info/ returned response: <Response [200]>
2021-09-01 10:43:03,239 - instabot version: 0.117.0 (api) - DEBUG - GET to endpoint: users/45482019713/info/ returned response: <Response [200]>
2021-09-01 10:43:03,736 - instabot version: 0.117.0 (api) - DEBUG - GET to endpoint: users/40364442688/info/ returned response: <Response [200]>
2021-09-01 10:43:04,460 - instabot version: 0.117.0 (api) - DEBUG - GET to endpoint: users/35822175478/info/ returned response: <Response [200]>
2021-09-01 10:43:04,964 - instabot version: 0.117.0 (api) - DEBUG - GET to endpoint: users/3165636127/info/ returned response: <Response [200]>
2021-09-01 10:43:05,463 - instabot version: 0.117.0 (api) - DEBUG - GET to endpoint: users/45901402914/info/ returned response: <Response [200]>
2021-09-01 10:43:05,916 - instabot version: 0.117.0 (api) - DEBUG - GET to endpoint: users/4912427990/info/ returned response: <Response [200]>
2021-09-01 10:43:06,388 - instabot version: 0.117.0 (api) - DEBUG - GET to endpoint: users/8998231082/info/ returned response: <Response [200]>
2021-09-01 10:43:06,907 - instabot version: 0.117.0 (api) - DEBUG - GET to endpoint: users/3090628112/info/ returned response: <Response [200]>
2021-09-01 10:43:07,353 - instabot version: 0.117.0 (api) - DEBUG - GET to endpoint: users/37300676052/info/ returned response: <Response [200]>
2021-09-01 10:43:07,834 - instabot version: 0.117.0 (api) - DEBUG - GET to endpoint: users/8335753681/info/ returned response: <Response [200]>
2021-09-01 10:43:08,273 - instabot version: 0.117.0 (api) - DEBUG - GET to endpoint: users/31391473766/info/ returned response: <Response [200]>
2021-09-01 10:43:08,785 - instabot version: 0.117.0 (api) - DEBUG - GET to endpoint: users/4677280853/info/ returned response: <Response [200]>
2021-09-01 10:43:13,280 - instabot version: 0.117.0 (api) - DEBUG - GET to endpoint: users/30276635395/info/ returned response: <Response [200]>
2021-09-01 10:43:13,697 - instabot version: 0.117.0 (api) - DEBUG - GET to endpoint: users/16856444097/info/ returned response: <Response [200]>
2021-09-01 10:43:14,179 - instabot version: 0.117.0 (api) - DEBUG - GET to endpoint: users/16968906493/info/ returned response: <Response [200]>
2021-09-01 10:43:14,549 - instabot version: 0.117.0 (api) - DEBUG - GET to endpoint: users/1699171763/info/ returned response: <Response [200]>
2021-09-01 10:43:14,908 - instabot version: 0.117.0 (api) - DEBUG - GET to endpoint: users/2313865344/info/ returned response: <Response [200]>
2021-09-01 10:43:15,410 - instabot version: 0.117.0 (api) - DEBUG - GET to endpoint: users/190487900/info/ returned response: <Response [200]>
2021-09-01 10:43:15,917 - instabot version: 0.117.0 (api) - DEBUG - GET to endpoint: users/514506711/info/ returned response: <Response [200]>
2021-09-01 10:43:16,351 - instabot version: 0.117.0 (api) - DEBUG - GET to endpoint: users/13120828792/info/ returned response: <Response [200]>
2021-09-01 10:43:16,782 - instabot version: 0.117.0 (api) - DEBUG - GET to endpoint: users/3046509578/info/ returned response: <Response [200]>
2021-09-01 10:43:17,372 - instabot version: 0.117.0 (api) - DEBUG - GET to endpoint: users/6651863827/info/ returned response: <Response [200]>
2021-09-01 10:43:17,889 - instabot version: 0.117.0 (api) - DEBUG - GET to endpoint: users/4132084559/info/ returned response: <Response [200]>
2021-09-01 10:43:18,381 - instabot version: 0.117.0 (api) - DEBUG - GET to endpoint: users/7747199040/info/ returned response: <Response [200]>
2021-09-01 10:43:18,849 - instabot version: 0.117.0 (api) - DEBUG - GET to endpoint: users/3893785420/info/ returned response: <Response [200]>
2021-09-01 10:43:19,340 - instabot version: 0.117.0 (api) - DEBUG - GET to endpoint: users/7019851499/info/ returned response: <Response [200]>
2021-09-01 10:43:19,852 - instabot version: 0.117.0 (api) - DEBUG - GET to endpoint: users/1146110818/info/ returned response: <Response [200]>
2021-09-01 10:43:20,293 - instabot version: 0.117.0 (api) - DEBUG - GET to endpoint: users/8569015246/info/ returned response: <Response [200]>
2021-09-01 10:43:20,781 - instabot version: 0.117.0 (api) - DEBUG - GET to endpoint: users/658642294/info/ returned response: <Response [200]>
2021-09-01 10:43:22,899 - instabot version: 0.117.0 (api) - DEBUG - GET to endpoint: users/24903634718/info/ returned response: <Response [200]>
2021-09-01 10:43:23,259 - instabot version: 0.117.0 (api) - DEBUG - GET to endpoint: users/218136527/info/ returned response: <Response [200]>
2021-09-01 10:43:23,740 - instabot version: 0.117.0 (api) - DEBUG - GET to endpoint: users/49129229635/info/ returned response: <Response [200]>
2021-09-01 10:43:28,652 - instabot version: 0.117.0 (api) - DEBUG - GET to endpoint: feed/tag/интерьер/?max_id=&rank_token=48835444494_81500ee0-4cf5-493e-ae1a-6a5011cbe63d&ranked_content=true& returned response: <Response [200]>
2021-09-01 10:43:29,245 - instabot version: 0.117.0 (api) - DEBUG - GET to endpoint: users/22114823610/info/ returned response: <Response [200]>
2021-09-01 10:43:29,764 - instabot version: 0.117.0 (api) - DEBUG - GET to endpoint: users/3473530390/info/ returned response: <Response [200]>
2021-09-01 10:43:30,257 - instabot version: 0.117.0 (api) - DEBUG - GET to endpoint: users/45447970386/info/ returned response: <Response [200]>
2021-09-01 10:43:30,866 - instabot version: 0.117.0 (api) - DEBUG - GET to endpoint: users/6074188263/info/ returned response: <Response [200]>
2021-09-01 10:43:31,221 - instabot version: 0.117.0 (api) - DEBUG - GET to endpoint: users/37141211597/info/ returned response: <Response [200]>
2021-09-01 10:43:31,549 - instabot version: 0.117.0 (api) - DEBUG - GET to endpoint: users/49169850635/info/ returned response: <Response [200]>
2021-09-01 10:43:32,062 - instabot version: 0.117.0 (api) - DEBUG - GET to endpoint: users/44527091213/info/ returned response: <Response [200]>
2021-09-01 10:43:32,467 - instabot version: 0.117.0 (api) - DEBUG - GET to endpoint: users/49444669194/info/ returned response: <Response [200]>
2021-09-01 10:43:33,650 - instabot version: 0.117.0 (api) - DEBUG - GET to endpoint: users/2267975788/info/ returned response: <Response [200]>
2021-09-01 10:43:34,351 - instabot version: 0.117.0 (api) - DEBUG - GET to endpoint: users/25613428286/info/ returned response: <Response [200]>
2021-09-01 10:43:34,882 - instabot version: 0.117.0 (api) - DEBUG - GET to endpoint: users/14019066953/info/ returned response: <Response [200]>
2021-09-01 10:43:35,623 - instabot version: 0.117.0 (api) - DEBUG - GET to endpoint: users/7158971680/info/ returned response: <Response [200]>
2021-09-01 10:43:36,166 - instabot version: 0.117.0 (api) - DEBUG - GET to endpoint: users/5526880266/info/ returned response: <Response [200]>
2021-09-01 10:43:36,655 - instabot version: 0.117.0 (api) - DEBUG - GET to endpoint: users/5499636775/info/ returned response: <Response [200]>
2021-09-01 10:43:37,004 - instabot version: 0.117.0 (api) - DEBUG - GET to endpoint: users/49278428148/info/ returned response: <Response [200]>
2021-09-01 10:43:37,504 - instabot version: 0.117.0 (api) - DEBUG - GET to endpoint: users/4266762080/info/ returned response: <Response [200]>
2021-09-01 10:43:38,055 - instabot version: 0.117.0 (api) - DEBUG - GET to endpoint: users/10197674134/info/ returned response: <Response [200]>
2021-09-01 10:43:38,552 - instabot version: 0.117.0 (api) - DEBUG - GET to endpoint: users/27963642242/info/ returned response: <Response [200]>
2021-09-01 10:43:39,060 - instabot version: 0.117.0 (api) - DEBUG - GET to endpoint: users/10944827421/info/ returned response: <Response [200]>
2021-09-01 10:43:39,460 - instabot version: 0.117.0 (api) - DEBUG - GET to endpoint: users/7364899328/info/ returned response: <Response [200]>
2021-09-01 10:43:40,087 - instabot version: 0.117.0 (api) - DEBUG - GET to endpoint: users/4162682555/info/ returned response: <Response [200]>
2021-09-01 10:43:40,576 - instabot version: 0.117.0 (api) - DEBUG - GET to endpoint: users/11284777256/info/ returned response: <Response [200]>
2021-09-01 10:43:41,083 - instabot version: 0.117.0 (api) - DEBUG - GET to endpoint: users/5945817964/info/ returned response: <Response [200]>
2021-09-01 10:43:41,568 - instabot version: 0.117.0 (api) - DEBUG - GET to endpoint: users/19557140060/info/ returned response: <Response [200]>
2021-09-01 10:43:42,161 - instabot version: 0.117.0 (api) - DEBUG - GET to endpoint: users/24728852061/info/ returned response: <Response [200]>
2021-09-01 10:43:42,667 - instabot version: 0.117.0 (api) - DEBUG - GET to endpoint: users/46761981569/info/ returned response: <Response [200]>
2021-09-01 10:43:43,177 - instabot version: 0.117.0 (api) - DEBUG - GET to endpoint: users/575922723/info/ returned response: <Response [200]>
2021-09-01 10:43:43,698 - instabot version: 0.117.0 (api) - DEBUG - GET to endpoint: users/47248826973/info/ returned response: <Response [200]>
2021-09-01 10:43:44,410 - instabot version: 0.117.0 (api) - DEBUG - GET to endpoint: users/15062133285/info/ returned response: <Response [200]>
2021-09-01 10:43:44,873 - instabot version: 0.117.0 (api) - DEBUG - GET to endpoint: users/1263440670/info/ returned response: <Response [200]>
2021-09-01 10:43:45,414 - instabot version: 0.117.0 (api) - DEBUG - GET to endpoint: users/11362908425/info/ returned response: <Response [200]>
2021-09-01 10:43:45,894 - instabot version: 0.117.0 (api) - DEBUG - GET to endpoint: users/27252112245/info/ returned response: <Response [200]>
2021-09-01 10:43:46,424 - instabot version: 0.117.0 (api) - DEBUG - GET to endpoint: users/5897537467/info/ returned response: <Response [200]>
2021-09-01 10:43:46,891 - instabot version: 0.117.0 (api) - DEBUG - GET to endpoint: users/6112666122/info/ returned response: <Response [200]>
2021-09-01 10:43:47,380 - instabot version: 0.117.0 (api) - DEBUG - GET to endpoint: users/22320984177/info/ returned response: <Response [200]>
2021-09-01 10:43:47,959 - instabot version: 0.117.0 (api) - DEBUG - GET to endpoint: users/42412059202/info/ returned response: <Response [200]>
2021-09-01 10:43:48,442 - instabot version: 0.117.0 (api) - DEBUG - GET to endpoint: users/48135806861/info/ returned response: <Response [200]>
2021-09-01 10:43:48,948 - instabot version: 0.117.0 (api) - DEBUG - GET to endpoint: users/4561754970/info/ returned response: <Response [200]>
2021-09-01 10:43:49,328 - instabot version: 0.117.0 (api) - DEBUG - GET to endpoint: users/1514927184/info/ returned response: <Response [200]>
2021-09-01 10:43:49,871 - instabot version: 0.117.0 (api) - DEBUG - GET to endpoint: users/9223256980/info/ returned response: <Response [200]>
2021-09-01 10:43:50,356 - instabot version: 0.117.0 (api) - DEBUG - GET to endpoint: users/6314524910/info/ returned response: <Response [200]>
2021-09-01 10:43:50,884 - instabot version: 0.117.0 (api) - DEBUG - GET to endpoint: users/3979845541/info/ returned response: <Response [200]>
2021-09-01 10:43:51,448 - instabot version: 0.117.0 (api) - DEBUG - GET to endpoint: users/44494509300/info/ returned response: <Response [200]>
2021-09-01 10:43:52,505 - instabot version: 0.117.0 (api) - DEBUG - GET to endpoint: users/9024654337/info/ returned response: <Response [200]>
2021-09-01 10:43:52,998 - instabot version: 0.117.0 (api) - DEBUG - GET to endpoint: users/48202162032/info/ returned response: <Response [200]>
2021-09-01 10:43:53,719 - instabot version: 0.117.0 (api) - DEBUG - GET to endpoint: users/46104071819/info/ returned response: <Response [200]>
2021-09-01 10:43:54,218 - instabot version: 0.117.0 (api) - DEBUG - GET to endpoint: users/7212289491/info/ returned response: <Response [200]>
2021-09-01 10:43:54,855 - instabot version: 0.117.0 (api) - DEBUG - GET to endpoint: users/4295868665/info/ returned response: <Response [200]>
2021-09-01 10:43:55,292 - instabot version: 0.117.0 (api) - DEBUG - GET to endpoint: users/41710180687/info/ returned response: <Response [200]>
2021-09-01 10:43:55,629 - instabot version: 0.117.0 (api) - DEBUG - GET to endpoint: users/16800770072/info/ returned response: <Response [200]>
2021-09-01 10:43:56,141 - instabot version: 0.117.0 (api) - DEBUG - GET to endpoint: users/1008443767/info/ returned response: <Response [200]>
2021-09-01 10:51:55,061 - instabot version: 0.117.0 (bot_checkpoint) - DEBUG - Saving Checkpoint file to: D:\searchdisaner/config/instbober.checkpoint
2021-09-01 10:51:55,062 - instabot version: 0.117.0 (bot) - INFO - Total requests: 3570
2021-09-01 10:51:55,063 - instabot version: 0.117.0 (bot_checkpoint) - DEBUG - Saving Checkpoint file to: D:\searchdisaner/config/todoctordoom.checkpoint
2021-09-01 10:51:55,063 - instabot version: 0.117.0 (bot) - INFO - Total requests: 2419
2021-09-01 10:51:55,064 - instabot version: 0.117.0 (bot_checkpoint) - DEBUG - Saving Checkpoint file to: D:\searchdisaner/config/instbober.checkpoint
2021-09-01 10:51:55,065 - instabot version: 0.117.0 (bot) - INFO - Total requests: 3554
2021-09-01 10:51:55,065 - instabot version: 0.117.0 (bot_checkpoint) - DEBUG - Saving Checkpoint file to: D:\searchdisaner/config/todoctordoom.checkpoint
2021-09-01 10:51:55,066 - instabot version: 0.117.0 (bot) - INFO - Total requests: 2423
2021-09-01 10:51:55,066 - instabot version: 0.117.0 (bot_checkpoint) - DEBUG - Saving Checkpoint file to: D:\searchdisaner/config/instbober.checkpoint
2021-09-01 10:51:55,067 - instabot version: 0.117.0 (bot) - INFO - Total requests: 3571
2021-09-01 10:51:55,067 - instabot version: 0.117.0 (bot_checkpoint) - DEBUG - Saving Checkpoint file to: D:\searchdisaner/config/todoctordoom.checkpoint
2021-09-01 10:51:55,068 - instabot version: 0.117.0 (bot) - INFO - Total requests: 2437
2021-09-01 10:51:55,068 - instabot version: 0.117.0 (bot_checkpoint) - DEBUG - Saving Checkpoint file to: D:\searchdisaner/config/instbober.checkpoint
2021-09-01 10:51:55,069 - instabot version: 0.117.0 (bot) - INFO - Total requests: 3577
2021-09-01 10:51:55,069 - instabot version: 0.117.0 (bot_checkpoint) - DEBUG - Saving Checkpoint file to: D:\searchdisaner/config/todoctordoom.checkpoint
2021-09-01 10:51:55,070 - instabot version: 0.117.0 (bot) - INFO - Total requests: 2431
