2021-10-01 12:39:29,814 - instabot version: 0.117.0 (bot) - INFO - Instabot version: 0.117.0 Started
2021-10-01 12:39:29,814 - instabot version: 0.117.0 (bot) - DEBUG - Bot imported from D:\searchdisaner\venv\lib\site-packages\instabot\bot\bot.py
2021-10-01 12:39:29,815 - instabot version: 0.117.0 (api_login) - DEBUG - Loading uuids
2021-10-01 12:39:29,815 - instabot version: 0.117.0 (api_login) - INFO - Recovery from D:\searchdisaner/config/todoctordoom_uuid_and_cookie.json: COOKIE False - UUIDs True - TIMING, DEVICE and ...
- user-agent=Instagram 117.0.0.28.123 Android (28/9.0; 420dpi; 1080x1920; OnePlus; ONEPLUS A3003; OnePlus3; qcom; en_US; 180322800)
- phone_id=fececc37-13fb-4ca7-b4c1-842926ac61f0
- uuid=d8c038f7-d60d-4ffc-ae20-1b8f9d340f0b
- client_session_id=74517733-9e97-4ac6-9bd3-6396afa278ed
- device_id=android-638845ae1420b535
2021-10-01 12:39:29,817 - instabot version: 0.117.0 (api_login) - INFO - Not yet logged in starting: PRE-LOGIN FLOW!
2021-10-01 12:39:30,147 - instabot version: 0.117.0 (api) - DEBUG - POST to endpoint: accounts/get_prefill_candidates/ returned response: <Response [200]>
2021-10-01 12:39:30,487 - instabot version: 0.117.0 (api) - DEBUG - POST to endpoint: qe/sync/ returned response: <Response [200]>
2021-10-01 12:39:30,823 - instabot version: 0.117.0 (api) - DEBUG - POST to endpoint: launcher/sync/ returned response: <Response [200]>
2021-10-01 12:39:31,167 - instabot version: 0.117.0 (api) - DEBUG - POST to endpoint: accounts/contact_point_prefill/ returned response: <Response [200]>
2021-10-01 12:39:33,057 - instabot version: 0.117.0 (api) - DEBUG - POST to endpoint: accounts/login/ returned response: <Response [200]>
2021-10-01 12:39:33,058 - instabot version: 0.117.0 (api) - INFO - Logged-in successfully as 'todoctordoom'!
2021-10-01 12:39:33,058 - instabot version: 0.117.0 (api_login) - INFO - LOGIN FLOW! Just logged-in: True
2021-10-01 12:39:33,358 - instabot version: 0.117.0 (api) - DEBUG - POST to endpoint: qe/sync/ returned response: <Response [200]>
2021-10-01 12:39:33,634 - instabot version: 0.117.0 (api) - DEBUG - POST to endpoint: launcher/sync/ returned response: <Response [200]>
2021-10-01 12:39:33,918 - instabot version: 0.117.0 (api) - DEBUG - GET to endpoint: zr/token/result/?device_id=android-638845ae1420b535&token_hash=&custom_device_id=android-638845ae1420b535&fetch_reason=token_expired returned response: <Response [200]>
2021-10-01 12:39:34,181 - instabot version: 0.117.0 (api) - DEBUG - GET to endpoint: multiple_accounts/get_account_family/ returned response: <Response [200]>
2021-10-01 12:39:34,451 - instabot version: 0.117.0 (api) - DEBUG - POST to endpoint: qe/sync/ returned response: <Response [200]>
2021-10-01 12:39:34,830 - instabot version: 0.117.0 (api) - DEBUG - GET to endpoint: igtv/browse_feed/?prefetch=1 returned response: <Response [200]>
2021-10-01 12:39:35,084 - instabot version: 0.117.0 (api) - DEBUG - POST to endpoint: creatives/ar_class/ returned response: <Response [200]>
2021-10-01 12:39:35,429 - instabot version: 0.117.0 (api) - DEBUG - POST to endpoint: feed/reels_tray/ returned response: <Response [200]>
2021-10-01 12:39:36,851 - instabot version: 0.117.0 (api) - DEBUG - POST to endpoint: feed/timeline/ returned response: <Response [200]>
2021-10-01 12:39:37,150 - instabot version: 0.117.0 (api) - DEBUG - GET to endpoint: media/blocked/ returned response: <Response [200]>
2021-10-01 12:39:37,958 - instabot version: 0.117.0 (api) - DEBUG - GET to endpoint: news/inbox/ returned response: <Response [200]>
2021-10-01 12:39:38,226 - instabot version: 0.117.0 (api) - DEBUG - GET to endpoint: loom/fetch_config/ returned response: <Response [200]>
2021-10-01 12:39:38,721 - instabot version: 0.117.0 (api) - DEBUG - GET to endpoint: scores/bootstrap/users/?surfaces=["autocomplete_user_list","coefficient_besties_list_ranking","coefficient_rank_recipient_user_suggestion","coefficient_ios_section_test_bootstrap_ranking","coefficient_direct_recipients_ranking_variant_2"] returned response: <Response [200]>
2021-10-01 12:39:38,999 - instabot version: 0.117.0 (api) - DEBUG - GET to endpoint: business/eligibility/get_monetization_products_eligibility_data/?product_types=branded_content returned response: <Response [200]>
2021-10-01 12:39:39,260 - instabot version: 0.117.0 (api) - DEBUG - GET to endpoint: business/branded_content/should_require_professional_account/ returned response: <Response [200]>
2021-10-01 12:39:40,277 - instabot version: 0.117.0 (api) - DEBUG - GET to endpoint: linked_accounts/get_linkage_status/ returned response: <Response [200]>
2021-10-01 12:39:40,534 - instabot version: 0.117.0 (api) - DEBUG - GET to endpoint: locations/request_country/ returned response: <Response [200]>
2021-10-01 12:39:40,833 - instabot version: 0.117.0 (api) - DEBUG - GET to endpoint: qp/get_cooldowns/?signed_body=signed_body=4b9c516a5410a3bc128e09c6104a7f042146b9c2023870560c63a43a7f66781c.4&ig_sig_key_version=4&ig_sig_key_version=4 returned response: <Response [200]>
2021-10-01 12:39:41,171 - instabot version: 0.117.0 (api) - DEBUG - GET to endpoint: users/arlink_download_info/?version_override=2.2.1 returned response: <Response [200]>
2021-10-01 12:39:42,035 - instabot version: 0.117.0 (api) - DEBUG - GET to endpoint: users/46258652727/info/ returned response: <Response [200]>
2021-10-01 12:39:42,400 - instabot version: 0.117.0 (api) - DEBUG - GET to endpoint: direct_v2/get_presence/ returned response: <Response [200]>
2021-10-01 12:39:42,797 - instabot version: 0.117.0 (api) - DEBUG - GET to endpoint: direct_v2/inbox/?visual_message_return_type=unseen&thread_message_limit=10&persistentBadging=true&limit=20 returned response: <Response [200]>
2021-10-01 12:39:43,181 - instabot version: 0.117.0 (api) - DEBUG - GET to endpoint: direct_v2/inbox/?visual_message_return_type=unseen&persistentBadging=true&limit=0 returned response: <Response [200]>
2021-10-01 12:39:44,679 - instabot version: 0.117.0 (api) - DEBUG - GET to endpoint: discover/topical_explore/?is_prefetch=true&omit_cover_media=true&use_sectional_payload=true&timezone_offset=0&session_id=74517733-9e97-4ac6-9bd3-6396afa278ed&include_fixed_destinations=true returned response: <Response [200]>
2021-10-01 12:39:45,158 - instabot version: 0.117.0 (api) - DEBUG - POST to endpoint: notifications/badge/ returned response: <Response [200]>
2021-10-01 12:39:45,550 - instabot version: 0.117.0 (api) - DEBUG - POST to endpoint: qp/batch_fetch/ returned response: <Response [200]>
2021-10-01 12:39:45,551 - instabot version: 0.117.0 (bot_checkpoint) - DEBUG - Loading Checkpoint file from: D:\searchdisaner/config/todoctordoom.checkpoint
2021-10-01 12:39:50,114 - instabot version: 0.117.0 (api) - DEBUG - GET to endpoint: feed/tag/дизайн/?max_id=&rank_token=46258652727_d8c038f7-d60d-4ffc-ae20-1b8f9d340f0b&ranked_content=true& returned response: <Response [200]>
2021-10-01 12:39:50,637 - instabot version: 0.117.0 (api) - DEBUG - GET to endpoint: users/7535107875/info/ returned response: <Response [200]>
2021-10-01 12:39:51,140 - instabot version: 0.117.0 (api) - DEBUG - GET to endpoint: users/8736092645/info/ returned response: <Response [200]>
2021-10-01 12:39:51,676 - instabot version: 0.117.0 (api) - DEBUG - GET to endpoint: users/48795882709/info/ returned response: <Response [200]>
2021-10-01 12:39:52,333 - instabot version: 0.117.0 (api) - DEBUG - GET to endpoint: users/10467201704/info/ returned response: <Response [200]>
2021-10-01 12:39:52,786 - instabot version: 0.117.0 (api) - DEBUG - GET to endpoint: users/591994188/info/ returned response: <Response [200]>
2021-10-01 12:39:53,254 - instabot version: 0.117.0 (api) - DEBUG - GET to endpoint: users/4967259940/info/ returned response: <Response [200]>
2021-10-01 12:39:53,838 - instabot version: 0.117.0 (api) - DEBUG - GET to endpoint: users/46052520713/info/ returned response: <Response [200]>
2021-10-01 12:39:54,452 - instabot version: 0.117.0 (api) - DEBUG - GET to endpoint: users/4014361941/info/ returned response: <Response [200]>
2021-10-01 12:39:55,228 - instabot version: 0.117.0 (api) - DEBUG - GET to endpoint: users/37778270855/info/ returned response: <Response [200]>
2021-10-01 12:39:55,759 - instabot version: 0.117.0 (api) - DEBUG - GET to endpoint: users/10851791452/info/ returned response: <Response [200]>
2021-10-01 12:39:56,304 - instabot version: 0.117.0 (api) - DEBUG - GET to endpoint: users/11802358554/info/ returned response: <Response [200]>
2021-10-01 12:39:56,825 - instabot version: 0.117.0 (api) - DEBUG - GET to endpoint: users/1534206718/info/ returned response: <Response [200]>
2021-10-01 12:39:57,329 - instabot version: 0.117.0 (api) - DEBUG - GET to endpoint: users/3510272141/info/ returned response: <Response [200]>
2021-10-01 12:39:57,829 - instabot version: 0.117.0 (api) - DEBUG - GET to endpoint: users/7436425692/info/ returned response: <Response [200]>
2021-10-01 12:39:58,373 - instabot version: 0.117.0 (api) - DEBUG - GET to endpoint: users/48960578000/info/ returned response: <Response [200]>
2021-10-01 12:39:58,981 - instabot version: 0.117.0 (api) - DEBUG - GET to endpoint: users/49703080056/info/ returned response: <Response [200]>
2021-10-01 12:39:59,330 - instabot version: 0.117.0 (api) - DEBUG - GET to endpoint: users/46284084600/info/ returned response: <Response [200]>
2021-10-01 12:39:59,859 - instabot version: 0.117.0 (api) - DEBUG - GET to endpoint: users/26062942706/info/ returned response: <Response [200]>
2021-10-01 12:40:00,498 - instabot version: 0.117.0 (api) - DEBUG - GET to endpoint: users/338136333/info/ returned response: <Response [200]>
2021-10-01 12:40:01,087 - instabot version: 0.117.0 (api) - DEBUG - GET to endpoint: users/1614566076/info/ returned response: <Response [200]>
2021-10-01 12:40:01,782 - instabot version: 0.117.0 (api) - DEBUG - GET to endpoint: users/10825887941/info/ returned response: <Response [200]>
2021-10-01 12:40:02,345 - instabot version: 0.117.0 (api) - DEBUG - GET to endpoint: users/41419784800/info/ returned response: <Response [200]>
2021-10-01 12:40:02,833 - instabot version: 0.117.0 (api) - DEBUG - GET to endpoint: users/46028346060/info/ returned response: <Response [200]>
2021-10-01 12:40:03,427 - instabot version: 0.117.0 (api) - DEBUG - GET to endpoint: users/4717953541/info/ returned response: <Response [200]>
2021-10-01 12:40:04,154 - instabot version: 0.117.0 (api) - DEBUG - GET to endpoint: users/23299687368/info/ returned response: <Response [200]>
2021-10-01 12:40:04,737 - instabot version: 0.117.0 (api) - DEBUG - GET to endpoint: users/45511019095/info/ returned response: <Response [200]>
2021-10-01 12:40:05,207 - instabot version: 0.117.0 (api) - DEBUG - GET to endpoint: users/47692585007/info/ returned response: <Response [200]>
2021-10-01 12:40:05,707 - instabot version: 0.117.0 (api) - DEBUG - GET to endpoint: users/8541996715/info/ returned response: <Response [200]>
2021-10-01 12:40:06,293 - instabot version: 0.117.0 (api) - DEBUG - GET to endpoint: users/14059774145/info/ returned response: <Response [200]>
2021-10-01 12:40:07,020 - instabot version: 0.117.0 (api) - DEBUG - GET to endpoint: users/45669073791/info/ returned response: <Response [200]>
2021-10-01 12:40:07,533 - instabot version: 0.117.0 (api) - DEBUG - GET to endpoint: users/36906683210/info/ returned response: <Response [200]>
2021-10-01 12:40:08,040 - instabot version: 0.117.0 (api) - DEBUG - GET to endpoint: users/48662544182/info/ returned response: <Response [200]>
2021-10-01 12:40:08,725 - instabot version: 0.117.0 (api) - DEBUG - GET to endpoint: users/6122793617/info/ returned response: <Response [200]>
2021-10-01 12:40:09,358 - instabot version: 0.117.0 (api) - DEBUG - GET to endpoint: users/47193124953/info/ returned response: <Response [200]>
2021-10-01 12:40:09,885 - instabot version: 0.117.0 (api) - DEBUG - GET to endpoint: users/4833604483/info/ returned response: <Response [200]>
2021-10-01 12:40:10,427 - instabot version: 0.117.0 (api) - DEBUG - GET to endpoint: users/10990318406/info/ returned response: <Response [200]>
2021-10-01 12:40:11,055 - instabot version: 0.117.0 (api) - DEBUG - GET to endpoint: users/7061551669/info/ returned response: <Response [200]>
2021-10-01 12:40:11,659 - instabot version: 0.117.0 (api) - DEBUG - GET to endpoint: users/27476733390/info/ returned response: <Response [200]>
2021-10-01 12:40:12,199 - instabot version: 0.117.0 (api) - DEBUG - GET to endpoint: users/30120152080/info/ returned response: <Response [200]>
2021-10-01 12:40:12,794 - instabot version: 0.117.0 (api) - DEBUG - GET to endpoint: users/7322819881/info/ returned response: <Response [200]>
2021-10-01 12:40:13,264 - instabot version: 0.117.0 (api) - DEBUG - GET to endpoint: users/6273265880/info/ returned response: <Response [200]>
2021-10-01 12:40:13,802 - instabot version: 0.117.0 (api) - DEBUG - GET to endpoint: users/3904876922/info/ returned response: <Response [200]>
2021-10-01 12:40:14,349 - instabot version: 0.117.0 (api) - DEBUG - GET to endpoint: users/11061547251/info/ returned response: <Response [200]>
2021-10-01 12:40:14,794 - instabot version: 0.117.0 (api) - DEBUG - GET to endpoint: users/40901010223/info/ returned response: <Response [200]>
2021-10-01 12:40:15,260 - instabot version: 0.117.0 (api) - DEBUG - GET to endpoint: users/45488830454/info/ returned response: <Response [200]>
2021-10-01 12:40:15,962 - instabot version: 0.117.0 (api) - DEBUG - GET to endpoint: users/4660243391/info/ returned response: <Response [200]>
2021-10-01 12:40:16,480 - instabot version: 0.117.0 (api) - DEBUG - GET to endpoint: users/7056321985/info/ returned response: <Response [200]>
2021-10-01 12:40:17,297 - instabot version: 0.117.0 (api) - DEBUG - GET to endpoint: users/3049627449/info/ returned response: <Response [200]>
2021-10-01 12:40:18,130 - instabot version: 0.117.0 (api) - DEBUG - GET to endpoint: users/23118974413/info/ returned response: <Response [200]>
2021-10-01 12:40:18,576 - instabot version: 0.117.0 (api) - DEBUG - GET to endpoint: users/5561535606/info/ returned response: <Response [200]>
2021-10-01 12:40:19,136 - instabot version: 0.117.0 (api) - DEBUG - GET to endpoint: users/45320067618/info/ returned response: <Response [200]>
2021-10-01 12:40:19,722 - instabot version: 0.117.0 (api) - DEBUG - GET to endpoint: users/382491416/info/ returned response: <Response [200]>
2021-10-01 12:40:20,358 - instabot version: 0.117.0 (api) - DEBUG - GET to endpoint: users/8515999677/info/ returned response: <Response [200]>
2021-10-01 12:40:20,866 - instabot version: 0.117.0 (api) - DEBUG - GET to endpoint: users/2270759923/info/ returned response: <Response [200]>
2021-10-01 12:40:21,352 - instabot version: 0.117.0 (api) - DEBUG - GET to endpoint: users/1945262819/info/ returned response: <Response [200]>
2021-10-01 12:40:21,835 - instabot version: 0.117.0 (api) - DEBUG - GET to endpoint: users/7940273127/info/ returned response: <Response [200]>
2021-10-01 12:40:22,312 - instabot version: 0.117.0 (api) - DEBUG - GET to endpoint: users/45736347580/info/ returned response: <Response [200]>
2021-10-01 12:40:22,887 - instabot version: 0.117.0 (api) - DEBUG - GET to endpoint: users/16683254898/info/ returned response: <Response [200]>
2021-10-01 12:40:23,372 - instabot version: 0.117.0 (api) - DEBUG - GET to endpoint: users/36622964444/info/ returned response: <Response [200]>
2021-10-01 12:40:23,823 - instabot version: 0.117.0 (api) - DEBUG - GET to endpoint: users/45192799731/info/ returned response: <Response [200]>
2021-10-01 12:40:24,486 - instabot version: 0.117.0 (api) - DEBUG - GET to endpoint: users/11167701040/info/ returned response: <Response [200]>
2021-10-01 12:40:25,000 - instabot version: 0.117.0 (api) - DEBUG - GET to endpoint: users/43760734205/info/ returned response: <Response [200]>
2021-10-01 12:40:25,646 - instabot version: 0.117.0 (api) - DEBUG - GET to endpoint: users/48538990890/info/ returned response: <Response [200]>
2021-10-01 12:40:26,203 - instabot version: 0.117.0 (api) - DEBUG - GET to endpoint: users/2288541184/info/ returned response: <Response [200]>
2021-10-01 12:40:26,731 - instabot version: 0.117.0 (api) - DEBUG - GET to endpoint: users/3473391111/info/ returned response: <Response [200]>
2021-10-01 12:40:27,091 - instabot version: 0.117.0 (api) - DEBUG - GET to endpoint: users/2292109889/info/ returned response: <Response [200]>
2021-10-01 12:40:28,061 - instabot version: 0.117.0 (api) - DEBUG - GET to endpoint: users/3435825115/info/ returned response: <Response [200]>
2021-10-01 12:40:32,473 - instabot version: 0.117.0 (api) - DEBUG - GET to endpoint: feed/tag/дизайнер/?max_id=&rank_token=46258652727_d8c038f7-d60d-4ffc-ae20-1b8f9d340f0b&ranked_content=true& returned response: <Response [200]>
2021-10-01 12:40:33,115 - instabot version: 0.117.0 (api) - DEBUG - GET to endpoint: users/10251942384/info/ returned response: <Response [200]>
2021-10-01 12:40:33,614 - instabot version: 0.117.0 (api) - DEBUG - GET to endpoint: users/8150716977/info/ returned response: <Response [200]>
2021-10-01 12:40:34,171 - instabot version: 0.117.0 (api) - DEBUG - GET to endpoint: users/5441886534/info/ returned response: <Response [200]>
2021-10-01 12:40:34,659 - instabot version: 0.117.0 (api) - DEBUG - GET to endpoint: users/44535374003/info/ returned response: <Response [200]>
2021-10-01 12:40:35,344 - instabot version: 0.117.0 (api) - DEBUG - GET to endpoint: users/21374303456/info/ returned response: <Response [200]>
2021-10-01 12:40:35,842 - instabot version: 0.117.0 (api) - DEBUG - GET to endpoint: users/7006416993/info/ returned response: <Response [200]>
2021-10-01 12:40:36,386 - instabot version: 0.117.0 (api) - DEBUG - GET to endpoint: users/7572989138/info/ returned response: <Response [200]>
2021-10-01 12:40:36,931 - instabot version: 0.117.0 (api) - DEBUG - GET to endpoint: users/47527277395/info/ returned response: <Response [200]>
2021-10-01 12:40:37,452 - instabot version: 0.117.0 (api) - DEBUG - GET to endpoint: users/7949908271/info/ returned response: <Response [200]>
2021-10-01 12:40:38,042 - instabot version: 0.117.0 (api) - DEBUG - GET to endpoint: users/210800151/info/ returned response: <Response [200]>
2021-10-01 12:40:38,619 - instabot version: 0.117.0 (api) - DEBUG - GET to endpoint: users/1708993220/info/ returned response: <Response [200]>
2021-10-01 12:40:39,092 - instabot version: 0.117.0 (api) - DEBUG - GET to endpoint: users/27719147952/info/ returned response: <Response [200]>
2021-10-01 12:40:39,523 - instabot version: 0.117.0 (api) - DEBUG - GET to endpoint: users/3301540821/info/ returned response: <Response [200]>
2021-10-01 12:40:39,968 - instabot version: 0.117.0 (api) - DEBUG - GET to endpoint: users/4529792878/info/ returned response: <Response [200]>
2021-10-01 12:40:40,493 - instabot version: 0.117.0 (api) - DEBUG - GET to endpoint: users/8417493370/info/ returned response: <Response [200]>
2021-10-01 12:40:40,952 - instabot version: 0.117.0 (api) - DEBUG - GET to endpoint: users/243881623/info/ returned response: <Response [200]>
2021-10-01 12:40:41,500 - instabot version: 0.117.0 (api) - DEBUG - GET to endpoint: users/973487514/info/ returned response: <Response [200]>
2021-10-01 12:40:41,991 - instabot version: 0.117.0 (api) - DEBUG - GET to endpoint: users/3581659891/info/ returned response: <Response [200]>
2021-10-01 12:40:42,535 - instabot version: 0.117.0 (api) - DEBUG - GET to endpoint: users/1469960921/info/ returned response: <Response [200]>
2021-10-01 12:40:42,999 - instabot version: 0.117.0 (api) - DEBUG - GET to endpoint: users/2438844416/info/ returned response: <Response [200]>
2021-10-01 12:40:43,760 - instabot version: 0.117.0 (api) - DEBUG - GET to endpoint: users/371037621/info/ returned response: <Response [200]>
2021-10-01 12:40:44,239 - instabot version: 0.117.0 (api) - DEBUG - GET to endpoint: users/3037829211/info/ returned response: <Response [200]>
2021-10-01 12:40:44,658 - instabot version: 0.117.0 (api) - DEBUG - GET to endpoint: users/45711229863/info/ returned response: <Response [200]>
2021-10-01 12:40:45,306 - instabot version: 0.117.0 (api) - DEBUG - GET to endpoint: users/55953316/info/ returned response: <Response [200]>
2021-10-01 12:40:45,727 - instabot version: 0.117.0 (api) - DEBUG - GET to endpoint: users/45641632225/info/ returned response: <Response [200]>
2021-10-01 12:40:46,165 - instabot version: 0.117.0 (api) - DEBUG - GET to endpoint: users/46754728460/info/ returned response: <Response [200]>
2021-10-01 12:40:46,615 - instabot version: 0.117.0 (api) - DEBUG - GET to endpoint: users/48504148923/info/ returned response: <Response [200]>
2021-10-01 12:40:47,049 - instabot version: 0.117.0 (api) - DEBUG - GET to endpoint: users/15640862006/info/ returned response: <Response [200]>
2021-10-01 12:40:47,520 - instabot version: 0.117.0 (api) - DEBUG - GET to endpoint: users/5801774898/info/ returned response: <Response [200]>
2021-10-01 12:40:48,022 - instabot version: 0.117.0 (api) - DEBUG - GET to endpoint: users/20701987483/info/ returned response: <Response [200]>
2021-10-01 12:40:48,711 - instabot version: 0.117.0 (api) - DEBUG - GET to endpoint: users/11048295240/info/ returned response: <Response [200]>
2021-10-01 12:40:49,079 - instabot version: 0.117.0 (api) - DEBUG - GET to endpoint: users/1401395278/info/ returned response: <Response [200]>
2021-10-01 12:40:49,533 - instabot version: 0.117.0 (api) - DEBUG - GET to endpoint: users/7171106222/info/ returned response: <Response [200]>
2021-10-01 12:40:49,871 - instabot version: 0.117.0 (api) - DEBUG - GET to endpoint: users/49095948840/info/ returned response: <Response [200]>
2021-10-01 12:40:50,354 - instabot version: 0.117.0 (api) - DEBUG - GET to endpoint: users/40121129953/info/ returned response: <Response [200]>
2021-10-01 12:40:50,776 - instabot version: 0.117.0 (api) - DEBUG - GET to endpoint: users/38891503451/info/ returned response: <Response [200]>
2021-10-01 12:40:51,393 - instabot version: 0.117.0 (api) - DEBUG - GET to endpoint: users/28134519533/info/ returned response: <Response [200]>
2021-10-01 12:40:51,903 - instabot version: 0.117.0 (api) - DEBUG - GET to endpoint: users/26815387323/info/ returned response: <Response [200]>
2021-10-01 12:40:52,492 - instabot version: 0.117.0 (api) - DEBUG - GET to endpoint: users/9705100591/info/ returned response: <Response [200]>
2021-10-01 12:40:53,044 - instabot version: 0.117.0 (api) - DEBUG - GET to endpoint: users/7237389054/info/ returned response: <Response [200]>
2021-10-01 12:40:53,571 - instabot version: 0.117.0 (api) - DEBUG - GET to endpoint: users/3677803450/info/ returned response: <Response [200]>
2021-10-01 12:40:54,069 - instabot version: 0.117.0 (api) - DEBUG - GET to endpoint: users/44068837750/info/ returned response: <Response [200]>
2021-10-01 12:40:54,515 - instabot version: 0.117.0 (api) - DEBUG - GET to endpoint: users/3008391558/info/ returned response: <Response [200]>
2021-10-01 12:40:54,967 - instabot version: 0.117.0 (api) - DEBUG - GET to endpoint: users/1203915700/info/ returned response: <Response [200]>
2021-10-01 12:40:55,414 - instabot version: 0.117.0 (api) - DEBUG - GET to endpoint: users/45326410292/info/ returned response: <Response [200]>
2021-10-01 12:40:55,754 - instabot version: 0.117.0 (api) - DEBUG - GET to endpoint: users/32590577892/info/ returned response: <Response [200]>
2021-10-01 12:41:01,509 - instabot version: 0.117.0 (api) - DEBUG - GET to endpoint: feed/tag/интерьер/?max_id=&rank_token=46258652727_d8c038f7-d60d-4ffc-ae20-1b8f9d340f0b&ranked_content=true& returned response: <Response [200]>
2021-10-01 12:41:01,880 - instabot version: 0.117.0 (api) - DEBUG - GET to endpoint: users/49555712336/info/ returned response: <Response [200]>
2021-10-01 12:41:02,440 - instabot version: 0.117.0 (api) - DEBUG - GET to endpoint: users/43056935392/info/ returned response: <Response [200]>
2021-10-01 12:41:03,021 - instabot version: 0.117.0 (api) - DEBUG - GET to endpoint: users/43042696929/info/ returned response: <Response [200]>
2021-10-01 12:41:03,509 - instabot version: 0.117.0 (api) - DEBUG - GET to endpoint: users/49417179264/info/ returned response: <Response [200]>
2021-10-01 12:41:04,119 - instabot version: 0.117.0 (api) - DEBUG - GET to endpoint: users/1920940132/info/ returned response: <Response [200]>
2021-10-01 12:41:04,666 - instabot version: 0.117.0 (api) - DEBUG - GET to endpoint: users/46586763742/info/ returned response: <Response [200]>
2021-10-01 12:41:05,177 - instabot version: 0.117.0 (api) - DEBUG - GET to endpoint: users/11301973249/info/ returned response: <Response [200]>
2021-10-01 12:41:05,794 - instabot version: 0.117.0 (api) - DEBUG - GET to endpoint: users/5917181516/info/ returned response: <Response [200]>
2021-10-01 12:41:08,223 - instabot version: 0.117.0 (api) - DEBUG - GET to endpoint: users/5669786374/info/ returned response: <Response [200]>
2021-10-01 12:41:08,782 - instabot version: 0.117.0 (api) - DEBUG - GET to endpoint: users/1298013419/info/ returned response: <Response [200]>
2021-10-01 12:41:09,273 - instabot version: 0.117.0 (api) - DEBUG - GET to endpoint: users/45292398338/info/ returned response: <Response [200]>
2021-10-01 12:41:09,882 - instabot version: 0.117.0 (api) - DEBUG - GET to endpoint: users/43654221535/info/ returned response: <Response [200]>
2021-10-01 12:41:10,371 - instabot version: 0.117.0 (api) - DEBUG - GET to endpoint: users/48284077414/info/ returned response: <Response [200]>
2021-10-01 12:41:10,908 - instabot version: 0.117.0 (api) - DEBUG - GET to endpoint: users/48287678889/info/ returned response: <Response [200]>
2021-10-01 12:41:11,404 - instabot version: 0.117.0 (api) - DEBUG - GET to endpoint: users/8392897560/info/ returned response: <Response [200]>
2021-10-01 12:41:11,937 - instabot version: 0.117.0 (api) - DEBUG - GET to endpoint: users/28113790374/info/ returned response: <Response [200]>
2021-10-01 12:41:12,285 - instabot version: 0.117.0 (api) - DEBUG - GET to endpoint: users/4250495765/info/ returned response: <Response [200]>
2021-10-01 12:41:12,626 - instabot version: 0.117.0 (api) - DEBUG - GET to endpoint: users/21943926003/info/ returned response: <Response [200]>
2021-10-01 12:41:13,181 - instabot version: 0.117.0 (api) - DEBUG - GET to endpoint: users/8657312219/info/ returned response: <Response [200]>
2021-10-01 12:41:13,742 - instabot version: 0.117.0 (api) - DEBUG - GET to endpoint: users/2290341381/info/ returned response: <Response [200]>
2021-10-01 12:41:14,317 - instabot version: 0.117.0 (api) - DEBUG - GET to endpoint: users/20747200139/info/ returned response: <Response [200]>
2021-10-01 12:41:14,831 - instabot version: 0.117.0 (api) - DEBUG - GET to endpoint: users/32183698007/info/ returned response: <Response [200]>
2021-10-01 12:41:15,258 - instabot version: 0.117.0 (api) - DEBUG - GET to endpoint: users/1287031374/info/ returned response: <Response [200]>
2021-10-01 12:41:15,815 - instabot version: 0.117.0 (api) - DEBUG - GET to endpoint: users/48422513662/info/ returned response: <Response [200]>
2021-10-01 12:41:16,283 - instabot version: 0.117.0 (api) - DEBUG - GET to endpoint: users/6729480029/info/ returned response: <Response [200]>
2021-10-01 12:41:16,807 - instabot version: 0.117.0 (api) - DEBUG - GET to endpoint: users/5601176868/info/ returned response: <Response [200]>
2021-10-01 12:41:17,267 - instabot version: 0.117.0 (api) - DEBUG - GET to endpoint: users/11946603053/info/ returned response: <Response [200]>
2021-10-01 12:41:17,837 - instabot version: 0.117.0 (api) - DEBUG - GET to endpoint: users/44478235049/info/ returned response: <Response [200]>
2021-10-01 12:41:18,331 - instabot version: 0.117.0 (api) - DEBUG - GET to endpoint: users/48446340100/info/ returned response: <Response [200]>
2021-10-01 12:41:18,798 - instabot version: 0.117.0 (api) - DEBUG - GET to endpoint: users/44049204388/info/ returned response: <Response [200]>
2021-10-01 12:41:19,311 - instabot version: 0.117.0 (api) - DEBUG - GET to endpoint: users/49107458929/info/ returned response: <Response [200]>
2021-10-01 12:41:19,786 - instabot version: 0.117.0 (api) - DEBUG - GET to endpoint: users/2470488381/info/ returned response: <Response [200]>
2021-10-01 12:41:20,151 - instabot version: 0.117.0 (api) - DEBUG - GET to endpoint: users/49400182227/info/ returned response: <Response [200]>
2021-10-01 12:41:20,744 - instabot version: 0.117.0 (api) - DEBUG - GET to endpoint: users/8505698212/info/ returned response: <Response [200]>
2021-10-01 12:41:21,262 - instabot version: 0.117.0 (api) - DEBUG - GET to endpoint: users/4123386164/info/ returned response: <Response [200]>
2021-10-01 12:41:21,795 - instabot version: 0.117.0 (api) - DEBUG - GET to endpoint: users/1741661704/info/ returned response: <Response [200]>
2021-10-01 12:41:22,314 - instabot version: 0.117.0 (api) - DEBUG - GET to endpoint: users/11222782892/info/ returned response: <Response [200]>
2021-10-01 12:41:22,807 - instabot version: 0.117.0 (api) - DEBUG - GET to endpoint: users/4205857829/info/ returned response: <Response [200]>
2021-10-01 12:41:23,293 - instabot version: 0.117.0 (api) - DEBUG - GET to endpoint: users/44806400568/info/ returned response: <Response [200]>
2021-10-01 12:52:45,774 - instabot version: 0.117.0 (bot) - INFO - Instabot version: 0.117.0 Started
2021-10-01 12:52:45,775 - instabot version: 0.117.0 (bot) - DEBUG - Bot imported from D:\searchdisaner\venv\lib\site-packages\instabot\bot\bot.py
2021-10-01 12:52:45,779 - instabot version: 0.117.0 (api_login) - DEBUG - Loading uuids
2021-10-01 12:52:45,779 - instabot version: 0.117.0 (api_login) - INFO - Recovery from D:\searchdisaner/config/instbober_uuid_and_cookie.json: COOKIE False - UUIDs True - TIMING, DEVICE and ...
- user-agent=Instagram 117.0.0.28.123 Android (28/9.0; 420dpi; 1080x1920; OnePlus; ONEPLUS A3003; OnePlus3; qcom; en_US; 180322800)
- phone_id=69e66906-ef6a-4561-86e6-8c98a236847c
- uuid=81500ee0-4cf5-493e-ae1a-6a5011cbe63d
- client_session_id=32957a9d-435a-448b-9ee5-e5e488d33b0c
- device_id=android-ba894ce94a484232
2021-10-01 12:52:45,782 - instabot version: 0.117.0 (api_login) - INFO - Not yet logged in starting: PRE-LOGIN FLOW!
2021-10-01 12:52:46,115 - instabot version: 0.117.0 (api) - DEBUG - POST to endpoint: accounts/get_prefill_candidates/ returned response: <Response [200]>
2021-10-01 12:52:46,428 - instabot version: 0.117.0 (api) - DEBUG - POST to endpoint: qe/sync/ returned response: <Response [200]>
2021-10-01 12:52:46,761 - instabot version: 0.117.0 (api) - DEBUG - POST to endpoint: launcher/sync/ returned response: <Response [200]>
2021-10-01 12:52:47,078 - instabot version: 0.117.0 (api) - DEBUG - POST to endpoint: accounts/contact_point_prefill/ returned response: <Response [200]>
2021-10-01 12:52:48,591 - instabot version: 0.117.0 (api) - DEBUG - POST to endpoint: accounts/login/ returned response: <Response [200]>
2021-10-01 12:52:48,592 - instabot version: 0.117.0 (api) - INFO - Logged-in successfully as 'instbober'!
2021-10-01 12:52:48,592 - instabot version: 0.117.0 (api_login) - INFO - LOGIN FLOW! Just logged-in: True
2021-10-01 12:52:48,873 - instabot version: 0.117.0 (api) - DEBUG - POST to endpoint: qe/sync/ returned response: <Response [200]>
2021-10-01 12:52:49,167 - instabot version: 0.117.0 (api) - DEBUG - POST to endpoint: launcher/sync/ returned response: <Response [200]>
2021-10-01 12:52:49,420 - instabot version: 0.117.0 (api) - DEBUG - GET to endpoint: zr/token/result/?device_id=android-ba894ce94a484232&token_hash=&custom_device_id=android-ba894ce94a484232&fetch_reason=token_expired returned response: <Response [200]>
2021-10-01 12:52:49,695 - instabot version: 0.117.0 (api) - DEBUG - GET to endpoint: multiple_accounts/get_account_family/ returned response: <Response [200]>
2021-10-01 12:52:50,002 - instabot version: 0.117.0 (api) - DEBUG - POST to endpoint: qe/sync/ returned response: <Response [200]>
2021-10-01 12:52:50,572 - instabot version: 0.117.0 (api) - DEBUG - GET to endpoint: igtv/browse_feed/?prefetch=1 returned response: <Response [200]>
2021-10-01 12:52:50,839 - instabot version: 0.117.0 (api) - DEBUG - POST to endpoint: creatives/ar_class/ returned response: <Response [200]>
2021-10-01 12:52:51,244 - instabot version: 0.117.0 (api) - DEBUG - POST to endpoint: feed/reels_tray/ returned response: <Response [200]>
2021-10-01 12:52:52,727 - instabot version: 0.117.0 (api) - DEBUG - POST to endpoint: feed/timeline/ returned response: <Response [200]>
2021-10-01 12:52:52,983 - instabot version: 0.117.0 (api) - DEBUG - GET to endpoint: media/blocked/ returned response: <Response [200]>
2021-10-01 12:52:53,597 - instabot version: 0.117.0 (api) - DEBUG - GET to endpoint: news/inbox/ returned response: <Response [200]>
2021-10-01 12:52:53,864 - instabot version: 0.117.0 (api) - DEBUG - GET to endpoint: loom/fetch_config/ returned response: <Response [200]>
2021-10-01 12:52:54,403 - instabot version: 0.117.0 (api) - DEBUG - GET to endpoint: scores/bootstrap/users/?surfaces=["autocomplete_user_list","coefficient_besties_list_ranking","coefficient_rank_recipient_user_suggestion","coefficient_ios_section_test_bootstrap_ranking","coefficient_direct_recipients_ranking_variant_2"] returned response: <Response [200]>
2021-10-01 12:52:54,687 - instabot version: 0.117.0 (api) - DEBUG - GET to endpoint: business/eligibility/get_monetization_products_eligibility_data/?product_types=branded_content returned response: <Response [200]>
2021-10-01 12:52:54,942 - instabot version: 0.117.0 (api) - DEBUG - GET to endpoint: business/branded_content/should_require_professional_account/ returned response: <Response [200]>
2021-10-01 12:52:55,214 - instabot version: 0.117.0 (api) - DEBUG - GET to endpoint: linked_accounts/get_linkage_status/ returned response: <Response [200]>
2021-10-01 12:52:55,480 - instabot version: 0.117.0 (api) - DEBUG - GET to endpoint: locations/request_country/ returned response: <Response [200]>
2021-10-01 12:52:55,756 - instabot version: 0.117.0 (api) - DEBUG - GET to endpoint: qp/get_cooldowns/?signed_body=signed_body=4b9c516a5410a3bc128e09c6104a7f042146b9c2023870560c63a43a7f66781c.4&ig_sig_key_version=4&ig_sig_key_version=4 returned response: <Response [200]>
2021-10-01 12:52:56,032 - instabot version: 0.117.0 (api) - DEBUG - GET to endpoint: users/arlink_download_info/?version_override=2.2.1 returned response: <Response [200]>
2021-10-01 12:52:56,403 - instabot version: 0.117.0 (api) - DEBUG - GET to endpoint: users/48835444494/info/ returned response: <Response [200]>
2021-10-01 12:52:56,756 - instabot version: 0.117.0 (api) - DEBUG - GET to endpoint: direct_v2/get_presence/ returned response: <Response [200]>
2021-10-01 12:52:57,168 - instabot version: 0.117.0 (api) - DEBUG - GET to endpoint: direct_v2/inbox/?visual_message_return_type=unseen&thread_message_limit=10&persistentBadging=true&limit=20 returned response: <Response [200]>
2021-10-01 12:52:57,540 - instabot version: 0.117.0 (api) - DEBUG - GET to endpoint: direct_v2/inbox/?visual_message_return_type=unseen&persistentBadging=true&limit=0 returned response: <Response [200]>
2021-10-01 12:52:59,095 - instabot version: 0.117.0 (api) - DEBUG - GET to endpoint: discover/topical_explore/?is_prefetch=true&omit_cover_media=true&use_sectional_payload=true&timezone_offset=0&session_id=32957a9d-435a-448b-9ee5-e5e488d33b0c&include_fixed_destinations=true returned response: <Response [200]>
2021-10-01 12:52:59,491 - instabot version: 0.117.0 (api) - DEBUG - POST to endpoint: notifications/badge/ returned response: <Response [200]>
2021-10-01 12:52:59,855 - instabot version: 0.117.0 (api) - DEBUG - POST to endpoint: qp/batch_fetch/ returned response: <Response [200]>
2021-10-01 12:52:59,860 - instabot version: 0.117.0 (bot_checkpoint) - DEBUG - Loading Checkpoint file from: D:\searchdisaner/config/instbober.checkpoint
2021-10-01 12:53:04,505 - instabot version: 0.117.0 (api) - DEBUG - GET to endpoint: feed/tag/дизайн/?max_id=&rank_token=48835444494_81500ee0-4cf5-493e-ae1a-6a5011cbe63d&ranked_content=true& returned response: <Response [200]>
2021-10-01 12:53:05,114 - instabot version: 0.117.0 (api) - DEBUG - GET to endpoint: users/47342361690/info/ returned response: <Response [200]>
2021-10-01 12:53:05,549 - instabot version: 0.117.0 (api) - DEBUG - GET to endpoint: users/44660665060/info/ returned response: <Response [200]>
2021-10-01 12:53:06,106 - instabot version: 0.117.0 (api) - DEBUG - GET to endpoint: users/1701964204/info/ returned response: <Response [200]>
2021-10-01 12:53:06,837 - instabot version: 0.117.0 (api) - DEBUG - GET to endpoint: users/41140983686/info/ returned response: <Response [200]>
2021-10-01 12:53:07,290 - instabot version: 0.117.0 (api) - DEBUG - GET to endpoint: users/45017115354/info/ returned response: <Response [200]>
2021-10-01 12:53:07,900 - instabot version: 0.117.0 (api) - DEBUG - GET to endpoint: users/8577443548/info/ returned response: <Response [200]>
2021-10-01 12:53:08,417 - instabot version: 0.117.0 (api) - DEBUG - GET to endpoint: users/1728149011/info/ returned response: <Response [200]>
2021-10-01 12:53:08,807 - instabot version: 0.117.0 (api) - DEBUG - GET to endpoint: users/8051035694/info/ returned response: <Response [200]>
2021-10-01 12:53:09,439 - instabot version: 0.117.0 (api) - DEBUG - GET to endpoint: users/41353997951/info/ returned response: <Response [200]>
2021-10-01 12:53:10,000 - instabot version: 0.117.0 (api) - DEBUG - GET to endpoint: users/30503840174/info/ returned response: <Response [200]>
2021-10-01 12:53:10,463 - instabot version: 0.117.0 (api) - DEBUG - GET to endpoint: users/49322997615/info/ returned response: <Response [200]>
2021-10-01 12:53:11,027 - instabot version: 0.117.0 (api) - DEBUG - GET to endpoint: users/14313476885/info/ returned response: <Response [200]>
2021-10-01 12:53:11,552 - instabot version: 0.117.0 (api) - DEBUG - GET to endpoint: users/48370354831/info/ returned response: <Response [200]>
2021-10-01 12:53:12,111 - instabot version: 0.117.0 (api) - DEBUG - GET to endpoint: users/4610181298/info/ returned response: <Response [200]>
2021-10-01 12:53:12,740 - instabot version: 0.117.0 (api) - DEBUG - GET to endpoint: users/1796199082/info/ returned response: <Response [200]>
2021-10-01 12:53:13,260 - instabot version: 0.117.0 (api) - DEBUG - GET to endpoint: users/8383496140/info/ returned response: <Response [200]>
2021-10-01 12:53:13,800 - instabot version: 0.117.0 (api) - DEBUG - GET to endpoint: users/5690959585/info/ returned response: <Response [200]>
2021-10-01 12:53:14,375 - instabot version: 0.117.0 (api) - DEBUG - GET to endpoint: users/45503458265/info/ returned response: <Response [200]>
2021-10-01 12:53:14,851 - instabot version: 0.117.0 (api) - DEBUG - GET to endpoint: users/39655614013/info/ returned response: <Response [200]>
2021-10-01 12:53:15,394 - instabot version: 0.117.0 (api) - DEBUG - GET to endpoint: users/4181600128/info/ returned response: <Response [200]>
2021-10-01 12:53:15,941 - instabot version: 0.117.0 (api) - DEBUG - GET to endpoint: users/1836351370/info/ returned response: <Response [200]>
2021-10-01 12:53:16,588 - instabot version: 0.117.0 (api) - DEBUG - GET to endpoint: users/5351608517/info/ returned response: <Response [200]>
2021-10-01 12:53:17,304 - instabot version: 0.117.0 (api) - DEBUG - GET to endpoint: users/5810795443/info/ returned response: <Response [200]>
2021-10-01 12:53:17,635 - instabot version: 0.117.0 (api) - DEBUG - GET to endpoint: users/45007948003/info/ returned response: <Response [200]>
2021-10-01 12:53:18,284 - instabot version: 0.117.0 (api) - DEBUG - GET to endpoint: users/5747518457/info/ returned response: <Response [200]>
2021-10-01 12:53:18,620 - instabot version: 0.117.0 (api) - DEBUG - GET to endpoint: users/49389910591/info/ returned response: <Response [200]>
2021-10-01 12:53:18,949 - instabot version: 0.117.0 (api) - DEBUG - GET to endpoint: users/16130331240/info/ returned response: <Response [200]>
2021-10-01 12:53:19,422 - instabot version: 0.117.0 (api) - DEBUG - GET to endpoint: users/3510272141/info/ returned response: <Response [200]>
2021-10-01 12:53:19,863 - instabot version: 0.117.0 (api) - DEBUG - GET to endpoint: users/47771527390/info/ returned response: <Response [200]>
2021-10-01 12:53:20,418 - instabot version: 0.117.0 (api) - DEBUG - GET to endpoint: users/44037287696/info/ returned response: <Response [200]>
2021-10-01 12:53:21,013 - instabot version: 0.117.0 (api) - DEBUG - GET to endpoint: users/45547372268/info/ returned response: <Response [200]>
2021-10-01 12:53:21,544 - instabot version: 0.117.0 (api) - DEBUG - GET to endpoint: users/24538094088/info/ returned response: <Response [200]>
2021-10-01 12:53:22,130 - instabot version: 0.117.0 (api) - DEBUG - GET to endpoint: users/5050162068/info/ returned response: <Response [200]>
2021-10-01 12:53:22,598 - instabot version: 0.117.0 (api) - DEBUG - GET to endpoint: users/5506963019/info/ returned response: <Response [200]>
2021-10-01 12:53:23,099 - instabot version: 0.117.0 (api) - DEBUG - GET to endpoint: users/4573345453/info/ returned response: <Response [200]>
2021-10-01 12:53:23,538 - instabot version: 0.117.0 (api) - DEBUG - GET to endpoint: users/22387476696/info/ returned response: <Response [200]>
2021-10-01 12:53:24,020 - instabot version: 0.117.0 (api) - DEBUG - GET to endpoint: users/1252956877/info/ returned response: <Response [200]>
2021-10-01 12:53:24,547 - instabot version: 0.117.0 (api) - DEBUG - GET to endpoint: users/46162896429/info/ returned response: <Response [200]>
2021-10-01 12:53:24,925 - instabot version: 0.117.0 (api) - DEBUG - GET to endpoint: users/48261323683/info/ returned response: <Response [200]>
2021-10-01 12:53:25,423 - instabot version: 0.117.0 (api) - DEBUG - GET to endpoint: users/4085926535/info/ returned response: <Response [200]>
2021-10-01 12:53:26,021 - instabot version: 0.117.0 (api) - DEBUG - GET to endpoint: users/7378940497/info/ returned response: <Response [200]>
2021-10-01 12:53:26,395 - instabot version: 0.117.0 (api) - DEBUG - GET to endpoint: users/964537199/info/ returned response: <Response [200]>
2021-10-01 12:53:26,910 - instabot version: 0.117.0 (api) - DEBUG - GET to endpoint: users/45306526467/info/ returned response: <Response [200]>
2021-10-01 12:53:27,545 - instabot version: 0.117.0 (api) - DEBUG - GET to endpoint: users/498713758/info/ returned response: <Response [200]>
2021-10-01 12:53:28,176 - instabot version: 0.117.0 (api) - DEBUG - GET to endpoint: users/1450528383/info/ returned response: <Response [200]>
2021-10-01 12:53:28,665 - instabot version: 0.117.0 (api) - DEBUG - GET to endpoint: users/2834108156/info/ returned response: <Response [200]>
2021-10-01 12:53:29,180 - instabot version: 0.117.0 (api) - DEBUG - GET to endpoint: users/3435652590/info/ returned response: <Response [200]>
2021-10-01 12:53:29,726 - instabot version: 0.117.0 (api) - DEBUG - GET to endpoint: users/9199591094/info/ returned response: <Response [200]>
2021-10-01 12:53:30,199 - instabot version: 0.117.0 (api) - DEBUG - GET to endpoint: users/7537422912/info/ returned response: <Response [200]>
2021-10-01 12:53:30,685 - instabot version: 0.117.0 (api) - DEBUG - GET to endpoint: users/22114823610/info/ returned response: <Response [200]>
2021-10-01 12:53:31,125 - instabot version: 0.117.0 (api) - DEBUG - GET to endpoint: users/41369507055/info/ returned response: <Response [200]>
2021-10-01 12:53:31,596 - instabot version: 0.117.0 (api) - DEBUG - GET to endpoint: users/47884775919/info/ returned response: <Response [200]>
2021-10-01 12:53:32,166 - instabot version: 0.117.0 (api) - DEBUG - GET to endpoint: users/45670949792/info/ returned response: <Response [200]>
2021-10-01 12:53:32,666 - instabot version: 0.117.0 (api) - DEBUG - GET to endpoint: users/7630568159/info/ returned response: <Response [200]>
2021-10-01 12:53:33,239 - instabot version: 0.117.0 (api) - DEBUG - GET to endpoint: users/11906353925/info/ returned response: <Response [200]>
2021-10-01 12:53:33,743 - instabot version: 0.117.0 (api) - DEBUG - GET to endpoint: users/40419905419/info/ returned response: <Response [200]>
2021-10-01 12:53:34,342 - instabot version: 0.117.0 (api) - DEBUG - GET to endpoint: users/3727225966/info/ returned response: <Response [200]>
2021-10-01 12:53:34,844 - instabot version: 0.117.0 (api) - DEBUG - GET to endpoint: users/21788448845/info/ returned response: <Response [200]>
2021-10-01 12:53:35,319 - instabot version: 0.117.0 (api) - DEBUG - GET to endpoint: users/5440143701/info/ returned response: <Response [200]>
2021-10-01 12:53:35,728 - instabot version: 0.117.0 (api) - DEBUG - GET to endpoint: users/45711229863/info/ returned response: <Response [200]>
2021-10-01 12:53:36,233 - instabot version: 0.117.0 (api) - DEBUG - GET to endpoint: users/7151422957/info/ returned response: <Response [200]>
2021-10-01 12:53:36,862 - instabot version: 0.117.0 (api) - DEBUG - GET to endpoint: users/11770568272/info/ returned response: <Response [200]>
2021-10-01 12:53:37,380 - instabot version: 0.117.0 (api) - DEBUG - GET to endpoint: users/5879379727/info/ returned response: <Response [200]>
2021-10-01 12:53:37,904 - instabot version: 0.117.0 (api) - DEBUG - GET to endpoint: users/16737339470/info/ returned response: <Response [200]>
2021-10-01 12:53:42,043 - instabot version: 0.117.0 (api) - DEBUG - GET to endpoint: feed/tag/дизайнер/?max_id=&rank_token=48835444494_81500ee0-4cf5-493e-ae1a-6a5011cbe63d&ranked_content=true& returned response: <Response [200]>
2021-10-01 12:53:42,805 - instabot version: 0.117.0 (api) - DEBUG - GET to endpoint: users/26989550939/info/ returned response: <Response [200]>
2021-10-01 12:53:43,320 - instabot version: 0.117.0 (api) - DEBUG - GET to endpoint: users/214008502/info/ returned response: <Response [200]>
2021-10-01 12:53:43,850 - instabot version: 0.117.0 (api) - DEBUG - GET to endpoint: users/327629298/info/ returned response: <Response [200]>
2021-10-01 12:53:44,355 - instabot version: 0.117.0 (api) - DEBUG - GET to endpoint: users/5860631774/info/ returned response: <Response [200]>
2021-10-01 12:53:45,046 - instabot version: 0.117.0 (api) - DEBUG - GET to endpoint: users/16660756343/info/ returned response: <Response [200]>
2021-10-01 12:53:45,552 - instabot version: 0.117.0 (api) - DEBUG - GET to endpoint: users/48776898661/info/ returned response: <Response [200]>
2021-10-01 12:53:46,099 - instabot version: 0.117.0 (api) - DEBUG - GET to endpoint: users/41951315945/info/ returned response: <Response [200]>
2021-10-01 12:53:46,572 - instabot version: 0.117.0 (api) - DEBUG - GET to endpoint: users/8281829699/info/ returned response: <Response [200]>
2021-10-01 12:53:47,067 - instabot version: 0.117.0 (api) - DEBUG - GET to endpoint: users/991747345/info/ returned response: <Response [200]>
2021-10-01 12:53:47,597 - instabot version: 0.117.0 (api) - DEBUG - GET to endpoint: users/10358619491/info/ returned response: <Response [200]>
2021-10-01 12:53:48,049 - instabot version: 0.117.0 (api) - DEBUG - GET to endpoint: users/10251942384/info/ returned response: <Response [200]>
2021-10-01 12:53:48,628 - instabot version: 0.117.0 (api) - DEBUG - GET to endpoint: users/1798456678/info/ returned response: <Response [200]>
2021-10-01 12:53:49,135 - instabot version: 0.117.0 (api) - DEBUG - GET to endpoint: users/11301973249/info/ returned response: <Response [200]>
2021-10-01 12:53:49,665 - instabot version: 0.117.0 (api) - DEBUG - GET to endpoint: users/8150716977/info/ returned response: <Response [200]>
2021-10-01 12:53:50,152 - instabot version: 0.117.0 (api) - DEBUG - GET to endpoint: users/5441886534/info/ returned response: <Response [200]>
2021-10-01 12:53:50,604 - instabot version: 0.117.0 (api) - DEBUG - GET to endpoint: users/47193124953/info/ returned response: <Response [200]>
2021-10-01 12:53:51,123 - instabot version: 0.117.0 (api) - DEBUG - GET to endpoint: users/6273265880/info/ returned response: <Response [200]>
2021-10-01 12:53:51,617 - instabot version: 0.117.0 (api) - DEBUG - GET to endpoint: users/4660243391/info/ returned response: <Response [200]>
2021-10-01 12:53:52,328 - instabot version: 0.117.0 (api) - DEBUG - GET to endpoint: users/3049627449/info/ returned response: <Response [200]>
2021-10-01 12:53:52,754 - instabot version: 0.117.0 (api) - DEBUG - GET to endpoint: users/44535374003/info/ returned response: <Response [200]>
2021-10-01 12:53:53,299 - instabot version: 0.117.0 (api) - DEBUG - GET to endpoint: users/21374303456/info/ returned response: <Response [200]>
2021-10-01 12:53:53,774 - instabot version: 0.117.0 (api) - DEBUG - GET to endpoint: users/45736347580/info/ returned response: <Response [200]>
2021-10-01 12:53:54,285 - instabot version: 0.117.0 (api) - DEBUG - GET to endpoint: users/7006416993/info/ returned response: <Response [200]>
2021-10-01 12:53:54,837 - instabot version: 0.117.0 (api) - DEBUG - GET to endpoint: users/7572989138/info/ returned response: <Response [200]>
2021-10-01 12:53:55,296 - instabot version: 0.117.0 (api) - DEBUG - GET to endpoint: users/20196054424/info/ returned response: <Response [200]>
2021-10-01 12:53:55,748 - instabot version: 0.117.0 (api) - DEBUG - GET to endpoint: users/47527277395/info/ returned response: <Response [200]>
2021-10-01 12:53:56,605 - instabot version: 0.117.0 (api) - DEBUG - GET to endpoint: users/7949908271/info/ returned response: <Response [200]>
2021-10-01 12:53:57,185 - instabot version: 0.117.0 (api) - DEBUG - GET to endpoint: users/11167701040/info/ returned response: <Response [200]>
2021-10-01 12:53:57,737 - instabot version: 0.117.0 (api) - DEBUG - GET to endpoint: users/210800151/info/ returned response: <Response [200]>
2021-10-01 12:53:58,230 - instabot version: 0.117.0 (api) - DEBUG - GET to endpoint: users/1708993220/info/ returned response: <Response [200]>
2021-10-01 12:53:58,751 - instabot version: 0.117.0 (api) - DEBUG - GET to endpoint: users/27719147952/info/ returned response: <Response [200]>
2021-10-01 12:53:59,183 - instabot version: 0.117.0 (api) - DEBUG - GET to endpoint: users/4529792878/info/ returned response: <Response [200]>
2021-10-01 12:53:59,648 - instabot version: 0.117.0 (api) - DEBUG - GET to endpoint: users/8417493370/info/ returned response: <Response [200]>
2021-10-01 12:54:00,126 - instabot version: 0.117.0 (api) - DEBUG - GET to endpoint: users/243881623/info/ returned response: <Response [200]>
2021-10-01 12:54:00,619 - instabot version: 0.117.0 (api) - DEBUG - GET to endpoint: users/973487514/info/ returned response: <Response [200]>
2021-10-01 12:54:01,081 - instabot version: 0.117.0 (api) - DEBUG - GET to endpoint: users/3581659891/info/ returned response: <Response [200]>
2021-10-01 12:54:01,565 - instabot version: 0.117.0 (api) - DEBUG - GET to endpoint: users/1469960921/info/ returned response: <Response [200]>
2021-10-01 12:54:02,513 - instabot version: 0.117.0 (api) - DEBUG - GET to endpoint: users/2438844416/info/ returned response: <Response [200]>
2021-10-01 12:54:03,107 - instabot version: 0.117.0 (api) - DEBUG - GET to endpoint: users/371037621/info/ returned response: <Response [200]>
2021-10-01 12:54:03,580 - instabot version: 0.117.0 (api) - DEBUG - GET to endpoint: users/3037829211/info/ returned response: <Response [200]>
2021-10-01 12:54:04,052 - instabot version: 0.117.0 (api) - DEBUG - GET to endpoint: users/55953316/info/ returned response: <Response [200]>
2021-10-01 12:54:04,479 - instabot version: 0.117.0 (api) - DEBUG - GET to endpoint: users/45641632225/info/ returned response: <Response [200]>
2021-10-01 12:54:04,901 - instabot version: 0.117.0 (api) - DEBUG - GET to endpoint: users/46754728460/info/ returned response: <Response [200]>
2021-10-01 12:54:05,324 - instabot version: 0.117.0 (api) - DEBUG - GET to endpoint: users/48504148923/info/ returned response: <Response [200]>
2021-10-01 12:54:05,777 - instabot version: 0.117.0 (api) - DEBUG - GET to endpoint: users/15640862006/info/ returned response: <Response [200]>
2021-10-01 12:54:06,210 - instabot version: 0.117.0 (api) - DEBUG - GET to endpoint: users/5801774898/info/ returned response: <Response [200]>
2021-10-01 12:54:06,728 - instabot version: 0.117.0 (api) - DEBUG - GET to endpoint: users/20701987483/info/ returned response: <Response [200]>
2021-10-01 12:54:07,218 - instabot version: 0.117.0 (api) - DEBUG - GET to endpoint: users/11048295240/info/ returned response: <Response [200]>
2021-10-01 12:54:07,779 - instabot version: 0.117.0 (api) - DEBUG - GET to endpoint: users/7171106222/info/ returned response: <Response [200]>
2021-10-01 12:54:08,224 - instabot version: 0.117.0 (api) - DEBUG - GET to endpoint: users/38891503451/info/ returned response: <Response [200]>
2021-10-01 12:54:08,924 - instabot version: 0.117.0 (api) - DEBUG - GET to endpoint: users/9705100591/info/ returned response: <Response [200]>
2021-10-01 12:54:09,487 - instabot version: 0.117.0 (api) - DEBUG - GET to endpoint: users/21496670272/info/ returned response: <Response [200]>
2021-10-01 12:54:09,959 - instabot version: 0.117.0 (api) - DEBUG - GET to endpoint: users/7237389054/info/ returned response: <Response [200]>
2021-10-01 12:54:10,478 - instabot version: 0.117.0 (api) - DEBUG - GET to endpoint: users/9401806442/info/ returned response: <Response [200]>
2021-10-01 12:54:10,964 - instabot version: 0.117.0 (api) - DEBUG - GET to endpoint: users/3677803450/info/ returned response: <Response [200]>
2021-10-01 12:54:11,468 - instabot version: 0.117.0 (api) - DEBUG - GET to endpoint: users/7809299212/info/ returned response: <Response [200]>
2021-10-01 12:54:11,902 - instabot version: 0.117.0 (api) - DEBUG - GET to endpoint: users/44068837750/info/ returned response: <Response [200]>
2021-10-01 12:54:12,266 - instabot version: 0.117.0 (api) - DEBUG - GET to endpoint: users/2292109889/info/ returned response: <Response [200]>
2021-10-01 12:54:12,749 - instabot version: 0.117.0 (api) - DEBUG - GET to endpoint: users/1203915700/info/ returned response: <Response [200]>
2021-10-01 12:54:13,191 - instabot version: 0.117.0 (api) - DEBUG - GET to endpoint: users/45326410292/info/ returned response: <Response [200]>
2021-10-01 12:54:13,718 - instabot version: 0.117.0 (api) - DEBUG - GET to endpoint: users/46113476085/info/ returned response: <Response [200]>
2021-10-01 12:54:14,054 - instabot version: 0.117.0 (api) - DEBUG - GET to endpoint: users/32590577892/info/ returned response: <Response [200]>
2021-10-01 12:54:18,374 - instabot version: 0.117.0 (api) - DEBUG - GET to endpoint: feed/tag/интерьер/?max_id=&rank_token=48835444494_81500ee0-4cf5-493e-ae1a-6a5011cbe63d&ranked_content=true& returned response: <Response [200]>
2021-10-01 12:54:19,024 - instabot version: 0.117.0 (api) - DEBUG - GET to endpoint: users/27852195488/info/ returned response: <Response [200]>
2021-10-01 12:54:19,540 - instabot version: 0.117.0 (api) - DEBUG - GET to endpoint: users/49586770426/info/ returned response: <Response [200]>
2021-10-01 12:54:19,902 - instabot version: 0.117.0 (api) - DEBUG - GET to endpoint: users/8355167600/info/ returned response: <Response [200]>
2021-10-01 12:54:20,482 - instabot version: 0.117.0 (api) - DEBUG - GET to endpoint: users/25535412877/info/ returned response: <Response [200]>
2021-10-01 12:54:20,859 - instabot version: 0.117.0 (api) - DEBUG - GET to endpoint: users/47948074715/info/ returned response: <Response [200]>
2021-10-01 12:54:21,400 - instabot version: 0.117.0 (api) - DEBUG - GET to endpoint: users/2242234142/info/ returned response: <Response [200]>
2021-10-01 12:54:21,854 - instabot version: 0.117.0 (api) - DEBUG - GET to endpoint: users/49399085986/info/ returned response: <Response [200]>
2021-10-01 12:54:22,405 - instabot version: 0.117.0 (api) - DEBUG - GET to endpoint: users/2289874499/info/ returned response: <Response [200]>
2021-10-01 12:54:22,851 - instabot version: 0.117.0 (api) - DEBUG - GET to endpoint: users/49353522397/info/ returned response: <Response [200]>
2021-10-01 12:54:23,444 - instabot version: 0.117.0 (api) - DEBUG - GET to endpoint: users/3969184423/info/ returned response: <Response [200]>
2021-10-01 12:54:23,939 - instabot version: 0.117.0 (api) - DEBUG - GET to endpoint: users/48298133297/info/ returned response: <Response [200]>
2021-10-01 12:54:24,491 - instabot version: 0.117.0 (api) - DEBUG - GET to endpoint: users/6086496017/info/ returned response: <Response [200]>
2021-10-01 12:54:25,154 - instabot version: 0.117.0 (api) - DEBUG - GET to endpoint: users/5786965189/info/ returned response: <Response [200]>
2021-10-01 12:54:25,678 - instabot version: 0.117.0 (api) - DEBUG - GET to endpoint: users/1791109524/info/ returned response: <Response [200]>
2021-10-01 12:54:26,167 - instabot version: 0.117.0 (api) - DEBUG - GET to endpoint: users/5635426015/info/ returned response: <Response [200]>
2021-10-01 12:54:26,895 - instabot version: 0.117.0 (api) - DEBUG - GET to endpoint: users/32034487998/info/ returned response: <Response [200]>
2021-10-01 12:54:27,302 - instabot version: 0.117.0 (api) - DEBUG - GET to endpoint: users/6368267137/info/ returned response: <Response [200]>
2021-10-01 12:54:27,799 - instabot version: 0.117.0 (api) - DEBUG - GET to endpoint: users/44049204388/info/ returned response: <Response [200]>
2021-10-01 12:54:28,130 - instabot version: 0.117.0 (api) - DEBUG - GET to endpoint: users/45237999228/info/ returned response: <Response [200]>
2021-10-01 12:54:28,662 - instabot version: 0.117.0 (api) - DEBUG - GET to endpoint: users/2227828099/info/ returned response: <Response [200]>
2021-10-01 12:54:29,252 - instabot version: 0.117.0 (api) - DEBUG - GET to endpoint: users/28992385786/info/ returned response: <Response [200]>
2021-10-01 12:54:29,769 - instabot version: 0.117.0 (api) - DEBUG - GET to endpoint: users/48917338295/info/ returned response: <Response [200]>
2021-10-01 12:54:30,383 - instabot version: 0.117.0 (api) - DEBUG - GET to endpoint: users/6208545729/info/ returned response: <Response [200]>
2021-10-01 12:54:30,833 - instabot version: 0.117.0 (api) - DEBUG - GET to endpoint: users/38499904061/info/ returned response: <Response [200]>
2021-10-01 12:54:31,296 - instabot version: 0.117.0 (api) - DEBUG - GET to endpoint: users/12589921718/info/ returned response: <Response [200]>
2021-10-01 12:54:31,765 - instabot version: 0.117.0 (api) - DEBUG - GET to endpoint: users/48990742661/info/ returned response: <Response [200]>
2021-10-01 12:54:32,701 - instabot version: 0.117.0 (api) - DEBUG - GET to endpoint: users/7634013092/info/ returned response: <Response [200]>
2021-10-01 12:54:33,260 - instabot version: 0.117.0 (api) - DEBUG - GET to endpoint: users/7208862503/info/ returned response: <Response [200]>
2021-10-01 12:54:33,836 - instabot version: 0.117.0 (api) - DEBUG - GET to endpoint: users/8216377326/info/ returned response: <Response [200]>
2021-10-01 12:54:34,372 - instabot version: 0.117.0 (api) - DEBUG - GET to endpoint: users/44372714231/info/ returned response: <Response [200]>
2021-10-01 12:54:35,076 - instabot version: 0.117.0 (api) - DEBUG - GET to endpoint: users/24965859624/info/ returned response: <Response [200]>
2021-10-01 12:54:35,405 - instabot version: 0.117.0 (api) - DEBUG - GET to endpoint: users/1475007768/info/ returned response: <Response [200]>
2021-10-01 12:54:35,913 - instabot version: 0.117.0 (api) - DEBUG - GET to endpoint: users/1365590619/info/ returned response: <Response [200]>
2021-10-01 12:54:36,594 - instabot version: 0.117.0 (api) - DEBUG - GET to endpoint: users/7040479441/info/ returned response: <Response [200]>
2021-10-01 12:54:37,070 - instabot version: 0.117.0 (api) - DEBUG - GET to endpoint: users/43986250043/info/ returned response: <Response [200]>
2021-10-01 12:54:37,512 - instabot version: 0.117.0 (api) - DEBUG - GET to endpoint: users/49417179264/info/ returned response: <Response [200]>
2021-10-01 12:54:37,973 - instabot version: 0.117.0 (api) - DEBUG - GET to endpoint: users/28683548314/info/ returned response: <Response [200]>
2021-10-01 12:54:38,609 - instabot version: 0.117.0 (api) - DEBUG - GET to endpoint: users/27304748182/info/ returned response: <Response [200]>
2021-10-01 12:54:39,119 - instabot version: 0.117.0 (api) - DEBUG - GET to endpoint: users/463207445/info/ returned response: <Response [200]>
2021-10-01 12:54:39,635 - instabot version: 0.117.0 (api) - DEBUG - GET to endpoint: users/47762050540/info/ returned response: <Response [200]>
2021-10-01 12:54:40,210 - instabot version: 0.117.0 (api) - DEBUG - GET to endpoint: users/4196583280/info/ returned response: <Response [200]>
