2021-08-06 16:31:45,638 - instabot version: 0.117.0 (bot) - INFO - Instabot version: 0.117.0 Started
2021-08-06 16:31:45,638 - instabot version: 0.117.0 (bot) - DEBUG - Bot imported from D:\searchdisaner\venv\lib\site-packages\instabot\bot\bot.py
2021-08-06 16:31:45,649 - instabot version: 0.117.0 (api_login) - DEBUG - Loading uuids
2021-08-06 16:31:45,649 - instabot version: 0.117.0 (api_login) - INFO - Recovery from D:\searchdisaner/config/instbober_uuid_and_cookie.json: COOKIE False - UUIDs True - TIMING, DEVICE and ...
- user-agent=Instagram 117.0.0.28.123 Android (28/9.0; 420dpi; 1080x1920; OnePlus; ONEPLUS A3003; OnePlus3; qcom; en_US; 180322800)
- phone_id=69e66906-ef6a-4561-86e6-8c98a236847c
- uuid=81500ee0-4cf5-493e-ae1a-6a5011cbe63d
- client_session_id=32957a9d-435a-448b-9ee5-e5e488d33b0c
- device_id=android-ba894ce94a484232
2021-08-06 16:31:45,649 - instabot version: 0.117.0 (api_login) - INFO - Not yet logged in starting: PRE-LOGIN FLOW!
2021-08-06 16:32:00,428 - instabot version: 0.117.0 (api) - DEBUG - POST to endpoint: accounts/get_prefill_candidates/ returned response: <Response [200]>
2021-08-06 16:32:05,275 - instabot version: 0.117.0 (api) - DEBUG - POST to endpoint: qe/sync/ returned response: <Response [200]>
2021-08-06 16:32:08,305 - instabot version: 0.117.0 (api) - DEBUG - POST to endpoint: launcher/sync/ returned response: <Response [200]>
2021-08-06 16:32:10,221 - instabot version: 0.117.0 (api) - DEBUG - POST to endpoint: accounts/contact_point_prefill/ returned response: <Response [200]>
2021-08-06 16:32:14,387 - instabot version: 0.117.0 (api) - DEBUG - POST to endpoint: accounts/login/ returned response: <Response [200]>
2021-08-06 16:32:14,387 - instabot version: 0.117.0 (api) - INFO - Logged-in successfully as 'instbober'!
2021-08-06 16:32:14,387 - instabot version: 0.117.0 (api_login) - INFO - LOGIN FLOW! Just logged-in: True
2021-08-06 16:32:16,398 - instabot version: 0.117.0 (api) - DEBUG - POST to endpoint: qe/sync/ returned response: <Response [200]>
2021-08-06 16:32:18,411 - instabot version: 0.117.0 (api) - DEBUG - POST to endpoint: launcher/sync/ returned response: <Response [200]>
2021-08-06 16:32:20,252 - instabot version: 0.117.0 (api) - DEBUG - GET to endpoint: zr/token/result/?device_id=android-ba894ce94a484232&token_hash=&custom_device_id=android-ba894ce94a484232&fetch_reason=token_expired returned response: <Response [200]>
2021-08-06 16:32:28,168 - instabot version: 0.117.0 (api) - DEBUG - GET to endpoint: multiple_accounts/get_account_family/ returned response: <Response [200]>
2021-08-06 16:32:57,114 - instabot version: 0.117.0 (api) - DEBUG - POST to endpoint: qe/sync/ returned response: <Response [200]>
2021-08-06 16:33:30,883 - instabot version: 0.117.0 (api) - DEBUG - GET to endpoint: igtv/browse_feed/?prefetch=1 returned response: <Response [200]>
2021-08-06 16:33:31,870 - instabot version: 0.117.0 (api) - DEBUG - POST to endpoint: creatives/ar_class/ returned response: <Response [200]>
2021-08-06 16:33:36,183 - instabot version: 0.117.0 (api) - DEBUG - POST to endpoint: feed/reels_tray/ returned response: <Response [200]>
2021-08-06 16:33:42,392 - instabot version: 0.117.0 (api) - DEBUG - POST to endpoint: feed/timeline/ returned response: <Response [200]>
2021-08-06 16:33:43,803 - instabot version: 0.117.0 (api) - DEBUG - GET to endpoint: media/blocked/ returned response: <Response [200]>
2021-08-06 16:33:45,313 - instabot version: 0.117.0 (api) - DEBUG - GET to endpoint: news/inbox/ returned response: <Response [200]>
2021-08-06 16:33:46,162 - instabot version: 0.117.0 (api) - DEBUG - GET to endpoint: loom/fetch_config/ returned response: <Response [200]>
2021-08-06 16:33:48,042 - instabot version: 0.117.0 (api) - DEBUG - GET to endpoint: scores/bootstrap/users/?surfaces=["autocomplete_user_list","coefficient_besties_list_ranking","coefficient_rank_recipient_user_suggestion","coefficient_ios_section_test_bootstrap_ranking","coefficient_direct_recipients_ranking_variant_2"] returned response: <Response [200]>
2021-08-06 16:33:49,164 - instabot version: 0.117.0 (api) - DEBUG - GET to endpoint: business/eligibility/get_monetization_products_eligibility_data/?product_types=branded_content returned response: <Response [200]>
2021-08-06 16:33:55,626 - instabot version: 0.117.0 (api) - DEBUG - GET to endpoint: business/branded_content/should_require_professional_account/ returned response: <Response [200]>
2021-08-06 16:33:56,667 - instabot version: 0.117.0 (api) - DEBUG - GET to endpoint: linked_accounts/get_linkage_status/ returned response: <Response [200]>
2021-08-06 16:33:59,073 - instabot version: 0.117.0 (api) - DEBUG - GET to endpoint: locations/request_country/ returned response: <Response [200]>
2021-08-06 16:34:00,056 - instabot version: 0.117.0 (api) - DEBUG - GET to endpoint: qp/get_cooldowns/?signed_body=signed_body=4b9c516a5410a3bc128e09c6104a7f042146b9c2023870560c63a43a7f66781c.4&ig_sig_key_version=4&ig_sig_key_version=4 returned response: <Response [200]>
2021-08-06 16:34:01,905 - instabot version: 0.117.0 (api) - DEBUG - GET to endpoint: users/arlink_download_info/?version_override=2.2.1 returned response: <Response [200]>
2021-08-06 16:34:11,367 - instabot version: 0.117.0 (api) - DEBUG - GET to endpoint: users/48835444494/info/ returned response: <Response [200]>
2021-08-06 16:34:14,822 - instabot version: 0.117.0 (api) - DEBUG - GET to endpoint: direct_v2/get_presence/ returned response: <Response [200]>
2021-08-06 16:34:16,723 - instabot version: 0.117.0 (api) - DEBUG - GET to endpoint: direct_v2/inbox/?visual_message_return_type=unseen&thread_message_limit=10&persistentBadging=true&limit=20 returned response: <Response [200]>
2021-08-06 16:34:17,862 - instabot version: 0.117.0 (api) - DEBUG - GET to endpoint: direct_v2/inbox/?visual_message_return_type=unseen&persistentBadging=true&limit=0 returned response: <Response [200]>
2021-08-06 16:34:25,318 - instabot version: 0.117.0 (api) - DEBUG - GET to endpoint: discover/topical_explore/?is_prefetch=true&omit_cover_media=true&use_sectional_payload=true&timezone_offset=0&session_id=32957a9d-435a-448b-9ee5-e5e488d33b0c&include_fixed_destinations=true returned response: <Response [200]>
2021-08-06 16:34:29,320 - instabot version: 0.117.0 (api) - DEBUG - POST to endpoint: notifications/badge/ returned response: <Response [200]>
2021-08-06 16:34:30,272 - instabot version: 0.117.0 (api) - DEBUG - POST to endpoint: qp/batch_fetch/ returned response: <Response [200]>
2021-08-06 16:34:30,273 - instabot version: 0.117.0 (bot_checkpoint) - DEBUG - Loading Checkpoint file from: D:\searchdisaner/config/instbober.checkpoint
2021-08-06 16:34:42,922 - instabot version: 0.117.0 (api) - DEBUG - GET to endpoint: feed/tag/дизайн/?max_id=&rank_token=48835444494_81500ee0-4cf5-493e-ae1a-6a5011cbe63d&ranked_content=true& returned response: <Response [200]>
2021-08-06 16:34:46,546 - instabot version: 0.117.0 (api) - DEBUG - GET to endpoint: users/25021887494/info/ returned response: <Response [200]>
2021-08-06 16:34:47,716 - instabot version: 0.117.0 (api) - DEBUG - GET to endpoint: users/21691973810/info/ returned response: <Response [200]>
2021-08-06 16:34:48,997 - instabot version: 0.117.0 (api) - DEBUG - GET to endpoint: users/5081641236/info/ returned response: <Response [200]>
2021-08-06 16:34:50,355 - instabot version: 0.117.0 (api) - DEBUG - GET to endpoint: users/6243763057/info/ returned response: <Response [200]>
2021-08-06 16:34:54,684 - instabot version: 0.117.0 (api) - DEBUG - GET to endpoint: users/30520309100/info/ returned response: <Response [200]>
2021-08-06 16:34:56,401 - instabot version: 0.117.0 (api) - DEBUG - GET to endpoint: users/4260365785/info/ returned response: <Response [200]>
2021-08-06 16:35:00,555 - instabot version: 0.117.0 (api) - DEBUG - GET to endpoint: users/9437804338/info/ returned response: <Response [200]>
2021-08-06 16:35:01,852 - instabot version: 0.117.0 (api) - DEBUG - GET to endpoint: users/15383192003/info/ returned response: <Response [200]>
2021-08-06 16:35:03,268 - instabot version: 0.117.0 (api) - DEBUG - GET to endpoint: users/43223737437/info/ returned response: <Response [200]>
2021-08-06 16:35:04,906 - instabot version: 0.117.0 (api) - DEBUG - GET to endpoint: users/33865099832/info/ returned response: <Response [200]>
2021-08-06 16:35:10,437 - instabot version: 0.117.0 (api) - DEBUG - GET to endpoint: users/45712097480/info/ returned response: <Response [200]>
2021-08-06 16:35:14,314 - instabot version: 0.117.0 (api) - DEBUG - GET to endpoint: users/4967263338/info/ returned response: <Response [200]>
2021-08-06 16:35:15,636 - instabot version: 0.117.0 (api) - DEBUG - GET to endpoint: users/46985717882/info/ returned response: <Response [200]>
2021-08-06 16:35:17,687 - instabot version: 0.117.0 (api) - DEBUG - GET to endpoint: users/3243550604/info/ returned response: <Response [200]>
2021-08-06 16:35:18,951 - instabot version: 0.117.0 (api) - DEBUG - GET to endpoint: users/7045204905/info/ returned response: <Response [200]>
2021-08-06 16:35:26,579 - instabot version: 0.117.0 (api) - DEBUG - GET to endpoint: users/381285030/info/ returned response: <Response [200]>
2021-08-06 16:35:29,681 - instabot version: 0.117.0 (api) - DEBUG - GET to endpoint: users/33483659594/info/ returned response: <Response [200]>
2021-08-06 16:35:31,712 - instabot version: 0.117.0 (api) - DEBUG - GET to endpoint: users/48999955972/info/ returned response: <Response [200]>
2021-08-06 16:35:33,020 - instabot version: 0.117.0 (api) - DEBUG - GET to endpoint: users/662511020/info/ returned response: <Response [200]>
2021-08-06 16:35:38,842 - instabot version: 0.117.0 (api) - DEBUG - GET to endpoint: users/14462266775/info/ returned response: <Response [200]>
2021-08-06 16:35:41,617 - instabot version: 0.117.0 (api) - DEBUG - GET to endpoint: users/32058862965/info/ returned response: <Response [200]>
2021-08-06 16:35:44,275 - instabot version: 0.117.0 (api) - DEBUG - GET to endpoint: users/4211376023/info/ returned response: <Response [200]>
2021-08-06 16:35:46,410 - instabot version: 0.117.0 (api) - DEBUG - GET to endpoint: users/990206017/info/ returned response: <Response [200]>
2021-08-06 16:35:47,463 - instabot version: 0.117.0 (api) - DEBUG - GET to endpoint: users/12544524489/info/ returned response: <Response [200]>
2021-08-06 16:35:48,539 - instabot version: 0.117.0 (api) - DEBUG - GET to endpoint: users/11548848186/info/ returned response: <Response [200]>
2021-08-06 16:35:51,390 - instabot version: 0.117.0 (api) - DEBUG - GET to endpoint: users/2348895370/info/ returned response: <Response [200]>
2021-08-06 16:35:53,640 - instabot version: 0.117.0 (api) - DEBUG - GET to endpoint: users/39844516934/info/ returned response: <Response [200]>
2021-08-06 16:35:54,833 - instabot version: 0.117.0 (api) - DEBUG - GET to endpoint: users/48760400529/info/ returned response: <Response [200]>
2021-08-06 16:36:04,117 - instabot version: 0.117.0 (api) - DEBUG - GET to endpoint: users/48032154004/info/ returned response: <Response [200]>
2021-08-06 16:36:06,068 - instabot version: 0.117.0 (api) - DEBUG - GET to endpoint: users/8105717524/info/ returned response: <Response [200]>
2021-08-06 16:36:07,250 - instabot version: 0.117.0 (api) - DEBUG - GET to endpoint: users/44305909383/info/ returned response: <Response [200]>
2021-08-06 16:36:36,953 - instabot version: 0.117.0 (api) - DEBUG - GET to endpoint: users/2348536642/info/ returned response: <Response [200]>
2021-08-06 16:36:39,042 - instabot version: 0.117.0 (api) - DEBUG - GET to endpoint: users/45478397502/info/ returned response: <Response [200]>
2021-08-06 16:36:41,368 - instabot version: 0.117.0 (api) - DEBUG - GET to endpoint: users/47858175561/info/ returned response: <Response [200]>
2021-08-06 16:36:48,873 - instabot version: 0.117.0 (api) - DEBUG - GET to endpoint: users/4187219516/info/ returned response: <Response [200]>
2021-08-06 16:36:50,097 - instabot version: 0.117.0 (api) - DEBUG - GET to endpoint: users/38055374628/info/ returned response: <Response [200]>
2021-08-06 16:36:51,397 - instabot version: 0.117.0 (api) - DEBUG - GET to endpoint: users/37801925687/info/ returned response: <Response [200]>
2021-08-06 16:36:52,615 - instabot version: 0.117.0 (api) - DEBUG - GET to endpoint: users/4058115767/info/ returned response: <Response [200]>
2021-08-06 16:36:54,742 - instabot version: 0.117.0 (api) - DEBUG - GET to endpoint: users/6238968900/info/ returned response: <Response [200]>
2021-08-06 16:36:58,403 - instabot version: 0.117.0 (api) - DEBUG - GET to endpoint: users/9502940327/info/ returned response: <Response [200]>
2021-08-06 16:37:00,590 - instabot version: 0.117.0 (api) - DEBUG - GET to endpoint: users/4776786147/info/ returned response: <Response [200]>
2021-08-06 16:37:01,791 - instabot version: 0.117.0 (api) - DEBUG - GET to endpoint: users/1522013859/info/ returned response: <Response [200]>
2021-08-06 16:37:03,035 - instabot version: 0.117.0 (api) - DEBUG - GET to endpoint: users/47550655903/info/ returned response: <Response [200]>
2021-08-06 16:37:14,068 - instabot version: 0.117.0 (api) - DEBUG - GET to endpoint: users/2315483781/info/ returned response: <Response [200]>
2021-08-06 16:37:20,364 - instabot version: 0.117.0 (api) - DEBUG - GET to endpoint: users/48116624292/info/ returned response: <Response [200]>
2021-08-06 16:37:23,260 - instabot version: 0.117.0 (api) - DEBUG - GET to endpoint: users/7425984617/info/ returned response: <Response [200]>
2021-08-06 16:37:25,072 - instabot version: 0.117.0 (api) - DEBUG - GET to endpoint: users/21769462473/info/ returned response: <Response [200]>
2021-08-06 16:37:27,099 - instabot version: 0.117.0 (api) - DEBUG - GET to endpoint: users/4006177951/info/ returned response: <Response [200]>
2021-08-06 16:37:29,353 - instabot version: 0.117.0 (api) - DEBUG - GET to endpoint: users/7418465342/info/ returned response: <Response [200]>
2021-08-06 16:37:30,047 - instabot version: 0.117.0 (api) - DEBUG - GET to endpoint: users/4253260382/info/ returned response: <Response [200]>
2021-08-06 16:37:35,100 - instabot version: 0.117.0 (api) - DEBUG - GET to endpoint: users/40119312950/info/ returned response: <Response [200]>
2021-08-06 16:37:35,656 - instabot version: 0.117.0 (api) - DEBUG - GET to endpoint: users/48581197640/info/ returned response: <Response [200]>
2021-08-06 16:37:37,403 - instabot version: 0.117.0 (api) - DEBUG - GET to endpoint: users/24338162129/info/ returned response: <Response [200]>
2021-08-06 16:37:38,169 - instabot version: 0.117.0 (api) - DEBUG - GET to endpoint: users/11770020585/info/ returned response: <Response [200]>
2021-08-06 16:37:38,611 - instabot version: 0.117.0 (api) - DEBUG - GET to endpoint: users/3933588206/info/ returned response: <Response [200]>
2021-08-06 16:37:40,329 - instabot version: 0.117.0 (api) - DEBUG - GET to endpoint: users/4136393624/info/ returned response: <Response [200]>
2021-08-06 16:37:41,911 - instabot version: 0.117.0 (api) - DEBUG - GET to endpoint: users/8794079714/info/ returned response: <Response [200]>
2021-08-06 16:37:43,556 - instabot version: 0.117.0 (api) - DEBUG - GET to endpoint: users/44784121989/info/ returned response: <Response [200]>
2021-08-06 16:37:46,500 - instabot version: 0.117.0 (api) - DEBUG - GET to endpoint: users/12785193757/info/ returned response: <Response [200]>
2021-08-06 16:37:47,090 - instabot version: 0.117.0 (api) - DEBUG - GET to endpoint: users/8401712823/info/ returned response: <Response [200]>
2021-08-06 16:37:49,345 - instabot version: 0.117.0 (api) - DEBUG - GET to endpoint: users/7037440978/info/ returned response: <Response [200]>
2021-08-06 16:37:49,919 - instabot version: 0.117.0 (api) - DEBUG - GET to endpoint: users/48193634995/info/ returned response: <Response [200]>
2021-08-06 16:37:51,549 - instabot version: 0.117.0 (api) - DEBUG - GET to endpoint: users/47104047334/info/ returned response: <Response [200]>
2021-08-06 16:37:53,376 - instabot version: 0.117.0 (api) - DEBUG - GET to endpoint: users/38511948640/info/ returned response: <Response [200]>
2021-08-06 16:37:53,923 - instabot version: 0.117.0 (api) - DEBUG - GET to endpoint: users/33781216116/info/ returned response: <Response [200]>
2021-08-06 16:38:07,073 - instabot version: 0.117.0 (api) - DEBUG - GET to endpoint: users/44371655298/info/ returned response: <Response [200]>
2021-08-06 16:38:08,579 - instabot version: 0.117.0 (api) - DEBUG - GET to endpoint: users/1430112056/info/ returned response: <Response [200]>
2021-08-06 16:38:10,252 - instabot version: 0.117.0 (api) - DEBUG - GET to endpoint: users/229504012/info/ returned response: <Response [200]>
2021-08-06 16:38:10,891 - instabot version: 0.117.0 (api) - DEBUG - GET to endpoint: users/5778820967/info/ returned response: <Response [200]>
2021-08-06 16:38:12,502 - instabot version: 0.117.0 (api) - DEBUG - GET to endpoint: users/7605246247/info/ returned response: <Response [200]>
2021-08-06 16:38:12,991 - instabot version: 0.117.0 (api) - DEBUG - GET to endpoint: users/2292109889/info/ returned response: <Response [200]>
2021-08-06 16:38:20,144 - instabot version: 0.117.0 (api) - DEBUG - GET to endpoint: feed/tag/дизайнер/?max_id=&rank_token=48835444494_81500ee0-4cf5-493e-ae1a-6a5011cbe63d&ranked_content=true& returned response: <Response [200]>
2021-08-06 16:38:20,808 - instabot version: 0.117.0 (api) - DEBUG - GET to endpoint: users/37152133108/info/ returned response: <Response [200]>
2021-08-06 16:38:21,472 - instabot version: 0.117.0 (api) - DEBUG - GET to endpoint: users/13564988483/info/ returned response: <Response [200]>
2021-08-06 16:38:21,918 - instabot version: 0.117.0 (api) - DEBUG - GET to endpoint: users/6278655847/info/ returned response: <Response [200]>
2021-08-06 16:38:22,453 - instabot version: 0.117.0 (api) - DEBUG - GET to endpoint: users/5874905409/info/ returned response: <Response [200]>
2021-08-06 16:38:23,421 - instabot version: 0.117.0 (api) - DEBUG - GET to endpoint: users/5659459524/info/ returned response: <Response [200]>
2021-08-06 16:38:23,980 - instabot version: 0.117.0 (api) - DEBUG - GET to endpoint: users/2144360838/info/ returned response: <Response [200]>
2021-08-06 16:38:24,463 - instabot version: 0.117.0 (api) - DEBUG - GET to endpoint: users/49028901991/info/ returned response: <Response [200]>
2021-08-06 16:38:24,887 - instabot version: 0.117.0 (api) - DEBUG - GET to endpoint: users/8963436342/info/ returned response: <Response [200]>
2021-08-06 16:38:25,579 - instabot version: 0.117.0 (api) - DEBUG - GET to endpoint: users/1140322105/info/ returned response: <Response [200]>
2021-08-06 16:38:26,120 - instabot version: 0.117.0 (api) - DEBUG - GET to endpoint: users/3546950551/info/ returned response: <Response [200]>
2021-08-06 16:38:26,789 - instabot version: 0.117.0 (api) - DEBUG - GET to endpoint: users/2213713499/info/ returned response: <Response [200]>
2021-08-06 16:38:27,331 - instabot version: 0.117.0 (api) - DEBUG - GET to endpoint: users/3914317066/info/ returned response: <Response [200]>
2021-08-06 16:38:27,924 - instabot version: 0.117.0 (api) - DEBUG - GET to endpoint: users/30165629148/info/ returned response: <Response [200]>
2021-08-06 16:38:28,572 - instabot version: 0.117.0 (api) - DEBUG - GET to endpoint: users/2290878696/info/ returned response: <Response [200]>
2021-08-06 16:38:29,211 - instabot version: 0.117.0 (api) - DEBUG - GET to endpoint: users/13551195901/info/ returned response: <Response [200]>
2021-08-06 16:38:29,770 - instabot version: 0.117.0 (api) - DEBUG - GET to endpoint: users/8293418016/info/ returned response: <Response [200]>
2021-08-06 16:38:30,431 - instabot version: 0.117.0 (api) - DEBUG - GET to endpoint: users/20509689/info/ returned response: <Response [200]>
2021-08-06 16:38:31,041 - instabot version: 0.117.0 (api) - DEBUG - GET to endpoint: users/5454656140/info/ returned response: <Response [200]>
2021-08-06 16:38:31,646 - instabot version: 0.117.0 (api) - DEBUG - GET to endpoint: users/194697941/info/ returned response: <Response [200]>
2021-08-06 16:38:32,258 - instabot version: 0.117.0 (api) - DEBUG - GET to endpoint: users/202796555/info/ returned response: <Response [200]>
2021-08-06 16:38:32,839 - instabot version: 0.117.0 (api) - DEBUG - GET to endpoint: users/28323097805/info/ returned response: <Response [200]>
2021-08-06 16:38:33,385 - instabot version: 0.117.0 (api) - DEBUG - GET to endpoint: users/6136136417/info/ returned response: <Response [200]>
2021-08-06 16:38:33,993 - instabot version: 0.117.0 (api) - DEBUG - GET to endpoint: users/37821613291/info/ returned response: <Response [200]>
2021-08-06 16:38:34,461 - instabot version: 0.117.0 (api) - DEBUG - GET to endpoint: users/48436723291/info/ returned response: <Response [200]>
2021-08-06 16:38:35,016 - instabot version: 0.117.0 (api) - DEBUG - GET to endpoint: users/3269608073/info/ returned response: <Response [200]>
2021-08-06 16:38:35,588 - instabot version: 0.117.0 (api) - DEBUG - GET to endpoint: users/7182186899/info/ returned response: <Response [200]>
2021-08-06 16:38:36,177 - instabot version: 0.117.0 (api) - DEBUG - GET to endpoint: users/11062760600/info/ returned response: <Response [200]>
2021-08-06 16:38:37,127 - instabot version: 0.117.0 (api) - DEBUG - GET to endpoint: users/25240002396/info/ returned response: <Response [200]>
2021-08-06 16:38:37,684 - instabot version: 0.117.0 (api) - DEBUG - GET to endpoint: users/46628103551/info/ returned response: <Response [200]>
2021-08-06 16:38:38,444 - instabot version: 0.117.0 (api) - DEBUG - GET to endpoint: users/43646198988/info/ returned response: <Response [200]>
2021-08-06 16:38:39,179 - instabot version: 0.117.0 (api) - DEBUG - GET to endpoint: users/33685835565/info/ returned response: <Response [200]>
2021-08-06 16:38:39,665 - instabot version: 0.117.0 (api) - DEBUG - GET to endpoint: users/12652281679/info/ returned response: <Response [200]>
2021-08-06 16:38:40,276 - instabot version: 0.117.0 (api) - DEBUG - GET to endpoint: users/11825621777/info/ returned response: <Response [200]>
2021-08-06 16:38:40,866 - instabot version: 0.117.0 (api) - DEBUG - GET to endpoint: users/2953485735/info/ returned response: <Response [200]>
2021-08-06 16:38:41,571 - instabot version: 0.117.0 (api) - DEBUG - GET to endpoint: users/1788100431/info/ returned response: <Response [200]>
2021-08-06 16:38:42,076 - instabot version: 0.117.0 (api) - DEBUG - GET to endpoint: users/1514782456/info/ returned response: <Response [200]>
2021-08-06 16:38:42,749 - instabot version: 0.117.0 (api) - DEBUG - GET to endpoint: users/7124004551/info/ returned response: <Response [200]>
2021-08-06 16:38:43,258 - instabot version: 0.117.0 (api) - DEBUG - GET to endpoint: users/45753281158/info/ returned response: <Response [200]>
2021-08-06 16:38:43,933 - instabot version: 0.117.0 (api) - DEBUG - GET to endpoint: users/44677829178/info/ returned response: <Response [200]>
2021-08-06 16:38:44,606 - instabot version: 0.117.0 (api) - DEBUG - GET to endpoint: users/3169047123/info/ returned response: <Response [200]>
2021-08-06 16:38:45,154 - instabot version: 0.117.0 (api) - DEBUG - GET to endpoint: users/1652263503/info/ returned response: <Response [200]>
2021-08-06 16:38:45,768 - instabot version: 0.117.0 (api) - DEBUG - GET to endpoint: users/3406862467/info/ returned response: <Response [200]>
2021-08-06 16:38:46,339 - instabot version: 0.117.0 (api) - DEBUG - GET to endpoint: users/7700748395/info/ returned response: <Response [200]>
2021-08-06 16:38:46,892 - instabot version: 0.117.0 (api) - DEBUG - GET to endpoint: users/2247352276/info/ returned response: <Response [200]>
2021-08-06 16:38:47,514 - instabot version: 0.117.0 (api) - DEBUG - GET to endpoint: users/523494925/info/ returned response: <Response [200]>
2021-08-06 16:38:47,979 - instabot version: 0.117.0 (api) - DEBUG - GET to endpoint: users/46113250980/info/ returned response: <Response [200]>
2021-08-06 16:38:48,657 - instabot version: 0.117.0 (api) - DEBUG - GET to endpoint: users/1810987688/info/ returned response: <Response [200]>
2021-08-06 16:38:49,332 - instabot version: 0.117.0 (api) - DEBUG - GET to endpoint: users/6951120145/info/ returned response: <Response [200]>
2021-08-06 16:38:49,946 - instabot version: 0.117.0 (api) - DEBUG - GET to endpoint: users/231061576/info/ returned response: <Response [200]>
2021-08-06 16:38:50,515 - instabot version: 0.117.0 (api) - DEBUG - GET to endpoint: users/3925862810/info/ returned response: <Response [200]>
2021-08-06 16:38:51,026 - instabot version: 0.117.0 (api) - DEBUG - GET to endpoint: users/48324414219/info/ returned response: <Response [200]>
2021-08-06 16:38:51,551 - instabot version: 0.117.0 (api) - DEBUG - GET to endpoint: users/295337180/info/ returned response: <Response [200]>
2021-08-06 16:38:52,165 - instabot version: 0.117.0 (api) - DEBUG - GET to endpoint: users/7522867777/info/ returned response: <Response [200]>
2021-08-06 16:38:52,654 - instabot version: 0.117.0 (api) - DEBUG - GET to endpoint: users/7708624283/info/ returned response: <Response [200]>
2021-08-06 16:38:54,388 - instabot version: 0.117.0 (api) - DEBUG - GET to endpoint: users/25782258789/info/ returned response: <Response [200]>
2021-08-06 16:38:54,847 - instabot version: 0.117.0 (api) - DEBUG - GET to endpoint: users/1641759827/info/ returned response: <Response [200]>
2021-08-06 16:38:55,522 - instabot version: 0.117.0 (api) - DEBUG - GET to endpoint: users/48253784481/info/ returned response: <Response [200]>
2021-08-06 16:38:56,132 - instabot version: 0.117.0 (api) - DEBUG - GET to endpoint: users/48686980376/info/ returned response: <Response [200]>
2021-08-06 16:38:56,636 - instabot version: 0.117.0 (api) - DEBUG - GET to endpoint: users/49028612847/info/ returned response: <Response [200]>
2021-08-06 16:38:57,122 - instabot version: 0.117.0 (api) - DEBUG - GET to endpoint: users/3488188495/info/ returned response: <Response [200]>
2021-08-06 16:38:57,685 - instabot version: 0.117.0 (api) - DEBUG - GET to endpoint: users/45903929807/info/ returned response: <Response [200]>
2021-08-06 16:38:58,193 - instabot version: 0.117.0 (api) - DEBUG - GET to endpoint: users/44428748635/info/ returned response: <Response [200]>
2021-08-06 16:38:58,194 - instabot version: 0.117.0 (bot_checkpoint) - DEBUG - Saving Checkpoint file to: D:\searchdisaner/config/instbober.checkpoint
2021-08-06 16:38:58,195 - instabot version: 0.117.0 (bot) - INFO - Total requests: 1367
