2021-09-01 11:00:54,433 - instabot version: 0.117.0 (bot) - INFO - Instabot version: 0.117.0 Started
2021-09-01 11:00:54,434 - instabot version: 0.117.0 (bot) - DEBUG - Bot imported from D:\searchdisaner\venv\lib\site-packages\instabot\bot\bot.py
2021-09-01 11:00:54,480 - instabot version: 0.117.0 (api_login) - DEBUG - Loading uuids
2021-09-01 11:00:54,480 - instabot version: 0.117.0 (api_login) - INFO - Recovery from D:\searchdisaner/config/todoctordoom_uuid_and_cookie.json: COOKIE False - UUIDs True - TIMING, DEVICE and ...
- user-agent=Instagram 117.0.0.28.123 Android (28/9.0; 420dpi; 1080x1920; OnePlus; ONEPLUS A3003; OnePlus3; qcom; en_US; 180322800)
- phone_id=fececc37-13fb-4ca7-b4c1-842926ac61f0
- uuid=d8c038f7-d60d-4ffc-ae20-1b8f9d340f0b
- client_session_id=74517733-9e97-4ac6-9bd3-6396afa278ed
- device_id=android-638845ae1420b535
2021-09-01 11:00:54,481 - instabot version: 0.117.0 (api_login) - INFO - Not yet logged in starting: PRE-LOGIN FLOW!
2021-09-01 11:00:54,856 - instabot version: 0.117.0 (api) - DEBUG - POST to endpoint: accounts/get_prefill_candidates/ returned response: <Response [200]>
2021-09-01 11:00:55,134 - instabot version: 0.117.0 (api) - DEBUG - POST to endpoint: qe/sync/ returned response: <Response [200]>
2021-09-01 11:00:55,388 - instabot version: 0.117.0 (api) - DEBUG - POST to endpoint: launcher/sync/ returned response: <Response [200]>
2021-09-01 11:00:55,628 - instabot version: 0.117.0 (api) - DEBUG - POST to endpoint: accounts/contact_point_prefill/ returned response: <Response [200]>
2021-09-01 11:00:57,984 - instabot version: 0.117.0 (api) - DEBUG - POST to endpoint: accounts/login/ returned response: <Response [200]>
2021-09-01 11:00:57,984 - instabot version: 0.117.0 (api) - INFO - Logged-in successfully as 'todoctordoom'!
2021-09-01 11:00:57,984 - instabot version: 0.117.0 (api_login) - INFO - LOGIN FLOW! Just logged-in: True
2021-09-01 11:00:58,240 - instabot version: 0.117.0 (api) - DEBUG - POST to endpoint: qe/sync/ returned response: <Response [200]>
2021-09-01 11:00:58,569 - instabot version: 0.117.0 (api) - DEBUG - POST to endpoint: launcher/sync/ returned response: <Response [200]>
2021-09-01 11:00:58,837 - instabot version: 0.117.0 (api) - DEBUG - GET to endpoint: zr/token/result/?device_id=android-638845ae1420b535&token_hash=&custom_device_id=android-638845ae1420b535&fetch_reason=token_expired returned response: <Response [200]>
2021-09-01 11:00:59,164 - instabot version: 0.117.0 (api) - DEBUG - GET to endpoint: multiple_accounts/get_account_family/ returned response: <Response [200]>
2021-09-01 11:00:59,430 - instabot version: 0.117.0 (api) - DEBUG - POST to endpoint: qe/sync/ returned response: <Response [200]>
2021-09-01 11:00:59,819 - instabot version: 0.117.0 (api) - DEBUG - GET to endpoint: igtv/browse_feed/?prefetch=1 returned response: <Response [200]>
2021-09-01 11:01:00,075 - instabot version: 0.117.0 (api) - DEBUG - POST to endpoint: creatives/ar_class/ returned response: <Response [200]>
2021-09-01 11:01:00,384 - instabot version: 0.117.0 (api) - DEBUG - POST to endpoint: feed/reels_tray/ returned response: <Response [200]>
2021-09-01 11:01:02,536 - instabot version: 0.117.0 (api) - DEBUG - POST to endpoint: feed/timeline/ returned response: <Response [200]>
2021-09-01 11:01:02,814 - instabot version: 0.117.0 (api) - DEBUG - GET to endpoint: media/blocked/ returned response: <Response [200]>
2021-09-01 11:01:03,668 - instabot version: 0.117.0 (api) - DEBUG - GET to endpoint: news/inbox/ returned response: <Response [200]>
2021-09-01 11:01:03,947 - instabot version: 0.117.0 (api) - DEBUG - GET to endpoint: loom/fetch_config/ returned response: <Response [200]>
2021-09-01 11:01:04,398 - instabot version: 0.117.0 (api) - DEBUG - GET to endpoint: scores/bootstrap/users/?surfaces=["autocomplete_user_list","coefficient_besties_list_ranking","coefficient_rank_recipient_user_suggestion","coefficient_ios_section_test_bootstrap_ranking","coefficient_direct_recipients_ranking_variant_2"] returned response: <Response [200]>
2021-09-01 11:01:04,733 - instabot version: 0.117.0 (api) - DEBUG - GET to endpoint: business/eligibility/get_monetization_products_eligibility_data/?product_types=branded_content returned response: <Response [200]>
2021-09-01 11:01:05,002 - instabot version: 0.117.0 (api) - DEBUG - GET to endpoint: business/branded_content/should_require_professional_account/ returned response: <Response [200]>
2021-09-01 11:01:06,295 - instabot version: 0.117.0 (api) - DEBUG - GET to endpoint: linked_accounts/get_linkage_status/ returned response: <Response [200]>
2021-09-01 11:01:06,549 - instabot version: 0.117.0 (api) - DEBUG - GET to endpoint: locations/request_country/ returned response: <Response [200]>
2021-09-01 11:01:06,806 - instabot version: 0.117.0 (api) - DEBUG - GET to endpoint: qp/get_cooldowns/?signed_body=signed_body=4b9c516a5410a3bc128e09c6104a7f042146b9c2023870560c63a43a7f66781c.4&ig_sig_key_version=4&ig_sig_key_version=4 returned response: <Response [200]>
2021-09-01 11:01:07,066 - instabot version: 0.117.0 (api) - DEBUG - GET to endpoint: users/arlink_download_info/?version_override=2.2.1 returned response: <Response [200]>
2021-09-01 11:01:08,018 - instabot version: 0.117.0 (api) - DEBUG - GET to endpoint: users/46258652727/info/ returned response: <Response [200]>
2021-09-01 11:01:08,350 - instabot version: 0.117.0 (api) - DEBUG - GET to endpoint: direct_v2/get_presence/ returned response: <Response [200]>
2021-09-01 11:01:08,734 - instabot version: 0.117.0 (api) - DEBUG - GET to endpoint: direct_v2/inbox/?visual_message_return_type=unseen&thread_message_limit=10&persistentBadging=true&limit=20 returned response: <Response [200]>
2021-09-01 11:01:09,070 - instabot version: 0.117.0 (api) - DEBUG - GET to endpoint: direct_v2/inbox/?visual_message_return_type=unseen&persistentBadging=true&limit=0 returned response: <Response [200]>
2021-09-01 11:01:09,443 - instabot version: 0.117.0 (api) - DEBUG - GET to endpoint: discover/topical_explore/?is_prefetch=true&omit_cover_media=true&use_sectional_payload=true&timezone_offset=0&session_id=74517733-9e97-4ac6-9bd3-6396afa278ed&include_fixed_destinations=true returned response: <Response [200]>
2021-09-01 11:01:09,732 - instabot version: 0.117.0 (api) - DEBUG - POST to endpoint: notifications/badge/ returned response: <Response [200]>
2021-09-01 11:01:10,157 - instabot version: 0.117.0 (api) - DEBUG - POST to endpoint: qp/batch_fetch/ returned response: <Response [200]>
2021-09-01 11:01:10,158 - instabot version: 0.117.0 (bot_checkpoint) - DEBUG - Loading Checkpoint file from: D:\searchdisaner/config/todoctordoom.checkpoint
2021-09-01 11:01:15,003 - instabot version: 0.117.0 (api) - DEBUG - GET to endpoint: feed/tag/дизайн/?max_id=&rank_token=46258652727_d8c038f7-d60d-4ffc-ae20-1b8f9d340f0b&ranked_content=true& returned response: <Response [200]>
2021-09-01 11:01:15,711 - instabot version: 0.117.0 (api) - DEBUG - GET to endpoint: users/4164248175/info/ returned response: <Response [200]>
2021-09-01 11:01:16,185 - instabot version: 0.117.0 (api) - DEBUG - GET to endpoint: users/48680263781/info/ returned response: <Response [200]>
2021-09-01 11:01:16,691 - instabot version: 0.117.0 (api) - DEBUG - GET to endpoint: users/6634079815/info/ returned response: <Response [200]>
2021-09-01 11:01:17,256 - instabot version: 0.117.0 (api) - DEBUG - GET to endpoint: users/46876658279/info/ returned response: <Response [200]>
2021-09-01 11:01:17,816 - instabot version: 0.117.0 (api) - DEBUG - GET to endpoint: users/16507282612/info/ returned response: <Response [200]>
2021-09-01 11:01:18,330 - instabot version: 0.117.0 (api) - DEBUG - GET to endpoint: users/2236584684/info/ returned response: <Response [200]>
2021-09-01 11:01:18,784 - instabot version: 0.117.0 (api) - DEBUG - GET to endpoint: users/15302288758/info/ returned response: <Response [200]>
2021-09-01 11:01:19,306 - instabot version: 0.117.0 (api) - DEBUG - GET to endpoint: users/48394946719/info/ returned response: <Response [200]>
2021-09-01 11:01:19,813 - instabot version: 0.117.0 (api) - DEBUG - GET to endpoint: users/10990563887/info/ returned response: <Response [200]>
2021-09-01 11:01:20,288 - instabot version: 0.117.0 (api) - DEBUG - GET to endpoint: users/19146705388/info/ returned response: <Response [200]>
2021-09-01 11:01:20,846 - instabot version: 0.117.0 (api) - DEBUG - GET to endpoint: users/4545325428/info/ returned response: <Response [200]>
2021-09-01 11:01:21,351 - instabot version: 0.117.0 (api) - DEBUG - GET to endpoint: users/30723636499/info/ returned response: <Response [200]>
2021-09-01 11:01:21,788 - instabot version: 0.117.0 (api) - DEBUG - GET to endpoint: users/7359686784/info/ returned response: <Response [200]>
2021-09-01 11:01:22,253 - instabot version: 0.117.0 (api) - DEBUG - GET to endpoint: users/46907953104/info/ returned response: <Response [200]>
2021-09-01 11:01:22,630 - instabot version: 0.117.0 (api) - DEBUG - GET to endpoint: users/215458533/info/ returned response: <Response [200]>
2021-09-01 11:01:23,159 - instabot version: 0.117.0 (api) - DEBUG - GET to endpoint: users/7097292956/info/ returned response: <Response [200]>
2021-09-01 11:01:23,681 - instabot version: 0.117.0 (api) - DEBUG - GET to endpoint: users/1237193998/info/ returned response: <Response [200]>
2021-09-01 11:01:24,136 - instabot version: 0.117.0 (api) - DEBUG - GET to endpoint: users/27721848506/info/ returned response: <Response [200]>
2021-09-01 11:01:24,740 - instabot version: 0.117.0 (api) - DEBUG - GET to endpoint: users/531651329/info/ returned response: <Response [200]>
2021-09-01 11:01:25,240 - instabot version: 0.117.0 (api) - DEBUG - GET to endpoint: users/21679568518/info/ returned response: <Response [200]>
2021-09-01 11:01:25,759 - instabot version: 0.117.0 (api) - DEBUG - GET to endpoint: users/7059842170/info/ returned response: <Response [200]>
2021-09-01 11:01:26,384 - instabot version: 0.117.0 (api) - DEBUG - GET to endpoint: users/36992517789/info/ returned response: <Response [200]>
2021-09-01 11:01:26,852 - instabot version: 0.117.0 (api) - DEBUG - GET to endpoint: users/13980546345/info/ returned response: <Response [200]>
2021-09-01 11:01:27,402 - instabot version: 0.117.0 (api) - DEBUG - GET to endpoint: users/1633942950/info/ returned response: <Response [200]>
2021-09-01 11:01:27,896 - instabot version: 0.117.0 (api) - DEBUG - GET to endpoint: users/48425589446/info/ returned response: <Response [200]>
2021-09-01 11:01:28,252 - instabot version: 0.117.0 (api) - DEBUG - GET to endpoint: users/4084964495/info/ returned response: <Response [200]>
2021-09-01 11:01:28,613 - instabot version: 0.117.0 (api) - DEBUG - GET to endpoint: users/49449684319/info/ returned response: <Response [200]>
2021-09-01 11:01:29,177 - instabot version: 0.117.0 (api) - DEBUG - GET to endpoint: users/4167860452/info/ returned response: <Response [200]>
2021-09-01 11:01:29,696 - instabot version: 0.117.0 (api) - DEBUG - GET to endpoint: users/1954452474/info/ returned response: <Response [200]>
2021-09-01 11:01:30,824 - instabot version: 0.117.0 (api) - DEBUG - GET to endpoint: users/1557364529/info/ returned response: <Response [200]>
2021-09-01 11:01:31,330 - instabot version: 0.117.0 (api) - DEBUG - GET to endpoint: users/3066812134/info/ returned response: <Response [200]>
2021-09-01 11:01:31,880 - instabot version: 0.117.0 (api) - DEBUG - GET to endpoint: users/16508341784/info/ returned response: <Response [200]>
2021-09-01 11:01:32,370 - instabot version: 0.117.0 (api) - DEBUG - GET to endpoint: users/2026417371/info/ returned response: <Response [200]>
2021-09-01 11:01:32,835 - instabot version: 0.117.0 (api) - DEBUG - GET to endpoint: users/5709209627/info/ returned response: <Response [200]>
2021-09-01 11:01:33,297 - instabot version: 0.117.0 (api) - DEBUG - GET to endpoint: users/9360117280/info/ returned response: <Response [200]>
2021-09-01 11:01:33,750 - instabot version: 0.117.0 (api) - DEBUG - GET to endpoint: users/24774287812/info/ returned response: <Response [200]>
2021-09-01 11:01:34,249 - instabot version: 0.117.0 (api) - DEBUG - GET to endpoint: users/4399439605/info/ returned response: <Response [200]>
2021-09-01 11:01:34,750 - instabot version: 0.117.0 (api) - DEBUG - GET to endpoint: users/43802858128/info/ returned response: <Response [200]>
2021-09-01 11:01:35,082 - instabot version: 0.117.0 (api) - DEBUG - GET to endpoint: users/49315352976/info/ returned response: <Response [200]>
2021-09-01 11:01:35,576 - instabot version: 0.117.0 (api) - DEBUG - GET to endpoint: users/48402302742/info/ returned response: <Response [200]>
2021-09-01 11:01:36,099 - instabot version: 0.117.0 (api) - DEBUG - GET to endpoint: users/29882993777/info/ returned response: <Response [200]>
2021-09-01 11:01:36,576 - instabot version: 0.117.0 (api) - DEBUG - GET to endpoint: users/27419196680/info/ returned response: <Response [200]>
2021-09-01 11:01:37,019 - instabot version: 0.117.0 (api) - DEBUG - GET to endpoint: users/2262790383/info/ returned response: <Response [200]>
2021-09-01 11:01:37,458 - instabot version: 0.117.0 (api) - DEBUG - GET to endpoint: users/48983686980/info/ returned response: <Response [200]>
2021-09-01 11:01:37,872 - instabot version: 0.117.0 (api) - DEBUG - GET to endpoint: users/9415433229/info/ returned response: <Response [200]>
2021-09-01 11:01:38,429 - instabot version: 0.117.0 (api) - DEBUG - GET to endpoint: users/1797523883/info/ returned response: <Response [200]>
2021-09-01 11:01:38,945 - instabot version: 0.117.0 (api) - DEBUG - GET to endpoint: users/44136319689/info/ returned response: <Response [200]>
2021-09-01 11:01:39,489 - instabot version: 0.117.0 (api) - DEBUG - GET to endpoint: users/2953563060/info/ returned response: <Response [200]>
2021-09-01 11:01:39,953 - instabot version: 0.117.0 (api) - DEBUG - GET to endpoint: users/4643440095/info/ returned response: <Response [200]>
2021-09-01 11:01:40,482 - instabot version: 0.117.0 (api) - DEBUG - GET to endpoint: users/12759151178/info/ returned response: <Response [200]>
2021-09-01 11:01:40,963 - instabot version: 0.117.0 (api) - DEBUG - GET to endpoint: users/46852270823/info/ returned response: <Response [200]>
2021-09-01 11:01:41,428 - instabot version: 0.117.0 (api) - DEBUG - GET to endpoint: users/9743250686/info/ returned response: <Response [200]>
2021-09-01 11:01:41,764 - instabot version: 0.117.0 (api) - DEBUG - GET to endpoint: users/49461755336/info/ returned response: <Response [200]>
2021-09-01 11:01:42,263 - instabot version: 0.117.0 (api) - DEBUG - GET to endpoint: users/27379657803/info/ returned response: <Response [200]>
2021-09-01 11:01:42,787 - instabot version: 0.117.0 (api) - DEBUG - GET to endpoint: users/1554827668/info/ returned response: <Response [200]>
2021-09-01 11:01:43,291 - instabot version: 0.117.0 (api) - DEBUG - GET to endpoint: users/36286717212/info/ returned response: <Response [200]>
2021-09-01 11:01:43,951 - instabot version: 0.117.0 (api) - DEBUG - GET to endpoint: users/7878072882/info/ returned response: <Response [200]>
2021-09-01 11:01:44,293 - instabot version: 0.117.0 (api) - DEBUG - GET to endpoint: users/31349244923/info/ returned response: <Response [200]>
2021-09-01 11:01:44,740 - instabot version: 0.117.0 (api) - DEBUG - GET to endpoint: users/48308381876/info/ returned response: <Response [200]>
2021-09-01 11:01:45,079 - instabot version: 0.117.0 (api) - DEBUG - GET to endpoint: users/37334438700/info/ returned response: <Response [200]>
2021-09-01 11:01:45,441 - instabot version: 0.117.0 (api) - DEBUG - GET to endpoint: users/49301338704/info/ returned response: <Response [200]>
2021-09-01 11:01:45,803 - instabot version: 0.117.0 (api) - DEBUG - GET to endpoint: users/6553760757/info/ returned response: <Response [200]>
2021-09-01 11:01:46,335 - instabot version: 0.117.0 (api) - DEBUG - GET to endpoint: users/4721720984/info/ returned response: <Response [200]>
2021-09-01 11:01:46,845 - instabot version: 0.117.0 (api) - DEBUG - GET to endpoint: users/39517256688/info/ returned response: <Response [200]>
2021-09-01 11:01:47,343 - instabot version: 0.117.0 (api) - DEBUG - GET to endpoint: users/1447364534/info/ returned response: <Response [200]>
2021-09-01 11:01:47,845 - instabot version: 0.117.0 (api) - DEBUG - GET to endpoint: users/32330380508/info/ returned response: <Response [200]>
2021-09-01 11:01:48,319 - instabot version: 0.117.0 (api) - DEBUG - GET to endpoint: users/36350892912/info/ returned response: <Response [200]>
2021-09-01 11:01:48,677 - instabot version: 0.117.0 (api) - DEBUG - GET to endpoint: users/8122570835/info/ returned response: <Response [200]>
2021-09-01 11:01:49,212 - instabot version: 0.117.0 (api) - DEBUG - GET to endpoint: users/7058800733/info/ returned response: <Response [200]>
2021-09-01 11:01:49,780 - instabot version: 0.117.0 (api) - DEBUG - GET to endpoint: users/8379942561/info/ returned response: <Response [200]>
2021-09-01 11:01:50,226 - instabot version: 0.117.0 (api) - DEBUG - GET to endpoint: users/33176983169/info/ returned response: <Response [200]>
2021-09-01 11:01:54,329 - instabot version: 0.117.0 (api) - DEBUG - GET to endpoint: feed/tag/дизайнер/?max_id=&rank_token=46258652727_d8c038f7-d60d-4ffc-ae20-1b8f9d340f0b&ranked_content=true& returned response: <Response [200]>
2021-09-01 11:01:54,724 - instabot version: 0.117.0 (api) - DEBUG - GET to endpoint: users/6040994557/info/ returned response: <Response [200]>
2021-09-01 11:01:55,260 - instabot version: 0.117.0 (api) - DEBUG - GET to endpoint: users/1461069211/info/ returned response: <Response [200]>
2021-09-01 11:01:55,777 - instabot version: 0.117.0 (api) - DEBUG - GET to endpoint: users/47926862952/info/ returned response: <Response [200]>
2021-09-01 11:01:56,239 - instabot version: 0.117.0 (api) - DEBUG - GET to endpoint: users/29601052444/info/ returned response: <Response [200]>
2021-09-01 11:01:56,856 - instabot version: 0.117.0 (api) - DEBUG - GET to endpoint: users/848556254/info/ returned response: <Response [200]>
2021-09-01 11:01:57,389 - instabot version: 0.117.0 (api) - DEBUG - GET to endpoint: users/7715172969/info/ returned response: <Response [200]>
2021-09-01 11:01:58,012 - instabot version: 0.117.0 (api) - DEBUG - GET to endpoint: users/5454656140/info/ returned response: <Response [200]>
2021-09-01 11:01:58,377 - instabot version: 0.117.0 (api) - DEBUG - GET to endpoint: users/47852696641/info/ returned response: <Response [200]>
2021-09-01 11:01:58,897 - instabot version: 0.117.0 (api) - DEBUG - GET to endpoint: users/2270866834/info/ returned response: <Response [200]>
2021-09-01 11:01:59,413 - instabot version: 0.117.0 (api) - DEBUG - GET to endpoint: users/13556938080/info/ returned response: <Response [200]>
2021-09-01 11:01:59,948 - instabot version: 0.117.0 (api) - DEBUG - GET to endpoint: users/7203047653/info/ returned response: <Response [200]>
2021-09-01 11:02:00,446 - instabot version: 0.117.0 (api) - DEBUG - GET to endpoint: users/49086983660/info/ returned response: <Response [200]>
2021-09-01 11:02:00,956 - instabot version: 0.117.0 (api) - DEBUG - GET to endpoint: users/47864481400/info/ returned response: <Response [200]>
2021-09-01 11:02:01,442 - instabot version: 0.117.0 (api) - DEBUG - GET to endpoint: users/7351930288/info/ returned response: <Response [200]>
2021-09-01 11:02:01,970 - instabot version: 0.117.0 (api) - DEBUG - GET to endpoint: users/7187361447/info/ returned response: <Response [200]>
2021-09-01 11:02:02,566 - instabot version: 0.117.0 (api) - DEBUG - GET to endpoint: users/2110713994/info/ returned response: <Response [200]>
2021-09-01 11:02:03,031 - instabot version: 0.117.0 (api) - DEBUG - GET to endpoint: users/302318704/info/ returned response: <Response [200]>
2021-09-01 11:02:03,589 - instabot version: 0.117.0 (api) - DEBUG - GET to endpoint: users/14045897494/info/ returned response: <Response [200]>
2021-09-01 11:02:04,089 - instabot version: 0.117.0 (api) - DEBUG - GET to endpoint: users/843601677/info/ returned response: <Response [200]>
2021-09-01 11:02:04,440 - instabot version: 0.117.0 (api) - DEBUG - GET to endpoint: users/49266244924/info/ returned response: <Response [200]>
2021-09-01 11:02:04,978 - instabot version: 0.117.0 (api) - DEBUG - GET to endpoint: users/47467571395/info/ returned response: <Response [200]>
2021-09-01 11:02:05,476 - instabot version: 0.117.0 (api) - DEBUG - GET to endpoint: users/4105131695/info/ returned response: <Response [200]>
2021-09-01 11:02:05,972 - instabot version: 0.117.0 (api) - DEBUG - GET to endpoint: users/423584199/info/ returned response: <Response [200]>
2021-09-01 11:02:06,330 - instabot version: 0.117.0 (api) - DEBUG - GET to endpoint: users/45092374200/info/ returned response: <Response [200]>
2021-09-01 11:02:06,844 - instabot version: 0.117.0 (api) - DEBUG - GET to endpoint: users/2090249342/info/ returned response: <Response [200]>
2021-09-01 11:02:07,355 - instabot version: 0.117.0 (api) - DEBUG - GET to endpoint: users/6292688559/info/ returned response: <Response [200]>
2021-09-01 11:02:07,890 - instabot version: 0.117.0 (api) - DEBUG - GET to endpoint: users/7592700/info/ returned response: <Response [200]>
2021-09-01 11:02:08,398 - instabot version: 0.117.0 (api) - DEBUG - GET to endpoint: users/49090258421/info/ returned response: <Response [200]>
2021-09-01 11:02:08,780 - instabot version: 0.117.0 (api) - DEBUG - GET to endpoint: users/1671527567/info/ returned response: <Response [200]>
2021-09-01 11:02:09,304 - instabot version: 0.117.0 (api) - DEBUG - GET to endpoint: users/9446290642/info/ returned response: <Response [200]>
2021-09-01 11:02:09,941 - instabot version: 0.117.0 (api) - DEBUG - GET to endpoint: users/2819989869/info/ returned response: <Response [200]>
2021-09-01 11:02:10,341 - instabot version: 0.117.0 (api) - DEBUG - GET to endpoint: users/48832123054/info/ returned response: <Response [200]>
2021-09-01 11:02:10,841 - instabot version: 0.117.0 (api) - DEBUG - GET to endpoint: users/48256454584/info/ returned response: <Response [200]>
2021-09-01 11:02:11,336 - instabot version: 0.117.0 (api) - DEBUG - GET to endpoint: users/366075156/info/ returned response: <Response [200]>
2021-09-01 11:02:11,830 - instabot version: 0.117.0 (api) - DEBUG - GET to endpoint: users/7180347342/info/ returned response: <Response [200]>
2021-09-01 11:02:12,308 - instabot version: 0.117.0 (api) - DEBUG - GET to endpoint: users/9386032731/info/ returned response: <Response [200]>
2021-09-01 11:02:12,766 - instabot version: 0.117.0 (api) - DEBUG - GET to endpoint: users/5835090134/info/ returned response: <Response [200]>
2021-09-01 11:02:13,293 - instabot version: 0.117.0 (api) - DEBUG - GET to endpoint: users/27731474862/info/ returned response: <Response [200]>
2021-09-01 11:02:13,718 - instabot version: 0.117.0 (api) - DEBUG - GET to endpoint: users/6272667982/info/ returned response: <Response [200]>
2021-09-01 11:02:14,215 - instabot version: 0.117.0 (api) - DEBUG - GET to endpoint: users/25108125116/info/ returned response: <Response [200]>
2021-09-01 11:02:14,685 - instabot version: 0.117.0 (api) - DEBUG - GET to endpoint: users/8739320382/info/ returned response: <Response [200]>
2021-09-01 11:02:15,178 - instabot version: 0.117.0 (api) - DEBUG - GET to endpoint: users/1118718817/info/ returned response: <Response [200]>
2021-09-01 11:02:15,676 - instabot version: 0.117.0 (api) - DEBUG - GET to endpoint: users/3158372755/info/ returned response: <Response [200]>
2021-09-01 11:02:16,197 - instabot version: 0.117.0 (api) - DEBUG - GET to endpoint: users/3983079202/info/ returned response: <Response [200]>
2021-09-01 11:02:16,728 - instabot version: 0.117.0 (api) - DEBUG - GET to endpoint: users/2200435135/info/ returned response: <Response [200]>
2021-09-01 11:02:17,232 - instabot version: 0.117.0 (api) - DEBUG - GET to endpoint: users/2073604701/info/ returned response: <Response [200]>
2021-09-01 11:02:17,775 - instabot version: 0.117.0 (api) - DEBUG - GET to endpoint: users/1512483138/info/ returned response: <Response [200]>
2021-09-01 11:02:18,259 - instabot version: 0.117.0 (api) - DEBUG - GET to endpoint: users/2278828051/info/ returned response: <Response [200]>
2021-09-01 11:02:18,620 - instabot version: 0.117.0 (api) - DEBUG - GET to endpoint: users/25018763291/info/ returned response: <Response [200]>
2021-09-01 11:02:19,078 - instabot version: 0.117.0 (api) - DEBUG - GET to endpoint: users/13112298149/info/ returned response: <Response [200]>
2021-09-01 11:02:19,743 - instabot version: 0.117.0 (api) - DEBUG - GET to endpoint: users/45482019713/info/ returned response: <Response [200]>
2021-09-01 11:02:20,249 - instabot version: 0.117.0 (api) - DEBUG - GET to endpoint: users/40364442688/info/ returned response: <Response [200]>
2021-09-01 11:02:20,724 - instabot version: 0.117.0 (api) - DEBUG - GET to endpoint: users/35822175478/info/ returned response: <Response [200]>
2021-09-01 11:02:21,265 - instabot version: 0.117.0 (api) - DEBUG - GET to endpoint: users/3165636127/info/ returned response: <Response [200]>
2021-09-01 11:02:21,794 - instabot version: 0.117.0 (api) - DEBUG - GET to endpoint: users/3090628112/info/ returned response: <Response [200]>
2021-09-01 11:02:22,299 - instabot version: 0.117.0 (api) - DEBUG - GET to endpoint: users/8335753681/info/ returned response: <Response [200]>
2021-09-01 11:02:22,744 - instabot version: 0.117.0 (api) - DEBUG - GET to endpoint: users/16968906493/info/ returned response: <Response [200]>
2021-09-01 11:02:23,383 - instabot version: 0.117.0 (api) - DEBUG - GET to endpoint: users/658642294/info/ returned response: <Response [200]>
2021-09-01 11:02:28,469 - instabot version: 0.117.0 (api) - DEBUG - GET to endpoint: feed/tag/интерьер/?max_id=&rank_token=46258652727_d8c038f7-d60d-4ffc-ae20-1b8f9d340f0b&ranked_content=true& returned response: <Response [200]>
2021-09-01 11:02:28,968 - instabot version: 0.117.0 (api) - DEBUG - GET to endpoint: users/10512004253/info/ returned response: <Response [200]>
2021-09-01 11:02:29,453 - instabot version: 0.117.0 (api) - DEBUG - GET to endpoint: users/2771111022/info/ returned response: <Response [200]>
2021-09-01 11:02:29,830 - instabot version: 0.117.0 (api) - DEBUG - GET to endpoint: users/1514512929/info/ returned response: <Response [200]>
2021-09-01 11:02:30,333 - instabot version: 0.117.0 (api) - DEBUG - GET to endpoint: users/1025311762/info/ returned response: <Response [200]>
2021-09-01 11:02:30,818 - instabot version: 0.117.0 (api) - DEBUG - GET to endpoint: users/48996491441/info/ returned response: <Response [200]>
2021-09-01 11:02:31,341 - instabot version: 0.117.0 (api) - DEBUG - GET to endpoint: users/30143941166/info/ returned response: <Response [200]>
2021-09-01 11:02:31,978 - instabot version: 0.117.0 (api) - DEBUG - GET to endpoint: users/1353925126/info/ returned response: <Response [200]>
2021-09-01 11:02:32,573 - instabot version: 0.117.0 (api) - DEBUG - GET to endpoint: users/34385221467/info/ returned response: <Response [200]>
2021-09-01 11:02:33,094 - instabot version: 0.117.0 (api) - DEBUG - GET to endpoint: users/29551660211/info/ returned response: <Response [200]>
2021-09-01 11:02:33,561 - instabot version: 0.117.0 (api) - DEBUG - GET to endpoint: users/8037429011/info/ returned response: <Response [200]>
2021-09-01 11:02:34,135 - instabot version: 0.117.0 (api) - DEBUG - GET to endpoint: users/3885618349/info/ returned response: <Response [200]>
2021-09-01 11:02:34,648 - instabot version: 0.117.0 (api) - DEBUG - GET to endpoint: users/218997844/info/ returned response: <Response [200]>
2021-09-01 11:02:34,968 - instabot version: 0.117.0 (api) - DEBUG - GET to endpoint: users/13476610984/info/ returned response: <Response [200]>
2021-09-01 11:02:35,342 - instabot version: 0.117.0 (api) - DEBUG - GET to endpoint: users/49156540177/info/ returned response: <Response [200]>
2021-09-01 11:02:35,671 - instabot version: 0.117.0 (api) - DEBUG - GET to endpoint: users/6125989441/info/ returned response: <Response [200]>
2021-09-01 11:02:36,031 - instabot version: 0.117.0 (api) - DEBUG - GET to endpoint: users/5707553443/info/ returned response: <Response [200]>
2021-09-01 11:02:36,345 - instabot version: 0.117.0 (api) - DEBUG - GET to endpoint: users/48865805743/info/ returned response: <Response [200]>
2021-09-01 11:02:36,843 - instabot version: 0.117.0 (api) - DEBUG - GET to endpoint: users/1490348425/info/ returned response: <Response [200]>
2021-09-01 11:02:37,372 - instabot version: 0.117.0 (api) - DEBUG - GET to endpoint: users/4885633431/info/ returned response: <Response [200]>
2021-09-01 11:02:37,837 - instabot version: 0.117.0 (api) - DEBUG - GET to endpoint: users/43056935392/info/ returned response: <Response [200]>
2021-09-01 11:02:38,340 - instabot version: 0.117.0 (api) - DEBUG - GET to endpoint: users/48907820713/info/ returned response: <Response [200]>
2021-09-01 11:02:38,688 - instabot version: 0.117.0 (api) - DEBUG - GET to endpoint: users/49472129748/info/ returned response: <Response [200]>
2021-09-01 11:02:39,035 - instabot version: 0.117.0 (api) - DEBUG - GET to endpoint: users/44355209174/info/ returned response: <Response [200]>
2021-09-01 11:02:39,627 - instabot version: 0.117.0 (api) - DEBUG - GET to endpoint: users/7062656119/info/ returned response: <Response [200]>
2021-09-01 11:02:39,939 - instabot version: 0.117.0 (api) - DEBUG - GET to endpoint: users/49461715294/info/ returned response: <Response [200]>
2021-09-01 11:02:40,418 - instabot version: 0.117.0 (api) - DEBUG - GET to endpoint: users/5946198059/info/ returned response: <Response [200]>
2021-09-01 11:02:40,950 - instabot version: 0.117.0 (api) - DEBUG - GET to endpoint: users/23140279865/info/ returned response: <Response [200]>
2021-09-01 11:02:41,463 - instabot version: 0.117.0 (api) - DEBUG - GET to endpoint: users/22114823610/info/ returned response: <Response [200]>
2021-09-01 11:02:41,912 - instabot version: 0.117.0 (api) - DEBUG - GET to endpoint: users/37440927642/info/ returned response: <Response [200]>
2021-09-01 11:02:42,244 - instabot version: 0.117.0 (api) - DEBUG - GET to endpoint: users/49473993420/info/ returned response: <Response [200]>
2021-09-01 11:02:42,700 - instabot version: 0.117.0 (api) - DEBUG - GET to endpoint: users/1514687582/info/ returned response: <Response [200]>
2021-09-01 11:02:43,052 - instabot version: 0.117.0 (api) - DEBUG - GET to endpoint: users/49312049342/info/ returned response: <Response [200]>
2021-09-01 11:02:43,550 - instabot version: 0.117.0 (api) - DEBUG - GET to endpoint: users/11162938923/info/ returned response: <Response [200]>
2021-09-01 11:02:44,034 - instabot version: 0.117.0 (api) - DEBUG - GET to endpoint: users/48799965158/info/ returned response: <Response [200]>
2021-09-01 11:02:44,483 - instabot version: 0.117.0 (api) - DEBUG - GET to endpoint: users/34915723637/info/ returned response: <Response [200]>
2021-09-01 11:02:44,819 - instabot version: 0.117.0 (api) - DEBUG - GET to endpoint: users/7364899328/info/ returned response: <Response [200]>
2021-09-01 11:02:45,155 - instabot version: 0.117.0 (api) - DEBUG - GET to endpoint: users/49464898721/info/ returned response: <Response [200]>
2021-09-01 11:02:45,762 - instabot version: 0.117.0 (api) - DEBUG - GET to endpoint: users/8136007827/info/ returned response: <Response [200]>
2021-09-01 11:02:46,253 - instabot version: 0.117.0 (api) - DEBUG - GET to endpoint: users/1166907836/info/ returned response: <Response [200]>
2021-09-01 11:02:46,757 - instabot version: 0.117.0 (api) - DEBUG - GET to endpoint: users/14833863110/info/ returned response: <Response [200]>
2021-09-01 11:02:47,250 - instabot version: 0.117.0 (api) - DEBUG - GET to endpoint: users/44895522139/info/ returned response: <Response [200]>
2021-09-01 11:02:47,633 - instabot version: 0.117.0 (api) - DEBUG - GET to endpoint: users/1943922280/info/ returned response: <Response [200]>
2021-09-01 11:02:48,084 - instabot version: 0.117.0 (api) - DEBUG - GET to endpoint: users/49172226157/info/ returned response: <Response [200]>
2021-09-01 11:02:48,527 - instabot version: 0.117.0 (api) - DEBUG - GET to endpoint: users/23909258381/info/ returned response: <Response [200]>
2021-09-01 11:02:48,846 - instabot version: 0.117.0 (api) - DEBUG - GET to endpoint: users/49123443129/info/ returned response: <Response [200]>
2021-09-01 11:02:49,725 - instabot version: 0.117.0 (api) - DEBUG - GET to endpoint: users/3757135230/info/ returned response: <Response [200]>
2021-09-01 11:02:50,043 - instabot version: 0.117.0 (api) - DEBUG - GET to endpoint: users/6070381526/info/ returned response: <Response [200]>
2021-09-01 11:02:50,554 - instabot version: 0.117.0 (api) - DEBUG - GET to endpoint: users/10223079075/info/ returned response: <Response [200]>
2021-09-01 11:02:51,089 - instabot version: 0.117.0 (api) - DEBUG - GET to endpoint: users/8600488036/info/ returned response: <Response [200]>
2021-09-01 11:02:51,558 - instabot version: 0.117.0 (api) - DEBUG - GET to endpoint: users/8913540212/info/ returned response: <Response [200]>
2021-09-01 11:02:52,039 - instabot version: 0.117.0 (api) - DEBUG - GET to endpoint: users/45495949671/info/ returned response: <Response [200]>
2021-09-01 11:02:52,676 - instabot version: 0.117.0 (api) - DEBUG - GET to endpoint: users/44998744732/info/ returned response: <Response [200]>
2021-09-01 11:02:53,118 - instabot version: 0.117.0 (api) - DEBUG - GET to endpoint: users/3473530390/info/ returned response: <Response [200]>
2021-09-01 11:02:53,614 - instabot version: 0.117.0 (api) - DEBUG - GET to endpoint: users/45447970386/info/ returned response: <Response [200]>
2021-09-01 11:02:54,187 - instabot version: 0.117.0 (api) - DEBUG - GET to endpoint: users/44034123988/info/ returned response: <Response [200]>
2021-09-01 11:02:54,654 - instabot version: 0.117.0 (api) - DEBUG - GET to endpoint: users/46989168661/info/ returned response: <Response [200]>
2021-09-01 11:02:55,123 - instabot version: 0.117.0 (api) - DEBUG - GET to endpoint: users/43478523628/info/ returned response: <Response [200]>
2021-09-01 15:12:33,635 - instabot version: 0.117.0 (bot_checkpoint) - DEBUG - Saving Checkpoint file to: D:\searchdisaner/config/todoctordoom.checkpoint
2021-09-01 15:12:33,685 - instabot version: 0.117.0 (bot) - INFO - Total requests: 2620
