2021-08-18 13:03:44,991 - instabot version: 0.117.0 (bot) - INFO - Instabot version: 0.117.0 Started
2021-08-18 13:03:44,991 - instabot version: 0.117.0 (bot) - DEBUG - Bot imported from D:\searchdisaner\venv\lib\site-packages\instabot\bot\bot.py
2021-08-18 13:03:44,991 - instabot version: 0.117.0 (api_login) - DEBUG - Loading uuids
2021-08-18 13:03:44,992 - instabot version: 0.117.0 (api_login) - INFO - Recovery from D:\searchdisaner/config/todoctordoom_uuid_and_cookie.json: COOKIE False - UUIDs True - TIMING, DEVICE and ...
- user-agent=Instagram 117.0.0.28.123 Android (28/9.0; 420dpi; 1080x1920; OnePlus; ONEPLUS A3003; OnePlus3; qcom; en_US; 180322800)
- phone_id=fececc37-13fb-4ca7-b4c1-842926ac61f0
- uuid=d8c038f7-d60d-4ffc-ae20-1b8f9d340f0b
- client_session_id=74517733-9e97-4ac6-9bd3-6396afa278ed
- device_id=android-638845ae1420b535
2021-08-18 13:03:44,993 - instabot version: 0.117.0 (api_login) - INFO - Not yet logged in starting: PRE-LOGIN FLOW!
2021-08-18 13:03:45,300 - instabot version: 0.117.0 (api) - DEBUG - POST to endpoint: accounts/get_prefill_candidates/ returned response: <Response [200]>
2021-08-18 13:03:45,552 - instabot version: 0.117.0 (api) - DEBUG - POST to endpoint: qe/sync/ returned response: <Response [200]>
2021-08-18 13:03:45,822 - instabot version: 0.117.0 (api) - DEBUG - POST to endpoint: launcher/sync/ returned response: <Response [200]>
2021-08-18 13:03:46,089 - instabot version: 0.117.0 (api) - DEBUG - POST to endpoint: accounts/contact_point_prefill/ returned response: <Response [200]>
2021-08-18 13:03:48,800 - instabot version: 0.117.0 (api) - DEBUG - POST to endpoint: accounts/login/ returned response: <Response [200]>
2021-08-18 13:03:48,800 - instabot version: 0.117.0 (api) - INFO - Logged-in successfully as 'todoctordoom'!
2021-08-18 13:03:48,800 - instabot version: 0.117.0 (api_login) - INFO - LOGIN FLOW! Just logged-in: True
2021-08-18 13:03:49,128 - instabot version: 0.117.0 (api) - DEBUG - POST to endpoint: qe/sync/ returned response: <Response [200]>
2021-08-18 13:03:49,488 - instabot version: 0.117.0 (api) - DEBUG - POST to endpoint: launcher/sync/ returned response: <Response [200]>
2021-08-18 13:03:49,832 - instabot version: 0.117.0 (api) - DEBUG - GET to endpoint: zr/token/result/?device_id=android-638845ae1420b535&token_hash=&custom_device_id=android-638845ae1420b535&fetch_reason=token_expired returned response: <Response [200]>
2021-08-18 13:03:50,141 - instabot version: 0.117.0 (api) - DEBUG - GET to endpoint: multiple_accounts/get_account_family/ returned response: <Response [200]>
2021-08-18 13:03:50,455 - instabot version: 0.117.0 (api) - DEBUG - POST to endpoint: qe/sync/ returned response: <Response [200]>
2021-08-18 13:03:51,256 - instabot version: 0.117.0 (api) - DEBUG - GET to endpoint: igtv/browse_feed/?prefetch=1 returned response: <Response [200]>
2021-08-18 13:03:51,588 - instabot version: 0.117.0 (api) - DEBUG - POST to endpoint: creatives/ar_class/ returned response: <Response [200]>
2021-08-18 13:03:52,063 - instabot version: 0.117.0 (api) - DEBUG - POST to endpoint: feed/reels_tray/ returned response: <Response [200]>
2021-08-18 13:03:53,392 - instabot version: 0.117.0 (api) - DEBUG - POST to endpoint: feed/timeline/ returned response: <Response [200]>
2021-08-18 13:03:53,749 - instabot version: 0.117.0 (api) - DEBUG - GET to endpoint: media/blocked/ returned response: <Response [200]>
2021-08-18 13:03:54,633 - instabot version: 0.117.0 (api) - DEBUG - GET to endpoint: news/inbox/ returned response: <Response [200]>
2021-08-18 13:03:54,989 - instabot version: 0.117.0 (api) - DEBUG - GET to endpoint: loom/fetch_config/ returned response: <Response [200]>
2021-08-18 13:03:55,682 - instabot version: 0.117.0 (api) - DEBUG - GET to endpoint: scores/bootstrap/users/?surfaces=["autocomplete_user_list","coefficient_besties_list_ranking","coefficient_rank_recipient_user_suggestion","coefficient_ios_section_test_bootstrap_ranking","coefficient_direct_recipients_ranking_variant_2"] returned response: <Response [200]>
2021-08-18 13:03:56,035 - instabot version: 0.117.0 (api) - DEBUG - GET to endpoint: business/eligibility/get_monetization_products_eligibility_data/?product_types=branded_content returned response: <Response [200]>
2021-08-18 13:03:56,371 - instabot version: 0.117.0 (api) - DEBUG - GET to endpoint: business/branded_content/should_require_professional_account/ returned response: <Response [200]>
2021-08-18 13:03:57,594 - instabot version: 0.117.0 (api) - DEBUG - GET to endpoint: linked_accounts/get_linkage_status/ returned response: <Response [200]>
2021-08-18 13:03:57,924 - instabot version: 0.117.0 (api) - DEBUG - GET to endpoint: locations/request_country/ returned response: <Response [200]>
2021-08-18 13:03:58,268 - instabot version: 0.117.0 (api) - DEBUG - GET to endpoint: qp/get_cooldowns/?signed_body=signed_body=4b9c516a5410a3bc128e09c6104a7f042146b9c2023870560c63a43a7f66781c.4&ig_sig_key_version=4&ig_sig_key_version=4 returned response: <Response [200]>
2021-08-18 13:03:58,611 - instabot version: 0.117.0 (api) - DEBUG - GET to endpoint: users/arlink_download_info/?version_override=2.2.1 returned response: <Response [200]>
2021-08-18 13:03:59,722 - instabot version: 0.117.0 (api) - DEBUG - GET to endpoint: users/46258652727/info/ returned response: <Response [200]>
2021-08-18 13:04:00,077 - instabot version: 0.117.0 (api) - DEBUG - GET to endpoint: direct_v2/get_presence/ returned response: <Response [200]>
2021-08-18 13:04:00,482 - instabot version: 0.117.0 (api) - DEBUG - GET to endpoint: direct_v2/inbox/?visual_message_return_type=unseen&thread_message_limit=10&persistentBadging=true&limit=20 returned response: <Response [200]>
2021-08-18 13:04:00,846 - instabot version: 0.117.0 (api) - DEBUG - GET to endpoint: direct_v2/inbox/?visual_message_return_type=unseen&persistentBadging=true&limit=0 returned response: <Response [200]>
2021-08-18 13:04:01,284 - instabot version: 0.117.0 (api) - DEBUG - GET to endpoint: discover/topical_explore/?is_prefetch=true&omit_cover_media=true&use_sectional_payload=true&timezone_offset=0&session_id=74517733-9e97-4ac6-9bd3-6396afa278ed&include_fixed_destinations=true returned response: <Response [200]>
2021-08-18 13:04:01,614 - instabot version: 0.117.0 (api) - DEBUG - POST to endpoint: notifications/badge/ returned response: <Response [200]>
2021-08-18 13:04:02,334 - instabot version: 0.117.0 (api) - DEBUG - POST to endpoint: qp/batch_fetch/ returned response: <Response [200]>
2021-08-18 13:04:02,336 - instabot version: 0.117.0 (bot_checkpoint) - DEBUG - Loading Checkpoint file from: D:\searchdisaner/config/todoctordoom.checkpoint
2021-08-18 13:04:08,597 - instabot version: 0.117.0 (api) - DEBUG - GET to endpoint: feed/tag/дизайн/?max_id=&rank_token=46258652727_d8c038f7-d60d-4ffc-ae20-1b8f9d340f0b&ranked_content=true& returned response: <Response [200]>
2021-08-18 13:04:09,331 - instabot version: 0.117.0 (api) - DEBUG - GET to endpoint: users/48831679743/info/ returned response: <Response [200]>
2021-08-18 13:04:10,144 - instabot version: 0.117.0 (api) - DEBUG - GET to endpoint: users/8019415159/info/ returned response: <Response [200]>
2021-08-18 13:04:10,894 - instabot version: 0.117.0 (api) - DEBUG - GET to endpoint: users/7560491343/info/ returned response: <Response [200]>
2021-08-18 13:04:11,834 - instabot version: 0.117.0 (api) - DEBUG - GET to endpoint: users/7768445172/info/ returned response: <Response [200]>
2021-08-18 13:04:13,071 - instabot version: 0.117.0 (api) - DEBUG - GET to endpoint: users/6034007591/info/ returned response: <Response [200]>
2021-08-18 13:04:13,868 - instabot version: 0.117.0 (api) - DEBUG - GET to endpoint: users/8229250032/info/ returned response: <Response [200]>
2021-08-18 13:04:14,600 - instabot version: 0.117.0 (api) - DEBUG - GET to endpoint: users/35552182077/info/ returned response: <Response [200]>
2021-08-18 13:04:15,733 - instabot version: 0.117.0 (api) - DEBUG - GET to endpoint: users/9846925680/info/ returned response: <Response [200]>
2021-08-18 13:04:16,329 - instabot version: 0.117.0 (api) - DEBUG - GET to endpoint: users/48821436793/info/ returned response: <Response [200]>
2021-08-18 13:04:17,357 - instabot version: 0.117.0 (api) - DEBUG - GET to endpoint: users/10256122989/info/ returned response: <Response [200]>
2021-08-18 13:04:17,886 - instabot version: 0.117.0 (api) - DEBUG - GET to endpoint: users/49065291138/info/ returned response: <Response [200]>
2021-08-18 13:04:18,402 - instabot version: 0.117.0 (api) - DEBUG - GET to endpoint: users/48791724407/info/ returned response: <Response [200]>
2021-08-18 13:04:19,533 - instabot version: 0.117.0 (api) - DEBUG - GET to endpoint: users/4581893767/info/ returned response: <Response [200]>
2021-08-18 13:04:21,652 - instabot version: 0.117.0 (api) - DEBUG - GET to endpoint: users/28870880759/info/ returned response: <Response [200]>
2021-08-18 13:04:22,240 - instabot version: 0.117.0 (api) - DEBUG - GET to endpoint: users/8238520835/info/ returned response: <Response [200]>
2021-08-18 13:04:22,673 - instabot version: 0.117.0 (api) - DEBUG - GET to endpoint: users/49211582052/info/ returned response: <Response [200]>
2021-08-18 13:04:23,394 - instabot version: 0.117.0 (api) - DEBUG - GET to endpoint: users/48526946783/info/ returned response: <Response [200]>
2021-08-18 13:04:23,971 - instabot version: 0.117.0 (api) - DEBUG - GET to endpoint: users/45458361725/info/ returned response: <Response [200]>
2021-08-18 13:04:24,880 - instabot version: 0.117.0 (api) - DEBUG - GET to endpoint: users/11774156903/info/ returned response: <Response [200]>
2021-08-18 13:04:25,558 - instabot version: 0.117.0 (api) - DEBUG - GET to endpoint: users/6436625936/info/ returned response: <Response [200]>
2021-08-18 13:04:26,566 - instabot version: 0.117.0 (api) - DEBUG - GET to endpoint: users/28609260044/info/ returned response: <Response [200]>
2021-08-18 13:04:27,492 - instabot version: 0.117.0 (api) - DEBUG - GET to endpoint: users/6258380038/info/ returned response: <Response [200]>
2021-08-18 13:04:28,290 - instabot version: 0.117.0 (api) - DEBUG - GET to endpoint: users/1473649750/info/ returned response: <Response [200]>
2021-08-18 13:04:28,740 - instabot version: 0.117.0 (api) - DEBUG - GET to endpoint: users/3453713758/info/ returned response: <Response [200]>
2021-08-18 13:04:29,714 - instabot version: 0.117.0 (api) - DEBUG - GET to endpoint: users/48097087145/info/ returned response: <Response [200]>
2021-08-18 13:04:30,850 - instabot version: 0.117.0 (api) - DEBUG - GET to endpoint: users/5453096251/info/ returned response: <Response [200]>
2021-08-18 13:04:31,980 - instabot version: 0.117.0 (api) - DEBUG - GET to endpoint: users/4235191673/info/ returned response: <Response [200]>
2021-08-18 13:04:32,711 - instabot version: 0.117.0 (api) - DEBUG - GET to endpoint: users/2970739124/info/ returned response: <Response [200]>
2021-08-18 13:04:33,642 - instabot version: 0.117.0 (api) - DEBUG - GET to endpoint: users/4354636334/info/ returned response: <Response [200]>
2021-08-18 13:04:34,708 - instabot version: 0.117.0 (api) - DEBUG - GET to endpoint: users/1728149011/info/ returned response: <Response [200]>
2021-08-18 13:04:35,716 - instabot version: 0.117.0 (api) - DEBUG - GET to endpoint: users/26706791091/info/ returned response: <Response [200]>
2021-08-18 13:04:36,259 - instabot version: 0.117.0 (api) - DEBUG - GET to endpoint: users/46705782389/info/ returned response: <Response [200]>
2021-08-18 13:04:36,807 - instabot version: 0.117.0 (api) - DEBUG - GET to endpoint: users/47382100482/info/ returned response: <Response [200]>
2021-08-18 13:04:37,450 - instabot version: 0.117.0 (api) - DEBUG - GET to endpoint: users/43822737154/info/ returned response: <Response [200]>
2021-08-18 13:04:38,204 - instabot version: 0.117.0 (api) - DEBUG - GET to endpoint: users/8303205166/info/ returned response: <Response [200]>
2021-08-18 13:04:38,648 - instabot version: 0.117.0 (api) - DEBUG - GET to endpoint: users/1277877791/info/ returned response: <Response [200]>
2021-08-18 13:04:39,589 - instabot version: 0.117.0 (api) - DEBUG - GET to endpoint: users/23227794568/info/ returned response: <Response [200]>
2021-08-18 13:04:40,177 - instabot version: 0.117.0 (api) - DEBUG - GET to endpoint: users/48997262329/info/ returned response: <Response [200]>
2021-08-18 13:04:41,165 - instabot version: 0.117.0 (api) - DEBUG - GET to endpoint: users/28936094541/info/ returned response: <Response [200]>
2021-08-18 13:04:41,963 - instabot version: 0.117.0 (api) - DEBUG - GET to endpoint: users/5914654349/info/ returned response: <Response [200]>
2021-08-18 13:04:42,981 - instabot version: 0.117.0 (api) - DEBUG - GET to endpoint: users/44677829178/info/ returned response: <Response [200]>
2021-08-18 13:04:43,940 - instabot version: 0.117.0 (api) - DEBUG - GET to endpoint: users/48186805312/info/ returned response: <Response [200]>
2021-08-18 13:04:44,610 - instabot version: 0.117.0 (api) - DEBUG - GET to endpoint: users/33173041803/info/ returned response: <Response [200]>
2021-08-18 13:04:45,136 - instabot version: 0.117.0 (api) - DEBUG - GET to endpoint: users/6001165541/info/ returned response: <Response [200]>
2021-08-18 13:04:45,866 - instabot version: 0.117.0 (api) - DEBUG - GET to endpoint: users/5505537850/info/ returned response: <Response [200]>
2021-08-18 13:04:46,433 - instabot version: 0.117.0 (api) - DEBUG - GET to endpoint: users/48983686980/info/ returned response: <Response [200]>
2021-08-18 13:04:47,360 - instabot version: 0.117.0 (api) - DEBUG - GET to endpoint: users/6991951875/info/ returned response: <Response [200]>
2021-08-18 13:04:48,301 - instabot version: 0.117.0 (api) - DEBUG - GET to endpoint: users/4194105823/info/ returned response: <Response [200]>
2021-08-18 13:04:49,173 - instabot version: 0.117.0 (api) - DEBUG - GET to endpoint: users/3967602491/info/ returned response: <Response [200]>
2021-08-18 13:04:50,413 - instabot version: 0.117.0 (api) - DEBUG - GET to endpoint: users/8181842146/info/ returned response: <Response [200]>
2021-08-18 13:04:51,776 - instabot version: 0.117.0 (api) - DEBUG - GET to endpoint: users/25526027355/info/ returned response: <Response [200]>
2021-08-18 13:04:52,556 - instabot version: 0.117.0 (api) - DEBUG - GET to endpoint: users/40479675180/info/ returned response: <Response [200]>
2021-08-18 13:04:53,202 - instabot version: 0.117.0 (api) - DEBUG - GET to endpoint: users/33013587774/info/ returned response: <Response [200]>
2021-08-18 13:04:54,080 - instabot version: 0.117.0 (api) - DEBUG - GET to endpoint: users/15041458285/info/ returned response: <Response [200]>
2021-08-18 13:04:54,881 - instabot version: 0.117.0 (api) - DEBUG - GET to endpoint: users/6720505685/info/ returned response: <Response [200]>
2021-08-18 13:04:55,364 - instabot version: 0.117.0 (api) - DEBUG - GET to endpoint: users/22133495131/info/ returned response: <Response [200]>
2021-08-18 13:04:56,213 - instabot version: 0.117.0 (api) - DEBUG - GET to endpoint: users/4468913224/info/ returned response: <Response [200]>
2021-08-18 13:04:57,098 - instabot version: 0.117.0 (api) - DEBUG - GET to endpoint: users/39463088456/info/ returned response: <Response [200]>
2021-08-18 13:04:57,761 - instabot version: 0.117.0 (api) - DEBUG - GET to endpoint: users/48337628451/info/ returned response: <Response [200]>
2021-08-18 13:04:58,321 - instabot version: 0.117.0 (api) - DEBUG - GET to endpoint: users/33222753598/info/ returned response: <Response [200]>
2021-08-18 13:04:58,962 - instabot version: 0.117.0 (api) - DEBUG - GET to endpoint: users/44184012382/info/ returned response: <Response [200]>
2021-08-18 13:04:59,813 - instabot version: 0.117.0 (api) - DEBUG - GET to endpoint: users/3919272743/info/ returned response: <Response [200]>
2021-08-18 13:05:00,870 - instabot version: 0.117.0 (api) - DEBUG - GET to endpoint: users/177807656/info/ returned response: <Response [200]>
2021-08-18 13:05:01,385 - instabot version: 0.117.0 (api) - DEBUG - GET to endpoint: users/45326410292/info/ returned response: <Response [200]>
2021-08-18 13:05:02,669 - instabot version: 0.117.0 (api) - DEBUG - GET to endpoint: users/44454306617/info/ returned response: <Response [200]>
2021-08-18 13:05:08,158 - instabot version: 0.117.0 (api) - DEBUG - GET to endpoint: feed/tag/дизайнер/?max_id=&rank_token=46258652727_d8c038f7-d60d-4ffc-ae20-1b8f9d340f0b&ranked_content=true& returned response: <Response [200]>
2021-08-18 13:05:08,849 - instabot version: 0.117.0 (api) - DEBUG - GET to endpoint: users/11073649054/info/ returned response: <Response [200]>
2021-08-18 13:05:09,573 - instabot version: 0.117.0 (api) - DEBUG - GET to endpoint: users/8938804877/info/ returned response: <Response [200]>
2021-08-18 13:05:10,305 - instabot version: 0.117.0 (api) - DEBUG - GET to endpoint: users/47492396240/info/ returned response: <Response [200]>
2021-08-18 13:05:12,043 - instabot version: 0.117.0 (api) - DEBUG - GET to endpoint: users/45724068925/info/ returned response: <Response [200]>
2021-08-18 13:05:12,806 - instabot version: 0.117.0 (api) - DEBUG - GET to endpoint: users/29440723821/info/ returned response: <Response [200]>
2021-08-18 13:05:13,724 - instabot version: 0.117.0 (api) - DEBUG - GET to endpoint: users/8466819518/info/ returned response: <Response [200]>
2021-08-18 13:05:14,347 - instabot version: 0.117.0 (api) - DEBUG - GET to endpoint: users/504079039/info/ returned response: <Response [200]>
2021-08-18 13:05:15,273 - instabot version: 0.117.0 (api) - DEBUG - GET to endpoint: users/31572447731/info/ returned response: <Response [200]>
2021-08-18 13:05:15,791 - instabot version: 0.117.0 (api) - DEBUG - GET to endpoint: users/11697054554/info/ returned response: <Response [200]>
2021-08-18 13:05:16,532 - instabot version: 0.117.0 (api) - DEBUG - GET to endpoint: users/1604678947/info/ returned response: <Response [200]>
2021-08-18 13:05:17,388 - instabot version: 0.117.0 (api) - DEBUG - GET to endpoint: users/37330047014/info/ returned response: <Response [200]>
2021-08-18 13:05:17,983 - instabot version: 0.117.0 (api) - DEBUG - GET to endpoint: users/5564331228/info/ returned response: <Response [200]>
2021-08-18 13:05:18,799 - instabot version: 0.117.0 (api) - DEBUG - GET to endpoint: users/17661103854/info/ returned response: <Response [200]>
2021-08-18 13:05:20,574 - instabot version: 0.117.0 (api) - DEBUG - GET to endpoint: users/7817406645/info/ returned response: <Response [200]>
2021-08-18 13:05:21,146 - instabot version: 0.117.0 (api) - DEBUG - GET to endpoint: users/421175476/info/ returned response: <Response [200]>
2021-08-18 13:05:22,181 - instabot version: 0.117.0 (api) - DEBUG - GET to endpoint: users/1715263549/info/ returned response: <Response [200]>
2021-08-18 13:05:23,496 - instabot version: 0.117.0 (api) - DEBUG - GET to endpoint: users/35839618370/info/ returned response: <Response [200]>
2021-08-18 13:05:24,338 - instabot version: 0.117.0 (api) - DEBUG - GET to endpoint: users/38339582144/info/ returned response: <Response [200]>
2021-08-18 13:05:25,086 - instabot version: 0.117.0 (api) - DEBUG - GET to endpoint: users/48922265216/info/ returned response: <Response [200]>
2021-08-18 13:05:25,771 - instabot version: 0.117.0 (api) - DEBUG - GET to endpoint: users/8424296384/info/ returned response: <Response [200]>
2021-08-18 13:05:26,410 - instabot version: 0.117.0 (api) - DEBUG - GET to endpoint: users/367374123/info/ returned response: <Response [200]>
2021-08-18 13:05:26,843 - instabot version: 0.117.0 (api) - DEBUG - GET to endpoint: users/11362869129/info/ returned response: <Response [200]>
2021-08-18 13:05:27,663 - instabot version: 0.117.0 (api) - DEBUG - GET to endpoint: users/3110809498/info/ returned response: <Response [200]>
2021-08-18 13:05:28,421 - instabot version: 0.117.0 (api) - DEBUG - GET to endpoint: users/48670312132/info/ returned response: <Response [200]>
2021-08-18 13:05:28,946 - instabot version: 0.117.0 (api) - DEBUG - GET to endpoint: users/46180716659/info/ returned response: <Response [200]>
2021-08-18 13:05:29,550 - instabot version: 0.117.0 (api) - DEBUG - GET to endpoint: users/36562789800/info/ returned response: <Response [200]>
2021-08-18 13:05:30,240 - instabot version: 0.117.0 (api) - DEBUG - GET to endpoint: users/2905805343/info/ returned response: <Response [200]>
2021-08-18 13:05:31,010 - instabot version: 0.117.0 (api) - DEBUG - GET to endpoint: users/3005767733/info/ returned response: <Response [200]>
2021-08-18 13:05:31,706 - instabot version: 0.117.0 (api) - DEBUG - GET to endpoint: users/2247352276/info/ returned response: <Response [200]>
2021-08-18 13:05:32,994 - instabot version: 0.117.0 (api) - DEBUG - GET to endpoint: users/3279710849/info/ returned response: <Response [200]>
2021-08-18 13:05:33,750 - instabot version: 0.117.0 (api) - DEBUG - GET to endpoint: users/4932214973/info/ returned response: <Response [200]>
2021-08-18 13:05:34,254 - instabot version: 0.117.0 (api) - DEBUG - GET to endpoint: users/3512325369/info/ returned response: <Response [200]>
2021-08-18 13:05:34,916 - instabot version: 0.117.0 (api) - DEBUG - GET to endpoint: users/4171086862/info/ returned response: <Response [200]>
2021-08-18 13:05:35,622 - instabot version: 0.117.0 (api) - DEBUG - GET to endpoint: users/4808506493/info/ returned response: <Response [200]>
2021-08-18 13:05:36,261 - instabot version: 0.117.0 (api) - DEBUG - GET to endpoint: users/3763163555/info/ returned response: <Response [200]>
2021-08-18 13:05:37,716 - instabot version: 0.117.0 (api) - DEBUG - GET to endpoint: users/1486696127/info/ returned response: <Response [200]>
2021-08-18 13:05:38,331 - instabot version: 0.117.0 (api) - DEBUG - GET to endpoint: users/10358619491/info/ returned response: <Response [200]>
2021-08-18 13:05:39,663 - instabot version: 0.117.0 (api) - DEBUG - GET to endpoint: users/47471422802/info/ returned response: <Response [200]>
2021-08-18 13:05:40,276 - instabot version: 0.117.0 (api) - DEBUG - GET to endpoint: users/3239722857/info/ returned response: <Response [200]>
2021-08-18 13:05:40,931 - instabot version: 0.117.0 (api) - DEBUG - GET to endpoint: users/3923744509/info/ returned response: <Response [200]>
2021-08-18 13:05:41,780 - instabot version: 0.117.0 (api) - DEBUG - GET to endpoint: users/2872128335/info/ returned response: <Response [200]>
2021-08-18 13:05:42,532 - instabot version: 0.117.0 (api) - DEBUG - GET to endpoint: users/365448124/info/ returned response: <Response [200]>
2021-08-18 13:05:43,096 - instabot version: 0.117.0 (api) - DEBUG - GET to endpoint: users/1566236550/info/ returned response: <Response [200]>
2021-08-18 13:05:43,764 - instabot version: 0.117.0 (api) - DEBUG - GET to endpoint: users/10859727725/info/ returned response: <Response [200]>
2021-08-18 13:05:44,423 - instabot version: 0.117.0 (api) - DEBUG - GET to endpoint: users/4051687140/info/ returned response: <Response [200]>
2021-08-18 13:05:45,112 - instabot version: 0.117.0 (api) - DEBUG - GET to endpoint: users/6020718365/info/ returned response: <Response [200]>
2021-08-18 13:05:45,940 - instabot version: 0.117.0 (api) - DEBUG - GET to endpoint: users/3947684727/info/ returned response: <Response [200]>
2021-08-18 13:05:46,535 - instabot version: 0.117.0 (api) - DEBUG - GET to endpoint: users/41361221972/info/ returned response: <Response [200]>
2021-08-18 13:05:47,151 - instabot version: 0.117.0 (api) - DEBUG - GET to endpoint: users/44008125797/info/ returned response: <Response [200]>
2021-08-18 13:05:47,940 - instabot version: 0.117.0 (api) - DEBUG - GET to endpoint: users/10352650680/info/ returned response: <Response [200]>
2021-08-18 13:05:48,655 - instabot version: 0.117.0 (api) - DEBUG - GET to endpoint: users/47731705970/info/ returned response: <Response [200]>
2021-08-18 13:05:49,289 - instabot version: 0.117.0 (api) - DEBUG - GET to endpoint: users/31240990828/info/ returned response: <Response [200]>
2021-08-18 13:05:50,175 - instabot version: 0.117.0 (api) - DEBUG - GET to endpoint: users/39862282/info/ returned response: <Response [200]>
2021-08-18 13:05:50,950 - instabot version: 0.117.0 (api) - DEBUG - GET to endpoint: users/6747880624/info/ returned response: <Response [200]>
