2021-08-17 14:56:20,430 - instabot version: 0.117.0 (bot) - INFO - Instabot version: 0.117.0 Started
2021-08-17 14:56:20,430 - instabot version: 0.117.0 (bot) - DEBUG - Bot imported from D:\searchdisaner\venv\lib\site-packages\instabot\bot\bot.py
2021-08-17 14:56:20,431 - instabot version: 0.117.0 (api_login) - DEBUG - Loading uuids
2021-08-17 14:56:20,431 - instabot version: 0.117.0 (api_login) - INFO - Recovery from D:\searchdisaner/config/todoctordoom_uuid_and_cookie.json: COOKIE False - UUIDs True - TIMING, DEVICE and ...
- user-agent=Instagram 117.0.0.28.123 Android (28/9.0; 420dpi; 1080x1920; OnePlus; ONEPLUS A3003; OnePlus3; qcom; en_US; 180322800)
- phone_id=fececc37-13fb-4ca7-b4c1-842926ac61f0
- uuid=d8c038f7-d60d-4ffc-ae20-1b8f9d340f0b
- client_session_id=74517733-9e97-4ac6-9bd3-6396afa278ed
- device_id=android-638845ae1420b535
2021-08-17 14:56:20,433 - instabot version: 0.117.0 (api_login) - INFO - Not yet logged in starting: PRE-LOGIN FLOW!
2021-08-17 14:56:20,759 - instabot version: 0.117.0 (api) - DEBUG - POST to endpoint: accounts/get_prefill_candidates/ returned response: <Response [200]>
2021-08-17 14:56:21,110 - instabot version: 0.117.0 (api) - DEBUG - POST to endpoint: qe/sync/ returned response: <Response [200]>
2021-08-17 14:56:21,458 - instabot version: 0.117.0 (api) - DEBUG - POST to endpoint: launcher/sync/ returned response: <Response [200]>
2021-08-17 14:56:21,780 - instabot version: 0.117.0 (api) - DEBUG - POST to endpoint: accounts/contact_point_prefill/ returned response: <Response [200]>
2021-08-17 14:56:23,455 - instabot version: 0.117.0 (api) - DEBUG - POST to endpoint: accounts/login/ returned response: <Response [200]>
2021-08-17 14:56:23,455 - instabot version: 0.117.0 (api) - INFO - Logged-in successfully as 'todoctordoom'!
2021-08-17 14:56:23,456 - instabot version: 0.117.0 (api_login) - INFO - LOGIN FLOW! Just logged-in: True
2021-08-17 14:56:23,812 - instabot version: 0.117.0 (api) - DEBUG - POST to endpoint: qe/sync/ returned response: <Response [200]>
2021-08-17 14:56:24,156 - instabot version: 0.117.0 (api) - DEBUG - POST to endpoint: launcher/sync/ returned response: <Response [200]>
2021-08-17 14:56:24,472 - instabot version: 0.117.0 (api) - DEBUG - GET to endpoint: zr/token/result/?device_id=android-638845ae1420b535&token_hash=&custom_device_id=android-638845ae1420b535&fetch_reason=token_expired returned response: <Response [200]>
2021-08-17 14:56:24,783 - instabot version: 0.117.0 (api) - DEBUG - GET to endpoint: multiple_accounts/get_account_family/ returned response: <Response [200]>
2021-08-17 14:56:25,121 - instabot version: 0.117.0 (api) - DEBUG - POST to endpoint: qe/sync/ returned response: <Response [200]>
2021-08-17 14:56:25,706 - instabot version: 0.117.0 (api) - DEBUG - GET to endpoint: igtv/browse_feed/?prefetch=1 returned response: <Response [200]>
2021-08-17 14:56:26,035 - instabot version: 0.117.0 (api) - DEBUG - POST to endpoint: creatives/ar_class/ returned response: <Response [200]>
2021-08-17 14:56:26,925 - instabot version: 0.117.0 (api) - DEBUG - POST to endpoint: feed/reels_tray/ returned response: <Response [200]>
2021-08-17 14:56:28,248 - instabot version: 0.117.0 (api) - DEBUG - POST to endpoint: feed/timeline/ returned response: <Response [200]>
2021-08-17 14:56:28,595 - instabot version: 0.117.0 (api) - DEBUG - GET to endpoint: media/blocked/ returned response: <Response [200]>
2021-08-17 14:56:29,424 - instabot version: 0.117.0 (api) - DEBUG - GET to endpoint: news/inbox/ returned response: <Response [200]>
2021-08-17 14:56:29,764 - instabot version: 0.117.0 (api) - DEBUG - GET to endpoint: loom/fetch_config/ returned response: <Response [200]>
2021-08-17 14:56:30,444 - instabot version: 0.117.0 (api) - DEBUG - GET to endpoint: scores/bootstrap/users/?surfaces=["autocomplete_user_list","coefficient_besties_list_ranking","coefficient_rank_recipient_user_suggestion","coefficient_ios_section_test_bootstrap_ranking","coefficient_direct_recipients_ranking_variant_2"] returned response: <Response [200]>
2021-08-17 14:56:30,771 - instabot version: 0.117.0 (api) - DEBUG - GET to endpoint: business/eligibility/get_monetization_products_eligibility_data/?product_types=branded_content returned response: <Response [200]>
2021-08-17 14:56:31,112 - instabot version: 0.117.0 (api) - DEBUG - GET to endpoint: business/branded_content/should_require_professional_account/ returned response: <Response [200]>
2021-08-17 14:56:32,192 - instabot version: 0.117.0 (api) - DEBUG - GET to endpoint: linked_accounts/get_linkage_status/ returned response: <Response [200]>
2021-08-17 14:56:32,533 - instabot version: 0.117.0 (api) - DEBUG - GET to endpoint: locations/request_country/ returned response: <Response [200]>
2021-08-17 14:56:32,858 - instabot version: 0.117.0 (api) - DEBUG - GET to endpoint: qp/get_cooldowns/?signed_body=signed_body=4b9c516a5410a3bc128e09c6104a7f042146b9c2023870560c63a43a7f66781c.4&ig_sig_key_version=4&ig_sig_key_version=4 returned response: <Response [200]>
2021-08-17 14:56:33,165 - instabot version: 0.117.0 (api) - DEBUG - GET to endpoint: users/arlink_download_info/?version_override=2.2.1 returned response: <Response [200]>
2021-08-17 14:56:34,304 - instabot version: 0.117.0 (api) - DEBUG - GET to endpoint: users/46258652727/info/ returned response: <Response [200]>
2021-08-17 14:56:34,659 - instabot version: 0.117.0 (api) - DEBUG - GET to endpoint: direct_v2/get_presence/ returned response: <Response [200]>
2021-08-17 14:56:35,064 - instabot version: 0.117.0 (api) - DEBUG - GET to endpoint: direct_v2/inbox/?visual_message_return_type=unseen&thread_message_limit=10&persistentBadging=true&limit=20 returned response: <Response [200]>
2021-08-17 14:56:35,432 - instabot version: 0.117.0 (api) - DEBUG - GET to endpoint: direct_v2/inbox/?visual_message_return_type=unseen&persistentBadging=true&limit=0 returned response: <Response [200]>
2021-08-17 14:56:35,875 - instabot version: 0.117.0 (api) - DEBUG - GET to endpoint: discover/topical_explore/?is_prefetch=true&omit_cover_media=true&use_sectional_payload=true&timezone_offset=0&session_id=74517733-9e97-4ac6-9bd3-6396afa278ed&include_fixed_destinations=true returned response: <Response [200]>
2021-08-17 14:56:36,217 - instabot version: 0.117.0 (api) - DEBUG - POST to endpoint: notifications/badge/ returned response: <Response [200]>
2021-08-17 14:56:36,644 - instabot version: 0.117.0 (api) - DEBUG - POST to endpoint: qp/batch_fetch/ returned response: <Response [200]>
2021-08-17 14:56:36,645 - instabot version: 0.117.0 (bot_checkpoint) - DEBUG - Loading Checkpoint file from: D:\searchdisaner/config/todoctordoom.checkpoint
2021-08-17 14:56:43,300 - instabot version: 0.117.0 (api) - DEBUG - GET to endpoint: feed/tag/дизайн/?max_id=&rank_token=46258652727_d8c038f7-d60d-4ffc-ae20-1b8f9d340f0b&ranked_content=true& returned response: <Response [200]>
2021-08-17 14:56:43,972 - instabot version: 0.117.0 (api) - DEBUG - GET to endpoint: users/5677010524/info/ returned response: <Response [200]>
2021-08-17 14:56:44,550 - instabot version: 0.117.0 (api) - DEBUG - GET to endpoint: users/12566553438/info/ returned response: <Response [200]>
2021-08-17 14:56:45,234 - instabot version: 0.117.0 (api) - DEBUG - GET to endpoint: users/8247421840/info/ returned response: <Response [200]>
2021-08-17 14:56:45,902 - instabot version: 0.117.0 (api) - DEBUG - GET to endpoint: users/29845519118/info/ returned response: <Response [200]>
2021-08-17 14:56:46,576 - instabot version: 0.117.0 (api) - DEBUG - GET to endpoint: users/41578076124/info/ returned response: <Response [200]>
2021-08-17 14:56:47,066 - instabot version: 0.117.0 (api) - DEBUG - GET to endpoint: users/4656434337/info/ returned response: <Response [200]>
2021-08-17 14:56:47,587 - instabot version: 0.117.0 (api) - DEBUG - GET to endpoint: users/32024068882/info/ returned response: <Response [200]>
2021-08-17 14:56:48,222 - instabot version: 0.117.0 (api) - DEBUG - GET to endpoint: users/10693311215/info/ returned response: <Response [200]>
2021-08-17 14:56:48,911 - instabot version: 0.117.0 (api) - DEBUG - GET to endpoint: users/47673061706/info/ returned response: <Response [200]>
2021-08-17 14:56:49,671 - instabot version: 0.117.0 (api) - DEBUG - GET to endpoint: users/3731193496/info/ returned response: <Response [200]>
2021-08-17 14:56:50,420 - instabot version: 0.117.0 (api) - DEBUG - GET to endpoint: users/19050124814/info/ returned response: <Response [200]>
2021-08-17 14:56:50,896 - instabot version: 0.117.0 (api) - DEBUG - GET to endpoint: users/8305607096/info/ returned response: <Response [200]>
2021-08-17 14:56:51,572 - instabot version: 0.117.0 (api) - DEBUG - GET to endpoint: users/34254999314/info/ returned response: <Response [200]>
2021-08-17 14:56:52,248 - instabot version: 0.117.0 (api) - DEBUG - GET to endpoint: users/49009665319/info/ returned response: <Response [200]>
2021-08-17 14:56:52,786 - instabot version: 0.117.0 (api) - DEBUG - GET to endpoint: users/1271441373/info/ returned response: <Response [200]>
2021-08-17 14:56:53,303 - instabot version: 0.117.0 (api) - DEBUG - GET to endpoint: users/35059526350/info/ returned response: <Response [200]>
2021-08-17 14:56:54,041 - instabot version: 0.117.0 (api) - DEBUG - GET to endpoint: users/44589177912/info/ returned response: <Response [200]>
2021-08-17 14:56:54,678 - instabot version: 0.117.0 (api) - DEBUG - GET to endpoint: users/909562437/info/ returned response: <Response [200]>
2021-08-17 14:56:55,176 - instabot version: 0.117.0 (api) - DEBUG - GET to endpoint: users/25558136159/info/ returned response: <Response [200]>
2021-08-17 14:56:55,956 - instabot version: 0.117.0 (api) - DEBUG - GET to endpoint: users/8600718644/info/ returned response: <Response [200]>
2021-08-17 14:56:56,626 - instabot version: 0.117.0 (api) - DEBUG - GET to endpoint: users/8160635629/info/ returned response: <Response [200]>
2021-08-17 14:56:57,147 - instabot version: 0.117.0 (api) - DEBUG - GET to endpoint: users/1948401222/info/ returned response: <Response [200]>
2021-08-17 14:56:57,710 - instabot version: 0.117.0 (api) - DEBUG - GET to endpoint: users/3066457518/info/ returned response: <Response [200]>
2021-08-17 14:56:58,299 - instabot version: 0.117.0 (api) - DEBUG - GET to endpoint: users/47118598262/info/ returned response: <Response [200]>
2021-08-17 14:56:59,079 - instabot version: 0.117.0 (api) - DEBUG - GET to endpoint: users/3233461822/info/ returned response: <Response [200]>
2021-08-17 14:56:59,774 - instabot version: 0.117.0 (api) - DEBUG - GET to endpoint: users/47549868011/info/ returned response: <Response [200]>
2021-08-17 14:57:00,341 - instabot version: 0.117.0 (api) - DEBUG - GET to endpoint: users/1689438179/info/ returned response: <Response [200]>
2021-08-17 14:57:00,917 - instabot version: 0.117.0 (api) - DEBUG - GET to endpoint: users/40244284917/info/ returned response: <Response [200]>
2021-08-17 14:57:01,593 - instabot version: 0.117.0 (api) - DEBUG - GET to endpoint: users/14456830814/info/ returned response: <Response [200]>
2021-08-17 14:57:02,200 - instabot version: 0.117.0 (api) - DEBUG - GET to endpoint: users/35210421041/info/ returned response: <Response [200]>
2021-08-17 14:57:02,884 - instabot version: 0.117.0 (api) - DEBUG - GET to endpoint: users/7239600188/info/ returned response: <Response [200]>
2021-08-17 14:57:03,888 - instabot version: 0.117.0 (api) - DEBUG - GET to endpoint: users/29847002901/info/ returned response: <Response [200]>
2021-08-17 14:57:04,410 - instabot version: 0.117.0 (api) - DEBUG - GET to endpoint: users/32728362042/info/ returned response: <Response [200]>
2021-08-17 14:57:05,094 - instabot version: 0.117.0 (api) - DEBUG - GET to endpoint: users/2149657700/info/ returned response: <Response [200]>
2021-08-17 14:57:05,678 - instabot version: 0.117.0 (api) - DEBUG - GET to endpoint: users/47869345116/info/ returned response: <Response [200]>
2021-08-17 14:57:06,253 - instabot version: 0.117.0 (api) - DEBUG - GET to endpoint: users/47692585007/info/ returned response: <Response [200]>
2021-08-17 14:57:06,664 - instabot version: 0.117.0 (api) - DEBUG - GET to endpoint: users/48904950277/info/ returned response: <Response [200]>
2021-08-17 14:57:07,251 - instabot version: 0.117.0 (api) - DEBUG - GET to endpoint: users/26291840346/info/ returned response: <Response [200]>
2021-08-17 14:57:08,111 - instabot version: 0.117.0 (api) - DEBUG - GET to endpoint: users/1414069068/info/ returned response: <Response [200]>
2021-08-17 14:57:08,704 - instabot version: 0.117.0 (api) - DEBUG - GET to endpoint: users/25680481255/info/ returned response: <Response [200]>
2021-08-17 14:57:09,447 - instabot version: 0.117.0 (api) - DEBUG - GET to endpoint: users/16359744092/info/ returned response: <Response [200]>
2021-08-17 14:57:10,311 - instabot version: 0.117.0 (api) - DEBUG - GET to endpoint: users/48867412914/info/ returned response: <Response [200]>
2021-08-17 14:57:10,871 - instabot version: 0.117.0 (api) - DEBUG - GET to endpoint: users/46521614090/info/ returned response: <Response [200]>
2021-08-17 14:57:11,432 - instabot version: 0.117.0 (api) - DEBUG - GET to endpoint: users/47550844903/info/ returned response: <Response [200]>
2021-08-17 14:57:11,938 - instabot version: 0.117.0 (api) - DEBUG - GET to endpoint: users/7896944278/info/ returned response: <Response [200]>
2021-08-17 14:57:12,603 - instabot version: 0.117.0 (api) - DEBUG - GET to endpoint: users/28701646753/info/ returned response: <Response [200]>
2021-08-17 14:57:13,180 - instabot version: 0.117.0 (api) - DEBUG - GET to endpoint: users/45028365575/info/ returned response: <Response [200]>
2021-08-17 14:57:13,845 - instabot version: 0.117.0 (api) - DEBUG - GET to endpoint: users/39652670696/info/ returned response: <Response [200]>
2021-08-17 14:57:14,460 - instabot version: 0.117.0 (api) - DEBUG - GET to endpoint: users/6079254879/info/ returned response: <Response [200]>
2021-08-17 14:57:15,093 - instabot version: 0.117.0 (api) - DEBUG - GET to endpoint: users/43895611722/info/ returned response: <Response [200]>
2021-08-17 14:57:15,666 - instabot version: 0.117.0 (api) - DEBUG - GET to endpoint: users/29217723986/info/ returned response: <Response [200]>
2021-08-17 14:57:16,307 - instabot version: 0.117.0 (api) - DEBUG - GET to endpoint: users/48402302742/info/ returned response: <Response [200]>
2021-08-17 14:57:16,887 - instabot version: 0.117.0 (api) - DEBUG - GET to endpoint: users/9133743252/info/ returned response: <Response [200]>
2021-08-17 14:57:17,670 - instabot version: 0.117.0 (api) - DEBUG - GET to endpoint: users/3581808612/info/ returned response: <Response [200]>
2021-08-17 14:57:18,402 - instabot version: 0.117.0 (api) - DEBUG - GET to endpoint: users/2281762621/info/ returned response: <Response [200]>
2021-08-17 14:57:19,006 - instabot version: 0.117.0 (api) - DEBUG - GET to endpoint: users/44726176233/info/ returned response: <Response [200]>
2021-08-17 14:57:19,545 - instabot version: 0.117.0 (api) - DEBUG - GET to endpoint: users/26560364157/info/ returned response: <Response [200]>
2021-08-17 14:57:20,067 - instabot version: 0.117.0 (api) - DEBUG - GET to endpoint: users/47227956858/info/ returned response: <Response [200]>
2021-08-17 14:57:20,607 - instabot version: 0.117.0 (api) - DEBUG - GET to endpoint: users/48417391472/info/ returned response: <Response [200]>
2021-08-17 14:57:21,325 - instabot version: 0.117.0 (api) - DEBUG - GET to endpoint: users/7008587829/info/ returned response: <Response [200]>
2021-08-17 14:57:21,941 - instabot version: 0.117.0 (api) - DEBUG - GET to endpoint: users/1057623441/info/ returned response: <Response [200]>
2021-08-17 14:57:22,474 - instabot version: 0.117.0 (api) - DEBUG - GET to endpoint: users/19062996730/info/ returned response: <Response [200]>
2021-08-17 14:57:23,174 - instabot version: 0.117.0 (api) - DEBUG - GET to endpoint: users/8518442741/info/ returned response: <Response [200]>
2021-08-17 14:57:23,728 - instabot version: 0.117.0 (api) - DEBUG - GET to endpoint: users/11390009107/info/ returned response: <Response [200]>
2021-08-17 14:57:24,884 - instabot version: 0.117.0 (api) - DEBUG - GET to endpoint: users/177807656/info/ returned response: <Response [200]>
2021-08-17 14:57:30,280 - instabot version: 0.117.0 (api) - DEBUG - GET to endpoint: feed/tag/дизайнер/?max_id=&rank_token=46258652727_d8c038f7-d60d-4ffc-ae20-1b8f9d340f0b&ranked_content=true& returned response: <Response [200]>
2021-08-17 14:57:30,841 - instabot version: 0.117.0 (api) - DEBUG - GET to endpoint: users/3720533288/info/ returned response: <Response [200]>
2021-08-17 14:57:31,481 - instabot version: 0.117.0 (api) - DEBUG - GET to endpoint: users/2087833582/info/ returned response: <Response [200]>
2021-08-17 14:57:32,117 - instabot version: 0.117.0 (api) - DEBUG - GET to endpoint: users/3504316535/info/ returned response: <Response [200]>
2021-08-17 14:57:32,722 - instabot version: 0.117.0 (api) - DEBUG - GET to endpoint: users/48656475073/info/ returned response: <Response [200]>
2021-08-17 14:57:33,376 - instabot version: 0.117.0 (api) - DEBUG - GET to endpoint: users/4483243186/info/ returned response: <Response [200]>
2021-08-17 14:57:33,909 - instabot version: 0.117.0 (api) - DEBUG - GET to endpoint: users/43934805839/info/ returned response: <Response [200]>
2021-08-17 14:57:34,638 - instabot version: 0.117.0 (api) - DEBUG - GET to endpoint: users/2159521804/info/ returned response: <Response [200]>
2021-08-17 14:57:35,200 - instabot version: 0.117.0 (api) - DEBUG - GET to endpoint: users/48626124768/info/ returned response: <Response [200]>
2021-08-17 14:57:35,728 - instabot version: 0.117.0 (api) - DEBUG - GET to endpoint: users/7983811018/info/ returned response: <Response [200]>
2021-08-17 14:57:36,234 - instabot version: 0.117.0 (api) - DEBUG - GET to endpoint: users/45082860362/info/ returned response: <Response [200]>
2021-08-17 14:57:36,820 - instabot version: 0.117.0 (api) - DEBUG - GET to endpoint: users/48879997374/info/ returned response: <Response [200]>
2021-08-17 14:57:37,770 - instabot version: 0.117.0 (api) - DEBUG - GET to endpoint: users/6277901907/info/ returned response: <Response [200]>
2021-08-17 14:57:38,402 - instabot version: 0.117.0 (api) - DEBUG - GET to endpoint: users/4307799393/info/ returned response: <Response [200]>
2021-08-17 14:57:38,996 - instabot version: 0.117.0 (api) - DEBUG - GET to endpoint: users/46272822565/info/ returned response: <Response [200]>
2021-08-17 14:57:39,607 - instabot version: 0.117.0 (api) - DEBUG - GET to endpoint: users/4220310648/info/ returned response: <Response [200]>
2021-08-17 14:57:40,178 - instabot version: 0.117.0 (api) - DEBUG - GET to endpoint: users/8441173339/info/ returned response: <Response [200]>
2021-08-17 14:57:40,951 - instabot version: 0.117.0 (api) - DEBUG - GET to endpoint: users/4060826834/info/ returned response: <Response [200]>
2021-08-17 14:57:41,478 - instabot version: 0.117.0 (api) - DEBUG - GET to endpoint: users/7046572704/info/ returned response: <Response [200]>
2021-08-17 14:57:42,032 - instabot version: 0.117.0 (api) - DEBUG - GET to endpoint: users/13329941939/info/ returned response: <Response [200]>
2021-08-17 14:57:42,893 - instabot version: 0.117.0 (api) - DEBUG - GET to endpoint: users/145443329/info/ returned response: <Response [200]>
2021-08-17 14:57:43,656 - instabot version: 0.117.0 (api) - DEBUG - GET to endpoint: users/1682676660/info/ returned response: <Response [200]>
2021-08-17 14:57:44,232 - instabot version: 0.117.0 (api) - DEBUG - GET to endpoint: users/4297293867/info/ returned response: <Response [200]>
2021-08-17 14:57:44,884 - instabot version: 0.117.0 (api) - DEBUG - GET to endpoint: users/18263823892/info/ returned response: <Response [200]>
2021-08-17 14:57:45,492 - instabot version: 0.117.0 (api) - DEBUG - GET to endpoint: users/6335878750/info/ returned response: <Response [200]>
2021-08-17 14:57:46,500 - instabot version: 0.117.0 (api) - DEBUG - GET to endpoint: users/4580800448/info/ returned response: <Response [200]>
2021-08-17 14:57:47,037 - instabot version: 0.117.0 (api) - DEBUG - GET to endpoint: users/494740020/info/ returned response: <Response [200]>
2021-08-17 14:57:47,462 - instabot version: 0.117.0 (api) - DEBUG - GET to endpoint: users/41728691660/info/ returned response: <Response [200]>
2021-08-17 14:57:48,206 - instabot version: 0.117.0 (api) - DEBUG - GET to endpoint: users/1127380171/info/ returned response: <Response [200]>
2021-08-17 14:57:48,737 - instabot version: 0.117.0 (api) - DEBUG - GET to endpoint: users/52985717/info/ returned response: <Response [200]>
2021-08-17 14:57:49,506 - instabot version: 0.117.0 (api) - DEBUG - GET to endpoint: users/3029979632/info/ returned response: <Response [200]>
2021-08-17 14:57:50,025 - instabot version: 0.117.0 (api) - DEBUG - GET to endpoint: users/10262731457/info/ returned response: <Response [200]>
2021-08-17 14:57:50,753 - instabot version: 0.117.0 (api) - DEBUG - GET to endpoint: users/47819751412/info/ returned response: <Response [200]>
2021-08-17 14:57:51,173 - instabot version: 0.117.0 (api) - DEBUG - GET to endpoint: users/5770579520/info/ returned response: <Response [200]>
2021-08-17 14:57:51,684 - instabot version: 0.117.0 (api) - DEBUG - GET to endpoint: users/1595296102/info/ returned response: <Response [200]>
2021-08-17 14:57:52,577 - instabot version: 0.117.0 (api) - DEBUG - GET to endpoint: users/27287819903/info/ returned response: <Response [200]>
2021-08-17 14:57:53,227 - instabot version: 0.117.0 (api) - DEBUG - GET to endpoint: users/1380345785/info/ returned response: <Response [200]>
2021-08-17 14:57:54,109 - instabot version: 0.117.0 (api) - DEBUG - GET to endpoint: users/39576354333/info/ returned response: <Response [200]>
2021-08-17 14:57:54,707 - instabot version: 0.117.0 (api) - DEBUG - GET to endpoint: users/4217073978/info/ returned response: <Response [200]>
2021-08-17 14:57:55,303 - instabot version: 0.117.0 (api) - DEBUG - GET to endpoint: users/4767678862/info/ returned response: <Response [200]>
2021-08-17 14:57:55,821 - instabot version: 0.117.0 (api) - DEBUG - GET to endpoint: users/220495932/info/ returned response: <Response [200]>
2021-08-17 14:57:56,429 - instabot version: 0.117.0 (api) - DEBUG - GET to endpoint: users/2161118421/info/ returned response: <Response [200]>
2021-08-17 14:57:57,017 - instabot version: 0.117.0 (api) - DEBUG - GET to endpoint: users/495847731/info/ returned response: <Response [200]>
2021-08-17 14:57:57,567 - instabot version: 0.117.0 (api) - DEBUG - GET to endpoint: users/45498483406/info/ returned response: <Response [200]>
2021-08-17 14:57:58,077 - instabot version: 0.117.0 (api) - DEBUG - GET to endpoint: users/25041123977/info/ returned response: <Response [200]>
2021-08-17 14:57:58,578 - instabot version: 0.117.0 (api) - DEBUG - GET to endpoint: users/47635107712/info/ returned response: <Response [200]>
2021-08-17 14:57:59,118 - instabot version: 0.117.0 (api) - DEBUG - GET to endpoint: users/29176434791/info/ returned response: <Response [200]>
2021-08-17 14:57:59,624 - instabot version: 0.117.0 (api) - DEBUG - GET to endpoint: users/32969039562/info/ returned response: <Response [200]>
2021-08-17 14:58:00,120 - instabot version: 0.117.0 (api) - DEBUG - GET to endpoint: users/7708624283/info/ returned response: <Response [200]>
2021-08-17 14:58:00,629 - instabot version: 0.117.0 (api) - DEBUG - GET to endpoint: users/48817039092/info/ returned response: <Response [200]>
2021-08-17 14:58:01,124 - instabot version: 0.117.0 (api) - DEBUG - GET to endpoint: users/1367678380/info/ returned response: <Response [200]>
2021-08-17 14:58:01,629 - instabot version: 0.117.0 (api) - DEBUG - GET to endpoint: users/6283237420/info/ returned response: <Response [200]>
2021-08-17 14:58:02,127 - instabot version: 0.117.0 (api) - DEBUG - GET to endpoint: users/232234608/info/ returned response: <Response [200]>
2021-08-17 14:58:02,787 - instabot version: 0.117.0 (api) - DEBUG - GET to endpoint: users/7715172969/info/ returned response: <Response [200]>
2021-08-17 14:58:03,335 - instabot version: 0.117.0 (api) - DEBUG - GET to endpoint: users/6747880624/info/ returned response: <Response [200]>
2021-08-17 14:58:04,186 - instabot version: 0.117.0 (api) - DEBUG - GET to endpoint: users/8145251923/info/ returned response: <Response [200]>
2021-08-17 14:58:04,841 - instabot version: 0.117.0 (api) - DEBUG - GET to endpoint: users/5507306807/info/ returned response: <Response [200]>
