2021-08-20 13:09:01,993 - instabot version: 0.117.0 (bot) - INFO - Instabot version: 0.117.0 Started
2021-08-20 13:09:01,994 - instabot version: 0.117.0 (bot) - DEBUG - Bot imported from D:\searchdisaner\venv\lib\site-packages\instabot\bot\bot.py
2021-08-20 13:09:01,994 - instabot version: 0.117.0 (api_login) - DEBUG - Loading uuids
2021-08-20 13:09:01,994 - instabot version: 0.117.0 (api_login) - INFO - Recovery from D:\searchdisaner/config/instbober_uuid_and_cookie.json: COOKIE False - UUIDs True - TIMING, DEVICE and ...
- user-agent=Instagram 117.0.0.28.123 Android (28/9.0; 420dpi; 1080x1920; OnePlus; ONEPLUS A3003; OnePlus3; qcom; en_US; 180322800)
- phone_id=69e66906-ef6a-4561-86e6-8c98a236847c
- uuid=81500ee0-4cf5-493e-ae1a-6a5011cbe63d
- client_session_id=32957a9d-435a-448b-9ee5-e5e488d33b0c
- device_id=android-ba894ce94a484232
2021-08-20 13:09:01,997 - instabot version: 0.117.0 (api_login) - INFO - Not yet logged in starting: PRE-LOGIN FLOW!
2021-08-20 13:09:02,286 - instabot version: 0.117.0 (api) - DEBUG - POST to endpoint: accounts/get_prefill_candidates/ returned response: <Response [200]>
2021-08-20 13:09:02,556 - instabot version: 0.117.0 (api) - DEBUG - POST to endpoint: qe/sync/ returned response: <Response [200]>
2021-08-20 13:09:02,850 - instabot version: 0.117.0 (api) - DEBUG - POST to endpoint: launcher/sync/ returned response: <Response [200]>
2021-08-20 13:09:03,126 - instabot version: 0.117.0 (api) - DEBUG - POST to endpoint: accounts/contact_point_prefill/ returned response: <Response [200]>
2021-08-20 13:09:06,264 - instabot version: 0.117.0 (api) - DEBUG - POST to endpoint: accounts/login/ returned response: <Response [200]>
2021-08-20 13:09:06,265 - instabot version: 0.117.0 (api) - INFO - Logged-in successfully as 'instbober'!
2021-08-20 13:09:06,265 - instabot version: 0.117.0 (api_login) - INFO - LOGIN FLOW! Just logged-in: True
2021-08-20 13:09:06,536 - instabot version: 0.117.0 (api) - DEBUG - POST to endpoint: qe/sync/ returned response: <Response [200]>
2021-08-20 13:09:06,814 - instabot version: 0.117.0 (api) - DEBUG - POST to endpoint: launcher/sync/ returned response: <Response [200]>
2021-08-20 13:09:07,100 - instabot version: 0.117.0 (api) - DEBUG - GET to endpoint: zr/token/result/?device_id=android-ba894ce94a484232&token_hash=&custom_device_id=android-ba894ce94a484232&fetch_reason=token_expired returned response: <Response [200]>
2021-08-20 13:09:07,390 - instabot version: 0.117.0 (api) - DEBUG - GET to endpoint: multiple_accounts/get_account_family/ returned response: <Response [200]>
2021-08-20 13:09:07,769 - instabot version: 0.117.0 (api) - DEBUG - POST to endpoint: qe/sync/ returned response: <Response [200]>
2021-08-20 13:09:08,295 - instabot version: 0.117.0 (api) - DEBUG - GET to endpoint: igtv/browse_feed/?prefetch=1 returned response: <Response [200]>
2021-08-20 13:09:08,599 - instabot version: 0.117.0 (api) - DEBUG - POST to endpoint: creatives/ar_class/ returned response: <Response [200]>
2021-08-20 13:09:09,009 - instabot version: 0.117.0 (api) - DEBUG - POST to endpoint: feed/reels_tray/ returned response: <Response [200]>
2021-08-20 13:09:10,719 - instabot version: 0.117.0 (api) - DEBUG - POST to endpoint: feed/timeline/ returned response: <Response [200]>
2021-08-20 13:09:10,991 - instabot version: 0.117.0 (api) - DEBUG - GET to endpoint: media/blocked/ returned response: <Response [200]>
2021-08-20 13:09:11,661 - instabot version: 0.117.0 (api) - DEBUG - GET to endpoint: news/inbox/ returned response: <Response [200]>
2021-08-20 13:09:11,968 - instabot version: 0.117.0 (api) - DEBUG - GET to endpoint: loom/fetch_config/ returned response: <Response [200]>
2021-08-20 13:09:12,548 - instabot version: 0.117.0 (api) - DEBUG - GET to endpoint: scores/bootstrap/users/?surfaces=["autocomplete_user_list","coefficient_besties_list_ranking","coefficient_rank_recipient_user_suggestion","coefficient_ios_section_test_bootstrap_ranking","coefficient_direct_recipients_ranking_variant_2"] returned response: <Response [200]>
2021-08-20 13:09:12,859 - instabot version: 0.117.0 (api) - DEBUG - GET to endpoint: business/eligibility/get_monetization_products_eligibility_data/?product_types=branded_content returned response: <Response [200]>
2021-08-20 13:09:13,153 - instabot version: 0.117.0 (api) - DEBUG - GET to endpoint: business/branded_content/should_require_professional_account/ returned response: <Response [200]>
2021-08-20 13:09:13,442 - instabot version: 0.117.0 (api) - DEBUG - GET to endpoint: linked_accounts/get_linkage_status/ returned response: <Response [200]>
2021-08-20 13:09:13,749 - instabot version: 0.117.0 (api) - DEBUG - GET to endpoint: locations/request_country/ returned response: <Response [200]>
2021-08-20 13:09:14,119 - instabot version: 0.117.0 (api) - DEBUG - GET to endpoint: qp/get_cooldowns/?signed_body=signed_body=4b9c516a5410a3bc128e09c6104a7f042146b9c2023870560c63a43a7f66781c.4&ig_sig_key_version=4&ig_sig_key_version=4 returned response: <Response [200]>
2021-08-20 13:09:14,408 - instabot version: 0.117.0 (api) - DEBUG - GET to endpoint: users/arlink_download_info/?version_override=2.2.1 returned response: <Response [200]>
2021-08-20 13:09:14,818 - instabot version: 0.117.0 (api) - DEBUG - GET to endpoint: users/48835444494/info/ returned response: <Response [200]>
2021-08-20 13:09:15,255 - instabot version: 0.117.0 (api) - DEBUG - GET to endpoint: direct_v2/get_presence/ returned response: <Response [200]>
2021-08-20 13:09:15,709 - instabot version: 0.117.0 (api) - DEBUG - GET to endpoint: direct_v2/inbox/?visual_message_return_type=unseen&thread_message_limit=10&persistentBadging=true&limit=20 returned response: <Response [200]>
2021-08-20 13:09:16,140 - instabot version: 0.117.0 (api) - DEBUG - GET to endpoint: direct_v2/inbox/?visual_message_return_type=unseen&persistentBadging=true&limit=0 returned response: <Response [200]>
2021-08-20 13:09:17,644 - instabot version: 0.117.0 (api) - DEBUG - GET to endpoint: discover/topical_explore/?is_prefetch=true&omit_cover_media=true&use_sectional_payload=true&timezone_offset=0&session_id=32957a9d-435a-448b-9ee5-e5e488d33b0c&include_fixed_destinations=true returned response: <Response [200]>
2021-08-20 13:09:17,937 - instabot version: 0.117.0 (api) - DEBUG - POST to endpoint: notifications/badge/ returned response: <Response [200]>
2021-08-20 13:09:18,315 - instabot version: 0.117.0 (api) - DEBUG - POST to endpoint: qp/batch_fetch/ returned response: <Response [200]>
2021-08-20 13:09:18,316 - instabot version: 0.117.0 (bot_checkpoint) - DEBUG - Loading Checkpoint file from: D:\searchdisaner/config/instbober.checkpoint
2021-08-20 13:09:23,245 - instabot version: 0.117.0 (api) - DEBUG - GET to endpoint: feed/tag/дизайн/?max_id=&rank_token=48835444494_81500ee0-4cf5-493e-ae1a-6a5011cbe63d&ranked_content=true& returned response: <Response [200]>
2021-08-20 13:09:23,777 - instabot version: 0.117.0 (api) - DEBUG - GET to endpoint: users/29926287876/info/ returned response: <Response [200]>
2021-08-20 13:09:24,417 - instabot version: 0.117.0 (api) - DEBUG - GET to endpoint: users/2243456676/info/ returned response: <Response [200]>
2021-08-20 13:09:24,794 - instabot version: 0.117.0 (api) - DEBUG - GET to endpoint: users/49070370052/info/ returned response: <Response [200]>
2021-08-20 13:09:25,269 - instabot version: 0.117.0 (api) - DEBUG - GET to endpoint: users/4135189804/info/ returned response: <Response [200]>
2021-08-20 13:09:25,850 - instabot version: 0.117.0 (api) - DEBUG - GET to endpoint: users/4769805361/info/ returned response: <Response [200]>
2021-08-20 13:09:26,421 - instabot version: 0.117.0 (api) - DEBUG - GET to endpoint: users/6435733727/info/ returned response: <Response [200]>
2021-08-20 13:09:27,118 - instabot version: 0.117.0 (api) - DEBUG - GET to endpoint: users/35180514181/info/ returned response: <Response [200]>
2021-08-20 13:09:28,113 - instabot version: 0.117.0 (api) - DEBUG - GET to endpoint: users/5914654349/info/ returned response: <Response [200]>
2021-08-20 13:09:28,594 - instabot version: 0.117.0 (api) - DEBUG - GET to endpoint: users/48983686980/info/ returned response: <Response [200]>
2021-08-20 13:09:29,334 - instabot version: 0.117.0 (api) - DEBUG - GET to endpoint: users/35831993236/info/ returned response: <Response [200]>
2021-08-20 13:09:29,742 - instabot version: 0.117.0 (api) - DEBUG - GET to endpoint: users/5471137042/info/ returned response: <Response [200]>
2021-08-20 13:09:30,281 - instabot version: 0.117.0 (api) - DEBUG - GET to endpoint: users/35683611073/info/ returned response: <Response [200]>
2021-08-20 13:09:30,884 - instabot version: 0.117.0 (api) - DEBUG - GET to endpoint: users/7192146314/info/ returned response: <Response [200]>
2021-08-20 13:09:31,281 - instabot version: 0.117.0 (api) - DEBUG - GET to endpoint: users/46628103551/info/ returned response: <Response [200]>
2021-08-20 13:09:31,820 - instabot version: 0.117.0 (api) - DEBUG - GET to endpoint: users/11224308624/info/ returned response: <Response [200]>
2021-08-20 13:09:32,438 - instabot version: 0.117.0 (api) - DEBUG - GET to endpoint: users/1758057235/info/ returned response: <Response [200]>
2021-08-20 13:09:32,963 - instabot version: 0.117.0 (api) - DEBUG - GET to endpoint: users/45458361725/info/ returned response: <Response [200]>
2021-08-20 13:09:33,429 - instabot version: 0.117.0 (api) - DEBUG - GET to endpoint: users/3638773301/info/ returned response: <Response [200]>
2021-08-20 13:09:33,956 - instabot version: 0.117.0 (api) - DEBUG - GET to endpoint: users/47820376295/info/ returned response: <Response [200]>
2021-08-20 13:09:34,559 - instabot version: 0.117.0 (api) - DEBUG - GET to endpoint: users/48395570613/info/ returned response: <Response [200]>
2021-08-20 13:09:35,191 - instabot version: 0.117.0 (api) - DEBUG - GET to endpoint: users/4766931068/info/ returned response: <Response [200]>
2021-08-20 13:09:35,808 - instabot version: 0.117.0 (api) - DEBUG - GET to endpoint: users/13251098050/info/ returned response: <Response [200]>
2021-08-20 13:09:36,369 - instabot version: 0.117.0 (api) - DEBUG - GET to endpoint: users/10606503144/info/ returned response: <Response [200]>
2021-08-20 13:09:36,919 - instabot version: 0.117.0 (api) - DEBUG - GET to endpoint: users/5740475418/info/ returned response: <Response [200]>
2021-08-20 13:09:37,329 - instabot version: 0.117.0 (api) - DEBUG - GET to endpoint: users/44728785127/info/ returned response: <Response [200]>
2021-08-20 13:09:37,847 - instabot version: 0.117.0 (api) - DEBUG - GET to endpoint: users/2020129137/info/ returned response: <Response [200]>
2021-08-20 13:09:38,368 - instabot version: 0.117.0 (api) - DEBUG - GET to endpoint: users/4247821274/info/ returned response: <Response [200]>
2021-08-20 13:09:38,886 - instabot version: 0.117.0 (api) - DEBUG - GET to endpoint: users/2315483781/info/ returned response: <Response [200]>
2021-08-20 13:09:39,337 - instabot version: 0.117.0 (api) - DEBUG - GET to endpoint: users/8238520835/info/ returned response: <Response [200]>
2021-08-20 13:09:39,896 - instabot version: 0.117.0 (api) - DEBUG - GET to endpoint: users/36540367644/info/ returned response: <Response [200]>
2021-08-20 13:09:40,371 - instabot version: 0.117.0 (api) - DEBUG - GET to endpoint: users/26766283651/info/ returned response: <Response [200]>
2021-08-20 13:09:41,243 - instabot version: 0.117.0 (api) - DEBUG - GET to endpoint: users/30025554093/info/ returned response: <Response [200]>
2021-08-20 13:09:41,713 - instabot version: 0.117.0 (api) - DEBUG - GET to endpoint: users/47413122425/info/ returned response: <Response [200]>
2021-08-20 13:09:42,293 - instabot version: 0.117.0 (api) - DEBUG - GET to endpoint: users/45074650229/info/ returned response: <Response [200]>
2021-08-20 13:09:42,701 - instabot version: 0.117.0 (api) - DEBUG - GET to endpoint: users/30399687825/info/ returned response: <Response [200]>
2021-08-20 13:09:43,361 - instabot version: 0.117.0 (api) - DEBUG - GET to endpoint: users/30174145769/info/ returned response: <Response [200]>
2021-08-20 13:09:43,877 - instabot version: 0.117.0 (api) - DEBUG - GET to endpoint: users/3726789869/info/ returned response: <Response [200]>
2021-08-20 13:09:44,426 - instabot version: 0.117.0 (api) - DEBUG - GET to endpoint: users/8139203591/info/ returned response: <Response [200]>
2021-08-20 13:09:45,006 - instabot version: 0.117.0 (api) - DEBUG - GET to endpoint: users/30245013785/info/ returned response: <Response [200]>
2021-08-20 13:09:45,572 - instabot version: 0.117.0 (api) - DEBUG - GET to endpoint: users/43308956864/info/ returned response: <Response [200]>
2021-08-20 13:09:46,462 - instabot version: 0.117.0 (api) - DEBUG - GET to endpoint: users/1712618193/info/ returned response: <Response [200]>
2021-08-20 13:09:46,929 - instabot version: 0.117.0 (api) - DEBUG - GET to endpoint: users/36876320445/info/ returned response: <Response [200]>
2021-08-20 13:09:47,518 - instabot version: 0.117.0 (api) - DEBUG - GET to endpoint: users/42757909733/info/ returned response: <Response [200]>
2021-08-20 13:09:48,102 - instabot version: 0.117.0 (api) - DEBUG - GET to endpoint: users/5313476456/info/ returned response: <Response [200]>
2021-08-20 13:09:48,725 - instabot version: 0.117.0 (api) - DEBUG - GET to endpoint: users/11774156903/info/ returned response: <Response [200]>
2021-08-20 13:09:49,223 - instabot version: 0.117.0 (api) - DEBUG - GET to endpoint: users/39315762485/info/ returned response: <Response [200]>
2021-08-20 13:09:49,776 - instabot version: 0.117.0 (api) - DEBUG - GET to endpoint: users/47329842279/info/ returned response: <Response [200]>
2021-08-20 13:09:50,346 - instabot version: 0.117.0 (api) - DEBUG - GET to endpoint: users/4691720501/info/ returned response: <Response [200]>
2021-08-20 13:09:51,018 - instabot version: 0.117.0 (api) - DEBUG - GET to endpoint: users/2933143873/info/ returned response: <Response [200]>
2021-08-20 13:09:51,634 - instabot version: 0.117.0 (api) - DEBUG - GET to endpoint: users/6198029365/info/ returned response: <Response [200]>
2021-08-20 13:09:52,320 - instabot version: 0.117.0 (api) - DEBUG - GET to endpoint: users/2175465180/info/ returned response: <Response [200]>
2021-08-20 13:09:52,746 - instabot version: 0.117.0 (api) - DEBUG - GET to endpoint: users/2319809652/info/ returned response: <Response [200]>
2021-08-20 13:09:53,384 - instabot version: 0.117.0 (api) - DEBUG - GET to endpoint: users/15953323691/info/ returned response: <Response [200]>
2021-08-20 13:09:53,960 - instabot version: 0.117.0 (api) - DEBUG - GET to endpoint: users/44493135887/info/ returned response: <Response [200]>
2021-08-20 13:09:54,433 - instabot version: 0.117.0 (api) - DEBUG - GET to endpoint: users/1423211814/info/ returned response: <Response [200]>
2021-08-20 13:09:55,181 - instabot version: 0.117.0 (api) - DEBUG - GET to endpoint: users/13694121318/info/ returned response: <Response [200]>
2021-08-20 13:09:55,654 - instabot version: 0.117.0 (api) - DEBUG - GET to endpoint: users/19281941481/info/ returned response: <Response [200]>
2021-08-20 13:09:56,283 - instabot version: 0.117.0 (api) - DEBUG - GET to endpoint: users/11824625168/info/ returned response: <Response [200]>
2021-08-20 13:09:56,796 - instabot version: 0.117.0 (api) - DEBUG - GET to endpoint: users/48797391227/info/ returned response: <Response [200]>
2021-08-20 13:09:57,371 - instabot version: 0.117.0 (api) - DEBUG - GET to endpoint: users/3157959043/info/ returned response: <Response [200]>
2021-08-20 13:09:57,921 - instabot version: 0.117.0 (api) - DEBUG - GET to endpoint: users/48097087145/info/ returned response: <Response [200]>
2021-08-20 13:09:58,657 - instabot version: 0.117.0 (api) - DEBUG - GET to endpoint: users/28936094541/info/ returned response: <Response [200]>
2021-08-20 13:09:59,212 - instabot version: 0.117.0 (api) - DEBUG - GET to endpoint: users/30970163932/info/ returned response: <Response [200]>
2021-08-20 13:09:59,731 - instabot version: 0.117.0 (api) - DEBUG - GET to endpoint: users/2579377863/info/ returned response: <Response [200]>
2021-08-20 13:10:00,256 - instabot version: 0.117.0 (api) - DEBUG - GET to endpoint: users/7436425692/info/ returned response: <Response [200]>
2021-08-20 13:10:00,936 - instabot version: 0.117.0 (api) - DEBUG - GET to endpoint: users/10197583897/info/ returned response: <Response [200]>
2021-08-20 13:10:01,619 - instabot version: 0.117.0 (api) - DEBUG - GET to endpoint: users/44453012570/info/ returned response: <Response [200]>
2021-08-20 13:10:02,174 - instabot version: 0.117.0 (api) - DEBUG - GET to endpoint: users/7123501490/info/ returned response: <Response [200]>
2021-08-20 13:10:02,719 - instabot version: 0.117.0 (api) - DEBUG - GET to endpoint: users/6101857559/info/ returned response: <Response [200]>
2021-08-20 13:10:09,320 - instabot version: 0.117.0 (api) - DEBUG - GET to endpoint: feed/tag/дизайнер/?max_id=&rank_token=48835444494_81500ee0-4cf5-493e-ae1a-6a5011cbe63d&ranked_content=true& returned response: <Response [200]>
2021-08-20 13:10:09,997 - instabot version: 0.117.0 (api) - DEBUG - GET to endpoint: users/48934107877/info/ returned response: <Response [200]>
2021-08-20 13:10:10,656 - instabot version: 0.117.0 (api) - DEBUG - GET to endpoint: users/2552905826/info/ returned response: <Response [200]>
2021-08-20 13:10:11,218 - instabot version: 0.117.0 (api) - DEBUG - GET to endpoint: users/2907177549/info/ returned response: <Response [200]>
2021-08-20 13:10:11,744 - instabot version: 0.117.0 (api) - DEBUG - GET to endpoint: users/4112881003/info/ returned response: <Response [200]>
2021-08-20 13:10:12,318 - instabot version: 0.117.0 (api) - DEBUG - GET to endpoint: users/4244578811/info/ returned response: <Response [200]>
2021-08-20 13:10:12,908 - instabot version: 0.117.0 (api) - DEBUG - GET to endpoint: users/3668954319/info/ returned response: <Response [200]>
2021-08-20 13:10:13,514 - instabot version: 0.117.0 (api) - DEBUG - GET to endpoint: users/7056890352/info/ returned response: <Response [200]>
2021-08-20 13:10:14,060 - instabot version: 0.117.0 (api) - DEBUG - GET to endpoint: users/23148211743/info/ returned response: <Response [200]>
2021-08-20 13:10:14,445 - instabot version: 0.117.0 (api) - DEBUG - GET to endpoint: users/48917129426/info/ returned response: <Response [200]>
2021-08-20 13:10:14,965 - instabot version: 0.117.0 (api) - DEBUG - GET to endpoint: users/369196669/info/ returned response: <Response [200]>
2021-08-20 13:10:16,370 - instabot version: 0.117.0 (api) - DEBUG - GET to endpoint: users/1902858920/info/ returned response: <Response [200]>
2021-08-20 13:10:16,958 - instabot version: 0.117.0 (api) - DEBUG - GET to endpoint: users/11688257117/info/ returned response: <Response [200]>
2021-08-20 13:10:17,621 - instabot version: 0.117.0 (api) - DEBUG - GET to endpoint: users/5814091502/info/ returned response: <Response [200]>
2021-08-20 13:10:18,131 - instabot version: 0.117.0 (api) - DEBUG - GET to endpoint: users/439950470/info/ returned response: <Response [200]>
2021-08-20 13:10:18,645 - instabot version: 0.117.0 (api) - DEBUG - GET to endpoint: users/31983339107/info/ returned response: <Response [200]>
2021-08-20 13:10:19,133 - instabot version: 0.117.0 (api) - DEBUG - GET to endpoint: users/39147616900/info/ returned response: <Response [200]>
2021-08-20 13:10:19,721 - instabot version: 0.117.0 (api) - DEBUG - GET to endpoint: users/4801380463/info/ returned response: <Response [200]>
2021-08-20 13:10:20,109 - instabot version: 0.117.0 (api) - DEBUG - GET to endpoint: users/4623961026/info/ returned response: <Response [200]>
2021-08-20 13:10:20,702 - instabot version: 0.117.0 (api) - DEBUG - GET to endpoint: users/39245024017/info/ returned response: <Response [200]>
2021-08-20 13:10:21,316 - instabot version: 0.117.0 (api) - DEBUG - GET to endpoint: users/2247352276/info/ returned response: <Response [200]>
2021-08-20 13:10:21,881 - instabot version: 0.117.0 (api) - DEBUG - GET to endpoint: users/6060646347/info/ returned response: <Response [200]>
2021-08-20 13:10:22,280 - instabot version: 0.117.0 (api) - DEBUG - GET to endpoint: users/44330537355/info/ returned response: <Response [200]>
2021-08-20 13:10:22,748 - instabot version: 0.117.0 (api) - DEBUG - GET to endpoint: users/36429780732/info/ returned response: <Response [200]>
2021-08-20 13:10:23,297 - instabot version: 0.117.0 (api) - DEBUG - GET to endpoint: users/3561812652/info/ returned response: <Response [200]>
2021-08-20 13:10:24,191 - instabot version: 0.117.0 (api) - DEBUG - GET to endpoint: users/45045457273/info/ returned response: <Response [200]>
2021-08-20 13:10:24,696 - instabot version: 0.117.0 (api) - DEBUG - GET to endpoint: users/7276088835/info/ returned response: <Response [200]>
2021-08-20 13:10:25,422 - instabot version: 0.117.0 (api) - DEBUG - GET to endpoint: users/3744964415/info/ returned response: <Response [200]>
2021-08-20 13:10:25,888 - instabot version: 0.117.0 (api) - DEBUG - GET to endpoint: users/48825970241/info/ returned response: <Response [200]>
2021-08-20 13:10:26,396 - instabot version: 0.117.0 (api) - DEBUG - GET to endpoint: users/1449261311/info/ returned response: <Response [200]>
2021-08-20 13:10:27,013 - instabot version: 0.117.0 (api) - DEBUG - GET to endpoint: users/10875428323/info/ returned response: <Response [200]>
2021-08-20 13:10:27,683 - instabot version: 0.117.0 (api) - DEBUG - GET to endpoint: users/498284159/info/ returned response: <Response [200]>
2021-08-20 13:10:28,159 - instabot version: 0.117.0 (api) - DEBUG - GET to endpoint: users/5036105/info/ returned response: <Response [200]>
2021-08-20 13:10:28,777 - instabot version: 0.117.0 (api) - DEBUG - GET to endpoint: users/9018031573/info/ returned response: <Response [200]>
2021-08-20 13:10:29,391 - instabot version: 0.117.0 (api) - DEBUG - GET to endpoint: users/3141809414/info/ returned response: <Response [200]>
2021-08-20 13:10:30,145 - instabot version: 0.117.0 (api) - DEBUG - GET to endpoint: users/48677727484/info/ returned response: <Response [200]>
2021-08-20 13:10:30,605 - instabot version: 0.117.0 (api) - DEBUG - GET to endpoint: users/2048638931/info/ returned response: <Response [200]>
2021-08-20 13:10:31,188 - instabot version: 0.117.0 (api) - DEBUG - GET to endpoint: users/43633152470/info/ returned response: <Response [200]>
2021-08-20 13:10:31,819 - instabot version: 0.117.0 (api) - DEBUG - GET to endpoint: users/8141559919/info/ returned response: <Response [200]>
2021-08-20 13:10:32,400 - instabot version: 0.117.0 (api) - DEBUG - GET to endpoint: users/305638547/info/ returned response: <Response [200]>
2021-08-20 13:10:32,891 - instabot version: 0.117.0 (api) - DEBUG - GET to endpoint: users/2844947323/info/ returned response: <Response [200]>
2021-08-20 13:10:33,437 - instabot version: 0.117.0 (api) - DEBUG - GET to endpoint: users/30552132576/info/ returned response: <Response [200]>
2021-08-20 13:10:33,974 - instabot version: 0.117.0 (api) - DEBUG - GET to endpoint: users/45366158842/info/ returned response: <Response [200]>
2021-08-20 13:10:34,622 - instabot version: 0.117.0 (api) - DEBUG - GET to endpoint: users/43410871342/info/ returned response: <Response [200]>
2021-08-20 13:10:35,165 - instabot version: 0.117.0 (api) - DEBUG - GET to endpoint: users/195538153/info/ returned response: <Response [200]>
2021-08-20 13:10:35,755 - instabot version: 0.117.0 (api) - DEBUG - GET to endpoint: users/37545180319/info/ returned response: <Response [200]>
2021-08-20 13:10:36,325 - instabot version: 0.117.0 (api) - DEBUG - GET to endpoint: users/2308506557/info/ returned response: <Response [200]>
2021-08-20 13:10:36,712 - instabot version: 0.117.0 (api) - DEBUG - GET to endpoint: users/48977871320/info/ returned response: <Response [200]>
2021-08-20 13:10:37,274 - instabot version: 0.117.0 (api) - DEBUG - GET to endpoint: users/348038895/info/ returned response: <Response [200]>
2021-08-20 13:10:37,863 - instabot version: 0.117.0 (api) - DEBUG - GET to endpoint: users/48622583528/info/ returned response: <Response [200]>
2021-08-20 13:10:38,445 - instabot version: 0.117.0 (api) - DEBUG - GET to endpoint: users/27072678425/info/ returned response: <Response [200]>
2021-08-20 13:10:38,816 - instabot version: 0.117.0 (api) - DEBUG - GET to endpoint: users/48098940826/info/ returned response: <Response [200]>
2021-08-20 13:10:39,264 - instabot version: 0.117.0 (api) - DEBUG - GET to endpoint: users/48979364894/info/ returned response: <Response [200]>
2021-08-20 13:10:39,812 - instabot version: 0.117.0 (api) - DEBUG - GET to endpoint: users/8649324575/info/ returned response: <Response [200]>
2021-08-20 13:10:40,322 - instabot version: 0.117.0 (api) - DEBUG - GET to endpoint: users/4631027850/info/ returned response: <Response [200]>
2021-08-20 13:10:40,749 - instabot version: 0.117.0 (api) - DEBUG - GET to endpoint: users/46238618117/info/ returned response: <Response [200]>
2021-08-20 13:10:41,264 - instabot version: 0.117.0 (api) - DEBUG - GET to endpoint: users/1723980462/info/ returned response: <Response [200]>
2021-08-20 13:10:41,810 - instabot version: 0.117.0 (api) - DEBUG - GET to endpoint: users/4218785172/info/ returned response: <Response [200]>
2021-08-20 13:10:42,256 - instabot version: 0.117.0 (api) - DEBUG - GET to endpoint: users/8530127014/info/ returned response: <Response [200]>
2021-08-20 13:10:42,776 - instabot version: 0.117.0 (api) - DEBUG - GET to endpoint: users/177695511/info/ returned response: <Response [200]>
2021-08-20 13:10:43,287 - instabot version: 0.117.0 (api) - DEBUG - GET to endpoint: users/6553099220/info/ returned response: <Response [200]>
2021-08-20 13:10:43,755 - instabot version: 0.117.0 (api) - DEBUG - GET to endpoint: users/4725336468/info/ returned response: <Response [200]>
2021-08-20 13:10:44,287 - instabot version: 0.117.0 (api) - DEBUG - GET to endpoint: users/48922116495/info/ returned response: <Response [200]>
2021-08-20 13:10:44,781 - instabot version: 0.117.0 (api) - DEBUG - GET to endpoint: users/28347137127/info/ returned response: <Response [200]>
2021-08-20 13:22:30,305 - instabot version: 0.117.0 (bot) - INFO - Instabot version: 0.117.0 Started
2021-08-20 13:22:30,305 - instabot version: 0.117.0 (bot) - DEBUG - Bot imported from D:\searchdisaner\venv\lib\site-packages\instabot\bot\bot.py
2021-08-20 13:22:30,306 - instabot version: 0.117.0 (api_login) - DEBUG - Loading uuids
2021-08-20 13:22:30,306 - instabot version: 0.117.0 (api_login) - INFO - Recovery from D:\searchdisaner/config/todoctordoom_uuid_and_cookie.json: COOKIE False - UUIDs True - TIMING, DEVICE and ...
- user-agent=Instagram 117.0.0.28.123 Android (28/9.0; 420dpi; 1080x1920; OnePlus; ONEPLUS A3003; OnePlus3; qcom; en_US; 180322800)
- phone_id=fececc37-13fb-4ca7-b4c1-842926ac61f0
- uuid=d8c038f7-d60d-4ffc-ae20-1b8f9d340f0b
- client_session_id=74517733-9e97-4ac6-9bd3-6396afa278ed
- device_id=android-638845ae1420b535
2021-08-20 13:22:30,308 - instabot version: 0.117.0 (api_login) - INFO - Not yet logged in starting: PRE-LOGIN FLOW!
2021-08-20 13:22:30,615 - instabot version: 0.117.0 (api) - DEBUG - POST to endpoint: accounts/get_prefill_candidates/ returned response: <Response [200]>
2021-08-20 13:22:30,898 - instabot version: 0.117.0 (api) - DEBUG - POST to endpoint: qe/sync/ returned response: <Response [200]>
2021-08-20 13:22:31,158 - instabot version: 0.117.0 (api) - DEBUG - POST to endpoint: launcher/sync/ returned response: <Response [200]>
2021-08-20 13:22:31,457 - instabot version: 0.117.0 (api) - DEBUG - POST to endpoint: accounts/contact_point_prefill/ returned response: <Response [200]>
2021-08-20 13:22:34,171 - instabot version: 0.117.0 (api) - DEBUG - POST to endpoint: accounts/login/ returned response: <Response [200]>
2021-08-20 13:22:34,172 - instabot version: 0.117.0 (api) - INFO - Logged-in successfully as 'todoctordoom'!
2021-08-20 13:22:34,172 - instabot version: 0.117.0 (api_login) - INFO - LOGIN FLOW! Just logged-in: True
2021-08-20 13:22:34,553 - instabot version: 0.117.0 (api) - DEBUG - POST to endpoint: qe/sync/ returned response: <Response [200]>
2021-08-20 13:22:34,910 - instabot version: 0.117.0 (api) - DEBUG - POST to endpoint: launcher/sync/ returned response: <Response [200]>
2021-08-20 13:22:35,250 - instabot version: 0.117.0 (api) - DEBUG - GET to endpoint: zr/token/result/?device_id=android-638845ae1420b535&token_hash=&custom_device_id=android-638845ae1420b535&fetch_reason=token_expired returned response: <Response [200]>
2021-08-20 13:22:35,597 - instabot version: 0.117.0 (api) - DEBUG - GET to endpoint: multiple_accounts/get_account_family/ returned response: <Response [200]>
2021-08-20 13:22:35,939 - instabot version: 0.117.0 (api) - DEBUG - POST to endpoint: qe/sync/ returned response: <Response [200]>
2021-08-20 13:22:36,498 - instabot version: 0.117.0 (api) - DEBUG - GET to endpoint: igtv/browse_feed/?prefetch=1 returned response: <Response [200]>
2021-08-20 13:22:36,855 - instabot version: 0.117.0 (api) - DEBUG - POST to endpoint: creatives/ar_class/ returned response: <Response [200]>
2021-08-20 13:22:37,329 - instabot version: 0.117.0 (api) - DEBUG - POST to endpoint: feed/reels_tray/ returned response: <Response [200]>
2021-08-20 13:22:38,987 - instabot version: 0.117.0 (api) - DEBUG - POST to endpoint: feed/timeline/ returned response: <Response [200]>
2021-08-20 13:22:39,340 - instabot version: 0.117.0 (api) - DEBUG - GET to endpoint: media/blocked/ returned response: <Response [200]>
2021-08-20 13:22:40,330 - instabot version: 0.117.0 (api) - DEBUG - GET to endpoint: news/inbox/ returned response: <Response [200]>
2021-08-20 13:22:40,720 - instabot version: 0.117.0 (api) - DEBUG - GET to endpoint: loom/fetch_config/ returned response: <Response [200]>
2021-08-20 13:22:41,356 - instabot version: 0.117.0 (api) - DEBUG - GET to endpoint: scores/bootstrap/users/?surfaces=["autocomplete_user_list","coefficient_besties_list_ranking","coefficient_rank_recipient_user_suggestion","coefficient_ios_section_test_bootstrap_ranking","coefficient_direct_recipients_ranking_variant_2"] returned response: <Response [200]>
2021-08-20 13:22:41,765 - instabot version: 0.117.0 (api) - DEBUG - GET to endpoint: business/eligibility/get_monetization_products_eligibility_data/?product_types=branded_content returned response: <Response [200]>
2021-08-20 13:22:42,130 - instabot version: 0.117.0 (api) - DEBUG - GET to endpoint: business/branded_content/should_require_professional_account/ returned response: <Response [200]>
2021-08-20 13:22:42,860 - instabot version: 0.117.0 (api) - DEBUG - GET to endpoint: linked_accounts/get_linkage_status/ returned response: <Response [200]>
2021-08-20 13:22:43,208 - instabot version: 0.117.0 (api) - DEBUG - GET to endpoint: locations/request_country/ returned response: <Response [200]>
2021-08-20 13:22:43,555 - instabot version: 0.117.0 (api) - DEBUG - GET to endpoint: qp/get_cooldowns/?signed_body=signed_body=4b9c516a5410a3bc128e09c6104a7f042146b9c2023870560c63a43a7f66781c.4&ig_sig_key_version=4&ig_sig_key_version=4 returned response: <Response [200]>
2021-08-20 13:22:43,923 - instabot version: 0.117.0 (api) - DEBUG - GET to endpoint: users/arlink_download_info/?version_override=2.2.1 returned response: <Response [200]>
2021-08-20 13:22:44,812 - instabot version: 0.117.0 (api) - DEBUG - GET to endpoint: users/46258652727/info/ returned response: <Response [200]>
2021-08-20 13:22:45,213 - instabot version: 0.117.0 (api) - DEBUG - GET to endpoint: direct_v2/get_presence/ returned response: <Response [200]>
2021-08-20 13:22:45,699 - instabot version: 0.117.0 (api) - DEBUG - GET to endpoint: direct_v2/inbox/?visual_message_return_type=unseen&thread_message_limit=10&persistentBadging=true&limit=20 returned response: <Response [200]>
2021-08-20 13:22:46,086 - instabot version: 0.117.0 (api) - DEBUG - GET to endpoint: direct_v2/inbox/?visual_message_return_type=unseen&persistentBadging=true&limit=0 returned response: <Response [200]>
2021-08-20 13:22:46,501 - instabot version: 0.117.0 (api) - DEBUG - GET to endpoint: discover/topical_explore/?is_prefetch=true&omit_cover_media=true&use_sectional_payload=true&timezone_offset=0&session_id=74517733-9e97-4ac6-9bd3-6396afa278ed&include_fixed_destinations=true returned response: <Response [200]>
2021-08-20 13:22:46,856 - instabot version: 0.117.0 (api) - DEBUG - POST to endpoint: notifications/badge/ returned response: <Response [200]>
2021-08-20 13:22:47,324 - instabot version: 0.117.0 (api) - DEBUG - POST to endpoint: qp/batch_fetch/ returned response: <Response [200]>
2021-08-20 13:22:47,326 - instabot version: 0.117.0 (bot_checkpoint) - DEBUG - Loading Checkpoint file from: D:\searchdisaner/config/todoctordoom.checkpoint
2021-08-20 13:22:53,308 - instabot version: 0.117.0 (api) - DEBUG - GET to endpoint: feed/tag/дизайн/?max_id=&rank_token=46258652727_d8c038f7-d60d-4ffc-ae20-1b8f9d340f0b&ranked_content=true& returned response: <Response [200]>
2021-08-20 13:22:53,982 - instabot version: 0.117.0 (api) - DEBUG - GET to endpoint: users/2039903511/info/ returned response: <Response [200]>
2021-08-20 13:22:54,639 - instabot version: 0.117.0 (api) - DEBUG - GET to endpoint: users/639636819/info/ returned response: <Response [200]>
2021-08-20 13:22:55,243 - instabot version: 0.117.0 (api) - DEBUG - GET to endpoint: users/9254248224/info/ returned response: <Response [200]>
2021-08-20 13:22:55,851 - instabot version: 0.117.0 (api) - DEBUG - GET to endpoint: users/3979115698/info/ returned response: <Response [200]>
2021-08-20 13:22:56,633 - instabot version: 0.117.0 (api) - DEBUG - GET to endpoint: users/49005704152/info/ returned response: <Response [200]>
2021-08-20 13:22:58,421 - instabot version: 0.117.0 (api) - DEBUG - GET to endpoint: users/6618370528/info/ returned response: <Response [200]>
2021-08-20 13:22:59,029 - instabot version: 0.117.0 (api) - DEBUG - GET to endpoint: users/1682452649/info/ returned response: <Response [200]>
2021-08-20 13:22:59,903 - instabot version: 0.117.0 (api) - DEBUG - GET to endpoint: users/41711627980/info/ returned response: <Response [200]>
2021-08-20 13:23:01,017 - instabot version: 0.117.0 (api) - DEBUG - GET to endpoint: users/7186940486/info/ returned response: <Response [200]>
2021-08-20 13:23:01,739 - instabot version: 0.117.0 (api) - DEBUG - GET to endpoint: users/6946537144/info/ returned response: <Response [200]>
2021-08-20 13:23:02,590 - instabot version: 0.117.0 (api) - DEBUG - GET to endpoint: users/11352428559/info/ returned response: <Response [200]>
2021-08-20 13:23:03,379 - instabot version: 0.117.0 (api) - DEBUG - GET to endpoint: users/39856352151/info/ returned response: <Response [200]>
2021-08-20 13:23:03,906 - instabot version: 0.117.0 (api) - DEBUG - GET to endpoint: users/4656770998/info/ returned response: <Response [200]>
2021-08-20 13:23:04,548 - instabot version: 0.117.0 (api) - DEBUG - GET to endpoint: users/3210068958/info/ returned response: <Response [200]>
2021-08-20 13:23:05,078 - instabot version: 0.117.0 (api) - DEBUG - GET to endpoint: users/8977645046/info/ returned response: <Response [200]>
2021-08-20 13:23:06,005 - instabot version: 0.117.0 (api) - DEBUG - GET to endpoint: users/4980748616/info/ returned response: <Response [200]>
2021-08-20 13:23:06,621 - instabot version: 0.117.0 (api) - DEBUG - GET to endpoint: users/47940796292/info/ returned response: <Response [200]>
2021-08-20 13:23:07,320 - instabot version: 0.117.0 (api) - DEBUG - GET to endpoint: users/27158537324/info/ returned response: <Response [200]>
2021-08-20 13:23:08,042 - instabot version: 0.117.0 (api) - DEBUG - GET to endpoint: users/4220009191/info/ returned response: <Response [200]>
2021-08-20 13:23:08,643 - instabot version: 0.117.0 (api) - DEBUG - GET to endpoint: users/2175793434/info/ returned response: <Response [200]>
2021-08-20 13:23:09,348 - instabot version: 0.117.0 (api) - DEBUG - GET to endpoint: users/19823191551/info/ returned response: <Response [200]>
2021-08-20 13:23:10,037 - instabot version: 0.117.0 (api) - DEBUG - GET to endpoint: users/8631547193/info/ returned response: <Response [200]>
2021-08-20 13:23:10,797 - instabot version: 0.117.0 (api) - DEBUG - GET to endpoint: users/48969671074/info/ returned response: <Response [200]>
2021-08-20 13:23:11,577 - instabot version: 0.117.0 (api) - DEBUG - GET to endpoint: users/4747369442/info/ returned response: <Response [200]>
2021-08-20 13:23:12,148 - instabot version: 0.117.0 (api) - DEBUG - GET to endpoint: users/48989188639/info/ returned response: <Response [200]>
2021-08-20 13:23:12,757 - instabot version: 0.117.0 (api) - DEBUG - GET to endpoint: users/15473370561/info/ returned response: <Response [200]>
2021-08-20 13:23:13,431 - instabot version: 0.117.0 (api) - DEBUG - GET to endpoint: users/7952034362/info/ returned response: <Response [200]>
2021-08-20 13:23:14,251 - instabot version: 0.117.0 (api) - DEBUG - GET to endpoint: users/7183613725/info/ returned response: <Response [200]>
2021-08-20 13:23:14,882 - instabot version: 0.117.0 (api) - DEBUG - GET to endpoint: users/1324087774/info/ returned response: <Response [200]>
2021-08-20 13:23:15,574 - instabot version: 0.117.0 (api) - DEBUG - GET to endpoint: users/49257688485/info/ returned response: <Response [200]>
2021-08-20 13:23:16,122 - instabot version: 0.117.0 (api) - DEBUG - GET to endpoint: users/6976773448/info/ returned response: <Response [200]>
2021-08-20 13:23:16,726 - instabot version: 0.117.0 (api) - DEBUG - GET to endpoint: users/38256357623/info/ returned response: <Response [200]>
2021-08-20 13:23:17,138 - instabot version: 0.117.0 (api) - DEBUG - GET to endpoint: users/48930970689/info/ returned response: <Response [200]>
2021-08-20 13:23:17,863 - instabot version: 0.117.0 (api) - DEBUG - GET to endpoint: users/48596530851/info/ returned response: <Response [200]>
2021-08-20 13:23:18,473 - instabot version: 0.117.0 (api) - DEBUG - GET to endpoint: users/3100332119/info/ returned response: <Response [200]>
2021-08-20 13:23:19,450 - instabot version: 0.117.0 (api) - DEBUG - GET to endpoint: users/31391239069/info/ returned response: <Response [200]>
2021-08-20 13:23:20,148 - instabot version: 0.117.0 (api) - DEBUG - GET to endpoint: users/32701930758/info/ returned response: <Response [200]>
2021-08-20 13:23:20,756 - instabot version: 0.117.0 (api) - DEBUG - GET to endpoint: users/6371414838/info/ returned response: <Response [200]>
2021-08-20 13:23:21,326 - instabot version: 0.117.0 (api) - DEBUG - GET to endpoint: users/32448099051/info/ returned response: <Response [200]>
2021-08-20 13:23:22,033 - instabot version: 0.117.0 (api) - DEBUG - GET to endpoint: users/48363590332/info/ returned response: <Response [200]>
2021-08-20 13:23:22,583 - instabot version: 0.117.0 (api) - DEBUG - GET to endpoint: users/2072914837/info/ returned response: <Response [200]>
2021-08-20 13:23:23,097 - instabot version: 0.117.0 (api) - DEBUG - GET to endpoint: users/3319315644/info/ returned response: <Response [200]>
2021-08-20 13:23:23,678 - instabot version: 0.117.0 (api) - DEBUG - GET to endpoint: users/8121616662/info/ returned response: <Response [200]>
2021-08-20 13:23:24,228 - instabot version: 0.117.0 (api) - DEBUG - GET to endpoint: users/369196669/info/ returned response: <Response [200]>
2021-08-20 13:23:24,801 - instabot version: 0.117.0 (api) - DEBUG - GET to endpoint: users/49221164074/info/ returned response: <Response [200]>
2021-08-20 13:23:25,445 - instabot version: 0.117.0 (api) - DEBUG - GET to endpoint: users/29042318613/info/ returned response: <Response [200]>
2021-08-20 13:23:26,008 - instabot version: 0.117.0 (api) - DEBUG - GET to endpoint: users/45501766134/info/ returned response: <Response [200]>
2021-08-20 13:23:26,675 - instabot version: 0.117.0 (api) - DEBUG - GET to endpoint: users/16683254898/info/ returned response: <Response [200]>
2021-08-20 13:23:27,152 - instabot version: 0.117.0 (api) - DEBUG - GET to endpoint: users/4920310387/info/ returned response: <Response [200]>
2021-08-20 13:23:27,706 - instabot version: 0.117.0 (api) - DEBUG - GET to endpoint: users/45074650229/info/ returned response: <Response [200]>
2021-08-20 13:23:28,257 - instabot version: 0.117.0 (api) - DEBUG - GET to endpoint: users/7979690823/info/ returned response: <Response [200]>
2021-08-20 13:23:28,770 - instabot version: 0.117.0 (api) - DEBUG - GET to endpoint: users/8238520835/info/ returned response: <Response [200]>
2021-08-20 13:23:29,407 - instabot version: 0.117.0 (api) - DEBUG - GET to endpoint: users/5398695943/info/ returned response: <Response [200]>
2021-08-20 13:23:30,108 - instabot version: 0.117.0 (api) - DEBUG - GET to endpoint: users/47538489994/info/ returned response: <Response [200]>
2021-08-20 13:23:30,791 - instabot version: 0.117.0 (api) - DEBUG - GET to endpoint: users/8468382714/info/ returned response: <Response [200]>
2021-08-20 13:23:31,413 - instabot version: 0.117.0 (api) - DEBUG - GET to endpoint: users/47443216445/info/ returned response: <Response [200]>
2021-08-20 13:23:31,984 - instabot version: 0.117.0 (api) - DEBUG - GET to endpoint: users/38065459381/info/ returned response: <Response [200]>
2021-08-20 13:23:32,890 - instabot version: 0.117.0 (api) - DEBUG - GET to endpoint: users/5005528511/info/ returned response: <Response [200]>
2021-08-20 13:23:33,474 - instabot version: 0.117.0 (api) - DEBUG - GET to endpoint: users/46381429029/info/ returned response: <Response [200]>
2021-08-20 13:23:34,078 - instabot version: 0.117.0 (api) - DEBUG - GET to endpoint: users/19375151761/info/ returned response: <Response [200]>
2021-08-20 13:23:34,690 - instabot version: 0.117.0 (api) - DEBUG - GET to endpoint: users/33655737670/info/ returned response: <Response [200]>
2021-08-20 13:23:35,355 - instabot version: 0.117.0 (api) - DEBUG - GET to endpoint: users/388328284/info/ returned response: <Response [200]>
2021-08-20 13:23:35,999 - instabot version: 0.117.0 (api) - DEBUG - GET to endpoint: users/14833863110/info/ returned response: <Response [200]>
2021-08-20 13:23:36,902 - instabot version: 0.117.0 (api) - DEBUG - GET to endpoint: users/45564890565/info/ returned response: <Response [200]>
2021-08-20 13:23:37,609 - instabot version: 0.117.0 (api) - DEBUG - GET to endpoint: users/6101857559/info/ returned response: <Response [200]>
2021-08-20 13:23:42,989 - instabot version: 0.117.0 (api) - DEBUG - GET to endpoint: feed/tag/дизайнер/?max_id=&rank_token=46258652727_d8c038f7-d60d-4ffc-ae20-1b8f9d340f0b&ranked_content=true& returned response: <Response [200]>
2021-08-20 13:23:43,681 - instabot version: 0.117.0 (api) - DEBUG - GET to endpoint: users/421175476/info/ returned response: <Response [200]>
2021-08-20 13:23:44,163 - instabot version: 0.117.0 (api) - DEBUG - GET to endpoint: users/48993728204/info/ returned response: <Response [200]>
2021-08-20 13:23:44,920 - instabot version: 0.117.0 (api) - DEBUG - GET to endpoint: users/37764763982/info/ returned response: <Response [200]>
2021-08-20 13:23:45,768 - instabot version: 0.117.0 (api) - DEBUG - GET to endpoint: users/3260139185/info/ returned response: <Response [200]>
2021-08-20 13:23:46,493 - instabot version: 0.117.0 (api) - DEBUG - GET to endpoint: users/6097892592/info/ returned response: <Response [200]>
2021-08-20 13:23:47,140 - instabot version: 0.117.0 (api) - DEBUG - GET to endpoint: users/46591300929/info/ returned response: <Response [200]>
2021-08-20 13:23:47,795 - instabot version: 0.117.0 (api) - DEBUG - GET to endpoint: users/48934107877/info/ returned response: <Response [200]>
2021-08-20 13:23:48,406 - instabot version: 0.117.0 (api) - DEBUG - GET to endpoint: users/13112298149/info/ returned response: <Response [200]>
2021-08-20 13:23:48,861 - instabot version: 0.117.0 (api) - DEBUG - GET to endpoint: users/47700708685/info/ returned response: <Response [200]>
2021-08-20 13:23:49,447 - instabot version: 0.117.0 (api) - DEBUG - GET to endpoint: users/1380345785/info/ returned response: <Response [200]>
2021-08-20 13:23:49,994 - instabot version: 0.117.0 (api) - DEBUG - GET to endpoint: users/48300263850/info/ returned response: <Response [200]>
2021-08-20 13:23:50,523 - instabot version: 0.117.0 (api) - DEBUG - GET to endpoint: users/228260090/info/ returned response: <Response [200]>
2021-08-20 13:23:51,132 - instabot version: 0.117.0 (api) - DEBUG - GET to endpoint: users/21679055666/info/ returned response: <Response [200]>
2021-08-20 13:23:51,733 - instabot version: 0.117.0 (api) - DEBUG - GET to endpoint: users/5914654349/info/ returned response: <Response [200]>
2021-08-20 13:23:52,190 - instabot version: 0.117.0 (api) - DEBUG - GET to endpoint: users/46628103551/info/ returned response: <Response [200]>
2021-08-20 13:23:52,804 - instabot version: 0.117.0 (api) - DEBUG - GET to endpoint: users/2552905826/info/ returned response: <Response [200]>
2021-08-20 13:23:53,669 - instabot version: 0.117.0 (api) - DEBUG - GET to endpoint: users/2907177549/info/ returned response: <Response [200]>
2021-08-20 13:23:54,292 - instabot version: 0.117.0 (api) - DEBUG - GET to endpoint: users/4112881003/info/ returned response: <Response [200]>
2021-08-20 13:23:54,896 - instabot version: 0.117.0 (api) - DEBUG - GET to endpoint: users/4244578811/info/ returned response: <Response [200]>
2021-08-20 13:23:55,429 - instabot version: 0.117.0 (api) - DEBUG - GET to endpoint: users/30025554093/info/ returned response: <Response [200]>
2021-08-20 13:23:55,941 - instabot version: 0.117.0 (api) - DEBUG - GET to endpoint: users/3668954319/info/ returned response: <Response [200]>
2021-08-20 13:23:56,626 - instabot version: 0.117.0 (api) - DEBUG - GET to endpoint: users/3726789869/info/ returned response: <Response [200]>
2021-08-20 13:23:57,207 - instabot version: 0.117.0 (api) - DEBUG - GET to endpoint: users/2933143873/info/ returned response: <Response [200]>
2021-08-20 13:23:57,855 - instabot version: 0.117.0 (api) - DEBUG - GET to endpoint: users/7056890352/info/ returned response: <Response [200]>
2021-08-20 13:23:58,449 - instabot version: 0.117.0 (api) - DEBUG - GET to endpoint: users/1423211814/info/ returned response: <Response [200]>
2021-08-20 13:23:59,150 - instabot version: 0.117.0 (api) - DEBUG - GET to endpoint: users/23148211743/info/ returned response: <Response [200]>
2021-08-20 13:23:59,566 - instabot version: 0.117.0 (api) - DEBUG - GET to endpoint: users/48917129426/info/ returned response: <Response [200]>
2021-08-20 13:24:00,139 - instabot version: 0.117.0 (api) - DEBUG - GET to endpoint: users/1902858920/info/ returned response: <Response [200]>
2021-08-20 13:24:00,674 - instabot version: 0.117.0 (api) - DEBUG - GET to endpoint: users/11170051901/info/ returned response: <Response [200]>
2021-08-20 13:24:01,490 - instabot version: 0.117.0 (api) - DEBUG - GET to endpoint: users/11688257117/info/ returned response: <Response [200]>
2021-08-20 13:24:02,188 - instabot version: 0.117.0 (api) - DEBUG - GET to endpoint: users/5814091502/info/ returned response: <Response [200]>
2021-08-20 13:24:02,693 - instabot version: 0.117.0 (api) - DEBUG - GET to endpoint: users/439950470/info/ returned response: <Response [200]>
2021-08-20 13:24:03,305 - instabot version: 0.117.0 (api) - DEBUG - GET to endpoint: users/31983339107/info/ returned response: <Response [200]>
2021-08-20 13:24:03,811 - instabot version: 0.117.0 (api) - DEBUG - GET to endpoint: users/39147616900/info/ returned response: <Response [200]>
2021-08-20 13:24:04,394 - instabot version: 0.117.0 (api) - DEBUG - GET to endpoint: users/4801380463/info/ returned response: <Response [200]>
2021-08-20 13:24:04,828 - instabot version: 0.117.0 (api) - DEBUG - GET to endpoint: users/4623961026/info/ returned response: <Response [200]>
2021-08-20 13:24:05,440 - instabot version: 0.117.0 (api) - DEBUG - GET to endpoint: users/39245024017/info/ returned response: <Response [200]>
2021-08-20 13:24:06,018 - instabot version: 0.117.0 (api) - DEBUG - GET to endpoint: users/2247352276/info/ returned response: <Response [200]>
2021-08-20 13:24:06,648 - instabot version: 0.117.0 (api) - DEBUG - GET to endpoint: users/6060646347/info/ returned response: <Response [200]>
2021-08-20 13:24:07,333 - instabot version: 0.117.0 (api) - DEBUG - GET to endpoint: users/44330537355/info/ returned response: <Response [200]>
2021-08-20 13:24:07,857 - instabot version: 0.117.0 (api) - DEBUG - GET to endpoint: users/36429780732/info/ returned response: <Response [200]>
2021-08-20 13:24:08,429 - instabot version: 0.117.0 (api) - DEBUG - GET to endpoint: users/3561812652/info/ returned response: <Response [200]>
2021-08-20 13:24:09,012 - instabot version: 0.117.0 (api) - DEBUG - GET to endpoint: users/7745155692/info/ returned response: <Response [200]>
2021-08-20 13:24:09,613 - instabot version: 0.117.0 (api) - DEBUG - GET to endpoint: users/7276088835/info/ returned response: <Response [200]>
2021-08-20 13:24:10,379 - instabot version: 0.117.0 (api) - DEBUG - GET to endpoint: users/3744964415/info/ returned response: <Response [200]>
2021-08-20 13:24:10,939 - instabot version: 0.117.0 (api) - DEBUG - GET to endpoint: users/1449261311/info/ returned response: <Response [200]>
2021-08-20 13:24:11,539 - instabot version: 0.117.0 (api) - DEBUG - GET to endpoint: users/10875428323/info/ returned response: <Response [200]>
2021-08-20 13:24:12,098 - instabot version: 0.117.0 (api) - DEBUG - GET to endpoint: users/9018031573/info/ returned response: <Response [200]>
2021-08-20 13:24:12,658 - instabot version: 0.117.0 (api) - DEBUG - GET to endpoint: users/8141559919/info/ returned response: <Response [200]>
2021-08-20 13:24:13,189 - instabot version: 0.117.0 (api) - DEBUG - GET to endpoint: users/48622583528/info/ returned response: <Response [200]>
2021-08-20 13:24:13,830 - instabot version: 0.117.0 (api) - DEBUG - GET to endpoint: users/48979364894/info/ returned response: <Response [200]>
2021-08-20 13:24:14,549 - instabot version: 0.117.0 (api) - DEBUG - GET to endpoint: users/177695511/info/ returned response: <Response [200]>
2021-08-20 13:24:15,106 - instabot version: 0.117.0 (api) - DEBUG - GET to endpoint: users/28347137127/info/ returned response: <Response [200]>
2021-08-20 13:24:15,903 - instabot version: 0.117.0 (api) - DEBUG - GET to endpoint: users/7123501490/info/ returned response: <Response [200]>
2021-08-20 13:32:06,181 - instabot version: 0.117.0 (bot) - INFO - Instabot version: 0.117.0 Started
2021-08-20 13:32:06,181 - instabot version: 0.117.0 (bot) - DEBUG - Bot imported from D:\searchdisaner\venv\lib\site-packages\instabot\bot\bot.py
2021-08-20 13:32:06,199 - instabot version: 0.117.0 (api_login) - DEBUG - Loading uuids
2021-08-20 13:32:06,200 - instabot version: 0.117.0 (api_login) - INFO - Recovery from D:\searchdisaner/config/instbober_uuid_and_cookie.json: COOKIE False - UUIDs True - TIMING, DEVICE and ...
- user-agent=Instagram 117.0.0.28.123 Android (28/9.0; 420dpi; 1080x1920; OnePlus; ONEPLUS A3003; OnePlus3; qcom; en_US; 180322800)
- phone_id=69e66906-ef6a-4561-86e6-8c98a236847c
- uuid=81500ee0-4cf5-493e-ae1a-6a5011cbe63d
- client_session_id=32957a9d-435a-448b-9ee5-e5e488d33b0c
- device_id=android-ba894ce94a484232
2021-08-20 13:32:06,200 - instabot version: 0.117.0 (api_login) - INFO - Not yet logged in starting: PRE-LOGIN FLOW!
2021-08-20 13:32:06,483 - instabot version: 0.117.0 (api) - DEBUG - POST to endpoint: accounts/get_prefill_candidates/ returned response: <Response [200]>
2021-08-20 13:32:06,759 - instabot version: 0.117.0 (api) - DEBUG - POST to endpoint: qe/sync/ returned response: <Response [200]>
2021-08-20 13:32:07,061 - instabot version: 0.117.0 (api) - DEBUG - POST to endpoint: launcher/sync/ returned response: <Response [200]>
2021-08-20 13:32:07,342 - instabot version: 0.117.0 (api) - DEBUG - POST to endpoint: accounts/contact_point_prefill/ returned response: <Response [200]>
2021-08-20 13:32:10,015 - instabot version: 0.117.0 (api) - DEBUG - POST to endpoint: accounts/login/ returned response: <Response [200]>
2021-08-20 13:32:10,016 - instabot version: 0.117.0 (api) - INFO - Logged-in successfully as 'instbober'!
2021-08-20 13:32:10,016 - instabot version: 0.117.0 (api_login) - INFO - LOGIN FLOW! Just logged-in: True
2021-08-20 13:32:10,335 - instabot version: 0.117.0 (api) - DEBUG - POST to endpoint: qe/sync/ returned response: <Response [200]>
2021-08-20 13:32:10,659 - instabot version: 0.117.0 (api) - DEBUG - POST to endpoint: launcher/sync/ returned response: <Response [200]>
2021-08-20 13:32:10,949 - instabot version: 0.117.0 (api) - DEBUG - GET to endpoint: zr/token/result/?device_id=android-ba894ce94a484232&token_hash=&custom_device_id=android-ba894ce94a484232&fetch_reason=token_expired returned response: <Response [200]>
2021-08-20 13:32:11,229 - instabot version: 0.117.0 (api) - DEBUG - GET to endpoint: multiple_accounts/get_account_family/ returned response: <Response [200]>
2021-08-20 13:32:11,521 - instabot version: 0.117.0 (api) - DEBUG - POST to endpoint: qe/sync/ returned response: <Response [200]>
2021-08-20 13:32:12,246 - instabot version: 0.117.0 (api) - DEBUG - GET to endpoint: igtv/browse_feed/?prefetch=1 returned response: <Response [200]>
2021-08-20 13:32:12,543 - instabot version: 0.117.0 (api) - DEBUG - POST to endpoint: creatives/ar_class/ returned response: <Response [200]>
2021-08-20 13:32:12,945 - instabot version: 0.117.0 (api) - DEBUG - POST to endpoint: feed/reels_tray/ returned response: <Response [200]>
2021-08-20 13:32:14,496 - instabot version: 0.117.0 (api) - DEBUG - POST to endpoint: feed/timeline/ returned response: <Response [200]>
2021-08-20 13:32:14,787 - instabot version: 0.117.0 (api) - DEBUG - GET to endpoint: media/blocked/ returned response: <Response [200]>
2021-08-20 13:32:15,466 - instabot version: 0.117.0 (api) - DEBUG - GET to endpoint: news/inbox/ returned response: <Response [200]>
2021-08-20 13:32:15,770 - instabot version: 0.117.0 (api) - DEBUG - GET to endpoint: loom/fetch_config/ returned response: <Response [200]>
2021-08-20 13:32:16,341 - instabot version: 0.117.0 (api) - DEBUG - GET to endpoint: scores/bootstrap/users/?surfaces=["autocomplete_user_list","coefficient_besties_list_ranking","coefficient_rank_recipient_user_suggestion","coefficient_ios_section_test_bootstrap_ranking","coefficient_direct_recipients_ranking_variant_2"] returned response: <Response [200]>
2021-08-20 13:32:16,629 - instabot version: 0.117.0 (api) - DEBUG - GET to endpoint: business/eligibility/get_monetization_products_eligibility_data/?product_types=branded_content returned response: <Response [200]>
2021-08-20 13:32:16,932 - instabot version: 0.117.0 (api) - DEBUG - GET to endpoint: business/branded_content/should_require_professional_account/ returned response: <Response [200]>
2021-08-20 13:32:17,230 - instabot version: 0.117.0 (api) - DEBUG - GET to endpoint: linked_accounts/get_linkage_status/ returned response: <Response [200]>
2021-08-20 13:32:17,525 - instabot version: 0.117.0 (api) - DEBUG - GET to endpoint: locations/request_country/ returned response: <Response [200]>
2021-08-20 13:32:17,928 - instabot version: 0.117.0 (api) - DEBUG - GET to endpoint: qp/get_cooldowns/?signed_body=signed_body=4b9c516a5410a3bc128e09c6104a7f042146b9c2023870560c63a43a7f66781c.4&ig_sig_key_version=4&ig_sig_key_version=4 returned response: <Response [200]>
2021-08-20 13:32:18,226 - instabot version: 0.117.0 (api) - DEBUG - GET to endpoint: users/arlink_download_info/?version_override=2.2.1 returned response: <Response [200]>
2021-08-20 13:32:18,636 - instabot version: 0.117.0 (api) - DEBUG - GET to endpoint: users/48835444494/info/ returned response: <Response [200]>
2021-08-20 13:32:19,041 - instabot version: 0.117.0 (api) - DEBUG - GET to endpoint: direct_v2/get_presence/ returned response: <Response [200]>
2021-08-20 13:32:19,637 - instabot version: 0.117.0 (api) - DEBUG - GET to endpoint: direct_v2/inbox/?visual_message_return_type=unseen&thread_message_limit=10&persistentBadging=true&limit=20 returned response: <Response [200]>
2021-08-20 13:32:20,045 - instabot version: 0.117.0 (api) - DEBUG - GET to endpoint: direct_v2/inbox/?visual_message_return_type=unseen&persistentBadging=true&limit=0 returned response: <Response [200]>
2021-08-20 13:32:20,488 - instabot version: 0.117.0 (api) - DEBUG - GET to endpoint: discover/topical_explore/?is_prefetch=true&omit_cover_media=true&use_sectional_payload=true&timezone_offset=0&session_id=32957a9d-435a-448b-9ee5-e5e488d33b0c&include_fixed_destinations=true returned response: <Response [200]>
2021-08-20 13:32:20,763 - instabot version: 0.117.0 (api) - DEBUG - POST to endpoint: notifications/badge/ returned response: <Response [200]>
2021-08-20 13:32:21,233 - instabot version: 0.117.0 (api) - DEBUG - POST to endpoint: qp/batch_fetch/ returned response: <Response [200]>
2021-08-20 13:32:21,235 - instabot version: 0.117.0 (bot_checkpoint) - DEBUG - Loading Checkpoint file from: D:\searchdisaner/config/instbober.checkpoint
2021-08-20 13:32:26,914 - instabot version: 0.117.0 (api) - DEBUG - GET to endpoint: feed/tag/дизайн/?max_id=&rank_token=48835444494_81500ee0-4cf5-493e-ae1a-6a5011cbe63d&ranked_content=true& returned response: <Response [200]>
2021-08-20 13:32:27,470 - instabot version: 0.117.0 (api) - DEBUG - GET to endpoint: users/9245801345/info/ returned response: <Response [200]>
2021-08-20 13:32:27,972 - instabot version: 0.117.0 (api) - DEBUG - GET to endpoint: users/47369525062/info/ returned response: <Response [200]>
2021-08-20 13:32:28,522 - instabot version: 0.117.0 (api) - DEBUG - GET to endpoint: users/45601224667/info/ returned response: <Response [200]>
2021-08-20 13:32:29,082 - instabot version: 0.117.0 (api) - DEBUG - GET to endpoint: users/32321629156/info/ returned response: <Response [200]>
2021-08-20 13:32:29,660 - instabot version: 0.117.0 (api) - DEBUG - GET to endpoint: users/34219834883/info/ returned response: <Response [200]>
2021-08-20 13:32:30,115 - instabot version: 0.117.0 (api) - DEBUG - GET to endpoint: users/21292164804/info/ returned response: <Response [200]>
2021-08-20 13:32:30,479 - instabot version: 0.117.0 (api) - DEBUG - GET to endpoint: users/47861002379/info/ returned response: <Response [200]>
2021-08-20 13:32:31,197 - instabot version: 0.117.0 (api) - DEBUG - GET to endpoint: users/1614197191/info/ returned response: <Response [200]>
2021-08-20 13:32:31,648 - instabot version: 0.117.0 (api) - DEBUG - GET to endpoint: users/48429586862/info/ returned response: <Response [200]>
2021-08-20 13:32:32,155 - instabot version: 0.117.0 (api) - DEBUG - GET to endpoint: users/13101454594/info/ returned response: <Response [200]>
2021-08-20 13:32:32,673 - instabot version: 0.117.0 (api) - DEBUG - GET to endpoint: users/25991110203/info/ returned response: <Response [200]>
2021-08-20 13:32:33,167 - instabot version: 0.117.0 (api) - DEBUG - GET to endpoint: users/9635604796/info/ returned response: <Response [200]>
2021-08-20 13:32:33,725 - instabot version: 0.117.0 (api) - DEBUG - GET to endpoint: users/6764812220/info/ returned response: <Response [200]>
2021-08-20 13:32:34,264 - instabot version: 0.117.0 (api) - DEBUG - GET to endpoint: users/25522759724/info/ returned response: <Response [200]>
2021-08-20 13:32:34,785 - instabot version: 0.117.0 (api) - DEBUG - GET to endpoint: users/19146705388/info/ returned response: <Response [200]>
2021-08-20 13:32:35,252 - instabot version: 0.117.0 (api) - DEBUG - GET to endpoint: users/48817269759/info/ returned response: <Response [200]>
2021-08-20 13:32:35,778 - instabot version: 0.117.0 (api) - DEBUG - GET to endpoint: users/4010684158/info/ returned response: <Response [200]>
2021-08-20 13:32:36,358 - instabot version: 0.117.0 (api) - DEBUG - GET to endpoint: users/30042432003/info/ returned response: <Response [200]>
2021-08-20 13:32:36,897 - instabot version: 0.117.0 (api) - DEBUG - GET to endpoint: users/1173768424/info/ returned response: <Response [200]>
2021-08-20 13:32:37,495 - instabot version: 0.117.0 (api) - DEBUG - GET to endpoint: users/9128276191/info/ returned response: <Response [200]>
2021-08-20 13:32:38,090 - instabot version: 0.117.0 (api) - DEBUG - GET to endpoint: users/7952034362/info/ returned response: <Response [200]>
2021-08-20 13:32:38,660 - instabot version: 0.117.0 (api) - DEBUG - GET to endpoint: users/48933195782/info/ returned response: <Response [200]>
2021-08-20 13:32:39,203 - instabot version: 0.117.0 (api) - DEBUG - GET to endpoint: users/48637998111/info/ returned response: <Response [200]>
2021-08-20 13:32:39,926 - instabot version: 0.117.0 (api) - DEBUG - GET to endpoint: users/7424129423/info/ returned response: <Response [200]>
2021-08-20 13:32:40,461 - instabot version: 0.117.0 (api) - DEBUG - GET to endpoint: users/2348536642/info/ returned response: <Response [200]>
2021-08-20 13:32:42,021 - instabot version: 0.117.0 (api) - DEBUG - GET to endpoint: users/32559245690/info/ returned response: <Response [200]>
2021-08-20 13:32:42,620 - instabot version: 0.117.0 (api) - DEBUG - GET to endpoint: users/36123024256/info/ returned response: <Response [200]>
2021-08-20 13:32:43,379 - instabot version: 0.117.0 (api) - DEBUG - GET to endpoint: users/49257688485/info/ returned response: <Response [200]>
2021-08-20 13:32:43,931 - instabot version: 0.117.0 (api) - DEBUG - GET to endpoint: users/20888103652/info/ returned response: <Response [200]>
2021-08-20 13:32:44,437 - instabot version: 0.117.0 (api) - DEBUG - GET to endpoint: users/44980532650/info/ returned response: <Response [200]>
2021-08-20 13:32:45,007 - instabot version: 0.117.0 (api) - DEBUG - GET to endpoint: users/48807178475/info/ returned response: <Response [200]>
2021-08-20 13:32:45,801 - instabot version: 0.117.0 (api) - DEBUG - GET to endpoint: users/45230102944/info/ returned response: <Response [200]>
2021-08-20 13:32:46,444 - instabot version: 0.117.0 (api) - DEBUG - GET to endpoint: users/4027883859/info/ returned response: <Response [200]>
2021-08-20 13:32:47,012 - instabot version: 0.117.0 (api) - DEBUG - GET to endpoint: users/25840704484/info/ returned response: <Response [200]>
2021-08-20 13:32:47,487 - instabot version: 0.117.0 (api) - DEBUG - GET to endpoint: users/48983686980/info/ returned response: <Response [200]>
2021-08-20 13:32:48,043 - instabot version: 0.117.0 (api) - DEBUG - GET to endpoint: users/2340124887/info/ returned response: <Response [200]>
2021-08-20 13:32:48,693 - instabot version: 0.117.0 (api) - DEBUG - GET to endpoint: users/3936550539/info/ returned response: <Response [200]>
2021-08-20 13:32:49,208 - instabot version: 0.117.0 (api) - DEBUG - GET to endpoint: users/3054624774/info/ returned response: <Response [200]>
2021-08-20 13:32:49,741 - instabot version: 0.117.0 (api) - DEBUG - GET to endpoint: users/45150066854/info/ returned response: <Response [200]>
2021-08-20 13:32:50,207 - instabot version: 0.117.0 (api) - DEBUG - GET to endpoint: users/49002938429/info/ returned response: <Response [200]>
2021-08-20 13:32:50,571 - instabot version: 0.117.0 (api) - DEBUG - GET to endpoint: users/48900261436/info/ returned response: <Response [200]>
2021-08-20 13:32:51,145 - instabot version: 0.117.0 (api) - DEBUG - GET to endpoint: users/27005150526/info/ returned response: <Response [200]>
2021-08-20 13:32:51,845 - instabot version: 0.117.0 (api) - DEBUG - GET to endpoint: users/31088063086/info/ returned response: <Response [200]>
2021-08-20 13:32:52,390 - instabot version: 0.117.0 (api) - DEBUG - GET to endpoint: users/8203514701/info/ returned response: <Response [200]>
2021-08-20 13:32:52,910 - instabot version: 0.117.0 (api) - DEBUG - GET to endpoint: users/17053765673/info/ returned response: <Response [200]>
2021-08-20 13:32:53,334 - instabot version: 0.117.0 (api) - DEBUG - GET to endpoint: users/44585732844/info/ returned response: <Response [200]>
2021-08-20 13:32:54,154 - instabot version: 0.117.0 (api) - DEBUG - GET to endpoint: users/33652628124/info/ returned response: <Response [200]>
2021-08-20 13:32:54,750 - instabot version: 0.117.0 (api) - DEBUG - GET to endpoint: users/7951523078/info/ returned response: <Response [200]>
2021-08-20 13:32:55,318 - instabot version: 0.117.0 (api) - DEBUG - GET to endpoint: users/26454576957/info/ returned response: <Response [200]>
2021-08-20 13:32:55,846 - instabot version: 0.117.0 (api) - DEBUG - GET to endpoint: users/3677698763/info/ returned response: <Response [200]>
2021-08-20 13:32:56,357 - instabot version: 0.117.0 (api) - DEBUG - GET to endpoint: users/4208228480/info/ returned response: <Response [200]>
2021-08-20 13:32:56,760 - instabot version: 0.117.0 (api) - DEBUG - GET to endpoint: users/48655374189/info/ returned response: <Response [200]>
2021-08-20 13:32:57,326 - instabot version: 0.117.0 (api) - DEBUG - GET to endpoint: users/5653815283/info/ returned response: <Response [200]>
2021-08-20 13:32:57,850 - instabot version: 0.117.0 (api) - DEBUG - GET to endpoint: users/6928739277/info/ returned response: <Response [200]>
2021-08-20 13:32:58,353 - instabot version: 0.117.0 (api) - DEBUG - GET to endpoint: users/2295341180/info/ returned response: <Response [200]>
2021-08-20 13:32:58,742 - instabot version: 0.117.0 (api) - DEBUG - GET to endpoint: users/44575317823/info/ returned response: <Response [200]>
2021-08-20 13:32:59,255 - instabot version: 0.117.0 (api) - DEBUG - GET to endpoint: users/4963562618/info/ returned response: <Response [200]>
2021-08-20 13:32:59,684 - instabot version: 0.117.0 (api) - DEBUG - GET to endpoint: users/40058420987/info/ returned response: <Response [200]>
2021-08-20 13:33:00,277 - instabot version: 0.117.0 (api) - DEBUG - GET to endpoint: users/7067442683/info/ returned response: <Response [200]>
2021-08-20 13:33:00,818 - instabot version: 0.117.0 (api) - DEBUG - GET to endpoint: users/2279216678/info/ returned response: <Response [200]>
2021-08-20 13:33:01,470 - instabot version: 0.117.0 (api) - DEBUG - GET to endpoint: users/7337240465/info/ returned response: <Response [200]>
2021-08-20 13:33:02,155 - instabot version: 0.117.0 (api) - DEBUG - GET to endpoint: users/4449932616/info/ returned response: <Response [200]>
2021-08-20 13:33:02,541 - instabot version: 0.117.0 (api) - DEBUG - GET to endpoint: users/48277452822/info/ returned response: <Response [200]>
2021-08-20 13:33:03,067 - instabot version: 0.117.0 (api) - DEBUG - GET to endpoint: users/48888049157/info/ returned response: <Response [200]>
2021-08-20 13:33:03,693 - instabot version: 0.117.0 (api) - DEBUG - GET to endpoint: users/3232773116/info/ returned response: <Response [200]>
2021-08-20 13:33:04,637 - instabot version: 0.117.0 (api) - DEBUG - GET to endpoint: users/4539153638/info/ returned response: <Response [200]>
2021-08-20 13:33:05,028 - instabot version: 0.117.0 (api) - DEBUG - GET to endpoint: users/8977645046/info/ returned response: <Response [200]>
2021-08-20 13:33:05,574 - instabot version: 0.117.0 (api) - DEBUG - GET to endpoint: users/369196669/info/ returned response: <Response [200]>
2021-08-20 13:33:06,082 - instabot version: 0.117.0 (api) - DEBUG - GET to endpoint: users/7908881174/info/ returned response: <Response [200]>
2021-08-20 13:33:06,692 - instabot version: 0.117.0 (api) - DEBUG - GET to endpoint: users/11082286674/info/ returned response: <Response [200]>
2021-08-20 13:33:07,198 - instabot version: 0.117.0 (api) - DEBUG - GET to endpoint: users/28640808081/info/ returned response: <Response [200]>
2021-08-20 13:33:07,706 - instabot version: 0.117.0 (api) - DEBUG - GET to endpoint: users/11597389403/info/ returned response: <Response [200]>
2021-08-20 13:33:08,279 - instabot version: 0.117.0 (api) - DEBUG - GET to endpoint: users/2238171529/info/ returned response: <Response [200]>
2021-08-20 13:33:08,808 - instabot version: 0.117.0 (api) - DEBUG - GET to endpoint: users/44929706040/info/ returned response: <Response [200]>
2021-08-20 13:33:09,385 - instabot version: 0.117.0 (api) - DEBUG - GET to endpoint: users/46461317803/info/ returned response: <Response [200]>
2021-08-20 13:33:10,003 - instabot version: 0.117.0 (api) - DEBUG - GET to endpoint: users/16902398206/info/ returned response: <Response [200]>
2021-08-20 13:33:10,473 - instabot version: 0.117.0 (api) - DEBUG - GET to endpoint: users/1700165055/info/ returned response: <Response [200]>
2021-08-20 13:33:11,036 - instabot version: 0.117.0 (api) - DEBUG - GET to endpoint: users/47827338126/info/ returned response: <Response [200]>
2021-08-20 13:33:21,702 - instabot version: 0.117.0 (api) - DEBUG - GET to endpoint: feed/tag/дизайнер/?max_id=&rank_token=48835444494_81500ee0-4cf5-493e-ae1a-6a5011cbe63d&ranked_content=true& returned response: <Response [200]>
2021-08-20 13:33:22,184 - instabot version: 0.117.0 (api) - DEBUG - GET to endpoint: users/48934107877/info/ returned response: <Response [200]>
2021-08-20 13:33:22,764 - instabot version: 0.117.0 (api) - DEBUG - GET to endpoint: users/2095577995/info/ returned response: <Response [200]>
2021-08-20 13:33:23,217 - instabot version: 0.117.0 (api) - DEBUG - GET to endpoint: users/48889727179/info/ returned response: <Response [200]>
2021-08-20 13:33:23,893 - instabot version: 0.117.0 (api) - DEBUG - GET to endpoint: users/405989226/info/ returned response: <Response [200]>
2021-08-20 13:33:24,719 - instabot version: 0.117.0 (api) - DEBUG - GET to endpoint: users/9165867654/info/ returned response: <Response [200]>
2021-08-20 13:33:25,215 - instabot version: 0.117.0 (api) - DEBUG - GET to endpoint: users/38192171978/info/ returned response: <Response [200]>
2021-08-20 13:33:25,729 - instabot version: 0.117.0 (api) - DEBUG - GET to endpoint: users/421175476/info/ returned response: <Response [200]>
2021-08-20 13:33:26,119 - instabot version: 0.117.0 (api) - DEBUG - GET to endpoint: users/48993728204/info/ returned response: <Response [200]>
2021-08-20 13:33:26,674 - instabot version: 0.117.0 (api) - DEBUG - GET to endpoint: users/37764763982/info/ returned response: <Response [200]>
2021-08-20 13:33:27,198 - instabot version: 0.117.0 (api) - DEBUG - GET to endpoint: users/11352428559/info/ returned response: <Response [200]>
2021-08-20 13:33:27,892 - instabot version: 0.117.0 (api) - DEBUG - GET to endpoint: users/3260139185/info/ returned response: <Response [200]>
2021-08-20 13:33:28,491 - instabot version: 0.117.0 (api) - DEBUG - GET to endpoint: users/15473370561/info/ returned response: <Response [200]>
2021-08-20 13:33:29,046 - instabot version: 0.117.0 (api) - DEBUG - GET to endpoint: users/2050465625/info/ returned response: <Response [200]>
2021-08-20 13:33:29,564 - instabot version: 0.117.0 (api) - DEBUG - GET to endpoint: users/6097892592/info/ returned response: <Response [200]>
2021-08-20 13:33:30,076 - instabot version: 0.117.0 (api) - DEBUG - GET to endpoint: users/32448099051/info/ returned response: <Response [200]>
2021-08-20 13:33:30,449 - instabot version: 0.117.0 (api) - DEBUG - GET to endpoint: users/8238520835/info/ returned response: <Response [200]>
2021-08-20 13:33:30,981 - instabot version: 0.117.0 (api) - DEBUG - GET to endpoint: users/46591300929/info/ returned response: <Response [200]>
2021-08-20 13:33:31,507 - instabot version: 0.117.0 (api) - DEBUG - GET to endpoint: users/13112298149/info/ returned response: <Response [200]>
2021-08-20 13:33:31,935 - instabot version: 0.117.0 (api) - DEBUG - GET to endpoint: users/47700708685/info/ returned response: <Response [200]>
2021-08-20 13:33:32,734 - instabot version: 0.117.0 (api) - DEBUG - GET to endpoint: users/1380345785/info/ returned response: <Response [200]>
2021-08-20 13:33:33,240 - instabot version: 0.117.0 (api) - DEBUG - GET to endpoint: users/48300263850/info/ returned response: <Response [200]>
2021-08-20 13:33:33,775 - instabot version: 0.117.0 (api) - DEBUG - GET to endpoint: users/228260090/info/ returned response: <Response [200]>
2021-08-20 13:33:34,329 - instabot version: 0.117.0 (api) - DEBUG - GET to endpoint: users/21679055666/info/ returned response: <Response [200]>
2021-08-20 13:33:34,781 - instabot version: 0.117.0 (api) - DEBUG - GET to endpoint: users/5914654349/info/ returned response: <Response [200]>
2021-08-20 13:33:35,163 - instabot version: 0.117.0 (api) - DEBUG - GET to endpoint: users/46628103551/info/ returned response: <Response [200]>
2021-08-20 13:33:35,629 - instabot version: 0.117.0 (api) - DEBUG - GET to endpoint: users/2552905826/info/ returned response: <Response [200]>
2021-08-20 13:33:36,104 - instabot version: 0.117.0 (api) - DEBUG - GET to endpoint: users/2907177549/info/ returned response: <Response [200]>
2021-08-20 13:33:36,588 - instabot version: 0.117.0 (api) - DEBUG - GET to endpoint: users/4112881003/info/ returned response: <Response [200]>
2021-08-20 13:33:37,121 - instabot version: 0.117.0 (api) - DEBUG - GET to endpoint: users/4244578811/info/ returned response: <Response [200]>
2021-08-20 13:33:37,614 - instabot version: 0.117.0 (api) - DEBUG - GET to endpoint: users/30025554093/info/ returned response: <Response [200]>
2021-08-20 13:33:38,067 - instabot version: 0.117.0 (api) - DEBUG - GET to endpoint: users/3668954319/info/ returned response: <Response [200]>
2021-08-20 13:33:38,552 - instabot version: 0.117.0 (api) - DEBUG - GET to endpoint: users/3726789869/info/ returned response: <Response [200]>
2021-08-20 13:33:39,052 - instabot version: 0.117.0 (api) - DEBUG - GET to endpoint: users/2933143873/info/ returned response: <Response [200]>
2021-08-20 13:33:39,570 - instabot version: 0.117.0 (api) - DEBUG - GET to endpoint: users/7056890352/info/ returned response: <Response [200]>
2021-08-20 13:33:40,071 - instabot version: 0.117.0 (api) - DEBUG - GET to endpoint: users/11170051901/info/ returned response: <Response [200]>
2021-08-20 13:33:40,631 - instabot version: 0.117.0 (api) - DEBUG - GET to endpoint: users/7745155692/info/ returned response: <Response [200]>
2021-08-20 13:33:41,191 - instabot version: 0.117.0 (api) - DEBUG - GET to endpoint: users/177695511/info/ returned response: <Response [200]>
2021-08-20 13:33:41,634 - instabot version: 0.117.0 (api) - DEBUG - GET to endpoint: users/46097536912/info/ returned response: <Response [200]>
2021-08-20 13:33:42,343 - instabot version: 0.117.0 (api) - DEBUG - GET to endpoint: users/2057411009/info/ returned response: <Response [200]>
2021-08-20 13:33:42,941 - instabot version: 0.117.0 (api) - DEBUG - GET to endpoint: users/7123501490/info/ returned response: <Response [200]>
2021-08-20 13:42:01,226 - instabot version: 0.117.0 (bot) - INFO - Instabot version: 0.117.0 Started
2021-08-20 13:42:01,227 - instabot version: 0.117.0 (bot) - DEBUG - Bot imported from D:\searchdisaner\venv\lib\site-packages\instabot\bot\bot.py
2021-08-20 13:42:01,228 - instabot version: 0.117.0 (api_login) - DEBUG - Loading uuids
2021-08-20 13:42:01,228 - instabot version: 0.117.0 (api_login) - INFO - Recovery from D:\searchdisaner/config/todoctordoom_uuid_and_cookie.json: COOKIE False - UUIDs True - TIMING, DEVICE and ...
- user-agent=Instagram 117.0.0.28.123 Android (28/9.0; 420dpi; 1080x1920; OnePlus; ONEPLUS A3003; OnePlus3; qcom; en_US; 180322800)
- phone_id=fececc37-13fb-4ca7-b4c1-842926ac61f0
- uuid=d8c038f7-d60d-4ffc-ae20-1b8f9d340f0b
- client_session_id=74517733-9e97-4ac6-9bd3-6396afa278ed
- device_id=android-638845ae1420b535
2021-08-20 13:42:01,229 - instabot version: 0.117.0 (api_login) - INFO - Not yet logged in starting: PRE-LOGIN FLOW!
2021-08-20 13:42:01,484 - instabot version: 0.117.0 (api) - DEBUG - POST to endpoint: accounts/get_prefill_candidates/ returned response: <Response [200]>
2021-08-20 13:42:01,732 - instabot version: 0.117.0 (api) - DEBUG - POST to endpoint: qe/sync/ returned response: <Response [200]>
2021-08-20 13:42:02,028 - instabot version: 0.117.0 (api) - DEBUG - POST to endpoint: launcher/sync/ returned response: <Response [200]>
2021-08-20 13:42:02,291 - instabot version: 0.117.0 (api) - DEBUG - POST to endpoint: accounts/contact_point_prefill/ returned response: <Response [200]>
2021-08-20 13:42:06,076 - instabot version: 0.117.0 (api) - DEBUG - POST to endpoint: accounts/login/ returned response: <Response [200]>
2021-08-20 13:42:06,076 - instabot version: 0.117.0 (api) - INFO - Logged-in successfully as 'todoctordoom'!
2021-08-20 13:42:06,076 - instabot version: 0.117.0 (api_login) - INFO - LOGIN FLOW! Just logged-in: True
2021-08-20 13:42:06,417 - instabot version: 0.117.0 (api) - DEBUG - POST to endpoint: qe/sync/ returned response: <Response [200]>
2021-08-20 13:42:06,762 - instabot version: 0.117.0 (api) - DEBUG - POST to endpoint: launcher/sync/ returned response: <Response [200]>
2021-08-20 13:42:07,069 - instabot version: 0.117.0 (api) - DEBUG - GET to endpoint: zr/token/result/?device_id=android-638845ae1420b535&token_hash=&custom_device_id=android-638845ae1420b535&fetch_reason=token_expired returned response: <Response [200]>
2021-08-20 13:42:07,382 - instabot version: 0.117.0 (api) - DEBUG - GET to endpoint: multiple_accounts/get_account_family/ returned response: <Response [200]>
2021-08-20 13:42:07,723 - instabot version: 0.117.0 (api) - DEBUG - POST to endpoint: qe/sync/ returned response: <Response [200]>
2021-08-20 13:42:08,361 - instabot version: 0.117.0 (api) - DEBUG - GET to endpoint: igtv/browse_feed/?prefetch=1 returned response: <Response [200]>
2021-08-20 13:42:08,670 - instabot version: 0.117.0 (api) - DEBUG - POST to endpoint: creatives/ar_class/ returned response: <Response [200]>
2021-08-20 13:42:09,124 - instabot version: 0.117.0 (api) - DEBUG - POST to endpoint: feed/reels_tray/ returned response: <Response [200]>
2021-08-20 13:42:10,815 - instabot version: 0.117.0 (api) - DEBUG - POST to endpoint: feed/timeline/ returned response: <Response [200]>
2021-08-20 13:42:11,114 - instabot version: 0.117.0 (api) - DEBUG - GET to endpoint: media/blocked/ returned response: <Response [200]>
2021-08-20 13:42:11,931 - instabot version: 0.117.0 (api) - DEBUG - GET to endpoint: news/inbox/ returned response: <Response [200]>
2021-08-20 13:42:12,252 - instabot version: 0.117.0 (api) - DEBUG - GET to endpoint: loom/fetch_config/ returned response: <Response [200]>
2021-08-20 13:42:12,865 - instabot version: 0.117.0 (api) - DEBUG - GET to endpoint: scores/bootstrap/users/?surfaces=["autocomplete_user_list","coefficient_besties_list_ranking","coefficient_rank_recipient_user_suggestion","coefficient_ios_section_test_bootstrap_ranking","coefficient_direct_recipients_ranking_variant_2"] returned response: <Response [200]>
2021-08-20 13:42:13,188 - instabot version: 0.117.0 (api) - DEBUG - GET to endpoint: business/eligibility/get_monetization_products_eligibility_data/?product_types=branded_content returned response: <Response [200]>
2021-08-20 13:42:13,489 - instabot version: 0.117.0 (api) - DEBUG - GET to endpoint: business/branded_content/should_require_professional_account/ returned response: <Response [200]>
2021-08-20 13:42:14,331 - instabot version: 0.117.0 (api) - DEBUG - GET to endpoint: linked_accounts/get_linkage_status/ returned response: <Response [200]>
2021-08-20 13:42:14,639 - instabot version: 0.117.0 (api) - DEBUG - GET to endpoint: locations/request_country/ returned response: <Response [200]>
2021-08-20 13:42:14,937 - instabot version: 0.117.0 (api) - DEBUG - GET to endpoint: qp/get_cooldowns/?signed_body=signed_body=4b9c516a5410a3bc128e09c6104a7f042146b9c2023870560c63a43a7f66781c.4&ig_sig_key_version=4&ig_sig_key_version=4 returned response: <Response [200]>
2021-08-20 13:42:15,237 - instabot version: 0.117.0 (api) - DEBUG - GET to endpoint: users/arlink_download_info/?version_override=2.2.1 returned response: <Response [200]>
2021-08-20 13:42:16,001 - instabot version: 0.117.0 (api) - DEBUG - GET to endpoint: users/46258652727/info/ returned response: <Response [200]>
2021-08-20 13:42:16,330 - instabot version: 0.117.0 (api) - DEBUG - GET to endpoint: direct_v2/get_presence/ returned response: <Response [200]>
2021-08-20 13:42:16,712 - instabot version: 0.117.0 (api) - DEBUG - GET to endpoint: direct_v2/inbox/?visual_message_return_type=unseen&thread_message_limit=10&persistentBadging=true&limit=20 returned response: <Response [200]>
2021-08-20 13:42:17,053 - instabot version: 0.117.0 (api) - DEBUG - GET to endpoint: direct_v2/inbox/?visual_message_return_type=unseen&persistentBadging=true&limit=0 returned response: <Response [200]>
2021-08-20 13:42:17,475 - instabot version: 0.117.0 (api) - DEBUG - GET to endpoint: discover/topical_explore/?is_prefetch=true&omit_cover_media=true&use_sectional_payload=true&timezone_offset=0&session_id=74517733-9e97-4ac6-9bd3-6396afa278ed&include_fixed_destinations=true returned response: <Response [200]>
2021-08-20 13:42:17,806 - instabot version: 0.117.0 (api) - DEBUG - POST to endpoint: notifications/badge/ returned response: <Response [200]>
2021-08-20 13:42:18,329 - instabot version: 0.117.0 (api) - DEBUG - POST to endpoint: qp/batch_fetch/ returned response: <Response [200]>
2021-08-20 13:42:18,330 - instabot version: 0.117.0 (bot_checkpoint) - DEBUG - Loading Checkpoint file from: D:\searchdisaner/config/todoctordoom.checkpoint
2021-08-20 13:42:24,900 - instabot version: 0.117.0 (api) - DEBUG - GET to endpoint: feed/tag/дизайн/?max_id=&rank_token=46258652727_d8c038f7-d60d-4ffc-ae20-1b8f9d340f0b&ranked_content=true& returned response: <Response [200]>
2021-08-20 13:42:25,739 - instabot version: 0.117.0 (api) - DEBUG - GET to endpoint: users/31088063086/info/ returned response: <Response [200]>
2021-08-20 13:42:26,365 - instabot version: 0.117.0 (api) - DEBUG - GET to endpoint: users/5930693722/info/ returned response: <Response [200]>
2021-08-20 13:42:27,088 - instabot version: 0.117.0 (api) - DEBUG - GET to endpoint: users/4185251921/info/ returned response: <Response [200]>
2021-08-20 13:42:27,763 - instabot version: 0.117.0 (api) - DEBUG - GET to endpoint: users/1965204510/info/ returned response: <Response [200]>
2021-08-20 13:42:28,262 - instabot version: 0.117.0 (api) - DEBUG - GET to endpoint: users/44934101512/info/ returned response: <Response [200]>
2021-08-20 13:42:28,925 - instabot version: 0.117.0 (api) - DEBUG - GET to endpoint: users/7145955519/info/ returned response: <Response [200]>
2021-08-20 13:42:29,490 - instabot version: 0.117.0 (api) - DEBUG - GET to endpoint: users/2060167587/info/ returned response: <Response [200]>
2021-08-20 13:42:30,139 - instabot version: 0.117.0 (api) - DEBUG - GET to endpoint: users/34134477730/info/ returned response: <Response [200]>
2021-08-20 13:42:30,779 - instabot version: 0.117.0 (api) - DEBUG - GET to endpoint: users/47708739227/info/ returned response: <Response [200]>
2021-08-20 13:42:31,281 - instabot version: 0.117.0 (api) - DEBUG - GET to endpoint: users/48583300774/info/ returned response: <Response [200]>
2021-08-20 13:42:31,816 - instabot version: 0.117.0 (api) - DEBUG - GET to endpoint: users/40016862061/info/ returned response: <Response [200]>
2021-08-20 13:42:32,469 - instabot version: 0.117.0 (api) - DEBUG - GET to endpoint: users/33652628124/info/ returned response: <Response [200]>
2021-08-20 13:42:33,217 - instabot version: 0.117.0 (api) - DEBUG - GET to endpoint: users/2526813222/info/ returned response: <Response [200]>
2021-08-20 13:42:33,837 - instabot version: 0.117.0 (api) - DEBUG - GET to endpoint: users/10809188921/info/ returned response: <Response [200]>
2021-08-20 13:42:34,366 - instabot version: 0.117.0 (api) - DEBUG - GET to endpoint: users/567174684/info/ returned response: <Response [200]>
2021-08-20 13:42:34,911 - instabot version: 0.117.0 (api) - DEBUG - GET to endpoint: users/2880190804/info/ returned response: <Response [200]>
2021-08-20 13:42:35,687 - instabot version: 0.117.0 (api) - DEBUG - GET to endpoint: users/43714733580/info/ returned response: <Response [200]>
2021-08-20 13:42:36,133 - instabot version: 0.117.0 (api) - DEBUG - GET to endpoint: users/440459521/info/ returned response: <Response [200]>
2021-08-20 13:42:36,643 - instabot version: 0.117.0 (api) - DEBUG - GET to endpoint: users/45074650229/info/ returned response: <Response [200]>
2021-08-20 13:42:37,209 - instabot version: 0.117.0 (api) - DEBUG - GET to endpoint: users/1040093496/info/ returned response: <Response [200]>
2021-08-20 13:42:38,510 - instabot version: 0.117.0 (api) - DEBUG - GET to endpoint: users/6803147350/info/ returned response: <Response [200]>
2021-08-20 13:42:39,123 - instabot version: 0.117.0 (api) - DEBUG - GET to endpoint: users/3491460207/info/ returned response: <Response [200]>
2021-08-20 13:42:39,621 - instabot version: 0.117.0 (api) - DEBUG - GET to endpoint: users/4492288677/info/ returned response: <Response [200]>
2021-08-20 13:42:40,237 - instabot version: 0.117.0 (api) - DEBUG - GET to endpoint: users/40405388782/info/ returned response: <Response [200]>
2021-08-20 13:42:40,958 - instabot version: 0.117.0 (api) - DEBUG - GET to endpoint: users/1253138337/info/ returned response: <Response [200]>
2021-08-20 13:42:41,874 - instabot version: 0.117.0 (api) - DEBUG - GET to endpoint: users/45423372862/info/ returned response: <Response [200]>
2021-08-20 13:42:42,696 - instabot version: 0.117.0 (api) - DEBUG - GET to endpoint: users/15791185289/info/ returned response: <Response [200]>
2021-08-20 13:42:43,290 - instabot version: 0.117.0 (api) - DEBUG - GET to endpoint: users/13101454594/info/ returned response: <Response [200]>
2021-08-20 13:42:44,433 - instabot version: 0.117.0 (api) - DEBUG - GET to endpoint: users/4261281949/info/ returned response: <Response [200]>
2021-08-20 13:42:45,149 - instabot version: 0.117.0 (api) - DEBUG - GET to endpoint: users/6829519187/info/ returned response: <Response [200]>
2021-08-20 13:42:45,779 - instabot version: 0.117.0 (api) - DEBUG - GET to endpoint: users/7115137657/info/ returned response: <Response [200]>
2021-08-20 13:42:46,334 - instabot version: 0.117.0 (api) - DEBUG - GET to endpoint: users/47940796292/info/ returned response: <Response [200]>
2021-08-20 13:42:46,989 - instabot version: 0.117.0 (api) - DEBUG - GET to endpoint: users/9299032385/info/ returned response: <Response [200]>
2021-08-20 13:42:47,549 - instabot version: 0.117.0 (api) - DEBUG - GET to endpoint: users/44786478780/info/ returned response: <Response [200]>
2021-08-20 13:42:48,262 - instabot version: 0.117.0 (api) - DEBUG - GET to endpoint: users/27731474862/info/ returned response: <Response [200]>
2021-08-20 13:42:49,204 - instabot version: 0.117.0 (api) - DEBUG - GET to endpoint: users/647137661/info/ returned response: <Response [200]>
2021-08-20 13:42:50,241 - instabot version: 0.117.0 (api) - DEBUG - GET to endpoint: users/44902860422/info/ returned response: <Response [200]>
2021-08-20 13:42:50,823 - instabot version: 0.117.0 (api) - DEBUG - GET to endpoint: users/9162012389/info/ returned response: <Response [200]>
2021-08-20 13:42:51,284 - instabot version: 0.117.0 (api) - DEBUG - GET to endpoint: users/5434375576/info/ returned response: <Response [200]>
2021-08-20 13:42:51,754 - instabot version: 0.117.0 (api) - DEBUG - GET to endpoint: users/44092385388/info/ returned response: <Response [200]>
2021-08-20 13:42:52,187 - instabot version: 0.117.0 (api) - DEBUG - GET to endpoint: users/48528660427/info/ returned response: <Response [200]>
2021-08-20 13:42:52,907 - instabot version: 0.117.0 (api) - DEBUG - GET to endpoint: users/7374015719/info/ returned response: <Response [200]>
2021-08-20 13:42:53,643 - instabot version: 0.117.0 (api) - DEBUG - GET to endpoint: users/31730507455/info/ returned response: <Response [200]>
2021-08-20 13:42:54,311 - instabot version: 0.117.0 (api) - DEBUG - GET to endpoint: users/2209991636/info/ returned response: <Response [200]>
2021-08-20 13:42:55,014 - instabot version: 0.117.0 (api) - DEBUG - GET to endpoint: users/25869300833/info/ returned response: <Response [200]>
2021-08-20 13:42:55,624 - instabot version: 0.117.0 (api) - DEBUG - GET to endpoint: users/13841071884/info/ returned response: <Response [200]>
2021-08-20 13:42:56,216 - instabot version: 0.117.0 (api) - DEBUG - GET to endpoint: users/1766652064/info/ returned response: <Response [200]>
2021-08-20 13:42:56,841 - instabot version: 0.117.0 (api) - DEBUG - GET to endpoint: users/5381165775/info/ returned response: <Response [200]>
2021-08-20 13:42:57,369 - instabot version: 0.117.0 (api) - DEBUG - GET to endpoint: users/44728785127/info/ returned response: <Response [200]>
2021-08-20 13:42:57,918 - instabot version: 0.117.0 (api) - DEBUG - GET to endpoint: users/44713799603/info/ returned response: <Response [200]>
2021-08-20 13:42:58,629 - instabot version: 0.117.0 (api) - DEBUG - GET to endpoint: users/2939640881/info/ returned response: <Response [200]>
2021-08-20 13:42:59,246 - instabot version: 0.117.0 (api) - DEBUG - GET to endpoint: users/24968948693/info/ returned response: <Response [200]>
2021-08-20 13:42:59,852 - instabot version: 0.117.0 (api) - DEBUG - GET to endpoint: users/5726795773/info/ returned response: <Response [200]>
2021-08-20 13:43:00,717 - instabot version: 0.117.0 (api) - DEBUG - GET to endpoint: users/1631751126/info/ returned response: <Response [200]>
2021-08-20 13:43:01,372 - instabot version: 0.117.0 (api) - DEBUG - GET to endpoint: users/13127353154/info/ returned response: <Response [200]>
2021-08-20 13:43:01,929 - instabot version: 0.117.0 (api) - DEBUG - GET to endpoint: users/2072914837/info/ returned response: <Response [200]>
2021-08-20 13:43:02,592 - instabot version: 0.117.0 (api) - DEBUG - GET to endpoint: users/5864265508/info/ returned response: <Response [200]>
2021-08-20 13:43:03,223 - instabot version: 0.117.0 (api) - DEBUG - GET to endpoint: users/1957877242/info/ returned response: <Response [200]>
2021-08-20 13:43:03,847 - instabot version: 0.117.0 (api) - DEBUG - GET to endpoint: users/45148173958/info/ returned response: <Response [200]>
2021-08-20 13:43:04,511 - instabot version: 0.117.0 (api) - DEBUG - GET to endpoint: users/7367126777/info/ returned response: <Response [200]>
2021-08-20 13:43:05,040 - instabot version: 0.117.0 (api) - DEBUG - GET to endpoint: users/49039336772/info/ returned response: <Response [200]>
2021-08-20 13:43:05,704 - instabot version: 0.117.0 (api) - DEBUG - GET to endpoint: users/6785822427/info/ returned response: <Response [200]>
2021-08-20 13:43:06,270 - instabot version: 0.117.0 (api) - DEBUG - GET to endpoint: users/9181007106/info/ returned response: <Response [200]>
2021-08-20 13:43:06,823 - instabot version: 0.117.0 (api) - DEBUG - GET to endpoint: users/3677411943/info/ returned response: <Response [200]>
2021-08-20 13:43:07,481 - instabot version: 0.117.0 (api) - DEBUG - GET to endpoint: users/23368455875/info/ returned response: <Response [200]>
2021-08-20 13:43:08,052 - instabot version: 0.117.0 (api) - DEBUG - GET to endpoint: users/31746847644/info/ returned response: <Response [200]>
2021-08-20 13:43:08,674 - instabot version: 0.117.0 (api) - DEBUG - GET to endpoint: users/3287245327/info/ returned response: <Response [200]>
2021-08-20 13:43:09,453 - instabot version: 0.117.0 (api) - DEBUG - GET to endpoint: users/49083371425/info/ returned response: <Response [200]>
2021-08-20 13:43:10,023 - instabot version: 0.117.0 (api) - DEBUG - GET to endpoint: users/9047228770/info/ returned response: <Response [200]>
2021-08-20 13:43:10,665 - instabot version: 0.117.0 (api) - DEBUG - GET to endpoint: users/37493635413/info/ returned response: <Response [200]>
2021-08-20 13:43:11,365 - instabot version: 0.117.0 (api) - DEBUG - GET to endpoint: users/6778304032/info/ returned response: <Response [200]>
2021-08-20 13:43:11,979 - instabot version: 0.117.0 (api) - DEBUG - GET to endpoint: users/5711387466/info/ returned response: <Response [200]>
2021-08-20 13:43:16,464 - instabot version: 0.117.0 (api) - DEBUG - GET to endpoint: feed/tag/дизайнер/?max_id=&rank_token=46258652727_d8c038f7-d60d-4ffc-ae20-1b8f9d340f0b&ranked_content=true& returned response: <Response [200]>
2021-08-20 13:43:17,016 - instabot version: 0.117.0 (api) - DEBUG - GET to endpoint: users/45022639397/info/ returned response: <Response [200]>
2021-08-20 13:43:17,637 - instabot version: 0.117.0 (api) - DEBUG - GET to endpoint: users/1181269215/info/ returned response: <Response [200]>
2021-08-20 13:43:18,193 - instabot version: 0.117.0 (api) - DEBUG - GET to endpoint: users/14808347993/info/ returned response: <Response [200]>
2021-08-20 13:43:19,066 - instabot version: 0.117.0 (api) - DEBUG - GET to endpoint: users/8434293131/info/ returned response: <Response [200]>
2021-08-20 13:43:19,609 - instabot version: 0.117.0 (api) - DEBUG - GET to endpoint: users/11593561714/info/ returned response: <Response [200]>
2021-08-20 13:43:20,250 - instabot version: 0.117.0 (api) - DEBUG - GET to endpoint: users/48732841589/info/ returned response: <Response [200]>
2021-08-20 13:43:20,832 - instabot version: 0.117.0 (api) - DEBUG - GET to endpoint: users/3408708479/info/ returned response: <Response [200]>
2021-08-20 13:43:21,309 - instabot version: 0.117.0 (api) - DEBUG - GET to endpoint: users/49051717782/info/ returned response: <Response [200]>
2021-08-20 13:43:21,850 - instabot version: 0.117.0 (api) - DEBUG - GET to endpoint: users/48934107877/info/ returned response: <Response [200]>
2021-08-20 13:43:22,564 - instabot version: 0.117.0 (api) - DEBUG - GET to endpoint: users/2095577995/info/ returned response: <Response [200]>
2021-08-20 13:43:23,067 - instabot version: 0.117.0 (api) - DEBUG - GET to endpoint: users/30042432003/info/ returned response: <Response [200]>
2021-08-20 13:43:23,577 - instabot version: 0.117.0 (api) - DEBUG - GET to endpoint: users/48889727179/info/ returned response: <Response [200]>
2021-08-20 13:43:24,079 - instabot version: 0.117.0 (api) - DEBUG - GET to endpoint: users/41866290500/info/ returned response: <Response [200]>
2021-08-20 13:43:24,726 - instabot version: 0.117.0 (api) - DEBUG - GET to endpoint: users/3936550539/info/ returned response: <Response [200]>
2021-08-20 13:43:25,144 - instabot version: 0.117.0 (api) - DEBUG - GET to endpoint: users/49002938429/info/ returned response: <Response [200]>
2021-08-20 13:43:25,760 - instabot version: 0.117.0 (api) - DEBUG - GET to endpoint: users/405989226/info/ returned response: <Response [200]>
2021-08-20 13:43:26,659 - instabot version: 0.117.0 (api) - DEBUG - GET to endpoint: users/17053765673/info/ returned response: <Response [200]>
2021-08-20 13:43:27,205 - instabot version: 0.117.0 (api) - DEBUG - GET to endpoint: users/9165867654/info/ returned response: <Response [200]>
2021-08-20 13:43:27,751 - instabot version: 0.117.0 (api) - DEBUG - GET to endpoint: users/369196669/info/ returned response: <Response [200]>
2021-08-20 13:43:28,354 - instabot version: 0.117.0 (api) - DEBUG - GET to endpoint: users/2238171529/info/ returned response: <Response [200]>
2021-08-20 13:43:28,872 - instabot version: 0.117.0 (api) - DEBUG - GET to endpoint: users/38192171978/info/ returned response: <Response [200]>
2021-08-20 13:43:29,429 - instabot version: 0.117.0 (api) - DEBUG - GET to endpoint: users/421175476/info/ returned response: <Response [200]>
2021-08-20 13:43:29,846 - instabot version: 0.117.0 (api) - DEBUG - GET to endpoint: users/48993728204/info/ returned response: <Response [200]>
2021-08-20 13:43:30,395 - instabot version: 0.117.0 (api) - DEBUG - GET to endpoint: users/37764763982/info/ returned response: <Response [200]>
2021-08-20 13:43:31,119 - instabot version: 0.117.0 (api) - DEBUG - GET to endpoint: users/11352428559/info/ returned response: <Response [200]>
2021-08-20 13:43:31,768 - instabot version: 0.117.0 (api) - DEBUG - GET to endpoint: users/3260139185/info/ returned response: <Response [200]>
2021-08-20 13:43:32,451 - instabot version: 0.117.0 (api) - DEBUG - GET to endpoint: users/1515833203/info/ returned response: <Response [200]>
2021-08-20 13:43:32,965 - instabot version: 0.117.0 (api) - DEBUG - GET to endpoint: users/15473370561/info/ returned response: <Response [200]>
2021-08-20 13:43:33,623 - instabot version: 0.117.0 (api) - DEBUG - GET to endpoint: users/2050465625/info/ returned response: <Response [200]>
2021-08-20 13:43:34,151 - instabot version: 0.117.0 (api) - DEBUG - GET to endpoint: users/6097892592/info/ returned response: <Response [200]>
2021-08-20 13:43:34,729 - instabot version: 0.117.0 (api) - DEBUG - GET to endpoint: users/32448099051/info/ returned response: <Response [200]>
2021-08-20 13:43:35,197 - instabot version: 0.117.0 (api) - DEBUG - GET to endpoint: users/8238520835/info/ returned response: <Response [200]>
2021-08-20 13:43:35,769 - instabot version: 0.117.0 (api) - DEBUG - GET to endpoint: users/46591300929/info/ returned response: <Response [200]>
2021-08-20 13:43:36,414 - instabot version: 0.117.0 (api) - DEBUG - GET to endpoint: users/13112298149/info/ returned response: <Response [200]>
2021-08-20 13:43:36,864 - instabot version: 0.117.0 (api) - DEBUG - GET to endpoint: users/47700708685/info/ returned response: <Response [200]>
2021-08-20 13:43:37,542 - instabot version: 0.117.0 (api) - DEBUG - GET to endpoint: users/1380345785/info/ returned response: <Response [200]>
2021-08-20 13:43:38,080 - instabot version: 0.117.0 (api) - DEBUG - GET to endpoint: users/48300263850/info/ returned response: <Response [200]>
2021-08-20 13:43:38,596 - instabot version: 0.117.0 (api) - DEBUG - GET to endpoint: users/228260090/info/ returned response: <Response [200]>
2021-08-20 13:43:39,207 - instabot version: 0.117.0 (api) - DEBUG - GET to endpoint: users/21679055666/info/ returned response: <Response [200]>
2021-08-20 13:43:39,745 - instabot version: 0.117.0 (api) - DEBUG - GET to endpoint: users/2552905826/info/ returned response: <Response [200]>
2021-08-20 13:43:40,328 - instabot version: 0.117.0 (api) - DEBUG - GET to endpoint: users/7056890352/info/ returned response: <Response [200]>
2021-08-20 13:43:40,833 - instabot version: 0.117.0 (api) - DEBUG - GET to endpoint: users/11170051901/info/ returned response: <Response [200]>
2021-08-20 13:43:41,640 - instabot version: 0.117.0 (api) - DEBUG - GET to endpoint: users/7745155692/info/ returned response: <Response [200]>
2021-08-20 13:43:42,274 - instabot version: 0.117.0 (api) - DEBUG - GET to endpoint: users/46097536912/info/ returned response: <Response [200]>
2021-08-20 13:43:42,794 - instabot version: 0.117.0 (api) - DEBUG - GET to endpoint: users/2057411009/info/ returned response: <Response [200]>
