2021-08-13 15:01:23,107 - instabot version: 0.117.0 (bot) - INFO - Instabot version: 0.117.0 Started
2021-08-13 15:01:23,107 - instabot version: 0.117.0 (bot) - DEBUG - Bot imported from D:\searchdisaner\venv\lib\site-packages\instabot\bot\bot.py
2021-08-13 15:01:23,127 - instabot version: 0.117.0 (api_login) - DEBUG - Loading uuids
2021-08-13 15:01:23,128 - instabot version: 0.117.0 (api_login) - INFO - Recovery from D:\searchdisaner/config/instbober_uuid_and_cookie.json: COOKIE False - UUIDs True - TIMING, DEVICE and ...
- user-agent=Instagram 117.0.0.28.123 Android (28/9.0; 420dpi; 1080x1920; OnePlus; ONEPLUS A3003; OnePlus3; qcom; en_US; 180322800)
- phone_id=69e66906-ef6a-4561-86e6-8c98a236847c
- uuid=81500ee0-4cf5-493e-ae1a-6a5011cbe63d
- client_session_id=32957a9d-435a-448b-9ee5-e5e488d33b0c
- device_id=android-ba894ce94a484232
2021-08-13 15:01:23,128 - instabot version: 0.117.0 (api_login) - INFO - Not yet logged in starting: PRE-LOGIN FLOW!
2021-08-13 15:01:23,569 - instabot version: 0.117.0 (api) - DEBUG - POST to endpoint: accounts/get_prefill_candidates/ returned response: <Response [200]>
2021-08-13 15:01:23,932 - instabot version: 0.117.0 (api) - DEBUG - POST to endpoint: qe/sync/ returned response: <Response [200]>
2021-08-13 15:01:24,288 - instabot version: 0.117.0 (api) - DEBUG - POST to endpoint: launcher/sync/ returned response: <Response [200]>
2021-08-13 15:01:24,629 - instabot version: 0.117.0 (api) - DEBUG - POST to endpoint: accounts/contact_point_prefill/ returned response: <Response [200]>
2021-08-13 15:01:27,601 - instabot version: 0.117.0 (api) - DEBUG - POST to endpoint: accounts/login/ returned response: <Response [200]>
2021-08-13 15:01:27,601 - instabot version: 0.117.0 (api) - INFO - Logged-in successfully as 'instbober'!
2021-08-13 15:01:27,602 - instabot version: 0.117.0 (api_login) - INFO - LOGIN FLOW! Just logged-in: True
2021-08-13 15:01:27,879 - instabot version: 0.117.0 (api) - DEBUG - POST to endpoint: qe/sync/ returned response: <Response [200]>
2021-08-13 15:01:28,187 - instabot version: 0.117.0 (api) - DEBUG - POST to endpoint: launcher/sync/ returned response: <Response [200]>
2021-08-13 15:01:28,433 - instabot version: 0.117.0 (api) - DEBUG - GET to endpoint: zr/token/result/?device_id=android-ba894ce94a484232&token_hash=&custom_device_id=android-ba894ce94a484232&fetch_reason=token_expired returned response: <Response [200]>
2021-08-13 15:01:28,703 - instabot version: 0.117.0 (api) - DEBUG - GET to endpoint: multiple_accounts/get_account_family/ returned response: <Response [200]>
2021-08-13 15:01:28,978 - instabot version: 0.117.0 (api) - DEBUG - POST to endpoint: qe/sync/ returned response: <Response [200]>
2021-08-13 15:01:29,471 - instabot version: 0.117.0 (api) - DEBUG - GET to endpoint: igtv/browse_feed/?prefetch=1 returned response: <Response [200]>
2021-08-13 15:01:29,785 - instabot version: 0.117.0 (api) - DEBUG - POST to endpoint: creatives/ar_class/ returned response: <Response [200]>
2021-08-13 15:01:30,202 - instabot version: 0.117.0 (api) - DEBUG - POST to endpoint: feed/reels_tray/ returned response: <Response [200]>
2021-08-13 15:01:33,744 - instabot version: 0.117.0 (api) - DEBUG - POST to endpoint: feed/timeline/ returned response: <Response [200]>
2021-08-13 15:01:34,021 - instabot version: 0.117.0 (api) - DEBUG - GET to endpoint: media/blocked/ returned response: <Response [200]>
2021-08-13 15:01:34,807 - instabot version: 0.117.0 (api) - DEBUG - GET to endpoint: news/inbox/ returned response: <Response [200]>
2021-08-13 15:01:35,133 - instabot version: 0.117.0 (api) - DEBUG - GET to endpoint: loom/fetch_config/ returned response: <Response [200]>
2021-08-13 15:01:35,754 - instabot version: 0.117.0 (api) - DEBUG - GET to endpoint: scores/bootstrap/users/?surfaces=["autocomplete_user_list","coefficient_besties_list_ranking","coefficient_rank_recipient_user_suggestion","coefficient_ios_section_test_bootstrap_ranking","coefficient_direct_recipients_ranking_variant_2"] returned response: <Response [200]>
2021-08-13 15:01:36,075 - instabot version: 0.117.0 (api) - DEBUG - GET to endpoint: business/eligibility/get_monetization_products_eligibility_data/?product_types=branded_content returned response: <Response [200]>
2021-08-13 15:01:36,383 - instabot version: 0.117.0 (api) - DEBUG - GET to endpoint: business/branded_content/should_require_professional_account/ returned response: <Response [200]>
2021-08-13 15:01:36,663 - instabot version: 0.117.0 (api) - DEBUG - GET to endpoint: linked_accounts/get_linkage_status/ returned response: <Response [200]>
2021-08-13 15:01:36,951 - instabot version: 0.117.0 (api) - DEBUG - GET to endpoint: locations/request_country/ returned response: <Response [200]>
2021-08-13 15:01:37,254 - instabot version: 0.117.0 (api) - DEBUG - GET to endpoint: qp/get_cooldowns/?signed_body=signed_body=4b9c516a5410a3bc128e09c6104a7f042146b9c2023870560c63a43a7f66781c.4&ig_sig_key_version=4&ig_sig_key_version=4 returned response: <Response [200]>
2021-08-13 15:01:37,575 - instabot version: 0.117.0 (api) - DEBUG - GET to endpoint: users/arlink_download_info/?version_override=2.2.1 returned response: <Response [200]>
2021-08-13 15:01:37,997 - instabot version: 0.117.0 (api) - DEBUG - GET to endpoint: users/48835444494/info/ returned response: <Response [200]>
2021-08-13 15:01:38,425 - instabot version: 0.117.0 (api) - DEBUG - GET to endpoint: direct_v2/get_presence/ returned response: <Response [200]>
2021-08-13 15:01:38,909 - instabot version: 0.117.0 (api) - DEBUG - GET to endpoint: direct_v2/inbox/?visual_message_return_type=unseen&thread_message_limit=10&persistentBadging=true&limit=20 returned response: <Response [200]>
2021-08-13 15:01:39,343 - instabot version: 0.117.0 (api) - DEBUG - GET to endpoint: direct_v2/inbox/?visual_message_return_type=unseen&persistentBadging=true&limit=0 returned response: <Response [200]>
2021-08-13 15:01:39,788 - instabot version: 0.117.0 (api) - DEBUG - GET to endpoint: discover/topical_explore/?is_prefetch=true&omit_cover_media=true&use_sectional_payload=true&timezone_offset=0&session_id=32957a9d-435a-448b-9ee5-e5e488d33b0c&include_fixed_destinations=true returned response: <Response [200]>
2021-08-13 15:01:40,074 - instabot version: 0.117.0 (api) - DEBUG - POST to endpoint: notifications/badge/ returned response: <Response [200]>
2021-08-13 15:01:40,436 - instabot version: 0.117.0 (api) - DEBUG - POST to endpoint: qp/batch_fetch/ returned response: <Response [200]>
2021-08-13 15:01:40,438 - instabot version: 0.117.0 (bot_checkpoint) - DEBUG - Loading Checkpoint file from: D:\searchdisaner/config/instbober.checkpoint
2021-08-13 15:01:46,753 - instabot version: 0.117.0 (api) - DEBUG - GET to endpoint: feed/tag/дизайн/?max_id=&rank_token=48835444494_81500ee0-4cf5-493e-ae1a-6a5011cbe63d&ranked_content=true& returned response: <Response [200]>
2021-08-13 15:01:47,316 - instabot version: 0.117.0 (api) - DEBUG - GET to endpoint: users/40528967399/info/ returned response: <Response [200]>
2021-08-13 15:01:47,906 - instabot version: 0.117.0 (api) - DEBUG - GET to endpoint: users/10449407406/info/ returned response: <Response [200]>
2021-08-13 15:01:48,447 - instabot version: 0.117.0 (api) - DEBUG - GET to endpoint: users/8658595411/info/ returned response: <Response [200]>
2021-08-13 15:01:49,392 - instabot version: 0.117.0 (api) - DEBUG - GET to endpoint: users/41315048131/info/ returned response: <Response [200]>
2021-08-13 15:01:49,995 - instabot version: 0.117.0 (api) - DEBUG - GET to endpoint: users/2175465180/info/ returned response: <Response [200]>
2021-08-13 15:01:50,529 - instabot version: 0.117.0 (api) - DEBUG - GET to endpoint: users/42127995335/info/ returned response: <Response [200]>
2021-08-13 15:01:51,161 - instabot version: 0.117.0 (api) - DEBUG - GET to endpoint: users/916174152/info/ returned response: <Response [200]>
2021-08-13 15:01:51,732 - instabot version: 0.117.0 (api) - DEBUG - GET to endpoint: users/8335625866/info/ returned response: <Response [200]>
2021-08-13 15:01:52,122 - instabot version: 0.117.0 (api) - DEBUG - GET to endpoint: users/4062455542/info/ returned response: <Response [200]>
2021-08-13 15:01:52,713 - instabot version: 0.117.0 (api) - DEBUG - GET to endpoint: users/32483562663/info/ returned response: <Response [200]>
2021-08-13 15:01:53,288 - instabot version: 0.117.0 (api) - DEBUG - GET to endpoint: users/1283382918/info/ returned response: <Response [200]>
2021-08-13 15:01:53,808 - instabot version: 0.117.0 (api) - DEBUG - GET to endpoint: users/9243735018/info/ returned response: <Response [200]>
2021-08-13 15:01:54,307 - instabot version: 0.117.0 (api) - DEBUG - GET to endpoint: users/34368592522/info/ returned response: <Response [200]>
2021-08-13 15:01:54,830 - instabot version: 0.117.0 (api) - DEBUG - GET to endpoint: users/2215309656/info/ returned response: <Response [200]>
2021-08-13 15:01:55,338 - instabot version: 0.117.0 (api) - DEBUG - GET to endpoint: users/20733128511/info/ returned response: <Response [200]>
2021-08-13 15:01:56,224 - instabot version: 0.117.0 (api) - DEBUG - GET to endpoint: users/41786975660/info/ returned response: <Response [200]>
2021-08-13 15:01:56,737 - instabot version: 0.117.0 (api) - DEBUG - GET to endpoint: users/3651017760/info/ returned response: <Response [200]>
2021-08-13 15:01:57,305 - instabot version: 0.117.0 (api) - DEBUG - GET to endpoint: users/48808966946/info/ returned response: <Response [200]>
2021-08-13 15:01:57,920 - instabot version: 0.117.0 (api) - DEBUG - GET to endpoint: users/17076809944/info/ returned response: <Response [200]>
2021-08-13 15:01:58,617 - instabot version: 0.117.0 (api) - DEBUG - GET to endpoint: users/17417769702/info/ returned response: <Response [200]>
2021-08-13 15:01:59,128 - instabot version: 0.117.0 (api) - DEBUG - GET to endpoint: users/8194317237/info/ returned response: <Response [200]>
2021-08-13 15:01:59,672 - instabot version: 0.117.0 (api) - DEBUG - GET to endpoint: users/8546076553/info/ returned response: <Response [200]>
2021-08-13 15:02:00,250 - instabot version: 0.117.0 (api) - DEBUG - GET to endpoint: users/9179956184/info/ returned response: <Response [200]>
2021-08-13 15:02:00,915 - instabot version: 0.117.0 (api) - DEBUG - GET to endpoint: users/16891094882/info/ returned response: <Response [200]>
2021-08-13 15:02:01,504 - instabot version: 0.117.0 (api) - DEBUG - GET to endpoint: users/45286122660/info/ returned response: <Response [200]>
2021-08-13 15:02:02,538 - instabot version: 0.117.0 (api) - DEBUG - GET to endpoint: users/1714375390/info/ returned response: <Response [200]>
2021-08-13 15:02:03,167 - instabot version: 0.117.0 (api) - DEBUG - GET to endpoint: users/1571501428/info/ returned response: <Response [200]>
2021-08-13 15:02:03,895 - instabot version: 0.117.0 (api) - DEBUG - GET to endpoint: users/3663091671/info/ returned response: <Response [200]>
2021-08-13 15:02:04,559 - instabot version: 0.117.0 (api) - DEBUG - GET to endpoint: users/44258712718/info/ returned response: <Response [200]>
2021-08-13 15:02:05,212 - instabot version: 0.117.0 (api) - DEBUG - GET to endpoint: users/48516246701/info/ returned response: <Response [200]>
2021-08-13 15:02:05,936 - instabot version: 0.117.0 (api) - DEBUG - GET to endpoint: users/9258370705/info/ returned response: <Response [200]>
2021-08-13 15:02:06,508 - instabot version: 0.117.0 (api) - DEBUG - GET to endpoint: users/1470217725/info/ returned response: <Response [200]>
2021-08-13 15:02:06,990 - instabot version: 0.117.0 (api) - DEBUG - GET to endpoint: users/3921472247/info/ returned response: <Response [200]>
2021-08-13 15:02:07,658 - instabot version: 0.117.0 (api) - DEBUG - GET to endpoint: users/45172716027/info/ returned response: <Response [200]>
2021-08-13 15:02:08,274 - instabot version: 0.117.0 (api) - DEBUG - GET to endpoint: users/48401089944/info/ returned response: <Response [200]>
2021-08-13 15:02:08,749 - instabot version: 0.117.0 (api) - DEBUG - GET to endpoint: users/5893652407/info/ returned response: <Response [200]>
2021-08-13 15:02:09,375 - instabot version: 0.117.0 (api) - DEBUG - GET to endpoint: users/10231727527/info/ returned response: <Response [200]>
2021-08-13 15:02:09,892 - instabot version: 0.117.0 (api) - DEBUG - GET to endpoint: users/41345894080/info/ returned response: <Response [200]>
2021-08-13 15:02:10,265 - instabot version: 0.117.0 (api) - DEBUG - GET to endpoint: users/36395257321/info/ returned response: <Response [200]>
2021-08-13 15:02:10,789 - instabot version: 0.117.0 (api) - DEBUG - GET to endpoint: users/4559530727/info/ returned response: <Response [200]>
2021-08-13 15:02:11,271 - instabot version: 0.117.0 (api) - DEBUG - GET to endpoint: users/29388786891/info/ returned response: <Response [200]>
2021-08-13 15:02:11,930 - instabot version: 0.117.0 (api) - DEBUG - GET to endpoint: users/833271524/info/ returned response: <Response [200]>
2021-08-13 15:02:12,366 - instabot version: 0.117.0 (api) - DEBUG - GET to endpoint: users/5776474870/info/ returned response: <Response [200]>
2021-08-13 15:02:12,883 - instabot version: 0.117.0 (api) - DEBUG - GET to endpoint: users/49070539578/info/ returned response: <Response [200]>
2021-08-13 15:02:13,366 - instabot version: 0.117.0 (api) - DEBUG - GET to endpoint: users/47825443688/info/ returned response: <Response [200]>
2021-08-13 15:02:13,880 - instabot version: 0.117.0 (api) - DEBUG - GET to endpoint: users/1474514948/info/ returned response: <Response [200]>
2021-08-13 15:02:14,355 - instabot version: 0.117.0 (api) - DEBUG - GET to endpoint: users/360945272/info/ returned response: <Response [200]>
2021-08-13 15:02:14,919 - instabot version: 0.117.0 (api) - DEBUG - GET to endpoint: users/4209142162/info/ returned response: <Response [200]>
2021-08-13 15:02:15,400 - instabot version: 0.117.0 (api) - DEBUG - GET to endpoint: users/2305421223/info/ returned response: <Response [200]>
2021-08-13 15:02:15,905 - instabot version: 0.117.0 (api) - DEBUG - GET to endpoint: users/7389907810/info/ returned response: <Response [200]>
2021-08-13 15:02:16,405 - instabot version: 0.117.0 (api) - DEBUG - GET to endpoint: users/23177764400/info/ returned response: <Response [200]>
2021-08-13 15:02:16,970 - instabot version: 0.117.0 (api) - DEBUG - GET to endpoint: users/47936806923/info/ returned response: <Response [200]>
2021-08-13 15:02:17,468 - instabot version: 0.117.0 (api) - DEBUG - GET to endpoint: users/48906859374/info/ returned response: <Response [200]>
2021-08-13 15:02:18,061 - instabot version: 0.117.0 (api) - DEBUG - GET to endpoint: users/14936909071/info/ returned response: <Response [200]>
2021-08-13 15:02:18,451 - instabot version: 0.117.0 (api) - DEBUG - GET to endpoint: users/11930621841/info/ returned response: <Response [200]>
2021-08-13 15:02:18,851 - instabot version: 0.117.0 (api) - DEBUG - GET to endpoint: users/3270345002/info/ returned response: <Response [200]>
2021-08-13 15:02:19,438 - instabot version: 0.117.0 (api) - DEBUG - GET to endpoint: users/10268088839/info/ returned response: <Response [200]>
2021-08-13 15:02:20,001 - instabot version: 0.117.0 (api) - DEBUG - GET to endpoint: users/8353314417/info/ returned response: <Response [200]>
2021-08-13 15:02:20,535 - instabot version: 0.117.0 (api) - DEBUG - GET to endpoint: users/1529959994/info/ returned response: <Response [200]>
2021-08-13 15:02:21,109 - instabot version: 0.117.0 (api) - DEBUG - GET to endpoint: users/10990563887/info/ returned response: <Response [200]>
2021-08-13 15:02:21,648 - instabot version: 0.117.0 (api) - DEBUG - GET to endpoint: users/1544768943/info/ returned response: <Response [200]>
2021-08-13 15:02:22,084 - instabot version: 0.117.0 (api) - DEBUG - GET to endpoint: users/44504501656/info/ returned response: <Response [200]>
2021-08-13 15:02:22,666 - instabot version: 0.117.0 (api) - DEBUG - GET to endpoint: users/10567509207/info/ returned response: <Response [200]>
2021-08-13 15:02:23,169 - instabot version: 0.117.0 (api) - DEBUG - GET to endpoint: users/48913186346/info/ returned response: <Response [200]>
2021-08-13 15:02:23,752 - instabot version: 0.117.0 (api) - DEBUG - GET to endpoint: users/1631751126/info/ returned response: <Response [200]>
2021-08-13 15:02:24,239 - instabot version: 0.117.0 (api) - DEBUG - GET to endpoint: users/46283184178/info/ returned response: <Response [200]>
2021-08-13 15:02:24,780 - instabot version: 0.117.0 (api) - DEBUG - GET to endpoint: users/32684758886/info/ returned response: <Response [200]>
2021-08-13 15:02:25,400 - instabot version: 0.117.0 (api) - DEBUG - GET to endpoint: users/32957373157/info/ returned response: <Response [200]>
2021-08-13 15:02:25,985 - instabot version: 0.117.0 (api) - DEBUG - GET to endpoint: users/3142274433/info/ returned response: <Response [200]>
2021-08-13 15:02:26,613 - instabot version: 0.117.0 (api) - DEBUG - GET to endpoint: users/9552639361/info/ returned response: <Response [200]>
2021-08-13 15:02:27,188 - instabot version: 0.117.0 (api) - DEBUG - GET to endpoint: users/3105203024/info/ returned response: <Response [200]>
2021-08-13 15:02:27,718 - instabot version: 0.117.0 (api) - DEBUG - GET to endpoint: users/48498297288/info/ returned response: <Response [200]>
2021-08-13 15:02:28,369 - instabot version: 0.117.0 (api) - DEBUG - GET to endpoint: users/3163092264/info/ returned response: <Response [200]>
2021-08-13 15:02:28,910 - instabot version: 0.117.0 (api) - DEBUG - GET to endpoint: users/2138938795/info/ returned response: <Response [200]>
2021-08-13 15:02:29,442 - instabot version: 0.117.0 (api) - DEBUG - GET to endpoint: users/6305507590/info/ returned response: <Response [200]>
2021-08-13 15:02:35,072 - instabot version: 0.117.0 (api) - DEBUG - GET to endpoint: feed/tag/дизайнер/?max_id=&rank_token=48835444494_81500ee0-4cf5-493e-ae1a-6a5011cbe63d&ranked_content=true& returned response: <Response [200]>
2021-08-13 15:02:35,950 - instabot version: 0.117.0 (api) - DEBUG - GET to endpoint: users/45393805630/info/ returned response: <Response [200]>
2021-08-13 15:02:36,448 - instabot version: 0.117.0 (api) - DEBUG - GET to endpoint: users/36090797253/info/ returned response: <Response [200]>
2021-08-13 15:02:37,056 - instabot version: 0.117.0 (api) - DEBUG - GET to endpoint: users/6657339022/info/ returned response: <Response [200]>
2021-08-13 15:02:37,627 - instabot version: 0.117.0 (api) - DEBUG - GET to endpoint: users/296397393/info/ returned response: <Response [200]>
2021-08-13 15:02:38,231 - instabot version: 0.117.0 (api) - DEBUG - GET to endpoint: users/45267845270/info/ returned response: <Response [200]>
2021-08-13 15:02:38,604 - instabot version: 0.117.0 (api) - DEBUG - GET to endpoint: users/48908706581/info/ returned response: <Response [200]>
2021-08-13 15:02:39,172 - instabot version: 0.117.0 (api) - DEBUG - GET to endpoint: users/1923412403/info/ returned response: <Response [200]>
2021-08-13 15:02:39,727 - instabot version: 0.117.0 (api) - DEBUG - GET to endpoint: users/45097546108/info/ returned response: <Response [200]>
2021-08-13 15:02:40,270 - instabot version: 0.117.0 (api) - DEBUG - GET to endpoint: users/19046005216/info/ returned response: <Response [200]>
2021-08-13 15:02:40,839 - instabot version: 0.117.0 (api) - DEBUG - GET to endpoint: users/31578825481/info/ returned response: <Response [200]>
2021-08-13 15:02:41,412 - instabot version: 0.117.0 (api) - DEBUG - GET to endpoint: users/2308962122/info/ returned response: <Response [200]>
2021-08-13 15:02:41,903 - instabot version: 0.117.0 (api) - DEBUG - GET to endpoint: users/189535582/info/ returned response: <Response [200]>
2021-08-13 15:02:42,416 - instabot version: 0.117.0 (api) - DEBUG - GET to endpoint: users/2213713499/info/ returned response: <Response [200]>
2021-08-13 15:02:42,968 - instabot version: 0.117.0 (api) - DEBUG - GET to endpoint: users/7597808299/info/ returned response: <Response [200]>
2021-08-13 15:02:43,548 - instabot version: 0.117.0 (api) - DEBUG - GET to endpoint: users/48879997374/info/ returned response: <Response [200]>
2021-08-13 15:02:44,078 - instabot version: 0.117.0 (api) - DEBUG - GET to endpoint: users/3106335025/info/ returned response: <Response [200]>
2021-08-13 15:02:44,572 - instabot version: 0.117.0 (api) - DEBUG - GET to endpoint: users/45727060156/info/ returned response: <Response [200]>
2021-08-13 15:02:45,179 - instabot version: 0.117.0 (api) - DEBUG - GET to endpoint: users/48862714539/info/ returned response: <Response [200]>
2021-08-13 15:02:45,718 - instabot version: 0.117.0 (api) - DEBUG - GET to endpoint: users/3059962588/info/ returned response: <Response [200]>
2021-08-13 15:02:46,269 - instabot version: 0.117.0 (api) - DEBUG - GET to endpoint: users/4105216217/info/ returned response: <Response [200]>
2021-08-13 15:02:46,791 - instabot version: 0.117.0 (api) - DEBUG - GET to endpoint: users/2922528123/info/ returned response: <Response [200]>
2021-08-13 15:02:47,142 - instabot version: 0.117.0 (api) - DEBUG - GET to endpoint: users/49219426793/info/ returned response: <Response [200]>
2021-08-13 15:02:47,690 - instabot version: 0.117.0 (api) - DEBUG - GET to endpoint: users/48640557716/info/ returned response: <Response [200]>
2021-08-13 15:02:48,189 - instabot version: 0.117.0 (api) - DEBUG - GET to endpoint: users/367946702/info/ returned response: <Response [200]>
2021-08-13 15:02:48,773 - instabot version: 0.117.0 (api) - DEBUG - GET to endpoint: users/25456875198/info/ returned response: <Response [200]>
2021-08-13 15:02:49,405 - instabot version: 0.117.0 (api) - DEBUG - GET to endpoint: users/14474361961/info/ returned response: <Response [200]>
2021-08-13 15:02:49,931 - instabot version: 0.117.0 (api) - DEBUG - GET to endpoint: users/18909753142/info/ returned response: <Response [200]>
2021-08-13 15:02:50,463 - instabot version: 0.117.0 (api) - DEBUG - GET to endpoint: users/8339279145/info/ returned response: <Response [200]>
2021-08-13 15:02:50,828 - instabot version: 0.117.0 (api) - DEBUG - GET to endpoint: users/7544009084/info/ returned response: <Response [200]>
2021-08-13 15:02:51,359 - instabot version: 0.117.0 (api) - DEBUG - GET to endpoint: users/6442362718/info/ returned response: <Response [200]>
2021-08-13 15:02:51,910 - instabot version: 0.117.0 (api) - DEBUG - GET to endpoint: users/45293502497/info/ returned response: <Response [200]>
2021-08-13 15:02:52,411 - instabot version: 0.117.0 (api) - DEBUG - GET to endpoint: users/31587863551/info/ returned response: <Response [200]>
2021-08-13 15:02:52,974 - instabot version: 0.117.0 (api) - DEBUG - GET to endpoint: users/4441903323/info/ returned response: <Response [200]>
2021-08-13 15:02:53,662 - instabot version: 0.117.0 (api) - DEBUG - GET to endpoint: users/1911455770/info/ returned response: <Response [200]>
2021-08-13 15:02:54,311 - instabot version: 0.117.0 (api) - DEBUG - GET to endpoint: users/41901994468/info/ returned response: <Response [200]>
2021-08-13 15:02:54,821 - instabot version: 0.117.0 (api) - DEBUG - GET to endpoint: users/39230154454/info/ returned response: <Response [200]>
2021-08-13 15:02:55,321 - instabot version: 0.117.0 (api) - DEBUG - GET to endpoint: users/4878387592/info/ returned response: <Response [200]>
2021-08-13 15:02:55,868 - instabot version: 0.117.0 (api) - DEBUG - GET to endpoint: users/145670079/info/ returned response: <Response [200]>
2021-08-13 15:02:56,461 - instabot version: 0.117.0 (api) - DEBUG - GET to endpoint: users/7265105207/info/ returned response: <Response [200]>
2021-08-13 15:02:56,910 - instabot version: 0.117.0 (api) - DEBUG - GET to endpoint: users/593849816/info/ returned response: <Response [200]>
2021-08-13 15:02:57,455 - instabot version: 0.117.0 (api) - DEBUG - GET to endpoint: users/26463082998/info/ returned response: <Response [200]>
2021-08-13 15:02:57,929 - instabot version: 0.117.0 (api) - DEBUG - GET to endpoint: users/369196669/info/ returned response: <Response [200]>
2021-08-13 15:02:58,394 - instabot version: 0.117.0 (api) - DEBUG - GET to endpoint: users/20196054424/info/ returned response: <Response [200]>
2021-08-13 15:02:58,918 - instabot version: 0.117.0 (api) - DEBUG - GET to endpoint: users/20888230279/info/ returned response: <Response [200]>
2021-08-13 15:02:59,422 - instabot version: 0.117.0 (api) - DEBUG - GET to endpoint: users/48261950788/info/ returned response: <Response [200]>
2021-08-13 15:02:59,930 - instabot version: 0.117.0 (api) - DEBUG - GET to endpoint: users/27687526934/info/ returned response: <Response [200]>
2021-08-13 15:03:00,458 - instabot version: 0.117.0 (api) - DEBUG - GET to endpoint: users/48893028814/info/ returned response: <Response [200]>
2021-08-13 15:03:00,984 - instabot version: 0.117.0 (api) - DEBUG - GET to endpoint: users/47527277395/info/ returned response: <Response [200]>
2021-08-13 15:03:01,500 - instabot version: 0.117.0 (api) - DEBUG - GET to endpoint: users/1393621424/info/ returned response: <Response [200]>
2021-08-13 15:03:02,006 - instabot version: 0.117.0 (api) - DEBUG - GET to endpoint: users/40054197155/info/ returned response: <Response [200]>
2021-08-13 15:03:02,466 - instabot version: 0.117.0 (api) - DEBUG - GET to endpoint: users/45476182462/info/ returned response: <Response [200]>
2021-08-13 15:03:03,195 - instabot version: 0.117.0 (api) - DEBUG - GET to endpoint: users/2080962849/info/ returned response: <Response [200]>
2021-08-13 15:03:03,674 - instabot version: 0.117.0 (api) - DEBUG - GET to endpoint: users/48365556610/info/ returned response: <Response [200]>
2021-08-13 15:03:04,379 - instabot version: 0.117.0 (api) - DEBUG - GET to endpoint: users/5734808222/info/ returned response: <Response [200]>
2021-08-13 15:03:04,857 - instabot version: 0.117.0 (api) - DEBUG - GET to endpoint: users/1563212563/info/ returned response: <Response [200]>
2021-08-13 15:03:05,591 - instabot version: 0.117.0 (api) - DEBUG - GET to endpoint: users/8441173339/info/ returned response: <Response [200]>
2021-08-13 15:03:06,286 - instabot version: 0.117.0 (api) - DEBUG - GET to endpoint: users/3021845204/info/ returned response: <Response [200]>
2021-08-13 15:03:06,747 - instabot version: 0.117.0 (api) - DEBUG - GET to endpoint: users/6283237420/info/ returned response: <Response [200]>
2021-08-13 15:03:07,231 - instabot version: 0.117.0 (api) - DEBUG - GET to endpoint: users/47356808341/info/ returned response: <Response [200]>
2021-08-13 15:03:07,764 - instabot version: 0.117.0 (api) - DEBUG - GET to endpoint: users/4405072330/info/ returned response: <Response [200]>
2021-08-13 15:03:08,342 - instabot version: 0.117.0 (api) - DEBUG - GET to endpoint: users/562225939/info/ returned response: <Response [200]>
2021-08-13 15:03:08,846 - instabot version: 0.117.0 (api) - DEBUG - GET to endpoint: users/4775096261/info/ returned response: <Response [200]>
2021-08-13 15:03:08,847 - instabot version: 0.117.0 (bot_checkpoint) - DEBUG - Saving Checkpoint file to: D:\searchdisaner/config/instbober.checkpoint
2021-08-13 15:03:08,848 - instabot version: 0.117.0 (bot) - INFO - Total requests: 2298
