2021-08-19 12:32:43,533 - instabot version: 0.117.0 (bot) - INFO - Instabot version: 0.117.0 Started
2021-08-19 12:32:43,534 - instabot version: 0.117.0 (bot) - DEBUG - Bot imported from D:\searchdisaner\venv\lib\site-packages\instabot\bot\bot.py
2021-08-19 12:32:43,534 - instabot version: 0.117.0 (api_login) - DEBUG - Loading uuids
2021-08-19 12:32:43,535 - instabot version: 0.117.0 (api_login) - INFO - Recovery from D:\searchdisaner/config/todoctordoom_uuid_and_cookie.json: COOKIE False - UUIDs True - TIMING, DEVICE and ...
- user-agent=Instagram 117.0.0.28.123 Android (28/9.0; 420dpi; 1080x1920; OnePlus; ONEPLUS A3003; OnePlus3; qcom; en_US; 180322800)
- phone_id=fececc37-13fb-4ca7-b4c1-842926ac61f0
- uuid=d8c038f7-d60d-4ffc-ae20-1b8f9d340f0b
- client_session_id=74517733-9e97-4ac6-9bd3-6396afa278ed
- device_id=android-638845ae1420b535
2021-08-19 12:32:43,536 - instabot version: 0.117.0 (api_login) - INFO - Not yet logged in starting: PRE-LOGIN FLOW!
2021-08-19 12:32:43,852 - instabot version: 0.117.0 (api) - DEBUG - POST to endpoint: accounts/get_prefill_candidates/ returned response: <Response [200]>
2021-08-19 12:32:44,192 - instabot version: 0.117.0 (api) - DEBUG - POST to endpoint: qe/sync/ returned response: <Response [200]>
2021-08-19 12:32:44,545 - instabot version: 0.117.0 (api) - DEBUG - POST to endpoint: launcher/sync/ returned response: <Response [200]>
2021-08-19 12:32:44,869 - instabot version: 0.117.0 (api) - DEBUG - POST to endpoint: accounts/contact_point_prefill/ returned response: <Response [200]>
2021-08-19 12:32:46,526 - instabot version: 0.117.0 (api) - DEBUG - POST to endpoint: accounts/login/ returned response: <Response [200]>
2021-08-19 12:32:46,526 - instabot version: 0.117.0 (api) - INFO - Logged-in successfully as 'todoctordoom'!
2021-08-19 12:32:46,527 - instabot version: 0.117.0 (api_login) - INFO - LOGIN FLOW! Just logged-in: True
2021-08-19 12:32:46,876 - instabot version: 0.117.0 (api) - DEBUG - POST to endpoint: qe/sync/ returned response: <Response [200]>
2021-08-19 12:32:47,238 - instabot version: 0.117.0 (api) - DEBUG - POST to endpoint: launcher/sync/ returned response: <Response [200]>
2021-08-19 12:32:47,577 - instabot version: 0.117.0 (api) - DEBUG - GET to endpoint: zr/token/result/?device_id=android-638845ae1420b535&token_hash=&custom_device_id=android-638845ae1420b535&fetch_reason=token_expired returned response: <Response [200]>
2021-08-19 12:32:47,914 - instabot version: 0.117.0 (api) - DEBUG - GET to endpoint: multiple_accounts/get_account_family/ returned response: <Response [200]>
2021-08-19 12:32:48,245 - instabot version: 0.117.0 (api) - DEBUG - POST to endpoint: qe/sync/ returned response: <Response [200]>
2021-08-19 12:32:48,833 - instabot version: 0.117.0 (api) - DEBUG - GET to endpoint: igtv/browse_feed/?prefetch=1 returned response: <Response [200]>
2021-08-19 12:32:49,172 - instabot version: 0.117.0 (api) - DEBUG - POST to endpoint: creatives/ar_class/ returned response: <Response [200]>
2021-08-19 12:32:49,594 - instabot version: 0.117.0 (api) - DEBUG - POST to endpoint: feed/reels_tray/ returned response: <Response [200]>
2021-08-19 12:32:51,398 - instabot version: 0.117.0 (api) - DEBUG - POST to endpoint: feed/timeline/ returned response: <Response [200]>
2021-08-19 12:32:51,733 - instabot version: 0.117.0 (api) - DEBUG - GET to endpoint: media/blocked/ returned response: <Response [200]>
2021-08-19 12:32:52,592 - instabot version: 0.117.0 (api) - DEBUG - GET to endpoint: news/inbox/ returned response: <Response [200]>
2021-08-19 12:32:53,004 - instabot version: 0.117.0 (api) - DEBUG - GET to endpoint: loom/fetch_config/ returned response: <Response [200]>
2021-08-19 12:32:53,996 - instabot version: 0.117.0 (api) - DEBUG - GET to endpoint: scores/bootstrap/users/?surfaces=["autocomplete_user_list","coefficient_besties_list_ranking","coefficient_rank_recipient_user_suggestion","coefficient_ios_section_test_bootstrap_ranking","coefficient_direct_recipients_ranking_variant_2"] returned response: <Response [200]>
2021-08-19 12:32:54,337 - instabot version: 0.117.0 (api) - DEBUG - GET to endpoint: business/eligibility/get_monetization_products_eligibility_data/?product_types=branded_content returned response: <Response [200]>
2021-08-19 12:32:54,705 - instabot version: 0.117.0 (api) - DEBUG - GET to endpoint: business/branded_content/should_require_professional_account/ returned response: <Response [200]>
2021-08-19 12:32:55,772 - instabot version: 0.117.0 (api) - DEBUG - GET to endpoint: linked_accounts/get_linkage_status/ returned response: <Response [200]>
2021-08-19 12:32:56,111 - instabot version: 0.117.0 (api) - DEBUG - GET to endpoint: locations/request_country/ returned response: <Response [200]>
2021-08-19 12:32:56,458 - instabot version: 0.117.0 (api) - DEBUG - GET to endpoint: qp/get_cooldowns/?signed_body=signed_body=4b9c516a5410a3bc128e09c6104a7f042146b9c2023870560c63a43a7f66781c.4&ig_sig_key_version=4&ig_sig_key_version=4 returned response: <Response [200]>
2021-08-19 12:32:56,797 - instabot version: 0.117.0 (api) - DEBUG - GET to endpoint: users/arlink_download_info/?version_override=2.2.1 returned response: <Response [200]>
2021-08-19 12:32:57,632 - instabot version: 0.117.0 (api) - DEBUG - GET to endpoint: users/46258652727/info/ returned response: <Response [200]>
2021-08-19 12:32:57,994 - instabot version: 0.117.0 (api) - DEBUG - GET to endpoint: direct_v2/get_presence/ returned response: <Response [200]>
2021-08-19 12:32:58,426 - instabot version: 0.117.0 (api) - DEBUG - GET to endpoint: direct_v2/inbox/?visual_message_return_type=unseen&thread_message_limit=10&persistentBadging=true&limit=20 returned response: <Response [200]>
2021-08-19 12:32:58,841 - instabot version: 0.117.0 (api) - DEBUG - GET to endpoint: direct_v2/inbox/?visual_message_return_type=unseen&persistentBadging=true&limit=0 returned response: <Response [200]>
2021-08-19 12:32:59,340 - instabot version: 0.117.0 (api) - DEBUG - GET to endpoint: discover/topical_explore/?is_prefetch=true&omit_cover_media=true&use_sectional_payload=true&timezone_offset=0&session_id=74517733-9e97-4ac6-9bd3-6396afa278ed&include_fixed_destinations=true returned response: <Response [200]>
2021-08-19 12:32:59,730 - instabot version: 0.117.0 (api) - DEBUG - POST to endpoint: notifications/badge/ returned response: <Response [200]>
2021-08-19 12:33:00,170 - instabot version: 0.117.0 (api) - DEBUG - POST to endpoint: qp/batch_fetch/ returned response: <Response [200]>
2021-08-19 12:33:00,172 - instabot version: 0.117.0 (bot_checkpoint) - DEBUG - Loading Checkpoint file from: D:\searchdisaner/config/todoctordoom.checkpoint
2021-08-19 12:33:05,955 - instabot version: 0.117.0 (api) - DEBUG - GET to endpoint: feed/tag/дизайн/?max_id=&rank_token=46258652727_d8c038f7-d60d-4ffc-ae20-1b8f9d340f0b&ranked_content=true& returned response: <Response [200]>
2021-08-19 12:33:06,606 - instabot version: 0.117.0 (api) - DEBUG - GET to endpoint: users/48333484348/info/ returned response: <Response [200]>
2021-08-19 12:33:07,170 - instabot version: 0.117.0 (api) - DEBUG - GET to endpoint: users/12875121673/info/ returned response: <Response [200]>
2021-08-19 12:33:08,024 - instabot version: 0.117.0 (api) - DEBUG - GET to endpoint: users/11111565775/info/ returned response: <Response [200]>
2021-08-19 12:33:08,569 - instabot version: 0.117.0 (api) - DEBUG - GET to endpoint: users/42827893754/info/ returned response: <Response [200]>
2021-08-19 12:33:09,208 - instabot version: 0.117.0 (api) - DEBUG - GET to endpoint: users/5416243418/info/ returned response: <Response [200]>
2021-08-19 12:33:09,929 - instabot version: 0.117.0 (api) - DEBUG - GET to endpoint: users/38561802250/info/ returned response: <Response [200]>
2021-08-19 12:33:10,635 - instabot version: 0.117.0 (api) - DEBUG - GET to endpoint: users/16383332606/info/ returned response: <Response [200]>
2021-08-19 12:33:11,408 - instabot version: 0.117.0 (api) - DEBUG - GET to endpoint: users/4119948082/info/ returned response: <Response [200]>
2021-08-19 12:33:12,069 - instabot version: 0.117.0 (api) - DEBUG - GET to endpoint: users/2223971902/info/ returned response: <Response [200]>
2021-08-19 12:33:12,661 - instabot version: 0.117.0 (api) - DEBUG - GET to endpoint: users/3098147282/info/ returned response: <Response [200]>
2021-08-19 12:33:13,294 - instabot version: 0.117.0 (api) - DEBUG - GET to endpoint: users/3599075387/info/ returned response: <Response [200]>
2021-08-19 12:33:14,021 - instabot version: 0.117.0 (api) - DEBUG - GET to endpoint: users/11629644317/info/ returned response: <Response [200]>
2021-08-19 12:33:14,656 - instabot version: 0.117.0 (api) - DEBUG - GET to endpoint: users/3049322074/info/ returned response: <Response [200]>
2021-08-19 12:33:15,397 - instabot version: 0.117.0 (api) - DEBUG - GET to endpoint: users/31528246163/info/ returned response: <Response [200]>
2021-08-19 12:33:16,149 - instabot version: 0.117.0 (api) - DEBUG - GET to endpoint: users/8368183591/info/ returned response: <Response [200]>
2021-08-19 12:33:16,563 - instabot version: 0.117.0 (api) - DEBUG - GET to endpoint: users/43842459112/info/ returned response: <Response [200]>
2021-08-19 12:33:17,124 - instabot version: 0.117.0 (api) - DEBUG - GET to endpoint: users/1797523883/info/ returned response: <Response [200]>
2021-08-19 12:33:17,556 - instabot version: 0.117.0 (api) - DEBUG - GET to endpoint: users/5081641236/info/ returned response: <Response [200]>
2021-08-19 12:33:18,308 - instabot version: 0.117.0 (api) - DEBUG - GET to endpoint: users/3255427904/info/ returned response: <Response [200]>
2021-08-19 12:33:19,063 - instabot version: 0.117.0 (api) - DEBUG - GET to endpoint: users/32484097924/info/ returned response: <Response [200]>
2021-08-19 12:33:19,770 - instabot version: 0.117.0 (api) - DEBUG - GET to endpoint: users/4047993687/info/ returned response: <Response [200]>
2021-08-19 12:33:20,402 - instabot version: 0.117.0 (api) - DEBUG - GET to endpoint: users/1459191535/info/ returned response: <Response [200]>
2021-08-19 12:33:21,771 - instabot version: 0.117.0 (api) - DEBUG - GET to endpoint: users/5650759177/info/ returned response: <Response [200]>
2021-08-19 12:33:22,415 - instabot version: 0.117.0 (api) - DEBUG - GET to endpoint: users/32673049951/info/ returned response: <Response [200]>
2021-08-19 12:33:23,198 - instabot version: 0.117.0 (api) - DEBUG - GET to endpoint: users/9163911622/info/ returned response: <Response [200]>
2021-08-19 12:33:23,768 - instabot version: 0.117.0 (api) - DEBUG - GET to endpoint: users/49030263586/info/ returned response: <Response [200]>
2021-08-19 12:33:24,294 - instabot version: 0.117.0 (api) - DEBUG - GET to endpoint: users/1675148050/info/ returned response: <Response [200]>
2021-08-19 12:33:24,897 - instabot version: 0.117.0 (api) - DEBUG - GET to endpoint: users/7907612696/info/ returned response: <Response [200]>
2021-08-19 12:33:25,488 - instabot version: 0.117.0 (api) - DEBUG - GET to endpoint: users/7952034362/info/ returned response: <Response [200]>
2021-08-19 12:33:26,818 - instabot version: 0.117.0 (api) - DEBUG - GET to endpoint: users/4125563727/info/ returned response: <Response [200]>
2021-08-19 12:33:27,388 - instabot version: 0.117.0 (api) - DEBUG - GET to endpoint: users/2159521804/info/ returned response: <Response [200]>
2021-08-19 12:33:27,992 - instabot version: 0.117.0 (api) - DEBUG - GET to endpoint: users/4325250314/info/ returned response: <Response [200]>
2021-08-19 12:33:28,575 - instabot version: 0.117.0 (api) - DEBUG - GET to endpoint: users/10358619491/info/ returned response: <Response [200]>
2021-08-19 12:33:29,150 - instabot version: 0.117.0 (api) - DEBUG - GET to endpoint: users/47623195637/info/ returned response: <Response [200]>
2021-08-19 12:33:29,605 - instabot version: 0.117.0 (api) - DEBUG - GET to endpoint: users/4709518332/info/ returned response: <Response [200]>
2021-08-19 12:33:30,313 - instabot version: 0.117.0 (api) - DEBUG - GET to endpoint: users/1515964017/info/ returned response: <Response [200]>
2021-08-19 12:33:31,004 - instabot version: 0.117.0 (api) - DEBUG - GET to endpoint: users/45019073266/info/ returned response: <Response [200]>
2021-08-19 12:33:31,575 - instabot version: 0.117.0 (api) - DEBUG - GET to endpoint: users/11858280359/info/ returned response: <Response [200]>
2021-08-19 12:33:32,109 - instabot version: 0.117.0 (api) - DEBUG - GET to endpoint: users/21876502091/info/ returned response: <Response [200]>
2021-08-19 12:33:32,781 - instabot version: 0.117.0 (api) - DEBUG - GET to endpoint: users/8234201806/info/ returned response: <Response [200]>
2021-08-19 12:33:33,326 - instabot version: 0.117.0 (api) - DEBUG - GET to endpoint: users/427702769/info/ returned response: <Response [200]>
2021-08-19 12:33:34,030 - instabot version: 0.117.0 (api) - DEBUG - GET to endpoint: users/24341649588/info/ returned response: <Response [200]>
2021-08-19 12:33:34,652 - instabot version: 0.117.0 (api) - DEBUG - GET to endpoint: users/46602269617/info/ returned response: <Response [200]>
2021-08-19 12:33:35,283 - instabot version: 0.117.0 (api) - DEBUG - GET to endpoint: users/47670791743/info/ returned response: <Response [200]>
2021-08-19 12:33:35,924 - instabot version: 0.117.0 (api) - DEBUG - GET to endpoint: users/1040093496/info/ returned response: <Response [200]>
2021-08-19 12:33:36,553 - instabot version: 0.117.0 (api) - DEBUG - GET to endpoint: users/1486003185/info/ returned response: <Response [200]>
2021-08-19 12:33:37,242 - instabot version: 0.117.0 (api) - DEBUG - GET to endpoint: users/44085244713/info/ returned response: <Response [200]>
2021-08-19 12:33:37,791 - instabot version: 0.117.0 (api) - DEBUG - GET to endpoint: users/35881222230/info/ returned response: <Response [200]>
2021-08-19 12:33:38,341 - instabot version: 0.117.0 (api) - DEBUG - GET to endpoint: users/2257777810/info/ returned response: <Response [200]>
2021-08-19 12:33:38,815 - instabot version: 0.117.0 (api) - DEBUG - GET to endpoint: users/45890201640/info/ returned response: <Response [200]>
2021-08-19 12:33:39,293 - instabot version: 0.117.0 (api) - DEBUG - GET to endpoint: users/10814869255/info/ returned response: <Response [200]>
2021-08-19 12:33:39,969 - instabot version: 0.117.0 (api) - DEBUG - GET to endpoint: users/5648893146/info/ returned response: <Response [200]>
2021-08-19 12:33:40,754 - instabot version: 0.117.0 (api) - DEBUG - GET to endpoint: users/8499966647/info/ returned response: <Response [200]>
2021-08-19 12:33:41,470 - instabot version: 0.117.0 (api) - DEBUG - GET to endpoint: users/3024615708/info/ returned response: <Response [200]>
2021-08-19 12:33:42,036 - instabot version: 0.117.0 (api) - DEBUG - GET to endpoint: users/11599259059/info/ returned response: <Response [200]>
2021-08-19 12:33:42,626 - instabot version: 0.117.0 (api) - DEBUG - GET to endpoint: users/4197140727/info/ returned response: <Response [200]>
2021-08-19 12:33:43,238 - instabot version: 0.117.0 (api) - DEBUG - GET to endpoint: users/1481046392/info/ returned response: <Response [200]>
2021-08-19 12:33:43,679 - instabot version: 0.117.0 (api) - DEBUG - GET to endpoint: users/29232052134/info/ returned response: <Response [200]>
2021-08-19 12:33:44,429 - instabot version: 0.117.0 (api) - DEBUG - GET to endpoint: users/14970828649/info/ returned response: <Response [200]>
2021-08-19 12:33:44,935 - instabot version: 0.117.0 (api) - DEBUG - GET to endpoint: users/2519888952/info/ returned response: <Response [200]>
2021-08-19 12:33:45,728 - instabot version: 0.117.0 (api) - DEBUG - GET to endpoint: users/9220288528/info/ returned response: <Response [200]>
2021-08-19 12:33:46,284 - instabot version: 0.117.0 (api) - DEBUG - GET to endpoint: users/25392720082/info/ returned response: <Response [200]>
2021-08-19 12:33:47,279 - instabot version: 0.117.0 (api) - DEBUG - GET to endpoint: users/45308992779/info/ returned response: <Response [200]>
2021-08-19 12:33:47,948 - instabot version: 0.117.0 (api) - DEBUG - GET to endpoint: users/9920278158/info/ returned response: <Response [200]>
2021-08-19 12:33:48,430 - instabot version: 0.117.0 (api) - DEBUG - GET to endpoint: users/48642373633/info/ returned response: <Response [200]>
2021-08-19 12:33:48,935 - instabot version: 0.117.0 (api) - DEBUG - GET to endpoint: users/48337628451/info/ returned response: <Response [200]>
2021-08-19 12:33:49,455 - instabot version: 0.117.0 (api) - DEBUG - GET to endpoint: users/1449601785/info/ returned response: <Response [200]>
2021-08-19 12:33:50,289 - instabot version: 0.117.0 (api) - DEBUG - GET to endpoint: users/7151381364/info/ returned response: <Response [200]>
2021-08-19 12:33:50,897 - instabot version: 0.117.0 (api) - DEBUG - GET to endpoint: users/46297504215/info/ returned response: <Response [200]>
2021-08-19 12:33:51,960 - instabot version: 0.117.0 (api) - DEBUG - GET to endpoint: users/8012259181/info/ returned response: <Response [200]>
2021-08-19 12:33:52,493 - instabot version: 0.117.0 (api) - DEBUG - GET to endpoint: users/1159924456/info/ returned response: <Response [200]>
2021-08-19 12:33:52,978 - instabot version: 0.117.0 (api) - DEBUG - GET to endpoint: users/48872392619/info/ returned response: <Response [200]>
2021-08-19 12:33:53,612 - instabot version: 0.117.0 (api) - DEBUG - GET to endpoint: users/37759098685/info/ returned response: <Response [200]>
2021-08-19 12:33:54,453 - instabot version: 0.117.0 (api) - DEBUG - GET to endpoint: users/330276457/info/ returned response: <Response [200]>
2021-08-19 12:33:55,018 - instabot version: 0.117.0 (api) - DEBUG - GET to endpoint: users/45326410292/info/ returned response: <Response [200]>
2021-08-19 12:33:55,566 - instabot version: 0.117.0 (api) - DEBUG - GET to endpoint: users/26519992419/info/ returned response: <Response [200]>
2021-08-19 12:34:02,250 - instabot version: 0.117.0 (api) - DEBUG - GET to endpoint: feed/tag/дизайнер/?max_id=&rank_token=46258652727_d8c038f7-d60d-4ffc-ae20-1b8f9d340f0b&ranked_content=true& returned response: <Response [200]>
2021-08-19 12:34:02,925 - instabot version: 0.117.0 (api) - DEBUG - GET to endpoint: users/8376851828/info/ returned response: <Response [200]>
2021-08-19 12:34:03,702 - instabot version: 0.117.0 (api) - DEBUG - GET to endpoint: users/422343366/info/ returned response: <Response [200]>
2021-08-19 12:34:04,392 - instabot version: 0.117.0 (api) - DEBUG - GET to endpoint: users/7622442586/info/ returned response: <Response [200]>
2021-08-19 12:34:05,051 - instabot version: 0.117.0 (api) - DEBUG - GET to endpoint: users/18875234892/info/ returned response: <Response [200]>
2021-08-19 12:34:05,682 - instabot version: 0.117.0 (api) - DEBUG - GET to endpoint: users/32818529068/info/ returned response: <Response [200]>
2021-08-19 12:34:06,422 - instabot version: 0.117.0 (api) - DEBUG - GET to endpoint: users/5454656140/info/ returned response: <Response [200]>
2021-08-19 12:34:06,997 - instabot version: 0.117.0 (api) - DEBUG - GET to endpoint: users/46452609363/info/ returned response: <Response [200]>
2021-08-19 12:34:07,566 - instabot version: 0.117.0 (api) - DEBUG - GET to endpoint: users/1032762885/info/ returned response: <Response [200]>
2021-08-19 12:34:08,110 - instabot version: 0.117.0 (api) - DEBUG - GET to endpoint: users/38560958934/info/ returned response: <Response [200]>
2021-08-19 12:34:08,640 - instabot version: 0.117.0 (api) - DEBUG - GET to endpoint: users/6077462794/info/ returned response: <Response [200]>
2021-08-19 12:34:09,164 - instabot version: 0.117.0 (api) - DEBUG - GET to endpoint: users/11761655511/info/ returned response: <Response [200]>
2021-08-19 12:34:09,865 - instabot version: 0.117.0 (api) - DEBUG - GET to endpoint: users/26751089905/info/ returned response: <Response [200]>
2021-08-19 12:34:10,374 - instabot version: 0.117.0 (api) - DEBUG - GET to endpoint: users/28404384073/info/ returned response: <Response [200]>
2021-08-19 12:34:10,908 - instabot version: 0.117.0 (api) - DEBUG - GET to endpoint: users/31835666792/info/ returned response: <Response [200]>
2021-08-19 12:34:11,413 - instabot version: 0.117.0 (api) - DEBUG - GET to endpoint: users/38891503451/info/ returned response: <Response [200]>
2021-08-19 12:34:11,932 - instabot version: 0.117.0 (api) - DEBUG - GET to endpoint: users/6716828942/info/ returned response: <Response [200]>
2021-08-19 12:34:12,449 - instabot version: 0.117.0 (api) - DEBUG - GET to endpoint: users/8998231082/info/ returned response: <Response [200]>
2021-08-19 12:34:12,858 - instabot version: 0.117.0 (api) - DEBUG - GET to endpoint: users/44024520473/info/ returned response: <Response [200]>
2021-08-19 12:34:13,368 - instabot version: 0.117.0 (api) - DEBUG - GET to endpoint: users/30727537734/info/ returned response: <Response [200]>
2021-08-19 12:34:13,971 - instabot version: 0.117.0 (api) - DEBUG - GET to endpoint: users/8355365648/info/ returned response: <Response [200]>
2021-08-19 12:34:14,607 - instabot version: 0.117.0 (api) - DEBUG - GET to endpoint: users/2672467603/info/ returned response: <Response [200]>
2021-08-19 12:34:15,072 - instabot version: 0.117.0 (api) - DEBUG - GET to endpoint: users/17051786866/info/ returned response: <Response [200]>
2021-08-19 12:34:15,637 - instabot version: 0.117.0 (api) - DEBUG - GET to endpoint: users/39884820526/info/ returned response: <Response [200]>
2021-08-19 12:34:16,118 - instabot version: 0.117.0 (api) - DEBUG - GET to endpoint: users/1434105794/info/ returned response: <Response [200]>
2021-08-19 12:34:16,644 - instabot version: 0.117.0 (api) - DEBUG - GET to endpoint: users/2998437912/info/ returned response: <Response [200]>
2021-08-19 12:34:17,284 - instabot version: 0.117.0 (api) - DEBUG - GET to endpoint: users/44188751291/info/ returned response: <Response [200]>
2021-08-19 12:34:18,099 - instabot version: 0.117.0 (api) - DEBUG - GET to endpoint: users/37820607653/info/ returned response: <Response [200]>
2021-08-19 12:34:18,644 - instabot version: 0.117.0 (api) - DEBUG - GET to endpoint: users/1323993058/info/ returned response: <Response [200]>
2021-08-19 12:34:19,182 - instabot version: 0.117.0 (api) - DEBUG - GET to endpoint: users/38698796817/info/ returned response: <Response [200]>
2021-08-19 12:34:19,706 - instabot version: 0.117.0 (api) - DEBUG - GET to endpoint: users/184851350/info/ returned response: <Response [200]>
2021-08-19 12:34:20,230 - instabot version: 0.117.0 (api) - DEBUG - GET to endpoint: users/48747579877/info/ returned response: <Response [200]>
2021-08-19 12:34:20,694 - instabot version: 0.117.0 (api) - DEBUG - GET to endpoint: users/39405659498/info/ returned response: <Response [200]>
2021-08-19 12:34:21,778 - instabot version: 0.117.0 (api) - DEBUG - GET to endpoint: users/7821994782/info/ returned response: <Response [200]>
2021-08-19 12:34:22,274 - instabot version: 0.117.0 (api) - DEBUG - GET to endpoint: users/48636330284/info/ returned response: <Response [200]>
2021-08-19 12:34:22,836 - instabot version: 0.117.0 (api) - DEBUG - GET to endpoint: users/39231107207/info/ returned response: <Response [200]>
2021-08-19 12:34:23,411 - instabot version: 0.117.0 (api) - DEBUG - GET to endpoint: users/8065696966/info/ returned response: <Response [200]>
2021-08-19 12:34:23,943 - instabot version: 0.117.0 (api) - DEBUG - GET to endpoint: users/3467675343/info/ returned response: <Response [200]>
2021-08-19 12:34:24,500 - instabot version: 0.117.0 (api) - DEBUG - GET to endpoint: users/8218525793/info/ returned response: <Response [200]>
2021-08-19 12:34:25,084 - instabot version: 0.117.0 (api) - DEBUG - GET to endpoint: users/755778473/info/ returned response: <Response [200]>
2021-08-19 12:34:25,664 - instabot version: 0.117.0 (api) - DEBUG - GET to endpoint: users/44059912143/info/ returned response: <Response [200]>
2021-08-19 12:34:26,170 - instabot version: 0.117.0 (api) - DEBUG - GET to endpoint: users/49209746510/info/ returned response: <Response [200]>
2021-08-19 12:34:26,966 - instabot version: 0.117.0 (api) - DEBUG - GET to endpoint: users/1975068844/info/ returned response: <Response [200]>
2021-08-19 12:34:27,702 - instabot version: 0.117.0 (api) - DEBUG - GET to endpoint: users/45325932417/info/ returned response: <Response [200]>
2021-08-19 12:34:28,340 - instabot version: 0.117.0 (api) - DEBUG - GET to endpoint: users/9034471007/info/ returned response: <Response [200]>
2021-08-19 12:34:28,904 - instabot version: 0.117.0 (api) - DEBUG - GET to endpoint: users/10994879485/info/ returned response: <Response [200]>
2021-08-19 12:34:29,671 - instabot version: 0.117.0 (api) - DEBUG - GET to endpoint: users/27018856601/info/ returned response: <Response [200]>
2021-08-19 12:34:30,177 - instabot version: 0.117.0 (api) - DEBUG - GET to endpoint: users/8470417850/info/ returned response: <Response [200]>
2021-08-19 12:34:30,691 - instabot version: 0.117.0 (api) - DEBUG - GET to endpoint: users/37455231964/info/ returned response: <Response [200]>
2021-08-19 12:34:31,234 - instabot version: 0.117.0 (api) - DEBUG - GET to endpoint: users/9312203008/info/ returned response: <Response [200]>
2021-08-19 12:34:31,730 - instabot version: 0.117.0 (api) - DEBUG - GET to endpoint: users/39844528984/info/ returned response: <Response [200]>
2021-08-19 12:34:32,313 - instabot version: 0.117.0 (api) - DEBUG - GET to endpoint: users/4038498518/info/ returned response: <Response [200]>
2021-08-19 12:34:32,841 - instabot version: 0.117.0 (api) - DEBUG - GET to endpoint: users/16832080203/info/ returned response: <Response [200]>
2021-08-19 12:34:33,386 - instabot version: 0.117.0 (api) - DEBUG - GET to endpoint: users/3235561839/info/ returned response: <Response [200]>
2021-08-19 12:34:33,901 - instabot version: 0.117.0 (api) - DEBUG - GET to endpoint: users/4171086862/info/ returned response: <Response [200]>
2021-08-19 12:34:34,492 - instabot version: 0.117.0 (api) - DEBUG - GET to endpoint: users/7402300236/info/ returned response: <Response [200]>
2021-08-19 12:34:34,994 - instabot version: 0.117.0 (api) - DEBUG - GET to endpoint: users/14882045806/info/ returned response: <Response [200]>
2021-08-19 12:34:35,496 - instabot version: 0.117.0 (api) - DEBUG - GET to endpoint: users/35176879720/info/ returned response: <Response [200]>
2021-08-19 12:34:36,278 - instabot version: 0.117.0 (api) - DEBUG - GET to endpoint: users/4057432153/info/ returned response: <Response [200]>
2021-08-19 12:34:36,828 - instabot version: 0.117.0 (api) - DEBUG - GET to endpoint: users/30299858880/info/ returned response: <Response [200]>
2021-08-19 12:34:37,430 - instabot version: 0.117.0 (api) - DEBUG - GET to endpoint: users/13758902707/info/ returned response: <Response [200]>
2021-08-19 12:34:37,941 - instabot version: 0.117.0 (api) - DEBUG - GET to endpoint: users/4054397113/info/ returned response: <Response [200]>
2021-08-19 12:34:38,501 - instabot version: 0.117.0 (api) - DEBUG - GET to endpoint: users/9142784983/info/ returned response: <Response [200]>
2021-08-19 12:42:24,720 - instabot version: 0.117.0 (bot_checkpoint) - DEBUG - Saving Checkpoint file to: D:\searchdisaner/config/todoctordoom.checkpoint
2021-08-19 12:42:24,721 - instabot version: 0.117.0 (bot) - INFO - Total requests: 1234
2021-08-19 12:42:24,721 - instabot version: 0.117.0 (bot_checkpoint) - DEBUG - Saving Checkpoint file to: D:\searchdisaner/config/todoctordoom.checkpoint
2021-08-19 12:42:24,722 - instabot version: 0.117.0 (bot) - INFO - Total requests: 1226
2021-08-19 12:42:24,722 - instabot version: 0.117.0 (bot_checkpoint) - DEBUG - Saving Checkpoint file to: D:\searchdisaner/config/todoctordoom.checkpoint
2021-08-19 12:42:24,722 - instabot version: 0.117.0 (bot) - INFO - Total requests: 1233
2021-08-19 12:42:24,723 - instabot version: 0.117.0 (bot_checkpoint) - DEBUG - Saving Checkpoint file to: D:\searchdisaner/config/todoctordoom.checkpoint
2021-08-19 12:42:24,723 - instabot version: 0.117.0 (bot) - INFO - Total requests: 1232
