2021-08-13 15:32:42,375 - instabot version: 0.117.0 (bot) - INFO - Instabot version: 0.117.0 Started
2021-08-13 15:32:42,375 - instabot version: 0.117.0 (bot) - DEBUG - Bot imported from D:\searchdisaner\venv\lib\site-packages\instabot\bot\bot.py
2021-08-13 15:32:42,376 - instabot version: 0.117.0 (api_login) - INFO - Not yet logged in starting: PRE-LOGIN FLOW!
2021-08-13 15:32:42,747 - instabot version: 0.117.0 (api) - DEBUG - POST to endpoint: accounts/get_prefill_candidates/ returned response: <Response [200]>
2021-08-13 15:32:43,082 - instabot version: 0.117.0 (api) - DEBUG - POST to endpoint: qe/sync/ returned response: <Response [200]>
2021-08-13 15:32:43,422 - instabot version: 0.117.0 (api) - DEBUG - POST to endpoint: launcher/sync/ returned response: <Response [200]>
2021-08-13 15:32:43,754 - instabot version: 0.117.0 (api) - DEBUG - POST to endpoint: accounts/contact_point_prefill/ returned response: <Response [200]>
2021-08-13 15:32:47,215 - instabot version: 0.117.0 (api) - DEBUG - POST to endpoint: accounts/login/ returned response: <Response [200]>
2021-08-13 15:32:47,216 - instabot version: 0.117.0 (api) - INFO - Logged-in successfully as 'todoctordoom'!
2021-08-13 15:32:47,216 - instabot version: 0.117.0 (api_login) - INFO - LOGIN FLOW! Just logged-in: True
2021-08-13 15:32:47,608 - instabot version: 0.117.0 (api) - DEBUG - POST to endpoint: qe/sync/ returned response: <Response [200]>
2021-08-13 15:32:47,961 - instabot version: 0.117.0 (api) - DEBUG - POST to endpoint: launcher/sync/ returned response: <Response [200]>
2021-08-13 15:32:48,293 - instabot version: 0.117.0 (api) - DEBUG - GET to endpoint: zr/token/result/?device_id=android-638845ae1420b535&token_hash=&custom_device_id=android-638845ae1420b535&fetch_reason=token_expired returned response: <Response [200]>
2021-08-13 15:32:48,621 - instabot version: 0.117.0 (api) - DEBUG - GET to endpoint: multiple_accounts/get_account_family/ returned response: <Response [200]>
2021-08-13 15:32:48,969 - instabot version: 0.117.0 (api) - DEBUG - POST to endpoint: qe/sync/ returned response: <Response [200]>
2021-08-13 15:32:49,694 - instabot version: 0.117.0 (api) - DEBUG - GET to endpoint: igtv/browse_feed/?prefetch=1 returned response: <Response [200]>
2021-08-13 15:32:50,016 - instabot version: 0.117.0 (api) - DEBUG - POST to endpoint: creatives/ar_class/ returned response: <Response [200]>
2021-08-13 15:32:50,684 - instabot version: 0.117.0 (api) - DEBUG - POST to endpoint: feed/reels_tray/ returned response: <Response [200]>
2021-08-13 15:32:53,008 - instabot version: 0.117.0 (api) - DEBUG - POST to endpoint: feed/timeline/ returned response: <Response [200]>
2021-08-13 15:32:53,336 - instabot version: 0.117.0 (api) - DEBUG - GET to endpoint: media/blocked/ returned response: <Response [200]>
2021-08-13 15:32:54,321 - instabot version: 0.117.0 (api) - DEBUG - GET to endpoint: news/inbox/ returned response: <Response [200]>
2021-08-13 15:32:54,707 - instabot version: 0.117.0 (api) - DEBUG - GET to endpoint: loom/fetch_config/ returned response: <Response [200]>
2021-08-13 15:32:55,293 - instabot version: 0.117.0 (api) - DEBUG - GET to endpoint: scores/bootstrap/users/?surfaces=["autocomplete_user_list","coefficient_besties_list_ranking","coefficient_rank_recipient_user_suggestion","coefficient_ios_section_test_bootstrap_ranking","coefficient_direct_recipients_ranking_variant_2"] returned response: <Response [200]>
2021-08-13 15:32:55,659 - instabot version: 0.117.0 (api) - DEBUG - GET to endpoint: business/eligibility/get_monetization_products_eligibility_data/?product_types=branded_content returned response: <Response [200]>
2021-08-13 15:32:56,006 - instabot version: 0.117.0 (api) - DEBUG - GET to endpoint: business/branded_content/should_require_professional_account/ returned response: <Response [200]>
2021-08-13 15:32:57,059 - instabot version: 0.117.0 (api) - DEBUG - GET to endpoint: linked_accounts/get_linkage_status/ returned response: <Response [200]>
2021-08-13 15:32:57,430 - instabot version: 0.117.0 (api) - DEBUG - GET to endpoint: locations/request_country/ returned response: <Response [200]>
2021-08-13 15:32:58,967 - instabot version: 0.117.0 (api) - DEBUG - GET to endpoint: qp/get_cooldowns/?signed_body=signed_body=4b9c516a5410a3bc128e09c6104a7f042146b9c2023870560c63a43a7f66781c.4&ig_sig_key_version=4&ig_sig_key_version=4 returned response: <Response [200]>
2021-08-13 15:32:59,302 - instabot version: 0.117.0 (api) - DEBUG - GET to endpoint: users/arlink_download_info/?version_override=2.2.1 returned response: <Response [200]>
2021-08-13 15:33:00,269 - instabot version: 0.117.0 (api) - DEBUG - GET to endpoint: users/46258652727/info/ returned response: <Response [200]>
2021-08-13 15:33:00,638 - instabot version: 0.117.0 (api) - DEBUG - GET to endpoint: direct_v2/get_presence/ returned response: <Response [200]>
2021-08-13 15:33:01,054 - instabot version: 0.117.0 (api) - DEBUG - GET to endpoint: direct_v2/inbox/?visual_message_return_type=unseen&thread_message_limit=10&persistentBadging=true&limit=20 returned response: <Response [200]>
2021-08-13 15:33:01,434 - instabot version: 0.117.0 (api) - DEBUG - GET to endpoint: direct_v2/inbox/?visual_message_return_type=unseen&persistentBadging=true&limit=0 returned response: <Response [200]>
2021-08-13 15:33:03,256 - instabot version: 0.117.0 (api) - DEBUG - GET to endpoint: discover/topical_explore/?is_prefetch=true&omit_cover_media=true&use_sectional_payload=true&timezone_offset=0&session_id=74517733-9e97-4ac6-9bd3-6396afa278ed&include_fixed_destinations=true returned response: <Response [200]>
2021-08-13 15:33:03,597 - instabot version: 0.117.0 (api) - DEBUG - POST to endpoint: notifications/badge/ returned response: <Response [200]>
2021-08-13 15:33:04,096 - instabot version: 0.117.0 (api) - DEBUG - POST to endpoint: qp/batch_fetch/ returned response: <Response [200]>
2021-08-13 15:33:04,098 - instabot version: 0.117.0 (bot_checkpoint) - DEBUG - Loading Checkpoint file from: D:\searchdisaner/config/todoctordoom.checkpoint
2021-08-13 15:33:09,560 - instabot version: 0.117.0 (api) - DEBUG - GET to endpoint: feed/tag/дизайн/?max_id=&rank_token=46258652727_d8c038f7-d60d-4ffc-ae20-1b8f9d340f0b&ranked_content=true& returned response: <Response [200]>
2021-08-13 15:33:10,472 - instabot version: 0.117.0 (api) - DEBUG - GET to endpoint: users/48885083664/info/ returned response: <Response [200]>
2021-08-13 15:33:11,214 - instabot version: 0.117.0 (api) - DEBUG - GET to endpoint: users/6743322629/info/ returned response: <Response [200]>
2021-08-13 15:33:12,127 - instabot version: 0.117.0 (api) - DEBUG - GET to endpoint: users/6662816459/info/ returned response: <Response [200]>
2021-08-13 15:33:12,732 - instabot version: 0.117.0 (api) - DEBUG - GET to endpoint: users/48404889619/info/ returned response: <Response [200]>
2021-08-13 15:33:13,429 - instabot version: 0.117.0 (api) - DEBUG - GET to endpoint: users/41782132447/info/ returned response: <Response [200]>
2021-08-13 15:33:14,033 - instabot version: 0.117.0 (api) - DEBUG - GET to endpoint: users/27476733390/info/ returned response: <Response [200]>
2021-08-13 15:33:14,644 - instabot version: 0.117.0 (api) - DEBUG - GET to endpoint: users/4303289057/info/ returned response: <Response [200]>
2021-08-13 15:33:15,269 - instabot version: 0.117.0 (api) - DEBUG - GET to endpoint: users/2090737242/info/ returned response: <Response [200]>
2021-08-13 15:33:15,828 - instabot version: 0.117.0 (api) - DEBUG - GET to endpoint: users/3136968340/info/ returned response: <Response [200]>
2021-08-13 15:33:16,449 - instabot version: 0.117.0 (api) - DEBUG - GET to endpoint: users/2290409570/info/ returned response: <Response [200]>
2021-08-13 15:33:17,319 - instabot version: 0.117.0 (api) - DEBUG - GET to endpoint: users/13873375454/info/ returned response: <Response [200]>
2021-08-13 15:33:18,073 - instabot version: 0.117.0 (api) - DEBUG - GET to endpoint: users/2218314229/info/ returned response: <Response [200]>
2021-08-13 15:33:18,712 - instabot version: 0.117.0 (api) - DEBUG - GET to endpoint: users/47711801176/info/ returned response: <Response [200]>
2021-08-13 15:33:19,367 - instabot version: 0.117.0 (api) - DEBUG - GET to endpoint: users/5882684434/info/ returned response: <Response [200]>
2021-08-13 15:33:20,045 - instabot version: 0.117.0 (api) - DEBUG - GET to endpoint: users/5688849732/info/ returned response: <Response [200]>
2021-08-13 15:33:20,692 - instabot version: 0.117.0 (api) - DEBUG - GET to endpoint: users/4018669687/info/ returned response: <Response [200]>
2021-08-13 15:33:21,657 - instabot version: 0.117.0 (api) - DEBUG - GET to endpoint: users/10253127784/info/ returned response: <Response [200]>
2021-08-13 15:33:22,617 - instabot version: 0.117.0 (api) - DEBUG - GET to endpoint: users/2311273213/info/ returned response: <Response [200]>
2021-08-13 15:33:23,275 - instabot version: 0.117.0 (api) - DEBUG - GET to endpoint: users/44246757837/info/ returned response: <Response [200]>
2021-08-13 15:33:23,877 - instabot version: 0.117.0 (api) - DEBUG - GET to endpoint: users/248092644/info/ returned response: <Response [200]>
2021-08-13 15:33:24,641 - instabot version: 0.117.0 (api) - DEBUG - GET to endpoint: users/5637845927/info/ returned response: <Response [200]>
2021-08-13 15:33:25,082 - instabot version: 0.117.0 (api) - DEBUG - GET to endpoint: users/5844887139/info/ returned response: <Response [200]>
2021-08-13 15:33:25,765 - instabot version: 0.117.0 (api) - DEBUG - GET to endpoint: users/40054469099/info/ returned response: <Response [200]>
2021-08-13 15:33:26,490 - instabot version: 0.117.0 (api) - DEBUG - GET to endpoint: users/3594719966/info/ returned response: <Response [200]>
2021-08-13 15:33:27,205 - instabot version: 0.117.0 (api) - DEBUG - GET to endpoint: users/1359785941/info/ returned response: <Response [200]>
2021-08-13 15:33:27,850 - instabot version: 0.117.0 (api) - DEBUG - GET to endpoint: users/636557033/info/ returned response: <Response [200]>
2021-08-13 15:33:28,789 - instabot version: 0.117.0 (api) - DEBUG - GET to endpoint: users/4536262517/info/ returned response: <Response [200]>
2021-08-13 15:33:30,087 - instabot version: 0.117.0 (api) - DEBUG - GET to endpoint: users/4717953541/info/ returned response: <Response [200]>
2021-08-13 15:33:30,709 - instabot version: 0.117.0 (api) - DEBUG - GET to endpoint: users/26235020753/info/ returned response: <Response [200]>
2021-08-13 15:33:31,286 - instabot version: 0.117.0 (api) - DEBUG - GET to endpoint: users/421175476/info/ returned response: <Response [200]>
2021-08-13 15:33:31,899 - instabot version: 0.117.0 (api) - DEBUG - GET to endpoint: users/46461413524/info/ returned response: <Response [200]>
2021-08-13 15:33:32,784 - instabot version: 0.117.0 (api) - DEBUG - GET to endpoint: users/13569661781/info/ returned response: <Response [200]>
2021-08-13 15:33:33,243 - instabot version: 0.117.0 (api) - DEBUG - GET to endpoint: users/290232520/info/ returned response: <Response [200]>
2021-08-13 15:33:33,852 - instabot version: 0.117.0 (api) - DEBUG - GET to endpoint: users/2246582402/info/ returned response: <Response [200]>
2021-08-13 15:33:34,549 - instabot version: 0.117.0 (api) - DEBUG - GET to endpoint: users/1721010946/info/ returned response: <Response [200]>
2021-08-13 15:33:35,152 - instabot version: 0.117.0 (api) - DEBUG - GET to endpoint: users/1040093496/info/ returned response: <Response [200]>
2021-08-13 15:33:35,911 - instabot version: 0.117.0 (api) - DEBUG - GET to endpoint: users/6926177246/info/ returned response: <Response [200]>
2021-08-13 15:33:36,734 - instabot version: 0.117.0 (api) - DEBUG - GET to endpoint: users/6342707692/info/ returned response: <Response [200]>
2021-08-13 15:33:37,451 - instabot version: 0.117.0 (api) - DEBUG - GET to endpoint: users/1631751126/info/ returned response: <Response [200]>
2021-08-13 15:33:38,100 - instabot version: 0.117.0 (api) - DEBUG - GET to endpoint: users/4910905597/info/ returned response: <Response [200]>
2021-08-13 15:33:38,714 - instabot version: 0.117.0 (api) - DEBUG - GET to endpoint: users/27516072401/info/ returned response: <Response [200]>
2021-08-13 15:33:39,385 - instabot version: 0.117.0 (api) - DEBUG - GET to endpoint: users/7142773598/info/ returned response: <Response [200]>
2021-08-13 15:33:39,948 - instabot version: 0.117.0 (api) - DEBUG - GET to endpoint: users/48104177968/info/ returned response: <Response [200]>
2021-08-13 15:33:40,519 - instabot version: 0.117.0 (api) - DEBUG - GET to endpoint: users/8162543660/info/ returned response: <Response [200]>
2021-08-13 15:33:40,941 - instabot version: 0.117.0 (api) - DEBUG - GET to endpoint: users/48918057160/info/ returned response: <Response [200]>
2021-08-13 15:33:41,658 - instabot version: 0.117.0 (api) - DEBUG - GET to endpoint: users/2623489060/info/ returned response: <Response [200]>
2021-08-13 15:33:42,294 - instabot version: 0.117.0 (api) - DEBUG - GET to endpoint: users/18732326584/info/ returned response: <Response [200]>
2021-08-13 15:33:42,946 - instabot version: 0.117.0 (api) - DEBUG - GET to endpoint: users/11637179612/info/ returned response: <Response [200]>
2021-08-13 15:33:43,553 - instabot version: 0.117.0 (api) - DEBUG - GET to endpoint: users/11093950235/info/ returned response: <Response [200]>
2021-08-13 15:33:44,113 - instabot version: 0.117.0 (api) - DEBUG - GET to endpoint: users/14796219278/info/ returned response: <Response [200]>
2021-08-13 15:33:44,769 - instabot version: 0.117.0 (api) - DEBUG - GET to endpoint: users/23524786753/info/ returned response: <Response [200]>
2021-08-13 15:33:45,567 - instabot version: 0.117.0 (api) - DEBUG - GET to endpoint: users/13542817004/info/ returned response: <Response [200]>
2021-08-13 15:33:46,311 - instabot version: 0.117.0 (api) - DEBUG - GET to endpoint: users/8088229416/info/ returned response: <Response [200]>
2021-08-13 15:33:46,909 - instabot version: 0.117.0 (api) - DEBUG - GET to endpoint: users/9179956184/info/ returned response: <Response [200]>
2021-08-13 15:33:47,454 - instabot version: 0.117.0 (api) - DEBUG - GET to endpoint: users/24800796155/info/ returned response: <Response [200]>
2021-08-13 15:33:48,014 - instabot version: 0.117.0 (api) - DEBUG - GET to endpoint: users/9436410206/info/ returned response: <Response [200]>
2021-08-13 15:33:48,777 - instabot version: 0.117.0 (api) - DEBUG - GET to endpoint: users/4740733321/info/ returned response: <Response [200]>
2021-08-13 15:33:49,381 - instabot version: 0.117.0 (api) - DEBUG - GET to endpoint: users/1123533973/info/ returned response: <Response [200]>
2021-08-13 15:33:50,029 - instabot version: 0.117.0 (api) - DEBUG - GET to endpoint: users/7447114305/info/ returned response: <Response [200]>
2021-08-13 15:33:50,459 - instabot version: 0.117.0 (api) - DEBUG - GET to endpoint: users/48450662575/info/ returned response: <Response [200]>
2021-08-13 15:33:50,889 - instabot version: 0.117.0 (api) - DEBUG - GET to endpoint: users/12491389724/info/ returned response: <Response [200]>
2021-08-13 15:33:51,624 - instabot version: 0.117.0 (api) - DEBUG - GET to endpoint: users/9031271798/info/ returned response: <Response [200]>
2021-08-13 15:33:52,183 - instabot version: 0.117.0 (api) - DEBUG - GET to endpoint: users/39532884135/info/ returned response: <Response [200]>
2021-08-13 15:33:52,733 - instabot version: 0.117.0 (api) - DEBUG - GET to endpoint: users/25567190354/info/ returned response: <Response [200]>
2021-08-13 15:33:53,327 - instabot version: 0.117.0 (api) - DEBUG - GET to endpoint: users/347269087/info/ returned response: <Response [200]>
2021-08-13 15:33:54,051 - instabot version: 0.117.0 (api) - DEBUG - GET to endpoint: users/47231703101/info/ returned response: <Response [200]>
2021-08-13 15:33:54,795 - instabot version: 0.117.0 (api) - DEBUG - GET to endpoint: users/5793856486/info/ returned response: <Response [200]>
2021-08-13 15:34:00,166 - instabot version: 0.117.0 (api) - DEBUG - GET to endpoint: feed/tag/дизайнер/?max_id=&rank_token=46258652727_d8c038f7-d60d-4ffc-ae20-1b8f9d340f0b&ranked_content=true& returned response: <Response [200]>
2021-08-13 15:34:00,834 - instabot version: 0.117.0 (api) - DEBUG - GET to endpoint: users/28323097805/info/ returned response: <Response [200]>
2021-08-13 15:34:01,615 - instabot version: 0.117.0 (api) - DEBUG - GET to endpoint: users/10674698246/info/ returned response: <Response [200]>
2021-08-13 15:34:02,236 - instabot version: 0.117.0 (api) - DEBUG - GET to endpoint: users/8265402132/info/ returned response: <Response [200]>
2021-08-13 15:34:02,778 - instabot version: 0.117.0 (api) - DEBUG - GET to endpoint: users/23213622874/info/ returned response: <Response [200]>
2021-08-13 15:34:03,441 - instabot version: 0.117.0 (api) - DEBUG - GET to endpoint: users/1697836077/info/ returned response: <Response [200]>
2021-08-13 15:34:04,039 - instabot version: 0.117.0 (api) - DEBUG - GET to endpoint: users/30372721105/info/ returned response: <Response [200]>
2021-08-13 15:34:04,739 - instabot version: 0.117.0 (api) - DEBUG - GET to endpoint: users/10594614166/info/ returned response: <Response [200]>
2021-08-13 15:34:05,338 - instabot version: 0.117.0 (api) - DEBUG - GET to endpoint: users/1380345785/info/ returned response: <Response [200]>
2021-08-13 15:34:06,010 - instabot version: 0.117.0 (api) - DEBUG - GET to endpoint: users/35798272287/info/ returned response: <Response [200]>
2021-08-13 15:34:07,234 - instabot version: 0.117.0 (api) - DEBUG - GET to endpoint: users/1283382918/info/ returned response: <Response [200]>
2021-08-13 15:34:07,809 - instabot version: 0.117.0 (api) - DEBUG - GET to endpoint: users/28117592946/info/ returned response: <Response [200]>
2021-08-13 15:34:08,413 - instabot version: 0.117.0 (api) - DEBUG - GET to endpoint: users/3621046892/info/ returned response: <Response [200]>
2021-08-13 15:34:09,330 - instabot version: 0.117.0 (api) - DEBUG - GET to endpoint: users/4883241676/info/ returned response: <Response [200]>
2021-08-13 15:34:09,992 - instabot version: 0.117.0 (api) - DEBUG - GET to endpoint: users/1520815183/info/ returned response: <Response [200]>
2021-08-13 15:34:10,549 - instabot version: 0.117.0 (api) - DEBUG - GET to endpoint: users/289303527/info/ returned response: <Response [200]>
2021-08-13 15:34:10,989 - instabot version: 0.117.0 (api) - DEBUG - GET to endpoint: users/48917129426/info/ returned response: <Response [200]>
2021-08-13 15:34:11,856 - instabot version: 0.117.0 (api) - DEBUG - GET to endpoint: users/26244198471/info/ returned response: <Response [200]>
2021-08-13 15:34:12,507 - instabot version: 0.117.0 (api) - DEBUG - GET to endpoint: users/34731943213/info/ returned response: <Response [200]>
2021-08-13 15:34:13,108 - instabot version: 0.117.0 (api) - DEBUG - GET to endpoint: users/203026561/info/ returned response: <Response [200]>
2021-08-13 15:34:13,641 - instabot version: 0.117.0 (api) - DEBUG - GET to endpoint: users/1204854724/info/ returned response: <Response [200]>
2021-08-13 15:34:14,422 - instabot version: 0.117.0 (api) - DEBUG - GET to endpoint: users/8595604248/info/ returned response: <Response [200]>
2021-08-13 15:34:15,073 - instabot version: 0.117.0 (api) - DEBUG - GET to endpoint: users/8150795048/info/ returned response: <Response [200]>
2021-08-13 15:34:15,488 - instabot version: 0.117.0 (api) - DEBUG - GET to endpoint: users/46881848788/info/ returned response: <Response [200]>
2021-08-13 15:34:16,469 - instabot version: 0.117.0 (api) - DEBUG - GET to endpoint: users/4217294472/info/ returned response: <Response [200]>
2021-08-13 15:34:17,236 - instabot version: 0.117.0 (api) - DEBUG - GET to endpoint: users/44071493605/info/ returned response: <Response [200]>
2021-08-13 15:34:17,902 - instabot version: 0.117.0 (api) - DEBUG - GET to endpoint: users/24838851945/info/ returned response: <Response [200]>
2021-08-13 15:34:18,588 - instabot version: 0.117.0 (api) - DEBUG - GET to endpoint: users/425912830/info/ returned response: <Response [200]>
2021-08-13 15:34:19,183 - instabot version: 0.117.0 (api) - DEBUG - GET to endpoint: users/7265105207/info/ returned response: <Response [200]>
2021-08-13 15:34:19,968 - instabot version: 0.117.0 (api) - DEBUG - GET to endpoint: users/6270358194/info/ returned response: <Response [200]>
2021-08-13 15:34:20,594 - instabot version: 0.117.0 (api) - DEBUG - GET to endpoint: users/288146162/info/ returned response: <Response [200]>
2021-08-13 15:34:21,142 - instabot version: 0.117.0 (api) - DEBUG - GET to endpoint: users/47392017989/info/ returned response: <Response [200]>
2021-08-13 15:34:21,826 - instabot version: 0.117.0 (api) - DEBUG - GET to endpoint: users/47134071020/info/ returned response: <Response [200]>
2021-08-13 15:34:22,519 - instabot version: 0.117.0 (api) - DEBUG - GET to endpoint: users/31739924094/info/ returned response: <Response [200]>
2021-08-13 15:34:23,079 - instabot version: 0.117.0 (api) - DEBUG - GET to endpoint: users/4929881484/info/ returned response: <Response [200]>
2021-08-13 15:34:23,739 - instabot version: 0.117.0 (api) - DEBUG - GET to endpoint: users/5982583718/info/ returned response: <Response [200]>
2021-08-13 15:34:24,378 - instabot version: 0.117.0 (api) - DEBUG - GET to endpoint: users/1635219183/info/ returned response: <Response [200]>
2021-08-13 15:34:24,951 - instabot version: 0.117.0 (api) - DEBUG - GET to endpoint: users/1422157662/info/ returned response: <Response [200]>
2021-08-13 15:34:25,530 - instabot version: 0.117.0 (api) - DEBUG - GET to endpoint: users/32003423039/info/ returned response: <Response [200]>
2021-08-13 15:34:26,278 - instabot version: 0.117.0 (api) - DEBUG - GET to endpoint: users/8381188124/info/ returned response: <Response [200]>
2021-08-13 15:34:26,824 - instabot version: 0.117.0 (api) - DEBUG - GET to endpoint: users/6442362718/info/ returned response: <Response [200]>
2021-08-13 15:34:27,415 - instabot version: 0.117.0 (api) - DEBUG - GET to endpoint: users/19855601701/info/ returned response: <Response [200]>
2021-08-13 15:34:27,416 - instabot version: 0.117.0 (bot_checkpoint) - DEBUG - Saving Checkpoint file to: D:\searchdisaner/config/todoctordoom.checkpoint
2021-08-13 15:34:27,447 - instabot version: 0.117.0 (bot) - INFO - Total requests: 141
