2021-08-27 17:03:28,633 - instabot version: 0.117.0 (bot) - INFO - Instabot version: 0.117.0 Started
2021-08-27 17:03:28,923 - instabot version: 0.117.0 (bot) - DEBUG - Bot imported from D:\searchdisaner\venv\lib\site-packages\instabot\bot\bot.py
2021-08-27 17:03:28,932 - instabot version: 0.117.0 (api_login) - DEBUG - Loading uuids
2021-08-27 17:03:28,932 - instabot version: 0.117.0 (api_login) - INFO - Recovery from D:\searchdisaner/config/todoctordoom_uuid_and_cookie.json: COOKIE False - UUIDs True - TIMING, DEVICE and ...
- user-agent=Instagram 117.0.0.28.123 Android (28/9.0; 420dpi; 1080x1920; OnePlus; ONEPLUS A3003; OnePlus3; qcom; en_US; 180322800)
- phone_id=fececc37-13fb-4ca7-b4c1-842926ac61f0
- uuid=d8c038f7-d60d-4ffc-ae20-1b8f9d340f0b
- client_session_id=74517733-9e97-4ac6-9bd3-6396afa278ed
- device_id=android-638845ae1420b535
2021-08-27 17:03:28,934 - instabot version: 0.117.0 (api_login) - INFO - Not yet logged in starting: PRE-LOGIN FLOW!
2021-08-27 17:03:29,235 - instabot version: 0.117.0 (api) - DEBUG - POST to endpoint: accounts/get_prefill_candidates/ returned response: <Response [200]>
2021-08-27 17:03:29,513 - instabot version: 0.117.0 (api) - DEBUG - POST to endpoint: qe/sync/ returned response: <Response [200]>
2021-08-27 17:03:29,803 - instabot version: 0.117.0 (api) - DEBUG - POST to endpoint: launcher/sync/ returned response: <Response [200]>
2021-08-27 17:03:30,073 - instabot version: 0.117.0 (api) - DEBUG - POST to endpoint: accounts/contact_point_prefill/ returned response: <Response [200]>
2021-08-27 17:03:32,651 - instabot version: 0.117.0 (api) - DEBUG - POST to endpoint: accounts/login/ returned response: <Response [200]>
2021-08-27 17:03:32,652 - instabot version: 0.117.0 (api) - INFO - Logged-in successfully as 'todoctordoom'!
2021-08-27 17:03:32,653 - instabot version: 0.117.0 (api_login) - INFO - LOGIN FLOW! Just logged-in: True
2021-08-27 17:03:33,015 - instabot version: 0.117.0 (api) - DEBUG - POST to endpoint: qe/sync/ returned response: <Response [200]>
2021-08-27 17:03:33,388 - instabot version: 0.117.0 (api) - DEBUG - POST to endpoint: launcher/sync/ returned response: <Response [200]>
2021-08-27 17:03:33,726 - instabot version: 0.117.0 (api) - DEBUG - GET to endpoint: zr/token/result/?device_id=android-638845ae1420b535&token_hash=&custom_device_id=android-638845ae1420b535&fetch_reason=token_expired returned response: <Response [200]>
2021-08-27 17:03:34,068 - instabot version: 0.117.0 (api) - DEBUG - GET to endpoint: multiple_accounts/get_account_family/ returned response: <Response [200]>
2021-08-27 17:03:34,421 - instabot version: 0.117.0 (api) - DEBUG - POST to endpoint: qe/sync/ returned response: <Response [200]>
2021-08-27 17:03:34,977 - instabot version: 0.117.0 (api) - DEBUG - GET to endpoint: igtv/browse_feed/?prefetch=1 returned response: <Response [200]>
2021-08-27 17:03:35,329 - instabot version: 0.117.0 (api) - DEBUG - POST to endpoint: creatives/ar_class/ returned response: <Response [200]>
2021-08-27 17:03:35,776 - instabot version: 0.117.0 (api) - DEBUG - POST to endpoint: feed/reels_tray/ returned response: <Response [200]>
2021-08-27 17:03:36,927 - instabot version: 0.117.0 (api) - DEBUG - POST to endpoint: feed/timeline/ returned response: <Response [200]>
2021-08-27 17:03:37,278 - instabot version: 0.117.0 (api) - DEBUG - GET to endpoint: media/blocked/ returned response: <Response [200]>
2021-08-27 17:03:38,232 - instabot version: 0.117.0 (api) - DEBUG - GET to endpoint: news/inbox/ returned response: <Response [200]>
2021-08-27 17:03:38,599 - instabot version: 0.117.0 (api) - DEBUG - GET to endpoint: loom/fetch_config/ returned response: <Response [200]>
2021-08-27 17:03:39,653 - instabot version: 0.117.0 (api) - DEBUG - GET to endpoint: scores/bootstrap/users/?surfaces=["autocomplete_user_list","coefficient_besties_list_ranking","coefficient_rank_recipient_user_suggestion","coefficient_ios_section_test_bootstrap_ranking","coefficient_direct_recipients_ranking_variant_2"] returned response: <Response [200]>
2021-08-27 17:03:40,034 - instabot version: 0.117.0 (api) - DEBUG - GET to endpoint: business/eligibility/get_monetization_products_eligibility_data/?product_types=branded_content returned response: <Response [200]>
2021-08-27 17:03:40,411 - instabot version: 0.117.0 (api) - DEBUG - GET to endpoint: business/branded_content/should_require_professional_account/ returned response: <Response [200]>
2021-08-27 17:03:41,416 - instabot version: 0.117.0 (api) - DEBUG - GET to endpoint: linked_accounts/get_linkage_status/ returned response: <Response [200]>
2021-08-27 17:03:41,772 - instabot version: 0.117.0 (api) - DEBUG - GET to endpoint: locations/request_country/ returned response: <Response [200]>
2021-08-27 17:03:42,123 - instabot version: 0.117.0 (api) - DEBUG - GET to endpoint: qp/get_cooldowns/?signed_body=signed_body=4b9c516a5410a3bc128e09c6104a7f042146b9c2023870560c63a43a7f66781c.4&ig_sig_key_version=4&ig_sig_key_version=4 returned response: <Response [200]>
2021-08-27 17:03:42,474 - instabot version: 0.117.0 (api) - DEBUG - GET to endpoint: users/arlink_download_info/?version_override=2.2.1 returned response: <Response [200]>
2021-08-27 17:03:43,419 - instabot version: 0.117.0 (api) - DEBUG - GET to endpoint: users/46258652727/info/ returned response: <Response [200]>
2021-08-27 17:03:43,797 - instabot version: 0.117.0 (api) - DEBUG - GET to endpoint: direct_v2/get_presence/ returned response: <Response [200]>
2021-08-27 17:03:44,235 - instabot version: 0.117.0 (api) - DEBUG - GET to endpoint: direct_v2/inbox/?visual_message_return_type=unseen&thread_message_limit=10&persistentBadging=true&limit=20 returned response: <Response [200]>
2021-08-27 17:03:44,625 - instabot version: 0.117.0 (api) - DEBUG - GET to endpoint: direct_v2/inbox/?visual_message_return_type=unseen&persistentBadging=true&limit=0 returned response: <Response [200]>
2021-08-27 17:03:45,059 - instabot version: 0.117.0 (api) - DEBUG - GET to endpoint: discover/topical_explore/?is_prefetch=true&omit_cover_media=true&use_sectional_payload=true&timezone_offset=0&session_id=74517733-9e97-4ac6-9bd3-6396afa278ed&include_fixed_destinations=true returned response: <Response [200]>
2021-08-27 17:03:45,431 - instabot version: 0.117.0 (api) - DEBUG - POST to endpoint: notifications/badge/ returned response: <Response [200]>
2021-08-27 17:03:45,979 - instabot version: 0.117.0 (api) - DEBUG - POST to endpoint: qp/batch_fetch/ returned response: <Response [200]>
2021-08-27 17:03:45,981 - instabot version: 0.117.0 (bot_checkpoint) - DEBUG - Loading Checkpoint file from: D:\searchdisaner/config/todoctordoom.checkpoint
2021-08-27 17:03:52,221 - instabot version: 0.117.0 (api) - DEBUG - GET to endpoint: feed/tag/дизайн/?max_id=&rank_token=46258652727_d8c038f7-d60d-4ffc-ae20-1b8f9d340f0b&ranked_content=true& returned response: <Response [200]>
2021-08-27 17:03:52,935 - instabot version: 0.117.0 (api) - DEBUG - GET to endpoint: users/2307231097/info/ returned response: <Response [200]>
2021-08-27 17:03:53,562 - instabot version: 0.117.0 (api) - DEBUG - GET to endpoint: users/5907225619/info/ returned response: <Response [200]>
2021-08-27 17:03:54,326 - instabot version: 0.117.0 (api) - DEBUG - GET to endpoint: users/7056321985/info/ returned response: <Response [200]>
2021-08-27 17:03:55,018 - instabot version: 0.117.0 (api) - DEBUG - GET to endpoint: users/2078362165/info/ returned response: <Response [200]>
2021-08-27 17:03:55,760 - instabot version: 0.117.0 (api) - DEBUG - GET to endpoint: users/49266563402/info/ returned response: <Response [200]>
2021-08-27 17:03:56,457 - instabot version: 0.117.0 (api) - DEBUG - GET to endpoint: users/8687661758/info/ returned response: <Response [200]>
2021-08-27 17:03:57,062 - instabot version: 0.117.0 (api) - DEBUG - GET to endpoint: users/2290878696/info/ returned response: <Response [200]>
2021-08-27 17:03:57,891 - instabot version: 0.117.0 (api) - DEBUG - GET to endpoint: users/6101928837/info/ returned response: <Response [200]>
2021-08-27 17:03:58,641 - instabot version: 0.117.0 (api) - DEBUG - GET to endpoint: users/7031352724/info/ returned response: <Response [200]>
2021-08-27 17:03:59,157 - instabot version: 0.117.0 (api) - DEBUG - GET to endpoint: users/6001165541/info/ returned response: <Response [200]>
2021-08-27 17:03:59,801 - instabot version: 0.117.0 (api) - DEBUG - GET to endpoint: users/4877560695/info/ returned response: <Response [200]>
2021-08-27 17:04:00,498 - instabot version: 0.117.0 (api) - DEBUG - GET to endpoint: users/8469070621/info/ returned response: <Response [200]>
2021-08-27 17:04:01,246 - instabot version: 0.117.0 (api) - DEBUG - GET to endpoint: users/2194770238/info/ returned response: <Response [200]>
2021-08-27 17:04:02,218 - instabot version: 0.117.0 (api) - DEBUG - GET to endpoint: users/48567533418/info/ returned response: <Response [200]>
2021-08-27 17:04:03,928 - instabot version: 0.117.0 (api) - DEBUG - GET to endpoint: users/41964077550/info/ returned response: <Response [200]>
2021-08-27 17:04:04,595 - instabot version: 0.117.0 (api) - DEBUG - GET to endpoint: users/7047402892/info/ returned response: <Response [200]>
2021-08-27 17:04:05,313 - instabot version: 0.117.0 (api) - DEBUG - GET to endpoint: users/19352738842/info/ returned response: <Response [200]>
2021-08-27 17:04:06,216 - instabot version: 0.117.0 (api) - DEBUG - GET to endpoint: users/37560296468/info/ returned response: <Response [200]>
2021-08-27 17:04:06,895 - instabot version: 0.117.0 (api) - DEBUG - GET to endpoint: users/6057352811/info/ returned response: <Response [200]>
2021-08-27 17:04:07,649 - instabot version: 0.117.0 (api) - DEBUG - GET to endpoint: users/44482375429/info/ returned response: <Response [200]>
2021-08-27 17:04:08,451 - instabot version: 0.117.0 (api) - DEBUG - GET to endpoint: users/6892766814/info/ returned response: <Response [200]>
2021-08-27 17:04:09,521 - instabot version: 0.117.0 (api) - DEBUG - GET to endpoint: users/3968662450/info/ returned response: <Response [200]>
2021-08-27 17:04:10,159 - instabot version: 0.117.0 (api) - DEBUG - GET to endpoint: users/28622132819/info/ returned response: <Response [200]>
2021-08-27 17:04:10,634 - instabot version: 0.117.0 (api) - DEBUG - GET to endpoint: users/8574065534/info/ returned response: <Response [200]>
2021-08-27 17:04:11,301 - instabot version: 0.117.0 (api) - DEBUG - GET to endpoint: users/3816349897/info/ returned response: <Response [200]>
2021-08-27 17:04:12,114 - instabot version: 0.117.0 (api) - DEBUG - GET to endpoint: users/48724353464/info/ returned response: <Response [200]>
2021-08-27 17:04:12,946 - instabot version: 0.117.0 (api) - DEBUG - GET to endpoint: users/37286608037/info/ returned response: <Response [200]>
2021-08-27 17:04:13,729 - instabot version: 0.117.0 (api) - DEBUG - GET to endpoint: users/2351236106/info/ returned response: <Response [200]>
2021-08-27 17:04:14,456 - instabot version: 0.117.0 (api) - DEBUG - GET to endpoint: users/8150795048/info/ returned response: <Response [200]>
2021-08-27 17:04:15,188 - instabot version: 0.117.0 (api) - DEBUG - GET to endpoint: users/6915796917/info/ returned response: <Response [200]>
2021-08-27 17:04:16,294 - instabot version: 0.117.0 (api) - DEBUG - GET to endpoint: users/1990374471/info/ returned response: <Response [200]>
2021-08-27 17:04:16,931 - instabot version: 0.117.0 (api) - DEBUG - GET to endpoint: users/2007936235/info/ returned response: <Response [200]>
2021-08-27 17:04:17,490 - instabot version: 0.117.0 (api) - DEBUG - GET to endpoint: users/21375423474/info/ returned response: <Response [200]>
2021-08-27 17:04:17,913 - instabot version: 0.117.0 (api) - DEBUG - GET to endpoint: users/6168776768/info/ returned response: <Response [200]>
2021-08-27 17:04:18,751 - instabot version: 0.117.0 (api) - DEBUG - GET to endpoint: users/1767281968/info/ returned response: <Response [200]>
2021-08-27 17:04:19,381 - instabot version: 0.117.0 (api) - DEBUG - GET to endpoint: users/6988447301/info/ returned response: <Response [200]>
2021-08-27 17:04:20,142 - instabot version: 0.117.0 (api) - DEBUG - GET to endpoint: users/37967257905/info/ returned response: <Response [200]>
2021-08-27 17:04:20,896 - instabot version: 0.117.0 (api) - DEBUG - GET to endpoint: users/2272292430/info/ returned response: <Response [200]>
2021-08-27 17:04:21,697 - instabot version: 0.117.0 (api) - DEBUG - GET to endpoint: users/47447581880/info/ returned response: <Response [200]>
2021-08-27 17:04:22,377 - instabot version: 0.117.0 (api) - DEBUG - GET to endpoint: users/5343795904/info/ returned response: <Response [200]>
2021-08-27 17:04:22,976 - instabot version: 0.117.0 (api) - DEBUG - GET to endpoint: users/7263444096/info/ returned response: <Response [200]>
2021-08-27 17:04:23,682 - instabot version: 0.117.0 (api) - DEBUG - GET to endpoint: users/40441954719/info/ returned response: <Response [200]>
2021-08-27 17:04:24,245 - instabot version: 0.117.0 (api) - DEBUG - GET to endpoint: users/49108812552/info/ returned response: <Response [200]>
2021-08-27 17:04:24,742 - instabot version: 0.117.0 (api) - DEBUG - GET to endpoint: users/48969402269/info/ returned response: <Response [200]>
2021-08-27 17:04:25,449 - instabot version: 0.117.0 (api) - DEBUG - GET to endpoint: users/23172285304/info/ returned response: <Response [200]>
2021-08-27 17:04:26,215 - instabot version: 0.117.0 (api) - DEBUG - GET to endpoint: users/45642651768/info/ returned response: <Response [200]>
2021-08-27 17:04:26,807 - instabot version: 0.117.0 (api) - DEBUG - GET to endpoint: users/27713904341/info/ returned response: <Response [200]>
2021-08-27 17:04:29,006 - instabot version: 0.117.0 (api) - DEBUG - GET to endpoint: users/2079304638/info/ returned response: <Response [200]>
2021-08-27 17:04:29,709 - instabot version: 0.117.0 (api) - DEBUG - GET to endpoint: users/2709263483/info/ returned response: <Response [200]>
2021-08-27 17:04:30,429 - instabot version: 0.117.0 (api) - DEBUG - GET to endpoint: users/3068732848/info/ returned response: <Response [200]>
2021-08-27 17:04:31,201 - instabot version: 0.117.0 (api) - DEBUG - GET to endpoint: users/44566819718/info/ returned response: <Response [200]>
2021-08-27 17:04:31,791 - instabot version: 0.117.0 (api) - DEBUG - GET to endpoint: users/26056793330/info/ returned response: <Response [200]>
2021-08-27 17:04:32,350 - instabot version: 0.117.0 (api) - DEBUG - GET to endpoint: users/545434616/info/ returned response: <Response [200]>
2021-08-27 17:04:33,065 - instabot version: 0.117.0 (api) - DEBUG - GET to endpoint: users/45160058303/info/ returned response: <Response [200]>
2021-08-27 17:04:33,630 - instabot version: 0.117.0 (api) - DEBUG - GET to endpoint: users/49163488867/info/ returned response: <Response [200]>
2021-08-27 17:04:34,290 - instabot version: 0.117.0 (api) - DEBUG - GET to endpoint: users/8513961541/info/ returned response: <Response [200]>
2021-08-27 17:04:35,086 - instabot version: 0.117.0 (api) - DEBUG - GET to endpoint: users/33902482875/info/ returned response: <Response [200]>
2021-08-27 17:04:36,004 - instabot version: 0.117.0 (api) - DEBUG - GET to endpoint: users/6026718724/info/ returned response: <Response [200]>
2021-08-27 17:04:36,934 - instabot version: 0.117.0 (api) - DEBUG - GET to endpoint: users/17466505590/info/ returned response: <Response [200]>
2021-08-27 17:04:37,652 - instabot version: 0.117.0 (api) - DEBUG - GET to endpoint: users/22115509525/info/ returned response: <Response [200]>
2021-08-27 17:04:38,105 - instabot version: 0.117.0 (api) - DEBUG - GET to endpoint: users/47184327765/info/ returned response: <Response [200]>
2021-08-27 17:04:38,706 - instabot version: 0.117.0 (api) - DEBUG - GET to endpoint: users/3035029956/info/ returned response: <Response [200]>
2021-08-27 17:04:39,377 - instabot version: 0.117.0 (api) - DEBUG - GET to endpoint: users/24306052280/info/ returned response: <Response [200]>
2021-08-27 17:04:40,042 - instabot version: 0.117.0 (api) - DEBUG - GET to endpoint: users/3906648759/info/ returned response: <Response [200]>
2021-08-27 17:04:40,677 - instabot version: 0.117.0 (api) - DEBUG - GET to endpoint: users/34868163966/info/ returned response: <Response [200]>
2021-08-27 17:04:41,482 - instabot version: 0.117.0 (api) - DEBUG - GET to endpoint: users/4026964319/info/ returned response: <Response [200]>
2021-08-27 17:04:42,078 - instabot version: 0.117.0 (api) - DEBUG - GET to endpoint: users/5680967111/info/ returned response: <Response [200]>
2021-08-27 17:04:42,650 - instabot version: 0.117.0 (api) - DEBUG - GET to endpoint: users/20888103652/info/ returned response: <Response [200]>
2021-08-27 17:04:43,240 - instabot version: 0.117.0 (api) - DEBUG - GET to endpoint: users/46755578522/info/ returned response: <Response [200]>
2021-08-27 17:04:43,854 - instabot version: 0.117.0 (api) - DEBUG - GET to endpoint: users/1575008215/info/ returned response: <Response [200]>
2021-08-27 17:04:44,649 - instabot version: 0.117.0 (api) - DEBUG - GET to endpoint: users/16623036108/info/ returned response: <Response [200]>
2021-08-27 17:04:45,697 - instabot version: 0.117.0 (api) - DEBUG - GET to endpoint: users/9393248250/info/ returned response: <Response [200]>
2021-08-27 17:04:46,253 - instabot version: 0.117.0 (api) - DEBUG - GET to endpoint: users/10156259666/info/ returned response: <Response [200]>
2021-08-27 17:04:52,160 - instabot version: 0.117.0 (api) - DEBUG - GET to endpoint: feed/tag/дизайнер/?max_id=&rank_token=46258652727_d8c038f7-d60d-4ffc-ae20-1b8f9d340f0b&ranked_content=true& returned response: <Response [200]>
2021-08-27 17:04:52,872 - instabot version: 0.117.0 (api) - DEBUG - GET to endpoint: users/7115833386/info/ returned response: <Response [200]>
2021-08-27 17:04:53,438 - instabot version: 0.117.0 (api) - DEBUG - GET to endpoint: users/2139139613/info/ returned response: <Response [200]>
2021-08-27 17:04:54,158 - instabot version: 0.117.0 (api) - DEBUG - GET to endpoint: users/1929488081/info/ returned response: <Response [200]>
2021-08-27 17:04:54,808 - instabot version: 0.117.0 (api) - DEBUG - GET to endpoint: users/44682430139/info/ returned response: <Response [200]>
2021-08-27 17:04:55,503 - instabot version: 0.117.0 (api) - DEBUG - GET to endpoint: users/1970527722/info/ returned response: <Response [200]>
2021-08-27 17:04:56,167 - instabot version: 0.117.0 (api) - DEBUG - GET to endpoint: users/2085013966/info/ returned response: <Response [200]>
2021-08-27 17:04:56,936 - instabot version: 0.117.0 (api) - DEBUG - GET to endpoint: users/11825621777/info/ returned response: <Response [200]>
2021-08-27 17:04:57,731 - instabot version: 0.117.0 (api) - DEBUG - GET to endpoint: users/1380345785/info/ returned response: <Response [200]>
2021-08-27 17:04:58,336 - instabot version: 0.117.0 (api) - DEBUG - GET to endpoint: users/23165512634/info/ returned response: <Response [200]>
2021-08-27 17:04:58,954 - instabot version: 0.117.0 (api) - DEBUG - GET to endpoint: users/181092313/info/ returned response: <Response [200]>
2021-08-27 17:04:59,455 - instabot version: 0.117.0 (api) - DEBUG - GET to endpoint: users/3945566006/info/ returned response: <Response [200]>
2021-08-27 17:05:00,248 - instabot version: 0.117.0 (api) - DEBUG - GET to endpoint: users/33129696674/info/ returned response: <Response [200]>
2021-08-27 17:05:00,980 - instabot version: 0.117.0 (api) - DEBUG - GET to endpoint: users/24808791346/info/ returned response: <Response [200]>
2021-08-27 17:05:01,579 - instabot version: 0.117.0 (api) - DEBUG - GET to endpoint: users/14214286703/info/ returned response: <Response [200]>
2021-08-27 17:05:02,164 - instabot version: 0.117.0 (api) - DEBUG - GET to endpoint: users/48294618354/info/ returned response: <Response [200]>
2021-08-27 17:05:02,842 - instabot version: 0.117.0 (api) - DEBUG - GET to endpoint: users/473320031/info/ returned response: <Response [200]>
2021-08-27 17:05:03,477 - instabot version: 0.117.0 (api) - DEBUG - GET to endpoint: users/8417493370/info/ returned response: <Response [200]>
2021-08-27 17:05:04,322 - instabot version: 0.117.0 (api) - DEBUG - GET to endpoint: users/33004135391/info/ returned response: <Response [200]>
2021-08-27 17:05:05,057 - instabot version: 0.117.0 (api) - DEBUG - GET to endpoint: users/35628487934/info/ returned response: <Response [200]>
2021-08-27 17:05:05,870 - instabot version: 0.117.0 (api) - DEBUG - GET to endpoint: users/4702429450/info/ returned response: <Response [200]>
2021-08-27 17:05:06,498 - instabot version: 0.117.0 (api) - DEBUG - GET to endpoint: users/1798639500/info/ returned response: <Response [200]>
2021-08-27 17:05:07,163 - instabot version: 0.117.0 (api) - DEBUG - GET to endpoint: users/44586892018/info/ returned response: <Response [200]>
2021-08-27 17:05:07,718 - instabot version: 0.117.0 (api) - DEBUG - GET to endpoint: users/1660583651/info/ returned response: <Response [200]>
2021-08-27 17:05:08,334 - instabot version: 0.117.0 (api) - DEBUG - GET to endpoint: users/21693037923/info/ returned response: <Response [200]>
2021-08-27 17:05:08,939 - instabot version: 0.117.0 (api) - DEBUG - GET to endpoint: users/224754612/info/ returned response: <Response [200]>
2021-08-27 17:05:09,523 - instabot version: 0.117.0 (api) - DEBUG - GET to endpoint: users/3233185910/info/ returned response: <Response [200]>
2021-08-27 17:05:10,283 - instabot version: 0.117.0 (api) - DEBUG - GET to endpoint: users/4252698644/info/ returned response: <Response [200]>
2021-08-27 17:05:10,947 - instabot version: 0.117.0 (api) - DEBUG - GET to endpoint: users/40000621092/info/ returned response: <Response [200]>
2021-08-27 17:05:11,569 - instabot version: 0.117.0 (api) - DEBUG - GET to endpoint: users/39576354333/info/ returned response: <Response [200]>
2021-08-27 17:05:12,289 - instabot version: 0.117.0 (api) - DEBUG - GET to endpoint: users/4535004841/info/ returned response: <Response [200]>
2021-08-27 17:05:12,961 - instabot version: 0.117.0 (api) - DEBUG - GET to endpoint: users/32667951391/info/ returned response: <Response [200]>
2021-08-27 17:05:13,632 - instabot version: 0.117.0 (api) - DEBUG - GET to endpoint: users/30372721105/info/ returned response: <Response [200]>
2021-08-27 17:05:14,362 - instabot version: 0.117.0 (api) - DEBUG - GET to endpoint: users/34368592522/info/ returned response: <Response [200]>
2021-08-27 17:05:14,925 - instabot version: 0.117.0 (api) - DEBUG - GET to endpoint: users/1423261783/info/ returned response: <Response [200]>
2021-08-27 17:05:15,675 - instabot version: 0.117.0 (api) - DEBUG - GET to endpoint: users/7708624283/info/ returned response: <Response [200]>
2021-08-27 17:05:16,244 - instabot version: 0.117.0 (api) - DEBUG - GET to endpoint: users/5507239550/info/ returned response: <Response [200]>
2021-08-27 17:05:17,109 - instabot version: 0.117.0 (api) - DEBUG - GET to endpoint: users/7960561874/info/ returned response: <Response [200]>
2021-08-27 17:05:17,744 - instabot version: 0.117.0 (api) - DEBUG - GET to endpoint: users/3019507424/info/ returned response: <Response [200]>
2021-08-27 17:05:18,436 - instabot version: 0.117.0 (api) - DEBUG - GET to endpoint: users/16971928233/info/ returned response: <Response [200]>
2021-08-27 17:05:19,233 - instabot version: 0.117.0 (api) - DEBUG - GET to endpoint: users/10097510639/info/ returned response: <Response [200]>
2021-08-27 17:05:19,696 - instabot version: 0.117.0 (api) - DEBUG - GET to endpoint: users/48631727793/info/ returned response: <Response [200]>
2021-08-27 17:05:20,294 - instabot version: 0.117.0 (api) - DEBUG - GET to endpoint: users/523972393/info/ returned response: <Response [200]>
2021-08-27 17:05:26,862 - instabot version: 0.117.0 (api) - DEBUG - GET to endpoint: feed/tag/интерьер/?max_id=&rank_token=46258652727_d8c038f7-d60d-4ffc-ae20-1b8f9d340f0b&ranked_content=true& returned response: <Response [200]>
2021-08-27 17:05:27,847 - instabot version: 0.117.0 (api) - DEBUG - GET to endpoint: users/5777145924/info/ returned response: <Response [200]>
2021-08-27 17:05:28,566 - instabot version: 0.117.0 (api) - DEBUG - GET to endpoint: users/9230725546/info/ returned response: <Response [200]>
2021-08-27 17:05:29,352 - instabot version: 0.117.0 (api) - DEBUG - GET to endpoint: users/7726156809/info/ returned response: <Response [200]>
2021-08-27 17:05:30,351 - instabot version: 0.117.0 (api) - DEBUG - GET to endpoint: users/2120571333/info/ returned response: <Response [200]>
2021-08-27 17:05:31,039 - instabot version: 0.117.0 (api) - DEBUG - GET to endpoint: users/5384341549/info/ returned response: <Response [200]>
2021-08-27 17:05:31,635 - instabot version: 0.117.0 (api) - DEBUG - GET to endpoint: users/41548097253/info/ returned response: <Response [200]>
2021-08-27 17:05:32,278 - instabot version: 0.117.0 (api) - DEBUG - GET to endpoint: users/3966046834/info/ returned response: <Response [200]>
2021-08-27 17:05:32,956 - instabot version: 0.117.0 (api) - DEBUG - GET to endpoint: users/10017904977/info/ returned response: <Response [200]>
2021-08-27 17:05:33,642 - instabot version: 0.117.0 (api) - DEBUG - GET to endpoint: users/791530968/info/ returned response: <Response [200]>
2021-08-27 17:05:34,327 - instabot version: 0.117.0 (api) - DEBUG - GET to endpoint: users/36651572210/info/ returned response: <Response [200]>
2021-08-27 17:05:35,008 - instabot version: 0.117.0 (api) - DEBUG - GET to endpoint: users/8871828/info/ returned response: <Response [200]>
2021-08-27 17:05:35,580 - instabot version: 0.117.0 (api) - DEBUG - GET to endpoint: users/1530140997/info/ returned response: <Response [200]>
2021-08-27 17:05:36,268 - instabot version: 0.117.0 (api) - DEBUG - GET to endpoint: users/32249119415/info/ returned response: <Response [200]>
2021-08-27 17:05:36,851 - instabot version: 0.117.0 (api) - DEBUG - GET to endpoint: users/5886487603/info/ returned response: <Response [200]>
2021-08-27 17:05:37,789 - instabot version: 0.117.0 (api) - DEBUG - GET to endpoint: users/9521176646/info/ returned response: <Response [200]>
2021-08-27 17:05:38,425 - instabot version: 0.117.0 (api) - DEBUG - GET to endpoint: users/342271023/info/ returned response: <Response [200]>
2021-08-27 17:05:39,272 - instabot version: 0.117.0 (api) - DEBUG - GET to endpoint: users/5818375991/info/ returned response: <Response [200]>
2021-08-27 17:05:40,018 - instabot version: 0.117.0 (api) - DEBUG - GET to endpoint: users/48996491441/info/ returned response: <Response [200]>
2021-08-27 17:05:40,711 - instabot version: 0.117.0 (api) - DEBUG - GET to endpoint: users/3439740809/info/ returned response: <Response [200]>
2021-08-27 17:05:41,384 - instabot version: 0.117.0 (api) - DEBUG - GET to endpoint: users/44101353371/info/ returned response: <Response [200]>
2021-08-27 17:05:42,002 - instabot version: 0.117.0 (api) - DEBUG - GET to endpoint: users/1799939397/info/ returned response: <Response [200]>
2021-08-27 17:05:42,623 - instabot version: 0.117.0 (api) - DEBUG - GET to endpoint: users/45050553908/info/ returned response: <Response [200]>
2021-08-27 17:05:43,321 - instabot version: 0.117.0 (api) - DEBUG - GET to endpoint: users/48824142794/info/ returned response: <Response [200]>
2021-08-27 17:05:43,906 - instabot version: 0.117.0 (api) - DEBUG - GET to endpoint: users/7121322276/info/ returned response: <Response [200]>
2021-08-27 17:05:44,732 - instabot version: 0.117.0 (api) - DEBUG - GET to endpoint: users/23386632951/info/ returned response: <Response [200]>
2021-08-27 17:05:45,882 - instabot version: 0.117.0 (api) - DEBUG - GET to endpoint: users/3575459515/info/ returned response: <Response [200]>
2021-08-27 17:05:46,584 - instabot version: 0.117.0 (api) - DEBUG - GET to endpoint: users/4293186329/info/ returned response: <Response [200]>
2021-08-27 17:05:47,199 - instabot version: 0.117.0 (api) - DEBUG - GET to endpoint: users/11839030000/info/ returned response: <Response [200]>
2021-08-27 17:05:47,915 - instabot version: 0.117.0 (api) - DEBUG - GET to endpoint: users/48814431567/info/ returned response: <Response [200]>
2021-08-27 17:05:48,573 - instabot version: 0.117.0 (api) - DEBUG - GET to endpoint: users/6042808449/info/ returned response: <Response [200]>
2021-08-27 17:05:49,110 - instabot version: 0.117.0 (api) - DEBUG - GET to endpoint: users/48369599718/info/ returned response: <Response [200]>
2021-08-27 17:05:49,685 - instabot version: 0.117.0 (api) - DEBUG - GET to endpoint: users/13139263234/info/ returned response: <Response [200]>
2021-08-27 17:05:50,459 - instabot version: 0.117.0 (api) - DEBUG - GET to endpoint: users/5999954876/info/ returned response: <Response [200]>
2021-08-27 17:05:51,008 - instabot version: 0.117.0 (api) - DEBUG - GET to endpoint: users/10925924848/info/ returned response: <Response [200]>
2021-08-27 17:05:51,710 - instabot version: 0.117.0 (api) - DEBUG - GET to endpoint: users/1957037742/info/ returned response: <Response [200]>
2021-08-27 17:05:52,397 - instabot version: 0.117.0 (api) - DEBUG - GET to endpoint: users/11442805239/info/ returned response: <Response [200]>
2021-08-27 17:05:53,063 - instabot version: 0.117.0 (api) - DEBUG - GET to endpoint: users/29096863622/info/ returned response: <Response [200]>
2021-08-27 17:20:16,296 - instabot version: 0.117.0 (bot) - INFO - Instabot version: 0.117.0 Started
2021-08-27 17:20:16,296 - instabot version: 0.117.0 (bot) - DEBUG - Bot imported from D:\searchdisaner\venv\lib\site-packages\instabot\bot\bot.py
2021-08-27 17:20:16,321 - instabot version: 0.117.0 (api_login) - DEBUG - Loading uuids
2021-08-27 17:20:16,321 - instabot version: 0.117.0 (api_login) - INFO - Recovery from D:\searchdisaner/config/instbober_uuid_and_cookie.json: COOKIE False - UUIDs True - TIMING, DEVICE and ...
- user-agent=Instagram 117.0.0.28.123 Android (28/9.0; 420dpi; 1080x1920; OnePlus; ONEPLUS A3003; OnePlus3; qcom; en_US; 180322800)
- phone_id=69e66906-ef6a-4561-86e6-8c98a236847c
- uuid=81500ee0-4cf5-493e-ae1a-6a5011cbe63d
- client_session_id=32957a9d-435a-448b-9ee5-e5e488d33b0c
- device_id=android-ba894ce94a484232
2021-08-27 17:20:16,321 - instabot version: 0.117.0 (api_login) - INFO - Not yet logged in starting: PRE-LOGIN FLOW!
2021-08-27 17:20:16,612 - instabot version: 0.117.0 (api) - DEBUG - POST to endpoint: accounts/get_prefill_candidates/ returned response: <Response [200]>
2021-08-27 17:20:16,887 - instabot version: 0.117.0 (api) - DEBUG - POST to endpoint: qe/sync/ returned response: <Response [200]>
2021-08-27 17:20:17,168 - instabot version: 0.117.0 (api) - DEBUG - POST to endpoint: launcher/sync/ returned response: <Response [200]>
2021-08-27 17:20:17,452 - instabot version: 0.117.0 (api) - DEBUG - POST to endpoint: accounts/contact_point_prefill/ returned response: <Response [200]>
2021-08-27 17:20:20,213 - instabot version: 0.117.0 (api) - DEBUG - POST to endpoint: accounts/login/ returned response: <Response [200]>
2021-08-27 17:20:20,214 - instabot version: 0.117.0 (api) - INFO - Logged-in successfully as 'instbober'!
2021-08-27 17:20:20,214 - instabot version: 0.117.0 (api_login) - INFO - LOGIN FLOW! Just logged-in: True
2021-08-27 17:20:20,528 - instabot version: 0.117.0 (api) - DEBUG - POST to endpoint: qe/sync/ returned response: <Response [200]>
2021-08-27 17:20:20,838 - instabot version: 0.117.0 (api) - DEBUG - POST to endpoint: launcher/sync/ returned response: <Response [200]>
2021-08-27 17:20:21,142 - instabot version: 0.117.0 (api) - DEBUG - GET to endpoint: zr/token/result/?device_id=android-ba894ce94a484232&token_hash=&custom_device_id=android-ba894ce94a484232&fetch_reason=token_expired returned response: <Response [200]>
2021-08-27 17:20:21,445 - instabot version: 0.117.0 (api) - DEBUG - GET to endpoint: multiple_accounts/get_account_family/ returned response: <Response [200]>
2021-08-27 17:20:21,728 - instabot version: 0.117.0 (api) - DEBUG - POST to endpoint: qe/sync/ returned response: <Response [200]>
2021-08-27 17:20:22,248 - instabot version: 0.117.0 (api) - DEBUG - GET to endpoint: igtv/browse_feed/?prefetch=1 returned response: <Response [200]>
2021-08-27 17:20:22,558 - instabot version: 0.117.0 (api) - DEBUG - POST to endpoint: creatives/ar_class/ returned response: <Response [200]>
2021-08-27 17:20:23,037 - instabot version: 0.117.0 (api) - DEBUG - POST to endpoint: feed/reels_tray/ returned response: <Response [200]>
2021-08-27 17:20:24,511 - instabot version: 0.117.0 (api) - DEBUG - POST to endpoint: feed/timeline/ returned response: <Response [200]>
2021-08-27 17:20:24,809 - instabot version: 0.117.0 (api) - DEBUG - GET to endpoint: media/blocked/ returned response: <Response [200]>
2021-08-27 17:20:25,532 - instabot version: 0.117.0 (api) - DEBUG - GET to endpoint: news/inbox/ returned response: <Response [200]>
2021-08-27 17:20:25,841 - instabot version: 0.117.0 (api) - DEBUG - GET to endpoint: loom/fetch_config/ returned response: <Response [200]>
2021-08-27 17:20:26,651 - instabot version: 0.117.0 (api) - DEBUG - GET to endpoint: scores/bootstrap/users/?surfaces=["autocomplete_user_list","coefficient_besties_list_ranking","coefficient_rank_recipient_user_suggestion","coefficient_ios_section_test_bootstrap_ranking","coefficient_direct_recipients_ranking_variant_2"] returned response: <Response [200]>
2021-08-27 17:20:27,153 - instabot version: 0.117.0 (api) - DEBUG - GET to endpoint: business/eligibility/get_monetization_products_eligibility_data/?product_types=branded_content returned response: <Response [200]>
2021-08-27 17:20:27,449 - instabot version: 0.117.0 (api) - DEBUG - GET to endpoint: business/branded_content/should_require_professional_account/ returned response: <Response [200]>
2021-08-27 17:20:27,738 - instabot version: 0.117.0 (api) - DEBUG - GET to endpoint: linked_accounts/get_linkage_status/ returned response: <Response [200]>
2021-08-27 17:20:28,173 - instabot version: 0.117.0 (api) - DEBUG - GET to endpoint: locations/request_country/ returned response: <Response [200]>
2021-08-27 17:20:28,482 - instabot version: 0.117.0 (api) - DEBUG - GET to endpoint: qp/get_cooldowns/?signed_body=signed_body=4b9c516a5410a3bc128e09c6104a7f042146b9c2023870560c63a43a7f66781c.4&ig_sig_key_version=4&ig_sig_key_version=4 returned response: <Response [200]>
2021-08-27 17:20:28,788 - instabot version: 0.117.0 (api) - DEBUG - GET to endpoint: users/arlink_download_info/?version_override=2.2.1 returned response: <Response [200]>
2021-08-27 17:20:29,211 - instabot version: 0.117.0 (api) - DEBUG - GET to endpoint: users/48835444494/info/ returned response: <Response [200]>
2021-08-27 17:20:29,646 - instabot version: 0.117.0 (api) - DEBUG - GET to endpoint: direct_v2/get_presence/ returned response: <Response [200]>
2021-08-27 17:20:30,192 - instabot version: 0.117.0 (api) - DEBUG - GET to endpoint: direct_v2/inbox/?visual_message_return_type=unseen&thread_message_limit=10&persistentBadging=true&limit=20 returned response: <Response [200]>
2021-08-27 17:20:30,609 - instabot version: 0.117.0 (api) - DEBUG - GET to endpoint: direct_v2/inbox/?visual_message_return_type=unseen&persistentBadging=true&limit=0 returned response: <Response [200]>
2021-08-27 17:20:31,013 - instabot version: 0.117.0 (api) - DEBUG - GET to endpoint: discover/topical_explore/?is_prefetch=true&omit_cover_media=true&use_sectional_payload=true&timezone_offset=0&session_id=32957a9d-435a-448b-9ee5-e5e488d33b0c&include_fixed_destinations=true returned response: <Response [200]>
2021-08-27 17:20:31,314 - instabot version: 0.117.0 (api) - DEBUG - POST to endpoint: notifications/badge/ returned response: <Response [200]>
2021-08-27 17:20:31,873 - instabot version: 0.117.0 (api) - DEBUG - POST to endpoint: qp/batch_fetch/ returned response: <Response [200]>
2021-08-27 17:20:31,875 - instabot version: 0.117.0 (bot_checkpoint) - DEBUG - Loading Checkpoint file from: D:\searchdisaner/config/instbober.checkpoint
2021-08-27 17:20:37,851 - instabot version: 0.117.0 (api) - DEBUG - GET to endpoint: feed/tag/дизайн/?max_id=&rank_token=48835444494_81500ee0-4cf5-493e-ae1a-6a5011cbe63d&ranked_content=true& returned response: <Response [200]>
2021-08-27 17:20:39,108 - instabot version: 0.117.0 (api) - DEBUG - GET to endpoint: users/3170899104/info/ returned response: <Response [200]>
2021-08-27 17:20:39,807 - instabot version: 0.117.0 (api) - DEBUG - GET to endpoint: users/10573659386/info/ returned response: <Response [200]>
2021-08-27 17:20:40,383 - instabot version: 0.117.0 (api) - DEBUG - GET to endpoint: users/20214855265/info/ returned response: <Response [200]>
2021-08-27 17:20:40,975 - instabot version: 0.117.0 (api) - DEBUG - GET to endpoint: users/16359951814/info/ returned response: <Response [200]>
2021-08-27 17:20:41,637 - instabot version: 0.117.0 (api) - DEBUG - GET to endpoint: users/2887897176/info/ returned response: <Response [200]>
2021-08-27 17:20:42,198 - instabot version: 0.117.0 (api) - DEBUG - GET to endpoint: users/35672553994/info/ returned response: <Response [200]>
2021-08-27 17:20:42,795 - instabot version: 0.117.0 (api) - DEBUG - GET to endpoint: users/9866530566/info/ returned response: <Response [200]>
2021-08-27 17:20:43,248 - instabot version: 0.117.0 (api) - DEBUG - GET to endpoint: users/8560899065/info/ returned response: <Response [200]>
2021-08-27 17:20:43,629 - instabot version: 0.117.0 (api) - DEBUG - GET to endpoint: users/49081201441/info/ returned response: <Response [200]>
2021-08-27 17:20:44,118 - instabot version: 0.117.0 (api) - DEBUG - GET to endpoint: users/39399179518/info/ returned response: <Response [200]>
2021-08-27 17:20:44,629 - instabot version: 0.117.0 (api) - DEBUG - GET to endpoint: users/48833928256/info/ returned response: <Response [200]>
2021-08-27 17:20:45,291 - instabot version: 0.117.0 (api) - DEBUG - GET to endpoint: users/21239021750/info/ returned response: <Response [200]>
2021-08-27 17:20:45,894 - instabot version: 0.117.0 (api) - DEBUG - GET to endpoint: users/1409859385/info/ returned response: <Response [200]>
2021-08-27 17:20:46,758 - instabot version: 0.117.0 (api) - DEBUG - GET to endpoint: users/48118201478/info/ returned response: <Response [200]>
2021-08-27 17:20:47,433 - instabot version: 0.117.0 (api) - DEBUG - GET to endpoint: users/12799088023/info/ returned response: <Response [200]>
2021-08-27 17:20:47,966 - instabot version: 0.117.0 (api) - DEBUG - GET to endpoint: users/48913122635/info/ returned response: <Response [200]>
2021-08-27 17:20:48,635 - instabot version: 0.117.0 (api) - DEBUG - GET to endpoint: users/10503603791/info/ returned response: <Response [200]>
2021-08-27 17:20:49,335 - instabot version: 0.117.0 (api) - DEBUG - GET to endpoint: users/8095109667/info/ returned response: <Response [200]>
2021-08-27 17:20:49,935 - instabot version: 0.117.0 (api) - DEBUG - GET to endpoint: users/7077902594/info/ returned response: <Response [200]>
2021-08-27 17:20:50,630 - instabot version: 0.117.0 (api) - DEBUG - GET to endpoint: users/18142827540/info/ returned response: <Response [200]>
2021-08-27 17:20:51,205 - instabot version: 0.117.0 (api) - DEBUG - GET to endpoint: users/11540725579/info/ returned response: <Response [200]>
2021-08-27 17:20:52,164 - instabot version: 0.117.0 (api) - DEBUG - GET to endpoint: users/3049322074/info/ returned response: <Response [200]>
2021-08-27 17:20:52,741 - instabot version: 0.117.0 (api) - DEBUG - GET to endpoint: users/48278003810/info/ returned response: <Response [200]>
2021-08-27 17:20:53,505 - instabot version: 0.117.0 (api) - DEBUG - GET to endpoint: users/4184589384/info/ returned response: <Response [200]>
2021-08-27 17:20:54,243 - instabot version: 0.117.0 (api) - DEBUG - GET to endpoint: users/48532656161/info/ returned response: <Response [200]>
2021-08-27 17:20:54,845 - instabot version: 0.117.0 (api) - DEBUG - GET to endpoint: users/44614036350/info/ returned response: <Response [200]>
2021-08-27 17:20:55,401 - instabot version: 0.117.0 (api) - DEBUG - GET to endpoint: users/41384440431/info/ returned response: <Response [200]>
2021-08-27 17:20:55,903 - instabot version: 0.117.0 (api) - DEBUG - GET to endpoint: users/47712095537/info/ returned response: <Response [200]>
2021-08-27 17:20:56,536 - instabot version: 0.117.0 (api) - DEBUG - GET to endpoint: users/6655435472/info/ returned response: <Response [200]>
2021-08-27 17:20:57,213 - instabot version: 0.117.0 (api) - DEBUG - GET to endpoint: users/48727392540/info/ returned response: <Response [200]>
2021-08-27 17:20:57,848 - instabot version: 0.117.0 (api) - DEBUG - GET to endpoint: users/47686188940/info/ returned response: <Response [200]>
2021-08-27 17:20:58,534 - instabot version: 0.117.0 (api) - DEBUG - GET to endpoint: users/40564574689/info/ returned response: <Response [200]>
2021-08-27 17:21:01,311 - instabot version: 0.117.0 (api) - DEBUG - GET to endpoint: users/6882139395/info/ returned response: <Response [200]>
2021-08-27 17:21:01,787 - instabot version: 0.117.0 (api) - DEBUG - GET to endpoint: users/41135633837/info/ returned response: <Response [200]>
2021-08-27 17:21:02,587 - instabot version: 0.117.0 (api) - DEBUG - GET to endpoint: users/2926376807/info/ returned response: <Response [200]>
2021-08-27 17:21:03,150 - instabot version: 0.117.0 (api) - DEBUG - GET to endpoint: users/13254793179/info/ returned response: <Response [200]>
2021-08-27 17:21:03,688 - instabot version: 0.117.0 (api) - DEBUG - GET to endpoint: users/49108812552/info/ returned response: <Response [200]>
2021-08-27 17:21:06,095 - instabot version: 0.117.0 (api) - DEBUG - GET to endpoint: users/1599636658/info/ returned response: <Response [200]>
2021-08-27 17:21:06,663 - instabot version: 0.117.0 (api) - DEBUG - GET to endpoint: users/44735938767/info/ returned response: <Response [200]>
2021-08-27 17:21:07,284 - instabot version: 0.117.0 (api) - DEBUG - GET to endpoint: users/10210936804/info/ returned response: <Response [200]>
2021-08-27 17:21:08,006 - instabot version: 0.117.0 (api) - DEBUG - GET to endpoint: users/40981854/info/ returned response: <Response [200]>
2021-08-27 17:21:08,803 - instabot version: 0.117.0 (api) - DEBUG - GET to endpoint: users/32716778443/info/ returned response: <Response [200]>
2021-08-27 17:21:09,398 - instabot version: 0.117.0 (api) - DEBUG - GET to endpoint: users/24073475087/info/ returned response: <Response [200]>
2021-08-27 17:21:10,190 - instabot version: 0.117.0 (api) - DEBUG - GET to endpoint: users/7780713796/info/ returned response: <Response [200]>
2021-08-27 17:21:11,000 - instabot version: 0.117.0 (api) - DEBUG - GET to endpoint: users/34945743068/info/ returned response: <Response [200]>
2021-08-27 17:21:11,602 - instabot version: 0.117.0 (api) - DEBUG - GET to endpoint: users/8071099572/info/ returned response: <Response [200]>
2021-08-27 17:21:12,228 - instabot version: 0.117.0 (api) - DEBUG - GET to endpoint: users/7033334490/info/ returned response: <Response [200]>
2021-08-27 17:21:12,853 - instabot version: 0.117.0 (api) - DEBUG - GET to endpoint: users/22231108557/info/ returned response: <Response [200]>
2021-08-27 17:21:13,759 - instabot version: 0.117.0 (api) - DEBUG - GET to endpoint: users/1948290439/info/ returned response: <Response [200]>
2021-08-27 17:21:14,187 - instabot version: 0.117.0 (api) - DEBUG - GET to endpoint: users/4132989107/info/ returned response: <Response [200]>
2021-08-27 17:21:14,806 - instabot version: 0.117.0 (api) - DEBUG - GET to endpoint: users/46137701339/info/ returned response: <Response [200]>
2021-08-27 17:21:15,401 - instabot version: 0.117.0 (api) - DEBUG - GET to endpoint: users/45458390690/info/ returned response: <Response [200]>
2021-08-27 17:21:16,065 - instabot version: 0.117.0 (api) - DEBUG - GET to endpoint: users/4959166706/info/ returned response: <Response [200]>
2021-08-27 17:21:16,642 - instabot version: 0.117.0 (api) - DEBUG - GET to endpoint: users/4274116722/info/ returned response: <Response [200]>
2021-08-27 17:21:17,241 - instabot version: 0.117.0 (api) - DEBUG - GET to endpoint: users/31629091807/info/ returned response: <Response [200]>
2021-08-27 17:21:17,876 - instabot version: 0.117.0 (api) - DEBUG - GET to endpoint: users/8292223977/info/ returned response: <Response [200]>
2021-08-27 17:21:18,794 - instabot version: 0.117.0 (api) - DEBUG - GET to endpoint: users/2548994324/info/ returned response: <Response [200]>
2021-08-27 17:21:19,273 - instabot version: 0.117.0 (api) - DEBUG - GET to endpoint: users/8165869517/info/ returned response: <Response [200]>
2021-08-27 17:21:20,681 - instabot version: 0.117.0 (api) - DEBUG - GET to endpoint: users/44895140448/info/ returned response: <Response [200]>
2021-08-27 17:21:21,278 - instabot version: 0.117.0 (api) - DEBUG - GET to endpoint: users/48132610494/info/ returned response: <Response [200]>
2021-08-27 17:21:27,227 - instabot version: 0.117.0 (api) - DEBUG - GET to endpoint: feed/tag/дизайнер/?max_id=&rank_token=48835444494_81500ee0-4cf5-493e-ae1a-6a5011cbe63d&ranked_content=true& returned response: <Response [200]>
2021-08-27 17:21:27,783 - instabot version: 0.117.0 (api) - DEBUG - GET to endpoint: users/48917129426/info/ returned response: <Response [200]>
2021-08-27 17:21:29,011 - instabot version: 0.117.0 (api) - DEBUG - GET to endpoint: users/4881481538/info/ returned response: <Response [200]>
2021-08-27 17:21:29,620 - instabot version: 0.117.0 (api) - DEBUG - GET to endpoint: users/44778499538/info/ returned response: <Response [200]>
2021-08-27 17:21:30,630 - instabot version: 0.117.0 (api) - DEBUG - GET to endpoint: users/1641022662/info/ returned response: <Response [200]>
2021-08-27 17:21:32,159 - instabot version: 0.117.0 (api) - DEBUG - GET to endpoint: users/5823786667/info/ returned response: <Response [200]>
2021-08-27 17:21:32,768 - instabot version: 0.117.0 (api) - DEBUG - GET to endpoint: users/4200080257/info/ returned response: <Response [200]>
2021-08-27 17:21:33,302 - instabot version: 0.117.0 (api) - DEBUG - GET to endpoint: users/10950999905/info/ returned response: <Response [200]>
2021-08-27 17:21:34,024 - instabot version: 0.117.0 (api) - DEBUG - GET to endpoint: users/3035153558/info/ returned response: <Response [200]>
2021-08-27 17:21:36,205 - instabot version: 0.117.0 (api) - DEBUG - GET to endpoint: users/5836077622/info/ returned response: <Response [200]>
2021-08-27 17:21:36,870 - instabot version: 0.117.0 (api) - DEBUG - GET to endpoint: users/8687661758/info/ returned response: <Response [200]>
2021-08-27 17:21:37,440 - instabot version: 0.117.0 (api) - DEBUG - GET to endpoint: users/2290878696/info/ returned response: <Response [200]>
2021-08-27 17:21:38,101 - instabot version: 0.117.0 (api) - DEBUG - GET to endpoint: users/7115833386/info/ returned response: <Response [200]>
2021-08-27 17:21:38,674 - instabot version: 0.117.0 (api) - DEBUG - GET to endpoint: users/2139139613/info/ returned response: <Response [200]>
2021-08-27 17:21:39,608 - instabot version: 0.117.0 (api) - DEBUG - GET to endpoint: users/8150795048/info/ returned response: <Response [200]>
2021-08-27 17:21:40,196 - instabot version: 0.117.0 (api) - DEBUG - GET to endpoint: users/1929488081/info/ returned response: <Response [200]>
2021-08-27 17:21:40,793 - instabot version: 0.117.0 (api) - DEBUG - GET to endpoint: users/44682430139/info/ returned response: <Response [200]>
2021-08-27 17:21:41,669 - instabot version: 0.117.0 (api) - DEBUG - GET to endpoint: users/1970527722/info/ returned response: <Response [200]>
2021-08-27 17:21:42,578 - instabot version: 0.117.0 (api) - DEBUG - GET to endpoint: users/2079304638/info/ returned response: <Response [200]>
2021-08-27 17:21:43,201 - instabot version: 0.117.0 (api) - DEBUG - GET to endpoint: users/45160058303/info/ returned response: <Response [200]>
2021-08-27 17:21:43,765 - instabot version: 0.117.0 (api) - DEBUG - GET to endpoint: users/6026718724/info/ returned response: <Response [200]>
2021-08-27 17:21:44,447 - instabot version: 0.117.0 (api) - DEBUG - GET to endpoint: users/2085013966/info/ returned response: <Response [200]>
2021-08-27 17:21:45,013 - instabot version: 0.117.0 (api) - DEBUG - GET to endpoint: users/5680967111/info/ returned response: <Response [200]>
2021-08-27 17:21:45,601 - instabot version: 0.117.0 (api) - DEBUG - GET to endpoint: users/11825621777/info/ returned response: <Response [200]>
2021-08-27 17:21:46,172 - instabot version: 0.117.0 (api) - DEBUG - GET to endpoint: users/1380345785/info/ returned response: <Response [200]>
2021-08-27 17:21:46,773 - instabot version: 0.117.0 (api) - DEBUG - GET to endpoint: users/23165512634/info/ returned response: <Response [200]>
2021-08-27 17:21:47,518 - instabot version: 0.117.0 (api) - DEBUG - GET to endpoint: users/181092313/info/ returned response: <Response [200]>
2021-08-27 17:21:47,919 - instabot version: 0.117.0 (api) - DEBUG - GET to endpoint: users/3945566006/info/ returned response: <Response [200]>
2021-08-27 17:21:48,540 - instabot version: 0.117.0 (api) - DEBUG - GET to endpoint: users/33129696674/info/ returned response: <Response [200]>
2021-08-27 17:21:49,188 - instabot version: 0.117.0 (api) - DEBUG - GET to endpoint: users/24808791346/info/ returned response: <Response [200]>
2021-08-27 17:21:49,787 - instabot version: 0.117.0 (api) - DEBUG - GET to endpoint: users/14214286703/info/ returned response: <Response [200]>
2021-08-27 17:21:50,287 - instabot version: 0.117.0 (api) - DEBUG - GET to endpoint: users/48294618354/info/ returned response: <Response [200]>
2021-08-27 17:21:50,952 - instabot version: 0.117.0 (api) - DEBUG - GET to endpoint: users/473320031/info/ returned response: <Response [200]>
2021-08-27 17:21:51,688 - instabot version: 0.117.0 (api) - DEBUG - GET to endpoint: users/8417493370/info/ returned response: <Response [200]>
2021-08-27 17:21:52,287 - instabot version: 0.117.0 (api) - DEBUG - GET to endpoint: users/33004135391/info/ returned response: <Response [200]>
2021-08-27 17:21:52,925 - instabot version: 0.117.0 (api) - DEBUG - GET to endpoint: users/35628487934/info/ returned response: <Response [200]>
2021-08-27 17:21:53,492 - instabot version: 0.117.0 (api) - DEBUG - GET to endpoint: users/4702429450/info/ returned response: <Response [200]>
2021-08-27 17:21:54,026 - instabot version: 0.117.0 (api) - DEBUG - GET to endpoint: users/1575008215/info/ returned response: <Response [200]>
2021-08-27 17:21:54,617 - instabot version: 0.117.0 (api) - DEBUG - GET to endpoint: users/1798639500/info/ returned response: <Response [200]>
2021-08-27 17:21:55,095 - instabot version: 0.117.0 (api) - DEBUG - GET to endpoint: users/44586892018/info/ returned response: <Response [200]>
2021-08-27 17:21:55,657 - instabot version: 0.117.0 (api) - DEBUG - GET to endpoint: users/1660583651/info/ returned response: <Response [200]>
2021-08-27 17:21:56,497 - instabot version: 0.117.0 (api) - DEBUG - GET to endpoint: users/21693037923/info/ returned response: <Response [200]>
2021-08-27 17:21:56,986 - instabot version: 0.117.0 (api) - DEBUG - GET to endpoint: users/224754612/info/ returned response: <Response [200]>
2021-08-27 17:21:57,467 - instabot version: 0.117.0 (api) - DEBUG - GET to endpoint: users/3233185910/info/ returned response: <Response [200]>
2021-08-27 17:21:58,055 - instabot version: 0.117.0 (api) - DEBUG - GET to endpoint: users/4252698644/info/ returned response: <Response [200]>
2021-08-27 17:21:58,605 - instabot version: 0.117.0 (api) - DEBUG - GET to endpoint: users/39576354333/info/ returned response: <Response [200]>
2021-08-27 17:21:59,194 - instabot version: 0.117.0 (api) - DEBUG - GET to endpoint: users/5507239550/info/ returned response: <Response [200]>
2021-08-27 17:21:59,739 - instabot version: 0.117.0 (api) - DEBUG - GET to endpoint: users/3019507424/info/ returned response: <Response [200]>
2021-08-27 17:22:00,393 - instabot version: 0.117.0 (api) - DEBUG - GET to endpoint: users/16971928233/info/ returned response: <Response [200]>
2021-08-27 17:22:01,161 - instabot version: 0.117.0 (api) - DEBUG - GET to endpoint: users/10097510639/info/ returned response: <Response [200]>
2021-08-27 17:22:01,744 - instabot version: 0.117.0 (api) - DEBUG - GET to endpoint: users/1423261783/info/ returned response: <Response [200]>
2021-08-27 17:22:02,144 - instabot version: 0.117.0 (api) - DEBUG - GET to endpoint: users/4231652331/info/ returned response: <Response [200]>
2021-08-27 17:22:07,250 - instabot version: 0.117.0 (api) - DEBUG - GET to endpoint: feed/tag/интерьер/?max_id=&rank_token=48835444494_81500ee0-4cf5-493e-ae1a-6a5011cbe63d&ranked_content=true& returned response: <Response [200]>
2021-08-27 17:22:08,009 - instabot version: 0.117.0 (api) - DEBUG - GET to endpoint: users/14232807724/info/ returned response: <Response [200]>
2021-08-27 17:22:08,586 - instabot version: 0.117.0 (api) - DEBUG - GET to endpoint: users/9521176646/info/ returned response: <Response [200]>
2021-08-27 17:22:09,420 - instabot version: 0.117.0 (api) - DEBUG - GET to endpoint: users/48798558360/info/ returned response: <Response [200]>
2021-08-27 17:22:10,047 - instabot version: 0.117.0 (api) - DEBUG - GET to endpoint: users/10017904977/info/ returned response: <Response [200]>
2021-08-27 17:22:10,583 - instabot version: 0.117.0 (api) - DEBUG - GET to endpoint: users/16158709137/info/ returned response: <Response [200]>
2021-08-27 17:22:10,924 - instabot version: 0.117.0 (api) - DEBUG - GET to endpoint: users/49019118770/info/ returned response: <Response [200]>
2021-08-27 17:22:11,560 - instabot version: 0.117.0 (api) - DEBUG - GET to endpoint: users/32778159215/info/ returned response: <Response [200]>
2021-08-27 17:22:12,145 - instabot version: 0.117.0 (api) - DEBUG - GET to endpoint: users/272979536/info/ returned response: <Response [200]>
2021-08-27 17:22:12,762 - instabot version: 0.117.0 (api) - DEBUG - GET to endpoint: users/37320896128/info/ returned response: <Response [200]>
2021-08-27 17:22:13,320 - instabot version: 0.117.0 (api) - DEBUG - GET to endpoint: users/35107479515/info/ returned response: <Response [200]>
2021-08-27 17:22:13,864 - instabot version: 0.117.0 (api) - DEBUG - GET to endpoint: users/46620169602/info/ returned response: <Response [200]>
2021-08-27 17:22:14,432 - instabot version: 0.117.0 (api) - DEBUG - GET to endpoint: users/5888562316/info/ returned response: <Response [200]>
2021-08-27 17:22:15,017 - instabot version: 0.117.0 (api) - DEBUG - GET to endpoint: users/13139263234/info/ returned response: <Response [200]>
2021-08-27 17:22:15,766 - instabot version: 0.117.0 (api) - DEBUG - GET to endpoint: users/7225910874/info/ returned response: <Response [200]>
2021-08-27 17:22:16,367 - instabot version: 0.117.0 (api) - DEBUG - GET to endpoint: users/10172139714/info/ returned response: <Response [200]>
2021-08-27 17:22:16,929 - instabot version: 0.117.0 (api) - DEBUG - GET to endpoint: users/1642285167/info/ returned response: <Response [200]>
2021-08-27 17:22:17,629 - instabot version: 0.117.0 (api) - DEBUG - GET to endpoint: users/27758627575/info/ returned response: <Response [200]>
2021-08-27 17:22:18,170 - instabot version: 0.117.0 (api) - DEBUG - GET to endpoint: users/40724523/info/ returned response: <Response [200]>
2021-08-27 17:22:18,769 - instabot version: 0.117.0 (api) - DEBUG - GET to endpoint: users/47586424161/info/ returned response: <Response [200]>
2021-08-27 17:22:19,604 - instabot version: 0.117.0 (api) - DEBUG - GET to endpoint: users/10142839021/info/ returned response: <Response [200]>
2021-08-27 17:22:20,129 - instabot version: 0.117.0 (api) - DEBUG - GET to endpoint: users/1977958728/info/ returned response: <Response [200]>
2021-08-27 17:22:20,901 - instabot version: 0.117.0 (api) - DEBUG - GET to endpoint: users/6962899908/info/ returned response: <Response [200]>
2021-08-27 17:22:21,499 - instabot version: 0.117.0 (api) - DEBUG - GET to endpoint: users/16365850001/info/ returned response: <Response [200]>
2021-08-27 17:22:22,142 - instabot version: 0.117.0 (api) - DEBUG - GET to endpoint: users/5777145924/info/ returned response: <Response [200]>
2021-08-27 17:22:22,730 - instabot version: 0.117.0 (api) - DEBUG - GET to endpoint: users/2246312964/info/ returned response: <Response [200]>
2021-08-27 17:22:23,511 - instabot version: 0.117.0 (api) - DEBUG - GET to endpoint: users/7584208100/info/ returned response: <Response [200]>
2021-08-27 17:22:24,078 - instabot version: 0.117.0 (api) - DEBUG - GET to endpoint: users/45613387097/info/ returned response: <Response [200]>
2021-08-27 17:22:24,667 - instabot version: 0.117.0 (api) - DEBUG - GET to endpoint: users/11646594831/info/ returned response: <Response [200]>
2021-08-27 17:22:25,073 - instabot version: 0.117.0 (api) - DEBUG - GET to endpoint: users/1098925106/info/ returned response: <Response [200]>
2021-08-27 17:22:25,479 - instabot version: 0.117.0 (api) - DEBUG - GET to endpoint: users/27520534573/info/ returned response: <Response [200]>
2021-08-27 17:22:26,211 - instabot version: 0.117.0 (api) - DEBUG - GET to endpoint: users/4315983233/info/ returned response: <Response [200]>
2021-08-27 17:22:26,749 - instabot version: 0.117.0 (api) - DEBUG - GET to endpoint: users/44331575066/info/ returned response: <Response [200]>
2021-08-27 17:32:28,303 - instabot version: 0.117.0 (bot_checkpoint) - DEBUG - Saving Checkpoint file to: D:\searchdisaner/config/instbober.checkpoint
2021-08-27 17:32:28,305 - instabot version: 0.117.0 (bot) - INFO - Total requests: 2981
2021-08-27 17:32:28,305 - instabot version: 0.117.0 (bot_checkpoint) - DEBUG - Saving Checkpoint file to: D:\searchdisaner/config/todoctordoom.checkpoint
2021-08-27 17:32:28,305 - instabot version: 0.117.0 (bot) - INFO - Total requests: 1853
2021-08-27 17:32:28,305 - instabot version: 0.117.0 (bot_checkpoint) - DEBUG - Saving Checkpoint file to: D:\searchdisaner/config/instbober.checkpoint
2021-08-27 17:32:28,309 - instabot version: 0.117.0 (bot) - INFO - Total requests: 3009
2021-08-27 17:32:28,309 - instabot version: 0.117.0 (bot_checkpoint) - DEBUG - Saving Checkpoint file to: D:\searchdisaner/config/todoctordoom.checkpoint
2021-08-27 17:32:28,309 - instabot version: 0.117.0 (bot) - INFO - Total requests: 1880
2021-08-27 17:32:28,309 - instabot version: 0.117.0 (bot_checkpoint) - DEBUG - Saving Checkpoint file to: D:\searchdisaner/config/instbober.checkpoint
2021-08-27 17:32:28,309 - instabot version: 0.117.0 (bot) - INFO - Total requests: 3023
2021-08-27 17:32:28,314 - instabot version: 0.117.0 (bot_checkpoint) - DEBUG - Saving Checkpoint file to: D:\searchdisaner/config/todoctordoom.checkpoint
2021-08-27 17:32:28,316 - instabot version: 0.117.0 (bot) - INFO - Total requests: 1883
