2021-10-15 16:04:52,181 - instabot version: 0.117.0 (bot) - INFO - Instabot version: 0.117.0 Started
2021-10-15 16:04:52,181 - instabot version: 0.117.0 (bot) - DEBUG - Bot imported from D:\searchdisaner\venv\lib\site-packages\instabot\bot\bot.py
2021-10-15 16:04:52,182 - instabot version: 0.117.0 (api_login) - DEBUG - Loading uuids
2021-10-15 16:04:52,182 - instabot version: 0.117.0 (api_login) - INFO - Recovery from D:\searchdisaner/config/todoctordoom_uuid_and_cookie.json: COOKIE False - UUIDs True - TIMING, DEVICE and ...
- user-agent=Instagram 117.0.0.28.123 Android (28/9.0; 420dpi; 1080x1920; OnePlus; ONEPLUS A3003; OnePlus3; qcom; en_US; 180322800)
- phone_id=fececc37-13fb-4ca7-b4c1-842926ac61f0
- uuid=d8c038f7-d60d-4ffc-ae20-1b8f9d340f0b
- client_session_id=74517733-9e97-4ac6-9bd3-6396afa278ed
- device_id=android-638845ae1420b535
2021-10-15 16:04:52,184 - instabot version: 0.117.0 (api_login) - INFO - Not yet logged in starting: PRE-LOGIN FLOW!
2021-10-15 16:04:52,430 - instabot version: 0.117.0 (api) - DEBUG - POST to endpoint: accounts/get_prefill_candidates/ returned response: <Response [200]>
2021-10-15 16:04:52,737 - instabot version: 0.117.0 (api) - DEBUG - POST to endpoint: qe/sync/ returned response: <Response [200]>
2021-10-15 16:04:53,055 - instabot version: 0.117.0 (api) - DEBUG - POST to endpoint: launcher/sync/ returned response: <Response [200]>
2021-10-15 16:04:53,316 - instabot version: 0.117.0 (api) - DEBUG - POST to endpoint: accounts/contact_point_prefill/ returned response: <Response [200]>
2021-10-15 16:04:56,114 - instabot version: 0.117.0 (api) - DEBUG - POST to endpoint: accounts/login/ returned response: <Response [200]>
2021-10-15 16:04:56,115 - instabot version: 0.117.0 (api) - INFO - Logged-in successfully as 'todoctordoom'!
2021-10-15 16:04:56,115 - instabot version: 0.117.0 (api_login) - INFO - LOGIN FLOW! Just logged-in: True
2021-10-15 16:04:56,413 - instabot version: 0.117.0 (api) - DEBUG - POST to endpoint: qe/sync/ returned response: <Response [200]>
2021-10-15 16:04:56,745 - instabot version: 0.117.0 (api) - DEBUG - POST to endpoint: launcher/sync/ returned response: <Response [200]>
2021-10-15 16:04:57,013 - instabot version: 0.117.0 (api) - DEBUG - GET to endpoint: zr/token/result/?device_id=android-638845ae1420b535&token_hash=&custom_device_id=android-638845ae1420b535&fetch_reason=token_expired returned response: <Response [200]>
2021-10-15 16:04:57,278 - instabot version: 0.117.0 (api) - DEBUG - GET to endpoint: multiple_accounts/get_account_family/ returned response: <Response [200]>
2021-10-15 16:04:57,585 - instabot version: 0.117.0 (api) - DEBUG - POST to endpoint: qe/sync/ returned response: <Response [200]>
2021-10-15 16:04:57,995 - instabot version: 0.117.0 (api) - DEBUG - GET to endpoint: igtv/browse_feed/?prefetch=1 returned response: <Response [200]>
2021-10-15 16:04:58,258 - instabot version: 0.117.0 (api) - DEBUG - POST to endpoint: creatives/ar_class/ returned response: <Response [200]>
2021-10-15 16:04:58,622 - instabot version: 0.117.0 (api) - DEBUG - POST to endpoint: feed/reels_tray/ returned response: <Response [200]>
2021-10-15 16:05:00,709 - instabot version: 0.117.0 (api) - DEBUG - POST to endpoint: feed/timeline/ returned response: <Response [200]>
2021-10-15 16:05:00,976 - instabot version: 0.117.0 (api) - DEBUG - GET to endpoint: media/blocked/ returned response: <Response [200]>
2021-10-15 16:05:02,004 - instabot version: 0.117.0 (api) - DEBUG - GET to endpoint: news/inbox/ returned response: <Response [200]>
2021-10-15 16:05:02,300 - instabot version: 0.117.0 (api) - DEBUG - GET to endpoint: loom/fetch_config/ returned response: <Response [200]>
2021-10-15 16:05:03,398 - instabot version: 0.117.0 (api) - DEBUG - GET to endpoint: scores/bootstrap/users/?surfaces=["autocomplete_user_list","coefficient_besties_list_ranking","coefficient_rank_recipient_user_suggestion","coefficient_ios_section_test_bootstrap_ranking","coefficient_direct_recipients_ranking_variant_2"] returned response: <Response [200]>
2021-10-15 16:05:03,728 - instabot version: 0.117.0 (api) - DEBUG - GET to endpoint: business/eligibility/get_monetization_products_eligibility_data/?product_types=branded_content returned response: <Response [200]>
2021-10-15 16:05:04,090 - instabot version: 0.117.0 (api) - DEBUG - GET to endpoint: business/branded_content/should_require_professional_account/ returned response: <Response [200]>
2021-10-15 16:05:05,322 - instabot version: 0.117.0 (api) - DEBUG - GET to endpoint: linked_accounts/get_linkage_status/ returned response: <Response [200]>
2021-10-15 16:05:05,607 - instabot version: 0.117.0 (api) - DEBUG - GET to endpoint: locations/request_country/ returned response: <Response [200]>
2021-10-15 16:05:05,931 - instabot version: 0.117.0 (api) - DEBUG - GET to endpoint: qp/get_cooldowns/?signed_body=signed_body=4b9c516a5410a3bc128e09c6104a7f042146b9c2023870560c63a43a7f66781c.4&ig_sig_key_version=4&ig_sig_key_version=4 returned response: <Response [200]>
2021-10-15 16:05:06,222 - instabot version: 0.117.0 (api) - DEBUG - GET to endpoint: users/arlink_download_info/?version_override=2.2.1 returned response: <Response [200]>
2021-10-15 16:05:07,516 - instabot version: 0.117.0 (api) - DEBUG - GET to endpoint: users/46258652727/info/ returned response: <Response [200]>
2021-10-15 16:05:07,901 - instabot version: 0.117.0 (api) - DEBUG - GET to endpoint: direct_v2/get_presence/ returned response: <Response [200]>
2021-10-15 16:05:08,362 - instabot version: 0.117.0 (api) - DEBUG - GET to endpoint: direct_v2/inbox/?visual_message_return_type=unseen&thread_message_limit=10&persistentBadging=true&limit=20 returned response: <Response [200]>
2021-10-15 16:05:08,781 - instabot version: 0.117.0 (api) - DEBUG - GET to endpoint: direct_v2/inbox/?visual_message_return_type=unseen&persistentBadging=true&limit=0 returned response: <Response [200]>
2021-10-15 16:05:10,369 - instabot version: 0.117.0 (api) - DEBUG - GET to endpoint: discover/topical_explore/?is_prefetch=true&omit_cover_media=true&use_sectional_payload=true&timezone_offset=0&session_id=74517733-9e97-4ac6-9bd3-6396afa278ed&include_fixed_destinations=true returned response: <Response [200]>
2021-10-15 16:05:10,779 - instabot version: 0.117.0 (api) - DEBUG - POST to endpoint: notifications/badge/ returned response: <Response [200]>
2021-10-15 16:05:11,229 - instabot version: 0.117.0 (api) - DEBUG - POST to endpoint: qp/batch_fetch/ returned response: <Response [200]>
2021-10-15 16:05:11,230 - instabot version: 0.117.0 (bot_checkpoint) - DEBUG - Loading Checkpoint file from: D:\searchdisaner/config/todoctordoom.checkpoint
2021-10-15 16:05:19,887 - instabot version: 0.117.0 (api) - DEBUG - GET to endpoint: feed/tag/дизайн/?max_id=&rank_token=46258652727_d8c038f7-d60d-4ffc-ae20-1b8f9d340f0b&ranked_content=true& returned response: <Response [200]>
2021-10-15 16:05:20,464 - instabot version: 0.117.0 (api) - DEBUG - GET to endpoint: users/47047226371/info/ returned response: <Response [200]>
2021-10-15 16:05:21,102 - instabot version: 0.117.0 (api) - DEBUG - GET to endpoint: users/3040728705/info/ returned response: <Response [200]>
2021-10-15 16:05:21,635 - instabot version: 0.117.0 (api) - DEBUG - GET to endpoint: users/42652887616/info/ returned response: <Response [200]>
2021-10-15 16:05:22,344 - instabot version: 0.117.0 (api) - DEBUG - GET to endpoint: users/11706489/info/ returned response: <Response [200]>
2021-10-15 16:05:22,998 - instabot version: 0.117.0 (api) - DEBUG - GET to endpoint: users/49818419066/info/ returned response: <Response [200]>
2021-10-15 16:05:23,381 - instabot version: 0.117.0 (api) - DEBUG - GET to endpoint: users/12605072979/info/ returned response: <Response [200]>
2021-10-15 16:05:24,568 - instabot version: 0.117.0 (api) - DEBUG - GET to endpoint: users/7194463958/info/ returned response: <Response [200]>
2021-10-15 16:05:25,030 - instabot version: 0.117.0 (api) - DEBUG - GET to endpoint: users/9195954448/info/ returned response: <Response [200]>
2021-10-15 16:05:26,082 - instabot version: 0.117.0 (api) - DEBUG - GET to endpoint: users/31008077639/info/ returned response: <Response [200]>
2021-10-15 16:05:27,197 - instabot version: 0.117.0 (api) - DEBUG - GET to endpoint: users/8234158456/info/ returned response: <Response [200]>
2021-10-15 16:05:27,870 - instabot version: 0.117.0 (api) - DEBUG - GET to endpoint: users/4555224684/info/ returned response: <Response [200]>
2021-10-15 16:05:28,586 - instabot version: 0.117.0 (api) - DEBUG - GET to endpoint: users/35822175478/info/ returned response: <Response [200]>
2021-10-15 16:05:29,459 - instabot version: 0.117.0 (api) - DEBUG - GET to endpoint: users/9914168590/info/ returned response: <Response [200]>
2021-10-15 16:05:30,024 - instabot version: 0.117.0 (api) - DEBUG - GET to endpoint: users/1667241315/info/ returned response: <Response [200]>
2021-10-15 16:05:30,488 - instabot version: 0.117.0 (api) - DEBUG - GET to endpoint: users/49135479770/info/ returned response: <Response [200]>
2021-10-15 16:05:31,044 - instabot version: 0.117.0 (api) - DEBUG - GET to endpoint: users/12017275377/info/ returned response: <Response [200]>
2021-10-15 16:05:31,642 - instabot version: 0.117.0 (api) - DEBUG - GET to endpoint: users/7817925180/info/ returned response: <Response [200]>
2021-10-15 16:05:32,184 - instabot version: 0.117.0 (api) - DEBUG - GET to endpoint: users/44502101992/info/ returned response: <Response [200]>
2021-10-15 16:05:32,826 - instabot version: 0.117.0 (api) - DEBUG - GET to endpoint: users/44097284371/info/ returned response: <Response [200]>
2021-10-15 16:05:33,441 - instabot version: 0.117.0 (api) - DEBUG - GET to endpoint: users/4197363616/info/ returned response: <Response [200]>
2021-10-15 16:05:33,992 - instabot version: 0.117.0 (api) - DEBUG - GET to endpoint: users/9057021046/info/ returned response: <Response [200]>
2021-10-15 16:05:34,460 - instabot version: 0.117.0 (api) - DEBUG - GET to endpoint: users/314113492/info/ returned response: <Response [200]>
2021-10-15 16:05:35,253 - instabot version: 0.117.0 (api) - DEBUG - GET to endpoint: users/48266231214/info/ returned response: <Response [200]>
2021-10-15 16:05:35,649 - instabot version: 0.117.0 (api) - DEBUG - GET to endpoint: users/2290233912/info/ returned response: <Response [200]>
2021-10-15 16:05:36,019 - instabot version: 0.117.0 (api) - DEBUG - GET to endpoint: users/49759453598/info/ returned response: <Response [200]>
2021-10-15 16:05:36,524 - instabot version: 0.117.0 (api) - DEBUG - GET to endpoint: users/19869631269/info/ returned response: <Response [200]>
2021-10-15 16:05:37,006 - instabot version: 0.117.0 (api) - DEBUG - GET to endpoint: users/10982078015/info/ returned response: <Response [200]>
2021-10-15 16:05:37,629 - instabot version: 0.117.0 (api) - DEBUG - GET to endpoint: users/44225497637/info/ returned response: <Response [200]>
2021-10-15 16:05:38,160 - instabot version: 0.117.0 (api) - DEBUG - GET to endpoint: users/3651017760/info/ returned response: <Response [200]>
2021-10-15 16:05:38,862 - instabot version: 0.117.0 (api) - DEBUG - GET to endpoint: users/44371777859/info/ returned response: <Response [200]>
2021-10-15 16:05:39,370 - instabot version: 0.117.0 (api) - DEBUG - GET to endpoint: users/5677010524/info/ returned response: <Response [200]>
2021-10-15 16:05:39,876 - instabot version: 0.117.0 (api) - DEBUG - GET to endpoint: users/50167618352/info/ returned response: <Response [200]>
2021-10-15 16:05:40,452 - instabot version: 0.117.0 (api) - DEBUG - GET to endpoint: users/39908031267/info/ returned response: <Response [200]>
2021-10-15 16:05:40,990 - instabot version: 0.117.0 (api) - DEBUG - GET to endpoint: users/2166573833/info/ returned response: <Response [200]>
2021-10-15 16:05:41,596 - instabot version: 0.117.0 (api) - DEBUG - GET to endpoint: users/5524150449/info/ returned response: <Response [200]>
2021-10-15 16:05:42,762 - instabot version: 0.117.0 (api) - DEBUG - GET to endpoint: users/1478135082/info/ returned response: <Response [200]>
2021-10-15 16:05:43,316 - instabot version: 0.117.0 (api) - DEBUG - GET to endpoint: users/5497131135/info/ returned response: <Response [200]>
2021-10-15 16:05:43,994 - instabot version: 0.117.0 (api) - DEBUG - GET to endpoint: users/46432597695/info/ returned response: <Response [200]>
2021-10-15 16:05:45,137 - instabot version: 0.117.0 (api) - DEBUG - GET to endpoint: users/13316776140/info/ returned response: <Response [200]>
2021-10-15 16:05:45,508 - instabot version: 0.117.0 (api) - DEBUG - GET to endpoint: users/49736225078/info/ returned response: <Response [200]>
2021-10-15 16:05:46,535 - instabot version: 0.117.0 (api) - DEBUG - GET to endpoint: users/20909558518/info/ returned response: <Response [200]>
2021-10-15 16:05:47,091 - instabot version: 0.117.0 (api) - DEBUG - GET to endpoint: users/6000513766/info/ returned response: <Response [200]>
2021-10-15 16:05:47,704 - instabot version: 0.117.0 (api) - DEBUG - GET to endpoint: users/243303969/info/ returned response: <Response [200]>
2021-10-15 16:05:48,410 - instabot version: 0.117.0 (api) - DEBUG - GET to endpoint: users/3205805123/info/ returned response: <Response [200]>
2021-10-15 16:05:48,952 - instabot version: 0.117.0 (api) - DEBUG - GET to endpoint: users/39254714823/info/ returned response: <Response [200]>
2021-10-15 16:05:49,576 - instabot version: 0.117.0 (api) - DEBUG - GET to endpoint: users/9173856281/info/ returned response: <Response [200]>
2021-10-15 16:05:50,581 - instabot version: 0.117.0 (api) - DEBUG - GET to endpoint: users/45670800596/info/ returned response: <Response [200]>
2021-10-15 16:05:51,082 - instabot version: 0.117.0 (api) - DEBUG - GET to endpoint: users/50168690195/info/ returned response: <Response [200]>
2021-10-15 16:05:51,579 - instabot version: 0.117.0 (api) - DEBUG - GET to endpoint: users/49771381075/info/ returned response: <Response [200]>
2021-10-15 16:05:52,396 - instabot version: 0.117.0 (api) - DEBUG - GET to endpoint: users/4178663469/info/ returned response: <Response [200]>
2021-10-15 16:05:52,895 - instabot version: 0.117.0 (api) - DEBUG - GET to endpoint: users/48211656533/info/ returned response: <Response [200]>
2021-10-15 16:05:53,488 - instabot version: 0.117.0 (api) - DEBUG - GET to endpoint: users/5822725760/info/ returned response: <Response [200]>
2021-10-15 16:05:54,074 - instabot version: 0.117.0 (api) - DEBUG - GET to endpoint: users/49606118605/info/ returned response: <Response [200]>
2021-10-15 16:05:54,597 - instabot version: 0.117.0 (api) - DEBUG - GET to endpoint: users/45245899977/info/ returned response: <Response [200]>
2021-10-15 16:05:55,195 - instabot version: 0.117.0 (api) - DEBUG - GET to endpoint: users/3018345088/info/ returned response: <Response [200]>
2021-10-15 16:05:55,962 - instabot version: 0.117.0 (api) - DEBUG - GET to endpoint: users/8683492805/info/ returned response: <Response [200]>
2021-10-15 16:05:56,488 - instabot version: 0.117.0 (api) - DEBUG - GET to endpoint: users/26957138065/info/ returned response: <Response [200]>
2021-10-15 16:05:57,183 - instabot version: 0.117.0 (api) - DEBUG - GET to endpoint: users/2129108412/info/ returned response: <Response [200]>
2021-10-15 16:05:57,572 - instabot version: 0.117.0 (api) - DEBUG - GET to endpoint: users/45901862342/info/ returned response: <Response [200]>
2021-10-15 16:05:58,166 - instabot version: 0.117.0 (api) - DEBUG - GET to endpoint: users/2003315655/info/ returned response: <Response [200]>
2021-10-15 16:05:58,684 - instabot version: 0.117.0 (api) - DEBUG - GET to endpoint: users/7937198490/info/ returned response: <Response [200]>
2021-10-15 16:05:59,215 - instabot version: 0.117.0 (api) - DEBUG - GET to endpoint: users/34503356494/info/ returned response: <Response [200]>
2021-10-15 16:05:59,707 - instabot version: 0.117.0 (api) - DEBUG - GET to endpoint: users/35163844902/info/ returned response: <Response [200]>
2021-10-15 16:06:01,253 - instabot version: 0.117.0 (api) - DEBUG - GET to endpoint: users/3106335025/info/ returned response: <Response [200]>
2021-10-15 16:06:01,782 - instabot version: 0.117.0 (api) - DEBUG - GET to endpoint: users/6654561420/info/ returned response: <Response [200]>
2021-10-15 16:06:02,475 - instabot version: 0.117.0 (api) - DEBUG - GET to endpoint: users/48770921014/info/ returned response: <Response [200]>
2021-10-15 16:06:03,187 - instabot version: 0.117.0 (api) - DEBUG - GET to endpoint: users/48326192951/info/ returned response: <Response [200]>
2021-10-15 16:06:03,685 - instabot version: 0.117.0 (api) - DEBUG - GET to endpoint: users/9260998574/info/ returned response: <Response [200]>
2021-10-15 16:06:04,241 - instabot version: 0.117.0 (api) - DEBUG - GET to endpoint: users/4240839819/info/ returned response: <Response [200]>
2021-10-15 16:06:04,820 - instabot version: 0.117.0 (api) - DEBUG - GET to endpoint: users/46033907703/info/ returned response: <Response [200]>
2021-10-15 16:06:05,232 - instabot version: 0.117.0 (api) - DEBUG - GET to endpoint: users/45711229863/info/ returned response: <Response [200]>
2021-10-15 16:06:05,709 - instabot version: 0.117.0 (api) - DEBUG - GET to endpoint: users/26923690030/info/ returned response: <Response [200]>
2021-10-15 16:06:06,260 - instabot version: 0.117.0 (api) - DEBUG - GET to endpoint: users/28637418409/info/ returned response: <Response [200]>
2021-10-15 16:06:06,622 - instabot version: 0.117.0 (api) - DEBUG - GET to endpoint: users/26259442532/info/ returned response: <Response [200]>
2021-10-15 16:06:12,498 - instabot version: 0.117.0 (api) - DEBUG - GET to endpoint: feed/tag/дизайнер/?max_id=&rank_token=46258652727_d8c038f7-d60d-4ffc-ae20-1b8f9d340f0b&ranked_content=true& returned response: <Response [200]>
2021-10-15 16:06:13,094 - instabot version: 0.117.0 (api) - DEBUG - GET to endpoint: users/32319406899/info/ returned response: <Response [200]>
2021-10-15 16:06:13,593 - instabot version: 0.117.0 (api) - DEBUG - GET to endpoint: users/48581594752/info/ returned response: <Response [200]>
2021-10-15 16:06:14,586 - instabot version: 0.117.0 (api) - DEBUG - GET to endpoint: users/48597852081/info/ returned response: <Response [200]>
2021-10-15 16:06:15,102 - instabot version: 0.117.0 (api) - DEBUG - GET to endpoint: users/3484349347/info/ returned response: <Response [200]>
2021-10-15 16:06:15,698 - instabot version: 0.117.0 (api) - DEBUG - GET to endpoint: users/48582402091/info/ returned response: <Response [200]>
2021-10-15 16:06:16,215 - instabot version: 0.117.0 (api) - DEBUG - GET to endpoint: users/5823786667/info/ returned response: <Response [200]>
2021-10-15 16:06:16,747 - instabot version: 0.117.0 (api) - DEBUG - GET to endpoint: users/5705326842/info/ returned response: <Response [200]>
2021-10-15 16:06:17,129 - instabot version: 0.117.0 (api) - DEBUG - GET to endpoint: users/48100482027/info/ returned response: <Response [200]>
2021-10-15 16:06:17,682 - instabot version: 0.117.0 (api) - DEBUG - GET to endpoint: users/49953191652/info/ returned response: <Response [200]>
2021-10-15 16:06:18,241 - instabot version: 0.117.0 (api) - DEBUG - GET to endpoint: users/48313967861/info/ returned response: <Response [200]>
2021-10-15 16:06:18,847 - instabot version: 0.117.0 (api) - DEBUG - GET to endpoint: users/45478543234/info/ returned response: <Response [200]>
2021-10-15 16:06:19,553 - instabot version: 0.117.0 (api) - DEBUG - GET to endpoint: users/39849878/info/ returned response: <Response [200]>
2021-10-15 16:06:20,268 - instabot version: 0.117.0 (api) - DEBUG - GET to endpoint: users/6350334685/info/ returned response: <Response [200]>
2021-10-15 16:06:21,047 - instabot version: 0.117.0 (api) - DEBUG - GET to endpoint: users/2061728197/info/ returned response: <Response [200]>
2021-10-15 16:06:21,808 - instabot version: 0.117.0 (api) - DEBUG - GET to endpoint: users/3972045266/info/ returned response: <Response [200]>
2021-10-15 16:06:22,370 - instabot version: 0.117.0 (api) - DEBUG - GET to endpoint: users/3304732665/info/ returned response: <Response [200]>
2021-10-15 16:06:22,965 - instabot version: 0.117.0 (api) - DEBUG - GET to endpoint: users/9158247298/info/ returned response: <Response [200]>
2021-10-15 16:06:23,438 - instabot version: 0.117.0 (api) - DEBUG - GET to endpoint: users/44925698046/info/ returned response: <Response [200]>
2021-10-15 16:06:23,985 - instabot version: 0.117.0 (api) - DEBUG - GET to endpoint: users/31288307457/info/ returned response: <Response [200]>
2021-10-15 16:06:24,468 - instabot version: 0.117.0 (api) - DEBUG - GET to endpoint: users/44712865018/info/ returned response: <Response [200]>
2021-10-15 16:06:25,108 - instabot version: 0.117.0 (api) - DEBUG - GET to endpoint: users/6541330344/info/ returned response: <Response [200]>
2021-10-15 16:06:25,707 - instabot version: 0.117.0 (api) - DEBUG - GET to endpoint: users/36771490327/info/ returned response: <Response [200]>
2021-10-15 16:06:26,252 - instabot version: 0.117.0 (api) - DEBUG - GET to endpoint: users/32328839737/info/ returned response: <Response [200]>
2021-10-15 16:06:26,829 - instabot version: 0.117.0 (api) - DEBUG - GET to endpoint: users/4622012922/info/ returned response: <Response [200]>
2021-10-15 16:06:27,363 - instabot version: 0.117.0 (api) - DEBUG - GET to endpoint: users/8643673574/info/ returned response: <Response [200]>
2021-10-15 16:06:28,067 - instabot version: 0.117.0 (api) - DEBUG - GET to endpoint: users/2206162929/info/ returned response: <Response [200]>
2021-10-15 16:06:28,630 - instabot version: 0.117.0 (api) - DEBUG - GET to endpoint: users/2330678384/info/ returned response: <Response [200]>
2021-10-15 16:06:29,519 - instabot version: 0.117.0 (api) - DEBUG - GET to endpoint: users/3975282802/info/ returned response: <Response [200]>
2021-10-15 16:06:30,099 - instabot version: 0.117.0 (api) - DEBUG - GET to endpoint: users/7697639755/info/ returned response: <Response [200]>
2021-10-15 16:06:30,571 - instabot version: 0.117.0 (api) - DEBUG - GET to endpoint: users/49546229755/info/ returned response: <Response [200]>
2021-10-15 16:06:31,065 - instabot version: 0.117.0 (api) - DEBUG - GET to endpoint: users/256503668/info/ returned response: <Response [200]>
2021-10-15 16:06:34,378 - instabot version: 0.117.0 (api) - DEBUG - GET to endpoint: users/44963305188/info/ returned response: <Response [200]>
2021-10-15 16:06:34,880 - instabot version: 0.117.0 (api) - DEBUG - GET to endpoint: users/49208229269/info/ returned response: <Response [200]>
2021-10-15 16:06:35,409 - instabot version: 0.117.0 (api) - DEBUG - GET to endpoint: users/1596584307/info/ returned response: <Response [200]>
2021-10-15 16:06:35,854 - instabot version: 0.117.0 (api) - DEBUG - GET to endpoint: users/13505388781/info/ returned response: <Response [200]>
2021-10-15 16:06:36,303 - instabot version: 0.117.0 (api) - DEBUG - GET to endpoint: users/8433258847/info/ returned response: <Response [200]>
2021-10-15 16:06:36,796 - instabot version: 0.117.0 (api) - DEBUG - GET to endpoint: users/21892304541/info/ returned response: <Response [200]>
2021-10-15 16:06:37,411 - instabot version: 0.117.0 (api) - DEBUG - GET to endpoint: users/2541245585/info/ returned response: <Response [200]>
2021-10-15 16:06:37,845 - instabot version: 0.117.0 (api) - DEBUG - GET to endpoint: users/49578092267/info/ returned response: <Response [200]>
2021-10-15 16:06:38,285 - instabot version: 0.117.0 (api) - DEBUG - GET to endpoint: users/2294151237/info/ returned response: <Response [200]>
2021-10-15 16:06:38,789 - instabot version: 0.117.0 (api) - DEBUG - GET to endpoint: users/20733128511/info/ returned response: <Response [200]>
2021-10-15 16:06:39,530 - instabot version: 0.117.0 (api) - DEBUG - GET to endpoint: users/45262337405/info/ returned response: <Response [200]>
2021-10-15 16:06:40,058 - instabot version: 0.117.0 (api) - DEBUG - GET to endpoint: users/4712887358/info/ returned response: <Response [200]>
2021-10-15 16:06:40,566 - instabot version: 0.117.0 (api) - DEBUG - GET to endpoint: users/49583332157/info/ returned response: <Response [200]>
2021-10-15 16:06:41,099 - instabot version: 0.117.0 (api) - DEBUG - GET to endpoint: users/3167792888/info/ returned response: <Response [200]>
2021-10-15 16:06:42,132 - instabot version: 0.117.0 (api) - DEBUG - GET to endpoint: users/31541886276/info/ returned response: <Response [200]>
2021-10-15 16:06:42,646 - instabot version: 0.117.0 (api) - DEBUG - GET to endpoint: users/49380329090/info/ returned response: <Response [200]>
2021-10-15 16:06:43,260 - instabot version: 0.117.0 (api) - DEBUG - GET to endpoint: users/4909300065/info/ returned response: <Response [200]>
2021-10-15 16:06:43,636 - instabot version: 0.117.0 (api) - DEBUG - GET to endpoint: users/48532137646/info/ returned response: <Response [200]>
2021-10-15 16:06:44,381 - instabot version: 0.117.0 (api) - DEBUG - GET to endpoint: users/29100148576/info/ returned response: <Response [200]>
2021-10-15 16:06:44,941 - instabot version: 0.117.0 (api) - DEBUG - GET to endpoint: users/6927960564/info/ returned response: <Response [200]>
2021-10-15 16:06:45,758 - instabot version: 0.117.0 (api) - DEBUG - GET to endpoint: users/21514563680/info/ returned response: <Response [200]>
2021-10-15 16:06:46,300 - instabot version: 0.117.0 (api) - DEBUG - GET to endpoint: users/5465663281/info/ returned response: <Response [200]>
2021-10-15 16:06:49,806 - instabot version: 0.117.0 (api) - DEBUG - GET to endpoint: users/29232121110/info/ returned response: <Response [200]>
2021-10-15 16:06:50,601 - instabot version: 0.117.0 (api) - DEBUG - GET to endpoint: users/13447692804/info/ returned response: <Response [200]>
2021-10-15 16:06:51,070 - instabot version: 0.117.0 (api) - DEBUG - GET to endpoint: users/1001995617/info/ returned response: <Response [200]>
2021-10-15 16:06:51,648 - instabot version: 0.117.0 (api) - DEBUG - GET to endpoint: users/325705920/info/ returned response: <Response [200]>
2021-10-15 16:06:52,163 - instabot version: 0.117.0 (api) - DEBUG - GET to endpoint: users/17396597954/info/ returned response: <Response [200]>
2021-10-15 16:06:53,677 - instabot version: 0.117.0 (api) - DEBUG - GET to endpoint: users/205789869/info/ returned response: <Response [200]>
2021-10-15 16:06:54,221 - instabot version: 0.117.0 (api) - DEBUG - GET to endpoint: users/4218670224/info/ returned response: <Response [200]>
2021-10-15 16:06:54,779 - instabot version: 0.117.0 (api) - DEBUG - GET to endpoint: users/8623685675/info/ returned response: <Response [200]>
2021-10-15 16:06:55,309 - instabot version: 0.117.0 (api) - DEBUG - GET to endpoint: users/8925982187/info/ returned response: <Response [200]>
2021-10-15 16:07:02,704 - instabot version: 0.117.0 (api) - DEBUG - GET to endpoint: feed/tag/интерьер/?max_id=&rank_token=46258652727_d8c038f7-d60d-4ffc-ae20-1b8f9d340f0b&ranked_content=true& returned response: <Response [200]>
2021-10-15 16:07:07,576 - instabot version: 0.117.0 (api) - DEBUG - GET to endpoint: users/31391239069/info/ returned response: <Response [200]>
2021-10-15 16:07:08,048 - instabot version: 0.117.0 (api) - DEBUG - GET to endpoint: users/6246509691/info/ returned response: <Response [200]>
2021-10-15 16:07:08,590 - instabot version: 0.117.0 (api) - DEBUG - GET to endpoint: users/26982406920/info/ returned response: <Response [200]>
2021-10-15 16:07:09,199 - instabot version: 0.117.0 (api) - DEBUG - GET to endpoint: users/1536371217/info/ returned response: <Response [200]>
2021-10-15 16:07:09,956 - instabot version: 0.117.0 (api) - DEBUG - GET to endpoint: users/25202503513/info/ returned response: <Response [200]>
2021-10-15 16:07:10,519 - instabot version: 0.117.0 (api) - DEBUG - GET to endpoint: users/8383024075/info/ returned response: <Response [200]>
2021-10-15 16:07:11,002 - instabot version: 0.117.0 (api) - DEBUG - GET to endpoint: users/6932151057/info/ returned response: <Response [200]>
2021-10-15 16:07:11,408 - instabot version: 0.117.0 (api) - DEBUG - GET to endpoint: users/49959360050/info/ returned response: <Response [200]>
2021-10-15 16:07:12,025 - instabot version: 0.117.0 (api) - DEBUG - GET to endpoint: users/9521176646/info/ returned response: <Response [200]>
2021-10-15 16:07:12,562 - instabot version: 0.117.0 (api) - DEBUG - GET to endpoint: users/34127861006/info/ returned response: <Response [200]>
2021-10-15 16:07:13,097 - instabot version: 0.117.0 (api) - DEBUG - GET to endpoint: users/50177002415/info/ returned response: <Response [200]>
2021-10-15 16:07:13,606 - instabot version: 0.117.0 (api) - DEBUG - GET to endpoint: users/45060173935/info/ returned response: <Response [200]>
2021-10-15 16:07:13,996 - instabot version: 0.117.0 (api) - DEBUG - GET to endpoint: users/35949464157/info/ returned response: <Response [200]>
2021-10-15 16:07:14,655 - instabot version: 0.117.0 (api) - DEBUG - GET to endpoint: users/4144697892/info/ returned response: <Response [200]>
2021-10-15 16:07:15,238 - instabot version: 0.117.0 (api) - DEBUG - GET to endpoint: users/531518971/info/ returned response: <Response [200]>
2021-10-15 16:07:15,896 - instabot version: 0.117.0 (api) - DEBUG - GET to endpoint: users/3114618484/info/ returned response: <Response [200]>
2021-10-15 16:07:16,370 - instabot version: 0.117.0 (api) - DEBUG - GET to endpoint: users/49538993735/info/ returned response: <Response [200]>
2021-10-15 16:07:17,090 - instabot version: 0.117.0 (api) - DEBUG - GET to endpoint: users/5747513343/info/ returned response: <Response [200]>
2021-10-15 16:07:17,562 - instabot version: 0.117.0 (api) - DEBUG - GET to endpoint: users/6738461386/info/ returned response: <Response [200]>
2021-10-15 16:07:18,034 - instabot version: 0.117.0 (api) - DEBUG - GET to endpoint: users/4128399877/info/ returned response: <Response [200]>
2021-10-15 16:07:18,661 - instabot version: 0.117.0 (api) - DEBUG - GET to endpoint: users/48747579877/info/ returned response: <Response [200]>
2021-10-15 16:07:19,221 - instabot version: 0.117.0 (api) - DEBUG - GET to endpoint: users/1441215644/info/ returned response: <Response [200]>
2021-10-15 16:07:20,094 - instabot version: 0.117.0 (api) - DEBUG - GET to endpoint: users/5814982172/info/ returned response: <Response [200]>
2021-10-15 16:07:20,843 - instabot version: 0.117.0 (api) - DEBUG - GET to endpoint: users/10948326102/info/ returned response: <Response [200]>
2021-10-15 16:07:21,385 - instabot version: 0.117.0 (api) - DEBUG - GET to endpoint: users/3581325412/info/ returned response: <Response [200]>
2021-10-15 16:07:21,913 - instabot version: 0.117.0 (api) - DEBUG - GET to endpoint: users/47787438900/info/ returned response: <Response [200]>
2021-10-15 16:07:22,503 - instabot version: 0.117.0 (api) - DEBUG - GET to endpoint: users/13139263234/info/ returned response: <Response [200]>
2021-10-15 16:07:23,089 - instabot version: 0.117.0 (api) - DEBUG - GET to endpoint: users/6207593229/info/ returned response: <Response [200]>
2021-10-15 16:07:23,621 - instabot version: 0.117.0 (api) - DEBUG - GET to endpoint: users/6192822232/info/ returned response: <Response [200]>
2021-10-15 16:07:24,341 - instabot version: 0.117.0 (api) - DEBUG - GET to endpoint: users/48781923327/info/ returned response: <Response [200]>
2021-10-15 16:07:25,329 - instabot version: 0.117.0 (api) - DEBUG - GET to endpoint: users/7687403183/info/ returned response: <Response [200]>
2021-10-15 16:07:25,970 - instabot version: 0.117.0 (api) - DEBUG - GET to endpoint: users/48783230920/info/ returned response: <Response [200]>
2021-10-15 16:07:26,687 - instabot version: 0.117.0 (api) - DEBUG - GET to endpoint: users/11103712338/info/ returned response: <Response [200]>
2021-10-15 16:07:27,092 - instabot version: 0.117.0 (api) - DEBUG - GET to endpoint: users/27911590948/info/ returned response: <Response [200]>
2021-10-15 16:07:27,693 - instabot version: 0.117.0 (api) - DEBUG - GET to endpoint: users/4051415983/info/ returned response: <Response [200]>
2021-10-15 16:07:28,280 - instabot version: 0.117.0 (api) - DEBUG - GET to endpoint: users/40843582130/info/ returned response: <Response [200]>
2021-10-15 16:07:28,790 - instabot version: 0.117.0 (api) - DEBUG - GET to endpoint: users/45430073368/info/ returned response: <Response [200]>
2021-10-15 16:07:29,400 - instabot version: 0.117.0 (api) - DEBUG - GET to endpoint: users/8286898621/info/ returned response: <Response [200]>
2021-10-15 16:07:29,854 - instabot version: 0.117.0 (api) - DEBUG - GET to endpoint: users/5405968119/info/ returned response: <Response [200]>
2021-10-15 16:07:30,473 - instabot version: 0.117.0 (api) - DEBUG - GET to endpoint: users/36192588740/info/ returned response: <Response [200]>
2021-10-15 16:07:30,990 - instabot version: 0.117.0 (api) - DEBUG - GET to endpoint: users/43441847403/info/ returned response: <Response [200]>
2021-10-15 16:07:31,832 - instabot version: 0.117.0 (api) - DEBUG - GET to endpoint: users/1497725361/info/ returned response: <Response [200]>
2021-10-15 16:07:32,289 - instabot version: 0.117.0 (api) - DEBUG - GET to endpoint: users/3312779315/info/ returned response: <Response [200]>
2021-10-15 16:07:32,761 - instabot version: 0.117.0 (api) - DEBUG - GET to endpoint: users/4498237881/info/ returned response: <Response [200]>
2021-10-15 16:07:33,357 - instabot version: 0.117.0 (api) - DEBUG - GET to endpoint: users/7997386170/info/ returned response: <Response [200]>
2021-10-15 16:07:34,021 - instabot version: 0.117.0 (api) - DEBUG - GET to endpoint: users/2215318238/info/ returned response: <Response [200]>
2021-10-15 16:07:34,658 - instabot version: 0.117.0 (api) - DEBUG - GET to endpoint: users/8207572976/info/ returned response: <Response [200]>
2021-10-15 16:07:35,157 - instabot version: 0.117.0 (api) - DEBUG - GET to endpoint: users/6733032732/info/ returned response: <Response [200]>
2021-10-15 16:26:03,376 - instabot version: 0.117.0 (bot) - INFO - Instabot version: 0.117.0 Started
2021-10-15 16:26:03,376 - instabot version: 0.117.0 (bot) - DEBUG - Bot imported from D:\searchdisaner\venv\lib\site-packages\instabot\bot\bot.py
2021-10-15 16:26:03,384 - instabot version: 0.117.0 (api_login) - DEBUG - Loading uuids
2021-10-15 16:26:03,384 - instabot version: 0.117.0 (api_login) - INFO - Recovery from D:\searchdisaner/config/instbober_uuid_and_cookie.json: COOKIE False - UUIDs True - TIMING, DEVICE and ...
- user-agent=Instagram 117.0.0.28.123 Android (28/9.0; 420dpi; 1080x1920; OnePlus; ONEPLUS A3003; OnePlus3; qcom; en_US; 180322800)
- phone_id=69e66906-ef6a-4561-86e6-8c98a236847c
- uuid=81500ee0-4cf5-493e-ae1a-6a5011cbe63d
- client_session_id=32957a9d-435a-448b-9ee5-e5e488d33b0c
- device_id=android-ba894ce94a484232
2021-10-15 16:26:03,387 - instabot version: 0.117.0 (api_login) - INFO - Not yet logged in starting: PRE-LOGIN FLOW!
2021-10-15 16:26:03,682 - instabot version: 0.117.0 (api) - DEBUG - POST to endpoint: accounts/get_prefill_candidates/ returned response: <Response [200]>
2021-10-15 16:26:03,947 - instabot version: 0.117.0 (api) - DEBUG - POST to endpoint: qe/sync/ returned response: <Response [200]>
2021-10-15 16:26:04,224 - instabot version: 0.117.0 (api) - DEBUG - POST to endpoint: launcher/sync/ returned response: <Response [200]>
2021-10-15 16:26:04,506 - instabot version: 0.117.0 (api) - DEBUG - POST to endpoint: accounts/contact_point_prefill/ returned response: <Response [200]>
2021-10-15 16:26:08,384 - instabot version: 0.117.0 (api) - DEBUG - POST to endpoint: accounts/login/ returned response: <Response [200]>
2021-10-15 16:26:08,385 - instabot version: 0.117.0 (api) - INFO - Logged-in successfully as 'instbober'!
2021-10-15 16:26:08,386 - instabot version: 0.117.0 (api_login) - INFO - LOGIN FLOW! Just logged-in: True
2021-10-15 16:26:08,676 - instabot version: 0.117.0 (api) - DEBUG - POST to endpoint: qe/sync/ returned response: <Response [200]>
2021-10-15 16:26:08,968 - instabot version: 0.117.0 (api) - DEBUG - POST to endpoint: launcher/sync/ returned response: <Response [200]>
2021-10-15 16:26:09,226 - instabot version: 0.117.0 (api) - DEBUG - GET to endpoint: zr/token/result/?device_id=android-ba894ce94a484232&token_hash=&custom_device_id=android-ba894ce94a484232&fetch_reason=token_expired returned response: <Response [200]>
2021-10-15 16:26:09,491 - instabot version: 0.117.0 (api) - DEBUG - GET to endpoint: multiple_accounts/get_account_family/ returned response: <Response [200]>
2021-10-15 16:26:09,765 - instabot version: 0.117.0 (api) - DEBUG - POST to endpoint: qe/sync/ returned response: <Response [200]>
2021-10-15 16:26:10,177 - instabot version: 0.117.0 (api) - DEBUG - GET to endpoint: igtv/browse_feed/?prefetch=1 returned response: <Response [200]>
2021-10-15 16:26:10,446 - instabot version: 0.117.0 (api) - DEBUG - POST to endpoint: creatives/ar_class/ returned response: <Response [200]>
2021-10-15 16:26:11,049 - instabot version: 0.117.0 (api) - DEBUG - POST to endpoint: feed/reels_tray/ returned response: <Response [200]>
2021-10-15 16:26:12,523 - instabot version: 0.117.0 (api) - DEBUG - POST to endpoint: feed/timeline/ returned response: <Response [200]>
2021-10-15 16:26:12,790 - instabot version: 0.117.0 (api) - DEBUG - GET to endpoint: media/blocked/ returned response: <Response [200]>
2021-10-15 16:26:13,484 - instabot version: 0.117.0 (api) - DEBUG - GET to endpoint: news/inbox/ returned response: <Response [200]>
2021-10-15 16:26:13,780 - instabot version: 0.117.0 (api) - DEBUG - GET to endpoint: loom/fetch_config/ returned response: <Response [200]>
2021-10-15 16:26:14,414 - instabot version: 0.117.0 (api) - DEBUG - GET to endpoint: scores/bootstrap/users/?surfaces=["autocomplete_user_list","coefficient_besties_list_ranking","coefficient_rank_recipient_user_suggestion","coefficient_ios_section_test_bootstrap_ranking","coefficient_direct_recipients_ranking_variant_2"] returned response: <Response [200]>
2021-10-15 16:26:14,755 - instabot version: 0.117.0 (api) - DEBUG - GET to endpoint: business/eligibility/get_monetization_products_eligibility_data/?product_types=branded_content returned response: <Response [200]>
2021-10-15 16:26:15,018 - instabot version: 0.117.0 (api) - DEBUG - GET to endpoint: business/branded_content/should_require_professional_account/ returned response: <Response [200]>
2021-10-15 16:26:15,284 - instabot version: 0.117.0 (api) - DEBUG - GET to endpoint: linked_accounts/get_linkage_status/ returned response: <Response [200]>
2021-10-15 16:26:15,590 - instabot version: 0.117.0 (api) - DEBUG - GET to endpoint: locations/request_country/ returned response: <Response [200]>
2021-10-15 16:26:15,853 - instabot version: 0.117.0 (api) - DEBUG - GET to endpoint: qp/get_cooldowns/?signed_body=signed_body=4b9c516a5410a3bc128e09c6104a7f042146b9c2023870560c63a43a7f66781c.4&ig_sig_key_version=4&ig_sig_key_version=4 returned response: <Response [200]>
2021-10-15 16:26:16,135 - instabot version: 0.117.0 (api) - DEBUG - GET to endpoint: users/arlink_download_info/?version_override=2.2.1 returned response: <Response [200]>
2021-10-15 16:26:16,548 - instabot version: 0.117.0 (api) - DEBUG - GET to endpoint: users/48835444494/info/ returned response: <Response [200]>
2021-10-15 16:26:16,977 - instabot version: 0.117.0 (api) - DEBUG - GET to endpoint: direct_v2/get_presence/ returned response: <Response [200]>
2021-10-15 16:26:17,470 - instabot version: 0.117.0 (api) - DEBUG - GET to endpoint: direct_v2/inbox/?visual_message_return_type=unseen&thread_message_limit=10&persistentBadging=true&limit=20 returned response: <Response [200]>
2021-10-15 16:26:17,867 - instabot version: 0.117.0 (api) - DEBUG - GET to endpoint: direct_v2/inbox/?visual_message_return_type=unseen&persistentBadging=true&limit=0 returned response: <Response [200]>
2021-10-15 16:26:18,513 - instabot version: 0.117.0 (api) - DEBUG - GET to endpoint: discover/topical_explore/?is_prefetch=true&omit_cover_media=true&use_sectional_payload=true&timezone_offset=0&session_id=32957a9d-435a-448b-9ee5-e5e488d33b0c&include_fixed_destinations=true returned response: <Response [200]>
2021-10-15 16:26:18,936 - instabot version: 0.117.0 (api) - DEBUG - POST to endpoint: notifications/badge/ returned response: <Response [200]>
2021-10-15 16:26:19,530 - instabot version: 0.117.0 (api) - DEBUG - POST to endpoint: qp/batch_fetch/ returned response: <Response [200]>
2021-10-15 16:26:19,531 - instabot version: 0.117.0 (bot_checkpoint) - DEBUG - Loading Checkpoint file from: D:\searchdisaner/config/instbober.checkpoint
2021-10-15 16:26:26,102 - instabot version: 0.117.0 (api) - DEBUG - GET to endpoint: feed/tag/дизайн/?max_id=&rank_token=48835444494_81500ee0-4cf5-493e-ae1a-6a5011cbe63d&ranked_content=true& returned response: <Response [200]>
2021-10-15 16:26:26,976 - instabot version: 0.117.0 (api) - DEBUG - GET to endpoint: users/30562805247/info/ returned response: <Response [200]>
2021-10-15 16:26:27,532 - instabot version: 0.117.0 (api) - DEBUG - GET to endpoint: users/10689996182/info/ returned response: <Response [200]>
2021-10-15 16:26:28,003 - instabot version: 0.117.0 (api) - DEBUG - GET to endpoint: users/34722082052/info/ returned response: <Response [200]>
2021-10-15 16:26:28,388 - instabot version: 0.117.0 (api) - DEBUG - GET to endpoint: users/8791866946/info/ returned response: <Response [200]>
2021-10-15 16:26:29,127 - instabot version: 0.117.0 (api) - DEBUG - GET to endpoint: users/598950988/info/ returned response: <Response [200]>
2021-10-15 16:26:29,846 - instabot version: 0.117.0 (api) - DEBUG - GET to endpoint: users/2377061249/info/ returned response: <Response [200]>
2021-10-15 16:26:30,496 - instabot version: 0.117.0 (api) - DEBUG - GET to endpoint: users/13224998025/info/ returned response: <Response [200]>
2021-10-15 16:26:31,280 - instabot version: 0.117.0 (api) - DEBUG - GET to endpoint: users/14319557955/info/ returned response: <Response [200]>
2021-10-15 16:26:31,768 - instabot version: 0.117.0 (api) - DEBUG - GET to endpoint: users/9206955292/info/ returned response: <Response [200]>
2021-10-15 16:26:32,397 - instabot version: 0.117.0 (api) - DEBUG - GET to endpoint: users/6938013794/info/ returned response: <Response [200]>
2021-10-15 16:26:32,934 - instabot version: 0.117.0 (api) - DEBUG - GET to endpoint: users/6076118333/info/ returned response: <Response [200]>
2021-10-15 16:26:33,458 - instabot version: 0.117.0 (api) - DEBUG - GET to endpoint: users/9173856281/info/ returned response: <Response [200]>
2021-10-15 16:26:33,997 - instabot version: 0.117.0 (api) - DEBUG - GET to endpoint: users/6346971915/info/ returned response: <Response [200]>
2021-10-15 16:26:34,356 - instabot version: 0.117.0 (api) - DEBUG - GET to endpoint: users/1544886686/info/ returned response: <Response [200]>
2021-10-15 16:26:34,979 - instabot version: 0.117.0 (api) - DEBUG - GET to endpoint: users/5891813087/info/ returned response: <Response [200]>
2021-10-15 16:26:35,570 - instabot version: 0.117.0 (api) - DEBUG - GET to endpoint: users/9030726687/info/ returned response: <Response [200]>
2021-10-15 16:26:36,074 - instabot version: 0.117.0 (api) - DEBUG - GET to endpoint: users/47723992074/info/ returned response: <Response [200]>
2021-10-15 16:26:36,967 - instabot version: 0.117.0 (api) - DEBUG - GET to endpoint: users/2959672240/info/ returned response: <Response [200]>
2021-10-15 16:26:37,511 - instabot version: 0.117.0 (api) - DEBUG - GET to endpoint: users/2311273213/info/ returned response: <Response [200]>
2021-10-15 16:26:38,050 - instabot version: 0.117.0 (api) - DEBUG - GET to endpoint: users/8637705830/info/ returned response: <Response [200]>
2021-10-15 16:26:38,725 - instabot version: 0.117.0 (api) - DEBUG - GET to endpoint: users/3432328624/info/ returned response: <Response [200]>
2021-10-15 16:26:39,234 - instabot version: 0.117.0 (api) - DEBUG - GET to endpoint: users/48890373626/info/ returned response: <Response [200]>
2021-10-15 16:26:39,857 - instabot version: 0.117.0 (api) - DEBUG - GET to endpoint: users/314364249/info/ returned response: <Response [200]>
2021-10-15 16:26:40,472 - instabot version: 0.117.0 (api) - DEBUG - GET to endpoint: users/38686487765/info/ returned response: <Response [200]>
2021-10-15 16:26:40,958 - instabot version: 0.117.0 (api) - DEBUG - GET to endpoint: users/3777390204/info/ returned response: <Response [200]>
2021-10-15 16:26:41,507 - instabot version: 0.117.0 (api) - DEBUG - GET to endpoint: users/8960094597/info/ returned response: <Response [200]>
2021-10-15 16:26:42,187 - instabot version: 0.117.0 (api) - DEBUG - GET to endpoint: users/8450145037/info/ returned response: <Response [200]>
2021-10-15 16:26:42,776 - instabot version: 0.117.0 (api) - DEBUG - GET to endpoint: users/42597271205/info/ returned response: <Response [200]>
2021-10-15 16:26:43,267 - instabot version: 0.117.0 (api) - DEBUG - GET to endpoint: users/5443958278/info/ returned response: <Response [200]>
2021-10-15 16:26:43,863 - instabot version: 0.117.0 (api) - DEBUG - GET to endpoint: users/769472673/info/ returned response: <Response [200]>
2021-10-15 16:26:44,327 - instabot version: 0.117.0 (api) - DEBUG - GET to endpoint: users/49772470518/info/ returned response: <Response [200]>
2021-10-15 16:26:44,949 - instabot version: 0.117.0 (api) - DEBUG - GET to endpoint: users/1712618193/info/ returned response: <Response [200]>
2021-10-15 16:26:45,555 - instabot version: 0.117.0 (api) - DEBUG - GET to endpoint: users/45631289875/info/ returned response: <Response [200]>
2021-10-15 16:26:45,932 - instabot version: 0.117.0 (api) - DEBUG - GET to endpoint: users/49401055831/info/ returned response: <Response [200]>
2021-10-15 16:26:46,495 - instabot version: 0.117.0 (api) - DEBUG - GET to endpoint: users/49580983977/info/ returned response: <Response [200]>
2021-10-15 16:26:47,006 - instabot version: 0.117.0 (api) - DEBUG - GET to endpoint: users/5345758261/info/ returned response: <Response [200]>
2021-10-15 16:26:47,500 - instabot version: 0.117.0 (api) - DEBUG - GET to endpoint: users/48933093109/info/ returned response: <Response [200]>
2021-10-15 16:26:48,134 - instabot version: 0.117.0 (api) - DEBUG - GET to endpoint: users/9036765721/info/ returned response: <Response [200]>
2021-10-15 16:26:49,188 - instabot version: 0.117.0 (api) - DEBUG - GET to endpoint: users/1769419062/info/ returned response: <Response [200]>
2021-10-15 16:26:49,873 - instabot version: 0.117.0 (api) - DEBUG - GET to endpoint: users/6592885816/info/ returned response: <Response [200]>
2021-10-15 16:26:50,441 - instabot version: 0.117.0 (api) - DEBUG - GET to endpoint: users/1470217725/info/ returned response: <Response [200]>
2021-10-15 16:26:51,058 - instabot version: 0.117.0 (api) - DEBUG - GET to endpoint: users/36393275682/info/ returned response: <Response [200]>
2021-10-15 16:26:51,914 - instabot version: 0.117.0 (api) - DEBUG - GET to endpoint: users/49631402685/info/ returned response: <Response [200]>
2021-10-15 16:26:52,395 - instabot version: 0.117.0 (api) - DEBUG - GET to endpoint: users/18245129495/info/ returned response: <Response [200]>
2021-10-15 16:26:52,944 - instabot version: 0.117.0 (api) - DEBUG - GET to endpoint: users/45063581920/info/ returned response: <Response [200]>
2021-10-15 16:26:53,441 - instabot version: 0.117.0 (api) - DEBUG - GET to endpoint: users/5575599330/info/ returned response: <Response [200]>
2021-10-15 16:26:53,991 - instabot version: 0.117.0 (api) - DEBUG - GET to endpoint: users/1766652064/info/ returned response: <Response [200]>
2021-10-15 16:26:54,498 - instabot version: 0.117.0 (api) - DEBUG - GET to endpoint: users/41070780761/info/ returned response: <Response [200]>
2021-10-15 16:26:55,026 - instabot version: 0.117.0 (api) - DEBUG - GET to endpoint: users/3307446482/info/ returned response: <Response [200]>
2021-10-15 16:26:55,482 - instabot version: 0.117.0 (api) - DEBUG - GET to endpoint: users/47557487991/info/ returned response: <Response [200]>
2021-10-15 16:26:55,973 - instabot version: 0.117.0 (api) - DEBUG - GET to endpoint: users/6119955015/info/ returned response: <Response [200]>
2021-10-15 16:26:56,476 - instabot version: 0.117.0 (api) - DEBUG - GET to endpoint: users/47915924620/info/ returned response: <Response [200]>
2021-10-15 16:26:56,857 - instabot version: 0.117.0 (api) - DEBUG - GET to endpoint: users/48367215247/info/ returned response: <Response [200]>
2021-10-15 16:26:57,501 - instabot version: 0.117.0 (api) - DEBUG - GET to endpoint: users/3066457518/info/ returned response: <Response [200]>
2021-10-15 16:26:57,912 - instabot version: 0.117.0 (api) - DEBUG - GET to endpoint: users/49149058417/info/ returned response: <Response [200]>
2021-10-15 16:26:58,372 - instabot version: 0.117.0 (api) - DEBUG - GET to endpoint: users/49652480878/info/ returned response: <Response [200]>
2021-10-15 16:26:58,892 - instabot version: 0.117.0 (api) - DEBUG - GET to endpoint: users/45309791494/info/ returned response: <Response [200]>
2021-10-15 16:26:59,487 - instabot version: 0.117.0 (api) - DEBUG - GET to endpoint: users/3592759890/info/ returned response: <Response [200]>
2021-10-15 16:26:59,880 - instabot version: 0.117.0 (api) - DEBUG - GET to endpoint: users/46765564457/info/ returned response: <Response [200]>
2021-10-15 16:27:00,448 - instabot version: 0.117.0 (api) - DEBUG - GET to endpoint: users/45805817616/info/ returned response: <Response [200]>
2021-10-15 16:27:01,043 - instabot version: 0.117.0 (api) - DEBUG - GET to endpoint: users/5469938256/info/ returned response: <Response [200]>
2021-10-15 16:27:01,714 - instabot version: 0.117.0 (api) - DEBUG - GET to endpoint: users/36532170682/info/ returned response: <Response [200]>
2021-10-15 16:27:02,225 - instabot version: 0.117.0 (api) - DEBUG - GET to endpoint: users/44714183041/info/ returned response: <Response [200]>
2021-10-15 16:27:02,723 - instabot version: 0.117.0 (api) - DEBUG - GET to endpoint: users/26735078147/info/ returned response: <Response [200]>
2021-10-15 16:27:03,337 - instabot version: 0.117.0 (api) - DEBUG - GET to endpoint: users/553496990/info/ returned response: <Response [200]>
2021-10-15 16:27:03,891 - instabot version: 0.117.0 (api) - DEBUG - GET to endpoint: users/47187479368/info/ returned response: <Response [200]>
2021-10-15 16:27:04,374 - instabot version: 0.117.0 (api) - DEBUG - GET to endpoint: users/19574527258/info/ returned response: <Response [200]>
2021-10-15 16:27:04,856 - instabot version: 0.117.0 (api) - DEBUG - GET to endpoint: users/49500022588/info/ returned response: <Response [200]>
2021-10-15 16:27:09,901 - instabot version: 0.117.0 (api) - DEBUG - GET to endpoint: feed/tag/дизайнер/?max_id=&rank_token=48835444494_81500ee0-4cf5-493e-ae1a-6a5011cbe63d&ranked_content=true& returned response: <Response [200]>
2021-10-15 16:27:10,584 - instabot version: 0.117.0 (api) - DEBUG - GET to endpoint: users/3885467975/info/ returned response: <Response [200]>
2021-10-15 16:27:11,097 - instabot version: 0.117.0 (api) - DEBUG - GET to endpoint: users/48357184427/info/ returned response: <Response [200]>
2021-10-15 16:27:11,746 - instabot version: 0.117.0 (api) - DEBUG - GET to endpoint: users/49279075/info/ returned response: <Response [200]>
2021-10-15 16:27:12,405 - instabot version: 0.117.0 (api) - DEBUG - GET to endpoint: users/5855565437/info/ returned response: <Response [200]>
2021-10-15 16:27:13,652 - instabot version: 0.117.0 (api) - DEBUG - GET to endpoint: users/48692828819/info/ returned response: <Response [200]>
2021-10-15 16:27:14,331 - instabot version: 0.117.0 (api) - DEBUG - GET to endpoint: users/1172057126/info/ returned response: <Response [200]>
2021-10-15 16:27:14,904 - instabot version: 0.117.0 (api) - DEBUG - GET to endpoint: users/8696380370/info/ returned response: <Response [200]>
2021-10-15 16:27:15,490 - instabot version: 0.117.0 (api) - DEBUG - GET to endpoint: users/2284731626/info/ returned response: <Response [200]>
2021-10-15 16:27:16,121 - instabot version: 0.117.0 (api) - DEBUG - GET to endpoint: users/6151833747/info/ returned response: <Response [200]>
2021-10-15 16:27:16,635 - instabot version: 0.117.0 (api) - DEBUG - GET to endpoint: users/39576436944/info/ returned response: <Response [200]>
2021-10-15 16:27:17,020 - instabot version: 0.117.0 (api) - DEBUG - GET to endpoint: users/3113628375/info/ returned response: <Response [200]>
2021-10-15 16:27:17,582 - instabot version: 0.117.0 (api) - DEBUG - GET to endpoint: users/1205212295/info/ returned response: <Response [200]>
2021-10-15 16:27:18,237 - instabot version: 0.117.0 (api) - DEBUG - GET to endpoint: users/49380329090/info/ returned response: <Response [200]>
2021-10-15 16:27:18,760 - instabot version: 0.117.0 (api) - DEBUG - GET to endpoint: users/46740089869/info/ returned response: <Response [200]>
2021-10-15 16:27:19,336 - instabot version: 0.117.0 (api) - DEBUG - GET to endpoint: users/856179083/info/ returned response: <Response [200]>
2021-10-15 16:27:20,100 - instabot version: 0.117.0 (api) - DEBUG - GET to endpoint: users/11428067030/info/ returned response: <Response [200]>
2021-10-15 16:27:20,597 - instabot version: 0.117.0 (api) - DEBUG - GET to endpoint: users/28171763991/info/ returned response: <Response [200]>
2021-10-15 16:27:21,333 - instabot version: 0.117.0 (api) - DEBUG - GET to endpoint: users/39256337001/info/ returned response: <Response [200]>
2021-10-15 16:27:21,837 - instabot version: 0.117.0 (api) - DEBUG - GET to endpoint: users/11706489/info/ returned response: <Response [200]>
2021-10-15 16:27:22,261 - instabot version: 0.117.0 (api) - DEBUG - GET to endpoint: users/50179664174/info/ returned response: <Response [200]>
2021-10-15 16:27:22,774 - instabot version: 0.117.0 (api) - DEBUG - GET to endpoint: users/1207370800/info/ returned response: <Response [200]>
2021-10-15 16:27:23,153 - instabot version: 0.117.0 (api) - DEBUG - GET to endpoint: users/6187148815/info/ returned response: <Response [200]>
2021-10-15 16:27:24,040 - instabot version: 0.117.0 (api) - DEBUG - GET to endpoint: users/32319406899/info/ returned response: <Response [200]>
2021-10-15 16:27:24,483 - instabot version: 0.117.0 (api) - DEBUG - GET to endpoint: users/48581594752/info/ returned response: <Response [200]>
2021-10-15 16:27:24,975 - instabot version: 0.117.0 (api) - DEBUG - GET to endpoint: users/35822175478/info/ returned response: <Response [200]>
2021-10-15 16:27:25,539 - instabot version: 0.117.0 (api) - DEBUG - GET to endpoint: users/48597852081/info/ returned response: <Response [200]>
2021-10-15 16:27:26,725 - instabot version: 0.117.0 (api) - DEBUG - GET to endpoint: users/44502101992/info/ returned response: <Response [200]>
2021-10-15 16:27:28,140 - instabot version: 0.117.0 (api) - DEBUG - GET to endpoint: users/3484349347/info/ returned response: <Response [200]>
2021-10-15 16:27:28,838 - instabot version: 0.117.0 (api) - DEBUG - GET to endpoint: users/50167618352/info/ returned response: <Response [200]>
2021-10-15 16:27:29,492 - instabot version: 0.117.0 (api) - DEBUG - GET to endpoint: users/49736225078/info/ returned response: <Response [200]>
2021-10-15 16:27:29,981 - instabot version: 0.117.0 (api) - DEBUG - GET to endpoint: users/48582402091/info/ returned response: <Response [200]>
2021-10-15 16:27:30,585 - instabot version: 0.117.0 (api) - DEBUG - GET to endpoint: users/5823786667/info/ returned response: <Response [200]>
2021-10-15 16:27:31,185 - instabot version: 0.117.0 (api) - DEBUG - GET to endpoint: users/5705326842/info/ returned response: <Response [200]>
2021-10-15 16:27:31,610 - instabot version: 0.117.0 (api) - DEBUG - GET to endpoint: users/48100482027/info/ returned response: <Response [200]>
2021-10-15 16:27:32,090 - instabot version: 0.117.0 (api) - DEBUG - GET to endpoint: users/49953191652/info/ returned response: <Response [200]>
2021-10-15 16:27:32,699 - instabot version: 0.117.0 (api) - DEBUG - GET to endpoint: users/48313967861/info/ returned response: <Response [200]>
2021-10-15 16:27:33,172 - instabot version: 0.117.0 (api) - DEBUG - GET to endpoint: users/45478543234/info/ returned response: <Response [200]>
2021-10-15 16:27:33,755 - instabot version: 0.117.0 (api) - DEBUG - GET to endpoint: users/39849878/info/ returned response: <Response [200]>
2021-10-15 16:27:34,353 - instabot version: 0.117.0 (api) - DEBUG - GET to endpoint: users/6350334685/info/ returned response: <Response [200]>
2021-10-15 16:27:35,020 - instabot version: 0.117.0 (api) - DEBUG - GET to endpoint: users/2061728197/info/ returned response: <Response [200]>
2021-10-15 16:27:35,480 - instabot version: 0.117.0 (api) - DEBUG - GET to endpoint: users/3972045266/info/ returned response: <Response [200]>
2021-10-15 16:27:35,966 - instabot version: 0.117.0 (api) - DEBUG - GET to endpoint: users/7697639755/info/ returned response: <Response [200]>
2021-10-15 16:27:36,515 - instabot version: 0.117.0 (api) - DEBUG - GET to endpoint: users/3304732665/info/ returned response: <Response [200]>
2021-10-15 16:27:37,036 - instabot version: 0.117.0 (api) - DEBUG - GET to endpoint: users/9158247298/info/ returned response: <Response [200]>
2021-10-15 16:27:37,544 - instabot version: 0.117.0 (api) - DEBUG - GET to endpoint: users/4424975691/info/ returned response: <Response [200]>
2021-10-15 16:27:38,059 - instabot version: 0.117.0 (api) - DEBUG - GET to endpoint: users/44925698046/info/ returned response: <Response [200]>
2021-10-15 16:27:38,552 - instabot version: 0.117.0 (api) - DEBUG - GET to endpoint: users/31288307457/info/ returned response: <Response [200]>
2021-10-15 16:27:39,032 - instabot version: 0.117.0 (api) - DEBUG - GET to endpoint: users/44712865018/info/ returned response: <Response [200]>
2021-10-15 16:27:39,565 - instabot version: 0.117.0 (api) - DEBUG - GET to endpoint: users/6541330344/info/ returned response: <Response [200]>
2021-10-15 16:27:39,970 - instabot version: 0.117.0 (api) - DEBUG - GET to endpoint: users/36771490327/info/ returned response: <Response [200]>
2021-10-15 16:27:40,430 - instabot version: 0.117.0 (api) - DEBUG - GET to endpoint: users/32328839737/info/ returned response: <Response [200]>
2021-10-15 16:27:40,890 - instabot version: 0.117.0 (api) - DEBUG - GET to endpoint: users/4622012922/info/ returned response: <Response [200]>
2021-10-15 16:27:41,405 - instabot version: 0.117.0 (api) - DEBUG - GET to endpoint: users/8643673574/info/ returned response: <Response [200]>
2021-10-15 16:27:42,204 - instabot version: 0.117.0 (api) - DEBUG - GET to endpoint: users/2206162929/info/ returned response: <Response [200]>
2021-10-15 16:27:42,691 - instabot version: 0.117.0 (api) - DEBUG - GET to endpoint: users/2330678384/info/ returned response: <Response [200]>
2021-10-15 16:27:43,150 - instabot version: 0.117.0 (api) - DEBUG - GET to endpoint: users/3975282802/info/ returned response: <Response [200]>
2021-10-15 16:27:43,579 - instabot version: 0.117.0 (api) - DEBUG - GET to endpoint: users/256503668/info/ returned response: <Response [200]>
2021-10-15 16:27:43,994 - instabot version: 0.117.0 (api) - DEBUG - GET to endpoint: users/13505388781/info/ returned response: <Response [200]>
2021-10-15 16:27:44,562 - instabot version: 0.117.0 (api) - DEBUG - GET to endpoint: users/48326192951/info/ returned response: <Response [200]>
2021-10-15 16:27:44,998 - instabot version: 0.117.0 (api) - DEBUG - GET to endpoint: users/4699164463/info/ returned response: <Response [200]>
2021-10-15 16:27:45,445 - instabot version: 0.117.0 (api) - DEBUG - GET to endpoint: users/45262337405/info/ returned response: <Response [200]>
2021-10-15 16:27:46,314 - instabot version: 0.117.0 (api) - DEBUG - GET to endpoint: users/13447692804/info/ returned response: <Response [200]>
2021-10-15 16:27:47,159 - instabot version: 0.117.0 (api) - DEBUG - GET to endpoint: users/325705920/info/ returned response: <Response [200]>
2021-10-15 16:27:47,746 - instabot version: 0.117.0 (api) - DEBUG - GET to endpoint: users/10397169178/info/ returned response: <Response [200]>
2021-10-15 16:27:48,328 - instabot version: 0.117.0 (api) - DEBUG - GET to endpoint: users/17396597954/info/ returned response: <Response [200]>
2021-10-15 16:27:48,927 - instabot version: 0.117.0 (api) - DEBUG - GET to endpoint: users/1671057135/info/ returned response: <Response [200]>
2021-10-15 16:27:49,511 - instabot version: 0.117.0 (api) - DEBUG - GET to endpoint: users/48415905620/info/ returned response: <Response [200]>
2021-10-15 16:27:50,165 - instabot version: 0.117.0 (api) - DEBUG - GET to endpoint: users/46604221200/info/ returned response: <Response [200]>
2021-10-15 16:27:50,911 - instabot version: 0.117.0 (api) - DEBUG - GET to endpoint: users/8925982187/info/ returned response: <Response [200]>
2021-10-15 16:27:56,836 - instabot version: 0.117.0 (api) - DEBUG - GET to endpoint: feed/tag/интерьер/?max_id=&rank_token=48835444494_81500ee0-4cf5-493e-ae1a-6a5011cbe63d&ranked_content=true& returned response: <Response [200]>
2021-10-15 16:27:57,514 - instabot version: 0.117.0 (api) - DEBUG - GET to endpoint: users/37984894829/info/ returned response: <Response [200]>
2021-10-15 16:27:58,080 - instabot version: 0.117.0 (api) - DEBUG - GET to endpoint: users/13449523717/info/ returned response: <Response [200]>
2021-10-15 16:27:58,663 - instabot version: 0.117.0 (api) - DEBUG - GET to endpoint: users/4139716213/info/ returned response: <Response [200]>
2021-10-15 16:27:59,410 - instabot version: 0.117.0 (api) - DEBUG - GET to endpoint: users/4101741736/info/ returned response: <Response [200]>
2021-10-15 16:27:59,947 - instabot version: 0.117.0 (api) - DEBUG - GET to endpoint: users/1466280389/info/ returned response: <Response [200]>
2021-10-15 16:28:00,504 - instabot version: 0.117.0 (api) - DEBUG - GET to endpoint: users/45445694377/info/ returned response: <Response [200]>
2021-10-15 16:28:00,878 - instabot version: 0.117.0 (api) - DEBUG - GET to endpoint: users/49613383324/info/ returned response: <Response [200]>
2021-10-15 16:28:01,371 - instabot version: 0.117.0 (api) - DEBUG - GET to endpoint: users/48760805593/info/ returned response: <Response [200]>
2021-10-15 16:28:01,909 - instabot version: 0.117.0 (api) - DEBUG - GET to endpoint: users/5576269963/info/ returned response: <Response [200]>
2021-10-15 16:28:03,471 - instabot version: 0.117.0 (api) - DEBUG - GET to endpoint: users/26444253359/info/ returned response: <Response [200]>
2021-10-15 16:28:05,716 - instabot version: 0.117.0 (api) - DEBUG - GET to endpoint: users/48544201411/info/ returned response: <Response [200]>
2021-10-15 16:28:06,172 - instabot version: 0.117.0 (api) - DEBUG - GET to endpoint: users/359654352/info/ returned response: <Response [200]>
2021-10-15 16:28:06,830 - instabot version: 0.117.0 (api) - DEBUG - GET to endpoint: users/16153284277/info/ returned response: <Response [200]>
2021-10-15 16:28:07,296 - instabot version: 0.117.0 (api) - DEBUG - GET to endpoint: users/5793734784/info/ returned response: <Response [200]>
2021-10-15 16:28:07,763 - instabot version: 0.117.0 (api) - DEBUG - GET to endpoint: users/4947665198/info/ returned response: <Response [200]>
2021-10-15 16:28:08,276 - instabot version: 0.117.0 (api) - DEBUG - GET to endpoint: users/11469571013/info/ returned response: <Response [200]>
2021-10-15 16:28:08,774 - instabot version: 0.117.0 (api) - DEBUG - GET to endpoint: users/487898317/info/ returned response: <Response [200]>
2021-10-15 16:28:09,337 - instabot version: 0.117.0 (api) - DEBUG - GET to endpoint: users/39960091428/info/ returned response: <Response [200]>
2021-10-15 16:28:09,926 - instabot version: 0.117.0 (api) - DEBUG - GET to endpoint: users/31154859354/info/ returned response: <Response [200]>
2021-10-15 16:28:10,790 - instabot version: 0.117.0 (api) - DEBUG - GET to endpoint: users/3311126751/info/ returned response: <Response [200]>
2021-10-15 16:28:11,328 - instabot version: 0.117.0 (api) - DEBUG - GET to endpoint: users/40192267889/info/ returned response: <Response [200]>
2021-10-15 16:28:11,816 - instabot version: 0.117.0 (api) - DEBUG - GET to endpoint: users/6984344533/info/ returned response: <Response [200]>
2021-10-15 16:28:12,196 - instabot version: 0.117.0 (api) - DEBUG - GET to endpoint: users/48919158333/info/ returned response: <Response [200]>
2021-10-15 16:28:12,539 - instabot version: 0.117.0 (api) - DEBUG - GET to endpoint: users/49661785448/info/ returned response: <Response [200]>
2021-10-15 16:28:13,165 - instabot version: 0.117.0 (api) - DEBUG - GET to endpoint: users/3854815813/info/ returned response: <Response [200]>
2021-10-15 16:28:13,635 - instabot version: 0.117.0 (api) - DEBUG - GET to endpoint: users/26042185791/info/ returned response: <Response [200]>
2021-10-15 16:28:14,161 - instabot version: 0.117.0 (api) - DEBUG - GET to endpoint: users/25076502632/info/ returned response: <Response [200]>
2021-10-15 16:28:14,701 - instabot version: 0.117.0 (api) - DEBUG - GET to endpoint: users/15920672075/info/ returned response: <Response [200]>
2021-10-15 16:28:15,490 - instabot version: 0.117.0 (api) - DEBUG - GET to endpoint: users/1240287141/info/ returned response: <Response [200]>
2021-10-15 16:28:15,880 - instabot version: 0.117.0 (api) - DEBUG - GET to endpoint: users/10646189937/info/ returned response: <Response [200]>
2021-10-15 16:28:16,246 - instabot version: 0.117.0 (api) - DEBUG - GET to endpoint: users/3744728652/info/ returned response: <Response [200]>
2021-10-15 16:28:16,721 - instabot version: 0.117.0 (api) - DEBUG - GET to endpoint: users/9521176646/info/ returned response: <Response [200]>
2021-10-15 16:28:17,285 - instabot version: 0.117.0 (api) - DEBUG - GET to endpoint: users/7037713557/info/ returned response: <Response [200]>
2021-10-15 16:28:17,873 - instabot version: 0.117.0 (api) - DEBUG - GET to endpoint: users/49158456673/info/ returned response: <Response [200]>
2021-10-15 16:28:18,394 - instabot version: 0.117.0 (api) - DEBUG - GET to endpoint: users/4146092064/info/ returned response: <Response [200]>
2021-10-15 16:28:19,060 - instabot version: 0.117.0 (api) - DEBUG - GET to endpoint: users/7906635438/info/ returned response: <Response [200]>
2021-10-15 16:28:19,545 - instabot version: 0.117.0 (api) - DEBUG - GET to endpoint: users/9431037672/info/ returned response: <Response [200]>
2021-10-15 16:28:20,018 - instabot version: 0.117.0 (api) - DEBUG - GET to endpoint: users/44573613478/info/ returned response: <Response [200]>
2021-10-15 16:28:20,534 - instabot version: 0.117.0 (api) - DEBUG - GET to endpoint: users/6437705930/info/ returned response: <Response [200]>
2021-10-15 16:28:20,994 - instabot version: 0.117.0 (api) - DEBUG - GET to endpoint: users/45767664650/info/ returned response: <Response [200]>
2021-10-15 16:28:21,396 - instabot version: 0.117.0 (api) - DEBUG - GET to endpoint: users/49923783779/info/ returned response: <Response [200]>
2021-10-15 16:28:22,155 - instabot version: 0.117.0 (api) - DEBUG - GET to endpoint: users/39575638583/info/ returned response: <Response [200]>
2021-10-15 16:28:22,711 - instabot version: 0.117.0 (api) - DEBUG - GET to endpoint: users/45523284329/info/ returned response: <Response [200]>
2021-10-15 16:28:23,279 - instabot version: 0.117.0 (api) - DEBUG - GET to endpoint: users/49808777375/info/ returned response: <Response [200]>
2021-10-15 16:28:23,789 - instabot version: 0.117.0 (api) - DEBUG - GET to endpoint: users/2897727722/info/ returned response: <Response [200]>
2021-10-15 16:28:24,348 - instabot version: 0.117.0 (api) - DEBUG - GET to endpoint: users/48857024852/info/ returned response: <Response [200]>
2021-10-15 16:28:24,976 - instabot version: 0.117.0 (api) - DEBUG - GET to endpoint: users/10358048618/info/ returned response: <Response [200]>
2021-10-15 16:42:15,141 - instabot version: 0.117.0 (bot) - INFO - Instabot version: 0.117.0 Started
2021-10-15 16:42:15,142 - instabot version: 0.117.0 (bot) - DEBUG - Bot imported from D:\searchdisaner\venv\lib\site-packages\instabot\bot\bot.py
2021-10-15 16:42:15,143 - instabot version: 0.117.0 (api_login) - DEBUG - Loading uuids
2021-10-15 16:42:15,143 - instabot version: 0.117.0 (api_login) - INFO - Recovery from D:\searchdisaner/config/todoctordoom_uuid_and_cookie.json: COOKIE False - UUIDs True - TIMING, DEVICE and ...
- user-agent=Instagram 117.0.0.28.123 Android (28/9.0; 420dpi; 1080x1920; OnePlus; ONEPLUS A3003; OnePlus3; qcom; en_US; 180322800)
- phone_id=fececc37-13fb-4ca7-b4c1-842926ac61f0
- uuid=d8c038f7-d60d-4ffc-ae20-1b8f9d340f0b
- client_session_id=74517733-9e97-4ac6-9bd3-6396afa278ed
- device_id=android-638845ae1420b535
2021-10-15 16:42:15,145 - instabot version: 0.117.0 (api_login) - INFO - Not yet logged in starting: PRE-LOGIN FLOW!
2021-10-15 16:42:15,400 - instabot version: 0.117.0 (api) - DEBUG - POST to endpoint: accounts/get_prefill_candidates/ returned response: <Response [200]>
2021-10-15 16:42:15,668 - instabot version: 0.117.0 (api) - DEBUG - POST to endpoint: qe/sync/ returned response: <Response [200]>
2021-10-15 16:42:15,935 - instabot version: 0.117.0 (api) - DEBUG - POST to endpoint: launcher/sync/ returned response: <Response [200]>
2021-10-15 16:42:16,197 - instabot version: 0.117.0 (api) - DEBUG - POST to endpoint: accounts/contact_point_prefill/ returned response: <Response [200]>
2021-10-15 16:42:19,175 - instabot version: 0.117.0 (api) - DEBUG - POST to endpoint: accounts/login/ returned response: <Response [200]>
2021-10-15 16:42:19,176 - instabot version: 0.117.0 (api) - INFO - Logged-in successfully as 'todoctordoom'!
2021-10-15 16:42:19,176 - instabot version: 0.117.0 (api_login) - INFO - LOGIN FLOW! Just logged-in: True
2021-10-15 16:42:19,456 - instabot version: 0.117.0 (api) - DEBUG - POST to endpoint: qe/sync/ returned response: <Response [200]>
2021-10-15 16:42:19,755 - instabot version: 0.117.0 (api) - DEBUG - POST to endpoint: launcher/sync/ returned response: <Response [200]>
2021-10-15 16:42:20,024 - instabot version: 0.117.0 (api) - DEBUG - GET to endpoint: zr/token/result/?device_id=android-638845ae1420b535&token_hash=&custom_device_id=android-638845ae1420b535&fetch_reason=token_expired returned response: <Response [200]>
2021-10-15 16:42:20,294 - instabot version: 0.117.0 (api) - DEBUG - GET to endpoint: multiple_accounts/get_account_family/ returned response: <Response [200]>
2021-10-15 16:42:20,579 - instabot version: 0.117.0 (api) - DEBUG - POST to endpoint: qe/sync/ returned response: <Response [200]>
2021-10-15 16:42:21,240 - instabot version: 0.117.0 (api) - DEBUG - GET to endpoint: igtv/browse_feed/?prefetch=1 returned response: <Response [200]>
2021-10-15 16:42:21,531 - instabot version: 0.117.0 (api) - DEBUG - POST to endpoint: creatives/ar_class/ returned response: <Response [200]>
2021-10-15 16:42:22,097 - instabot version: 0.117.0 (api) - DEBUG - POST to endpoint: feed/reels_tray/ returned response: <Response [200]>
2021-10-15 16:42:23,930 - instabot version: 0.117.0 (api) - DEBUG - POST to endpoint: feed/timeline/ returned response: <Response [200]>
2021-10-15 16:42:24,205 - instabot version: 0.117.0 (api) - DEBUG - GET to endpoint: media/blocked/ returned response: <Response [200]>
2021-10-15 16:42:25,285 - instabot version: 0.117.0 (api) - DEBUG - GET to endpoint: news/inbox/ returned response: <Response [200]>
2021-10-15 16:42:25,559 - instabot version: 0.117.0 (api) - DEBUG - GET to endpoint: loom/fetch_config/ returned response: <Response [200]>
2021-10-15 16:42:26,337 - instabot version: 0.117.0 (api) - DEBUG - GET to endpoint: scores/bootstrap/users/?surfaces=["autocomplete_user_list","coefficient_besties_list_ranking","coefficient_rank_recipient_user_suggestion","coefficient_ios_section_test_bootstrap_ranking","coefficient_direct_recipients_ranking_variant_2"] returned response: <Response [200]>
2021-10-15 16:42:26,611 - instabot version: 0.117.0 (api) - DEBUG - GET to endpoint: business/eligibility/get_monetization_products_eligibility_data/?product_types=branded_content returned response: <Response [200]>
2021-10-15 16:42:26,903 - instabot version: 0.117.0 (api) - DEBUG - GET to endpoint: business/branded_content/should_require_professional_account/ returned response: <Response [200]>
2021-10-15 16:42:27,837 - instabot version: 0.117.0 (api) - DEBUG - GET to endpoint: linked_accounts/get_linkage_status/ returned response: <Response [200]>
2021-10-15 16:42:28,115 - instabot version: 0.117.0 (api) - DEBUG - GET to endpoint: locations/request_country/ returned response: <Response [200]>
2021-10-15 16:42:28,410 - instabot version: 0.117.0 (api) - DEBUG - GET to endpoint: qp/get_cooldowns/?signed_body=signed_body=4b9c516a5410a3bc128e09c6104a7f042146b9c2023870560c63a43a7f66781c.4&ig_sig_key_version=4&ig_sig_key_version=4 returned response: <Response [200]>
2021-10-15 16:42:28,703 - instabot version: 0.117.0 (api) - DEBUG - GET to endpoint: users/arlink_download_info/?version_override=2.2.1 returned response: <Response [200]>
2021-10-15 16:42:29,620 - instabot version: 0.117.0 (api) - DEBUG - GET to endpoint: users/46258652727/info/ returned response: <Response [200]>
2021-10-15 16:42:30,042 - instabot version: 0.117.0 (api) - DEBUG - GET to endpoint: direct_v2/get_presence/ returned response: <Response [200]>
2021-10-15 16:42:30,496 - instabot version: 0.117.0 (api) - DEBUG - GET to endpoint: direct_v2/inbox/?visual_message_return_type=unseen&thread_message_limit=10&persistentBadging=true&limit=20 returned response: <Response [200]>
2021-10-15 16:42:30,920 - instabot version: 0.117.0 (api) - DEBUG - GET to endpoint: direct_v2/inbox/?visual_message_return_type=unseen&persistentBadging=true&limit=0 returned response: <Response [200]>
2021-10-15 16:42:31,344 - instabot version: 0.117.0 (api) - DEBUG - GET to endpoint: discover/topical_explore/?is_prefetch=true&omit_cover_media=true&use_sectional_payload=true&timezone_offset=0&session_id=74517733-9e97-4ac6-9bd3-6396afa278ed&include_fixed_destinations=true returned response: <Response [200]>
2021-10-15 16:42:31,779 - instabot version: 0.117.0 (api) - DEBUG - POST to endpoint: notifications/badge/ returned response: <Response [200]>
2021-10-15 16:42:32,290 - instabot version: 0.117.0 (api) - DEBUG - POST to endpoint: qp/batch_fetch/ returned response: <Response [200]>
2021-10-15 16:42:32,291 - instabot version: 0.117.0 (bot_checkpoint) - DEBUG - Loading Checkpoint file from: D:\searchdisaner/config/todoctordoom.checkpoint
2021-10-15 16:42:38,474 - instabot version: 0.117.0 (api) - DEBUG - GET to endpoint: feed/tag/дизайн/?max_id=&rank_token=46258652727_d8c038f7-d60d-4ffc-ae20-1b8f9d340f0b&ranked_content=true& returned response: <Response [200]>
2021-10-15 16:42:39,169 - instabot version: 0.117.0 (api) - DEBUG - GET to endpoint: users/48892155715/info/ returned response: <Response [200]>
2021-10-15 16:42:39,631 - instabot version: 0.117.0 (api) - DEBUG - GET to endpoint: users/6346971915/info/ returned response: <Response [200]>
2021-10-15 16:42:40,163 - instabot version: 0.117.0 (api) - DEBUG - GET to endpoint: users/49172078641/info/ returned response: <Response [200]>
2021-10-15 16:42:40,633 - instabot version: 0.117.0 (api) - DEBUG - GET to endpoint: users/44223661716/info/ returned response: <Response [200]>
2021-10-15 16:42:41,084 - instabot version: 0.117.0 (api) - DEBUG - GET to endpoint: users/48389763328/info/ returned response: <Response [200]>
2021-10-15 16:42:41,711 - instabot version: 0.117.0 (api) - DEBUG - GET to endpoint: users/11164966300/info/ returned response: <Response [200]>
2021-10-15 16:42:42,275 - instabot version: 0.117.0 (api) - DEBUG - GET to endpoint: users/175291475/info/ returned response: <Response [200]>
2021-10-15 16:42:42,866 - instabot version: 0.117.0 (api) - DEBUG - GET to endpoint: users/46084852126/info/ returned response: <Response [200]>
2021-10-15 16:42:43,432 - instabot version: 0.117.0 (api) - DEBUG - GET to endpoint: users/2080915157/info/ returned response: <Response [200]>
2021-10-15 16:42:44,262 - instabot version: 0.117.0 (api) - DEBUG - GET to endpoint: users/5884983608/info/ returned response: <Response [200]>
2021-10-15 16:42:44,782 - instabot version: 0.117.0 (api) - DEBUG - GET to endpoint: users/1736294918/info/ returned response: <Response [200]>
2021-10-15 16:42:45,301 - instabot version: 0.117.0 (api) - DEBUG - GET to endpoint: users/5895502753/info/ returned response: <Response [200]>
2021-10-15 16:42:48,513 - instabot version: 0.117.0 (api) - DEBUG - GET to endpoint: users/3130334372/info/ returned response: <Response [200]>
2021-10-15 16:42:49,163 - instabot version: 0.117.0 (api) - DEBUG - GET to endpoint: users/7722838757/info/ returned response: <Response [200]>
2021-10-15 16:42:49,551 - instabot version: 0.117.0 (api) - DEBUG - GET to endpoint: users/49601643145/info/ returned response: <Response [200]>
2021-10-15 16:42:50,072 - instabot version: 0.117.0 (api) - DEBUG - GET to endpoint: users/33377834399/info/ returned response: <Response [200]>
2021-10-15 16:42:50,638 - instabot version: 0.117.0 (api) - DEBUG - GET to endpoint: users/31756727532/info/ returned response: <Response [200]>
2021-10-15 16:42:51,581 - instabot version: 0.117.0 (api) - DEBUG - GET to endpoint: users/43607577234/info/ returned response: <Response [200]>
2021-10-15 16:42:52,006 - instabot version: 0.117.0 (api) - DEBUG - GET to endpoint: users/20443682701/info/ returned response: <Response [200]>
2021-10-15 16:42:52,517 - instabot version: 0.117.0 (api) - DEBUG - GET to endpoint: users/11158642281/info/ returned response: <Response [200]>
2021-10-15 16:42:53,175 - instabot version: 0.117.0 (api) - DEBUG - GET to endpoint: users/5867261903/info/ returned response: <Response [200]>
2021-10-15 16:42:53,687 - instabot version: 0.117.0 (api) - DEBUG - GET to endpoint: users/10397584073/info/ returned response: <Response [200]>
2021-10-15 16:42:54,324 - instabot version: 0.117.0 (api) - DEBUG - GET to endpoint: users/5469300156/info/ returned response: <Response [200]>
2021-10-15 16:42:55,058 - instabot version: 0.117.0 (api) - DEBUG - GET to endpoint: users/3066877954/info/ returned response: <Response [200]>
2021-10-15 16:42:55,643 - instabot version: 0.117.0 (api) - DEBUG - GET to endpoint: users/47637546087/info/ returned response: <Response [200]>
2021-10-15 16:42:56,307 - instabot version: 0.117.0 (api) - DEBUG - GET to endpoint: users/11224308624/info/ returned response: <Response [200]>
2021-10-15 16:42:56,890 - instabot version: 0.117.0 (api) - DEBUG - GET to endpoint: users/4061281874/info/ returned response: <Response [200]>
2021-10-15 16:42:57,457 - instabot version: 0.117.0 (api) - DEBUG - GET to endpoint: users/2894929743/info/ returned response: <Response [200]>
2021-10-15 16:42:58,175 - instabot version: 0.117.0 (api) - DEBUG - GET to endpoint: users/43588701423/info/ returned response: <Response [200]>
2021-10-15 16:42:58,661 - instabot version: 0.117.0 (api) - DEBUG - GET to endpoint: users/48850658446/info/ returned response: <Response [200]>
2021-10-15 16:42:59,195 - instabot version: 0.117.0 (api) - DEBUG - GET to endpoint: users/9147909122/info/ returned response: <Response [200]>
2021-10-15 16:42:59,571 - instabot version: 0.117.0 (api) - DEBUG - GET to endpoint: users/48261323683/info/ returned response: <Response [200]>
2021-10-15 16:43:00,027 - instabot version: 0.117.0 (api) - DEBUG - GET to endpoint: users/49955319233/info/ returned response: <Response [200]>
2021-10-15 16:43:00,579 - instabot version: 0.117.0 (api) - DEBUG - GET to endpoint: users/12112024721/info/ returned response: <Response [200]>
2021-10-15 16:43:00,963 - instabot version: 0.117.0 (api) - DEBUG - GET to endpoint: users/47884017326/info/ returned response: <Response [200]>
2021-10-15 16:43:01,611 - instabot version: 0.117.0 (api) - DEBUG - GET to endpoint: users/16812108474/info/ returned response: <Response [200]>
2021-10-15 16:43:02,124 - instabot version: 0.117.0 (api) - DEBUG - GET to endpoint: users/6305507590/info/ returned response: <Response [200]>
2021-10-15 16:43:02,742 - instabot version: 0.117.0 (api) - DEBUG - GET to endpoint: users/3464259031/info/ returned response: <Response [200]>
2021-10-15 16:43:03,343 - instabot version: 0.117.0 (api) - DEBUG - GET to endpoint: users/2010843642/info/ returned response: <Response [200]>
2021-10-15 16:43:03,941 - instabot version: 0.117.0 (api) - DEBUG - GET to endpoint: users/49279075/info/ returned response: <Response [200]>
2021-10-15 16:43:04,857 - instabot version: 0.117.0 (api) - DEBUG - GET to endpoint: users/1964001992/info/ returned response: <Response [200]>
2021-10-15 16:43:05,388 - instabot version: 0.117.0 (api) - DEBUG - GET to endpoint: users/1457730131/info/ returned response: <Response [200]>
2021-10-15 16:43:05,905 - instabot version: 0.117.0 (api) - DEBUG - GET to endpoint: users/4649535539/info/ returned response: <Response [200]>
2021-10-15 16:43:06,773 - instabot version: 0.117.0 (api) - DEBUG - GET to endpoint: users/31735623152/info/ returned response: <Response [200]>
2021-10-15 16:43:07,308 - instabot version: 0.117.0 (api) - DEBUG - GET to endpoint: users/7056321985/info/ returned response: <Response [200]>
2021-10-15 16:43:07,872 - instabot version: 0.117.0 (api) - DEBUG - GET to endpoint: users/3297752216/info/ returned response: <Response [200]>
2021-10-15 16:43:08,432 - instabot version: 0.117.0 (api) - DEBUG - GET to endpoint: users/30240103935/info/ returned response: <Response [200]>
2021-10-15 16:43:08,885 - instabot version: 0.117.0 (api) - DEBUG - GET to endpoint: users/6232864619/info/ returned response: <Response [200]>
2021-10-15 16:43:09,451 - instabot version: 0.117.0 (api) - DEBUG - GET to endpoint: users/355575191/info/ returned response: <Response [200]>
2021-10-15 16:43:10,097 - instabot version: 0.117.0 (api) - DEBUG - GET to endpoint: users/177807656/info/ returned response: <Response [200]>
2021-10-15 16:43:15,675 - instabot version: 0.117.0 (api) - DEBUG - GET to endpoint: feed/tag/дизайнер/?max_id=&rank_token=46258652727_d8c038f7-d60d-4ffc-ae20-1b8f9d340f0b&ranked_content=true& returned response: <Response [200]>
2021-10-15 16:43:16,352 - instabot version: 0.117.0 (api) - DEBUG - GET to endpoint: users/451972012/info/ returned response: <Response [200]>
2021-10-15 16:43:17,247 - instabot version: 0.117.0 (api) - DEBUG - GET to endpoint: users/47438172061/info/ returned response: <Response [200]>
2021-10-15 16:43:17,834 - instabot version: 0.117.0 (api) - DEBUG - GET to endpoint: users/11193180236/info/ returned response: <Response [200]>
2021-10-15 16:43:18,411 - instabot version: 0.117.0 (api) - DEBUG - GET to endpoint: users/1551064901/info/ returned response: <Response [200]>
2021-10-15 16:43:18,954 - instabot version: 0.117.0 (api) - DEBUG - GET to endpoint: users/48199557590/info/ returned response: <Response [200]>
2021-10-15 16:43:19,480 - instabot version: 0.117.0 (api) - DEBUG - GET to endpoint: users/44467573721/info/ returned response: <Response [200]>
2021-10-15 16:43:20,042 - instabot version: 0.117.0 (api) - DEBUG - GET to endpoint: users/11161893811/info/ returned response: <Response [200]>
2021-10-15 16:43:20,770 - instabot version: 0.117.0 (api) - DEBUG - GET to endpoint: users/9391837048/info/ returned response: <Response [200]>
2021-10-15 16:43:21,428 - instabot version: 0.117.0 (api) - DEBUG - GET to endpoint: users/21683904409/info/ returned response: <Response [200]>
2021-10-15 16:43:22,026 - instabot version: 0.117.0 (api) - DEBUG - GET to endpoint: users/17661103854/info/ returned response: <Response [200]>
2021-10-15 16:43:22,575 - instabot version: 0.117.0 (api) - DEBUG - GET to endpoint: users/7657850991/info/ returned response: <Response [200]>
2021-10-15 16:43:23,080 - instabot version: 0.117.0 (api) - DEBUG - GET to endpoint: users/26276561869/info/ returned response: <Response [200]>
2021-10-15 16:43:23,583 - instabot version: 0.117.0 (api) - DEBUG - GET to endpoint: users/22714747250/info/ returned response: <Response [200]>
2021-10-15 16:43:24,153 - instabot version: 0.117.0 (api) - DEBUG - GET to endpoint: users/13113535531/info/ returned response: <Response [200]>
2021-10-15 16:43:24,730 - instabot version: 0.117.0 (api) - DEBUG - GET to endpoint: users/10689996182/info/ returned response: <Response [200]>
2021-10-15 16:43:25,126 - instabot version: 0.117.0 (api) - DEBUG - GET to endpoint: users/8791866946/info/ returned response: <Response [200]>
2021-10-15 16:43:25,586 - instabot version: 0.117.0 (api) - DEBUG - GET to endpoint: users/145670079/info/ returned response: <Response [200]>
2021-10-15 16:43:26,073 - instabot version: 0.117.0 (api) - DEBUG - GET to endpoint: users/45563158647/info/ returned response: <Response [200]>
2021-10-15 16:43:26,509 - instabot version: 0.117.0 (api) - DEBUG - GET to endpoint: users/38686487765/info/ returned response: <Response [200]>
2021-10-15 16:43:27,135 - instabot version: 0.117.0 (api) - DEBUG - GET to endpoint: users/3777390204/info/ returned response: <Response [200]>
2021-10-15 16:43:27,600 - instabot version: 0.117.0 (api) - DEBUG - GET to endpoint: users/8450145037/info/ returned response: <Response [200]>
2021-10-15 16:43:28,342 - instabot version: 0.117.0 (api) - DEBUG - GET to endpoint: users/3885467975/info/ returned response: <Response [200]>
2021-10-15 16:43:29,233 - instabot version: 0.117.0 (api) - DEBUG - GET to endpoint: users/48357184427/info/ returned response: <Response [200]>
2021-10-15 16:43:29,768 - instabot version: 0.117.0 (api) - DEBUG - GET to endpoint: users/6119955015/info/ returned response: <Response [200]>
2021-10-15 16:43:30,279 - instabot version: 0.117.0 (api) - DEBUG - GET to endpoint: users/5855565437/info/ returned response: <Response [200]>
2021-10-15 16:43:30,779 - instabot version: 0.117.0 (api) - DEBUG - GET to endpoint: users/48692828819/info/ returned response: <Response [200]>
2021-10-15 16:43:31,415 - instabot version: 0.117.0 (api) - DEBUG - GET to endpoint: users/1172057126/info/ returned response: <Response [200]>
2021-10-15 16:43:31,951 - instabot version: 0.117.0 (api) - DEBUG - GET to endpoint: users/8696380370/info/ returned response: <Response [200]>
2021-10-15 16:43:32,479 - instabot version: 0.117.0 (api) - DEBUG - GET to endpoint: users/2284731626/info/ returned response: <Response [200]>
2021-10-15 16:43:33,102 - instabot version: 0.117.0 (api) - DEBUG - GET to endpoint: users/6151833747/info/ returned response: <Response [200]>
2021-10-15 16:43:33,536 - instabot version: 0.117.0 (api) - DEBUG - GET to endpoint: users/39576436944/info/ returned response: <Response [200]>
2021-10-15 16:43:33,965 - instabot version: 0.117.0 (api) - DEBUG - GET to endpoint: users/3113628375/info/ returned response: <Response [200]>
2021-10-15 16:43:34,595 - instabot version: 0.117.0 (api) - DEBUG - GET to endpoint: users/1205212295/info/ returned response: <Response [200]>
2021-10-15 16:43:35,203 - instabot version: 0.117.0 (api) - DEBUG - GET to endpoint: users/49380329090/info/ returned response: <Response [200]>
2021-10-15 16:43:35,715 - instabot version: 0.117.0 (api) - DEBUG - GET to endpoint: users/46740089869/info/ returned response: <Response [200]>
2021-10-15 16:43:36,357 - instabot version: 0.117.0 (api) - DEBUG - GET to endpoint: users/553496990/info/ returned response: <Response [200]>
2021-10-15 16:43:36,906 - instabot version: 0.117.0 (api) - DEBUG - GET to endpoint: users/856179083/info/ returned response: <Response [200]>
2021-10-15 16:43:37,543 - instabot version: 0.117.0 (api) - DEBUG - GET to endpoint: users/11428067030/info/ returned response: <Response [200]>
2021-10-15 16:43:38,102 - instabot version: 0.117.0 (api) - DEBUG - GET to endpoint: users/28171763991/info/ returned response: <Response [200]>
2021-10-15 16:43:38,770 - instabot version: 0.117.0 (api) - DEBUG - GET to endpoint: users/39256337001/info/ returned response: <Response [200]>
2021-10-15 16:43:39,338 - instabot version: 0.117.0 (api) - DEBUG - GET to endpoint: users/11706489/info/ returned response: <Response [200]>
2021-10-15 16:43:39,665 - instabot version: 0.117.0 (api) - DEBUG - GET to endpoint: users/50179664174/info/ returned response: <Response [200]>
2021-10-15 16:43:40,169 - instabot version: 0.117.0 (api) - DEBUG - GET to endpoint: users/1207370800/info/ returned response: <Response [200]>
2021-10-15 16:43:40,569 - instabot version: 0.117.0 (api) - DEBUG - GET to endpoint: users/6187148815/info/ returned response: <Response [200]>
2021-10-15 16:43:41,318 - instabot version: 0.117.0 (api) - DEBUG - GET to endpoint: users/32319406899/info/ returned response: <Response [200]>
2021-10-15 16:43:41,978 - instabot version: 0.117.0 (api) - DEBUG - GET to endpoint: users/48581594752/info/ returned response: <Response [200]>
2021-10-15 16:43:42,524 - instabot version: 0.117.0 (api) - DEBUG - GET to endpoint: users/35822175478/info/ returned response: <Response [200]>
2021-10-15 16:43:43,090 - instabot version: 0.117.0 (api) - DEBUG - GET to endpoint: users/48597852081/info/ returned response: <Response [200]>
2021-10-15 16:43:43,742 - instabot version: 0.117.0 (api) - DEBUG - GET to endpoint: users/44502101992/info/ returned response: <Response [200]>
2021-10-15 16:43:44,256 - instabot version: 0.117.0 (api) - DEBUG - GET to endpoint: users/3484349347/info/ returned response: <Response [200]>
2021-10-15 16:43:44,809 - instabot version: 0.117.0 (api) - DEBUG - GET to endpoint: users/50167618352/info/ returned response: <Response [200]>
2021-10-15 16:43:45,199 - instabot version: 0.117.0 (api) - DEBUG - GET to endpoint: users/49736225078/info/ returned response: <Response [200]>
2021-10-15 16:43:45,680 - instabot version: 0.117.0 (api) - DEBUG - GET to endpoint: users/48582402091/info/ returned response: <Response [200]>
2021-10-15 16:43:46,219 - instabot version: 0.117.0 (api) - DEBUG - GET to endpoint: users/5823786667/info/ returned response: <Response [200]>
2021-10-15 16:43:46,860 - instabot version: 0.117.0 (api) - DEBUG - GET to endpoint: users/5705326842/info/ returned response: <Response [200]>
2021-10-15 16:43:47,214 - instabot version: 0.117.0 (api) - DEBUG - GET to endpoint: users/48100482027/info/ returned response: <Response [200]>
2021-10-15 16:43:47,753 - instabot version: 0.117.0 (api) - DEBUG - GET to endpoint: users/49953191652/info/ returned response: <Response [200]>
2021-10-15 16:43:48,238 - instabot version: 0.117.0 (api) - DEBUG - GET to endpoint: users/7697639755/info/ returned response: <Response [200]>
2021-10-15 16:43:48,762 - instabot version: 0.117.0 (api) - DEBUG - GET to endpoint: users/4424975691/info/ returned response: <Response [200]>
2021-10-15 16:43:49,233 - instabot version: 0.117.0 (api) - DEBUG - GET to endpoint: users/4699164463/info/ returned response: <Response [200]>
2021-10-15 16:43:50,218 - instabot version: 0.117.0 (api) - DEBUG - GET to endpoint: users/13447692804/info/ returned response: <Response [200]>
2021-10-15 16:43:50,857 - instabot version: 0.117.0 (api) - DEBUG - GET to endpoint: users/325705920/info/ returned response: <Response [200]>
2021-10-15 16:43:51,406 - instabot version: 0.117.0 (api) - DEBUG - GET to endpoint: users/19150541715/info/ returned response: <Response [200]>
2021-10-15 16:43:51,987 - instabot version: 0.117.0 (api) - DEBUG - GET to endpoint: users/10397169178/info/ returned response: <Response [200]>
2021-10-15 16:43:52,843 - instabot version: 0.117.0 (api) - DEBUG - GET to endpoint: users/1651229618/info/ returned response: <Response [200]>
2021-10-15 16:43:53,618 - instabot version: 0.117.0 (api) - DEBUG - GET to endpoint: users/1671057135/info/ returned response: <Response [200]>
2021-10-15 16:43:54,359 - instabot version: 0.117.0 (api) - DEBUG - GET to endpoint: users/48415905620/info/ returned response: <Response [200]>
2021-10-15 16:43:54,801 - instabot version: 0.117.0 (api) - DEBUG - GET to endpoint: users/46604221200/info/ returned response: <Response [200]>
2021-10-15 16:44:00,462 - instabot version: 0.117.0 (api) - DEBUG - GET to endpoint: feed/tag/интерьер/?max_id=&rank_token=46258652727_d8c038f7-d60d-4ffc-ae20-1b8f9d340f0b&ranked_content=true& returned response: <Response [200]>
2021-10-15 16:44:01,081 - instabot version: 0.117.0 (api) - DEBUG - GET to endpoint: users/1669586405/info/ returned response: <Response [200]>
2021-10-15 16:44:01,695 - instabot version: 0.117.0 (api) - DEBUG - GET to endpoint: users/24903634718/info/ returned response: <Response [200]>
2021-10-15 16:44:02,243 - instabot version: 0.117.0 (api) - DEBUG - GET to endpoint: users/5544904668/info/ returned response: <Response [200]>
2021-10-15 16:44:02,584 - instabot version: 0.117.0 (api) - DEBUG - GET to endpoint: users/49662841867/info/ returned response: <Response [200]>
2021-10-15 16:44:03,061 - instabot version: 0.117.0 (api) - DEBUG - GET to endpoint: users/8602389024/info/ returned response: <Response [200]>
2021-10-15 16:44:03,676 - instabot version: 0.117.0 (api) - DEBUG - GET to endpoint: users/14080818263/info/ returned response: <Response [200]>
2021-10-15 16:44:04,266 - instabot version: 0.117.0 (api) - DEBUG - GET to endpoint: users/27122499281/info/ returned response: <Response [200]>
2021-10-15 16:44:04,806 - instabot version: 0.117.0 (api) - DEBUG - GET to endpoint: users/2313563745/info/ returned response: <Response [200]>
2021-10-15 16:44:05,440 - instabot version: 0.117.0 (api) - DEBUG - GET to endpoint: users/44594060006/info/ returned response: <Response [200]>
2021-10-15 16:44:06,000 - instabot version: 0.117.0 (api) - DEBUG - GET to endpoint: users/49787412235/info/ returned response: <Response [200]>
2021-10-15 16:44:06,394 - instabot version: 0.117.0 (api) - DEBUG - GET to endpoint: users/48438422683/info/ returned response: <Response [200]>
2021-10-15 16:44:07,079 - instabot version: 0.117.0 (api) - DEBUG - GET to endpoint: users/6993374590/info/ returned response: <Response [200]>
2021-10-15 16:44:07,485 - instabot version: 0.117.0 (api) - DEBUG - GET to endpoint: users/49981365166/info/ returned response: <Response [200]>
2021-10-15 16:44:08,050 - instabot version: 0.117.0 (api) - DEBUG - GET to endpoint: users/8526593616/info/ returned response: <Response [200]>
2021-10-15 16:44:08,576 - instabot version: 0.117.0 (api) - DEBUG - GET to endpoint: users/3015845919/info/ returned response: <Response [200]>
2021-10-15 16:44:09,459 - instabot version: 0.117.0 (api) - DEBUG - GET to endpoint: users/48729320580/info/ returned response: <Response [200]>
2021-10-15 16:44:10,117 - instabot version: 0.117.0 (api) - DEBUG - GET to endpoint: users/49158456673/info/ returned response: <Response [200]>
2021-10-15 16:44:10,677 - instabot version: 0.117.0 (api) - DEBUG - GET to endpoint: users/45324563416/info/ returned response: <Response [200]>
2021-10-15 16:44:11,208 - instabot version: 0.117.0 (api) - DEBUG - GET to endpoint: users/30890841322/info/ returned response: <Response [200]>
2021-10-15 16:44:11,565 - instabot version: 0.117.0 (api) - DEBUG - GET to endpoint: users/43945357113/info/ returned response: <Response [200]>
2021-10-15 16:44:12,408 - instabot version: 0.117.0 (api) - DEBUG - GET to endpoint: users/47454959167/info/ returned response: <Response [200]>
2021-10-15 16:44:12,782 - instabot version: 0.117.0 (api) - DEBUG - GET to endpoint: users/38237316804/info/ returned response: <Response [200]>
2021-10-15 16:44:13,406 - instabot version: 0.117.0 (api) - DEBUG - GET to endpoint: users/44279505986/info/ returned response: <Response [200]>
2021-10-15 16:44:13,982 - instabot version: 0.117.0 (api) - DEBUG - GET to endpoint: users/4690705166/info/ returned response: <Response [200]>
2021-10-15 16:44:14,370 - instabot version: 0.117.0 (api) - DEBUG - GET to endpoint: users/48178805681/info/ returned response: <Response [200]>
2021-10-15 16:44:14,855 - instabot version: 0.117.0 (api) - DEBUG - GET to endpoint: users/5331456759/info/ returned response: <Response [200]>
2021-10-15 16:44:15,603 - instabot version: 0.117.0 (api) - DEBUG - GET to endpoint: users/7525888868/info/ returned response: <Response [200]>
2021-10-15 16:44:16,066 - instabot version: 0.117.0 (api) - DEBUG - GET to endpoint: users/26444253359/info/ returned response: <Response [200]>
2021-10-15 16:44:17,009 - instabot version: 0.117.0 (api) - DEBUG - GET to endpoint: users/7945175131/info/ returned response: <Response [200]>
2021-10-15 16:44:17,483 - instabot version: 0.117.0 (api) - DEBUG - GET to endpoint: users/6062601005/info/ returned response: <Response [200]>
2021-10-15 16:44:18,206 - instabot version: 0.117.0 (api) - DEBUG - GET to endpoint: users/47546381144/info/ returned response: <Response [200]>
2021-10-15 16:53:03,421 - instabot version: 0.117.0 (bot_checkpoint) - DEBUG - Saving Checkpoint file to: D:\searchdisaner/config/todoctordoom.checkpoint
2021-10-15 16:53:03,422 - instabot version: 0.117.0 (bot) - INFO - Total requests: 3292
2021-10-15 16:53:03,422 - instabot version: 0.117.0 (bot_checkpoint) - DEBUG - Saving Checkpoint file to: D:\searchdisaner/config/instbober.checkpoint
2021-10-15 16:53:03,423 - instabot version: 0.117.0 (bot) - INFO - Total requests: 4303
2021-10-15 16:53:03,423 - instabot version: 0.117.0 (bot_checkpoint) - DEBUG - Saving Checkpoint file to: D:\searchdisaner/config/todoctordoom.checkpoint
2021-10-15 16:53:03,423 - instabot version: 0.117.0 (bot) - INFO - Total requests: 3327
2021-10-15 16:53:03,424 - instabot version: 0.117.0 (bot_checkpoint) - DEBUG - Saving Checkpoint file to: D:\searchdisaner/config/instbober.checkpoint
2021-10-15 16:53:03,424 - instabot version: 0.117.0 (bot) - INFO - Total requests: 4294
