2021-08-16 13:38:20,058 - instabot version: 0.117.0 (bot) - INFO - Instabot version: 0.117.0 Started
2021-08-16 13:38:20,059 - instabot version: 0.117.0 (bot) - DEBUG - Bot imported from D:\searchdisaner\venv\lib\site-packages\instabot\bot\bot.py
2021-08-16 13:38:20,059 - instabot version: 0.117.0 (api_login) - DEBUG - Loading uuids
2021-08-16 13:38:20,059 - instabot version: 0.117.0 (api_login) - INFO - Recovery from D:\searchdisaner/config/todoctordoom_uuid_and_cookie.json: COOKIE False - UUIDs True - TIMING, DEVICE and ...
- user-agent=Instagram 117.0.0.28.123 Android (28/9.0; 420dpi; 1080x1920; OnePlus; ONEPLUS A3003; OnePlus3; qcom; en_US; 180322800)
- phone_id=fececc37-13fb-4ca7-b4c1-842926ac61f0
- uuid=d8c038f7-d60d-4ffc-ae20-1b8f9d340f0b
- client_session_id=74517733-9e97-4ac6-9bd3-6396afa278ed
- device_id=android-638845ae1420b535
2021-08-16 13:38:20,060 - instabot version: 0.117.0 (api_login) - INFO - Not yet logged in starting: PRE-LOGIN FLOW!
2021-08-16 13:38:20,430 - instabot version: 0.117.0 (api) - DEBUG - POST to endpoint: accounts/get_prefill_candidates/ returned response: <Response [200]>
2021-08-16 13:38:20,829 - instabot version: 0.117.0 (api) - DEBUG - POST to endpoint: qe/sync/ returned response: <Response [200]>
2021-08-16 13:38:21,172 - instabot version: 0.117.0 (api) - DEBUG - POST to endpoint: launcher/sync/ returned response: <Response [200]>
2021-08-16 13:38:21,525 - instabot version: 0.117.0 (api) - DEBUG - POST to endpoint: accounts/contact_point_prefill/ returned response: <Response [200]>
2021-08-16 13:38:23,271 - instabot version: 0.117.0 (api) - DEBUG - POST to endpoint: accounts/login/ returned response: <Response [200]>
2021-08-16 13:38:23,271 - instabot version: 0.117.0 (api) - INFO - Logged-in successfully as 'todoctordoom'!
2021-08-16 13:38:23,272 - instabot version: 0.117.0 (api_login) - INFO - LOGIN FLOW! Just logged-in: True
2021-08-16 13:38:23,643 - instabot version: 0.117.0 (api) - DEBUG - POST to endpoint: qe/sync/ returned response: <Response [200]>
2021-08-16 13:38:24,012 - instabot version: 0.117.0 (api) - DEBUG - POST to endpoint: launcher/sync/ returned response: <Response [200]>
2021-08-16 13:38:24,357 - instabot version: 0.117.0 (api) - DEBUG - GET to endpoint: zr/token/result/?device_id=android-638845ae1420b535&token_hash=&custom_device_id=android-638845ae1420b535&fetch_reason=token_expired returned response: <Response [200]>
2021-08-16 13:38:24,726 - instabot version: 0.117.0 (api) - DEBUG - GET to endpoint: multiple_accounts/get_account_family/ returned response: <Response [200]>
2021-08-16 13:38:25,070 - instabot version: 0.117.0 (api) - DEBUG - POST to endpoint: qe/sync/ returned response: <Response [200]>
2021-08-16 13:38:25,614 - instabot version: 0.117.0 (api) - DEBUG - GET to endpoint: igtv/browse_feed/?prefetch=1 returned response: <Response [200]>
2021-08-16 13:38:25,953 - instabot version: 0.117.0 (api) - DEBUG - POST to endpoint: creatives/ar_class/ returned response: <Response [200]>
2021-08-16 13:38:26,467 - instabot version: 0.117.0 (api) - DEBUG - POST to endpoint: feed/reels_tray/ returned response: <Response [200]>
2021-08-16 13:38:27,653 - instabot version: 0.117.0 (api) - DEBUG - POST to endpoint: feed/timeline/ returned response: <Response [200]>
2021-08-16 13:38:28,025 - instabot version: 0.117.0 (api) - DEBUG - GET to endpoint: media/blocked/ returned response: <Response [200]>
2021-08-16 13:38:28,892 - instabot version: 0.117.0 (api) - DEBUG - GET to endpoint: news/inbox/ returned response: <Response [200]>
2021-08-16 13:38:29,263 - instabot version: 0.117.0 (api) - DEBUG - GET to endpoint: loom/fetch_config/ returned response: <Response [200]>
2021-08-16 13:38:29,869 - instabot version: 0.117.0 (api) - DEBUG - GET to endpoint: scores/bootstrap/users/?surfaces=["autocomplete_user_list","coefficient_besties_list_ranking","coefficient_rank_recipient_user_suggestion","coefficient_ios_section_test_bootstrap_ranking","coefficient_direct_recipients_ranking_variant_2"] returned response: <Response [200]>
2021-08-16 13:38:30,221 - instabot version: 0.117.0 (api) - DEBUG - GET to endpoint: business/eligibility/get_monetization_products_eligibility_data/?product_types=branded_content returned response: <Response [200]>
2021-08-16 13:38:30,563 - instabot version: 0.117.0 (api) - DEBUG - GET to endpoint: business/branded_content/should_require_professional_account/ returned response: <Response [200]>
2021-08-16 13:38:31,419 - instabot version: 0.117.0 (api) - DEBUG - GET to endpoint: linked_accounts/get_linkage_status/ returned response: <Response [200]>
2021-08-16 13:38:31,776 - instabot version: 0.117.0 (api) - DEBUG - GET to endpoint: locations/request_country/ returned response: <Response [200]>
2021-08-16 13:38:32,134 - instabot version: 0.117.0 (api) - DEBUG - GET to endpoint: qp/get_cooldowns/?signed_body=signed_body=4b9c516a5410a3bc128e09c6104a7f042146b9c2023870560c63a43a7f66781c.4&ig_sig_key_version=4&ig_sig_key_version=4 returned response: <Response [200]>
2021-08-16 13:38:32,468 - instabot version: 0.117.0 (api) - DEBUG - GET to endpoint: users/arlink_download_info/?version_override=2.2.1 returned response: <Response [200]>
2021-08-16 13:38:33,344 - instabot version: 0.117.0 (api) - DEBUG - GET to endpoint: users/46258652727/info/ returned response: <Response [200]>
2021-08-16 13:38:33,737 - instabot version: 0.117.0 (api) - DEBUG - GET to endpoint: direct_v2/get_presence/ returned response: <Response [200]>
2021-08-16 13:38:34,127 - instabot version: 0.117.0 (api) - DEBUG - GET to endpoint: direct_v2/inbox/?visual_message_return_type=unseen&thread_message_limit=10&persistentBadging=true&limit=20 returned response: <Response [200]>
2021-08-16 13:38:34,506 - instabot version: 0.117.0 (api) - DEBUG - GET to endpoint: direct_v2/inbox/?visual_message_return_type=unseen&persistentBadging=true&limit=0 returned response: <Response [200]>
2021-08-16 13:38:34,993 - instabot version: 0.117.0 (api) - DEBUG - GET to endpoint: discover/topical_explore/?is_prefetch=true&omit_cover_media=true&use_sectional_payload=true&timezone_offset=0&session_id=74517733-9e97-4ac6-9bd3-6396afa278ed&include_fixed_destinations=true returned response: <Response [200]>
2021-08-16 13:38:35,334 - instabot version: 0.117.0 (api) - DEBUG - POST to endpoint: notifications/badge/ returned response: <Response [200]>
2021-08-16 13:38:35,801 - instabot version: 0.117.0 (api) - DEBUG - POST to endpoint: qp/batch_fetch/ returned response: <Response [200]>
2021-08-16 13:38:35,802 - instabot version: 0.117.0 (bot_checkpoint) - DEBUG - Loading Checkpoint file from: D:\searchdisaner/config/todoctordoom.checkpoint
2021-08-16 13:38:45,359 - instabot version: 0.117.0 (api) - DEBUG - GET to endpoint: feed/tag/дизайн/?max_id=&rank_token=46258652727_d8c038f7-d60d-4ffc-ae20-1b8f9d340f0b&ranked_content=true& returned response: <Response [200]>
2021-08-16 13:38:46,040 - instabot version: 0.117.0 (api) - DEBUG - GET to endpoint: users/1412476980/info/ returned response: <Response [200]>
2021-08-16 13:38:46,614 - instabot version: 0.117.0 (api) - DEBUG - GET to endpoint: users/8998260896/info/ returned response: <Response [200]>
2021-08-16 13:38:47,324 - instabot version: 0.117.0 (api) - DEBUG - GET to endpoint: users/6185535321/info/ returned response: <Response [200]>
2021-08-16 13:38:47,986 - instabot version: 0.117.0 (api) - DEBUG - GET to endpoint: users/27964270085/info/ returned response: <Response [200]>
2021-08-16 13:38:48,693 - instabot version: 0.117.0 (api) - DEBUG - GET to endpoint: users/2542302849/info/ returned response: <Response [200]>
2021-08-16 13:38:49,272 - instabot version: 0.117.0 (api) - DEBUG - GET to endpoint: users/47732354639/info/ returned response: <Response [200]>
2021-08-16 13:38:49,975 - instabot version: 0.117.0 (api) - DEBUG - GET to endpoint: users/10256122989/info/ returned response: <Response [200]>
2021-08-16 13:38:50,558 - instabot version: 0.117.0 (api) - DEBUG - GET to endpoint: users/6102546606/info/ returned response: <Response [200]>
2021-08-16 13:38:51,252 - instabot version: 0.117.0 (api) - DEBUG - GET to endpoint: users/7036218560/info/ returned response: <Response [200]>
2021-08-16 13:38:51,973 - instabot version: 0.117.0 (api) - DEBUG - GET to endpoint: users/8340760812/info/ returned response: <Response [200]>
2021-08-16 13:38:52,502 - instabot version: 0.117.0 (api) - DEBUG - GET to endpoint: users/49086929637/info/ returned response: <Response [200]>
2021-08-16 13:38:53,083 - instabot version: 0.117.0 (api) - DEBUG - GET to endpoint: users/33173041803/info/ returned response: <Response [200]>
2021-08-16 13:38:53,723 - instabot version: 0.117.0 (api) - DEBUG - GET to endpoint: users/4721720984/info/ returned response: <Response [200]>
2021-08-16 13:38:54,296 - instabot version: 0.117.0 (api) - DEBUG - GET to endpoint: users/2957841936/info/ returned response: <Response [200]>
2021-08-16 13:38:54,768 - instabot version: 0.117.0 (api) - DEBUG - GET to endpoint: users/44268881309/info/ returned response: <Response [200]>
2021-08-16 13:38:55,462 - instabot version: 0.117.0 (api) - DEBUG - GET to endpoint: users/16417906193/info/ returned response: <Response [200]>
2021-08-16 13:38:56,083 - instabot version: 0.117.0 (api) - DEBUG - GET to endpoint: users/2279216678/info/ returned response: <Response [200]>
2021-08-16 13:38:56,674 - instabot version: 0.117.0 (api) - DEBUG - GET to endpoint: users/254509957/info/ returned response: <Response [200]>
2021-08-16 13:38:57,609 - instabot version: 0.117.0 (api) - DEBUG - GET to endpoint: users/23371038950/info/ returned response: <Response [200]>
2021-08-16 13:38:58,230 - instabot version: 0.117.0 (api) - DEBUG - GET to endpoint: users/12657045842/info/ returned response: <Response [200]>
2021-08-16 13:38:58,921 - instabot version: 0.117.0 (api) - DEBUG - GET to endpoint: users/5726795773/info/ returned response: <Response [200]>
2021-08-16 13:38:59,500 - instabot version: 0.117.0 (api) - DEBUG - GET to endpoint: users/1598664108/info/ returned response: <Response [200]>
2021-08-16 13:39:00,134 - instabot version: 0.117.0 (api) - DEBUG - GET to endpoint: users/44796747390/info/ returned response: <Response [200]>
2021-08-16 13:39:01,012 - instabot version: 0.117.0 (api) - DEBUG - GET to endpoint: users/880815004/info/ returned response: <Response [200]>
2021-08-16 13:39:01,578 - instabot version: 0.117.0 (api) - DEBUG - GET to endpoint: users/465242065/info/ returned response: <Response [200]>
2021-08-16 13:39:02,409 - instabot version: 0.117.0 (api) - DEBUG - GET to endpoint: users/1701668926/info/ returned response: <Response [200]>
2021-08-16 13:39:03,009 - instabot version: 0.117.0 (api) - DEBUG - GET to endpoint: users/1409859385/info/ returned response: <Response [200]>
2021-08-16 13:39:03,574 - instabot version: 0.117.0 (api) - DEBUG - GET to endpoint: users/39199331991/info/ returned response: <Response [200]>
2021-08-16 13:39:04,084 - instabot version: 0.117.0 (api) - DEBUG - GET to endpoint: users/4492288677/info/ returned response: <Response [200]>
2021-08-16 13:39:04,891 - instabot version: 0.117.0 (api) - DEBUG - GET to endpoint: users/42204352519/info/ returned response: <Response [200]>
2021-08-16 13:39:05,483 - instabot version: 0.117.0 (api) - DEBUG - GET to endpoint: users/8745739584/info/ returned response: <Response [200]>
2021-08-16 13:39:06,066 - instabot version: 0.117.0 (api) - DEBUG - GET to endpoint: users/7159044136/info/ returned response: <Response [200]>
2021-08-16 13:39:06,705 - instabot version: 0.117.0 (api) - DEBUG - GET to endpoint: users/8203514701/info/ returned response: <Response [200]>
2021-08-16 13:39:07,498 - instabot version: 0.117.0 (api) - DEBUG - GET to endpoint: users/47332342139/info/ returned response: <Response [200]>
2021-08-16 13:39:08,583 - instabot version: 0.117.0 (api) - DEBUG - GET to endpoint: users/47693075658/info/ returned response: <Response [200]>
2021-08-16 13:39:09,259 - instabot version: 0.117.0 (api) - DEBUG - GET to endpoint: users/5721434906/info/ returned response: <Response [200]>
2021-08-16 13:39:10,963 - instabot version: 0.117.0 (api) - DEBUG - GET to endpoint: users/4318770141/info/ returned response: <Response [200]>
2021-08-16 13:39:11,560 - instabot version: 0.117.0 (api) - DEBUG - GET to endpoint: users/19049123596/info/ returned response: <Response [200]>
2021-08-16 13:39:12,151 - instabot version: 0.117.0 (api) - DEBUG - GET to endpoint: users/44960356353/info/ returned response: <Response [200]>
2021-08-16 13:39:12,758 - instabot version: 0.117.0 (api) - DEBUG - GET to endpoint: users/2933810350/info/ returned response: <Response [200]>
2021-08-16 13:39:13,341 - instabot version: 0.117.0 (api) - DEBUG - GET to endpoint: users/7494587517/info/ returned response: <Response [200]>
2021-08-16 13:39:13,762 - instabot version: 0.117.0 (api) - DEBUG - GET to endpoint: users/48406583065/info/ returned response: <Response [200]>
2021-08-16 13:39:14,303 - instabot version: 0.117.0 (api) - DEBUG - GET to endpoint: users/44216325225/info/ returned response: <Response [200]>
2021-08-16 13:39:14,962 - instabot version: 0.117.0 (api) - DEBUG - GET to endpoint: users/14315112221/info/ returned response: <Response [200]>
2021-08-16 13:39:15,531 - instabot version: 0.117.0 (api) - DEBUG - GET to endpoint: users/22923362039/info/ returned response: <Response [200]>
2021-08-16 13:39:16,221 - instabot version: 0.117.0 (api) - DEBUG - GET to endpoint: users/43895611722/info/ returned response: <Response [200]>
2021-08-16 13:39:16,790 - instabot version: 0.117.0 (api) - DEBUG - GET to endpoint: users/14051328874/info/ returned response: <Response [200]>
2021-08-16 13:39:17,456 - instabot version: 0.117.0 (api) - DEBUG - GET to endpoint: users/11824625168/info/ returned response: <Response [200]>
2021-08-16 13:39:18,377 - instabot version: 0.117.0 (api) - DEBUG - GET to endpoint: users/31751325200/info/ returned response: <Response [200]>
2021-08-16 13:39:19,046 - instabot version: 0.117.0 (api) - DEBUG - GET to endpoint: users/7597347858/info/ returned response: <Response [200]>
2021-08-16 13:39:19,654 - instabot version: 0.117.0 (api) - DEBUG - GET to endpoint: users/9161074533/info/ returned response: <Response [200]>
2021-08-16 13:39:20,270 - instabot version: 0.117.0 (api) - DEBUG - GET to endpoint: users/7037120894/info/ returned response: <Response [200]>
2021-08-16 13:39:21,119 - instabot version: 0.117.0 (api) - DEBUG - GET to endpoint: users/6450109942/info/ returned response: <Response [200]>
2021-08-16 13:39:21,701 - instabot version: 0.117.0 (api) - DEBUG - GET to endpoint: users/7176503354/info/ returned response: <Response [200]>
2021-08-16 13:39:22,250 - instabot version: 0.117.0 (api) - DEBUG - GET to endpoint: users/46099285335/info/ returned response: <Response [200]>
2021-08-16 13:39:22,895 - instabot version: 0.117.0 (api) - DEBUG - GET to endpoint: users/14266754011/info/ returned response: <Response [200]>
2021-08-16 13:39:23,751 - instabot version: 0.117.0 (api) - DEBUG - GET to endpoint: users/38350252045/info/ returned response: <Response [200]>
2021-08-16 13:39:24,378 - instabot version: 0.117.0 (api) - DEBUG - GET to endpoint: users/4717953541/info/ returned response: <Response [200]>
2021-08-16 13:39:25,130 - instabot version: 0.117.0 (api) - DEBUG - GET to endpoint: users/5451718643/info/ returned response: <Response [200]>
2021-08-16 13:39:25,763 - instabot version: 0.117.0 (api) - DEBUG - GET to endpoint: users/3599075387/info/ returned response: <Response [200]>
2021-08-16 13:39:26,420 - instabot version: 0.117.0 (api) - DEBUG - GET to endpoint: users/9163113725/info/ returned response: <Response [200]>
2021-08-16 13:39:27,384 - instabot version: 0.117.0 (api) - DEBUG - GET to endpoint: users/48538682367/info/ returned response: <Response [200]>
2021-08-16 13:39:28,050 - instabot version: 0.117.0 (api) - DEBUG - GET to endpoint: users/19445834821/info/ returned response: <Response [200]>
2021-08-16 13:39:28,699 - instabot version: 0.117.0 (api) - DEBUG - GET to endpoint: users/7825049441/info/ returned response: <Response [200]>
2021-08-16 13:39:29,194 - instabot version: 0.117.0 (api) - DEBUG - GET to endpoint: users/48752757260/info/ returned response: <Response [200]>
2021-08-16 13:39:29,976 - instabot version: 0.117.0 (api) - DEBUG - GET to endpoint: users/28116905105/info/ returned response: <Response [200]>
2021-08-16 13:39:30,727 - instabot version: 0.117.0 (api) - DEBUG - GET to endpoint: users/6281555483/info/ returned response: <Response [200]>
2021-08-16 13:39:31,383 - instabot version: 0.117.0 (api) - DEBUG - GET to endpoint: users/177807656/info/ returned response: <Response [200]>
2021-08-16 13:39:32,059 - instabot version: 0.117.0 (api) - DEBUG - GET to endpoint: users/32790337719/info/ returned response: <Response [200]>
2021-08-16 13:39:32,583 - instabot version: 0.117.0 (api) - DEBUG - GET to endpoint: users/45503458265/info/ returned response: <Response [200]>
2021-08-16 13:39:33,264 - instabot version: 0.117.0 (api) - DEBUG - GET to endpoint: users/7462686191/info/ returned response: <Response [200]>
2021-08-16 13:39:33,889 - instabot version: 0.117.0 (api) - DEBUG - GET to endpoint: users/36393275682/info/ returned response: <Response [200]>
2021-08-16 13:39:34,419 - instabot version: 0.117.0 (api) - DEBUG - GET to endpoint: users/46532078411/info/ returned response: <Response [200]>
2021-08-16 13:39:35,075 - instabot version: 0.117.0 (api) - DEBUG - GET to endpoint: users/27376832410/info/ returned response: <Response [200]>
2021-08-16 13:39:36,000 - instabot version: 0.117.0 (api) - DEBUG - GET to endpoint: users/33176983169/info/ returned response: <Response [200]>
2021-08-16 13:39:42,495 - instabot version: 0.117.0 (api) - DEBUG - GET to endpoint: feed/tag/дизайнер/?max_id=&rank_token=46258652727_d8c038f7-d60d-4ffc-ae20-1b8f9d340f0b&ranked_content=true& returned response: <Response [200]>
2021-08-16 13:39:43,085 - instabot version: 0.117.0 (api) - DEBUG - GET to endpoint: users/24643463242/info/ returned response: <Response [200]>
2021-08-16 13:39:43,737 - instabot version: 0.117.0 (api) - DEBUG - GET to endpoint: users/48597852081/info/ returned response: <Response [200]>
2021-08-16 13:39:44,288 - instabot version: 0.117.0 (api) - DEBUG - GET to endpoint: users/47455061855/info/ returned response: <Response [200]>
2021-08-16 13:39:44,976 - instabot version: 0.117.0 (api) - DEBUG - GET to endpoint: users/3537851448/info/ returned response: <Response [200]>
2021-08-16 13:39:45,622 - instabot version: 0.117.0 (api) - DEBUG - GET to endpoint: users/6872255058/info/ returned response: <Response [200]>
2021-08-16 13:39:46,197 - instabot version: 0.117.0 (api) - DEBUG - GET to endpoint: users/36660292271/info/ returned response: <Response [200]>
2021-08-16 13:39:46,947 - instabot version: 0.117.0 (api) - DEBUG - GET to endpoint: users/4217073978/info/ returned response: <Response [200]>
2021-08-16 13:39:47,505 - instabot version: 0.117.0 (api) - DEBUG - GET to endpoint: users/4389148337/info/ returned response: <Response [200]>
2021-08-16 13:39:48,064 - instabot version: 0.117.0 (api) - DEBUG - GET to endpoint: users/2213713499/info/ returned response: <Response [200]>
2021-08-16 13:39:49,174 - instabot version: 0.117.0 (api) - DEBUG - GET to endpoint: users/18102225380/info/ returned response: <Response [200]>
2021-08-16 13:39:49,614 - instabot version: 0.117.0 (api) - DEBUG - GET to endpoint: users/34673324481/info/ returned response: <Response [200]>
2021-08-16 13:39:50,148 - instabot version: 0.117.0 (api) - DEBUG - GET to endpoint: users/11593561714/info/ returned response: <Response [200]>
2021-08-16 13:39:50,783 - instabot version: 0.117.0 (api) - DEBUG - GET to endpoint: users/45036941968/info/ returned response: <Response [200]>
2021-08-16 13:39:51,340 - instabot version: 0.117.0 (api) - DEBUG - GET to endpoint: users/40590953890/info/ returned response: <Response [200]>
2021-08-16 13:39:52,325 - instabot version: 0.117.0 (api) - DEBUG - GET to endpoint: users/3700148326/info/ returned response: <Response [200]>
2021-08-16 13:39:53,032 - instabot version: 0.117.0 (api) - DEBUG - GET to endpoint: users/5859760215/info/ returned response: <Response [200]>
2021-08-16 13:39:53,637 - instabot version: 0.117.0 (api) - DEBUG - GET to endpoint: users/1442802180/info/ returned response: <Response [200]>
2021-08-16 13:39:54,246 - instabot version: 0.117.0 (api) - DEBUG - GET to endpoint: users/1329960231/info/ returned response: <Response [200]>
2021-08-16 13:39:54,968 - instabot version: 0.117.0 (api) - DEBUG - GET to endpoint: users/2017899943/info/ returned response: <Response [200]>
2021-08-16 13:39:55,434 - instabot version: 0.117.0 (api) - DEBUG - GET to endpoint: users/49051717782/info/ returned response: <Response [200]>
2021-08-16 13:39:56,326 - instabot version: 0.117.0 (api) - DEBUG - GET to endpoint: users/2288713819/info/ returned response: <Response [200]>
2021-08-16 13:39:57,075 - instabot version: 0.117.0 (api) - DEBUG - GET to endpoint: users/19506464845/info/ returned response: <Response [200]>
2021-08-16 13:39:57,494 - instabot version: 0.117.0 (api) - DEBUG - GET to endpoint: users/49237601465/info/ returned response: <Response [200]>
2021-08-16 13:39:58,182 - instabot version: 0.117.0 (api) - DEBUG - GET to endpoint: users/30097307216/info/ returned response: <Response [200]>
2021-08-16 13:39:58,929 - instabot version: 0.117.0 (api) - DEBUG - GET to endpoint: users/1394965293/info/ returned response: <Response [200]>
2021-08-16 13:39:59,478 - instabot version: 0.117.0 (api) - DEBUG - GET to endpoint: users/7983811018/info/ returned response: <Response [200]>
2021-08-16 13:40:00,127 - instabot version: 0.117.0 (api) - DEBUG - GET to endpoint: users/48075853031/info/ returned response: <Response [200]>
2021-08-16 13:40:00,678 - instabot version: 0.117.0 (api) - DEBUG - GET to endpoint: users/1419391837/info/ returned response: <Response [200]>
2021-08-16 13:40:01,505 - instabot version: 0.117.0 (api) - DEBUG - GET to endpoint: users/4248609893/info/ returned response: <Response [200]>
2021-08-16 13:40:02,117 - instabot version: 0.117.0 (api) - DEBUG - GET to endpoint: users/1168535929/info/ returned response: <Response [200]>
2021-08-16 13:40:02,625 - instabot version: 0.117.0 (api) - DEBUG - GET to endpoint: users/5859170157/info/ returned response: <Response [200]>
2021-08-16 13:40:03,277 - instabot version: 0.117.0 (api) - DEBUG - GET to endpoint: users/1748170543/info/ returned response: <Response [200]>
2021-08-16 13:40:03,828 - instabot version: 0.117.0 (api) - DEBUG - GET to endpoint: users/48578870304/info/ returned response: <Response [200]>
2021-08-16 13:40:04,446 - instabot version: 0.117.0 (api) - DEBUG - GET to endpoint: users/1033329457/info/ returned response: <Response [200]>
2021-08-16 13:40:05,180 - instabot version: 0.117.0 (api) - DEBUG - GET to endpoint: users/32593496233/info/ returned response: <Response [200]>
2021-08-16 13:40:05,795 - instabot version: 0.117.0 (api) - DEBUG - GET to endpoint: users/39190744812/info/ returned response: <Response [200]>
2021-08-16 13:40:06,393 - instabot version: 0.117.0 (api) - DEBUG - GET to endpoint: users/1379870563/info/ returned response: <Response [200]>
2021-08-16 13:40:06,901 - instabot version: 0.117.0 (api) - DEBUG - GET to endpoint: users/1583763657/info/ returned response: <Response [200]>
2021-08-16 13:40:07,585 - instabot version: 0.117.0 (api) - DEBUG - GET to endpoint: users/9889210565/info/ returned response: <Response [200]>
2021-08-16 13:40:08,222 - instabot version: 0.117.0 (api) - DEBUG - GET to endpoint: users/45467391911/info/ returned response: <Response [200]>
2021-08-16 13:40:08,905 - instabot version: 0.117.0 (api) - DEBUG - GET to endpoint: users/40244284917/info/ returned response: <Response [200]>
2021-08-16 13:40:09,461 - instabot version: 0.117.0 (api) - DEBUG - GET to endpoint: users/46507672125/info/ returned response: <Response [200]>
2021-08-16 13:40:10,122 - instabot version: 0.117.0 (api) - DEBUG - GET to endpoint: users/4024123255/info/ returned response: <Response [200]>
2021-08-16 13:40:10,737 - instabot version: 0.117.0 (api) - DEBUG - GET to endpoint: users/4217246294/info/ returned response: <Response [200]>
2021-08-16 13:40:11,315 - instabot version: 0.117.0 (api) - DEBUG - GET to endpoint: users/2161118421/info/ returned response: <Response [200]>
2021-08-16 13:40:12,003 - instabot version: 0.117.0 (api) - DEBUG - GET to endpoint: users/13349706643/info/ returned response: <Response [200]>
2021-08-16 13:40:12,608 - instabot version: 0.117.0 (api) - DEBUG - GET to endpoint: users/2226057698/info/ returned response: <Response [200]>
2021-08-16 13:40:13,206 - instabot version: 0.117.0 (api) - DEBUG - GET to endpoint: users/8330244354/info/ returned response: <Response [200]>
2021-08-16 13:40:13,826 - instabot version: 0.117.0 (api) - DEBUG - GET to endpoint: users/26058739962/info/ returned response: <Response [200]>
2021-08-16 13:40:14,608 - instabot version: 0.117.0 (api) - DEBUG - GET to endpoint: users/3948364843/info/ returned response: <Response [200]>
2021-08-16 13:40:15,355 - instabot version: 0.117.0 (api) - DEBUG - GET to endpoint: users/6732993533/info/ returned response: <Response [200]>
2021-08-16 13:40:16,064 - instabot version: 0.117.0 (api) - DEBUG - GET to endpoint: users/47577381197/info/ returned response: <Response [200]>
2021-08-16 13:40:16,719 - instabot version: 0.117.0 (api) - DEBUG - GET to endpoint: users/40998343279/info/ returned response: <Response [200]>
2021-08-16 13:40:17,749 - instabot version: 0.117.0 (api) - DEBUG - GET to endpoint: users/2096204568/info/ returned response: <Response [200]>
2021-08-16 13:40:18,478 - instabot version: 0.117.0 (api) - DEBUG - GET to endpoint: users/38110177320/info/ returned response: <Response [200]>
2021-08-16 13:40:19,163 - instabot version: 0.117.0 (api) - DEBUG - GET to endpoint: users/350619209/info/ returned response: <Response [200]>
2021-08-16 13:40:19,741 - instabot version: 0.117.0 (api) - DEBUG - GET to endpoint: users/3266875639/info/ returned response: <Response [200]>
2021-08-16 13:40:20,445 - instabot version: 0.117.0 (api) - DEBUG - GET to endpoint: users/39121614237/info/ returned response: <Response [200]>
2021-08-16 13:40:21,167 - instabot version: 0.117.0 (api) - DEBUG - GET to endpoint: users/1535532709/info/ returned response: <Response [200]>
2021-08-16 13:40:21,788 - instabot version: 0.117.0 (api) - DEBUG - GET to endpoint: users/7912462449/info/ returned response: <Response [200]>
2021-08-16 13:40:22,361 - instabot version: 0.117.0 (api) - DEBUG - GET to endpoint: users/32715300516/info/ returned response: <Response [200]>
2021-08-16 13:40:23,144 - instabot version: 0.117.0 (api) - DEBUG - GET to endpoint: users/6716828942/info/ returned response: <Response [200]>
2021-08-16 13:40:23,753 - instabot version: 0.117.0 (api) - DEBUG - GET to endpoint: users/1976412338/info/ returned response: <Response [200]>
2021-08-16 13:40:24,308 - instabot version: 0.117.0 (api) - DEBUG - GET to endpoint: users/11682959332/info/ returned response: <Response [200]>
2021-08-16 13:40:24,846 - instabot version: 0.117.0 (api) - DEBUG - GET to endpoint: users/40524148795/info/ returned response: <Response [200]>
2021-08-16 13:40:25,625 - instabot version: 0.117.0 (api) - DEBUG - GET to endpoint: users/4283212728/info/ returned response: <Response [200]>
2021-08-16 13:40:26,216 - instabot version: 0.117.0 (api) - DEBUG - GET to endpoint: users/5492057797/info/ returned response: <Response [200]>
2021-08-16 13:40:26,883 - instabot version: 0.117.0 (api) - DEBUG - GET to endpoint: users/1385519210/info/ returned response: <Response [200]>
2021-08-16 13:40:35,484 - instabot version: 0.117.0 (bot_checkpoint) - DEBUG - Saving Checkpoint file to: D:\searchdisaner/config/todoctordoom.checkpoint
2021-08-16 13:40:35,484 - instabot version: 0.117.0 (bot) - INFO - Total requests: 459
