2021-08-11 12:51:00,615 - instabot version: 0.117.0 (bot) - INFO - Instabot version: 0.117.0 Started
2021-08-11 12:51:00,624 - instabot version: 0.117.0 (bot) - DEBUG - Bot imported from D:\searchdisaner\venv\lib\site-packages\instabot\bot\bot.py
2021-08-11 12:51:00,679 - instabot version: 0.117.0 (api_login) - DEBUG - Loading uuids
2021-08-11 12:51:00,681 - instabot version: 0.117.0 (api_login) - INFO - Recovery from D:\searchdisaner/config/instbober_uuid_and_cookie.json: COOKIE False - UUIDs True - TIMING, DEVICE and ...
- user-agent=Instagram 117.0.0.28.123 Android (28/9.0; 420dpi; 1080x1920; OnePlus; ONEPLUS A3003; OnePlus3; qcom; en_US; 180322800)
- phone_id=69e66906-ef6a-4561-86e6-8c98a236847c
- uuid=81500ee0-4cf5-493e-ae1a-6a5011cbe63d
- client_session_id=32957a9d-435a-448b-9ee5-e5e488d33b0c
- device_id=android-ba894ce94a484232
2021-08-11 12:51:00,682 - instabot version: 0.117.0 (api_login) - INFO - Not yet logged in starting: PRE-LOGIN FLOW!
2021-08-11 12:51:01,400 - instabot version: 0.117.0 (api) - DEBUG - POST to endpoint: accounts/get_prefill_candidates/ returned response: <Response [200]>
2021-08-11 12:51:02,381 - instabot version: 0.117.0 (api) - DEBUG - POST to endpoint: qe/sync/ returned response: <Response [200]>
2021-08-11 12:51:02,717 - instabot version: 0.117.0 (api) - DEBUG - POST to endpoint: launcher/sync/ returned response: <Response [200]>
2021-08-11 12:51:03,102 - instabot version: 0.117.0 (api) - DEBUG - POST to endpoint: accounts/contact_point_prefill/ returned response: <Response [200]>
2021-08-11 12:51:05,782 - instabot version: 0.117.0 (api) - DEBUG - POST to endpoint: accounts/login/ returned response: <Response [200]>
2021-08-11 12:51:05,783 - instabot version: 0.117.0 (api) - INFO - Logged-in successfully as 'instbober'!
2021-08-11 12:51:05,783 - instabot version: 0.117.0 (api_login) - INFO - LOGIN FLOW! Just logged-in: True
2021-08-11 12:51:06,126 - instabot version: 0.117.0 (api) - DEBUG - POST to endpoint: qe/sync/ returned response: <Response [200]>
2021-08-11 12:51:06,482 - instabot version: 0.117.0 (api) - DEBUG - POST to endpoint: launcher/sync/ returned response: <Response [200]>
2021-08-11 12:51:07,065 - instabot version: 0.117.0 (api) - DEBUG - GET to endpoint: zr/token/result/?device_id=android-ba894ce94a484232&token_hash=&custom_device_id=android-ba894ce94a484232&fetch_reason=token_expired returned response: <Response [200]>
2021-08-11 12:51:07,394 - instabot version: 0.117.0 (api) - DEBUG - GET to endpoint: multiple_accounts/get_account_family/ returned response: <Response [200]>
2021-08-11 12:51:07,791 - instabot version: 0.117.0 (api) - DEBUG - POST to endpoint: qe/sync/ returned response: <Response [200]>
2021-08-11 12:51:08,776 - instabot version: 0.117.0 (api) - DEBUG - GET to endpoint: igtv/browse_feed/?prefetch=1 returned response: <Response [200]>
2021-08-11 12:51:09,213 - instabot version: 0.117.0 (api) - DEBUG - POST to endpoint: creatives/ar_class/ returned response: <Response [200]>
2021-08-11 12:51:11,192 - instabot version: 0.117.0 (api) - DEBUG - POST to endpoint: feed/reels_tray/ returned response: <Response [200]>
2021-08-11 12:51:17,020 - instabot version: 0.117.0 (api) - DEBUG - POST to endpoint: feed/timeline/ returned response: <Response [200]>
2021-08-11 12:51:17,341 - instabot version: 0.117.0 (api) - DEBUG - GET to endpoint: media/blocked/ returned response: <Response [200]>
2021-08-11 12:51:18,004 - instabot version: 0.117.0 (api) - DEBUG - GET to endpoint: news/inbox/ returned response: <Response [200]>
2021-08-11 12:51:18,376 - instabot version: 0.117.0 (api) - DEBUG - GET to endpoint: loom/fetch_config/ returned response: <Response [200]>
2021-08-11 12:51:19,161 - instabot version: 0.117.0 (api) - DEBUG - GET to endpoint: scores/bootstrap/users/?surfaces=["autocomplete_user_list","coefficient_besties_list_ranking","coefficient_rank_recipient_user_suggestion","coefficient_ios_section_test_bootstrap_ranking","coefficient_direct_recipients_ranking_variant_2"] returned response: <Response [200]>
2021-08-11 12:51:19,581 - instabot version: 0.117.0 (api) - DEBUG - GET to endpoint: business/eligibility/get_monetization_products_eligibility_data/?product_types=branded_content returned response: <Response [200]>
2021-08-11 12:51:19,876 - instabot version: 0.117.0 (api) - DEBUG - GET to endpoint: business/branded_content/should_require_professional_account/ returned response: <Response [200]>
2021-08-11 12:51:20,149 - instabot version: 0.117.0 (api) - DEBUG - GET to endpoint: linked_accounts/get_linkage_status/ returned response: <Response [200]>
2021-08-11 12:51:20,450 - instabot version: 0.117.0 (api) - DEBUG - GET to endpoint: locations/request_country/ returned response: <Response [200]>
2021-08-11 12:51:20,828 - instabot version: 0.117.0 (api) - DEBUG - GET to endpoint: qp/get_cooldowns/?signed_body=signed_body=4b9c516a5410a3bc128e09c6104a7f042146b9c2023870560c63a43a7f66781c.4&ig_sig_key_version=4&ig_sig_key_version=4 returned response: <Response [200]>
2021-08-11 12:51:21,122 - instabot version: 0.117.0 (api) - DEBUG - GET to endpoint: users/arlink_download_info/?version_override=2.2.1 returned response: <Response [200]>
2021-08-11 12:51:21,774 - instabot version: 0.117.0 (api) - DEBUG - GET to endpoint: users/48835444494/info/ returned response: <Response [200]>
2021-08-11 12:51:22,354 - instabot version: 0.117.0 (api) - DEBUG - GET to endpoint: direct_v2/get_presence/ returned response: <Response [200]>
2021-08-11 12:51:22,834 - instabot version: 0.117.0 (api) - DEBUG - GET to endpoint: direct_v2/inbox/?visual_message_return_type=unseen&thread_message_limit=10&persistentBadging=true&limit=20 returned response: <Response [200]>
2021-08-11 12:51:24,239 - instabot version: 0.117.0 (api) - DEBUG - GET to endpoint: direct_v2/inbox/?visual_message_return_type=unseen&persistentBadging=true&limit=0 returned response: <Response [200]>
2021-08-11 12:51:26,150 - instabot version: 0.117.0 (api) - DEBUG - GET to endpoint: discover/topical_explore/?is_prefetch=true&omit_cover_media=true&use_sectional_payload=true&timezone_offset=0&session_id=32957a9d-435a-448b-9ee5-e5e488d33b0c&include_fixed_destinations=true returned response: <Response [200]>
2021-08-11 12:51:26,575 - instabot version: 0.117.0 (api) - DEBUG - POST to endpoint: notifications/badge/ returned response: <Response [200]>
2021-08-11 12:51:27,052 - instabot version: 0.117.0 (api) - DEBUG - POST to endpoint: qp/batch_fetch/ returned response: <Response [200]>
2021-08-11 12:51:27,053 - instabot version: 0.117.0 (bot_checkpoint) - DEBUG - Loading Checkpoint file from: D:\searchdisaner/config/instbober.checkpoint
2021-08-11 12:51:33,414 - instabot version: 0.117.0 (api) - DEBUG - GET to endpoint: feed/tag/дизайн/?max_id=&rank_token=48835444494_81500ee0-4cf5-493e-ae1a-6a5011cbe63d&ranked_content=true& returned response: <Response [200]>
2021-08-11 12:51:36,854 - instabot version: 0.117.0 (api) - DEBUG - GET to endpoint: users/4556390567/info/ returned response: <Response [200]>
2021-08-11 12:51:38,170 - instabot version: 0.117.0 (api) - DEBUG - GET to endpoint: users/310648481/info/ returned response: <Response [200]>
2021-08-11 12:51:39,107 - instabot version: 0.117.0 (api) - DEBUG - GET to endpoint: users/2899087383/info/ returned response: <Response [200]>
2021-08-11 12:51:39,895 - instabot version: 0.117.0 (api) - DEBUG - GET to endpoint: users/3898669867/info/ returned response: <Response [200]>
2021-08-11 12:51:40,554 - instabot version: 0.117.0 (api) - DEBUG - GET to endpoint: users/1262504905/info/ returned response: <Response [200]>
2021-08-11 12:51:41,261 - instabot version: 0.117.0 (api) - DEBUG - GET to endpoint: users/44678913128/info/ returned response: <Response [200]>
2021-08-11 12:51:42,198 - instabot version: 0.117.0 (api) - DEBUG - GET to endpoint: users/5730717000/info/ returned response: <Response [200]>
2021-08-11 12:51:42,917 - instabot version: 0.117.0 (api) - DEBUG - GET to endpoint: users/37135709239/info/ returned response: <Response [200]>
2021-08-11 12:51:43,570 - instabot version: 0.117.0 (api) - DEBUG - GET to endpoint: users/3916718635/info/ returned response: <Response [200]>
2021-08-11 12:51:44,136 - instabot version: 0.117.0 (api) - DEBUG - GET to endpoint: users/1499681238/info/ returned response: <Response [200]>
2021-08-11 12:51:44,764 - instabot version: 0.117.0 (api) - DEBUG - GET to endpoint: users/4780933419/info/ returned response: <Response [200]>
2021-08-11 12:51:45,422 - instabot version: 0.117.0 (api) - DEBUG - GET to endpoint: users/44165180447/info/ returned response: <Response [200]>
2021-08-11 12:51:46,257 - instabot version: 0.117.0 (api) - DEBUG - GET to endpoint: users/43531854239/info/ returned response: <Response [200]>
2021-08-11 12:51:46,798 - instabot version: 0.117.0 (api) - DEBUG - GET to endpoint: users/48097087145/info/ returned response: <Response [200]>
2021-08-11 12:51:47,336 - instabot version: 0.117.0 (api) - DEBUG - GET to endpoint: users/8759130712/info/ returned response: <Response [200]>
2021-08-11 12:51:47,894 - instabot version: 0.117.0 (api) - DEBUG - GET to endpoint: users/4700205484/info/ returned response: <Response [200]>
2021-08-11 12:51:48,294 - instabot version: 0.117.0 (api) - DEBUG - GET to endpoint: users/48842660334/info/ returned response: <Response [200]>
2021-08-11 12:51:48,854 - instabot version: 0.117.0 (api) - DEBUG - GET to endpoint: users/917235596/info/ returned response: <Response [200]>
2021-08-11 12:51:49,419 - instabot version: 0.117.0 (api) - DEBUG - GET to endpoint: users/1999689276/info/ returned response: <Response [200]>
2021-08-11 12:51:50,046 - instabot version: 0.117.0 (api) - DEBUG - GET to endpoint: users/2101103574/info/ returned response: <Response [200]>
2021-08-11 12:51:50,595 - instabot version: 0.117.0 (api) - DEBUG - GET to endpoint: users/48217321117/info/ returned response: <Response [200]>
2021-08-11 12:51:50,967 - instabot version: 0.117.0 (api) - DEBUG - GET to endpoint: users/3427901673/info/ returned response: <Response [200]>
2021-08-11 12:51:51,880 - instabot version: 0.117.0 (api) - DEBUG - GET to endpoint: users/23616096591/info/ returned response: <Response [200]>
2021-08-11 12:51:52,691 - instabot version: 0.117.0 (api) - DEBUG - GET to endpoint: users/1954126057/info/ returned response: <Response [200]>
2021-08-11 12:51:53,182 - instabot version: 0.117.0 (api) - DEBUG - GET to endpoint: users/36295033297/info/ returned response: <Response [200]>
2021-08-11 12:51:53,983 - instabot version: 0.117.0 (api) - DEBUG - GET to endpoint: users/1466377258/info/ returned response: <Response [200]>
2021-08-11 12:51:54,604 - instabot version: 0.117.0 (api) - DEBUG - GET to endpoint: users/9503983704/info/ returned response: <Response [200]>
2021-08-11 12:51:55,340 - instabot version: 0.117.0 (api) - DEBUG - GET to endpoint: users/39681839844/info/ returned response: <Response [200]>
2021-08-11 12:51:55,876 - instabot version: 0.117.0 (api) - DEBUG - GET to endpoint: users/6624859056/info/ returned response: <Response [200]>
2021-08-11 12:51:56,884 - instabot version: 0.117.0 (api) - DEBUG - GET to endpoint: users/269806305/info/ returned response: <Response [200]>
2021-08-11 12:51:57,418 - instabot version: 0.117.0 (api) - DEBUG - GET to endpoint: users/48217286678/info/ returned response: <Response [200]>
2021-08-11 12:51:57,957 - instabot version: 0.117.0 (api) - DEBUG - GET to endpoint: users/39716047945/info/ returned response: <Response [200]>
2021-08-11 12:51:58,670 - instabot version: 0.117.0 (api) - DEBUG - GET to endpoint: users/418968576/info/ returned response: <Response [200]>
2021-08-11 12:51:59,090 - instabot version: 0.117.0 (api) - DEBUG - GET to endpoint: users/11942005500/info/ returned response: <Response [200]>
2021-08-11 12:51:59,761 - instabot version: 0.117.0 (api) - DEBUG - GET to endpoint: users/36600071738/info/ returned response: <Response [200]>
2021-08-11 12:52:00,371 - instabot version: 0.117.0 (api) - DEBUG - GET to endpoint: users/2340124887/info/ returned response: <Response [200]>
2021-08-11 12:52:01,025 - instabot version: 0.117.0 (api) - DEBUG - GET to endpoint: users/8208117713/info/ returned response: <Response [200]>
2021-08-11 12:52:01,747 - instabot version: 0.117.0 (api) - DEBUG - GET to endpoint: users/4990216689/info/ returned response: <Response [200]>
2021-08-11 12:52:02,748 - instabot version: 0.117.0 (api) - DEBUG - GET to endpoint: users/9127072339/info/ returned response: <Response [200]>
2021-08-11 12:52:03,388 - instabot version: 0.117.0 (api) - DEBUG - GET to endpoint: users/44250909895/info/ returned response: <Response [200]>
2021-08-11 12:52:03,957 - instabot version: 0.117.0 (api) - DEBUG - GET to endpoint: users/48581197640/info/ returned response: <Response [200]>
2021-08-11 12:52:04,517 - instabot version: 0.117.0 (api) - DEBUG - GET to endpoint: users/42891738065/info/ returned response: <Response [200]>
2021-08-11 12:52:05,075 - instabot version: 0.117.0 (api) - DEBUG - GET to endpoint: users/10387410406/info/ returned response: <Response [200]>
2021-08-11 12:52:05,656 - instabot version: 0.117.0 (api) - DEBUG - GET to endpoint: users/1422204717/info/ returned response: <Response [200]>
2021-08-11 12:52:06,036 - instabot version: 0.117.0 (api) - DEBUG - GET to endpoint: users/7326611013/info/ returned response: <Response [200]>
2021-08-11 12:52:06,740 - instabot version: 0.117.0 (api) - DEBUG - GET to endpoint: users/2533595556/info/ returned response: <Response [200]>
2021-08-11 12:52:07,489 - instabot version: 0.117.0 (api) - DEBUG - GET to endpoint: users/13941226132/info/ returned response: <Response [200]>
2021-08-11 12:52:07,913 - instabot version: 0.117.0 (api) - DEBUG - GET to endpoint: users/48097638305/info/ returned response: <Response [200]>
2021-08-11 12:52:08,444 - instabot version: 0.117.0 (api) - DEBUG - GET to endpoint: users/3927107007/info/ returned response: <Response [200]>
2021-08-11 12:52:09,091 - instabot version: 0.117.0 (api) - DEBUG - GET to endpoint: users/25011252030/info/ returned response: <Response [200]>
2021-08-11 12:52:09,650 - instabot version: 0.117.0 (api) - DEBUG - GET to endpoint: users/48569325022/info/ returned response: <Response [200]>
2021-08-11 12:52:10,148 - instabot version: 0.117.0 (api) - DEBUG - GET to endpoint: users/44719669222/info/ returned response: <Response [200]>
2021-08-11 12:52:10,728 - instabot version: 0.117.0 (api) - DEBUG - GET to endpoint: users/3894998766/info/ returned response: <Response [200]>
2021-08-11 12:52:11,235 - instabot version: 0.117.0 (api) - DEBUG - GET to endpoint: users/9141178754/info/ returned response: <Response [200]>
2021-08-11 12:52:11,888 - instabot version: 0.117.0 (api) - DEBUG - GET to endpoint: users/8287607630/info/ returned response: <Response [200]>
2021-08-11 12:52:12,625 - instabot version: 0.117.0 (api) - DEBUG - GET to endpoint: users/1993108524/info/ returned response: <Response [200]>
2021-08-11 12:52:14,034 - instabot version: 0.117.0 (api) - DEBUG - GET to endpoint: users/21407249683/info/ returned response: <Response [200]>
2021-08-11 12:52:14,812 - instabot version: 0.117.0 (api) - DEBUG - GET to endpoint: users/48976989085/info/ returned response: <Response [200]>
2021-08-11 12:52:16,093 - instabot version: 0.117.0 (api) - DEBUG - GET to endpoint: users/40932589092/info/ returned response: <Response [200]>
2021-08-11 12:52:17,272 - instabot version: 0.117.0 (api) - DEBUG - GET to endpoint: users/38093843525/info/ returned response: <Response [200]>
2021-08-11 12:52:17,878 - instabot version: 0.117.0 (api) - DEBUG - GET to endpoint: users/48845561848/info/ returned response: <Response [200]>
2021-08-11 12:52:18,354 - instabot version: 0.117.0 (api) - DEBUG - GET to endpoint: users/2225816150/info/ returned response: <Response [200]>
2021-08-11 12:52:18,922 - instabot version: 0.117.0 (api) - DEBUG - GET to endpoint: users/45449419718/info/ returned response: <Response [200]>
2021-08-11 12:52:19,868 - instabot version: 0.117.0 (api) - DEBUG - GET to endpoint: users/5338042704/info/ returned response: <Response [200]>
2021-08-11 12:52:20,529 - instabot version: 0.117.0 (api) - DEBUG - GET to endpoint: users/9181937212/info/ returned response: <Response [200]>
2021-08-11 12:52:21,498 - instabot version: 0.117.0 (api) - DEBUG - GET to endpoint: users/1612232387/info/ returned response: <Response [200]>
2021-08-11 12:52:22,244 - instabot version: 0.117.0 (api) - DEBUG - GET to endpoint: users/38586233870/info/ returned response: <Response [200]>
2021-08-11 12:52:22,936 - instabot version: 0.117.0 (api) - DEBUG - GET to endpoint: users/29338302452/info/ returned response: <Response [200]>
2021-08-11 12:52:23,341 - instabot version: 0.117.0 (api) - DEBUG - GET to endpoint: users/38739378621/info/ returned response: <Response [200]>
2021-08-11 12:52:23,850 - instabot version: 0.117.0 (api) - DEBUG - GET to endpoint: users/7605246247/info/ returned response: <Response [200]>
2021-08-11 12:52:30,110 - instabot version: 0.117.0 (api) - DEBUG - GET to endpoint: feed/tag/дизайнер/?max_id=&rank_token=48835444494_81500ee0-4cf5-493e-ae1a-6a5011cbe63d&ranked_content=true& returned response: <Response [200]>
2021-08-11 12:52:31,042 - instabot version: 0.117.0 (api) - DEBUG - GET to endpoint: users/1329960231/info/ returned response: <Response [200]>
2021-08-11 12:52:31,592 - instabot version: 0.117.0 (api) - DEBUG - GET to endpoint: users/41948556607/info/ returned response: <Response [200]>
2021-08-11 12:52:32,064 - instabot version: 0.117.0 (api) - DEBUG - GET to endpoint: users/29198844703/info/ returned response: <Response [200]>
2021-08-11 12:52:32,802 - instabot version: 0.117.0 (api) - DEBUG - GET to endpoint: users/839259353/info/ returned response: <Response [200]>
2021-08-11 12:52:33,403 - instabot version: 0.117.0 (api) - DEBUG - GET to endpoint: users/8569725700/info/ returned response: <Response [200]>
2021-08-11 12:52:33,999 - instabot version: 0.117.0 (api) - DEBUG - GET to endpoint: users/15537182668/info/ returned response: <Response [200]>
2021-08-11 12:52:34,776 - instabot version: 0.117.0 (api) - DEBUG - GET to endpoint: users/454670476/info/ returned response: <Response [200]>
2021-08-11 12:52:35,364 - instabot version: 0.117.0 (api) - DEBUG - GET to endpoint: users/45192892825/info/ returned response: <Response [200]>
2021-08-11 12:52:35,954 - instabot version: 0.117.0 (api) - DEBUG - GET to endpoint: users/647371482/info/ returned response: <Response [200]>
2021-08-11 12:52:36,738 - instabot version: 0.117.0 (api) - DEBUG - GET to endpoint: users/21673967364/info/ returned response: <Response [200]>
2021-08-11 12:52:37,487 - instabot version: 0.117.0 (api) - DEBUG - GET to endpoint: users/47385921248/info/ returned response: <Response [200]>
2021-08-11 12:52:38,112 - instabot version: 0.117.0 (api) - DEBUG - GET to endpoint: users/2109119767/info/ returned response: <Response [200]>
2021-08-11 12:52:38,668 - instabot version: 0.117.0 (api) - DEBUG - GET to endpoint: users/1580373762/info/ returned response: <Response [200]>
2021-08-11 12:52:39,443 - instabot version: 0.117.0 (api) - DEBUG - GET to endpoint: users/10358619491/info/ returned response: <Response [200]>
2021-08-11 12:52:40,125 - instabot version: 0.117.0 (api) - DEBUG - GET to endpoint: users/6704089433/info/ returned response: <Response [200]>
2021-08-11 12:52:40,861 - instabot version: 0.117.0 (api) - DEBUG - GET to endpoint: users/1824924505/info/ returned response: <Response [200]>
2021-08-11 12:52:41,384 - instabot version: 0.117.0 (api) - DEBUG - GET to endpoint: users/48348279676/info/ returned response: <Response [200]>
2021-08-11 12:52:41,913 - instabot version: 0.117.0 (api) - DEBUG - GET to endpoint: users/3612997492/info/ returned response: <Response [200]>
2021-08-11 12:52:42,507 - instabot version: 0.117.0 (api) - DEBUG - GET to endpoint: users/18817212455/info/ returned response: <Response [200]>
2021-08-11 12:52:43,063 - instabot version: 0.117.0 (api) - DEBUG - GET to endpoint: users/48352246690/info/ returned response: <Response [200]>
2021-08-11 12:52:43,697 - instabot version: 0.117.0 (api) - DEBUG - GET to endpoint: users/9142784983/info/ returned response: <Response [200]>
2021-08-11 12:52:44,354 - instabot version: 0.117.0 (api) - DEBUG - GET to endpoint: users/30299858880/info/ returned response: <Response [200]>
2021-08-11 12:52:44,978 - instabot version: 0.117.0 (api) - DEBUG - GET to endpoint: users/25786041532/info/ returned response: <Response [200]>
2021-08-11 12:52:45,606 - instabot version: 0.117.0 (api) - DEBUG - GET to endpoint: users/353109683/info/ returned response: <Response [200]>
2021-08-11 12:52:46,169 - instabot version: 0.117.0 (api) - DEBUG - GET to endpoint: users/11218130591/info/ returned response: <Response [200]>
2021-08-11 12:52:46,798 - instabot version: 0.117.0 (api) - DEBUG - GET to endpoint: users/3005767733/info/ returned response: <Response [200]>
2021-08-11 12:52:48,103 - instabot version: 0.117.0 (api) - DEBUG - GET to endpoint: users/1385519210/info/ returned response: <Response [200]>
2021-08-11 12:52:48,913 - instabot version: 0.117.0 (api) - DEBUG - GET to endpoint: users/45074942174/info/ returned response: <Response [200]>
2021-08-11 12:52:49,425 - instabot version: 0.117.0 (api) - DEBUG - GET to endpoint: users/45569727045/info/ returned response: <Response [200]>
2021-08-11 12:52:50,187 - instabot version: 0.117.0 (api) - DEBUG - GET to endpoint: users/24779153436/info/ returned response: <Response [200]>
2021-08-11 12:52:50,591 - instabot version: 0.117.0 (api) - DEBUG - GET to endpoint: users/3050140759/info/ returned response: <Response [200]>
2021-08-11 12:52:51,098 - instabot version: 0.117.0 (api) - DEBUG - GET to endpoint: users/5545172135/info/ returned response: <Response [200]>
2021-08-11 12:52:51,691 - instabot version: 0.117.0 (api) - DEBUG - GET to endpoint: users/24354822001/info/ returned response: <Response [200]>
2021-08-11 12:52:52,303 - instabot version: 0.117.0 (api) - DEBUG - GET to endpoint: users/7885046489/info/ returned response: <Response [200]>
2021-08-11 12:52:52,912 - instabot version: 0.117.0 (api) - DEBUG - GET to endpoint: users/19349447418/info/ returned response: <Response [200]>
2021-08-11 12:52:54,168 - instabot version: 0.117.0 (api) - DEBUG - GET to endpoint: users/41361221972/info/ returned response: <Response [200]>
2021-08-11 12:52:54,761 - instabot version: 0.117.0 (api) - DEBUG - GET to endpoint: users/464775160/info/ returned response: <Response [200]>
2021-08-11 12:52:55,298 - instabot version: 0.117.0 (api) - DEBUG - GET to endpoint: users/26084985255/info/ returned response: <Response [200]>
2021-08-11 12:52:55,914 - instabot version: 0.117.0 (api) - DEBUG - GET to endpoint: users/48245464001/info/ returned response: <Response [200]>
2021-08-11 12:52:57,003 - instabot version: 0.117.0 (api) - DEBUG - GET to endpoint: users/39776339688/info/ returned response: <Response [200]>
2021-08-11 12:52:57,611 - instabot version: 0.117.0 (api) - DEBUG - GET to endpoint: users/2166902135/info/ returned response: <Response [200]>
2021-08-11 12:52:58,271 - instabot version: 0.117.0 (api) - DEBUG - GET to endpoint: users/1411748503/info/ returned response: <Response [200]>
2021-08-11 12:52:58,793 - instabot version: 0.117.0 (api) - DEBUG - GET to endpoint: users/3414567234/info/ returned response: <Response [200]>
2021-08-11 12:52:59,254 - instabot version: 0.117.0 (api) - DEBUG - GET to endpoint: users/7592700/info/ returned response: <Response [200]>
2021-08-11 12:53:00,076 - instabot version: 0.117.0 (api) - DEBUG - GET to endpoint: users/10188352397/info/ returned response: <Response [200]>
2021-08-11 12:53:00,615 - instabot version: 0.117.0 (api) - DEBUG - GET to endpoint: users/45326304246/info/ returned response: <Response [200]>
2021-08-11 12:53:01,163 - instabot version: 0.117.0 (api) - DEBUG - GET to endpoint: users/21866402525/info/ returned response: <Response [200]>
2021-08-11 12:53:01,721 - instabot version: 0.117.0 (api) - DEBUG - GET to endpoint: users/29334940860/info/ returned response: <Response [200]>
2021-08-11 12:53:02,488 - instabot version: 0.117.0 (api) - DEBUG - GET to endpoint: users/1264087422/info/ returned response: <Response [200]>
2021-08-11 12:53:03,083 - instabot version: 0.117.0 (api) - DEBUG - GET to endpoint: users/31519498582/info/ returned response: <Response [200]>
2021-08-11 12:53:03,739 - instabot version: 0.117.0 (api) - DEBUG - GET to endpoint: users/4537276859/info/ returned response: <Response [200]>
2021-08-11 12:53:04,321 - instabot version: 0.117.0 (api) - DEBUG - GET to endpoint: users/2302468075/info/ returned response: <Response [200]>
2021-08-11 12:53:04,831 - instabot version: 0.117.0 (api) - DEBUG - GET to endpoint: users/1640134385/info/ returned response: <Response [200]>
2021-08-11 12:53:05,468 - instabot version: 0.117.0 (api) - DEBUG - GET to endpoint: users/48575988116/info/ returned response: <Response [200]>
2021-08-11 12:53:06,266 - instabot version: 0.117.0 (api) - DEBUG - GET to endpoint: users/3111224791/info/ returned response: <Response [200]>
2021-08-11 12:53:06,842 - instabot version: 0.117.0 (api) - DEBUG - GET to endpoint: users/1509875135/info/ returned response: <Response [200]>
2021-08-11 12:53:07,679 - instabot version: 0.117.0 (api) - DEBUG - GET to endpoint: users/4466546427/info/ returned response: <Response [200]>
2021-08-11 12:53:08,238 - instabot version: 0.117.0 (api) - DEBUG - GET to endpoint: users/19358097732/info/ returned response: <Response [200]>
2021-08-11 12:53:08,792 - instabot version: 0.117.0 (api) - DEBUG - GET to endpoint: users/1032745635/info/ returned response: <Response [200]>
2021-08-11 12:53:09,518 - instabot version: 0.117.0 (api) - DEBUG - GET to endpoint: users/35398796732/info/ returned response: <Response [200]>
2021-08-11 12:53:10,179 - instabot version: 0.117.0 (api) - DEBUG - GET to endpoint: users/4175088532/info/ returned response: <Response [200]>
2021-08-11 12:53:10,698 - instabot version: 0.117.0 (api) - DEBUG - GET to endpoint: users/30156430594/info/ returned response: <Response [200]>
2021-08-11 12:53:11,237 - instabot version: 0.117.0 (api) - DEBUG - GET to endpoint: users/4054397113/info/ returned response: <Response [200]>
2021-08-11 12:53:12,031 - instabot version: 0.117.0 (api) - DEBUG - GET to endpoint: users/38891503451/info/ returned response: <Response [200]>
2021-08-11 12:53:12,865 - instabot version: 0.117.0 (api) - DEBUG - GET to endpoint: users/8438676501/info/ returned response: <Response [200]>
2021-08-11 12:53:13,569 - instabot version: 0.117.0 (api) - DEBUG - GET to endpoint: users/1044294233/info/ returned response: <Response [200]>
2021-08-11 12:53:14,324 - instabot version: 0.117.0 (api) - DEBUG - GET to endpoint: users/30890841322/info/ returned response: <Response [200]>
2021-08-11 12:53:14,920 - instabot version: 0.117.0 (api) - DEBUG - GET to endpoint: users/46514551027/info/ returned response: <Response [200]>
2021-08-11 12:53:14,921 - instabot version: 0.117.0 (bot_checkpoint) - DEBUG - Saving Checkpoint file to: D:\searchdisaner/config/instbober.checkpoint
2021-08-11 12:53:14,921 - instabot version: 0.117.0 (bot) - INFO - Total requests: 1507
