2021-08-27 14:20:58,128 - instabot version: 0.117.0 (bot) - INFO - Instabot version: 0.117.0 Started
2021-08-27 14:20:58,129 - instabot version: 0.117.0 (bot) - DEBUG - Bot imported from D:\searchdisaner\venv\lib\site-packages\instabot\bot\bot.py
2021-08-27 14:20:58,437 - instabot version: 0.117.0 (api_login) - DEBUG - Loading uuids
2021-08-27 14:20:58,438 - instabot version: 0.117.0 (api_login) - INFO - Recovery from D:\searchdisaner/config/todoctordoom_uuid_and_cookie.json: COOKIE False - UUIDs True - TIMING, DEVICE and ...
- user-agent=Instagram 117.0.0.28.123 Android (28/9.0; 420dpi; 1080x1920; OnePlus; ONEPLUS A3003; OnePlus3; qcom; en_US; 180322800)
- phone_id=fececc37-13fb-4ca7-b4c1-842926ac61f0
- uuid=d8c038f7-d60d-4ffc-ae20-1b8f9d340f0b
- client_session_id=74517733-9e97-4ac6-9bd3-6396afa278ed
- device_id=android-638845ae1420b535
2021-08-27 14:20:58,440 - instabot version: 0.117.0 (api_login) - INFO - Not yet logged in starting: PRE-LOGIN FLOW!
2021-08-27 14:20:58,790 - instabot version: 0.117.0 (api) - DEBUG - POST to endpoint: accounts/get_prefill_candidates/ returned response: <Response [200]>
2021-08-27 14:20:59,127 - instabot version: 0.117.0 (api) - DEBUG - POST to endpoint: qe/sync/ returned response: <Response [200]>
2021-08-27 14:20:59,464 - instabot version: 0.117.0 (api) - DEBUG - POST to endpoint: launcher/sync/ returned response: <Response [200]>
2021-08-27 14:20:59,790 - instabot version: 0.117.0 (api) - DEBUG - POST to endpoint: accounts/contact_point_prefill/ returned response: <Response [200]>
2021-08-27 14:21:01,619 - instabot version: 0.117.0 (api) - DEBUG - POST to endpoint: accounts/login/ returned response: <Response [200]>
2021-08-27 14:21:01,620 - instabot version: 0.117.0 (api) - INFO - Logged-in successfully as 'todoctordoom'!
2021-08-27 14:21:01,621 - instabot version: 0.117.0 (api_login) - INFO - LOGIN FLOW! Just logged-in: True
2021-08-27 14:21:01,964 - instabot version: 0.117.0 (api) - DEBUG - POST to endpoint: qe/sync/ returned response: <Response [200]>
2021-08-27 14:21:02,323 - instabot version: 0.117.0 (api) - DEBUG - POST to endpoint: launcher/sync/ returned response: <Response [200]>
2021-08-27 14:21:02,670 - instabot version: 0.117.0 (api) - DEBUG - GET to endpoint: zr/token/result/?device_id=android-638845ae1420b535&token_hash=&custom_device_id=android-638845ae1420b535&fetch_reason=token_expired returned response: <Response [200]>
2021-08-27 14:21:03,021 - instabot version: 0.117.0 (api) - DEBUG - GET to endpoint: multiple_accounts/get_account_family/ returned response: <Response [200]>
2021-08-27 14:21:03,373 - instabot version: 0.117.0 (api) - DEBUG - POST to endpoint: qe/sync/ returned response: <Response [200]>
2021-08-27 14:21:04,006 - instabot version: 0.117.0 (api) - DEBUG - GET to endpoint: igtv/browse_feed/?prefetch=1 returned response: <Response [200]>
2021-08-27 14:21:04,325 - instabot version: 0.117.0 (api) - DEBUG - POST to endpoint: creatives/ar_class/ returned response: <Response [200]>
2021-08-27 14:21:04,795 - instabot version: 0.117.0 (api) - DEBUG - POST to endpoint: feed/reels_tray/ returned response: <Response [200]>
2021-08-27 14:21:06,288 - instabot version: 0.117.0 (api) - DEBUG - POST to endpoint: feed/timeline/ returned response: <Response [200]>
2021-08-27 14:21:06,636 - instabot version: 0.117.0 (api) - DEBUG - GET to endpoint: media/blocked/ returned response: <Response [200]>
2021-08-27 14:21:07,512 - instabot version: 0.117.0 (api) - DEBUG - GET to endpoint: news/inbox/ returned response: <Response [200]>
2021-08-27 14:21:07,855 - instabot version: 0.117.0 (api) - DEBUG - GET to endpoint: loom/fetch_config/ returned response: <Response [200]>
2021-08-27 14:21:08,472 - instabot version: 0.117.0 (api) - DEBUG - GET to endpoint: scores/bootstrap/users/?surfaces=["autocomplete_user_list","coefficient_besties_list_ranking","coefficient_rank_recipient_user_suggestion","coefficient_ios_section_test_bootstrap_ranking","coefficient_direct_recipients_ranking_variant_2"] returned response: <Response [200]>
2021-08-27 14:21:08,825 - instabot version: 0.117.0 (api) - DEBUG - GET to endpoint: business/eligibility/get_monetization_products_eligibility_data/?product_types=branded_content returned response: <Response [200]>
2021-08-27 14:21:09,151 - instabot version: 0.117.0 (api) - DEBUG - GET to endpoint: business/branded_content/should_require_professional_account/ returned response: <Response [200]>
2021-08-27 14:21:10,116 - instabot version: 0.117.0 (api) - DEBUG - GET to endpoint: linked_accounts/get_linkage_status/ returned response: <Response [200]>
2021-08-27 14:21:10,481 - instabot version: 0.117.0 (api) - DEBUG - GET to endpoint: locations/request_country/ returned response: <Response [200]>
2021-08-27 14:21:10,828 - instabot version: 0.117.0 (api) - DEBUG - GET to endpoint: qp/get_cooldowns/?signed_body=signed_body=4b9c516a5410a3bc128e09c6104a7f042146b9c2023870560c63a43a7f66781c.4&ig_sig_key_version=4&ig_sig_key_version=4 returned response: <Response [200]>
2021-08-27 14:21:11,192 - instabot version: 0.117.0 (api) - DEBUG - GET to endpoint: users/arlink_download_info/?version_override=2.2.1 returned response: <Response [200]>
2021-08-27 14:21:11,991 - instabot version: 0.117.0 (api) - DEBUG - GET to endpoint: users/46258652727/info/ returned response: <Response [200]>
2021-08-27 14:21:12,353 - instabot version: 0.117.0 (api) - DEBUG - GET to endpoint: direct_v2/get_presence/ returned response: <Response [200]>
2021-08-27 14:21:12,795 - instabot version: 0.117.0 (api) - DEBUG - GET to endpoint: direct_v2/inbox/?visual_message_return_type=unseen&thread_message_limit=10&persistentBadging=true&limit=20 returned response: <Response [200]>
2021-08-27 14:21:13,162 - instabot version: 0.117.0 (api) - DEBUG - GET to endpoint: direct_v2/inbox/?visual_message_return_type=unseen&persistentBadging=true&limit=0 returned response: <Response [200]>
2021-08-27 14:21:13,634 - instabot version: 0.117.0 (api) - DEBUG - GET to endpoint: discover/topical_explore/?is_prefetch=true&omit_cover_media=true&use_sectional_payload=true&timezone_offset=0&session_id=74517733-9e97-4ac6-9bd3-6396afa278ed&include_fixed_destinations=true returned response: <Response [200]>
2021-08-27 14:21:13,969 - instabot version: 0.117.0 (api) - DEBUG - POST to endpoint: notifications/badge/ returned response: <Response [200]>
2021-08-27 14:21:14,413 - instabot version: 0.117.0 (api) - DEBUG - POST to endpoint: qp/batch_fetch/ returned response: <Response [200]>
2021-08-27 14:21:14,415 - instabot version: 0.117.0 (bot_checkpoint) - DEBUG - Loading Checkpoint file from: D:\searchdisaner/config/todoctordoom.checkpoint
2021-08-27 14:21:20,782 - instabot version: 0.117.0 (api) - DEBUG - GET to endpoint: feed/tag/дизайн/?max_id=&rank_token=46258652727_d8c038f7-d60d-4ffc-ae20-1b8f9d340f0b&ranked_content=true& returned response: <Response [200]>
2021-08-27 14:21:21,546 - instabot version: 0.117.0 (api) - DEBUG - GET to endpoint: users/48074872743/info/ returned response: <Response [200]>
2021-08-27 14:21:22,341 - instabot version: 0.117.0 (api) - DEBUG - GET to endpoint: users/539571980/info/ returned response: <Response [200]>
2021-08-27 14:21:22,988 - instabot version: 0.117.0 (api) - DEBUG - GET to endpoint: users/36409155653/info/ returned response: <Response [200]>
2021-08-27 14:21:23,866 - instabot version: 0.117.0 (api) - DEBUG - GET to endpoint: users/36643292183/info/ returned response: <Response [200]>
2021-08-27 14:21:24,495 - instabot version: 0.117.0 (api) - DEBUG - GET to endpoint: users/6342624636/info/ returned response: <Response [200]>
2021-08-27 14:21:25,159 - instabot version: 0.117.0 (api) - DEBUG - GET to endpoint: users/5486438890/info/ returned response: <Response [200]>
2021-08-27 14:21:25,745 - instabot version: 0.117.0 (api) - DEBUG - GET to endpoint: users/7837432866/info/ returned response: <Response [200]>
2021-08-27 14:21:26,351 - instabot version: 0.117.0 (api) - DEBUG - GET to endpoint: users/1509277146/info/ returned response: <Response [200]>
2021-08-27 14:21:27,001 - instabot version: 0.117.0 (api) - DEBUG - GET to endpoint: users/17583624726/info/ returned response: <Response [200]>
2021-08-27 14:21:27,702 - instabot version: 0.117.0 (api) - DEBUG - GET to endpoint: users/45320818515/info/ returned response: <Response [200]>
2021-08-27 14:21:28,282 - instabot version: 0.117.0 (api) - DEBUG - GET to endpoint: users/26192033671/info/ returned response: <Response [200]>
2021-08-27 14:21:28,881 - instabot version: 0.117.0 (api) - DEBUG - GET to endpoint: users/48624546583/info/ returned response: <Response [200]>
2021-08-27 14:21:29,579 - instabot version: 0.117.0 (api) - DEBUG - GET to endpoint: users/48331422271/info/ returned response: <Response [200]>
2021-08-27 14:21:30,699 - instabot version: 0.117.0 (api) - DEBUG - GET to endpoint: users/16104022665/info/ returned response: <Response [200]>
2021-08-27 14:21:31,532 - instabot version: 0.117.0 (api) - DEBUG - GET to endpoint: users/25706899854/info/ returned response: <Response [200]>
2021-08-27 14:21:32,171 - instabot version: 0.117.0 (api) - DEBUG - GET to endpoint: users/20180728011/info/ returned response: <Response [200]>
2021-08-27 14:21:33,072 - instabot version: 0.117.0 (api) - DEBUG - GET to endpoint: users/1631751126/info/ returned response: <Response [200]>
2021-08-27 14:21:33,648 - instabot version: 0.117.0 (api) - DEBUG - GET to endpoint: users/3265165897/info/ returned response: <Response [200]>
2021-08-27 14:21:34,302 - instabot version: 0.117.0 (api) - DEBUG - GET to endpoint: users/45628150773/info/ returned response: <Response [200]>
2021-08-27 14:21:34,916 - instabot version: 0.117.0 (api) - DEBUG - GET to endpoint: users/45638942450/info/ returned response: <Response [200]>
2021-08-27 14:21:35,498 - instabot version: 0.117.0 (api) - DEBUG - GET to endpoint: users/4242612372/info/ returned response: <Response [200]>
2021-08-27 14:21:36,106 - instabot version: 0.117.0 (api) - DEBUG - GET to endpoint: users/1695144503/info/ returned response: <Response [200]>
2021-08-27 14:21:36,675 - instabot version: 0.117.0 (api) - DEBUG - GET to endpoint: users/5585984808/info/ returned response: <Response [200]>
2021-08-27 14:21:37,240 - instabot version: 0.117.0 (api) - DEBUG - GET to endpoint: users/49475304150/info/ returned response: <Response [200]>
2021-08-27 14:21:37,932 - instabot version: 0.117.0 (api) - DEBUG - GET to endpoint: users/21769462473/info/ returned response: <Response [200]>
2021-08-27 14:21:38,561 - instabot version: 0.117.0 (api) - DEBUG - GET to endpoint: users/5677010524/info/ returned response: <Response [200]>
2021-08-27 14:21:39,005 - instabot version: 0.117.0 (api) - DEBUG - GET to endpoint: users/49131541421/info/ returned response: <Response [200]>
2021-08-27 14:21:39,675 - instabot version: 0.117.0 (api) - DEBUG - GET to endpoint: users/42914938847/info/ returned response: <Response [200]>
2021-08-27 14:21:40,249 - instabot version: 0.117.0 (api) - DEBUG - GET to endpoint: users/5156388692/info/ returned response: <Response [200]>
2021-08-27 14:21:40,894 - instabot version: 0.117.0 (api) - DEBUG - GET to endpoint: users/43305998938/info/ returned response: <Response [200]>
2021-08-27 14:21:41,609 - instabot version: 0.117.0 (api) - DEBUG - GET to endpoint: users/23760131030/info/ returned response: <Response [200]>
2021-08-27 14:21:42,220 - instabot version: 0.117.0 (api) - DEBUG - GET to endpoint: users/7061551669/info/ returned response: <Response [200]>
2021-08-27 14:21:42,997 - instabot version: 0.117.0 (api) - DEBUG - GET to endpoint: users/1723617731/info/ returned response: <Response [200]>
2021-08-27 14:21:43,556 - instabot version: 0.117.0 (api) - DEBUG - GET to endpoint: users/48156989151/info/ returned response: <Response [200]>
2021-08-27 14:21:44,158 - instabot version: 0.117.0 (api) - DEBUG - GET to endpoint: users/4219533496/info/ returned response: <Response [200]>
2021-08-27 14:21:44,827 - instabot version: 0.117.0 (api) - DEBUG - GET to endpoint: users/1499603046/info/ returned response: <Response [200]>
2021-08-27 14:21:45,375 - instabot version: 0.117.0 (api) - DEBUG - GET to endpoint: users/40402364155/info/ returned response: <Response [200]>
2021-08-27 14:21:46,272 - instabot version: 0.117.0 (api) - DEBUG - GET to endpoint: users/47473133308/info/ returned response: <Response [200]>
2021-08-27 14:21:47,014 - instabot version: 0.117.0 (api) - DEBUG - GET to endpoint: users/41227841856/info/ returned response: <Response [200]>
2021-08-27 14:21:47,581 - instabot version: 0.117.0 (api) - DEBUG - GET to endpoint: users/7069994967/info/ returned response: <Response [200]>
2021-08-27 14:21:48,327 - instabot version: 0.117.0 (api) - DEBUG - GET to endpoint: users/7077412907/info/ returned response: <Response [200]>
2021-08-27 14:21:48,829 - instabot version: 0.117.0 (api) - DEBUG - GET to endpoint: users/43865878555/info/ returned response: <Response [200]>
2021-08-27 14:21:49,445 - instabot version: 0.117.0 (api) - DEBUG - GET to endpoint: users/44296245849/info/ returned response: <Response [200]>
2021-08-27 14:21:50,001 - instabot version: 0.117.0 (api) - DEBUG - GET to endpoint: users/2272038179/info/ returned response: <Response [200]>
2021-08-27 14:21:50,708 - instabot version: 0.117.0 (api) - DEBUG - GET to endpoint: users/35346113224/info/ returned response: <Response [200]>
2021-08-27 14:21:51,301 - instabot version: 0.117.0 (api) - DEBUG - GET to endpoint: users/1430187151/info/ returned response: <Response [200]>
2021-08-27 14:21:51,801 - instabot version: 0.117.0 (api) - DEBUG - GET to endpoint: users/46953249469/info/ returned response: <Response [200]>
2021-08-27 14:21:52,412 - instabot version: 0.117.0 (api) - DEBUG - GET to endpoint: users/8172234120/info/ returned response: <Response [200]>
2021-08-27 14:21:53,095 - instabot version: 0.117.0 (api) - DEBUG - GET to endpoint: users/16008578615/info/ returned response: <Response [200]>
2021-08-27 14:21:53,586 - instabot version: 0.117.0 (api) - DEBUG - GET to endpoint: users/10189753322/info/ returned response: <Response [200]>
2021-08-27 14:21:54,179 - instabot version: 0.117.0 (api) - DEBUG - GET to endpoint: users/8274655895/info/ returned response: <Response [200]>
2021-08-27 14:21:54,750 - instabot version: 0.117.0 (api) - DEBUG - GET to endpoint: users/6887274183/info/ returned response: <Response [200]>
2021-08-27 14:21:55,519 - instabot version: 0.117.0 (api) - DEBUG - GET to endpoint: users/15791185289/info/ returned response: <Response [200]>
2021-08-27 14:21:56,163 - instabot version: 0.117.0 (api) - DEBUG - GET to endpoint: users/18379195391/info/ returned response: <Response [200]>
2021-08-27 14:21:56,698 - instabot version: 0.117.0 (api) - DEBUG - GET to endpoint: users/210744551/info/ returned response: <Response [200]>
2021-08-27 14:21:57,361 - instabot version: 0.117.0 (api) - DEBUG - GET to endpoint: users/7344710006/info/ returned response: <Response [200]>
2021-08-27 14:21:57,922 - instabot version: 0.117.0 (api) - DEBUG - GET to endpoint: users/2262837174/info/ returned response: <Response [200]>
2021-08-27 14:21:58,381 - instabot version: 0.117.0 (api) - DEBUG - GET to endpoint: users/21658086592/info/ returned response: <Response [200]>
2021-08-27 14:21:59,715 - instabot version: 0.117.0 (api) - DEBUG - GET to endpoint: users/44294138739/info/ returned response: <Response [200]>
2021-08-27 14:22:00,379 - instabot version: 0.117.0 (api) - DEBUG - GET to endpoint: users/48389677678/info/ returned response: <Response [200]>
2021-08-27 14:22:01,287 - instabot version: 0.117.0 (api) - DEBUG - GET to endpoint: users/23445376559/info/ returned response: <Response [200]>
2021-08-27 14:22:01,892 - instabot version: 0.117.0 (api) - DEBUG - GET to endpoint: users/20733128511/info/ returned response: <Response [200]>
2021-08-27 14:22:02,594 - instabot version: 0.117.0 (api) - DEBUG - GET to endpoint: users/20044919165/info/ returned response: <Response [200]>
2021-08-27 14:22:03,340 - instabot version: 0.117.0 (api) - DEBUG - GET to endpoint: users/10342970678/info/ returned response: <Response [200]>
2021-08-27 14:22:03,881 - instabot version: 0.117.0 (api) - DEBUG - GET to endpoint: users/48346234148/info/ returned response: <Response [200]>
2021-08-27 14:22:04,515 - instabot version: 0.117.0 (api) - DEBUG - GET to endpoint: users/5814530222/info/ returned response: <Response [200]>
2021-08-27 14:22:05,154 - instabot version: 0.117.0 (api) - DEBUG - GET to endpoint: users/5830031688/info/ returned response: <Response [200]>
2021-08-27 14:22:05,908 - instabot version: 0.117.0 (api) - DEBUG - GET to endpoint: users/7708624283/info/ returned response: <Response [200]>
2021-08-27 14:22:07,112 - instabot version: 0.117.0 (api) - DEBUG - GET to endpoint: users/32190615639/info/ returned response: <Response [200]>
2021-08-27 14:22:07,643 - instabot version: 0.117.0 (api) - DEBUG - GET to endpoint: users/19776601645/info/ returned response: <Response [200]>
2021-08-27 14:22:08,273 - instabot version: 0.117.0 (api) - DEBUG - GET to endpoint: users/39532884135/info/ returned response: <Response [200]>
2021-08-27 14:22:09,443 - instabot version: 0.117.0 (api) - DEBUG - GET to endpoint: users/13634709286/info/ returned response: <Response [200]>
2021-08-27 14:22:10,013 - instabot version: 0.117.0 (api) - DEBUG - GET to endpoint: users/15496181941/info/ returned response: <Response [200]>
2021-08-27 14:22:10,559 - instabot version: 0.117.0 (api) - DEBUG - GET to endpoint: users/5703917188/info/ returned response: <Response [200]>
2021-08-27 14:22:11,143 - instabot version: 0.117.0 (api) - DEBUG - GET to endpoint: users/43333537319/info/ returned response: <Response [200]>
2021-08-27 14:22:17,220 - instabot version: 0.117.0 (api) - DEBUG - GET to endpoint: feed/tag/дизайнер/?max_id=&rank_token=46258652727_d8c038f7-d60d-4ffc-ae20-1b8f9d340f0b&ranked_content=true& returned response: <Response [200]>
2021-08-27 14:22:17,828 - instabot version: 0.117.0 (api) - DEBUG - GET to endpoint: users/45698752413/info/ returned response: <Response [200]>
2021-08-27 14:22:18,358 - instabot version: 0.117.0 (api) - DEBUG - GET to endpoint: users/11651676713/info/ returned response: <Response [200]>
2021-08-27 14:22:19,030 - instabot version: 0.117.0 (api) - DEBUG - GET to endpoint: users/32554821567/info/ returned response: <Response [200]>
2021-08-27 14:22:19,685 - instabot version: 0.117.0 (api) - DEBUG - GET to endpoint: users/1101355181/info/ returned response: <Response [200]>
2021-08-27 14:22:20,214 - instabot version: 0.117.0 (api) - DEBUG - GET to endpoint: users/38562885192/info/ returned response: <Response [200]>
2021-08-27 14:22:20,868 - instabot version: 0.117.0 (api) - DEBUG - GET to endpoint: users/43633152470/info/ returned response: <Response [200]>
2021-08-27 14:22:21,621 - instabot version: 0.117.0 (api) - DEBUG - GET to endpoint: users/540622324/info/ returned response: <Response [200]>
2021-08-27 14:22:22,478 - instabot version: 0.117.0 (api) - DEBUG - GET to endpoint: users/8291672827/info/ returned response: <Response [200]>
2021-08-27 14:22:23,361 - instabot version: 0.117.0 (api) - DEBUG - GET to endpoint: users/8434293131/info/ returned response: <Response [200]>
2021-08-27 14:22:23,854 - instabot version: 0.117.0 (api) - DEBUG - GET to endpoint: users/3301540821/info/ returned response: <Response [200]>
2021-08-27 14:22:24,462 - instabot version: 0.117.0 (api) - DEBUG - GET to endpoint: users/2320195347/info/ returned response: <Response [200]>
2021-08-27 14:22:25,075 - instabot version: 0.117.0 (api) - DEBUG - GET to endpoint: users/44352774671/info/ returned response: <Response [200]>
2021-08-27 14:22:25,744 - instabot version: 0.117.0 (api) - DEBUG - GET to endpoint: users/7069354282/info/ returned response: <Response [200]>
2021-08-27 14:22:26,348 - instabot version: 0.117.0 (api) - DEBUG - GET to endpoint: users/20711128569/info/ returned response: <Response [200]>
2021-08-27 14:22:26,944 - instabot version: 0.117.0 (api) - DEBUG - GET to endpoint: users/3147475918/info/ returned response: <Response [200]>
2021-08-27 14:22:27,513 - instabot version: 0.117.0 (api) - DEBUG - GET to endpoint: users/8374945477/info/ returned response: <Response [200]>
2021-08-27 14:22:28,083 - instabot version: 0.117.0 (api) - DEBUG - GET to endpoint: users/2786006621/info/ returned response: <Response [200]>
2021-08-27 14:22:28,642 - instabot version: 0.117.0 (api) - DEBUG - GET to endpoint: users/2148853491/info/ returned response: <Response [200]>
2021-08-27 14:22:29,332 - instabot version: 0.117.0 (api) - DEBUG - GET to endpoint: users/1143947677/info/ returned response: <Response [200]>
2021-08-27 14:22:29,936 - instabot version: 0.117.0 (api) - DEBUG - GET to endpoint: users/46669857833/info/ returned response: <Response [200]>
2021-08-27 14:22:30,555 - instabot version: 0.117.0 (api) - DEBUG - GET to endpoint: users/25771699238/info/ returned response: <Response [200]>
2021-08-27 14:22:31,134 - instabot version: 0.117.0 (api) - DEBUG - GET to endpoint: users/1032745635/info/ returned response: <Response [200]>
2021-08-27 14:22:31,757 - instabot version: 0.117.0 (api) - DEBUG - GET to endpoint: users/5506337896/info/ returned response: <Response [200]>
2021-08-27 14:22:32,471 - instabot version: 0.117.0 (api) - DEBUG - GET to endpoint: users/8467435739/info/ returned response: <Response [200]>
2021-08-27 14:22:33,146 - instabot version: 0.117.0 (api) - DEBUG - GET to endpoint: users/10694550696/info/ returned response: <Response [200]>
2021-08-27 14:22:33,676 - instabot version: 0.117.0 (api) - DEBUG - GET to endpoint: users/8483814062/info/ returned response: <Response [200]>
2021-08-27 14:22:34,249 - instabot version: 0.117.0 (api) - DEBUG - GET to endpoint: users/8562124652/info/ returned response: <Response [200]>
2021-08-27 14:22:34,949 - instabot version: 0.117.0 (api) - DEBUG - GET to endpoint: users/49104261925/info/ returned response: <Response [200]>
2021-08-27 14:22:35,471 - instabot version: 0.117.0 (api) - DEBUG - GET to endpoint: users/9190330943/info/ returned response: <Response [200]>
2021-08-27 14:22:36,258 - instabot version: 0.117.0 (api) - DEBUG - GET to endpoint: users/8595604248/info/ returned response: <Response [200]>
2021-08-27 14:22:36,919 - instabot version: 0.117.0 (api) - DEBUG - GET to endpoint: users/28872661294/info/ returned response: <Response [200]>
2021-08-27 14:22:37,502 - instabot version: 0.117.0 (api) - DEBUG - GET to endpoint: users/6020718365/info/ returned response: <Response [200]>
2021-08-27 14:22:38,145 - instabot version: 0.117.0 (api) - DEBUG - GET to endpoint: users/2728064503/info/ returned response: <Response [200]>
2021-08-27 14:22:38,858 - instabot version: 0.117.0 (api) - DEBUG - GET to endpoint: users/9246455074/info/ returned response: <Response [200]>
2021-08-27 14:22:39,469 - instabot version: 0.117.0 (api) - DEBUG - GET to endpoint: users/4235366717/info/ returned response: <Response [200]>
2021-08-27 14:22:40,012 - instabot version: 0.117.0 (api) - DEBUG - GET to endpoint: users/49022857937/info/ returned response: <Response [200]>
2021-08-27 14:22:40,623 - instabot version: 0.117.0 (api) - DEBUG - GET to endpoint: users/2118700306/info/ returned response: <Response [200]>
2021-08-27 14:22:41,176 - instabot version: 0.117.0 (api) - DEBUG - GET to endpoint: users/6490537904/info/ returned response: <Response [200]>
2021-08-27 14:22:41,759 - instabot version: 0.117.0 (api) - DEBUG - GET to endpoint: users/47677210865/info/ returned response: <Response [200]>
2021-08-27 14:22:42,365 - instabot version: 0.117.0 (api) - DEBUG - GET to endpoint: users/994103223/info/ returned response: <Response [200]>
2021-08-27 14:22:42,898 - instabot version: 0.117.0 (api) - DEBUG - GET to endpoint: users/11593561714/info/ returned response: <Response [200]>
2021-08-27 14:22:43,635 - instabot version: 0.117.0 (api) - DEBUG - GET to endpoint: users/3021845204/info/ returned response: <Response [200]>
2021-08-27 14:22:44,194 - instabot version: 0.117.0 (api) - DEBUG - GET to endpoint: users/3037829211/info/ returned response: <Response [200]>
2021-08-27 14:22:44,759 - instabot version: 0.117.0 (api) - DEBUG - GET to endpoint: users/12292530578/info/ returned response: <Response [200]>
2021-08-27 14:22:45,279 - instabot version: 0.117.0 (api) - DEBUG - GET to endpoint: users/28448528181/info/ returned response: <Response [200]>
2021-08-27 14:22:45,924 - instabot version: 0.117.0 (api) - DEBUG - GET to endpoint: users/6058752704/info/ returned response: <Response [200]>
2021-08-27 14:22:46,547 - instabot version: 0.117.0 (api) - DEBUG - GET to endpoint: users/31715421/info/ returned response: <Response [200]>
2021-08-27 14:22:47,150 - instabot version: 0.117.0 (api) - DEBUG - GET to endpoint: users/4279013242/info/ returned response: <Response [200]>
2021-08-27 14:22:47,731 - instabot version: 0.117.0 (api) - DEBUG - GET to endpoint: users/3311055090/info/ returned response: <Response [200]>
2021-08-27 14:22:48,306 - instabot version: 0.117.0 (api) - DEBUG - GET to endpoint: users/24643463242/info/ returned response: <Response [200]>
2021-08-27 14:22:48,831 - instabot version: 0.117.0 (api) - DEBUG - GET to endpoint: users/49032102916/info/ returned response: <Response [200]>
2021-08-27 14:22:49,343 - instabot version: 0.117.0 (api) - DEBUG - GET to endpoint: users/42037076322/info/ returned response: <Response [200]>
2021-08-27 14:22:49,980 - instabot version: 0.117.0 (api) - DEBUG - GET to endpoint: users/6847905557/info/ returned response: <Response [200]>
2021-08-27 14:22:50,573 - instabot version: 0.117.0 (api) - DEBUG - GET to endpoint: users/9375187423/info/ returned response: <Response [200]>
2021-08-27 14:22:51,279 - instabot version: 0.117.0 (api) - DEBUG - GET to endpoint: users/45369556603/info/ returned response: <Response [200]>
2021-08-27 14:22:51,902 - instabot version: 0.117.0 (api) - DEBUG - GET to endpoint: users/324125729/info/ returned response: <Response [200]>
2021-08-27 14:22:52,399 - instabot version: 0.117.0 (api) - DEBUG - GET to endpoint: users/48871789294/info/ returned response: <Response [200]>
2021-08-27 14:22:53,038 - instabot version: 0.117.0 (api) - DEBUG - GET to endpoint: users/388031888/info/ returned response: <Response [200]>
2021-08-27 14:22:53,603 - instabot version: 0.117.0 (api) - DEBUG - GET to endpoint: users/19335829920/info/ returned response: <Response [200]>
2021-08-27 14:22:54,168 - instabot version: 0.117.0 (api) - DEBUG - GET to endpoint: users/7968349479/info/ returned response: <Response [200]>
2021-08-27 14:22:54,661 - instabot version: 0.117.0 (api) - DEBUG - GET to endpoint: users/31534066360/info/ returned response: <Response [200]>
2021-08-27 14:22:55,138 - instabot version: 0.117.0 (api) - DEBUG - GET to endpoint: users/34928530379/info/ returned response: <Response [200]>
2021-08-27 14:22:55,759 - instabot version: 0.117.0 (api) - DEBUG - GET to endpoint: users/452760269/info/ returned response: <Response [200]>
2021-08-27 14:22:56,188 - instabot version: 0.117.0 (api) - DEBUG - GET to endpoint: users/48731834127/info/ returned response: <Response [200]>
2021-08-27 14:22:56,726 - instabot version: 0.117.0 (api) - DEBUG - GET to endpoint: users/6920973497/info/ returned response: <Response [200]>
2021-08-27 14:22:57,248 - instabot version: 0.117.0 (api) - DEBUG - GET to endpoint: users/49061864941/info/ returned response: <Response [200]>
2021-08-27 14:22:57,955 - instabot version: 0.117.0 (api) - DEBUG - GET to endpoint: users/470744742/info/ returned response: <Response [200]>
2021-08-27 14:23:03,912 - instabot version: 0.117.0 (api) - DEBUG - GET to endpoint: feed/tag/интерьер/?max_id=&rank_token=46258652727_d8c038f7-d60d-4ffc-ae20-1b8f9d340f0b&ranked_content=true& returned response: <Response [200]>
2021-08-27 14:23:04,693 - instabot version: 0.117.0 (api) - DEBUG - GET to endpoint: users/45016166985/info/ returned response: <Response [200]>
2021-08-27 14:23:05,242 - instabot version: 0.117.0 (api) - DEBUG - GET to endpoint: users/1534206718/info/ returned response: <Response [200]>
2021-08-27 14:23:05,781 - instabot version: 0.117.0 (api) - DEBUG - GET to endpoint: users/48976224463/info/ returned response: <Response [200]>
2021-08-27 14:23:06,305 - instabot version: 0.117.0 (api) - DEBUG - GET to endpoint: users/19527740083/info/ returned response: <Response [200]>
2021-08-27 14:23:06,843 - instabot version: 0.117.0 (api) - DEBUG - GET to endpoint: users/28885532878/info/ returned response: <Response [200]>
2021-08-27 14:23:07,562 - instabot version: 0.117.0 (api) - DEBUG - GET to endpoint: users/48441743214/info/ returned response: <Response [200]>
2021-08-27 14:23:08,244 - instabot version: 0.117.0 (api) - DEBUG - GET to endpoint: users/5021532522/info/ returned response: <Response [200]>
2021-08-27 14:23:08,835 - instabot version: 0.117.0 (api) - DEBUG - GET to endpoint: users/1690922188/info/ returned response: <Response [200]>
2021-08-27 14:23:09,437 - instabot version: 0.117.0 (api) - DEBUG - GET to endpoint: users/1252738627/info/ returned response: <Response [200]>
2021-08-27 14:23:10,021 - instabot version: 0.117.0 (api) - DEBUG - GET to endpoint: users/1685886382/info/ returned response: <Response [200]>
2021-08-27 14:23:10,938 - instabot version: 0.117.0 (api) - DEBUG - GET to endpoint: users/4192723388/info/ returned response: <Response [200]>
2021-08-27 14:23:11,605 - instabot version: 0.117.0 (api) - DEBUG - GET to endpoint: users/46138603590/info/ returned response: <Response [200]>
2021-08-27 14:23:12,184 - instabot version: 0.117.0 (api) - DEBUG - GET to endpoint: users/44089648103/info/ returned response: <Response [200]>
2021-08-27 14:23:12,741 - instabot version: 0.117.0 (api) - DEBUG - GET to endpoint: users/4017392282/info/ returned response: <Response [200]>
2021-08-27 14:23:13,362 - instabot version: 0.117.0 (api) - DEBUG - GET to endpoint: users/1237587972/info/ returned response: <Response [200]>
2021-08-27 14:23:13,834 - instabot version: 0.117.0 (api) - DEBUG - GET to endpoint: users/7584743032/info/ returned response: <Response [200]>
2021-08-27 14:23:14,511 - instabot version: 0.117.0 (api) - DEBUG - GET to endpoint: users/29112560660/info/ returned response: <Response [200]>
2021-08-27 14:23:15,154 - instabot version: 0.117.0 (api) - DEBUG - GET to endpoint: users/4092505428/info/ returned response: <Response [200]>
2021-08-27 14:23:15,750 - instabot version: 0.117.0 (api) - DEBUG - GET to endpoint: users/7543356059/info/ returned response: <Response [200]>
2021-08-27 14:23:16,644 - instabot version: 0.117.0 (api) - DEBUG - GET to endpoint: users/36382821008/info/ returned response: <Response [200]>
2021-08-27 14:23:17,178 - instabot version: 0.117.0 (api) - DEBUG - GET to endpoint: users/49108132209/info/ returned response: <Response [200]>
2021-08-27 14:23:17,649 - instabot version: 0.117.0 (api) - DEBUG - GET to endpoint: users/9169297975/info/ returned response: <Response [200]>
2021-08-27 14:23:18,201 - instabot version: 0.117.0 (api) - DEBUG - GET to endpoint: users/1642285167/info/ returned response: <Response [200]>
2021-08-27 14:23:18,861 - instabot version: 0.117.0 (api) - DEBUG - GET to endpoint: users/3655157530/info/ returned response: <Response [200]>
2021-08-27 14:23:19,414 - instabot version: 0.117.0 (api) - DEBUG - GET to endpoint: users/4361044033/info/ returned response: <Response [200]>
2021-08-27 14:23:19,987 - instabot version: 0.117.0 (api) - DEBUG - GET to endpoint: users/11211866203/info/ returned response: <Response [200]>
2021-08-27 14:23:20,709 - instabot version: 0.117.0 (api) - DEBUG - GET to endpoint: users/30875311611/info/ returned response: <Response [200]>
2021-08-27 14:23:21,304 - instabot version: 0.117.0 (api) - DEBUG - GET to endpoint: users/30298286119/info/ returned response: <Response [200]>
2021-08-27 14:23:21,944 - instabot version: 0.117.0 (api) - DEBUG - GET to endpoint: users/47543143997/info/ returned response: <Response [200]>
2021-08-27 14:23:22,612 - instabot version: 0.117.0 (api) - DEBUG - GET to endpoint: users/6929563102/info/ returned response: <Response [200]>
2021-08-27 14:23:23,149 - instabot version: 0.117.0 (api) - DEBUG - GET to endpoint: users/45503185419/info/ returned response: <Response [200]>
2021-08-27 14:23:23,806 - instabot version: 0.117.0 (api) - DEBUG - GET to endpoint: users/30051960522/info/ returned response: <Response [200]>
2021-08-27 14:23:24,517 - instabot version: 0.117.0 (api) - DEBUG - GET to endpoint: users/13286319619/info/ returned response: <Response [200]>
2021-08-27 14:23:24,913 - instabot version: 0.117.0 (api) - DEBUG - GET to endpoint: users/49158456673/info/ returned response: <Response [200]>
2021-08-27 14:23:25,448 - instabot version: 0.117.0 (api) - DEBUG - GET to endpoint: users/1497725361/info/ returned response: <Response [200]>
2021-08-27 14:23:26,031 - instabot version: 0.117.0 (api) - DEBUG - GET to endpoint: users/46199529417/info/ returned response: <Response [200]>
2021-08-27 14:23:26,828 - instabot version: 0.117.0 (api) - DEBUG - GET to endpoint: users/8277677992/info/ returned response: <Response [200]>
2021-08-27 14:23:27,358 - instabot version: 0.117.0 (api) - DEBUG - GET to endpoint: users/12096875014/info/ returned response: <Response [200]>
2021-08-27 14:42:25,015 - instabot version: 0.117.0 (bot) - INFO - Instabot version: 0.117.0 Started
2021-08-27 14:42:25,016 - instabot version: 0.117.0 (bot) - DEBUG - Bot imported from D:\searchdisaner\venv\lib\site-packages\instabot\bot\bot.py
2021-08-27 14:42:25,041 - instabot version: 0.117.0 (api_login) - DEBUG - Loading uuids
2021-08-27 14:42:25,042 - instabot version: 0.117.0 (api_login) - INFO - Recovery from D:\searchdisaner/config/instbober_uuid_and_cookie.json: COOKIE False - UUIDs True - TIMING, DEVICE and ...
- user-agent=Instagram 117.0.0.28.123 Android (28/9.0; 420dpi; 1080x1920; OnePlus; ONEPLUS A3003; OnePlus3; qcom; en_US; 180322800)
- phone_id=69e66906-ef6a-4561-86e6-8c98a236847c
- uuid=81500ee0-4cf5-493e-ae1a-6a5011cbe63d
- client_session_id=32957a9d-435a-448b-9ee5-e5e488d33b0c
- device_id=android-ba894ce94a484232
2021-08-27 14:42:25,043 - instabot version: 0.117.0 (api_login) - INFO - Not yet logged in starting: PRE-LOGIN FLOW!
2021-08-27 14:42:25,415 - instabot version: 0.117.0 (api) - DEBUG - POST to endpoint: accounts/get_prefill_candidates/ returned response: <Response [200]>
2021-08-27 14:42:25,796 - instabot version: 0.117.0 (api) - DEBUG - POST to endpoint: qe/sync/ returned response: <Response [200]>
2021-08-27 14:42:26,144 - instabot version: 0.117.0 (api) - DEBUG - POST to endpoint: launcher/sync/ returned response: <Response [200]>
2021-08-27 14:42:26,476 - instabot version: 0.117.0 (api) - DEBUG - POST to endpoint: accounts/contact_point_prefill/ returned response: <Response [200]>
2021-08-27 14:42:27,911 - instabot version: 0.117.0 (api) - DEBUG - POST to endpoint: accounts/login/ returned response: <Response [200]>
2021-08-27 14:42:27,911 - instabot version: 0.117.0 (api) - INFO - Logged-in successfully as 'instbober'!
2021-08-27 14:42:27,912 - instabot version: 0.117.0 (api_login) - INFO - LOGIN FLOW! Just logged-in: True
2021-08-27 14:42:28,258 - instabot version: 0.117.0 (api) - DEBUG - POST to endpoint: qe/sync/ returned response: <Response [200]>
2021-08-27 14:42:28,555 - instabot version: 0.117.0 (api) - DEBUG - POST to endpoint: launcher/sync/ returned response: <Response [200]>
2021-08-27 14:42:28,836 - instabot version: 0.117.0 (api) - DEBUG - GET to endpoint: zr/token/result/?device_id=android-ba894ce94a484232&token_hash=&custom_device_id=android-ba894ce94a484232&fetch_reason=token_expired returned response: <Response [200]>
2021-08-27 14:42:29,140 - instabot version: 0.117.0 (api) - DEBUG - GET to endpoint: multiple_accounts/get_account_family/ returned response: <Response [200]>
2021-08-27 14:42:29,445 - instabot version: 0.117.0 (api) - DEBUG - POST to endpoint: qe/sync/ returned response: <Response [200]>
2021-08-27 14:42:30,082 - instabot version: 0.117.0 (api) - DEBUG - GET to endpoint: igtv/browse_feed/?prefetch=1 returned response: <Response [200]>
2021-08-27 14:42:30,382 - instabot version: 0.117.0 (api) - DEBUG - POST to endpoint: creatives/ar_class/ returned response: <Response [200]>
2021-08-27 14:42:31,002 - instabot version: 0.117.0 (api) - DEBUG - POST to endpoint: feed/reels_tray/ returned response: <Response [200]>
2021-08-27 14:42:32,304 - instabot version: 0.117.0 (api) - DEBUG - POST to endpoint: feed/timeline/ returned response: <Response [200]>
2021-08-27 14:42:32,580 - instabot version: 0.117.0 (api) - DEBUG - GET to endpoint: media/blocked/ returned response: <Response [200]>
2021-08-27 14:42:33,265 - instabot version: 0.117.0 (api) - DEBUG - GET to endpoint: news/inbox/ returned response: <Response [200]>
2021-08-27 14:42:33,576 - instabot version: 0.117.0 (api) - DEBUG - GET to endpoint: loom/fetch_config/ returned response: <Response [200]>
2021-08-27 14:42:34,282 - instabot version: 0.117.0 (api) - DEBUG - GET to endpoint: scores/bootstrap/users/?surfaces=["autocomplete_user_list","coefficient_besties_list_ranking","coefficient_rank_recipient_user_suggestion","coefficient_ios_section_test_bootstrap_ranking","coefficient_direct_recipients_ranking_variant_2"] returned response: <Response [200]>
2021-08-27 14:42:34,579 - instabot version: 0.117.0 (api) - DEBUG - GET to endpoint: business/eligibility/get_monetization_products_eligibility_data/?product_types=branded_content returned response: <Response [200]>
2021-08-27 14:42:34,865 - instabot version: 0.117.0 (api) - DEBUG - GET to endpoint: business/branded_content/should_require_professional_account/ returned response: <Response [200]>
2021-08-27 14:42:35,150 - instabot version: 0.117.0 (api) - DEBUG - GET to endpoint: linked_accounts/get_linkage_status/ returned response: <Response [200]>
2021-08-27 14:42:35,446 - instabot version: 0.117.0 (api) - DEBUG - GET to endpoint: locations/request_country/ returned response: <Response [200]>
2021-08-27 14:42:35,734 - instabot version: 0.117.0 (api) - DEBUG - GET to endpoint: qp/get_cooldowns/?signed_body=signed_body=4b9c516a5410a3bc128e09c6104a7f042146b9c2023870560c63a43a7f66781c.4&ig_sig_key_version=4&ig_sig_key_version=4 returned response: <Response [200]>
2021-08-27 14:42:36,020 - instabot version: 0.117.0 (api) - DEBUG - GET to endpoint: users/arlink_download_info/?version_override=2.2.1 returned response: <Response [200]>
2021-08-27 14:42:36,423 - instabot version: 0.117.0 (api) - DEBUG - GET to endpoint: users/48835444494/info/ returned response: <Response [200]>
2021-08-27 14:42:36,825 - instabot version: 0.117.0 (api) - DEBUG - GET to endpoint: direct_v2/get_presence/ returned response: <Response [200]>
2021-08-27 14:42:37,261 - instabot version: 0.117.0 (api) - DEBUG - GET to endpoint: direct_v2/inbox/?visual_message_return_type=unseen&thread_message_limit=10&persistentBadging=true&limit=20 returned response: <Response [200]>
2021-08-27 14:42:37,675 - instabot version: 0.117.0 (api) - DEBUG - GET to endpoint: direct_v2/inbox/?visual_message_return_type=unseen&persistentBadging=true&limit=0 returned response: <Response [200]>
2021-08-27 14:42:38,072 - instabot version: 0.117.0 (api) - DEBUG - GET to endpoint: discover/topical_explore/?is_prefetch=true&omit_cover_media=true&use_sectional_payload=true&timezone_offset=0&session_id=32957a9d-435a-448b-9ee5-e5e488d33b0c&include_fixed_destinations=true returned response: <Response [200]>
2021-08-27 14:42:38,384 - instabot version: 0.117.0 (api) - DEBUG - POST to endpoint: notifications/badge/ returned response: <Response [200]>
2021-08-27 14:42:38,780 - instabot version: 0.117.0 (api) - DEBUG - POST to endpoint: qp/batch_fetch/ returned response: <Response [200]>
2021-08-27 14:42:38,782 - instabot version: 0.117.0 (bot_checkpoint) - DEBUG - Loading Checkpoint file from: D:\searchdisaner/config/instbober.checkpoint
2021-08-27 14:42:44,491 - instabot version: 0.117.0 (api) - DEBUG - GET to endpoint: feed/tag/дизайн/?max_id=&rank_token=48835444494_81500ee0-4cf5-493e-ae1a-6a5011cbe63d&ranked_content=true& returned response: <Response [200]>
2021-08-27 14:42:45,042 - instabot version: 0.117.0 (api) - DEBUG - GET to endpoint: users/45476182462/info/ returned response: <Response [200]>
2021-08-27 14:42:45,532 - instabot version: 0.117.0 (api) - DEBUG - GET to endpoint: users/46003825888/info/ returned response: <Response [200]>
2021-08-27 14:42:45,914 - instabot version: 0.117.0 (api) - DEBUG - GET to endpoint: users/2278718012/info/ returned response: <Response [200]>
2021-08-27 14:42:46,406 - instabot version: 0.117.0 (api) - DEBUG - GET to endpoint: users/31998160724/info/ returned response: <Response [200]>
2021-08-27 14:42:46,978 - instabot version: 0.117.0 (api) - DEBUG - GET to endpoint: users/47923450820/info/ returned response: <Response [200]>
2021-08-27 14:42:47,485 - instabot version: 0.117.0 (api) - DEBUG - GET to endpoint: users/48346234148/info/ returned response: <Response [200]>
2021-08-27 14:42:47,992 - instabot version: 0.117.0 (api) - DEBUG - GET to endpoint: users/36052227166/info/ returned response: <Response [200]>
2021-08-27 14:42:48,698 - instabot version: 0.117.0 (api) - DEBUG - GET to endpoint: users/1675112227/info/ returned response: <Response [200]>
2021-08-27 14:42:49,277 - instabot version: 0.117.0 (api) - DEBUG - GET to endpoint: users/8612987197/info/ returned response: <Response [200]>
2021-08-27 14:42:50,030 - instabot version: 0.117.0 (api) - DEBUG - GET to endpoint: users/48624546583/info/ returned response: <Response [200]>
2021-08-27 14:42:50,523 - instabot version: 0.117.0 (api) - DEBUG - GET to endpoint: users/7138462977/info/ returned response: <Response [200]>
2021-08-27 14:42:51,212 - instabot version: 0.117.0 (api) - DEBUG - GET to endpoint: users/24355277329/info/ returned response: <Response [200]>
2021-08-27 14:42:51,742 - instabot version: 0.117.0 (api) - DEBUG - GET to endpoint: users/45721580767/info/ returned response: <Response [200]>
2021-08-27 14:42:52,418 - instabot version: 0.117.0 (api) - DEBUG - GET to endpoint: users/1631751126/info/ returned response: <Response [200]>
2021-08-27 14:42:53,322 - instabot version: 0.117.0 (api) - DEBUG - GET to endpoint: users/39884820526/info/ returned response: <Response [200]>
2021-08-27 14:42:53,973 - instabot version: 0.117.0 (api) - DEBUG - GET to endpoint: users/25991110203/info/ returned response: <Response [200]>
2021-08-27 14:42:54,490 - instabot version: 0.117.0 (api) - DEBUG - GET to endpoint: users/7077902594/info/ returned response: <Response [200]>
2021-08-27 14:42:55,115 - instabot version: 0.117.0 (api) - DEBUG - GET to endpoint: users/4139165444/info/ returned response: <Response [200]>
2021-08-27 14:42:55,772 - instabot version: 0.117.0 (api) - DEBUG - GET to endpoint: users/40440265470/info/ returned response: <Response [200]>
2021-08-27 14:42:56,295 - instabot version: 0.117.0 (api) - DEBUG - GET to endpoint: users/2287637795/info/ returned response: <Response [200]>
2021-08-27 14:42:57,057 - instabot version: 0.117.0 (api) - DEBUG - GET to endpoint: users/11787900197/info/ returned response: <Response [200]>
2021-08-27 14:42:57,524 - instabot version: 0.117.0 (api) - DEBUG - GET to endpoint: users/41384440431/info/ returned response: <Response [200]>
2021-08-27 14:42:58,066 - instabot version: 0.117.0 (api) - DEBUG - GET to endpoint: users/32064801161/info/ returned response: <Response [200]>
2021-08-27 14:42:58,583 - instabot version: 0.117.0 (api) - DEBUG - GET to endpoint: users/7629104187/info/ returned response: <Response [200]>
2021-08-27 14:42:59,206 - instabot version: 0.117.0 (api) - DEBUG - GET to endpoint: users/37538595445/info/ returned response: <Response [200]>
2021-08-27 14:42:59,592 - instabot version: 0.117.0 (api) - DEBUG - GET to endpoint: users/44579918207/info/ returned response: <Response [200]>
2021-08-27 14:43:00,210 - instabot version: 0.117.0 (api) - DEBUG - GET to endpoint: users/48089013563/info/ returned response: <Response [200]>
2021-08-27 14:43:00,768 - instabot version: 0.117.0 (api) - DEBUG - GET to endpoint: users/49095635820/info/ returned response: <Response [200]>
2021-08-27 14:43:01,301 - instabot version: 0.117.0 (api) - DEBUG - GET to endpoint: users/22711750955/info/ returned response: <Response [200]>
2021-08-27 14:43:01,800 - instabot version: 0.117.0 (api) - DEBUG - GET to endpoint: users/48389677678/info/ returned response: <Response [200]>
2021-08-27 14:43:02,192 - instabot version: 0.117.0 (api) - DEBUG - GET to endpoint: users/26286928042/info/ returned response: <Response [200]>
2021-08-27 14:43:03,006 - instabot version: 0.117.0 (api) - DEBUG - GET to endpoint: users/43636647294/info/ returned response: <Response [200]>
2021-08-27 14:43:03,484 - instabot version: 0.117.0 (api) - DEBUG - GET to endpoint: users/14890464572/info/ returned response: <Response [200]>
2021-08-27 14:43:03,961 - instabot version: 0.117.0 (api) - DEBUG - GET to endpoint: users/7768094647/info/ returned response: <Response [200]>
2021-08-27 14:43:04,440 - instabot version: 0.117.0 (api) - DEBUG - GET to endpoint: users/25339282223/info/ returned response: <Response [200]>
2021-08-27 14:43:04,948 - instabot version: 0.117.0 (api) - DEBUG - GET to endpoint: users/46734021031/info/ returned response: <Response [200]>
2021-08-27 14:43:05,538 - instabot version: 0.117.0 (api) - DEBUG - GET to endpoint: users/7361657372/info/ returned response: <Response [200]>
2021-08-27 14:43:05,916 - instabot version: 0.117.0 (api) - DEBUG - GET to endpoint: users/48920071605/info/ returned response: <Response [200]>
2021-08-27 14:43:06,465 - instabot version: 0.117.0 (api) - DEBUG - GET to endpoint: users/4929750013/info/ returned response: <Response [200]>
2021-08-27 14:43:06,994 - instabot version: 0.117.0 (api) - DEBUG - GET to endpoint: users/19720819360/info/ returned response: <Response [200]>
2021-08-27 14:43:07,496 - instabot version: 0.117.0 (api) - DEBUG - GET to endpoint: users/49085819549/info/ returned response: <Response [200]>
2021-08-27 14:43:08,258 - instabot version: 0.117.0 (api) - DEBUG - GET to endpoint: users/3982122255/info/ returned response: <Response [200]>
2021-08-27 14:43:08,842 - instabot version: 0.117.0 (api) - DEBUG - GET to endpoint: users/4281404399/info/ returned response: <Response [200]>
2021-08-27 14:43:09,499 - instabot version: 0.117.0 (api) - DEBUG - GET to endpoint: users/39911282029/info/ returned response: <Response [200]>
2021-08-27 14:43:10,158 - instabot version: 0.117.0 (api) - DEBUG - GET to endpoint: users/49081888349/info/ returned response: <Response [200]>
2021-08-27 14:43:10,832 - instabot version: 0.117.0 (api) - DEBUG - GET to endpoint: users/6229497954/info/ returned response: <Response [200]>
2021-08-27 14:43:11,349 - instabot version: 0.117.0 (api) - DEBUG - GET to endpoint: users/47346994113/info/ returned response: <Response [200]>
2021-08-27 14:43:11,884 - instabot version: 0.117.0 (api) - DEBUG - GET to endpoint: users/2132944513/info/ returned response: <Response [200]>
2021-08-27 14:43:12,409 - instabot version: 0.117.0 (api) - DEBUG - GET to endpoint: users/7069994967/info/ returned response: <Response [200]>
2021-08-27 14:43:12,967 - instabot version: 0.117.0 (api) - DEBUG - GET to endpoint: users/530792523/info/ returned response: <Response [200]>
2021-08-27 14:43:13,540 - instabot version: 0.117.0 (api) - DEBUG - GET to endpoint: users/5907225619/info/ returned response: <Response [200]>
2021-08-27 14:43:14,099 - instabot version: 0.117.0 (api) - DEBUG - GET to endpoint: users/46486193680/info/ returned response: <Response [200]>
2021-08-27 14:43:14,663 - instabot version: 0.117.0 (api) - DEBUG - GET to endpoint: users/20037295228/info/ returned response: <Response [200]>
2021-08-27 14:43:15,222 - instabot version: 0.117.0 (api) - DEBUG - GET to endpoint: users/5727835434/info/ returned response: <Response [200]>
2021-08-27 14:43:15,753 - instabot version: 0.117.0 (api) - DEBUG - GET to endpoint: users/28355145272/info/ returned response: <Response [200]>
2021-08-27 14:43:16,236 - instabot version: 0.117.0 (api) - DEBUG - GET to endpoint: users/48773645969/info/ returned response: <Response [200]>
2021-08-27 14:43:16,813 - instabot version: 0.117.0 (api) - DEBUG - GET to endpoint: users/45934044611/info/ returned response: <Response [200]>
2021-08-27 14:43:17,319 - instabot version: 0.117.0 (api) - DEBUG - GET to endpoint: users/7056321985/info/ returned response: <Response [200]>
2021-08-27 14:43:17,729 - instabot version: 0.117.0 (api) - DEBUG - GET to endpoint: users/45097485472/info/ returned response: <Response [200]>
2021-08-27 14:43:18,163 - instabot version: 0.117.0 (api) - DEBUG - GET to endpoint: users/43841279245/info/ returned response: <Response [200]>
2021-08-27 14:43:18,988 - instabot version: 0.117.0 (api) - DEBUG - GET to endpoint: users/37252076724/info/ returned response: <Response [200]>
2021-08-27 14:43:19,495 - instabot version: 0.117.0 (api) - DEBUG - GET to endpoint: users/2170209017/info/ returned response: <Response [200]>
2021-08-27 14:43:20,134 - instabot version: 0.117.0 (api) - DEBUG - GET to endpoint: users/6774009965/info/ returned response: <Response [200]>
2021-08-27 14:43:20,603 - instabot version: 0.117.0 (api) - DEBUG - GET to endpoint: users/4272692619/info/ returned response: <Response [200]>
2021-08-27 14:43:21,111 - instabot version: 0.117.0 (api) - DEBUG - GET to endpoint: users/44535374003/info/ returned response: <Response [200]>
2021-08-27 14:43:21,698 - instabot version: 0.117.0 (api) - DEBUG - GET to endpoint: users/5357241140/info/ returned response: <Response [200]>
2021-08-27 14:43:22,303 - instabot version: 0.117.0 (api) - DEBUG - GET to endpoint: users/44905917267/info/ returned response: <Response [200]>
2021-08-27 14:43:22,872 - instabot version: 0.117.0 (api) - DEBUG - GET to endpoint: users/11570849765/info/ returned response: <Response [200]>
2021-08-27 14:43:23,349 - instabot version: 0.117.0 (api) - DEBUG - GET to endpoint: users/18491274000/info/ returned response: <Response [200]>
2021-08-27 14:43:23,842 - instabot version: 0.117.0 (api) - DEBUG - GET to endpoint: users/49209791336/info/ returned response: <Response [200]>
2021-08-27 14:43:24,437 - instabot version: 0.117.0 (api) - DEBUG - GET to endpoint: users/379429417/info/ returned response: <Response [200]>
2021-08-27 14:43:25,050 - instabot version: 0.117.0 (api) - DEBUG - GET to endpoint: users/5799796548/info/ returned response: <Response [200]>
2021-08-27 14:43:25,662 - instabot version: 0.117.0 (api) - DEBUG - GET to endpoint: users/26519992419/info/ returned response: <Response [200]>
2021-08-27 14:43:31,827 - instabot version: 0.117.0 (api) - DEBUG - GET to endpoint: feed/tag/дизайнер/?max_id=&rank_token=48835444494_81500ee0-4cf5-493e-ae1a-6a5011cbe63d&ranked_content=true& returned response: <Response [200]>
2021-08-27 14:43:32,424 - instabot version: 0.117.0 (api) - DEBUG - GET to endpoint: users/5576855071/info/ returned response: <Response [200]>
2021-08-27 14:43:32,927 - instabot version: 0.117.0 (api) - DEBUG - GET to endpoint: users/8903189675/info/ returned response: <Response [200]>
2021-08-27 14:43:33,542 - instabot version: 0.117.0 (api) - DEBUG - GET to endpoint: users/2671099834/info/ returned response: <Response [200]>
2021-08-27 14:43:34,023 - instabot version: 0.117.0 (api) - DEBUG - GET to endpoint: users/1426505676/info/ returned response: <Response [200]>
2021-08-27 14:43:34,599 - instabot version: 0.117.0 (api) - DEBUG - GET to endpoint: users/5332009536/info/ returned response: <Response [200]>
2021-08-27 14:43:35,147 - instabot version: 0.117.0 (api) - DEBUG - GET to endpoint: users/49202879767/info/ returned response: <Response [200]>
2021-08-27 14:43:35,685 - instabot version: 0.117.0 (api) - DEBUG - GET to endpoint: users/34931828233/info/ returned response: <Response [200]>
2021-08-27 14:43:36,392 - instabot version: 0.117.0 (api) - DEBUG - GET to endpoint: users/31479874663/info/ returned response: <Response [200]>
2021-08-27 14:43:36,872 - instabot version: 0.117.0 (api) - DEBUG - GET to endpoint: users/3169047123/info/ returned response: <Response [200]>
2021-08-27 14:43:37,587 - instabot version: 0.117.0 (api) - DEBUG - GET to endpoint: users/1397756099/info/ returned response: <Response [200]>
2021-08-27 14:43:37,933 - instabot version: 0.117.0 (api) - DEBUG - GET to endpoint: users/47120482003/info/ returned response: <Response [200]>
2021-08-27 14:43:38,440 - instabot version: 0.117.0 (api) - DEBUG - GET to endpoint: users/24499734225/info/ returned response: <Response [200]>
2021-08-27 14:43:38,959 - instabot version: 0.117.0 (api) - DEBUG - GET to endpoint: users/7280795782/info/ returned response: <Response [200]>
2021-08-27 14:43:39,633 - instabot version: 0.117.0 (api) - DEBUG - GET to endpoint: users/49002938429/info/ returned response: <Response [200]>
2021-08-27 14:43:40,179 - instabot version: 0.117.0 (api) - DEBUG - GET to endpoint: users/46767975101/info/ returned response: <Response [200]>
2021-08-27 14:43:40,861 - instabot version: 0.117.0 (api) - DEBUG - GET to endpoint: users/20346012118/info/ returned response: <Response [200]>
2021-08-27 14:43:41,330 - instabot version: 0.117.0 (api) - DEBUG - GET to endpoint: users/21307973900/info/ returned response: <Response [200]>
2021-08-27 14:43:41,919 - instabot version: 0.117.0 (api) - DEBUG - GET to endpoint: users/2232547655/info/ returned response: <Response [200]>
2021-08-27 14:43:42,744 - instabot version: 0.117.0 (api) - DEBUG - GET to endpoint: users/8368183591/info/ returned response: <Response [200]>
2021-08-27 14:43:43,122 - instabot version: 0.117.0 (api) - DEBUG - GET to endpoint: users/45698752413/info/ returned response: <Response [200]>
2021-08-27 14:43:43,633 - instabot version: 0.117.0 (api) - DEBUG - GET to endpoint: users/10617598997/info/ returned response: <Response [200]>
2021-08-27 14:43:44,241 - instabot version: 0.117.0 (api) - DEBUG - GET to endpoint: users/11651676713/info/ returned response: <Response [200]>
2021-08-27 14:43:44,778 - instabot version: 0.117.0 (api) - DEBUG - GET to endpoint: users/32554821567/info/ returned response: <Response [200]>
2021-08-27 14:43:45,336 - instabot version: 0.117.0 (api) - DEBUG - GET to endpoint: users/2552905826/info/ returned response: <Response [200]>
2021-08-27 14:43:45,882 - instabot version: 0.117.0 (api) - DEBUG - GET to endpoint: users/1101355181/info/ returned response: <Response [200]>
2021-08-27 14:43:46,382 - instabot version: 0.117.0 (api) - DEBUG - GET to endpoint: users/38562885192/info/ returned response: <Response [200]>
2021-08-27 14:43:46,992 - instabot version: 0.117.0 (api) - DEBUG - GET to endpoint: users/7837432866/info/ returned response: <Response [200]>
2021-08-27 14:43:47,643 - instabot version: 0.117.0 (api) - DEBUG - GET to endpoint: users/6518295009/info/ returned response: <Response [200]>
2021-08-27 14:43:48,257 - instabot version: 0.117.0 (api) - DEBUG - GET to endpoint: users/1166907836/info/ returned response: <Response [200]>
2021-08-27 14:43:48,776 - instabot version: 0.117.0 (api) - DEBUG - GET to endpoint: users/43633152470/info/ returned response: <Response [200]>
2021-08-27 14:43:54,628 - instabot version: 0.117.0 (api) - DEBUG - GET to endpoint: users/540622324/info/ returned response: <Response [200]>
2021-08-27 14:43:55,085 - instabot version: 0.117.0 (api) - DEBUG - GET to endpoint: users/1499603046/info/ returned response: <Response [200]>
2021-08-27 14:43:55,590 - instabot version: 0.117.0 (api) - DEBUG - GET to endpoint: users/8291672827/info/ returned response: <Response [200]>
2021-08-27 14:43:56,620 - instabot version: 0.117.0 (api) - DEBUG - GET to endpoint: users/8434293131/info/ returned response: <Response [200]>
2021-08-27 14:43:57,073 - instabot version: 0.117.0 (api) - DEBUG - GET to endpoint: users/7708624283/info/ returned response: <Response [200]>
2021-08-27 14:43:57,518 - instabot version: 0.117.0 (api) - DEBUG - GET to endpoint: users/3301540821/info/ returned response: <Response [200]>
2021-08-27 14:43:58,023 - instabot version: 0.117.0 (api) - DEBUG - GET to endpoint: users/2320195347/info/ returned response: <Response [200]>
2021-08-27 14:43:58,606 - instabot version: 0.117.0 (api) - DEBUG - GET to endpoint: users/44352774671/info/ returned response: <Response [200]>
2021-08-27 14:43:59,132 - instabot version: 0.117.0 (api) - DEBUG - GET to endpoint: users/7069354282/info/ returned response: <Response [200]>
2021-08-27 14:43:59,632 - instabot version: 0.117.0 (api) - DEBUG - GET to endpoint: users/3059161815/info/ returned response: <Response [200]>
2021-08-27 14:44:00,153 - instabot version: 0.117.0 (api) - DEBUG - GET to endpoint: users/20711128569/info/ returned response: <Response [200]>
2021-08-27 14:44:00,698 - instabot version: 0.117.0 (api) - DEBUG - GET to endpoint: users/3147475918/info/ returned response: <Response [200]>
2021-08-27 14:44:01,196 - instabot version: 0.117.0 (api) - DEBUG - GET to endpoint: users/8374945477/info/ returned response: <Response [200]>
2021-08-27 14:44:01,697 - instabot version: 0.117.0 (api) - DEBUG - GET to endpoint: users/2786006621/info/ returned response: <Response [200]>
2021-08-27 14:44:02,316 - instabot version: 0.117.0 (api) - DEBUG - GET to endpoint: users/2148853491/info/ returned response: <Response [200]>
2021-08-27 14:44:02,851 - instabot version: 0.117.0 (api) - DEBUG - GET to endpoint: users/1143947677/info/ returned response: <Response [200]>
2021-08-27 14:44:03,295 - instabot version: 0.117.0 (api) - DEBUG - GET to endpoint: users/19776601645/info/ returned response: <Response [200]>
2021-08-27 14:44:03,818 - instabot version: 0.117.0 (api) - DEBUG - GET to endpoint: users/39532884135/info/ returned response: <Response [200]>
2021-08-27 14:44:04,343 - instabot version: 0.117.0 (api) - DEBUG - GET to endpoint: users/5506337896/info/ returned response: <Response [200]>
2021-08-27 14:44:04,876 - instabot version: 0.117.0 (api) - DEBUG - GET to endpoint: users/8483814062/info/ returned response: <Response [200]>
2021-08-27 14:44:05,370 - instabot version: 0.117.0 (api) - DEBUG - GET to endpoint: users/49104261925/info/ returned response: <Response [200]>
2021-08-27 14:44:05,817 - instabot version: 0.117.0 (api) - DEBUG - GET to endpoint: users/9190330943/info/ returned response: <Response [200]>
2021-08-27 14:44:06,282 - instabot version: 0.117.0 (api) - DEBUG - GET to endpoint: users/6020718365/info/ returned response: <Response [200]>
2021-08-27 14:44:06,755 - instabot version: 0.117.0 (api) - DEBUG - GET to endpoint: users/2728064503/info/ returned response: <Response [200]>
2021-08-27 14:44:07,300 - instabot version: 0.117.0 (api) - DEBUG - GET to endpoint: users/4235366717/info/ returned response: <Response [200]>
2021-08-27 14:44:07,848 - instabot version: 0.117.0 (api) - DEBUG - GET to endpoint: users/49022857937/info/ returned response: <Response [200]>
2021-08-27 14:44:09,401 - instabot version: 0.117.0 (api) - DEBUG - GET to endpoint: users/2118700306/info/ returned response: <Response [200]>
2021-08-27 14:44:09,918 - instabot version: 0.117.0 (api) - DEBUG - GET to endpoint: users/994103223/info/ returned response: <Response [200]>
2021-08-27 14:44:10,535 - instabot version: 0.117.0 (api) - DEBUG - GET to endpoint: users/6039122000/info/ returned response: <Response [200]>
2021-08-27 14:44:11,001 - instabot version: 0.117.0 (api) - DEBUG - GET to endpoint: users/6658575746/info/ returned response: <Response [200]>
2021-08-27 14:44:11,485 - instabot version: 0.117.0 (api) - DEBUG - GET to endpoint: users/2958836184/info/ returned response: <Response [200]>
2021-08-27 14:44:12,081 - instabot version: 0.117.0 (api) - DEBUG - GET to endpoint: users/43333537319/info/ returned response: <Response [200]>
2021-08-27 14:44:19,163 - instabot version: 0.117.0 (api) - DEBUG - GET to endpoint: feed/tag/интерьер/?max_id=&rank_token=48835444494_81500ee0-4cf5-493e-ae1a-6a5011cbe63d&ranked_content=true& returned response: <Response [200]>
2021-08-27 14:44:19,692 - instabot version: 0.117.0 (api) - DEBUG - GET to endpoint: users/26016252747/info/ returned response: <Response [200]>
2021-08-27 14:44:20,417 - instabot version: 0.117.0 (api) - DEBUG - GET to endpoint: users/7344968174/info/ returned response: <Response [200]>
2021-08-27 14:44:22,713 - instabot version: 0.117.0 (api) - DEBUG - GET to endpoint: users/22169691716/info/ returned response: <Response [200]>
2021-08-27 14:44:23,271 - instabot version: 0.117.0 (api) - DEBUG - GET to endpoint: users/43091431902/info/ returned response: <Response [200]>
2021-08-27 14:44:24,875 - instabot version: 0.117.0 (api) - DEBUG - GET to endpoint: users/4767930593/info/ returned response: <Response [200]>
2021-08-27 14:44:25,439 - instabot version: 0.117.0 (api) - DEBUG - GET to endpoint: users/17910682179/info/ returned response: <Response [200]>
2021-08-27 14:44:26,020 - instabot version: 0.117.0 (api) - DEBUG - GET to endpoint: users/3208817247/info/ returned response: <Response [200]>
2021-08-27 14:44:26,603 - instabot version: 0.117.0 (api) - DEBUG - GET to endpoint: users/46991425647/info/ returned response: <Response [200]>
2021-08-27 14:44:27,130 - instabot version: 0.117.0 (api) - DEBUG - GET to endpoint: users/2670717711/info/ returned response: <Response [200]>
2021-08-27 14:44:27,696 - instabot version: 0.117.0 (api) - DEBUG - GET to endpoint: users/7751667537/info/ returned response: <Response [200]>
2021-08-27 14:44:28,338 - instabot version: 0.117.0 (api) - DEBUG - GET to endpoint: users/9914256497/info/ returned response: <Response [200]>
2021-08-27 14:44:29,078 - instabot version: 0.117.0 (api) - DEBUG - GET to endpoint: users/23812684765/info/ returned response: <Response [200]>
2021-08-27 14:44:29,766 - instabot version: 0.117.0 (api) - DEBUG - GET to endpoint: users/1642285167/info/ returned response: <Response [200]>
2021-08-27 14:44:30,702 - instabot version: 0.117.0 (api) - DEBUG - GET to endpoint: users/7036966128/info/ returned response: <Response [200]>
2021-08-27 14:44:31,223 - instabot version: 0.117.0 (api) - DEBUG - GET to endpoint: users/48192118739/info/ returned response: <Response [200]>
2021-08-27 14:44:31,716 - instabot version: 0.117.0 (api) - DEBUG - GET to endpoint: users/49113838004/info/ returned response: <Response [200]>
2021-08-27 14:44:32,225 - instabot version: 0.117.0 (api) - DEBUG - GET to endpoint: users/548773013/info/ returned response: <Response [200]>
2021-08-27 14:44:32,780 - instabot version: 0.117.0 (api) - DEBUG - GET to endpoint: users/4562298761/info/ returned response: <Response [200]>
2021-08-27 14:44:35,225 - instabot version: 0.117.0 (api) - DEBUG - GET to endpoint: users/2958151518/info/ returned response: <Response [200]>
2021-08-27 14:44:36,216 - instabot version: 0.117.0 (api) - DEBUG - GET to endpoint: users/9773330193/info/ returned response: <Response [200]>
2021-08-27 14:44:36,706 - instabot version: 0.117.0 (api) - DEBUG - GET to endpoint: users/1317040917/info/ returned response: <Response [200]>
2021-08-27 14:44:37,470 - instabot version: 0.117.0 (api) - DEBUG - GET to endpoint: users/7675538977/info/ returned response: <Response [200]>
2021-08-27 14:44:38,197 - instabot version: 0.117.0 (api) - DEBUG - GET to endpoint: users/30530655996/info/ returned response: <Response [200]>
2021-08-27 14:44:38,731 - instabot version: 0.117.0 (api) - DEBUG - GET to endpoint: users/1643818368/info/ returned response: <Response [200]>
2021-08-27 14:44:39,226 - instabot version: 0.117.0 (api) - DEBUG - GET to endpoint: users/2860729430/info/ returned response: <Response [200]>
2021-08-27 14:44:39,717 - instabot version: 0.117.0 (api) - DEBUG - GET to endpoint: users/9162574997/info/ returned response: <Response [200]>
2021-08-27 14:44:40,242 - instabot version: 0.117.0 (api) - DEBUG - GET to endpoint: users/1235079833/info/ returned response: <Response [200]>
2021-08-27 14:44:40,748 - instabot version: 0.117.0 (api) - DEBUG - GET to endpoint: users/39197916829/info/ returned response: <Response [200]>
2021-08-27 14:44:41,402 - instabot version: 0.117.0 (api) - DEBUG - GET to endpoint: users/7039139165/info/ returned response: <Response [200]>
2021-08-27 14:44:41,903 - instabot version: 0.117.0 (api) - DEBUG - GET to endpoint: users/49086289486/info/ returned response: <Response [200]>
2021-08-27 14:44:42,374 - instabot version: 0.117.0 (api) - DEBUG - GET to endpoint: users/48759071281/info/ returned response: <Response [200]>
2021-08-27 14:44:43,005 - instabot version: 0.117.0 (api) - DEBUG - GET to endpoint: users/34143787637/info/ returned response: <Response [200]>
2021-08-27 14:44:43,610 - instabot version: 0.117.0 (api) - DEBUG - GET to endpoint: users/3980586431/info/ returned response: <Response [200]>
2021-08-27 14:44:44,003 - instabot version: 0.117.0 (api) - DEBUG - GET to endpoint: users/48180449918/info/ returned response: <Response [200]>
2021-08-27 14:44:44,480 - instabot version: 0.117.0 (api) - DEBUG - GET to endpoint: users/5868599452/info/ returned response: <Response [200]>
2021-08-27 14:44:45,074 - instabot version: 0.117.0 (api) - DEBUG - GET to endpoint: users/2319749597/info/ returned response: <Response [200]>
2021-08-27 14:44:45,429 - instabot version: 0.117.0 (api) - DEBUG - GET to endpoint: users/45642923521/info/ returned response: <Response [200]>
2021-08-27 14:44:45,983 - instabot version: 0.117.0 (api) - DEBUG - GET to endpoint: users/2672467603/info/ returned response: <Response [200]>
2021-08-27 14:44:46,498 - instabot version: 0.117.0 (api) - DEBUG - GET to endpoint: users/4229304798/info/ returned response: <Response [200]>
2021-08-27 14:44:47,082 - instabot version: 0.117.0 (api) - DEBUG - GET to endpoint: users/6691155023/info/ returned response: <Response [200]>
2021-08-27 14:44:47,591 - instabot version: 0.117.0 (api) - DEBUG - GET to endpoint: users/45629997393/info/ returned response: <Response [200]>
2021-08-27 14:44:48,096 - instabot version: 0.117.0 (api) - DEBUG - GET to endpoint: users/46728519518/info/ returned response: <Response [200]>
2021-08-27 14:44:48,666 - instabot version: 0.117.0 (api) - DEBUG - GET to endpoint: users/8403557944/info/ returned response: <Response [200]>
2021-08-27 14:44:49,038 - instabot version: 0.117.0 (api) - DEBUG - GET to endpoint: users/48650477310/info/ returned response: <Response [200]>
2021-08-27 14:59:51,198 - instabot version: 0.117.0 (bot_checkpoint) - DEBUG - Saving Checkpoint file to: D:\searchdisaner/config/instbober.checkpoint
2021-08-27 14:59:51,208 - instabot version: 0.117.0 (bot) - INFO - Total requests: 2829
2021-08-27 14:59:51,209 - instabot version: 0.117.0 (bot_checkpoint) - DEBUG - Saving Checkpoint file to: D:\searchdisaner/config/todoctordoom.checkpoint
2021-08-27 14:59:51,210 - instabot version: 0.117.0 (bot) - INFO - Total requests: 1715
2021-08-27 14:59:51,214 - instabot version: 0.117.0 (bot_checkpoint) - DEBUG - Saving Checkpoint file to: D:\searchdisaner/config/instbober.checkpoint
2021-08-27 14:59:51,214 - instabot version: 0.117.0 (bot) - INFO - Total requests: 2826
2021-08-27 14:59:51,223 - instabot version: 0.117.0 (bot_checkpoint) - DEBUG - Saving Checkpoint file to: D:\searchdisaner/config/todoctordoom.checkpoint
2021-08-27 14:59:51,224 - instabot version: 0.117.0 (bot) - INFO - Total requests: 1725
2021-08-27 14:59:51,226 - instabot version: 0.117.0 (bot_checkpoint) - DEBUG - Saving Checkpoint file to: D:\searchdisaner/config/instbober.checkpoint
2021-08-27 14:59:51,227 - instabot version: 0.117.0 (bot) - INFO - Total requests: 2835
2021-08-27 14:59:51,228 - instabot version: 0.117.0 (bot_checkpoint) - DEBUG - Saving Checkpoint file to: D:\searchdisaner/config/todoctordoom.checkpoint
2021-08-27 14:59:51,230 - instabot version: 0.117.0 (bot) - INFO - Total requests: 1698
