2021-08-18 12:01:23,054 - instabot version: 0.117.0 (bot) - INFO - Instabot version: 0.117.0 Started
2021-08-18 12:01:23,054 - instabot version: 0.117.0 (bot) - DEBUG - Bot imported from D:\searchdisaner\venv\lib\site-packages\instabot\bot\bot.py
2021-08-18 12:01:23,062 - instabot version: 0.117.0 (api_login) - DEBUG - Loading uuids
2021-08-18 12:01:23,062 - instabot version: 0.117.0 (api_login) - INFO - Recovery from D:\searchdisaner/config/todoctordoom_uuid_and_cookie.json: COOKIE False - UUIDs True - TIMING, DEVICE and ...
- user-agent=Instagram 117.0.0.28.123 Android (28/9.0; 420dpi; 1080x1920; OnePlus; ONEPLUS A3003; OnePlus3; qcom; en_US; 180322800)
- phone_id=fececc37-13fb-4ca7-b4c1-842926ac61f0
- uuid=d8c038f7-d60d-4ffc-ae20-1b8f9d340f0b
- client_session_id=74517733-9e97-4ac6-9bd3-6396afa278ed
- device_id=android-638845ae1420b535
2021-08-18 12:01:23,063 - instabot version: 0.117.0 (api_login) - INFO - Not yet logged in starting: PRE-LOGIN FLOW!
2021-08-18 12:01:23,465 - instabot version: 0.117.0 (api) - DEBUG - POST to endpoint: accounts/get_prefill_candidates/ returned response: <Response [200]>
2021-08-18 12:01:23,735 - instabot version: 0.117.0 (api) - DEBUG - POST to endpoint: qe/sync/ returned response: <Response [200]>
2021-08-18 12:01:24,012 - instabot version: 0.117.0 (api) - DEBUG - POST to endpoint: launcher/sync/ returned response: <Response [200]>
2021-08-18 12:01:24,290 - instabot version: 0.117.0 (api) - DEBUG - POST to endpoint: accounts/contact_point_prefill/ returned response: <Response [200]>
2021-08-18 12:01:26,594 - instabot version: 0.117.0 (api) - DEBUG - POST to endpoint: accounts/login/ returned response: <Response [200]>
2021-08-18 12:01:26,596 - instabot version: 0.117.0 (api) - INFO - Logged-in successfully as 'todoctordoom'!
2021-08-18 12:01:26,596 - instabot version: 0.117.0 (api_login) - INFO - LOGIN FLOW! Just logged-in: True
2021-08-18 12:01:27,047 - instabot version: 0.117.0 (api) - DEBUG - POST to endpoint: qe/sync/ returned response: <Response [200]>
2021-08-18 12:01:27,467 - instabot version: 0.117.0 (api) - DEBUG - POST to endpoint: launcher/sync/ returned response: <Response [200]>
2021-08-18 12:01:27,875 - instabot version: 0.117.0 (api) - DEBUG - GET to endpoint: zr/token/result/?device_id=android-638845ae1420b535&token_hash=&custom_device_id=android-638845ae1420b535&fetch_reason=token_expired returned response: <Response [200]>
2021-08-18 12:01:28,238 - instabot version: 0.117.0 (api) - DEBUG - GET to endpoint: multiple_accounts/get_account_family/ returned response: <Response [200]>
2021-08-18 12:01:28,617 - instabot version: 0.117.0 (api) - DEBUG - POST to endpoint: qe/sync/ returned response: <Response [200]>
2021-08-18 12:01:29,400 - instabot version: 0.117.0 (api) - DEBUG - GET to endpoint: igtv/browse_feed/?prefetch=1 returned response: <Response [200]>
2021-08-18 12:01:29,741 - instabot version: 0.117.0 (api) - DEBUG - POST to endpoint: creatives/ar_class/ returned response: <Response [200]>
2021-08-18 12:01:30,396 - instabot version: 0.117.0 (api) - DEBUG - POST to endpoint: feed/reels_tray/ returned response: <Response [200]>
2021-08-18 12:01:34,878 - instabot version: 0.117.0 (api) - DEBUG - POST to endpoint: feed/timeline/ returned response: <Response [200]>
2021-08-18 12:01:35,208 - instabot version: 0.117.0 (api) - DEBUG - GET to endpoint: media/blocked/ returned response: <Response [200]>
2021-08-18 12:01:36,296 - instabot version: 0.117.0 (api) - DEBUG - GET to endpoint: news/inbox/ returned response: <Response [200]>
2021-08-18 12:01:36,639 - instabot version: 0.117.0 (api) - DEBUG - GET to endpoint: loom/fetch_config/ returned response: <Response [200]>
2021-08-18 12:01:37,468 - instabot version: 0.117.0 (api) - DEBUG - GET to endpoint: scores/bootstrap/users/?surfaces=["autocomplete_user_list","coefficient_besties_list_ranking","coefficient_rank_recipient_user_suggestion","coefficient_ios_section_test_bootstrap_ranking","coefficient_direct_recipients_ranking_variant_2"] returned response: <Response [200]>
2021-08-18 12:01:37,844 - instabot version: 0.117.0 (api) - DEBUG - GET to endpoint: business/eligibility/get_monetization_products_eligibility_data/?product_types=branded_content returned response: <Response [200]>
2021-08-18 12:01:38,179 - instabot version: 0.117.0 (api) - DEBUG - GET to endpoint: business/branded_content/should_require_professional_account/ returned response: <Response [200]>
2021-08-18 12:01:39,020 - instabot version: 0.117.0 (api) - DEBUG - GET to endpoint: linked_accounts/get_linkage_status/ returned response: <Response [200]>
2021-08-18 12:01:39,363 - instabot version: 0.117.0 (api) - DEBUG - GET to endpoint: locations/request_country/ returned response: <Response [200]>
2021-08-18 12:01:39,705 - instabot version: 0.117.0 (api) - DEBUG - GET to endpoint: qp/get_cooldowns/?signed_body=signed_body=4b9c516a5410a3bc128e09c6104a7f042146b9c2023870560c63a43a7f66781c.4&ig_sig_key_version=4&ig_sig_key_version=4 returned response: <Response [200]>
2021-08-18 12:01:40,052 - instabot version: 0.117.0 (api) - DEBUG - GET to endpoint: users/arlink_download_info/?version_override=2.2.1 returned response: <Response [200]>
2021-08-18 12:01:41,978 - instabot version: 0.117.0 (api) - DEBUG - GET to endpoint: users/46258652727/info/ returned response: <Response [200]>
2021-08-18 12:01:42,363 - instabot version: 0.117.0 (api) - DEBUG - GET to endpoint: direct_v2/get_presence/ returned response: <Response [200]>
2021-08-18 12:01:42,773 - instabot version: 0.117.0 (api) - DEBUG - GET to endpoint: direct_v2/inbox/?visual_message_return_type=unseen&thread_message_limit=10&persistentBadging=true&limit=20 returned response: <Response [200]>
2021-08-18 12:01:43,156 - instabot version: 0.117.0 (api) - DEBUG - GET to endpoint: direct_v2/inbox/?visual_message_return_type=unseen&persistentBadging=true&limit=0 returned response: <Response [200]>
2021-08-18 12:01:44,561 - instabot version: 0.117.0 (api) - DEBUG - GET to endpoint: discover/topical_explore/?is_prefetch=true&omit_cover_media=true&use_sectional_payload=true&timezone_offset=0&session_id=74517733-9e97-4ac6-9bd3-6396afa278ed&include_fixed_destinations=true returned response: <Response [200]>
2021-08-18 12:01:44,900 - instabot version: 0.117.0 (api) - DEBUG - POST to endpoint: notifications/badge/ returned response: <Response [200]>
2021-08-18 12:01:45,477 - instabot version: 0.117.0 (api) - DEBUG - POST to endpoint: qp/batch_fetch/ returned response: <Response [200]>
2021-08-18 12:01:45,477 - instabot version: 0.117.0 (bot_checkpoint) - DEBUG - Loading Checkpoint file from: D:\searchdisaner/config/todoctordoom.checkpoint
2021-08-18 12:01:51,701 - instabot version: 0.117.0 (api) - DEBUG - GET to endpoint: feed/tag/дизайн/?max_id=&rank_token=46258652727_d8c038f7-d60d-4ffc-ae20-1b8f9d340f0b&ranked_content=true& returned response: <Response [200]>
2021-08-18 12:01:52,607 - instabot version: 0.117.0 (api) - DEBUG - GET to endpoint: users/39388595497/info/ returned response: <Response [200]>
2021-08-18 12:01:53,194 - instabot version: 0.117.0 (api) - DEBUG - GET to endpoint: users/489911445/info/ returned response: <Response [200]>
2021-08-18 12:01:54,187 - instabot version: 0.117.0 (api) - DEBUG - GET to endpoint: users/5621649058/info/ returned response: <Response [200]>
2021-08-18 12:01:54,723 - instabot version: 0.117.0 (api) - DEBUG - GET to endpoint: users/4656770998/info/ returned response: <Response [200]>
2021-08-18 12:01:55,632 - instabot version: 0.117.0 (api) - DEBUG - GET to endpoint: users/497008458/info/ returned response: <Response [200]>
2021-08-18 12:01:56,215 - instabot version: 0.117.0 (api) - DEBUG - GET to endpoint: users/2280448498/info/ returned response: <Response [200]>
2021-08-18 12:01:57,132 - instabot version: 0.117.0 (api) - DEBUG - GET to endpoint: users/10223079075/info/ returned response: <Response [200]>
2021-08-18 12:01:57,832 - instabot version: 0.117.0 (api) - DEBUG - GET to endpoint: users/48827411188/info/ returned response: <Response [200]>
2021-08-18 12:01:58,638 - instabot version: 0.117.0 (api) - DEBUG - GET to endpoint: users/37216077301/info/ returned response: <Response [200]>
2021-08-18 12:01:59,231 - instabot version: 0.117.0 (api) - DEBUG - GET to endpoint: users/7368554696/info/ returned response: <Response [200]>
2021-08-18 12:02:00,073 - instabot version: 0.117.0 (api) - DEBUG - GET to endpoint: users/25616952859/info/ returned response: <Response [200]>
2021-08-18 12:02:00,928 - instabot version: 0.117.0 (api) - DEBUG - GET to endpoint: users/1251240707/info/ returned response: <Response [200]>
2021-08-18 12:02:02,122 - instabot version: 0.117.0 (api) - DEBUG - GET to endpoint: users/4663424571/info/ returned response: <Response [200]>
2021-08-18 12:02:02,953 - instabot version: 0.117.0 (api) - DEBUG - GET to endpoint: users/3682029131/info/ returned response: <Response [200]>
2021-08-18 12:02:03,796 - instabot version: 0.117.0 (api) - DEBUG - GET to endpoint: users/28324668061/info/ returned response: <Response [200]>
2021-08-18 12:02:04,527 - instabot version: 0.117.0 (api) - DEBUG - GET to endpoint: users/45496393415/info/ returned response: <Response [200]>
2021-08-18 12:02:05,223 - instabot version: 0.117.0 (api) - DEBUG - GET to endpoint: users/31298959768/info/ returned response: <Response [200]>
2021-08-18 12:02:06,008 - instabot version: 0.117.0 (api) - DEBUG - GET to endpoint: users/39517256688/info/ returned response: <Response [200]>
2021-08-18 12:02:06,819 - instabot version: 0.117.0 (api) - DEBUG - GET to endpoint: users/1710632698/info/ returned response: <Response [200]>
2021-08-18 12:02:07,380 - instabot version: 0.117.0 (api) - DEBUG - GET to endpoint: users/37924657304/info/ returned response: <Response [200]>
2021-08-18 12:02:08,038 - instabot version: 0.117.0 (api) - DEBUG - GET to endpoint: users/3473391111/info/ returned response: <Response [200]>
2021-08-18 12:02:08,759 - instabot version: 0.117.0 (api) - DEBUG - GET to endpoint: users/45974960245/info/ returned response: <Response [200]>
2021-08-18 12:02:09,327 - instabot version: 0.117.0 (api) - DEBUG - GET to endpoint: users/14167425572/info/ returned response: <Response [200]>
2021-08-18 12:02:09,962 - instabot version: 0.117.0 (api) - DEBUG - GET to endpoint: users/48064440813/info/ returned response: <Response [200]>
2021-08-18 12:02:11,109 - instabot version: 0.117.0 (api) - DEBUG - GET to endpoint: users/1732936417/info/ returned response: <Response [200]>
2021-08-18 12:02:11,796 - instabot version: 0.117.0 (api) - DEBUG - GET to endpoint: users/20420405326/info/ returned response: <Response [200]>
2021-08-18 12:02:12,775 - instabot version: 0.117.0 (api) - DEBUG - GET to endpoint: users/45852170512/info/ returned response: <Response [200]>
2021-08-18 12:02:13,577 - instabot version: 0.117.0 (api) - DEBUG - GET to endpoint: users/42860789232/info/ returned response: <Response [200]>
2021-08-18 12:02:14,662 - instabot version: 0.117.0 (api) - DEBUG - GET to endpoint: users/3939520536/info/ returned response: <Response [200]>
2021-08-18 12:02:15,358 - instabot version: 0.117.0 (api) - DEBUG - GET to endpoint: users/48393106589/info/ returned response: <Response [200]>
2021-08-18 12:02:16,085 - instabot version: 0.117.0 (api) - DEBUG - GET to endpoint: users/22227390540/info/ returned response: <Response [200]>
2021-08-18 12:02:16,720 - instabot version: 0.117.0 (api) - DEBUG - GET to endpoint: users/7582454188/info/ returned response: <Response [200]>
2021-08-18 12:02:17,294 - instabot version: 0.117.0 (api) - DEBUG - GET to endpoint: users/6055297511/info/ returned response: <Response [200]>
2021-08-18 12:02:18,176 - instabot version: 0.117.0 (api) - DEBUG - GET to endpoint: users/6951216788/info/ returned response: <Response [200]>
2021-08-18 12:02:18,730 - instabot version: 0.117.0 (api) - DEBUG - GET to endpoint: users/10746444743/info/ returned response: <Response [200]>
2021-08-18 12:02:19,716 - instabot version: 0.117.0 (api) - DEBUG - GET to endpoint: users/2907078926/info/ returned response: <Response [200]>
2021-08-18 12:02:20,747 - instabot version: 0.117.0 (api) - DEBUG - GET to endpoint: users/38774958100/info/ returned response: <Response [200]>
2021-08-18 12:02:22,026 - instabot version: 0.117.0 (api) - DEBUG - GET to endpoint: users/6726015805/info/ returned response: <Response [200]>
2021-08-18 12:02:22,886 - instabot version: 0.117.0 (api) - DEBUG - GET to endpoint: users/5890293055/info/ returned response: <Response [200]>
2021-08-18 12:02:23,439 - instabot version: 0.117.0 (api) - DEBUG - GET to endpoint: users/30749023994/info/ returned response: <Response [200]>
2021-08-18 12:02:24,502 - instabot version: 0.117.0 (api) - DEBUG - GET to endpoint: users/2287227148/info/ returned response: <Response [200]>
2021-08-18 12:02:25,227 - instabot version: 0.117.0 (api) - DEBUG - GET to endpoint: users/47819137452/info/ returned response: <Response [200]>
2021-08-18 12:02:25,880 - instabot version: 0.117.0 (api) - DEBUG - GET to endpoint: users/8492071942/info/ returned response: <Response [200]>
2021-08-18 12:02:27,046 - instabot version: 0.117.0 (api) - DEBUG - GET to endpoint: users/15296023208/info/ returned response: <Response [200]>
2021-08-18 12:02:27,813 - instabot version: 0.117.0 (api) - DEBUG - GET to endpoint: users/15669169495/info/ returned response: <Response [200]>
2021-08-18 12:02:28,651 - instabot version: 0.117.0 (api) - DEBUG - GET to endpoint: users/47945947585/info/ returned response: <Response [200]>
2021-08-18 12:02:29,746 - instabot version: 0.117.0 (api) - DEBUG - GET to endpoint: users/4232480905/info/ returned response: <Response [200]>
2021-08-18 12:02:30,516 - instabot version: 0.117.0 (api) - DEBUG - GET to endpoint: users/41383518259/info/ returned response: <Response [200]>
2021-08-18 12:02:31,281 - instabot version: 0.117.0 (api) - DEBUG - GET to endpoint: users/7001836218/info/ returned response: <Response [200]>
2021-08-18 12:02:31,958 - instabot version: 0.117.0 (api) - DEBUG - GET to endpoint: users/2066981971/info/ returned response: <Response [200]>
2021-08-18 12:02:32,574 - instabot version: 0.117.0 (api) - DEBUG - GET to endpoint: users/2307958378/info/ returned response: <Response [200]>
2021-08-18 12:02:33,203 - instabot version: 0.117.0 (api) - DEBUG - GET to endpoint: users/8678134534/info/ returned response: <Response [200]>
2021-08-18 12:02:33,836 - instabot version: 0.117.0 (api) - DEBUG - GET to endpoint: users/8600817343/info/ returned response: <Response [200]>
2021-08-18 12:02:34,687 - instabot version: 0.117.0 (api) - DEBUG - GET to endpoint: users/48217321117/info/ returned response: <Response [200]>
2021-08-18 12:02:35,580 - instabot version: 0.117.0 (api) - DEBUG - GET to endpoint: users/9169177815/info/ returned response: <Response [200]>
2021-08-18 12:02:36,184 - instabot version: 0.117.0 (api) - DEBUG - GET to endpoint: users/37050644430/info/ returned response: <Response [200]>
2021-08-18 12:02:37,264 - instabot version: 0.117.0 (api) - DEBUG - GET to endpoint: users/5640616064/info/ returned response: <Response [200]>
2021-08-18 12:02:37,848 - instabot version: 0.117.0 (api) - DEBUG - GET to endpoint: users/48640317719/info/ returned response: <Response [200]>
2021-08-18 12:02:38,430 - instabot version: 0.117.0 (api) - DEBUG - GET to endpoint: users/47005258208/info/ returned response: <Response [200]>
2021-08-18 12:02:39,181 - instabot version: 0.117.0 (api) - DEBUG - GET to endpoint: users/7065006604/info/ returned response: <Response [200]>
2021-08-18 12:02:39,840 - instabot version: 0.117.0 (api) - DEBUG - GET to endpoint: users/3833020402/info/ returned response: <Response [200]>
2021-08-18 12:02:40,367 - instabot version: 0.117.0 (api) - DEBUG - GET to endpoint: users/46805904770/info/ returned response: <Response [200]>
2021-08-18 12:02:41,241 - instabot version: 0.117.0 (api) - DEBUG - GET to endpoint: users/45931049336/info/ returned response: <Response [200]>
2021-08-18 12:02:41,738 - instabot version: 0.117.0 (api) - DEBUG - GET to endpoint: users/26560364157/info/ returned response: <Response [200]>
2021-08-18 12:02:43,273 - instabot version: 0.117.0 (api) - DEBUG - GET to endpoint: users/1389313100/info/ returned response: <Response [200]>
2021-08-18 12:02:43,834 - instabot version: 0.117.0 (api) - DEBUG - GET to endpoint: users/354768866/info/ returned response: <Response [200]>
2021-08-18 12:02:44,650 - instabot version: 0.117.0 (api) - DEBUG - GET to endpoint: users/35167931223/info/ returned response: <Response [200]>
2021-08-18 12:02:45,196 - instabot version: 0.117.0 (api) - DEBUG - GET to endpoint: users/44432297519/info/ returned response: <Response [200]>
2021-08-18 12:02:45,718 - instabot version: 0.117.0 (api) - DEBUG - GET to endpoint: users/7445708701/info/ returned response: <Response [200]>
2021-08-18 12:02:46,280 - instabot version: 0.117.0 (api) - DEBUG - GET to endpoint: users/7605246247/info/ returned response: <Response [200]>
2021-08-18 12:02:46,858 - instabot version: 0.117.0 (api) - DEBUG - GET to endpoint: users/25714947507/info/ returned response: <Response [200]>
2021-08-18 12:02:47,655 - instabot version: 0.117.0 (api) - DEBUG - GET to endpoint: users/44076366385/info/ returned response: <Response [200]>
2021-08-18 12:02:54,394 - instabot version: 0.117.0 (api) - DEBUG - GET to endpoint: feed/tag/дизайнер/?max_id=&rank_token=46258652727_d8c038f7-d60d-4ffc-ae20-1b8f9d340f0b&ranked_content=true& returned response: <Response [200]>
2021-08-18 12:02:54,957 - instabot version: 0.117.0 (api) - DEBUG - GET to endpoint: users/47188146723/info/ returned response: <Response [200]>
2021-08-18 12:02:56,202 - instabot version: 0.117.0 (api) - DEBUG - GET to endpoint: users/44682430139/info/ returned response: <Response [200]>
2021-08-18 12:02:56,881 - instabot version: 0.117.0 (api) - DEBUG - GET to endpoint: users/49208096187/info/ returned response: <Response [200]>
2021-08-18 12:02:57,840 - instabot version: 0.117.0 (api) - DEBUG - GET to endpoint: users/7503474634/info/ returned response: <Response [200]>
2021-08-18 12:02:58,726 - instabot version: 0.117.0 (api) - DEBUG - GET to endpoint: users/5469078730/info/ returned response: <Response [200]>
2021-08-18 12:02:59,388 - instabot version: 0.117.0 (api) - DEBUG - GET to endpoint: users/8719549742/info/ returned response: <Response [200]>
2021-08-18 12:02:59,967 - instabot version: 0.117.0 (api) - DEBUG - GET to endpoint: users/7454125752/info/ returned response: <Response [200]>
2021-08-18 12:03:00,778 - instabot version: 0.117.0 (api) - DEBUG - GET to endpoint: users/44963844577/info/ returned response: <Response [200]>
2021-08-18 12:03:01,527 - instabot version: 0.117.0 (api) - DEBUG - GET to endpoint: users/2105559764/info/ returned response: <Response [200]>
2021-08-18 12:03:02,245 - instabot version: 0.117.0 (api) - DEBUG - GET to endpoint: users/46159702678/info/ returned response: <Response [200]>
2021-08-18 12:03:02,805 - instabot version: 0.117.0 (api) - DEBUG - GET to endpoint: users/44419203548/info/ returned response: <Response [200]>
2021-08-18 12:03:03,546 - instabot version: 0.117.0 (api) - DEBUG - GET to endpoint: users/39231107207/info/ returned response: <Response [200]>
2021-08-18 12:03:04,197 - instabot version: 0.117.0 (api) - DEBUG - GET to endpoint: users/5011890226/info/ returned response: <Response [200]>
2021-08-18 12:03:05,076 - instabot version: 0.117.0 (api) - DEBUG - GET to endpoint: users/36660292271/info/ returned response: <Response [200]>
2021-08-18 12:03:06,952 - instabot version: 0.117.0 (api) - DEBUG - GET to endpoint: users/47455061855/info/ returned response: <Response [200]>
2021-08-18 12:03:07,614 - instabot version: 0.117.0 (api) - DEBUG - GET to endpoint: users/4647329534/info/ returned response: <Response [200]>
2021-08-18 12:03:08,535 - instabot version: 0.117.0 (api) - DEBUG - GET to endpoint: users/3090801791/info/ returned response: <Response [200]>
2021-08-18 12:03:09,092 - instabot version: 0.117.0 (api) - DEBUG - GET to endpoint: users/3110122397/info/ returned response: <Response [200]>
2021-08-18 12:03:09,986 - instabot version: 0.117.0 (api) - DEBUG - GET to endpoint: users/10563785699/info/ returned response: <Response [200]>
2021-08-18 12:03:10,519 - instabot version: 0.117.0 (api) - DEBUG - GET to endpoint: users/15032350686/info/ returned response: <Response [200]>
2021-08-18 12:03:11,326 - instabot version: 0.117.0 (api) - DEBUG - GET to endpoint: users/2166902135/info/ returned response: <Response [200]>
2021-08-18 12:03:11,955 - instabot version: 0.117.0 (api) - DEBUG - GET to endpoint: users/1501864358/info/ returned response: <Response [200]>
2021-08-18 12:03:12,768 - instabot version: 0.117.0 (api) - DEBUG - GET to endpoint: users/1706227148/info/ returned response: <Response [200]>
2021-08-18 12:03:13,333 - instabot version: 0.117.0 (api) - DEBUG - GET to endpoint: users/4840723618/info/ returned response: <Response [200]>
2021-08-18 12:03:14,063 - instabot version: 0.117.0 (api) - DEBUG - GET to endpoint: users/1449601785/info/ returned response: <Response [200]>
2021-08-18 12:03:14,567 - instabot version: 0.117.0 (api) - DEBUG - GET to endpoint: users/35831257498/info/ returned response: <Response [200]>
2021-08-18 12:03:15,187 - instabot version: 0.117.0 (api) - DEBUG - GET to endpoint: users/48256454584/info/ returned response: <Response [200]>
2021-08-18 12:03:16,050 - instabot version: 0.117.0 (api) - DEBUG - GET to endpoint: users/3744964415/info/ returned response: <Response [200]>
2021-08-18 12:03:16,573 - instabot version: 0.117.0 (api) - DEBUG - GET to endpoint: users/7546001181/info/ returned response: <Response [200]>
2021-08-18 12:03:17,125 - instabot version: 0.117.0 (api) - DEBUG - GET to endpoint: users/7276088835/info/ returned response: <Response [200]>
2021-08-18 12:03:18,018 - instabot version: 0.117.0 (api) - DEBUG - GET to endpoint: users/487898317/info/ returned response: <Response [200]>
2021-08-18 12:03:18,591 - instabot version: 0.117.0 (api) - DEBUG - GET to endpoint: users/46180716659/info/ returned response: <Response [200]>
2021-08-18 12:03:19,166 - instabot version: 0.117.0 (api) - DEBUG - GET to endpoint: users/2686401205/info/ returned response: <Response [200]>
2021-08-18 12:03:19,827 - instabot version: 0.117.0 (api) - DEBUG - GET to endpoint: users/14010097588/info/ returned response: <Response [200]>
2021-08-18 12:03:20,631 - instabot version: 0.117.0 (api) - DEBUG - GET to endpoint: users/14989271366/info/ returned response: <Response [200]>
2021-08-18 12:03:21,239 - instabot version: 0.117.0 (api) - DEBUG - GET to endpoint: users/28466410303/info/ returned response: <Response [200]>
2021-08-18 12:03:21,724 - instabot version: 0.117.0 (api) - DEBUG - GET to endpoint: users/3142023864/info/ returned response: <Response [200]>
2021-08-18 12:03:22,621 - instabot version: 0.117.0 (api) - DEBUG - GET to endpoint: users/297559179/info/ returned response: <Response [200]>
2021-08-18 12:03:23,474 - instabot version: 0.117.0 (api) - DEBUG - GET to endpoint: users/8595604248/info/ returned response: <Response [200]>
2021-08-18 12:03:24,052 - instabot version: 0.117.0 (api) - DEBUG - GET to endpoint: users/45249386253/info/ returned response: <Response [200]>
2021-08-18 12:03:24,717 - instabot version: 0.117.0 (api) - DEBUG - GET to endpoint: users/7923374538/info/ returned response: <Response [200]>
2021-08-18 12:03:25,533 - instabot version: 0.117.0 (api) - DEBUG - GET to endpoint: users/9256407301/info/ returned response: <Response [200]>
2021-08-18 12:03:26,833 - instabot version: 0.117.0 (api) - DEBUG - GET to endpoint: users/32914894578/info/ returned response: <Response [200]>
2021-08-18 12:03:27,646 - instabot version: 0.117.0 (api) - DEBUG - GET to endpoint: users/49074627963/info/ returned response: <Response [200]>
2021-08-18 12:03:28,613 - instabot version: 0.117.0 (api) - DEBUG - GET to endpoint: users/5993412083/info/ returned response: <Response [200]>
2021-08-18 12:03:29,235 - instabot version: 0.117.0 (api) - DEBUG - GET to endpoint: users/7068646486/info/ returned response: <Response [200]>
2021-08-18 12:03:29,877 - instabot version: 0.117.0 (api) - DEBUG - GET to endpoint: users/4771414223/info/ returned response: <Response [200]>
2021-08-18 12:03:30,397 - instabot version: 0.117.0 (api) - DEBUG - GET to endpoint: users/8187620185/info/ returned response: <Response [200]>
2021-08-18 12:03:31,037 - instabot version: 0.117.0 (api) - DEBUG - GET to endpoint: users/13758902707/info/ returned response: <Response [200]>
2021-08-18 12:03:31,659 - instabot version: 0.117.0 (api) - DEBUG - GET to endpoint: users/848556254/info/ returned response: <Response [200]>
2021-08-18 12:03:32,328 - instabot version: 0.117.0 (api) - DEBUG - GET to endpoint: users/6081844713/info/ returned response: <Response [200]>
2021-08-18 12:03:32,944 - instabot version: 0.117.0 (api) - DEBUG - GET to endpoint: users/24836594529/info/ returned response: <Response [200]>
2021-08-18 12:03:33,805 - instabot version: 0.117.0 (api) - DEBUG - GET to endpoint: users/10200392826/info/ returned response: <Response [200]>
2021-08-18 12:03:34,543 - instabot version: 0.117.0 (api) - DEBUG - GET to endpoint: users/47087087106/info/ returned response: <Response [200]>
2021-08-18 12:03:35,073 - instabot version: 0.117.0 (api) - DEBUG - GET to endpoint: users/43633152470/info/ returned response: <Response [200]>
2021-08-18 12:03:35,807 - instabot version: 0.117.0 (api) - DEBUG - GET to endpoint: users/43484414841/info/ returned response: <Response [200]>
2021-08-18 12:03:36,353 - instabot version: 0.117.0 (api) - DEBUG - GET to endpoint: users/42973988880/info/ returned response: <Response [200]>
2021-08-18 12:03:37,079 - instabot version: 0.117.0 (api) - DEBUG - GET to endpoint: users/4117632010/info/ returned response: <Response [200]>
2021-08-18 12:03:38,083 - instabot version: 0.117.0 (api) - DEBUG - GET to endpoint: users/1671057135/info/ returned response: <Response [200]>
2021-08-18 12:03:38,778 - instabot version: 0.117.0 (api) - DEBUG - GET to endpoint: users/7737744754/info/ returned response: <Response [200]>
2021-08-18 12:03:39,526 - instabot version: 0.117.0 (api) - DEBUG - GET to endpoint: users/48022993404/info/ returned response: <Response [200]>
