2021-08-18 14:46:20,894 - instabot version: 0.117.0 (bot) - INFO - Instabot version: 0.117.0 Started
2021-08-18 14:46:20,895 - instabot version: 0.117.0 (bot) - DEBUG - Bot imported from D:\searchdisaner\venv\lib\site-packages\instabot\bot\bot.py
2021-08-18 14:46:20,896 - instabot version: 0.117.0 (api_login) - DEBUG - Loading uuids
2021-08-18 14:46:20,896 - instabot version: 0.117.0 (api_login) - INFO - Recovery from D:\searchdisaner/config/todoctordoom_uuid_and_cookie.json: COOKIE False - UUIDs True - TIMING, DEVICE and ...
- user-agent=Instagram 117.0.0.28.123 Android (28/9.0; 420dpi; 1080x1920; OnePlus; ONEPLUS A3003; OnePlus3; qcom; en_US; 180322800)
- phone_id=fececc37-13fb-4ca7-b4c1-842926ac61f0
- uuid=d8c038f7-d60d-4ffc-ae20-1b8f9d340f0b
- client_session_id=74517733-9e97-4ac6-9bd3-6396afa278ed
- device_id=android-638845ae1420b535
2021-08-18 14:46:20,897 - instabot version: 0.117.0 (api_login) - INFO - Not yet logged in starting: PRE-LOGIN FLOW!
2021-08-18 14:46:21,578 - instabot version: 0.117.0 (api) - DEBUG - POST to endpoint: accounts/get_prefill_candidates/ returned response: <Response [200]>
2021-08-18 14:46:21,911 - instabot version: 0.117.0 (api) - DEBUG - POST to endpoint: qe/sync/ returned response: <Response [200]>
2021-08-18 14:46:22,213 - instabot version: 0.117.0 (api) - DEBUG - POST to endpoint: launcher/sync/ returned response: <Response [200]>
2021-08-18 14:46:22,449 - instabot version: 0.117.0 (api) - DEBUG - POST to endpoint: accounts/contact_point_prefill/ returned response: <Response [200]>
2021-08-18 14:46:25,077 - instabot version: 0.117.0 (api) - DEBUG - POST to endpoint: accounts/login/ returned response: <Response [200]>
2021-08-18 14:46:25,077 - instabot version: 0.117.0 (api) - INFO - Logged-in successfully as 'todoctordoom'!
2021-08-18 14:46:25,077 - instabot version: 0.117.0 (api_login) - INFO - LOGIN FLOW! Just logged-in: True
2021-08-18 14:46:25,426 - instabot version: 0.117.0 (api) - DEBUG - POST to endpoint: qe/sync/ returned response: <Response [200]>
2021-08-18 14:46:25,780 - instabot version: 0.117.0 (api) - DEBUG - POST to endpoint: launcher/sync/ returned response: <Response [200]>
2021-08-18 14:46:26,119 - instabot version: 0.117.0 (api) - DEBUG - GET to endpoint: zr/token/result/?device_id=android-638845ae1420b535&token_hash=&custom_device_id=android-638845ae1420b535&fetch_reason=token_expired returned response: <Response [200]>
2021-08-18 14:46:26,467 - instabot version: 0.117.0 (api) - DEBUG - GET to endpoint: multiple_accounts/get_account_family/ returned response: <Response [200]>
2021-08-18 14:46:26,808 - instabot version: 0.117.0 (api) - DEBUG - POST to endpoint: qe/sync/ returned response: <Response [200]>
2021-08-18 14:46:27,727 - instabot version: 0.117.0 (api) - DEBUG - GET to endpoint: igtv/browse_feed/?prefetch=1 returned response: <Response [200]>
2021-08-18 14:46:28,055 - instabot version: 0.117.0 (api) - DEBUG - POST to endpoint: creatives/ar_class/ returned response: <Response [200]>
2021-08-18 14:46:28,567 - instabot version: 0.117.0 (api) - DEBUG - POST to endpoint: feed/reels_tray/ returned response: <Response [200]>
2021-08-18 14:46:29,994 - instabot version: 0.117.0 (api) - DEBUG - POST to endpoint: feed/timeline/ returned response: <Response [200]>
2021-08-18 14:46:30,314 - instabot version: 0.117.0 (api) - DEBUG - GET to endpoint: media/blocked/ returned response: <Response [200]>
2021-08-18 14:46:31,134 - instabot version: 0.117.0 (api) - DEBUG - GET to endpoint: news/inbox/ returned response: <Response [200]>
2021-08-18 14:46:31,489 - instabot version: 0.117.0 (api) - DEBUG - GET to endpoint: loom/fetch_config/ returned response: <Response [200]>
2021-08-18 14:46:32,089 - instabot version: 0.117.0 (api) - DEBUG - GET to endpoint: scores/bootstrap/users/?surfaces=["autocomplete_user_list","coefficient_besties_list_ranking","coefficient_rank_recipient_user_suggestion","coefficient_ios_section_test_bootstrap_ranking","coefficient_direct_recipients_ranking_variant_2"] returned response: <Response [200]>
2021-08-18 14:46:32,447 - instabot version: 0.117.0 (api) - DEBUG - GET to endpoint: business/eligibility/get_monetization_products_eligibility_data/?product_types=branded_content returned response: <Response [200]>
2021-08-18 14:46:32,806 - instabot version: 0.117.0 (api) - DEBUG - GET to endpoint: business/branded_content/should_require_professional_account/ returned response: <Response [200]>
2021-08-18 14:46:34,041 - instabot version: 0.117.0 (api) - DEBUG - GET to endpoint: linked_accounts/get_linkage_status/ returned response: <Response [200]>
2021-08-18 14:46:34,386 - instabot version: 0.117.0 (api) - DEBUG - GET to endpoint: locations/request_country/ returned response: <Response [200]>
2021-08-18 14:46:34,722 - instabot version: 0.117.0 (api) - DEBUG - GET to endpoint: qp/get_cooldowns/?signed_body=signed_body=4b9c516a5410a3bc128e09c6104a7f042146b9c2023870560c63a43a7f66781c.4&ig_sig_key_version=4&ig_sig_key_version=4 returned response: <Response [200]>
2021-08-18 14:46:35,052 - instabot version: 0.117.0 (api) - DEBUG - GET to endpoint: users/arlink_download_info/?version_override=2.2.1 returned response: <Response [200]>
2021-08-18 14:46:35,881 - instabot version: 0.117.0 (api) - DEBUG - GET to endpoint: users/46258652727/info/ returned response: <Response [200]>
2021-08-18 14:46:36,241 - instabot version: 0.117.0 (api) - DEBUG - GET to endpoint: direct_v2/get_presence/ returned response: <Response [200]>
2021-08-18 14:46:36,651 - instabot version: 0.117.0 (api) - DEBUG - GET to endpoint: direct_v2/inbox/?visual_message_return_type=unseen&thread_message_limit=10&persistentBadging=true&limit=20 returned response: <Response [200]>
2021-08-18 14:46:37,067 - instabot version: 0.117.0 (api) - DEBUG - GET to endpoint: direct_v2/inbox/?visual_message_return_type=unseen&persistentBadging=true&limit=0 returned response: <Response [200]>
2021-08-18 14:46:37,527 - instabot version: 0.117.0 (api) - DEBUG - GET to endpoint: discover/topical_explore/?is_prefetch=true&omit_cover_media=true&use_sectional_payload=true&timezone_offset=0&session_id=74517733-9e97-4ac6-9bd3-6396afa278ed&include_fixed_destinations=true returned response: <Response [200]>
2021-08-18 14:46:37,877 - instabot version: 0.117.0 (api) - DEBUG - POST to endpoint: notifications/badge/ returned response: <Response [200]>
2021-08-18 14:46:38,332 - instabot version: 0.117.0 (api) - DEBUG - POST to endpoint: qp/batch_fetch/ returned response: <Response [200]>
2021-08-18 14:46:38,333 - instabot version: 0.117.0 (bot_checkpoint) - DEBUG - Loading Checkpoint file from: D:\searchdisaner/config/todoctordoom.checkpoint
2021-08-18 14:46:44,729 - instabot version: 0.117.0 (api) - DEBUG - GET to endpoint: feed/tag/дизайн/?max_id=&rank_token=46258652727_d8c038f7-d60d-4ffc-ae20-1b8f9d340f0b&ranked_content=true& returned response: <Response [200]>
2021-08-18 14:46:45,511 - instabot version: 0.117.0 (api) - DEBUG - GET to endpoint: users/4016693720/info/ returned response: <Response [200]>
2021-08-18 14:46:46,517 - instabot version: 0.117.0 (api) - DEBUG - GET to endpoint: users/44319817528/info/ returned response: <Response [200]>
2021-08-18 14:46:47,209 - instabot version: 0.117.0 (api) - DEBUG - GET to endpoint: users/1386826422/info/ returned response: <Response [200]>
2021-08-18 14:46:47,719 - instabot version: 0.117.0 (api) - DEBUG - GET to endpoint: users/11400064901/info/ returned response: <Response [200]>
2021-08-18 14:46:48,277 - instabot version: 0.117.0 (api) - DEBUG - GET to endpoint: users/48803501605/info/ returned response: <Response [200]>
2021-08-18 14:46:48,839 - instabot version: 0.117.0 (api) - DEBUG - GET to endpoint: users/8908061439/info/ returned response: <Response [200]>
2021-08-18 14:46:49,584 - instabot version: 0.117.0 (api) - DEBUG - GET to endpoint: users/7281334314/info/ returned response: <Response [200]>
2021-08-18 14:46:50,125 - instabot version: 0.117.0 (api) - DEBUG - GET to endpoint: users/3230835898/info/ returned response: <Response [200]>
2021-08-18 14:46:51,039 - instabot version: 0.117.0 (api) - DEBUG - GET to endpoint: users/4770548115/info/ returned response: <Response [200]>
2021-08-18 14:46:51,781 - instabot version: 0.117.0 (api) - DEBUG - GET to endpoint: users/9377632325/info/ returned response: <Response [200]>
2021-08-18 14:46:52,390 - instabot version: 0.117.0 (api) - DEBUG - GET to endpoint: users/8329661043/info/ returned response: <Response [200]>
2021-08-18 14:46:53,103 - instabot version: 0.117.0 (api) - DEBUG - GET to endpoint: users/4431918479/info/ returned response: <Response [200]>
2021-08-18 14:46:53,815 - instabot version: 0.117.0 (api) - DEBUG - GET to endpoint: users/40871521602/info/ returned response: <Response [200]>
2021-08-18 14:46:54,350 - instabot version: 0.117.0 (api) - DEBUG - GET to endpoint: users/10670618099/info/ returned response: <Response [200]>
2021-08-18 14:46:54,886 - instabot version: 0.117.0 (api) - DEBUG - GET to endpoint: users/49009665319/info/ returned response: <Response [200]>
2021-08-18 14:46:55,358 - instabot version: 0.117.0 (api) - DEBUG - GET to endpoint: users/45478726406/info/ returned response: <Response [200]>
2021-08-18 14:46:55,990 - instabot version: 0.117.0 (api) - DEBUG - GET to endpoint: users/48869592064/info/ returned response: <Response [200]>
2021-08-18 14:46:56,888 - instabot version: 0.117.0 (api) - DEBUG - GET to endpoint: users/41834773818/info/ returned response: <Response [200]>
2021-08-18 14:46:57,727 - instabot version: 0.117.0 (api) - DEBUG - GET to endpoint: users/47720780914/info/ returned response: <Response [200]>
2021-08-18 14:46:58,303 - instabot version: 0.117.0 (api) - DEBUG - GET to endpoint: users/8735633148/info/ returned response: <Response [200]>
2021-08-18 14:46:59,126 - instabot version: 0.117.0 (api) - DEBUG - GET to endpoint: users/48969671074/info/ returned response: <Response [200]>
2021-08-18 14:46:59,740 - instabot version: 0.117.0 (api) - DEBUG - GET to endpoint: users/2312911539/info/ returned response: <Response [200]>
2021-08-18 14:47:00,608 - instabot version: 0.117.0 (api) - DEBUG - GET to endpoint: users/12104235906/info/ returned response: <Response [200]>
2021-08-18 14:47:01,135 - instabot version: 0.117.0 (api) - DEBUG - GET to endpoint: users/49223139946/info/ returned response: <Response [200]>
2021-08-18 14:47:01,764 - instabot version: 0.117.0 (api) - DEBUG - GET to endpoint: users/41114573818/info/ returned response: <Response [200]>
2021-08-18 14:47:02,589 - instabot version: 0.117.0 (api) - DEBUG - GET to endpoint: users/45259374/info/ returned response: <Response [200]>
2021-08-18 14:47:03,495 - instabot version: 0.117.0 (api) - DEBUG - GET to endpoint: users/44896576706/info/ returned response: <Response [200]>
2021-08-18 14:47:04,209 - instabot version: 0.117.0 (api) - DEBUG - GET to endpoint: users/6131784564/info/ returned response: <Response [200]>
2021-08-18 14:47:04,819 - instabot version: 0.117.0 (api) - DEBUG - GET to endpoint: users/20733128511/info/ returned response: <Response [200]>
2021-08-18 14:47:05,425 - instabot version: 0.117.0 (api) - DEBUG - GET to endpoint: users/6692842272/info/ returned response: <Response [200]>
2021-08-18 14:47:05,894 - instabot version: 0.117.0 (api) - DEBUG - GET to endpoint: users/46702071288/info/ returned response: <Response [200]>
2021-08-18 14:47:06,566 - instabot version: 0.117.0 (api) - DEBUG - GET to endpoint: users/2128205277/info/ returned response: <Response [200]>
2021-08-18 14:47:07,072 - instabot version: 0.117.0 (api) - DEBUG - GET to endpoint: users/45194808249/info/ returned response: <Response [200]>
2021-08-18 14:47:07,643 - instabot version: 0.117.0 (api) - DEBUG - GET to endpoint: users/10272158453/info/ returned response: <Response [200]>
2021-08-18 14:47:08,432 - instabot version: 0.117.0 (api) - DEBUG - GET to endpoint: users/9298326982/info/ returned response: <Response [200]>
2021-08-18 14:47:08,958 - instabot version: 0.117.0 (api) - DEBUG - GET to endpoint: users/26593372282/info/ returned response: <Response [200]>
2021-08-18 14:47:09,464 - instabot version: 0.117.0 (api) - DEBUG - GET to endpoint: users/49011233682/info/ returned response: <Response [200]>
2021-08-18 14:47:10,120 - instabot version: 0.117.0 (api) - DEBUG - GET to endpoint: users/3908949180/info/ returned response: <Response [200]>
2021-08-18 14:47:11,344 - instabot version: 0.117.0 (api) - DEBUG - GET to endpoint: users/44296245849/info/ returned response: <Response [200]>
2021-08-18 14:47:12,154 - instabot version: 0.117.0 (api) - DEBUG - GET to endpoint: users/2954133231/info/ returned response: <Response [200]>
2021-08-18 14:47:12,693 - instabot version: 0.117.0 (api) - DEBUG - GET to endpoint: users/48380329066/info/ returned response: <Response [200]>
2021-08-18 14:47:13,640 - instabot version: 0.117.0 (api) - DEBUG - GET to endpoint: users/13728251275/info/ returned response: <Response [200]>
2021-08-18 14:47:14,470 - instabot version: 0.117.0 (api) - DEBUG - GET to endpoint: users/232181093/info/ returned response: <Response [200]>
2021-08-18 14:47:15,115 - instabot version: 0.117.0 (api) - DEBUG - GET to endpoint: users/2007416803/info/ returned response: <Response [200]>
2021-08-18 14:47:15,757 - instabot version: 0.117.0 (api) - DEBUG - GET to endpoint: users/6551123069/info/ returned response: <Response [200]>
2021-08-18 14:47:16,482 - instabot version: 0.117.0 (api) - DEBUG - GET to endpoint: users/38646812824/info/ returned response: <Response [200]>
2021-08-18 14:47:17,043 - instabot version: 0.117.0 (api) - DEBUG - GET to endpoint: users/16342300646/info/ returned response: <Response [200]>
2021-08-18 14:47:18,106 - instabot version: 0.117.0 (api) - DEBUG - GET to endpoint: users/48809328675/info/ returned response: <Response [200]>
2021-08-18 14:47:19,230 - instabot version: 0.117.0 (api) - DEBUG - GET to endpoint: users/4342406881/info/ returned response: <Response [200]>
2021-08-18 14:47:19,807 - instabot version: 0.117.0 (api) - DEBUG - GET to endpoint: users/1641443522/info/ returned response: <Response [200]>
2021-08-18 14:47:20,472 - instabot version: 0.117.0 (api) - DEBUG - GET to endpoint: users/1539374651/info/ returned response: <Response [200]>
2021-08-18 14:47:21,209 - instabot version: 0.117.0 (api) - DEBUG - GET to endpoint: users/28351302085/info/ returned response: <Response [200]>
2021-08-18 14:47:21,912 - instabot version: 0.117.0 (api) - DEBUG - GET to endpoint: users/49021900149/info/ returned response: <Response [200]>
2021-08-18 14:47:22,755 - instabot version: 0.117.0 (api) - DEBUG - GET to endpoint: users/40819166510/info/ returned response: <Response [200]>
2021-08-18 14:47:23,371 - instabot version: 0.117.0 (api) - DEBUG - GET to endpoint: users/1639559141/info/ returned response: <Response [200]>
2021-08-18 14:47:24,775 - instabot version: 0.117.0 (api) - DEBUG - GET to endpoint: users/4050599763/info/ returned response: <Response [200]>
2021-08-18 14:47:25,597 - instabot version: 0.117.0 (api) - DEBUG - GET to endpoint: users/498284159/info/ returned response: <Response [200]>
2021-08-18 14:47:26,258 - instabot version: 0.117.0 (api) - DEBUG - GET to endpoint: users/28185990695/info/ returned response: <Response [200]>
2021-08-18 14:47:26,886 - instabot version: 0.117.0 (api) - DEBUG - GET to endpoint: users/8438589124/info/ returned response: <Response [200]>
2021-08-18 14:47:27,494 - instabot version: 0.117.0 (api) - DEBUG - GET to endpoint: users/792902865/info/ returned response: <Response [200]>
2021-08-18 14:47:28,563 - instabot version: 0.117.0 (api) - DEBUG - GET to endpoint: users/2532862042/info/ returned response: <Response [200]>
2021-08-18 14:47:29,689 - instabot version: 0.117.0 (api) - DEBUG - GET to endpoint: users/46137182384/info/ returned response: <Response [200]>
2021-08-18 14:47:30,485 - instabot version: 0.117.0 (api) - DEBUG - GET to endpoint: users/26809680599/info/ returned response: <Response [200]>
2021-08-18 14:47:31,120 - instabot version: 0.117.0 (api) - DEBUG - GET to endpoint: users/5046755767/info/ returned response: <Response [200]>
2021-08-18 14:47:31,763 - instabot version: 0.117.0 (api) - DEBUG - GET to endpoint: users/7374688858/info/ returned response: <Response [200]>
2021-08-18 14:47:32,199 - instabot version: 0.117.0 (api) - DEBUG - GET to endpoint: users/45904906170/info/ returned response: <Response [200]>
2021-08-18 14:47:43,060 - instabot version: 0.117.0 (api) - DEBUG - GET to endpoint: feed/tag/дизайнер/?max_id=&rank_token=46258652727_d8c038f7-d60d-4ffc-ae20-1b8f9d340f0b&ranked_content=true& returned response: <Response [200]>
2021-08-18 14:47:44,036 - instabot version: 0.117.0 (api) - DEBUG - GET to endpoint: users/2933143873/info/ returned response: <Response [200]>
2021-08-18 14:47:44,498 - instabot version: 0.117.0 (api) - DEBUG - GET to endpoint: users/49017603571/info/ returned response: <Response [200]>
2021-08-18 14:47:45,287 - instabot version: 0.117.0 (api) - DEBUG - GET to endpoint: users/32495460361/info/ returned response: <Response [200]>
2021-08-18 14:47:46,217 - instabot version: 0.117.0 (api) - DEBUG - GET to endpoint: users/4883241676/info/ returned response: <Response [200]>
2021-08-18 14:47:46,829 - instabot version: 0.117.0 (api) - DEBUG - GET to endpoint: users/4154968454/info/ returned response: <Response [200]>
2021-08-18 14:47:47,361 - instabot version: 0.117.0 (api) - DEBUG - GET to endpoint: users/14308451667/info/ returned response: <Response [200]>
2021-08-18 14:47:47,920 - instabot version: 0.117.0 (api) - DEBUG - GET to endpoint: users/8032909606/info/ returned response: <Response [200]>
2021-08-18 14:47:48,355 - instabot version: 0.117.0 (api) - DEBUG - GET to endpoint: users/49083270038/info/ returned response: <Response [200]>
2021-08-18 14:47:48,947 - instabot version: 0.117.0 (api) - DEBUG - GET to endpoint: users/706430563/info/ returned response: <Response [200]>
2021-08-18 14:47:50,121 - instabot version: 0.117.0 (api) - DEBUG - GET to endpoint: users/49120929353/info/ returned response: <Response [200]>
2021-08-18 14:47:50,932 - instabot version: 0.117.0 (api) - DEBUG - GET to endpoint: users/34931828233/info/ returned response: <Response [200]>
2021-08-18 14:47:51,490 - instabot version: 0.117.0 (api) - DEBUG - GET to endpoint: users/46113250980/info/ returned response: <Response [200]>
2021-08-18 14:47:52,098 - instabot version: 0.117.0 (api) - DEBUG - GET to endpoint: users/9312504746/info/ returned response: <Response [200]>
2021-08-18 14:47:52,841 - instabot version: 0.117.0 (api) - DEBUG - GET to endpoint: users/4530353428/info/ returned response: <Response [200]>
2021-08-18 14:47:53,409 - instabot version: 0.117.0 (api) - DEBUG - GET to endpoint: users/23165512634/info/ returned response: <Response [200]>
2021-08-18 14:47:53,831 - instabot version: 0.117.0 (api) - DEBUG - GET to endpoint: users/26953561423/info/ returned response: <Response [200]>
2021-08-18 14:47:54,346 - instabot version: 0.117.0 (api) - DEBUG - GET to endpoint: users/49058040863/info/ returned response: <Response [200]>
2021-08-18 14:47:54,947 - instabot version: 0.117.0 (api) - DEBUG - GET to endpoint: users/24838851945/info/ returned response: <Response [200]>
2021-08-18 14:47:55,509 - instabot version: 0.117.0 (api) - DEBUG - GET to endpoint: users/11292681539/info/ returned response: <Response [200]>
2021-08-18 14:47:56,051 - instabot version: 0.117.0 (api) - DEBUG - GET to endpoint: users/44328517336/info/ returned response: <Response [200]>
2021-08-18 14:47:56,606 - instabot version: 0.117.0 (api) - DEBUG - GET to endpoint: users/34712432393/info/ returned response: <Response [200]>
2021-08-18 14:47:57,660 - instabot version: 0.117.0 (api) - DEBUG - GET to endpoint: users/7870756/info/ returned response: <Response [200]>
2021-08-18 14:47:58,260 - instabot version: 0.117.0 (api) - DEBUG - GET to endpoint: users/48605853287/info/ returned response: <Response [200]>
2021-08-18 14:47:58,815 - instabot version: 0.117.0 (api) - DEBUG - GET to endpoint: users/8162543660/info/ returned response: <Response [200]>
2021-08-18 14:47:59,409 - instabot version: 0.117.0 (api) - DEBUG - GET to endpoint: users/11467656000/info/ returned response: <Response [200]>
2021-08-18 14:47:59,994 - instabot version: 0.117.0 (api) - DEBUG - GET to endpoint: users/5335828780/info/ returned response: <Response [200]>
2021-08-18 14:48:00,445 - instabot version: 0.117.0 (api) - DEBUG - GET to endpoint: users/47555333698/info/ returned response: <Response [200]>
2021-08-18 14:48:00,976 - instabot version: 0.117.0 (api) - DEBUG - GET to endpoint: users/6716828942/info/ returned response: <Response [200]>
2021-08-18 14:48:01,482 - instabot version: 0.117.0 (api) - DEBUG - GET to endpoint: users/235459101/info/ returned response: <Response [200]>
2021-08-18 14:48:02,327 - instabot version: 0.117.0 (api) - DEBUG - GET to endpoint: users/7715172969/info/ returned response: <Response [200]>
2021-08-18 14:48:02,897 - instabot version: 0.117.0 (api) - DEBUG - GET to endpoint: users/7180347342/info/ returned response: <Response [200]>
2021-08-18 14:48:03,454 - instabot version: 0.117.0 (api) - DEBUG - GET to endpoint: users/10694550696/info/ returned response: <Response [200]>
2021-08-18 14:48:03,995 - instabot version: 0.117.0 (api) - DEBUG - GET to endpoint: users/47333798860/info/ returned response: <Response [200]>
2021-08-18 14:48:04,584 - instabot version: 0.117.0 (api) - DEBUG - GET to endpoint: users/7569569320/info/ returned response: <Response [200]>
2021-08-18 14:48:05,167 - instabot version: 0.117.0 (api) - DEBUG - GET to endpoint: users/451972012/info/ returned response: <Response [200]>
2021-08-18 14:48:05,675 - instabot version: 0.117.0 (api) - DEBUG - GET to endpoint: users/47903663649/info/ returned response: <Response [200]>
2021-08-18 14:48:06,268 - instabot version: 0.117.0 (api) - DEBUG - GET to endpoint: users/2921648295/info/ returned response: <Response [200]>
2021-08-18 14:48:06,808 - instabot version: 0.117.0 (api) - DEBUG - GET to endpoint: users/8255337758/info/ returned response: <Response [200]>
2021-08-18 14:48:07,375 - instabot version: 0.117.0 (api) - DEBUG - GET to endpoint: users/2215138070/info/ returned response: <Response [200]>
2021-08-18 14:48:07,928 - instabot version: 0.117.0 (api) - DEBUG - GET to endpoint: users/11704776551/info/ returned response: <Response [200]>
2021-08-18 14:48:08,487 - instabot version: 0.117.0 (api) - DEBUG - GET to endpoint: users/366642108/info/ returned response: <Response [200]>
2021-08-18 14:48:09,044 - instabot version: 0.117.0 (api) - DEBUG - GET to endpoint: users/1915855859/info/ returned response: <Response [200]>
2021-08-18 14:48:10,328 - instabot version: 0.117.0 (api) - DEBUG - GET to endpoint: users/1508148705/info/ returned response: <Response [200]>
2021-08-18 14:48:10,798 - instabot version: 0.117.0 (api) - DEBUG - GET to endpoint: users/46534812370/info/ returned response: <Response [200]>
2021-08-18 14:48:11,489 - instabot version: 0.117.0 (api) - DEBUG - GET to endpoint: users/5858556621/info/ returned response: <Response [200]>
2021-08-18 14:48:12,045 - instabot version: 0.117.0 (api) - DEBUG - GET to endpoint: users/42986148875/info/ returned response: <Response [200]>
2021-08-18 14:48:12,492 - instabot version: 0.117.0 (api) - DEBUG - GET to endpoint: users/2129007753/info/ returned response: <Response [200]>
2021-08-18 14:48:12,972 - instabot version: 0.117.0 (api) - DEBUG - GET to endpoint: users/48982083474/info/ returned response: <Response [200]>
2021-08-18 14:48:13,555 - instabot version: 0.117.0 (api) - DEBUG - GET to endpoint: users/3305174092/info/ returned response: <Response [200]>
2021-08-18 14:48:14,056 - instabot version: 0.117.0 (api) - DEBUG - GET to endpoint: users/11445563601/info/ returned response: <Response [200]>
2021-08-18 14:48:14,576 - instabot version: 0.117.0 (api) - DEBUG - GET to endpoint: users/15429061036/info/ returned response: <Response [200]>
2021-08-18 14:48:15,118 - instabot version: 0.117.0 (api) - DEBUG - GET to endpoint: users/39419026083/info/ returned response: <Response [200]>
2021-08-18 14:48:15,794 - instabot version: 0.117.0 (api) - DEBUG - GET to endpoint: users/48256201011/info/ returned response: <Response [200]>
2021-08-18 14:48:16,758 - instabot version: 0.117.0 (api) - DEBUG - GET to endpoint: users/1671057135/info/ returned response: <Response [200]>
2021-08-18 14:48:17,324 - instabot version: 0.117.0 (api) - DEBUG - GET to endpoint: users/35167931223/info/ returned response: <Response [200]>
2021-08-18 14:48:17,802 - instabot version: 0.117.0 (api) - DEBUG - GET to endpoint: users/368289577/info/ returned response: <Response [200]>
2021-08-18 14:48:18,220 - instabot version: 0.117.0 (api) - DEBUG - GET to endpoint: users/48420237122/info/ returned response: <Response [200]>
