2021-08-18 14:26:30,996 - instabot version: 0.117.0 (bot) - INFO - Instabot version: 0.117.0 Started
2021-08-18 14:26:30,996 - instabot version: 0.117.0 (bot) - DEBUG - Bot imported from D:\searchdisaner\venv\lib\site-packages\instabot\bot\bot.py
2021-08-18 14:26:30,997 - instabot version: 0.117.0 (api_login) - DEBUG - Loading uuids
2021-08-18 14:26:30,997 - instabot version: 0.117.0 (api_login) - INFO - Recovery from D:\searchdisaner/config/todoctordoom_uuid_and_cookie.json: COOKIE False - UUIDs True - TIMING, DEVICE and ...
- user-agent=Instagram 117.0.0.28.123 Android (28/9.0; 420dpi; 1080x1920; OnePlus; ONEPLUS A3003; OnePlus3; qcom; en_US; 180322800)
- phone_id=fececc37-13fb-4ca7-b4c1-842926ac61f0
- uuid=d8c038f7-d60d-4ffc-ae20-1b8f9d340f0b
- client_session_id=74517733-9e97-4ac6-9bd3-6396afa278ed
- device_id=android-638845ae1420b535
2021-08-18 14:26:30,999 - instabot version: 0.117.0 (api_login) - INFO - Not yet logged in starting: PRE-LOGIN FLOW!
2021-08-18 14:26:31,282 - instabot version: 0.117.0 (api) - DEBUG - POST to endpoint: accounts/get_prefill_candidates/ returned response: <Response [200]>
2021-08-18 14:26:31,569 - instabot version: 0.117.0 (api) - DEBUG - POST to endpoint: qe/sync/ returned response: <Response [200]>
2021-08-18 14:26:31,858 - instabot version: 0.117.0 (api) - DEBUG - POST to endpoint: launcher/sync/ returned response: <Response [200]>
2021-08-18 14:26:32,141 - instabot version: 0.117.0 (api) - DEBUG - POST to endpoint: accounts/contact_point_prefill/ returned response: <Response [200]>
2021-08-18 14:26:34,592 - instabot version: 0.117.0 (api) - DEBUG - POST to endpoint: accounts/login/ returned response: <Response [200]>
2021-08-18 14:26:34,593 - instabot version: 0.117.0 (api) - INFO - Logged-in successfully as 'todoctordoom'!
2021-08-18 14:26:34,593 - instabot version: 0.117.0 (api_login) - INFO - LOGIN FLOW! Just logged-in: True
2021-08-18 14:26:34,964 - instabot version: 0.117.0 (api) - DEBUG - POST to endpoint: qe/sync/ returned response: <Response [200]>
2021-08-18 14:26:35,336 - instabot version: 0.117.0 (api) - DEBUG - POST to endpoint: launcher/sync/ returned response: <Response [200]>
2021-08-18 14:26:35,665 - instabot version: 0.117.0 (api) - DEBUG - GET to endpoint: zr/token/result/?device_id=android-638845ae1420b535&token_hash=&custom_device_id=android-638845ae1420b535&fetch_reason=token_expired returned response: <Response [200]>
2021-08-18 14:26:36,002 - instabot version: 0.117.0 (api) - DEBUG - GET to endpoint: multiple_accounts/get_account_family/ returned response: <Response [200]>
2021-08-18 14:26:36,380 - instabot version: 0.117.0 (api) - DEBUG - POST to endpoint: qe/sync/ returned response: <Response [200]>
2021-08-18 14:26:37,114 - instabot version: 0.117.0 (api) - DEBUG - GET to endpoint: igtv/browse_feed/?prefetch=1 returned response: <Response [200]>
2021-08-18 14:26:37,468 - instabot version: 0.117.0 (api) - DEBUG - POST to endpoint: creatives/ar_class/ returned response: <Response [200]>
2021-08-18 14:26:38,000 - instabot version: 0.117.0 (api) - DEBUG - POST to endpoint: feed/reels_tray/ returned response: <Response [200]>
2021-08-18 14:26:39,636 - instabot version: 0.117.0 (api) - DEBUG - POST to endpoint: feed/timeline/ returned response: <Response [200]>
2021-08-18 14:26:39,955 - instabot version: 0.117.0 (api) - DEBUG - GET to endpoint: media/blocked/ returned response: <Response [200]>
2021-08-18 14:26:41,023 - instabot version: 0.117.0 (api) - DEBUG - GET to endpoint: news/inbox/ returned response: <Response [200]>
2021-08-18 14:26:41,345 - instabot version: 0.117.0 (api) - DEBUG - GET to endpoint: loom/fetch_config/ returned response: <Response [200]>
2021-08-18 14:26:41,928 - instabot version: 0.117.0 (api) - DEBUG - GET to endpoint: scores/bootstrap/users/?surfaces=["autocomplete_user_list","coefficient_besties_list_ranking","coefficient_rank_recipient_user_suggestion","coefficient_ios_section_test_bootstrap_ranking","coefficient_direct_recipients_ranking_variant_2"] returned response: <Response [200]>
2021-08-18 14:26:42,271 - instabot version: 0.117.0 (api) - DEBUG - GET to endpoint: business/eligibility/get_monetization_products_eligibility_data/?product_types=branded_content returned response: <Response [200]>
2021-08-18 14:26:42,584 - instabot version: 0.117.0 (api) - DEBUG - GET to endpoint: business/branded_content/should_require_professional_account/ returned response: <Response [200]>
2021-08-18 14:26:43,273 - instabot version: 0.117.0 (api) - DEBUG - GET to endpoint: linked_accounts/get_linkage_status/ returned response: <Response [200]>
2021-08-18 14:26:43,617 - instabot version: 0.117.0 (api) - DEBUG - GET to endpoint: locations/request_country/ returned response: <Response [200]>
2021-08-18 14:26:43,957 - instabot version: 0.117.0 (api) - DEBUG - GET to endpoint: qp/get_cooldowns/?signed_body=signed_body=4b9c516a5410a3bc128e09c6104a7f042146b9c2023870560c63a43a7f66781c.4&ig_sig_key_version=4&ig_sig_key_version=4 returned response: <Response [200]>
2021-08-18 14:26:44,295 - instabot version: 0.117.0 (api) - DEBUG - GET to endpoint: users/arlink_download_info/?version_override=2.2.1 returned response: <Response [200]>
2021-08-18 14:26:45,154 - instabot version: 0.117.0 (api) - DEBUG - GET to endpoint: users/46258652727/info/ returned response: <Response [200]>
2021-08-18 14:26:45,504 - instabot version: 0.117.0 (api) - DEBUG - GET to endpoint: direct_v2/get_presence/ returned response: <Response [200]>
2021-08-18 14:26:45,891 - instabot version: 0.117.0 (api) - DEBUG - GET to endpoint: direct_v2/inbox/?visual_message_return_type=unseen&thread_message_limit=10&persistentBadging=true&limit=20 returned response: <Response [200]>
2021-08-18 14:26:46,256 - instabot version: 0.117.0 (api) - DEBUG - GET to endpoint: direct_v2/inbox/?visual_message_return_type=unseen&persistentBadging=true&limit=0 returned response: <Response [200]>
2021-08-18 14:26:46,710 - instabot version: 0.117.0 (api) - DEBUG - GET to endpoint: discover/topical_explore/?is_prefetch=true&omit_cover_media=true&use_sectional_payload=true&timezone_offset=0&session_id=74517733-9e97-4ac6-9bd3-6396afa278ed&include_fixed_destinations=true returned response: <Response [200]>
2021-08-18 14:26:47,093 - instabot version: 0.117.0 (api) - DEBUG - POST to endpoint: notifications/badge/ returned response: <Response [200]>
2021-08-18 14:26:47,737 - instabot version: 0.117.0 (api) - DEBUG - POST to endpoint: qp/batch_fetch/ returned response: <Response [200]>
2021-08-18 14:26:47,738 - instabot version: 0.117.0 (bot_checkpoint) - DEBUG - Loading Checkpoint file from: D:\searchdisaner/config/todoctordoom.checkpoint
2021-08-18 14:26:53,746 - instabot version: 0.117.0 (api) - DEBUG - GET to endpoint: feed/tag/дизайн/?max_id=&rank_token=46258652727_d8c038f7-d60d-4ffc-ae20-1b8f9d340f0b&ranked_content=true& returned response: <Response [200]>
2021-08-18 14:26:54,610 - instabot version: 0.117.0 (api) - DEBUG - GET to endpoint: users/2101626659/info/ returned response: <Response [200]>
2021-08-18 14:26:55,979 - instabot version: 0.117.0 (api) - DEBUG - GET to endpoint: users/31133298353/info/ returned response: <Response [200]>
2021-08-18 14:26:57,005 - instabot version: 0.117.0 (api) - DEBUG - GET to endpoint: users/47554265035/info/ returned response: <Response [200]>
2021-08-18 14:26:57,865 - instabot version: 0.117.0 (api) - DEBUG - GET to endpoint: users/39315762485/info/ returned response: <Response [200]>
2021-08-18 14:26:58,636 - instabot version: 0.117.0 (api) - DEBUG - GET to endpoint: users/3268022627/info/ returned response: <Response [200]>
2021-08-18 14:26:59,884 - instabot version: 0.117.0 (api) - DEBUG - GET to endpoint: users/8472696170/info/ returned response: <Response [200]>
2021-08-18 14:27:00,940 - instabot version: 0.117.0 (api) - DEBUG - GET to endpoint: users/23949843042/info/ returned response: <Response [200]>
2021-08-18 14:27:01,698 - instabot version: 0.117.0 (api) - DEBUG - GET to endpoint: users/3485505151/info/ returned response: <Response [200]>
2021-08-18 14:27:02,571 - instabot version: 0.117.0 (api) - DEBUG - GET to endpoint: users/29121853746/info/ returned response: <Response [200]>
2021-08-18 14:27:03,198 - instabot version: 0.117.0 (api) - DEBUG - GET to endpoint: users/6523655234/info/ returned response: <Response [200]>
2021-08-18 14:27:03,731 - instabot version: 0.117.0 (api) - DEBUG - GET to endpoint: users/48387292185/info/ returned response: <Response [200]>
2021-08-18 14:27:04,146 - instabot version: 0.117.0 (api) - DEBUG - GET to endpoint: users/31279892040/info/ returned response: <Response [200]>
2021-08-18 14:27:04,855 - instabot version: 0.117.0 (api) - DEBUG - GET to endpoint: users/1476627897/info/ returned response: <Response [200]>
2021-08-18 14:27:05,456 - instabot version: 0.117.0 (api) - DEBUG - GET to endpoint: users/10828569471/info/ returned response: <Response [200]>
2021-08-18 14:27:06,720 - instabot version: 0.117.0 (api) - DEBUG - GET to endpoint: users/36880625911/info/ returned response: <Response [200]>
2021-08-18 14:27:07,445 - instabot version: 0.117.0 (api) - DEBUG - GET to endpoint: users/5908067304/info/ returned response: <Response [200]>
2021-08-18 14:27:08,215 - instabot version: 0.117.0 (api) - DEBUG - GET to endpoint: users/9067260275/info/ returned response: <Response [200]>
2021-08-18 14:27:08,854 - instabot version: 0.117.0 (api) - DEBUG - GET to endpoint: users/9364157604/info/ returned response: <Response [200]>
2021-08-18 14:27:09,510 - instabot version: 0.117.0 (api) - DEBUG - GET to endpoint: users/5811411415/info/ returned response: <Response [200]>
2021-08-18 14:27:10,069 - instabot version: 0.117.0 (api) - DEBUG - GET to endpoint: users/8162543660/info/ returned response: <Response [200]>
2021-08-18 14:27:11,042 - instabot version: 0.117.0 (api) - DEBUG - GET to endpoint: users/38519578736/info/ returned response: <Response [200]>
2021-08-18 14:27:11,666 - instabot version: 0.117.0 (api) - DEBUG - GET to endpoint: users/8606144017/info/ returned response: <Response [200]>
2021-08-18 14:27:12,336 - instabot version: 0.117.0 (api) - DEBUG - GET to endpoint: users/47693075658/info/ returned response: <Response [200]>
2021-08-18 14:27:12,864 - instabot version: 0.117.0 (api) - DEBUG - GET to endpoint: users/2847604094/info/ returned response: <Response [200]>
2021-08-18 14:27:13,525 - instabot version: 0.117.0 (api) - DEBUG - GET to endpoint: users/25991110203/info/ returned response: <Response [200]>
2021-08-18 14:27:14,118 - instabot version: 0.117.0 (api) - DEBUG - GET to endpoint: users/34430130403/info/ returned response: <Response [200]>
2021-08-18 14:27:14,548 - instabot version: 0.117.0 (api) - DEBUG - GET to endpoint: users/12745732591/info/ returned response: <Response [200]>
2021-08-18 14:27:15,017 - instabot version: 0.117.0 (api) - DEBUG - GET to endpoint: users/35414617754/info/ returned response: <Response [200]>
2021-08-18 14:27:15,743 - instabot version: 0.117.0 (api) - DEBUG - GET to endpoint: users/2290842730/info/ returned response: <Response [200]>
2021-08-18 14:27:16,432 - instabot version: 0.117.0 (api) - DEBUG - GET to endpoint: users/5921757213/info/ returned response: <Response [200]>
2021-08-18 14:27:17,062 - instabot version: 0.117.0 (api) - DEBUG - GET to endpoint: users/14714599325/info/ returned response: <Response [200]>
2021-08-18 14:27:17,929 - instabot version: 0.117.0 (api) - DEBUG - GET to endpoint: users/3913998493/info/ returned response: <Response [200]>
2021-08-18 14:27:18,694 - instabot version: 0.117.0 (api) - DEBUG - GET to endpoint: users/2267154578/info/ returned response: <Response [200]>
2021-08-18 14:27:19,318 - instabot version: 0.117.0 (api) - DEBUG - GET to endpoint: users/7157840280/info/ returned response: <Response [200]>
2021-08-18 14:27:19,926 - instabot version: 0.117.0 (api) - DEBUG - GET to endpoint: users/3933588206/info/ returned response: <Response [200]>
2021-08-18 14:27:21,092 - instabot version: 0.117.0 (api) - DEBUG - GET to endpoint: users/14936909071/info/ returned response: <Response [200]>
2021-08-18 14:27:21,857 - instabot version: 0.117.0 (api) - DEBUG - GET to endpoint: users/5335828780/info/ returned response: <Response [200]>
2021-08-18 14:27:22,467 - instabot version: 0.117.0 (api) - DEBUG - GET to endpoint: users/4360098274/info/ returned response: <Response [200]>
2021-08-18 14:27:23,193 - instabot version: 0.117.0 (api) - DEBUG - GET to endpoint: users/4135189804/info/ returned response: <Response [200]>
2021-08-18 14:27:23,976 - instabot version: 0.117.0 (api) - DEBUG - GET to endpoint: users/8088229416/info/ returned response: <Response [200]>
2021-08-18 14:27:25,013 - instabot version: 0.117.0 (api) - DEBUG - GET to endpoint: users/19944664472/info/ returned response: <Response [200]>
2021-08-18 14:27:25,725 - instabot version: 0.117.0 (api) - DEBUG - GET to endpoint: users/44328517336/info/ returned response: <Response [200]>
2021-08-18 14:27:26,244 - instabot version: 0.117.0 (api) - DEBUG - GET to endpoint: users/21857851513/info/ returned response: <Response [200]>
2021-08-18 14:27:26,805 - instabot version: 0.117.0 (api) - DEBUG - GET to endpoint: users/4465916928/info/ returned response: <Response [200]>
2021-08-18 14:27:27,275 - instabot version: 0.117.0 (api) - DEBUG - GET to endpoint: users/47555333698/info/ returned response: <Response [200]>
2021-08-18 14:27:27,837 - instabot version: 0.117.0 (api) - DEBUG - GET to endpoint: users/352318356/info/ returned response: <Response [200]>
2021-08-18 14:27:28,761 - instabot version: 0.117.0 (api) - DEBUG - GET to endpoint: users/235459101/info/ returned response: <Response [200]>
2021-08-18 14:27:29,334 - instabot version: 0.117.0 (api) - DEBUG - GET to endpoint: users/8501872931/info/ returned response: <Response [200]>
2021-08-18 14:27:29,732 - instabot version: 0.117.0 (api) - DEBUG - GET to endpoint: users/49085484885/info/ returned response: <Response [200]>
2021-08-18 14:27:30,434 - instabot version: 0.117.0 (api) - DEBUG - GET to endpoint: users/7145944352/info/ returned response: <Response [200]>
2021-08-18 14:27:30,969 - instabot version: 0.117.0 (api) - DEBUG - GET to endpoint: users/37342852918/info/ returned response: <Response [200]>
2021-08-18 14:27:31,588 - instabot version: 0.117.0 (api) - DEBUG - GET to endpoint: users/4416497555/info/ returned response: <Response [200]>
2021-08-18 14:27:32,718 - instabot version: 0.117.0 (api) - DEBUG - GET to endpoint: users/7424476639/info/ returned response: <Response [200]>
2021-08-18 14:27:33,424 - instabot version: 0.117.0 (api) - DEBUG - GET to endpoint: users/4025020569/info/ returned response: <Response [200]>
2021-08-18 14:27:34,035 - instabot version: 0.117.0 (api) - DEBUG - GET to endpoint: users/35346113224/info/ returned response: <Response [200]>
2021-08-18 14:27:34,722 - instabot version: 0.117.0 (api) - DEBUG - GET to endpoint: users/7180347342/info/ returned response: <Response [200]>
2021-08-18 14:27:36,004 - instabot version: 0.117.0 (api) - DEBUG - GET to endpoint: users/26492880428/info/ returned response: <Response [200]>
2021-08-18 14:27:36,810 - instabot version: 0.117.0 (api) - DEBUG - GET to endpoint: users/8497066434/info/ returned response: <Response [200]>
2021-08-18 14:27:37,521 - instabot version: 0.117.0 (api) - DEBUG - GET to endpoint: users/39608468679/info/ returned response: <Response [200]>
2021-08-18 14:27:38,633 - instabot version: 0.117.0 (api) - DEBUG - GET to endpoint: users/27553197872/info/ returned response: <Response [200]>
2021-08-18 14:27:39,250 - instabot version: 0.117.0 (api) - DEBUG - GET to endpoint: users/8503552969/info/ returned response: <Response [200]>
2021-08-18 14:27:39,760 - instabot version: 0.117.0 (api) - DEBUG - GET to endpoint: users/48380329066/info/ returned response: <Response [200]>
2021-08-18 14:27:40,346 - instabot version: 0.117.0 (api) - DEBUG - GET to endpoint: users/5894202129/info/ returned response: <Response [200]>
2021-08-18 14:27:41,143 - instabot version: 0.117.0 (api) - DEBUG - GET to endpoint: users/7588947542/info/ returned response: <Response [200]>
2021-08-18 14:27:42,045 - instabot version: 0.117.0 (api) - DEBUG - GET to endpoint: users/44936502710/info/ returned response: <Response [200]>
2021-08-18 14:27:42,658 - instabot version: 0.117.0 (api) - DEBUG - GET to endpoint: users/49094892909/info/ returned response: <Response [200]>
2021-08-18 14:27:43,557 - instabot version: 0.117.0 (api) - DEBUG - GET to endpoint: users/3518722971/info/ returned response: <Response [200]>
2021-08-18 14:27:44,185 - instabot version: 0.117.0 (api) - DEBUG - GET to endpoint: users/45654849982/info/ returned response: <Response [200]>
2021-08-18 14:27:44,742 - instabot version: 0.117.0 (api) - DEBUG - GET to endpoint: users/48337628451/info/ returned response: <Response [200]>
2021-08-18 14:27:45,374 - instabot version: 0.117.0 (api) - DEBUG - GET to endpoint: users/20251370106/info/ returned response: <Response [200]>
2021-08-18 14:27:46,713 - instabot version: 0.117.0 (api) - DEBUG - GET to endpoint: users/27687526934/info/ returned response: <Response [200]>
2021-08-18 14:27:47,297 - instabot version: 0.117.0 (api) - DEBUG - GET to endpoint: users/14110353705/info/ returned response: <Response [200]>
2021-08-18 14:27:48,080 - instabot version: 0.117.0 (api) - DEBUG - GET to endpoint: users/48155451115/info/ returned response: <Response [200]>
2021-08-18 14:27:48,760 - instabot version: 0.117.0 (api) - DEBUG - GET to endpoint: users/46085912801/info/ returned response: <Response [200]>
2021-08-18 14:27:49,521 - instabot version: 0.117.0 (api) - DEBUG - GET to endpoint: users/45900543984/info/ returned response: <Response [200]>
2021-08-18 14:27:50,160 - instabot version: 0.117.0 (api) - DEBUG - GET to endpoint: users/35167931223/info/ returned response: <Response [200]>
2021-08-18 14:27:55,841 - instabot version: 0.117.0 (api) - DEBUG - GET to endpoint: feed/tag/дизайнер/?max_id=&rank_token=46258652727_d8c038f7-d60d-4ffc-ae20-1b8f9d340f0b&ranked_content=true& returned response: <Response [200]>
2021-08-18 14:27:56,426 - instabot version: 0.117.0 (api) - DEBUG - GET to endpoint: users/14308451667/info/ returned response: <Response [200]>
2021-08-18 14:27:57,060 - instabot version: 0.117.0 (api) - DEBUG - GET to endpoint: users/45267845270/info/ returned response: <Response [200]>
2021-08-18 14:27:57,822 - instabot version: 0.117.0 (api) - DEBUG - GET to endpoint: users/48605853287/info/ returned response: <Response [200]>
2021-08-18 14:27:58,477 - instabot version: 0.117.0 (api) - DEBUG - GET to endpoint: users/6716828942/info/ returned response: <Response [200]>
2021-08-18 14:27:59,120 - instabot version: 0.117.0 (api) - DEBUG - GET to endpoint: users/7715172969/info/ returned response: <Response [200]>
2021-08-18 14:27:59,962 - instabot version: 0.117.0 (api) - DEBUG - GET to endpoint: users/10694550696/info/ returned response: <Response [200]>
2021-08-18 14:28:00,840 - instabot version: 0.117.0 (api) - DEBUG - GET to endpoint: users/47333798860/info/ returned response: <Response [200]>
2021-08-18 14:28:01,584 - instabot version: 0.117.0 (api) - DEBUG - GET to endpoint: users/7569569320/info/ returned response: <Response [200]>
2021-08-18 14:28:02,221 - instabot version: 0.117.0 (api) - DEBUG - GET to endpoint: users/451972012/info/ returned response: <Response [200]>
2021-08-18 14:28:03,264 - instabot version: 0.117.0 (api) - DEBUG - GET to endpoint: users/47903663649/info/ returned response: <Response [200]>
2021-08-18 14:28:03,956 - instabot version: 0.117.0 (api) - DEBUG - GET to endpoint: users/2921648295/info/ returned response: <Response [200]>
2021-08-18 14:28:04,674 - instabot version: 0.117.0 (api) - DEBUG - GET to endpoint: users/8255337758/info/ returned response: <Response [200]>
2021-08-18 14:28:05,290 - instabot version: 0.117.0 (api) - DEBUG - GET to endpoint: users/2215138070/info/ returned response: <Response [200]>
2021-08-18 14:28:06,243 - instabot version: 0.117.0 (api) - DEBUG - GET to endpoint: users/11704776551/info/ returned response: <Response [200]>
2021-08-18 14:28:06,805 - instabot version: 0.117.0 (api) - DEBUG - GET to endpoint: users/366642108/info/ returned response: <Response [200]>
2021-08-18 14:28:07,531 - instabot version: 0.117.0 (api) - DEBUG - GET to endpoint: users/1915855859/info/ returned response: <Response [200]>
2021-08-18 14:28:08,134 - instabot version: 0.117.0 (api) - DEBUG - GET to endpoint: users/11357777/info/ returned response: <Response [200]>
2021-08-18 14:28:09,005 - instabot version: 0.117.0 (api) - DEBUG - GET to endpoint: users/1508148705/info/ returned response: <Response [200]>
2021-08-18 14:28:09,458 - instabot version: 0.117.0 (api) - DEBUG - GET to endpoint: users/28006098866/info/ returned response: <Response [200]>
2021-08-18 14:28:10,059 - instabot version: 0.117.0 (api) - DEBUG - GET to endpoint: users/32593496233/info/ returned response: <Response [200]>
2021-08-18 14:28:10,968 - instabot version: 0.117.0 (api) - DEBUG - GET to endpoint: users/1527963623/info/ returned response: <Response [200]>
2021-08-18 14:28:11,721 - instabot version: 0.117.0 (api) - DEBUG - GET to endpoint: users/47922042991/info/ returned response: <Response [200]>
2021-08-18 14:28:12,326 - instabot version: 0.117.0 (api) - DEBUG - GET to endpoint: users/48537642732/info/ returned response: <Response [200]>
2021-08-18 14:28:12,976 - instabot version: 0.117.0 (api) - DEBUG - GET to endpoint: users/1747696323/info/ returned response: <Response [200]>
2021-08-18 14:28:13,560 - instabot version: 0.117.0 (api) - DEBUG - GET to endpoint: users/1913877110/info/ returned response: <Response [200]>
2021-08-18 14:28:14,096 - instabot version: 0.117.0 (api) - DEBUG - GET to endpoint: users/46534812370/info/ returned response: <Response [200]>
2021-08-18 14:28:14,593 - instabot version: 0.117.0 (api) - DEBUG - GET to endpoint: users/48508306451/info/ returned response: <Response [200]>
2021-08-18 14:28:15,437 - instabot version: 0.117.0 (api) - DEBUG - GET to endpoint: users/42986148875/info/ returned response: <Response [200]>
2021-08-18 14:28:16,114 - instabot version: 0.117.0 (api) - DEBUG - GET to endpoint: users/30042432003/info/ returned response: <Response [200]>
2021-08-18 14:28:16,671 - instabot version: 0.117.0 (api) - DEBUG - GET to endpoint: users/25549666582/info/ returned response: <Response [200]>
2021-08-18 14:28:17,219 - instabot version: 0.117.0 (api) - DEBUG - GET to endpoint: users/7606453183/info/ returned response: <Response [200]>
2021-08-18 14:28:17,960 - instabot version: 0.117.0 (api) - DEBUG - GET to endpoint: users/4718725611/info/ returned response: <Response [200]>
2021-08-18 14:28:18,532 - instabot version: 0.117.0 (api) - DEBUG - GET to endpoint: users/48982083474/info/ returned response: <Response [200]>
2021-08-18 14:28:18,948 - instabot version: 0.117.0 (api) - DEBUG - GET to endpoint: users/48357455287/info/ returned response: <Response [200]>
2021-08-18 14:28:19,600 - instabot version: 0.117.0 (api) - DEBUG - GET to endpoint: users/3305174092/info/ returned response: <Response [200]>
2021-08-18 14:28:20,234 - instabot version: 0.117.0 (api) - DEBUG - GET to endpoint: users/2280607331/info/ returned response: <Response [200]>
2021-08-18 14:28:20,794 - instabot version: 0.117.0 (api) - DEBUG - GET to endpoint: users/14059893829/info/ returned response: <Response [200]>
2021-08-18 14:28:21,465 - instabot version: 0.117.0 (api) - DEBUG - GET to endpoint: users/45036941968/info/ returned response: <Response [200]>
2021-08-18 14:28:22,182 - instabot version: 0.117.0 (api) - DEBUG - GET to endpoint: users/11445563601/info/ returned response: <Response [200]>
2021-08-18 14:28:22,657 - instabot version: 0.117.0 (api) - DEBUG - GET to endpoint: users/3543677585/info/ returned response: <Response [200]>
2021-08-18 14:28:23,068 - instabot version: 0.117.0 (api) - DEBUG - GET to endpoint: users/4947665198/info/ returned response: <Response [200]>
2021-08-18 14:28:23,596 - instabot version: 0.117.0 (api) - DEBUG - GET to endpoint: users/8562953741/info/ returned response: <Response [200]>
2021-08-18 14:28:24,253 - instabot version: 0.117.0 (api) - DEBUG - GET to endpoint: users/13682031412/info/ returned response: <Response [200]>
2021-08-18 14:28:24,777 - instabot version: 0.117.0 (api) - DEBUG - GET to endpoint: users/49215633684/info/ returned response: <Response [200]>
2021-08-18 14:28:25,298 - instabot version: 0.117.0 (api) - DEBUG - GET to endpoint: users/6656995052/info/ returned response: <Response [200]>
2021-08-18 14:28:25,812 - instabot version: 0.117.0 (api) - DEBUG - GET to endpoint: users/1296462303/info/ returned response: <Response [200]>
2021-08-18 14:28:26,345 - instabot version: 0.117.0 (api) - DEBUG - GET to endpoint: users/6288644524/info/ returned response: <Response [200]>
2021-08-18 14:28:26,983 - instabot version: 0.117.0 (api) - DEBUG - GET to endpoint: users/3612997492/info/ returned response: <Response [200]>
2021-08-18 14:28:27,519 - instabot version: 0.117.0 (api) - DEBUG - GET to endpoint: users/4032186458/info/ returned response: <Response [200]>
2021-08-18 14:28:28,054 - instabot version: 0.117.0 (api) - DEBUG - GET to endpoint: users/3105197623/info/ returned response: <Response [200]>
2021-08-18 14:28:28,580 - instabot version: 0.117.0 (api) - DEBUG - GET to endpoint: users/48291377562/info/ returned response: <Response [200]>
2021-08-18 14:28:29,131 - instabot version: 0.117.0 (api) - DEBUG - GET to endpoint: users/1349027258/info/ returned response: <Response [200]>
2021-08-18 14:28:29,613 - instabot version: 0.117.0 (api) - DEBUG - GET to endpoint: users/9051238127/info/ returned response: <Response [200]>
2021-08-18 14:28:30,338 - instabot version: 0.117.0 (api) - DEBUG - GET to endpoint: users/15429061036/info/ returned response: <Response [200]>
2021-08-18 14:28:30,890 - instabot version: 0.117.0 (api) - DEBUG - GET to endpoint: users/6354927318/info/ returned response: <Response [200]>
2021-08-18 14:28:31,461 - instabot version: 0.117.0 (api) - DEBUG - GET to endpoint: users/39419026083/info/ returned response: <Response [200]>
2021-08-18 14:28:31,989 - instabot version: 0.117.0 (api) - DEBUG - GET to endpoint: users/48256201011/info/ returned response: <Response [200]>
2021-08-18 14:28:32,580 - instabot version: 0.117.0 (api) - DEBUG - GET to endpoint: users/8738666964/info/ returned response: <Response [200]>
2021-08-18 14:28:33,130 - instabot version: 0.117.0 (api) - DEBUG - GET to endpoint: users/1192379180/info/ returned response: <Response [200]>
2021-08-18 14:36:38,426 - instabot version: 0.117.0 (bot) - INFO - Instabot version: 0.117.0 Started
2021-08-18 14:36:38,426 - instabot version: 0.117.0 (bot) - DEBUG - Bot imported from D:\searchdisaner\venv\lib\site-packages\instabot\bot\bot.py
2021-08-18 14:36:38,427 - instabot version: 0.117.0 (api_login) - DEBUG - Loading uuids
2021-08-18 14:36:38,427 - instabot version: 0.117.0 (api_login) - INFO - Recovery from D:\searchdisaner/config/todoctordoom_uuid_and_cookie.json: COOKIE False - UUIDs True - TIMING, DEVICE and ...
- user-agent=Instagram 117.0.0.28.123 Android (28/9.0; 420dpi; 1080x1920; OnePlus; ONEPLUS A3003; OnePlus3; qcom; en_US; 180322800)
- phone_id=fececc37-13fb-4ca7-b4c1-842926ac61f0
- uuid=d8c038f7-d60d-4ffc-ae20-1b8f9d340f0b
- client_session_id=74517733-9e97-4ac6-9bd3-6396afa278ed
- device_id=android-638845ae1420b535
2021-08-18 14:36:38,429 - instabot version: 0.117.0 (api_login) - INFO - Not yet logged in starting: PRE-LOGIN FLOW!
2021-08-18 14:36:38,686 - instabot version: 0.117.0 (api) - DEBUG - POST to endpoint: accounts/get_prefill_candidates/ returned response: <Response [200]>
2021-08-18 14:36:39,013 - instabot version: 0.117.0 (api) - DEBUG - POST to endpoint: qe/sync/ returned response: <Response [200]>
2021-08-18 14:36:39,320 - instabot version: 0.117.0 (api) - DEBUG - POST to endpoint: launcher/sync/ returned response: <Response [200]>
2021-08-18 14:36:39,571 - instabot version: 0.117.0 (api) - DEBUG - POST to endpoint: accounts/contact_point_prefill/ returned response: <Response [200]>
2021-08-18 14:36:41,789 - instabot version: 0.117.0 (api) - DEBUG - POST to endpoint: accounts/login/ returned response: <Response [200]>
2021-08-18 14:36:41,790 - instabot version: 0.117.0 (api) - INFO - Logged-in successfully as 'todoctordoom'!
2021-08-18 14:36:41,790 - instabot version: 0.117.0 (api_login) - INFO - LOGIN FLOW! Just logged-in: True
2021-08-18 14:36:42,143 - instabot version: 0.117.0 (api) - DEBUG - POST to endpoint: qe/sync/ returned response: <Response [200]>
2021-08-18 14:36:42,509 - instabot version: 0.117.0 (api) - DEBUG - POST to endpoint: launcher/sync/ returned response: <Response [200]>
2021-08-18 14:36:42,875 - instabot version: 0.117.0 (api) - DEBUG - GET to endpoint: zr/token/result/?device_id=android-638845ae1420b535&token_hash=&custom_device_id=android-638845ae1420b535&fetch_reason=token_expired returned response: <Response [200]>
2021-08-18 14:36:43,219 - instabot version: 0.117.0 (api) - DEBUG - GET to endpoint: multiple_accounts/get_account_family/ returned response: <Response [200]>
2021-08-18 14:36:43,588 - instabot version: 0.117.0 (api) - DEBUG - POST to endpoint: qe/sync/ returned response: <Response [200]>
2021-08-18 14:36:44,181 - instabot version: 0.117.0 (api) - DEBUG - GET to endpoint: igtv/browse_feed/?prefetch=1 returned response: <Response [200]>
2021-08-18 14:36:44,565 - instabot version: 0.117.0 (api) - DEBUG - POST to endpoint: creatives/ar_class/ returned response: <Response [200]>
2021-08-18 14:36:45,140 - instabot version: 0.117.0 (api) - DEBUG - POST to endpoint: feed/reels_tray/ returned response: <Response [200]>
2021-08-18 14:36:46,293 - instabot version: 0.117.0 (api) - DEBUG - POST to endpoint: feed/timeline/ returned response: <Response [200]>
2021-08-18 14:36:46,620 - instabot version: 0.117.0 (api) - DEBUG - GET to endpoint: media/blocked/ returned response: <Response [200]>
2021-08-18 14:36:47,905 - instabot version: 0.117.0 (api) - DEBUG - GET to endpoint: news/inbox/ returned response: <Response [200]>
2021-08-18 14:36:48,303 - instabot version: 0.117.0 (api) - DEBUG - GET to endpoint: loom/fetch_config/ returned response: <Response [200]>
2021-08-18 14:36:48,984 - instabot version: 0.117.0 (api) - DEBUG - GET to endpoint: scores/bootstrap/users/?surfaces=["autocomplete_user_list","coefficient_besties_list_ranking","coefficient_rank_recipient_user_suggestion","coefficient_ios_section_test_bootstrap_ranking","coefficient_direct_recipients_ranking_variant_2"] returned response: <Response [200]>
2021-08-18 14:36:49,341 - instabot version: 0.117.0 (api) - DEBUG - GET to endpoint: business/eligibility/get_monetization_products_eligibility_data/?product_types=branded_content returned response: <Response [200]>
2021-08-18 14:36:49,666 - instabot version: 0.117.0 (api) - DEBUG - GET to endpoint: business/branded_content/should_require_professional_account/ returned response: <Response [200]>
2021-08-18 14:36:50,609 - instabot version: 0.117.0 (api) - DEBUG - GET to endpoint: linked_accounts/get_linkage_status/ returned response: <Response [200]>
2021-08-18 14:36:50,929 - instabot version: 0.117.0 (api) - DEBUG - GET to endpoint: locations/request_country/ returned response: <Response [200]>
2021-08-18 14:36:51,315 - instabot version: 0.117.0 (api) - DEBUG - GET to endpoint: qp/get_cooldowns/?signed_body=signed_body=4b9c516a5410a3bc128e09c6104a7f042146b9c2023870560c63a43a7f66781c.4&ig_sig_key_version=4&ig_sig_key_version=4 returned response: <Response [200]>
2021-08-18 14:36:51,674 - instabot version: 0.117.0 (api) - DEBUG - GET to endpoint: users/arlink_download_info/?version_override=2.2.1 returned response: <Response [200]>
2021-08-18 14:36:52,546 - instabot version: 0.117.0 (api) - DEBUG - GET to endpoint: users/46258652727/info/ returned response: <Response [200]>
2021-08-18 14:36:52,895 - instabot version: 0.117.0 (api) - DEBUG - GET to endpoint: direct_v2/get_presence/ returned response: <Response [200]>
2021-08-18 14:36:53,294 - instabot version: 0.117.0 (api) - DEBUG - GET to endpoint: direct_v2/inbox/?visual_message_return_type=unseen&thread_message_limit=10&persistentBadging=true&limit=20 returned response: <Response [200]>
2021-08-18 14:36:53,673 - instabot version: 0.117.0 (api) - DEBUG - GET to endpoint: direct_v2/inbox/?visual_message_return_type=unseen&persistentBadging=true&limit=0 returned response: <Response [200]>
2021-08-18 14:36:54,099 - instabot version: 0.117.0 (api) - DEBUG - GET to endpoint: discover/topical_explore/?is_prefetch=true&omit_cover_media=true&use_sectional_payload=true&timezone_offset=0&session_id=74517733-9e97-4ac6-9bd3-6396afa278ed&include_fixed_destinations=true returned response: <Response [200]>
2021-08-18 14:36:54,435 - instabot version: 0.117.0 (api) - DEBUG - POST to endpoint: notifications/badge/ returned response: <Response [200]>
2021-08-18 14:36:54,891 - instabot version: 0.117.0 (api) - DEBUG - POST to endpoint: qp/batch_fetch/ returned response: <Response [200]>
2021-08-18 14:36:54,892 - instabot version: 0.117.0 (bot_checkpoint) - DEBUG - Loading Checkpoint file from: D:\searchdisaner/config/todoctordoom.checkpoint
2021-08-18 14:37:00,934 - instabot version: 0.117.0 (api) - DEBUG - GET to endpoint: feed/tag/дизайн/?max_id=&rank_token=46258652727_d8c038f7-d60d-4ffc-ae20-1b8f9d340f0b&ranked_content=true& returned response: <Response [200]>
2021-08-18 14:37:01,797 - instabot version: 0.117.0 (api) - DEBUG - GET to endpoint: users/4972208808/info/ returned response: <Response [200]>
2021-08-18 14:37:02,952 - instabot version: 0.117.0 (api) - DEBUG - GET to endpoint: users/48489759016/info/ returned response: <Response [200]>
2021-08-18 14:37:03,854 - instabot version: 0.117.0 (api) - DEBUG - GET to endpoint: users/33527865079/info/ returned response: <Response [200]>
2021-08-18 14:37:04,327 - instabot version: 0.117.0 (api) - DEBUG - GET to endpoint: users/3933588206/info/ returned response: <Response [200]>
2021-08-18 14:37:04,918 - instabot version: 0.117.0 (api) - DEBUG - GET to endpoint: users/8425650631/info/ returned response: <Response [200]>
2021-08-18 14:37:06,040 - instabot version: 0.117.0 (api) - DEBUG - GET to endpoint: users/46051330033/info/ returned response: <Response [200]>
2021-08-18 14:37:06,991 - instabot version: 0.117.0 (api) - DEBUG - GET to endpoint: users/2315951888/info/ returned response: <Response [200]>
2021-08-18 14:37:07,882 - instabot version: 0.117.0 (api) - DEBUG - GET to endpoint: users/2220145250/info/ returned response: <Response [200]>
2021-08-18 14:37:08,560 - instabot version: 0.117.0 (api) - DEBUG - GET to endpoint: users/22923362039/info/ returned response: <Response [200]>
2021-08-18 14:37:09,457 - instabot version: 0.117.0 (api) - DEBUG - GET to endpoint: users/48803501605/info/ returned response: <Response [200]>
2021-08-18 14:37:09,998 - instabot version: 0.117.0 (api) - DEBUG - GET to endpoint: users/36664878790/info/ returned response: <Response [200]>
2021-08-18 14:37:10,894 - instabot version: 0.117.0 (api) - DEBUG - GET to endpoint: users/1459191535/info/ returned response: <Response [200]>
2021-08-18 14:37:11,555 - instabot version: 0.117.0 (api) - DEBUG - GET to endpoint: users/48492439150/info/ returned response: <Response [200]>
2021-08-18 14:37:12,324 - instabot version: 0.117.0 (api) - DEBUG - GET to endpoint: users/4085926535/info/ returned response: <Response [200]>
2021-08-18 14:37:12,928 - instabot version: 0.117.0 (api) - DEBUG - GET to endpoint: users/49223139946/info/ returned response: <Response [200]>
2021-08-18 14:37:13,710 - instabot version: 0.117.0 (api) - DEBUG - GET to endpoint: users/38445779675/info/ returned response: <Response [200]>
2021-08-18 14:37:14,274 - instabot version: 0.117.0 (api) - DEBUG - GET to endpoint: users/9042084943/info/ returned response: <Response [200]>
2021-08-18 14:37:14,939 - instabot version: 0.117.0 (api) - DEBUG - GET to endpoint: users/8784161261/info/ returned response: <Response [200]>
2021-08-18 14:37:16,069 - instabot version: 0.117.0 (api) - DEBUG - GET to endpoint: users/49222912202/info/ returned response: <Response [200]>
2021-08-18 14:37:16,595 - instabot version: 0.117.0 (api) - DEBUG - GET to endpoint: users/1915855859/info/ returned response: <Response [200]>
2021-08-18 14:37:17,242 - instabot version: 0.117.0 (api) - DEBUG - GET to endpoint: users/20257047869/info/ returned response: <Response [200]>
2021-08-18 14:37:17,937 - instabot version: 0.117.0 (api) - DEBUG - GET to endpoint: users/8462406837/info/ returned response: <Response [200]>
2021-08-18 14:37:18,612 - instabot version: 0.117.0 (api) - DEBUG - GET to endpoint: users/49009665319/info/ returned response: <Response [200]>
2021-08-18 14:37:19,159 - instabot version: 0.117.0 (api) - DEBUG - GET to endpoint: users/5752301838/info/ returned response: <Response [200]>
2021-08-18 14:37:19,708 - instabot version: 0.117.0 (api) - DEBUG - GET to endpoint: users/34931828233/info/ returned response: <Response [200]>
2021-08-18 14:37:20,481 - instabot version: 0.117.0 (api) - DEBUG - GET to endpoint: users/461452248/info/ returned response: <Response [200]>
2021-08-18 14:37:21,106 - instabot version: 0.117.0 (api) - DEBUG - GET to endpoint: users/6667215971/info/ returned response: <Response [200]>
2021-08-18 14:37:21,749 - instabot version: 0.117.0 (api) - DEBUG - GET to endpoint: users/7343660480/info/ returned response: <Response [200]>
2021-08-18 14:37:22,551 - instabot version: 0.117.0 (api) - DEBUG - GET to endpoint: users/3885938215/info/ returned response: <Response [200]>
2021-08-18 14:37:23,228 - instabot version: 0.117.0 (api) - DEBUG - GET to endpoint: users/25057156424/info/ returned response: <Response [200]>
2021-08-18 14:37:23,848 - instabot version: 0.117.0 (api) - DEBUG - GET to endpoint: users/1641443522/info/ returned response: <Response [200]>
2021-08-18 14:37:24,644 - instabot version: 0.117.0 (api) - DEBUG - GET to endpoint: users/1945262819/info/ returned response: <Response [200]>
2021-08-18 14:37:25,390 - instabot version: 0.117.0 (api) - DEBUG - GET to endpoint: users/48007466517/info/ returned response: <Response [200]>
2021-08-18 14:37:26,016 - instabot version: 0.117.0 (api) - DEBUG - GET to endpoint: users/1100445596/info/ returned response: <Response [200]>
2021-08-18 14:37:26,742 - instabot version: 0.117.0 (api) - DEBUG - GET to endpoint: users/10825887941/info/ returned response: <Response [200]>
2021-08-18 14:37:27,733 - instabot version: 0.117.0 (api) - DEBUG - GET to endpoint: users/3142979812/info/ returned response: <Response [200]>
2021-08-18 14:37:28,399 - instabot version: 0.117.0 (api) - DEBUG - GET to endpoint: users/34932347675/info/ returned response: <Response [200]>
2021-08-18 14:37:29,210 - instabot version: 0.117.0 (api) - DEBUG - GET to endpoint: users/33609054681/info/ returned response: <Response [200]>
2021-08-18 14:37:29,866 - instabot version: 0.117.0 (api) - DEBUG - GET to endpoint: users/7160106565/info/ returned response: <Response [200]>
2021-08-18 14:37:30,697 - instabot version: 0.117.0 (api) - DEBUG - GET to endpoint: users/44842138570/info/ returned response: <Response [200]>
2021-08-18 14:37:31,260 - instabot version: 0.117.0 (api) - DEBUG - GET to endpoint: users/4929750013/info/ returned response: <Response [200]>
2021-08-18 14:37:31,966 - instabot version: 0.117.0 (api) - DEBUG - GET to endpoint: users/6903021788/info/ returned response: <Response [200]>
2021-08-18 14:37:33,011 - instabot version: 0.117.0 (api) - DEBUG - GET to endpoint: users/4189083800/info/ returned response: <Response [200]>
2021-08-18 14:37:34,031 - instabot version: 0.117.0 (api) - DEBUG - GET to endpoint: users/38973321422/info/ returned response: <Response [200]>
2021-08-18 14:37:34,565 - instabot version: 0.117.0 (api) - DEBUG - GET to endpoint: users/45478726406/info/ returned response: <Response [200]>
2021-08-18 14:37:35,418 - instabot version: 0.117.0 (api) - DEBUG - GET to endpoint: users/9312504746/info/ returned response: <Response [200]>
2021-08-18 14:37:36,197 - instabot version: 0.117.0 (api) - DEBUG - GET to endpoint: users/44250909895/info/ returned response: <Response [200]>
2021-08-18 14:37:37,346 - instabot version: 0.117.0 (api) - DEBUG - GET to endpoint: users/23165512634/info/ returned response: <Response [200]>
2021-08-18 14:37:38,475 - instabot version: 0.117.0 (api) - DEBUG - GET to endpoint: users/48180449918/info/ returned response: <Response [200]>
2021-08-18 14:37:39,555 - instabot version: 0.117.0 (api) - DEBUG - GET to endpoint: users/4376538862/info/ returned response: <Response [200]>
2021-08-18 14:37:40,138 - instabot version: 0.117.0 (api) - DEBUG - GET to endpoint: users/48754934039/info/ returned response: <Response [200]>
2021-08-18 14:37:40,708 - instabot version: 0.117.0 (api) - DEBUG - GET to endpoint: users/42450065889/info/ returned response: <Response [200]>
2021-08-18 14:37:41,722 - instabot version: 0.117.0 (api) - DEBUG - GET to endpoint: users/6000192994/info/ returned response: <Response [200]>
2021-08-18 14:37:42,437 - instabot version: 0.117.0 (api) - DEBUG - GET to endpoint: users/3079106775/info/ returned response: <Response [200]>
2021-08-18 14:37:43,221 - instabot version: 0.117.0 (api) - DEBUG - GET to endpoint: users/13056290437/info/ returned response: <Response [200]>
2021-08-18 14:37:44,042 - instabot version: 0.117.0 (api) - DEBUG - GET to endpoint: users/8610951198/info/ returned response: <Response [200]>
2021-08-18 14:37:44,965 - instabot version: 0.117.0 (api) - DEBUG - GET to endpoint: users/49058040863/info/ returned response: <Response [200]>
2021-08-18 14:37:45,963 - instabot version: 0.117.0 (api) - DEBUG - GET to endpoint: users/11577475692/info/ returned response: <Response [200]>
2021-08-18 14:37:46,601 - instabot version: 0.117.0 (api) - DEBUG - GET to endpoint: users/45194808249/info/ returned response: <Response [200]>
2021-08-18 14:37:47,298 - instabot version: 0.117.0 (api) - DEBUG - GET to endpoint: users/32642176807/info/ returned response: <Response [200]>
2021-08-18 14:37:48,132 - instabot version: 0.117.0 (api) - DEBUG - GET to endpoint: users/2925595242/info/ returned response: <Response [200]>
2021-08-18 14:37:49,325 - instabot version: 0.117.0 (api) - DEBUG - GET to endpoint: users/2225816150/info/ returned response: <Response [200]>
2021-08-18 14:37:49,904 - instabot version: 0.117.0 (api) - DEBUG - GET to endpoint: users/4468268097/info/ returned response: <Response [200]>
2021-08-18 14:37:50,913 - instabot version: 0.117.0 (api) - DEBUG - GET to endpoint: users/34712432393/info/ returned response: <Response [200]>
2021-08-18 14:37:51,641 - instabot version: 0.117.0 (api) - DEBUG - GET to endpoint: users/5785401649/info/ returned response: <Response [200]>
2021-08-18 14:37:52,211 - instabot version: 0.117.0 (api) - DEBUG - GET to endpoint: users/11467656000/info/ returned response: <Response [200]>
2021-08-18 14:37:53,382 - instabot version: 0.117.0 (api) - DEBUG - GET to endpoint: users/26944268045/info/ returned response: <Response [200]>
2021-08-18 14:37:54,169 - instabot version: 0.117.0 (api) - DEBUG - GET to endpoint: users/7382383394/info/ returned response: <Response [200]>
2021-08-18 14:37:54,830 - instabot version: 0.117.0 (api) - DEBUG - GET to endpoint: users/46085912801/info/ returned response: <Response [200]>
2021-08-18 14:37:55,406 - instabot version: 0.117.0 (api) - DEBUG - GET to endpoint: users/8089788626/info/ returned response: <Response [200]>
2021-08-18 14:37:56,081 - instabot version: 0.117.0 (api) - DEBUG - GET to endpoint: users/7605246247/info/ returned response: <Response [200]>
2021-08-18 14:37:56,684 - instabot version: 0.117.0 (api) - DEBUG - GET to endpoint: users/1384727057/info/ returned response: <Response [200]>
2021-08-18 14:38:02,494 - instabot version: 0.117.0 (api) - DEBUG - GET to endpoint: feed/tag/дизайнер/?max_id=&rank_token=46258652727_d8c038f7-d60d-4ffc-ae20-1b8f9d340f0b&ranked_content=true& returned response: <Response [200]>
2021-08-18 14:38:03,054 - instabot version: 0.117.0 (api) - DEBUG - GET to endpoint: users/14308451667/info/ returned response: <Response [200]>
2021-08-18 14:38:03,754 - instabot version: 0.117.0 (api) - DEBUG - GET to endpoint: users/8032909606/info/ returned response: <Response [200]>
2021-08-18 14:38:04,204 - instabot version: 0.117.0 (api) - DEBUG - GET to endpoint: users/49083270038/info/ returned response: <Response [200]>
2021-08-18 14:38:05,466 - instabot version: 0.117.0 (api) - DEBUG - GET to endpoint: users/706430563/info/ returned response: <Response [200]>
2021-08-18 14:38:05,976 - instabot version: 0.117.0 (api) - DEBUG - GET to endpoint: users/49120929353/info/ returned response: <Response [200]>
2021-08-18 14:38:06,953 - instabot version: 0.117.0 (api) - DEBUG - GET to endpoint: users/46113250980/info/ returned response: <Response [200]>
2021-08-18 14:38:07,753 - instabot version: 0.117.0 (api) - DEBUG - GET to endpoint: users/4530353428/info/ returned response: <Response [200]>
2021-08-18 14:38:08,325 - instabot version: 0.117.0 (api) - DEBUG - GET to endpoint: users/26953561423/info/ returned response: <Response [200]>
2021-08-18 14:38:09,025 - instabot version: 0.117.0 (api) - DEBUG - GET to endpoint: users/24838851945/info/ returned response: <Response [200]>
2021-08-18 14:38:09,786 - instabot version: 0.117.0 (api) - DEBUG - GET to endpoint: users/11292681539/info/ returned response: <Response [200]>
2021-08-18 14:38:10,536 - instabot version: 0.117.0 (api) - DEBUG - GET to endpoint: users/44328517336/info/ returned response: <Response [200]>
2021-08-18 14:38:11,418 - instabot version: 0.117.0 (api) - DEBUG - GET to endpoint: users/45267845270/info/ returned response: <Response [200]>
2021-08-18 14:38:12,006 - instabot version: 0.117.0 (api) - DEBUG - GET to endpoint: users/48605853287/info/ returned response: <Response [200]>
2021-08-18 14:38:12,655 - instabot version: 0.117.0 (api) - DEBUG - GET to endpoint: users/8162543660/info/ returned response: <Response [200]>
2021-08-18 14:38:13,273 - instabot version: 0.117.0 (api) - DEBUG - GET to endpoint: users/5335828780/info/ returned response: <Response [200]>
2021-08-18 14:38:13,701 - instabot version: 0.117.0 (api) - DEBUG - GET to endpoint: users/47555333698/info/ returned response: <Response [200]>
2021-08-18 14:38:14,464 - instabot version: 0.117.0 (api) - DEBUG - GET to endpoint: users/6716828942/info/ returned response: <Response [200]>
2021-08-18 14:38:15,013 - instabot version: 0.117.0 (api) - DEBUG - GET to endpoint: users/235459101/info/ returned response: <Response [200]>
2021-08-18 14:38:15,601 - instabot version: 0.117.0 (api) - DEBUG - GET to endpoint: users/7715172969/info/ returned response: <Response [200]>
2021-08-18 14:38:16,163 - instabot version: 0.117.0 (api) - DEBUG - GET to endpoint: users/7180347342/info/ returned response: <Response [200]>
2021-08-18 14:38:16,713 - instabot version: 0.117.0 (api) - DEBUG - GET to endpoint: users/10694550696/info/ returned response: <Response [200]>
2021-08-18 14:38:17,307 - instabot version: 0.117.0 (api) - DEBUG - GET to endpoint: users/47333798860/info/ returned response: <Response [200]>
2021-08-18 14:38:17,834 - instabot version: 0.117.0 (api) - DEBUG - GET to endpoint: users/7569569320/info/ returned response: <Response [200]>
2021-08-18 14:38:18,456 - instabot version: 0.117.0 (api) - DEBUG - GET to endpoint: users/451972012/info/ returned response: <Response [200]>
2021-08-18 14:38:18,941 - instabot version: 0.117.0 (api) - DEBUG - GET to endpoint: users/47903663649/info/ returned response: <Response [200]>
2021-08-18 14:38:19,526 - instabot version: 0.117.0 (api) - DEBUG - GET to endpoint: users/2921648295/info/ returned response: <Response [200]>
2021-08-18 14:38:20,334 - instabot version: 0.117.0 (api) - DEBUG - GET to endpoint: users/8255337758/info/ returned response: <Response [200]>
2021-08-18 14:38:21,057 - instabot version: 0.117.0 (api) - DEBUG - GET to endpoint: users/2215138070/info/ returned response: <Response [200]>
2021-08-18 14:38:21,658 - instabot version: 0.117.0 (api) - DEBUG - GET to endpoint: users/11704776551/info/ returned response: <Response [200]>
2021-08-18 14:38:22,330 - instabot version: 0.117.0 (api) - DEBUG - GET to endpoint: users/366642108/info/ returned response: <Response [200]>
2021-08-18 14:38:22,906 - instabot version: 0.117.0 (api) - DEBUG - GET to endpoint: users/11357777/info/ returned response: <Response [200]>
2021-08-18 14:38:23,464 - instabot version: 0.117.0 (api) - DEBUG - GET to endpoint: users/1508148705/info/ returned response: <Response [200]>
2021-08-18 14:38:23,976 - instabot version: 0.117.0 (api) - DEBUG - GET to endpoint: users/28006098866/info/ returned response: <Response [200]>
2021-08-18 14:38:24,930 - instabot version: 0.117.0 (api) - DEBUG - GET to endpoint: users/32593496233/info/ returned response: <Response [200]>
2021-08-18 14:38:25,601 - instabot version: 0.117.0 (api) - DEBUG - GET to endpoint: users/1527963623/info/ returned response: <Response [200]>
2021-08-18 14:38:26,238 - instabot version: 0.117.0 (api) - DEBUG - GET to endpoint: users/47922042991/info/ returned response: <Response [200]>
2021-08-18 14:38:26,797 - instabot version: 0.117.0 (api) - DEBUG - GET to endpoint: users/48537642732/info/ returned response: <Response [200]>
2021-08-18 14:38:27,550 - instabot version: 0.117.0 (api) - DEBUG - GET to endpoint: users/1747696323/info/ returned response: <Response [200]>
2021-08-18 14:38:28,724 - instabot version: 0.117.0 (api) - DEBUG - GET to endpoint: users/1913877110/info/ returned response: <Response [200]>
2021-08-18 14:38:29,367 - instabot version: 0.117.0 (api) - DEBUG - GET to endpoint: users/46534812370/info/ returned response: <Response [200]>
2021-08-18 14:38:30,406 - instabot version: 0.117.0 (api) - DEBUG - GET to endpoint: users/48508306451/info/ returned response: <Response [200]>
2021-08-18 14:38:30,943 - instabot version: 0.117.0 (api) - DEBUG - GET to endpoint: users/42986148875/info/ returned response: <Response [200]>
2021-08-18 14:38:31,504 - instabot version: 0.117.0 (api) - DEBUG - GET to endpoint: users/30042432003/info/ returned response: <Response [200]>
2021-08-18 14:38:32,277 - instabot version: 0.117.0 (api) - DEBUG - GET to endpoint: users/25549666582/info/ returned response: <Response [200]>
2021-08-18 14:38:32,876 - instabot version: 0.117.0 (api) - DEBUG - GET to endpoint: users/7606453183/info/ returned response: <Response [200]>
2021-08-18 14:38:33,577 - instabot version: 0.117.0 (api) - DEBUG - GET to endpoint: users/4718725611/info/ returned response: <Response [200]>
2021-08-18 14:38:34,077 - instabot version: 0.117.0 (api) - DEBUG - GET to endpoint: users/48982083474/info/ returned response: <Response [200]>
2021-08-18 14:38:34,721 - instabot version: 0.117.0 (api) - DEBUG - GET to endpoint: users/48357455287/info/ returned response: <Response [200]>
2021-08-18 14:38:35,332 - instabot version: 0.117.0 (api) - DEBUG - GET to endpoint: users/3305174092/info/ returned response: <Response [200]>
2021-08-18 14:38:35,942 - instabot version: 0.117.0 (api) - DEBUG - GET to endpoint: users/14059893829/info/ returned response: <Response [200]>
2021-08-18 14:38:36,489 - instabot version: 0.117.0 (api) - DEBUG - GET to endpoint: users/11445563601/info/ returned response: <Response [200]>
2021-08-18 14:38:37,018 - instabot version: 0.117.0 (api) - DEBUG - GET to endpoint: users/8562953741/info/ returned response: <Response [200]>
2021-08-18 14:38:37,808 - instabot version: 0.117.0 (api) - DEBUG - GET to endpoint: users/6288644524/info/ returned response: <Response [200]>
2021-08-18 14:38:38,499 - instabot version: 0.117.0 (api) - DEBUG - GET to endpoint: users/1349027258/info/ returned response: <Response [200]>
2021-08-18 14:38:39,121 - instabot version: 0.117.0 (api) - DEBUG - GET to endpoint: users/15429061036/info/ returned response: <Response [200]>
2021-08-18 14:38:39,754 - instabot version: 0.117.0 (api) - DEBUG - GET to endpoint: users/6354927318/info/ returned response: <Response [200]>
2021-08-18 14:38:40,315 - instabot version: 0.117.0 (api) - DEBUG - GET to endpoint: users/39419026083/info/ returned response: <Response [200]>
2021-08-18 14:38:40,975 - instabot version: 0.117.0 (api) - DEBUG - GET to endpoint: users/48256201011/info/ returned response: <Response [200]>
2021-08-18 14:38:41,616 - instabot version: 0.117.0 (api) - DEBUG - GET to endpoint: users/8738666964/info/ returned response: <Response [200]>
2021-08-18 14:38:42,169 - instabot version: 0.117.0 (api) - DEBUG - GET to endpoint: users/35167931223/info/ returned response: <Response [200]>
2021-08-18 14:38:42,843 - instabot version: 0.117.0 (api) - DEBUG - GET to endpoint: users/368289577/info/ returned response: <Response [200]>
2021-08-18 14:38:43,417 - instabot version: 0.117.0 (api) - DEBUG - GET to endpoint: users/1192379180/info/ returned response: <Response [200]>
2021-08-18 14:46:20,894 - instabot version: 0.117.0 (bot) - INFO - Instabot version: 0.117.0 Started
2021-08-18 14:46:20,895 - instabot version: 0.117.0 (bot) - DEBUG - Bot imported from D:\searchdisaner\venv\lib\site-packages\instabot\bot\bot.py
2021-08-18 14:46:20,896 - instabot version: 0.117.0 (api_login) - DEBUG - Loading uuids
2021-08-18 14:46:20,896 - instabot version: 0.117.0 (api_login) - INFO - Recovery from D:\searchdisaner/config/todoctordoom_uuid_and_cookie.json: COOKIE False - UUIDs True - TIMING, DEVICE and ...
- user-agent=Instagram 117.0.0.28.123 Android (28/9.0; 420dpi; 1080x1920; OnePlus; ONEPLUS A3003; OnePlus3; qcom; en_US; 180322800)
- phone_id=fececc37-13fb-4ca7-b4c1-842926ac61f0
- uuid=d8c038f7-d60d-4ffc-ae20-1b8f9d340f0b
- client_session_id=74517733-9e97-4ac6-9bd3-6396afa278ed
- device_id=android-638845ae1420b535
2021-08-18 14:46:20,897 - instabot version: 0.117.0 (api_login) - INFO - Not yet logged in starting: PRE-LOGIN FLOW!
2021-08-18 14:46:21,578 - instabot version: 0.117.0 (api) - DEBUG - POST to endpoint: accounts/get_prefill_candidates/ returned response: <Response [200]>
2021-08-18 14:46:21,911 - instabot version: 0.117.0 (api) - DEBUG - POST to endpoint: qe/sync/ returned response: <Response [200]>
2021-08-18 14:46:22,213 - instabot version: 0.117.0 (api) - DEBUG - POST to endpoint: launcher/sync/ returned response: <Response [200]>
2021-08-18 14:46:22,449 - instabot version: 0.117.0 (api) - DEBUG - POST to endpoint: accounts/contact_point_prefill/ returned response: <Response [200]>
2021-08-18 14:46:25,077 - instabot version: 0.117.0 (api) - DEBUG - POST to endpoint: accounts/login/ returned response: <Response [200]>
2021-08-18 14:46:25,077 - instabot version: 0.117.0 (api) - INFO - Logged-in successfully as 'todoctordoom'!
2021-08-18 14:46:25,077 - instabot version: 0.117.0 (api_login) - INFO - LOGIN FLOW! Just logged-in: True
2021-08-18 14:46:25,426 - instabot version: 0.117.0 (api) - DEBUG - POST to endpoint: qe/sync/ returned response: <Response [200]>
2021-08-18 14:46:25,780 - instabot version: 0.117.0 (api) - DEBUG - POST to endpoint: launcher/sync/ returned response: <Response [200]>
2021-08-18 14:46:26,119 - instabot version: 0.117.0 (api) - DEBUG - GET to endpoint: zr/token/result/?device_id=android-638845ae1420b535&token_hash=&custom_device_id=android-638845ae1420b535&fetch_reason=token_expired returned response: <Response [200]>
2021-08-18 14:46:26,467 - instabot version: 0.117.0 (api) - DEBUG - GET to endpoint: multiple_accounts/get_account_family/ returned response: <Response [200]>
2021-08-18 14:46:26,808 - instabot version: 0.117.0 (api) - DEBUG - POST to endpoint: qe/sync/ returned response: <Response [200]>
2021-08-18 14:46:27,727 - instabot version: 0.117.0 (api) - DEBUG - GET to endpoint: igtv/browse_feed/?prefetch=1 returned response: <Response [200]>
2021-08-18 14:46:28,055 - instabot version: 0.117.0 (api) - DEBUG - POST to endpoint: creatives/ar_class/ returned response: <Response [200]>
2021-08-18 14:46:28,567 - instabot version: 0.117.0 (api) - DEBUG - POST to endpoint: feed/reels_tray/ returned response: <Response [200]>
2021-08-18 14:46:29,994 - instabot version: 0.117.0 (api) - DEBUG - POST to endpoint: feed/timeline/ returned response: <Response [200]>
2021-08-18 14:46:30,314 - instabot version: 0.117.0 (api) - DEBUG - GET to endpoint: media/blocked/ returned response: <Response [200]>
2021-08-18 14:46:31,134 - instabot version: 0.117.0 (api) - DEBUG - GET to endpoint: news/inbox/ returned response: <Response [200]>
2021-08-18 14:46:31,489 - instabot version: 0.117.0 (api) - DEBUG - GET to endpoint: loom/fetch_config/ returned response: <Response [200]>
2021-08-18 14:46:32,089 - instabot version: 0.117.0 (api) - DEBUG - GET to endpoint: scores/bootstrap/users/?surfaces=["autocomplete_user_list","coefficient_besties_list_ranking","coefficient_rank_recipient_user_suggestion","coefficient_ios_section_test_bootstrap_ranking","coefficient_direct_recipients_ranking_variant_2"] returned response: <Response [200]>
2021-08-18 14:46:32,447 - instabot version: 0.117.0 (api) - DEBUG - GET to endpoint: business/eligibility/get_monetization_products_eligibility_data/?product_types=branded_content returned response: <Response [200]>
2021-08-18 14:46:32,806 - instabot version: 0.117.0 (api) - DEBUG - GET to endpoint: business/branded_content/should_require_professional_account/ returned response: <Response [200]>
2021-08-18 14:46:34,041 - instabot version: 0.117.0 (api) - DEBUG - GET to endpoint: linked_accounts/get_linkage_status/ returned response: <Response [200]>
2021-08-18 14:46:34,386 - instabot version: 0.117.0 (api) - DEBUG - GET to endpoint: locations/request_country/ returned response: <Response [200]>
2021-08-18 14:46:34,722 - instabot version: 0.117.0 (api) - DEBUG - GET to endpoint: qp/get_cooldowns/?signed_body=signed_body=4b9c516a5410a3bc128e09c6104a7f042146b9c2023870560c63a43a7f66781c.4&ig_sig_key_version=4&ig_sig_key_version=4 returned response: <Response [200]>
2021-08-18 14:46:35,052 - instabot version: 0.117.0 (api) - DEBUG - GET to endpoint: users/arlink_download_info/?version_override=2.2.1 returned response: <Response [200]>
2021-08-18 14:46:35,881 - instabot version: 0.117.0 (api) - DEBUG - GET to endpoint: users/46258652727/info/ returned response: <Response [200]>
2021-08-18 14:46:36,241 - instabot version: 0.117.0 (api) - DEBUG - GET to endpoint: direct_v2/get_presence/ returned response: <Response [200]>
2021-08-18 14:46:36,651 - instabot version: 0.117.0 (api) - DEBUG - GET to endpoint: direct_v2/inbox/?visual_message_return_type=unseen&thread_message_limit=10&persistentBadging=true&limit=20 returned response: <Response [200]>
2021-08-18 14:46:37,067 - instabot version: 0.117.0 (api) - DEBUG - GET to endpoint: direct_v2/inbox/?visual_message_return_type=unseen&persistentBadging=true&limit=0 returned response: <Response [200]>
2021-08-18 14:46:37,527 - instabot version: 0.117.0 (api) - DEBUG - GET to endpoint: discover/topical_explore/?is_prefetch=true&omit_cover_media=true&use_sectional_payload=true&timezone_offset=0&session_id=74517733-9e97-4ac6-9bd3-6396afa278ed&include_fixed_destinations=true returned response: <Response [200]>
2021-08-18 14:46:37,877 - instabot version: 0.117.0 (api) - DEBUG - POST to endpoint: notifications/badge/ returned response: <Response [200]>
2021-08-18 14:46:38,332 - instabot version: 0.117.0 (api) - DEBUG - POST to endpoint: qp/batch_fetch/ returned response: <Response [200]>
2021-08-18 14:46:38,333 - instabot version: 0.117.0 (bot_checkpoint) - DEBUG - Loading Checkpoint file from: D:\searchdisaner/config/todoctordoom.checkpoint
2021-08-18 14:46:44,729 - instabot version: 0.117.0 (api) - DEBUG - GET to endpoint: feed/tag/дизайн/?max_id=&rank_token=46258652727_d8c038f7-d60d-4ffc-ae20-1b8f9d340f0b&ranked_content=true& returned response: <Response [200]>
2021-08-18 14:46:45,511 - instabot version: 0.117.0 (api) - DEBUG - GET to endpoint: users/4016693720/info/ returned response: <Response [200]>
2021-08-18 14:46:46,517 - instabot version: 0.117.0 (api) - DEBUG - GET to endpoint: users/44319817528/info/ returned response: <Response [200]>
2021-08-18 14:46:47,209 - instabot version: 0.117.0 (api) - DEBUG - GET to endpoint: users/1386826422/info/ returned response: <Response [200]>
2021-08-18 14:46:47,719 - instabot version: 0.117.0 (api) - DEBUG - GET to endpoint: users/11400064901/info/ returned response: <Response [200]>
2021-08-18 14:46:48,277 - instabot version: 0.117.0 (api) - DEBUG - GET to endpoint: users/48803501605/info/ returned response: <Response [200]>
2021-08-18 14:46:48,839 - instabot version: 0.117.0 (api) - DEBUG - GET to endpoint: users/8908061439/info/ returned response: <Response [200]>
2021-08-18 14:46:49,584 - instabot version: 0.117.0 (api) - DEBUG - GET to endpoint: users/7281334314/info/ returned response: <Response [200]>
2021-08-18 14:46:50,125 - instabot version: 0.117.0 (api) - DEBUG - GET to endpoint: users/3230835898/info/ returned response: <Response [200]>
2021-08-18 14:46:51,039 - instabot version: 0.117.0 (api) - DEBUG - GET to endpoint: users/4770548115/info/ returned response: <Response [200]>
2021-08-18 14:46:51,781 - instabot version: 0.117.0 (api) - DEBUG - GET to endpoint: users/9377632325/info/ returned response: <Response [200]>
2021-08-18 14:46:52,390 - instabot version: 0.117.0 (api) - DEBUG - GET to endpoint: users/8329661043/info/ returned response: <Response [200]>
2021-08-18 14:46:53,103 - instabot version: 0.117.0 (api) - DEBUG - GET to endpoint: users/4431918479/info/ returned response: <Response [200]>
2021-08-18 14:46:53,815 - instabot version: 0.117.0 (api) - DEBUG - GET to endpoint: users/40871521602/info/ returned response: <Response [200]>
2021-08-18 14:46:54,350 - instabot version: 0.117.0 (api) - DEBUG - GET to endpoint: users/10670618099/info/ returned response: <Response [200]>
2021-08-18 14:46:54,886 - instabot version: 0.117.0 (api) - DEBUG - GET to endpoint: users/49009665319/info/ returned response: <Response [200]>
2021-08-18 14:46:55,358 - instabot version: 0.117.0 (api) - DEBUG - GET to endpoint: users/45478726406/info/ returned response: <Response [200]>
2021-08-18 14:46:55,990 - instabot version: 0.117.0 (api) - DEBUG - GET to endpoint: users/48869592064/info/ returned response: <Response [200]>
2021-08-18 14:46:56,888 - instabot version: 0.117.0 (api) - DEBUG - GET to endpoint: users/41834773818/info/ returned response: <Response [200]>
2021-08-18 14:46:57,727 - instabot version: 0.117.0 (api) - DEBUG - GET to endpoint: users/47720780914/info/ returned response: <Response [200]>
2021-08-18 14:46:58,303 - instabot version: 0.117.0 (api) - DEBUG - GET to endpoint: users/8735633148/info/ returned response: <Response [200]>
2021-08-18 14:46:59,126 - instabot version: 0.117.0 (api) - DEBUG - GET to endpoint: users/48969671074/info/ returned response: <Response [200]>
2021-08-18 14:46:59,740 - instabot version: 0.117.0 (api) - DEBUG - GET to endpoint: users/2312911539/info/ returned response: <Response [200]>
2021-08-18 14:47:00,608 - instabot version: 0.117.0 (api) - DEBUG - GET to endpoint: users/12104235906/info/ returned response: <Response [200]>
2021-08-18 14:47:01,135 - instabot version: 0.117.0 (api) - DEBUG - GET to endpoint: users/49223139946/info/ returned response: <Response [200]>
2021-08-18 14:47:01,764 - instabot version: 0.117.0 (api) - DEBUG - GET to endpoint: users/41114573818/info/ returned response: <Response [200]>
2021-08-18 14:47:02,589 - instabot version: 0.117.0 (api) - DEBUG - GET to endpoint: users/45259374/info/ returned response: <Response [200]>
2021-08-18 14:47:03,495 - instabot version: 0.117.0 (api) - DEBUG - GET to endpoint: users/44896576706/info/ returned response: <Response [200]>
2021-08-18 14:47:04,209 - instabot version: 0.117.0 (api) - DEBUG - GET to endpoint: users/6131784564/info/ returned response: <Response [200]>
2021-08-18 14:47:04,819 - instabot version: 0.117.0 (api) - DEBUG - GET to endpoint: users/20733128511/info/ returned response: <Response [200]>
2021-08-18 14:47:05,425 - instabot version: 0.117.0 (api) - DEBUG - GET to endpoint: users/6692842272/info/ returned response: <Response [200]>
2021-08-18 14:47:05,894 - instabot version: 0.117.0 (api) - DEBUG - GET to endpoint: users/46702071288/info/ returned response: <Response [200]>
2021-08-18 14:47:06,566 - instabot version: 0.117.0 (api) - DEBUG - GET to endpoint: users/2128205277/info/ returned response: <Response [200]>
2021-08-18 14:47:07,072 - instabot version: 0.117.0 (api) - DEBUG - GET to endpoint: users/45194808249/info/ returned response: <Response [200]>
2021-08-18 14:47:07,643 - instabot version: 0.117.0 (api) - DEBUG - GET to endpoint: users/10272158453/info/ returned response: <Response [200]>
2021-08-18 14:47:08,432 - instabot version: 0.117.0 (api) - DEBUG - GET to endpoint: users/9298326982/info/ returned response: <Response [200]>
2021-08-18 14:47:08,958 - instabot version: 0.117.0 (api) - DEBUG - GET to endpoint: users/26593372282/info/ returned response: <Response [200]>
2021-08-18 14:47:09,464 - instabot version: 0.117.0 (api) - DEBUG - GET to endpoint: users/49011233682/info/ returned response: <Response [200]>
2021-08-18 14:47:10,120 - instabot version: 0.117.0 (api) - DEBUG - GET to endpoint: users/3908949180/info/ returned response: <Response [200]>
2021-08-18 14:47:11,344 - instabot version: 0.117.0 (api) - DEBUG - GET to endpoint: users/44296245849/info/ returned response: <Response [200]>
2021-08-18 14:47:12,154 - instabot version: 0.117.0 (api) - DEBUG - GET to endpoint: users/2954133231/info/ returned response: <Response [200]>
2021-08-18 14:47:12,693 - instabot version: 0.117.0 (api) - DEBUG - GET to endpoint: users/48380329066/info/ returned response: <Response [200]>
2021-08-18 14:47:13,640 - instabot version: 0.117.0 (api) - DEBUG - GET to endpoint: users/13728251275/info/ returned response: <Response [200]>
2021-08-18 14:47:14,470 - instabot version: 0.117.0 (api) - DEBUG - GET to endpoint: users/232181093/info/ returned response: <Response [200]>
2021-08-18 14:47:15,115 - instabot version: 0.117.0 (api) - DEBUG - GET to endpoint: users/2007416803/info/ returned response: <Response [200]>
2021-08-18 14:47:15,757 - instabot version: 0.117.0 (api) - DEBUG - GET to endpoint: users/6551123069/info/ returned response: <Response [200]>
2021-08-18 14:47:16,482 - instabot version: 0.117.0 (api) - DEBUG - GET to endpoint: users/38646812824/info/ returned response: <Response [200]>
2021-08-18 14:47:17,043 - instabot version: 0.117.0 (api) - DEBUG - GET to endpoint: users/16342300646/info/ returned response: <Response [200]>
2021-08-18 14:47:18,106 - instabot version: 0.117.0 (api) - DEBUG - GET to endpoint: users/48809328675/info/ returned response: <Response [200]>
2021-08-18 14:47:19,230 - instabot version: 0.117.0 (api) - DEBUG - GET to endpoint: users/4342406881/info/ returned response: <Response [200]>
2021-08-18 14:47:19,807 - instabot version: 0.117.0 (api) - DEBUG - GET to endpoint: users/1641443522/info/ returned response: <Response [200]>
2021-08-18 14:47:20,472 - instabot version: 0.117.0 (api) - DEBUG - GET to endpoint: users/1539374651/info/ returned response: <Response [200]>
2021-08-18 14:47:21,209 - instabot version: 0.117.0 (api) - DEBUG - GET to endpoint: users/28351302085/info/ returned response: <Response [200]>
2021-08-18 14:47:21,912 - instabot version: 0.117.0 (api) - DEBUG - GET to endpoint: users/49021900149/info/ returned response: <Response [200]>
2021-08-18 14:47:22,755 - instabot version: 0.117.0 (api) - DEBUG - GET to endpoint: users/40819166510/info/ returned response: <Response [200]>
2021-08-18 14:47:23,371 - instabot version: 0.117.0 (api) - DEBUG - GET to endpoint: users/1639559141/info/ returned response: <Response [200]>
2021-08-18 14:47:24,775 - instabot version: 0.117.0 (api) - DEBUG - GET to endpoint: users/4050599763/info/ returned response: <Response [200]>
2021-08-18 14:47:25,597 - instabot version: 0.117.0 (api) - DEBUG - GET to endpoint: users/498284159/info/ returned response: <Response [200]>
2021-08-18 14:47:26,258 - instabot version: 0.117.0 (api) - DEBUG - GET to endpoint: users/28185990695/info/ returned response: <Response [200]>
2021-08-18 14:47:26,886 - instabot version: 0.117.0 (api) - DEBUG - GET to endpoint: users/8438589124/info/ returned response: <Response [200]>
2021-08-18 14:47:27,494 - instabot version: 0.117.0 (api) - DEBUG - GET to endpoint: users/792902865/info/ returned response: <Response [200]>
2021-08-18 14:47:28,563 - instabot version: 0.117.0 (api) - DEBUG - GET to endpoint: users/2532862042/info/ returned response: <Response [200]>
2021-08-18 14:47:29,689 - instabot version: 0.117.0 (api) - DEBUG - GET to endpoint: users/46137182384/info/ returned response: <Response [200]>
2021-08-18 14:47:30,485 - instabot version: 0.117.0 (api) - DEBUG - GET to endpoint: users/26809680599/info/ returned response: <Response [200]>
2021-08-18 14:47:31,120 - instabot version: 0.117.0 (api) - DEBUG - GET to endpoint: users/5046755767/info/ returned response: <Response [200]>
2021-08-18 14:47:31,763 - instabot version: 0.117.0 (api) - DEBUG - GET to endpoint: users/7374688858/info/ returned response: <Response [200]>
2021-08-18 14:47:32,199 - instabot version: 0.117.0 (api) - DEBUG - GET to endpoint: users/45904906170/info/ returned response: <Response [200]>
2021-08-18 14:47:43,060 - instabot version: 0.117.0 (api) - DEBUG - GET to endpoint: feed/tag/дизайнер/?max_id=&rank_token=46258652727_d8c038f7-d60d-4ffc-ae20-1b8f9d340f0b&ranked_content=true& returned response: <Response [200]>
2021-08-18 14:47:44,036 - instabot version: 0.117.0 (api) - DEBUG - GET to endpoint: users/2933143873/info/ returned response: <Response [200]>
2021-08-18 14:47:44,498 - instabot version: 0.117.0 (api) - DEBUG - GET to endpoint: users/49017603571/info/ returned response: <Response [200]>
2021-08-18 14:47:45,287 - instabot version: 0.117.0 (api) - DEBUG - GET to endpoint: users/32495460361/info/ returned response: <Response [200]>
2021-08-18 14:47:46,217 - instabot version: 0.117.0 (api) - DEBUG - GET to endpoint: users/4883241676/info/ returned response: <Response [200]>
2021-08-18 14:47:46,829 - instabot version: 0.117.0 (api) - DEBUG - GET to endpoint: users/4154968454/info/ returned response: <Response [200]>
2021-08-18 14:47:47,361 - instabot version: 0.117.0 (api) - DEBUG - GET to endpoint: users/14308451667/info/ returned response: <Response [200]>
2021-08-18 14:47:47,920 - instabot version: 0.117.0 (api) - DEBUG - GET to endpoint: users/8032909606/info/ returned response: <Response [200]>
2021-08-18 14:47:48,355 - instabot version: 0.117.0 (api) - DEBUG - GET to endpoint: users/49083270038/info/ returned response: <Response [200]>
2021-08-18 14:47:48,947 - instabot version: 0.117.0 (api) - DEBUG - GET to endpoint: users/706430563/info/ returned response: <Response [200]>
2021-08-18 14:47:50,121 - instabot version: 0.117.0 (api) - DEBUG - GET to endpoint: users/49120929353/info/ returned response: <Response [200]>
2021-08-18 14:47:50,932 - instabot version: 0.117.0 (api) - DEBUG - GET to endpoint: users/34931828233/info/ returned response: <Response [200]>
2021-08-18 14:47:51,490 - instabot version: 0.117.0 (api) - DEBUG - GET to endpoint: users/46113250980/info/ returned response: <Response [200]>
2021-08-18 14:47:52,098 - instabot version: 0.117.0 (api) - DEBUG - GET to endpoint: users/9312504746/info/ returned response: <Response [200]>
2021-08-18 14:47:52,841 - instabot version: 0.117.0 (api) - DEBUG - GET to endpoint: users/4530353428/info/ returned response: <Response [200]>
2021-08-18 14:47:53,409 - instabot version: 0.117.0 (api) - DEBUG - GET to endpoint: users/23165512634/info/ returned response: <Response [200]>
2021-08-18 14:47:53,831 - instabot version: 0.117.0 (api) - DEBUG - GET to endpoint: users/26953561423/info/ returned response: <Response [200]>
2021-08-18 14:47:54,346 - instabot version: 0.117.0 (api) - DEBUG - GET to endpoint: users/49058040863/info/ returned response: <Response [200]>
2021-08-18 14:47:54,947 - instabot version: 0.117.0 (api) - DEBUG - GET to endpoint: users/24838851945/info/ returned response: <Response [200]>
2021-08-18 14:47:55,509 - instabot version: 0.117.0 (api) - DEBUG - GET to endpoint: users/11292681539/info/ returned response: <Response [200]>
2021-08-18 14:47:56,051 - instabot version: 0.117.0 (api) - DEBUG - GET to endpoint: users/44328517336/info/ returned response: <Response [200]>
2021-08-18 14:47:56,606 - instabot version: 0.117.0 (api) - DEBUG - GET to endpoint: users/34712432393/info/ returned response: <Response [200]>
2021-08-18 14:47:57,660 - instabot version: 0.117.0 (api) - DEBUG - GET to endpoint: users/7870756/info/ returned response: <Response [200]>
2021-08-18 14:47:58,260 - instabot version: 0.117.0 (api) - DEBUG - GET to endpoint: users/48605853287/info/ returned response: <Response [200]>
2021-08-18 14:47:58,815 - instabot version: 0.117.0 (api) - DEBUG - GET to endpoint: users/8162543660/info/ returned response: <Response [200]>
2021-08-18 14:47:59,409 - instabot version: 0.117.0 (api) - DEBUG - GET to endpoint: users/11467656000/info/ returned response: <Response [200]>
2021-08-18 14:47:59,994 - instabot version: 0.117.0 (api) - DEBUG - GET to endpoint: users/5335828780/info/ returned response: <Response [200]>
2021-08-18 14:48:00,445 - instabot version: 0.117.0 (api) - DEBUG - GET to endpoint: users/47555333698/info/ returned response: <Response [200]>
2021-08-18 14:48:00,976 - instabot version: 0.117.0 (api) - DEBUG - GET to endpoint: users/6716828942/info/ returned response: <Response [200]>
2021-08-18 14:48:01,482 - instabot version: 0.117.0 (api) - DEBUG - GET to endpoint: users/235459101/info/ returned response: <Response [200]>
2021-08-18 14:48:02,327 - instabot version: 0.117.0 (api) - DEBUG - GET to endpoint: users/7715172969/info/ returned response: <Response [200]>
2021-08-18 14:48:02,897 - instabot version: 0.117.0 (api) - DEBUG - GET to endpoint: users/7180347342/info/ returned response: <Response [200]>
2021-08-18 14:48:03,454 - instabot version: 0.117.0 (api) - DEBUG - GET to endpoint: users/10694550696/info/ returned response: <Response [200]>
2021-08-18 14:48:03,995 - instabot version: 0.117.0 (api) - DEBUG - GET to endpoint: users/47333798860/info/ returned response: <Response [200]>
2021-08-18 14:48:04,584 - instabot version: 0.117.0 (api) - DEBUG - GET to endpoint: users/7569569320/info/ returned response: <Response [200]>
2021-08-18 14:48:05,167 - instabot version: 0.117.0 (api) - DEBUG - GET to endpoint: users/451972012/info/ returned response: <Response [200]>
2021-08-18 14:48:05,675 - instabot version: 0.117.0 (api) - DEBUG - GET to endpoint: users/47903663649/info/ returned response: <Response [200]>
2021-08-18 14:48:06,268 - instabot version: 0.117.0 (api) - DEBUG - GET to endpoint: users/2921648295/info/ returned response: <Response [200]>
2021-08-18 14:48:06,808 - instabot version: 0.117.0 (api) - DEBUG - GET to endpoint: users/8255337758/info/ returned response: <Response [200]>
2021-08-18 14:48:07,375 - instabot version: 0.117.0 (api) - DEBUG - GET to endpoint: users/2215138070/info/ returned response: <Response [200]>
2021-08-18 14:48:07,928 - instabot version: 0.117.0 (api) - DEBUG - GET to endpoint: users/11704776551/info/ returned response: <Response [200]>
2021-08-18 14:48:08,487 - instabot version: 0.117.0 (api) - DEBUG - GET to endpoint: users/366642108/info/ returned response: <Response [200]>
2021-08-18 14:48:09,044 - instabot version: 0.117.0 (api) - DEBUG - GET to endpoint: users/1915855859/info/ returned response: <Response [200]>
2021-08-18 14:48:10,328 - instabot version: 0.117.0 (api) - DEBUG - GET to endpoint: users/1508148705/info/ returned response: <Response [200]>
2021-08-18 14:48:10,798 - instabot version: 0.117.0 (api) - DEBUG - GET to endpoint: users/46534812370/info/ returned response: <Response [200]>
2021-08-18 14:48:11,489 - instabot version: 0.117.0 (api) - DEBUG - GET to endpoint: users/5858556621/info/ returned response: <Response [200]>
2021-08-18 14:48:12,045 - instabot version: 0.117.0 (api) - DEBUG - GET to endpoint: users/42986148875/info/ returned response: <Response [200]>
2021-08-18 14:48:12,492 - instabot version: 0.117.0 (api) - DEBUG - GET to endpoint: users/2129007753/info/ returned response: <Response [200]>
2021-08-18 14:48:12,972 - instabot version: 0.117.0 (api) - DEBUG - GET to endpoint: users/48982083474/info/ returned response: <Response [200]>
2021-08-18 14:48:13,555 - instabot version: 0.117.0 (api) - DEBUG - GET to endpoint: users/3305174092/info/ returned response: <Response [200]>
2021-08-18 14:48:14,056 - instabot version: 0.117.0 (api) - DEBUG - GET to endpoint: users/11445563601/info/ returned response: <Response [200]>
2021-08-18 14:48:14,576 - instabot version: 0.117.0 (api) - DEBUG - GET to endpoint: users/15429061036/info/ returned response: <Response [200]>
2021-08-18 14:48:15,118 - instabot version: 0.117.0 (api) - DEBUG - GET to endpoint: users/39419026083/info/ returned response: <Response [200]>
2021-08-18 14:48:15,794 - instabot version: 0.117.0 (api) - DEBUG - GET to endpoint: users/48256201011/info/ returned response: <Response [200]>
2021-08-18 14:48:16,758 - instabot version: 0.117.0 (api) - DEBUG - GET to endpoint: users/1671057135/info/ returned response: <Response [200]>
2021-08-18 14:48:17,324 - instabot version: 0.117.0 (api) - DEBUG - GET to endpoint: users/35167931223/info/ returned response: <Response [200]>
2021-08-18 14:48:17,802 - instabot version: 0.117.0 (api) - DEBUG - GET to endpoint: users/368289577/info/ returned response: <Response [200]>
2021-08-18 14:48:18,220 - instabot version: 0.117.0 (api) - DEBUG - GET to endpoint: users/48420237122/info/ returned response: <Response [200]>
