2021-08-12 13:57:44,443 - instabot version: 0.117.0 (bot) - INFO - Instabot version: 0.117.0 Started
2021-08-12 13:57:44,443 - instabot version: 0.117.0 (bot) - DEBUG - Bot imported from D:\searchdisaner\venv\lib\site-packages\instabot\bot\bot.py
2021-08-12 13:57:44,469 - instabot version: 0.117.0 (api_login) - DEBUG - Loading uuids
2021-08-12 13:57:44,469 - instabot version: 0.117.0 (api_login) - INFO - Recovery from D:\searchdisaner/config/instbober_uuid_and_cookie.json: COOKIE False - UUIDs True - TIMING, DEVICE and ...
- user-agent=Instagram 117.0.0.28.123 Android (28/9.0; 420dpi; 1080x1920; OnePlus; ONEPLUS A3003; OnePlus3; qcom; en_US; 180322800)
- phone_id=69e66906-ef6a-4561-86e6-8c98a236847c
- uuid=81500ee0-4cf5-493e-ae1a-6a5011cbe63d
- client_session_id=32957a9d-435a-448b-9ee5-e5e488d33b0c
- device_id=android-ba894ce94a484232
2021-08-12 13:57:44,470 - instabot version: 0.117.0 (api_login) - INFO - Not yet logged in starting: PRE-LOGIN FLOW!
2021-08-12 13:57:45,093 - instabot version: 0.117.0 (api) - DEBUG - POST to endpoint: accounts/get_prefill_candidates/ returned response: <Response [200]>
2021-08-12 13:57:45,435 - instabot version: 0.117.0 (api) - DEBUG - POST to endpoint: qe/sync/ returned response: <Response [200]>
2021-08-12 13:57:45,789 - instabot version: 0.117.0 (api) - DEBUG - POST to endpoint: launcher/sync/ returned response: <Response [200]>
2021-08-12 13:57:46,103 - instabot version: 0.117.0 (api) - DEBUG - POST to endpoint: accounts/contact_point_prefill/ returned response: <Response [200]>
2021-08-12 13:57:48,147 - instabot version: 0.117.0 (api) - DEBUG - POST to endpoint: accounts/login/ returned response: <Response [200]>
2021-08-12 13:57:48,148 - instabot version: 0.117.0 (api) - INFO - Logged-in successfully as 'instbober'!
2021-08-12 13:57:48,148 - instabot version: 0.117.0 (api_login) - INFO - LOGIN FLOW! Just logged-in: True
2021-08-12 13:57:48,426 - instabot version: 0.117.0 (api) - DEBUG - POST to endpoint: qe/sync/ returned response: <Response [200]>
2021-08-12 13:57:48,744 - instabot version: 0.117.0 (api) - DEBUG - POST to endpoint: launcher/sync/ returned response: <Response [200]>
2021-08-12 13:57:49,013 - instabot version: 0.117.0 (api) - DEBUG - GET to endpoint: zr/token/result/?device_id=android-ba894ce94a484232&token_hash=&custom_device_id=android-ba894ce94a484232&fetch_reason=token_expired returned response: <Response [200]>
2021-08-12 13:57:49,271 - instabot version: 0.117.0 (api) - DEBUG - GET to endpoint: multiple_accounts/get_account_family/ returned response: <Response [200]>
2021-08-12 13:57:49,538 - instabot version: 0.117.0 (api) - DEBUG - POST to endpoint: qe/sync/ returned response: <Response [200]>
2021-08-12 13:57:50,036 - instabot version: 0.117.0 (api) - DEBUG - GET to endpoint: igtv/browse_feed/?prefetch=1 returned response: <Response [200]>
2021-08-12 13:57:50,313 - instabot version: 0.117.0 (api) - DEBUG - POST to endpoint: creatives/ar_class/ returned response: <Response [200]>
2021-08-12 13:57:50,707 - instabot version: 0.117.0 (api) - DEBUG - POST to endpoint: feed/reels_tray/ returned response: <Response [200]>
2021-08-12 13:57:54,488 - instabot version: 0.117.0 (api) - DEBUG - POST to endpoint: feed/timeline/ returned response: <Response [200]>
2021-08-12 13:57:54,772 - instabot version: 0.117.0 (api) - DEBUG - GET to endpoint: media/blocked/ returned response: <Response [200]>
2021-08-12 13:57:55,637 - instabot version: 0.117.0 (api) - DEBUG - GET to endpoint: news/inbox/ returned response: <Response [200]>
2021-08-12 13:57:55,930 - instabot version: 0.117.0 (api) - DEBUG - GET to endpoint: loom/fetch_config/ returned response: <Response [200]>
2021-08-12 13:57:56,559 - instabot version: 0.117.0 (api) - DEBUG - GET to endpoint: scores/bootstrap/users/?surfaces=["autocomplete_user_list","coefficient_besties_list_ranking","coefficient_rank_recipient_user_suggestion","coefficient_ios_section_test_bootstrap_ranking","coefficient_direct_recipients_ranking_variant_2"] returned response: <Response [200]>
2021-08-12 13:57:56,864 - instabot version: 0.117.0 (api) - DEBUG - GET to endpoint: business/eligibility/get_monetization_products_eligibility_data/?product_types=branded_content returned response: <Response [200]>
2021-08-12 13:57:57,144 - instabot version: 0.117.0 (api) - DEBUG - GET to endpoint: business/branded_content/should_require_professional_account/ returned response: <Response [200]>
2021-08-12 13:57:57,404 - instabot version: 0.117.0 (api) - DEBUG - GET to endpoint: linked_accounts/get_linkage_status/ returned response: <Response [200]>
2021-08-12 13:57:57,688 - instabot version: 0.117.0 (api) - DEBUG - GET to endpoint: locations/request_country/ returned response: <Response [200]>
2021-08-12 13:57:57,969 - instabot version: 0.117.0 (api) - DEBUG - GET to endpoint: qp/get_cooldowns/?signed_body=signed_body=4b9c516a5410a3bc128e09c6104a7f042146b9c2023870560c63a43a7f66781c.4&ig_sig_key_version=4&ig_sig_key_version=4 returned response: <Response [200]>
2021-08-12 13:57:58,270 - instabot version: 0.117.0 (api) - DEBUG - GET to endpoint: users/arlink_download_info/?version_override=2.2.1 returned response: <Response [200]>
2021-08-12 13:57:58,660 - instabot version: 0.117.0 (api) - DEBUG - GET to endpoint: users/48835444494/info/ returned response: <Response [200]>
2021-08-12 13:57:59,034 - instabot version: 0.117.0 (api) - DEBUG - GET to endpoint: direct_v2/get_presence/ returned response: <Response [200]>
2021-08-12 13:57:59,460 - instabot version: 0.117.0 (api) - DEBUG - GET to endpoint: direct_v2/inbox/?visual_message_return_type=unseen&thread_message_limit=10&persistentBadging=true&limit=20 returned response: <Response [200]>
2021-08-12 13:57:59,904 - instabot version: 0.117.0 (api) - DEBUG - GET to endpoint: direct_v2/inbox/?visual_message_return_type=unseen&persistentBadging=true&limit=0 returned response: <Response [200]>
2021-08-12 13:58:01,333 - instabot version: 0.117.0 (api) - DEBUG - GET to endpoint: discover/topical_explore/?is_prefetch=true&omit_cover_media=true&use_sectional_payload=true&timezone_offset=0&session_id=32957a9d-435a-448b-9ee5-e5e488d33b0c&include_fixed_destinations=true returned response: <Response [200]>
2021-08-12 13:58:01,632 - instabot version: 0.117.0 (api) - DEBUG - POST to endpoint: notifications/badge/ returned response: <Response [200]>
2021-08-12 13:58:02,075 - instabot version: 0.117.0 (api) - DEBUG - POST to endpoint: qp/batch_fetch/ returned response: <Response [200]>
2021-08-12 13:58:02,077 - instabot version: 0.117.0 (bot_checkpoint) - DEBUG - Loading Checkpoint file from: D:\searchdisaner/config/instbober.checkpoint
2021-08-12 13:58:07,783 - instabot version: 0.117.0 (api) - DEBUG - GET to endpoint: feed/tag/дизайн/?max_id=&rank_token=48835444494_81500ee0-4cf5-493e-ae1a-6a5011cbe63d&ranked_content=true& returned response: <Response [200]>
2021-08-12 13:58:08,228 - instabot version: 0.117.0 (api) - DEBUG - GET to endpoint: users/44250909895/info/ returned response: <Response [200]>
2021-08-12 13:58:08,571 - instabot version: 0.117.0 (api) - DEBUG - GET to endpoint: users/7056659980/info/ returned response: <Response [200]>
2021-08-12 13:58:09,112 - instabot version: 0.117.0 (api) - DEBUG - GET to endpoint: users/4030147033/info/ returned response: <Response [200]>
2021-08-12 13:58:09,639 - instabot version: 0.117.0 (api) - DEBUG - GET to endpoint: users/2046967980/info/ returned response: <Response [200]>
2021-08-12 13:58:10,276 - instabot version: 0.117.0 (api) - DEBUG - GET to endpoint: users/46223803360/info/ returned response: <Response [200]>
2021-08-12 13:58:10,937 - instabot version: 0.117.0 (api) - DEBUG - GET to endpoint: users/4865727518/info/ returned response: <Response [200]>
2021-08-12 13:58:11,616 - instabot version: 0.117.0 (api) - DEBUG - GET to endpoint: users/32977571036/info/ returned response: <Response [200]>
2021-08-12 13:58:12,114 - instabot version: 0.117.0 (api) - DEBUG - GET to endpoint: users/47427018048/info/ returned response: <Response [200]>
2021-08-12 13:58:12,630 - instabot version: 0.117.0 (api) - DEBUG - GET to endpoint: users/22115509525/info/ returned response: <Response [200]>
2021-08-12 13:58:13,037 - instabot version: 0.117.0 (api) - DEBUG - GET to endpoint: users/48064440813/info/ returned response: <Response [200]>
2021-08-12 13:58:20,423 - instabot version: 0.117.0 (api) - DEBUG - GET to endpoint: users/15695186858/info/ returned response: <Response [200]>
2021-08-12 13:58:20,955 - instabot version: 0.117.0 (api) - DEBUG - GET to endpoint: users/55953316/info/ returned response: <Response [200]>
2021-08-12 13:58:21,537 - instabot version: 0.117.0 (api) - DEBUG - GET to endpoint: users/1620170470/info/ returned response: <Response [200]>
2021-08-12 13:58:22,019 - instabot version: 0.117.0 (api) - DEBUG - GET to endpoint: users/22082308098/info/ returned response: <Response [200]>
2021-08-12 13:58:22,374 - instabot version: 0.117.0 (api) - DEBUG - GET to endpoint: users/48793271878/info/ returned response: <Response [200]>
2021-08-12 13:58:22,948 - instabot version: 0.117.0 (api) - DEBUG - GET to endpoint: users/6173421668/info/ returned response: <Response [200]>
2021-08-12 13:58:23,453 - instabot version: 0.117.0 (api) - DEBUG - GET to endpoint: users/946215748/info/ returned response: <Response [200]>
2021-08-12 13:58:23,966 - instabot version: 0.117.0 (api) - DEBUG - GET to endpoint: users/19325734411/info/ returned response: <Response [200]>
2021-08-12 13:58:24,514 - instabot version: 0.117.0 (api) - DEBUG - GET to endpoint: users/2964508842/info/ returned response: <Response [200]>
2021-08-12 13:58:24,898 - instabot version: 0.117.0 (api) - DEBUG - GET to endpoint: users/4193916919/info/ returned response: <Response [200]>
2021-08-12 13:58:25,382 - instabot version: 0.117.0 (api) - DEBUG - GET to endpoint: users/40493479181/info/ returned response: <Response [200]>
2021-08-12 13:58:25,747 - instabot version: 0.117.0 (api) - DEBUG - GET to endpoint: users/33402310426/info/ returned response: <Response [200]>
2021-08-12 13:58:26,353 - instabot version: 0.117.0 (api) - DEBUG - GET to endpoint: users/9974559144/info/ returned response: <Response [200]>
2021-08-12 13:58:26,997 - instabot version: 0.117.0 (api) - DEBUG - GET to endpoint: users/1663738477/info/ returned response: <Response [200]>
2021-08-12 13:58:27,571 - instabot version: 0.117.0 (api) - DEBUG - GET to endpoint: users/1904733340/info/ returned response: <Response [200]>
2021-08-12 13:58:28,228 - instabot version: 0.117.0 (api) - DEBUG - GET to endpoint: users/11104200903/info/ returned response: <Response [200]>
2021-08-12 13:58:28,561 - instabot version: 0.117.0 (api) - DEBUG - GET to endpoint: users/4323336307/info/ returned response: <Response [200]>
2021-08-12 13:58:29,179 - instabot version: 0.117.0 (api) - DEBUG - GET to endpoint: users/8681495602/info/ returned response: <Response [200]>
2021-08-12 13:58:29,570 - instabot version: 0.117.0 (api) - DEBUG - GET to endpoint: users/26697628907/info/ returned response: <Response [200]>
2021-08-12 13:58:30,087 - instabot version: 0.117.0 (api) - DEBUG - GET to endpoint: users/19335829920/info/ returned response: <Response [200]>
2021-08-12 13:58:30,663 - instabot version: 0.117.0 (api) - DEBUG - GET to endpoint: users/2525641357/info/ returned response: <Response [200]>
2021-08-12 13:58:31,197 - instabot version: 0.117.0 (api) - DEBUG - GET to endpoint: users/38892037864/info/ returned response: <Response [200]>
2021-08-12 13:58:31,757 - instabot version: 0.117.0 (api) - DEBUG - GET to endpoint: users/35059526350/info/ returned response: <Response [200]>
2021-08-12 13:58:32,111 - instabot version: 0.117.0 (api) - DEBUG - GET to endpoint: users/3598081529/info/ returned response: <Response [200]>
2021-08-12 13:58:32,588 - instabot version: 0.117.0 (api) - DEBUG - GET to endpoint: users/7568980406/info/ returned response: <Response [200]>
2021-08-12 13:58:33,154 - instabot version: 0.117.0 (api) - DEBUG - GET to endpoint: users/45036941968/info/ returned response: <Response [200]>
2021-08-12 13:58:33,773 - instabot version: 0.117.0 (api) - DEBUG - GET to endpoint: users/2195047708/info/ returned response: <Response [200]>
2021-08-12 13:58:34,457 - instabot version: 0.117.0 (api) - DEBUG - GET to endpoint: users/44940978103/info/ returned response: <Response [200]>
2021-08-12 13:58:34,930 - instabot version: 0.117.0 (api) - DEBUG - GET to endpoint: users/8913261577/info/ returned response: <Response [200]>
2021-08-12 13:58:35,492 - instabot version: 0.117.0 (api) - DEBUG - GET to endpoint: users/1576593904/info/ returned response: <Response [200]>
2021-08-12 13:58:35,870 - instabot version: 0.117.0 (api) - DEBUG - GET to endpoint: users/48592969717/info/ returned response: <Response [200]>
2021-08-12 13:58:36,511 - instabot version: 0.117.0 (api) - DEBUG - GET to endpoint: users/3573461145/info/ returned response: <Response [200]>
2021-08-12 13:58:37,224 - instabot version: 0.117.0 (api) - DEBUG - GET to endpoint: users/17344011452/info/ returned response: <Response [200]>
2021-08-12 13:58:37,888 - instabot version: 0.117.0 (api) - DEBUG - GET to endpoint: users/46282163447/info/ returned response: <Response [200]>
2021-08-12 13:58:38,538 - instabot version: 0.117.0 (api) - DEBUG - GET to endpoint: users/26463216138/info/ returned response: <Response [200]>
2021-08-12 13:58:43,584 - instabot version: 0.117.0 (api) - DEBUG - GET to endpoint: users/30721625885/info/ returned response: <Response [200]>
2021-08-12 13:58:44,125 - instabot version: 0.117.0 (api) - DEBUG - GET to endpoint: users/4136707322/info/ returned response: <Response [200]>
2021-08-12 13:58:44,754 - instabot version: 0.117.0 (api) - DEBUG - GET to endpoint: users/7588947542/info/ returned response: <Response [200]>
2021-08-12 13:58:45,361 - instabot version: 0.117.0 (api) - DEBUG - GET to endpoint: users/6148922367/info/ returned response: <Response [200]>
2021-08-12 13:58:45,887 - instabot version: 0.117.0 (api) - DEBUG - GET to endpoint: users/193173300/info/ returned response: <Response [200]>
2021-08-12 13:58:46,329 - instabot version: 0.117.0 (api) - DEBUG - GET to endpoint: users/36731229009/info/ returned response: <Response [200]>
2021-08-12 13:58:46,914 - instabot version: 0.117.0 (api) - DEBUG - GET to endpoint: users/8686836443/info/ returned response: <Response [200]>
2021-08-12 13:58:47,472 - instabot version: 0.117.0 (api) - DEBUG - GET to endpoint: users/5402192759/info/ returned response: <Response [200]>
2021-08-12 13:58:48,004 - instabot version: 0.117.0 (api) - DEBUG - GET to endpoint: users/46844867559/info/ returned response: <Response [200]>
2021-08-12 13:58:50,761 - instabot version: 0.117.0 (api) - DEBUG - GET to endpoint: users/5383513903/info/ returned response: <Response [200]>
2021-08-12 13:58:51,281 - instabot version: 0.117.0 (api) - DEBUG - GET to endpoint: users/15903905025/info/ returned response: <Response [200]>
2021-08-12 13:58:51,919 - instabot version: 0.117.0 (api) - DEBUG - GET to endpoint: users/2143668502/info/ returned response: <Response [200]>
2021-08-12 13:58:52,635 - instabot version: 0.117.0 (api) - DEBUG - GET to endpoint: users/10739257511/info/ returned response: <Response [200]>
2021-08-12 13:58:53,185 - instabot version: 0.117.0 (api) - DEBUG - GET to endpoint: users/10581372913/info/ returned response: <Response [200]>
2021-08-12 13:58:53,827 - instabot version: 0.117.0 (api) - DEBUG - GET to endpoint: users/7129397443/info/ returned response: <Response [200]>
2021-08-12 13:58:54,419 - instabot version: 0.117.0 (api) - DEBUG - GET to endpoint: users/8596565537/info/ returned response: <Response [200]>
2021-08-12 13:58:57,225 - instabot version: 0.117.0 (api) - DEBUG - GET to endpoint: users/26287451114/info/ returned response: <Response [200]>
2021-08-12 13:58:57,812 - instabot version: 0.117.0 (api) - DEBUG - GET to endpoint: users/47573906597/info/ returned response: <Response [200]>
2021-08-12 13:58:58,348 - instabot version: 0.117.0 (api) - DEBUG - GET to endpoint: users/32036814651/info/ returned response: <Response [200]>
2021-08-12 13:58:58,933 - instabot version: 0.117.0 (api) - DEBUG - GET to endpoint: users/4767594394/info/ returned response: <Response [200]>
2021-08-12 13:58:59,501 - instabot version: 0.117.0 (api) - DEBUG - GET to endpoint: users/6285579773/info/ returned response: <Response [200]>
2021-08-12 13:59:00,024 - instabot version: 0.117.0 (api) - DEBUG - GET to endpoint: users/7560830856/info/ returned response: <Response [200]>
2021-08-12 13:59:00,546 - instabot version: 0.117.0 (api) - DEBUG - GET to endpoint: users/8291255747/info/ returned response: <Response [200]>
2021-08-12 13:59:01,094 - instabot version: 0.117.0 (api) - DEBUG - GET to endpoint: users/608482658/info/ returned response: <Response [200]>
2021-08-12 13:59:01,610 - instabot version: 0.117.0 (api) - DEBUG - GET to endpoint: users/2542921180/info/ returned response: <Response [200]>
2021-08-12 13:59:02,118 - instabot version: 0.117.0 (api) - DEBUG - GET to endpoint: users/1377790059/info/ returned response: <Response [200]>
2021-08-12 13:59:02,692 - instabot version: 0.117.0 (api) - DEBUG - GET to endpoint: users/13082050899/info/ returned response: <Response [200]>
2021-08-12 13:59:03,230 - instabot version: 0.117.0 (api) - DEBUG - GET to endpoint: users/634194184/info/ returned response: <Response [200]>
2021-08-12 13:59:03,787 - instabot version: 0.117.0 (api) - DEBUG - GET to endpoint: users/44911206225/info/ returned response: <Response [200]>
2021-08-12 13:59:09,593 - instabot version: 0.117.0 (api) - DEBUG - GET to endpoint: feed/tag/дизайнер/?max_id=&rank_token=48835444494_81500ee0-4cf5-493e-ae1a-6a5011cbe63d&ranked_content=true& returned response: <Response [200]>
2021-08-12 13:59:10,083 - instabot version: 0.117.0 (api) - DEBUG - GET to endpoint: users/49230513075/info/ returned response: <Response [200]>
2021-08-12 13:59:10,625 - instabot version: 0.117.0 (api) - DEBUG - GET to endpoint: users/4883241676/info/ returned response: <Response [200]>
2021-08-12 13:59:11,169 - instabot version: 0.117.0 (api) - DEBUG - GET to endpoint: users/2224090706/info/ returned response: <Response [200]>
2021-08-12 13:59:11,554 - instabot version: 0.117.0 (api) - DEBUG - GET to endpoint: users/45390359515/info/ returned response: <Response [200]>
2021-08-12 13:59:12,099 - instabot version: 0.117.0 (api) - DEBUG - GET to endpoint: users/7209778173/info/ returned response: <Response [200]>
2021-08-12 13:59:12,815 - instabot version: 0.117.0 (api) - DEBUG - GET to endpoint: users/39781672628/info/ returned response: <Response [200]>
2021-08-12 13:59:13,287 - instabot version: 0.117.0 (api) - DEBUG - GET to endpoint: users/4013715127/info/ returned response: <Response [200]>
2021-08-12 13:59:13,895 - instabot version: 0.117.0 (api) - DEBUG - GET to endpoint: users/46220046802/info/ returned response: <Response [200]>
2021-08-12 13:59:14,416 - instabot version: 0.117.0 (api) - DEBUG - GET to endpoint: users/31519498582/info/ returned response: <Response [200]>
2021-08-12 13:59:14,968 - instabot version: 0.117.0 (api) - DEBUG - GET to endpoint: users/52985717/info/ returned response: <Response [200]>
2021-08-12 13:59:15,525 - instabot version: 0.117.0 (api) - DEBUG - GET to endpoint: users/45756777192/info/ returned response: <Response [200]>
2021-08-12 13:59:16,066 - instabot version: 0.117.0 (api) - DEBUG - GET to endpoint: users/4156728171/info/ returned response: <Response [200]>
2021-08-12 13:59:16,655 - instabot version: 0.117.0 (api) - DEBUG - GET to endpoint: users/14989271366/info/ returned response: <Response [200]>
2021-08-12 13:59:17,123 - instabot version: 0.117.0 (api) - DEBUG - GET to endpoint: users/6026121620/info/ returned response: <Response [200]>
2021-08-12 13:59:17,590 - instabot version: 0.117.0 (api) - DEBUG - GET to endpoint: users/2166902135/info/ returned response: <Response [200]>
2021-08-12 13:59:18,111 - instabot version: 0.117.0 (api) - DEBUG - GET to endpoint: users/2028112273/info/ returned response: <Response [200]>
2021-08-12 13:59:18,522 - instabot version: 0.117.0 (api) - DEBUG - GET to endpoint: users/229382376/info/ returned response: <Response [200]>
2021-08-12 13:59:19,116 - instabot version: 0.117.0 (api) - DEBUG - GET to endpoint: users/6151833747/info/ returned response: <Response [200]>
2021-08-12 13:59:19,683 - instabot version: 0.117.0 (api) - DEBUG - GET to endpoint: users/11825621777/info/ returned response: <Response [200]>
2021-08-12 13:59:20,176 - instabot version: 0.117.0 (api) - DEBUG - GET to endpoint: users/2216576276/info/ returned response: <Response [200]>
2021-08-12 13:59:20,578 - instabot version: 0.117.0 (api) - DEBUG - GET to endpoint: users/25072658053/info/ returned response: <Response [200]>
2021-08-12 13:59:21,120 - instabot version: 0.117.0 (api) - DEBUG - GET to endpoint: users/40321490656/info/ returned response: <Response [200]>
2021-08-12 13:59:21,784 - instabot version: 0.117.0 (api) - DEBUG - GET to endpoint: users/1536160056/info/ returned response: <Response [200]>
2021-08-12 13:59:22,276 - instabot version: 0.117.0 (api) - DEBUG - GET to endpoint: users/22914957682/info/ returned response: <Response [200]>
2021-08-12 13:59:22,894 - instabot version: 0.117.0 (api) - DEBUG - GET to endpoint: users/4049945950/info/ returned response: <Response [200]>
2021-08-12 13:59:23,771 - instabot version: 0.117.0 (api) - DEBUG - GET to endpoint: users/6652610576/info/ returned response: <Response [200]>
2021-08-12 13:59:24,295 - instabot version: 0.117.0 (api) - DEBUG - GET to endpoint: users/7572989138/info/ returned response: <Response [200]>
2021-08-12 13:59:24,948 - instabot version: 0.117.0 (api) - DEBUG - GET to endpoint: users/42434450508/info/ returned response: <Response [200]>
2021-08-12 13:59:25,479 - instabot version: 0.117.0 (api) - DEBUG - GET to endpoint: users/1640134385/info/ returned response: <Response [200]>
2021-08-12 13:59:26,005 - instabot version: 0.117.0 (api) - DEBUG - GET to endpoint: users/8719549742/info/ returned response: <Response [200]>
2021-08-12 13:59:26,540 - instabot version: 0.117.0 (api) - DEBUG - GET to endpoint: users/31632575118/info/ returned response: <Response [200]>
2021-08-12 13:59:27,085 - instabot version: 0.117.0 (api) - DEBUG - GET to endpoint: users/32319406899/info/ returned response: <Response [200]>
2021-08-12 13:59:27,556 - instabot version: 0.117.0 (api) - DEBUG - GET to endpoint: users/17539512301/info/ returned response: <Response [200]>
2021-08-12 13:59:28,101 - instabot version: 0.117.0 (api) - DEBUG - GET to endpoint: users/2247352276/info/ returned response: <Response [200]>
2021-08-12 13:59:28,610 - instabot version: 0.117.0 (api) - DEBUG - GET to endpoint: users/48776821055/info/ returned response: <Response [200]>
2021-08-12 13:59:29,138 - instabot version: 0.117.0 (api) - DEBUG - GET to endpoint: users/5941727476/info/ returned response: <Response [200]>
2021-08-12 13:59:29,890 - instabot version: 0.117.0 (api) - DEBUG - GET to endpoint: users/1596886865/info/ returned response: <Response [200]>
2021-08-12 13:59:30,599 - instabot version: 0.117.0 (api) - DEBUG - GET to endpoint: users/5345377170/info/ returned response: <Response [200]>
2021-08-12 13:59:31,143 - instabot version: 0.117.0 (api) - DEBUG - GET to endpoint: users/48776898661/info/ returned response: <Response [200]>
2021-08-12 13:59:31,659 - instabot version: 0.117.0 (api) - DEBUG - GET to endpoint: users/47325419597/info/ returned response: <Response [200]>
2021-08-12 13:59:32,171 - instabot version: 0.117.0 (api) - DEBUG - GET to endpoint: users/3527461810/info/ returned response: <Response [200]>
2021-08-12 13:59:32,705 - instabot version: 0.117.0 (api) - DEBUG - GET to endpoint: users/1635219183/info/ returned response: <Response [200]>
2021-08-12 13:59:33,272 - instabot version: 0.117.0 (api) - DEBUG - GET to endpoint: users/36389773460/info/ returned response: <Response [200]>
2021-08-12 13:59:34,027 - instabot version: 0.117.0 (api) - DEBUG - GET to endpoint: users/3763163555/info/ returned response: <Response [200]>
2021-08-12 13:59:34,665 - instabot version: 0.117.0 (api) - DEBUG - GET to endpoint: users/1650960543/info/ returned response: <Response [200]>
2021-08-12 13:59:35,145 - instabot version: 0.117.0 (api) - DEBUG - GET to endpoint: users/40590953890/info/ returned response: <Response [200]>
2021-08-12 13:59:35,647 - instabot version: 0.117.0 (api) - DEBUG - GET to endpoint: users/1984214864/info/ returned response: <Response [200]>
2021-08-12 13:59:36,058 - instabot version: 0.117.0 (api) - DEBUG - GET to endpoint: users/33504027692/info/ returned response: <Response [200]>
2021-08-12 13:59:36,553 - instabot version: 0.117.0 (api) - DEBUG - GET to endpoint: users/16660756343/info/ returned response: <Response [200]>
2021-08-12 13:59:37,098 - instabot version: 0.117.0 (api) - DEBUG - GET to endpoint: users/2090249342/info/ returned response: <Response [200]>
2021-08-12 13:59:37,614 - instabot version: 0.117.0 (api) - DEBUG - GET to endpoint: users/6714858641/info/ returned response: <Response [200]>
2021-08-12 13:59:38,222 - instabot version: 0.117.0 (api) - DEBUG - GET to endpoint: users/44797915476/info/ returned response: <Response [200]>
2021-08-12 13:59:38,733 - instabot version: 0.117.0 (api) - DEBUG - GET to endpoint: users/5894618309/info/ returned response: <Response [200]>
2021-08-12 13:59:39,184 - instabot version: 0.117.0 (api) - DEBUG - GET to endpoint: users/44786478780/info/ returned response: <Response [200]>
2021-08-12 13:59:39,749 - instabot version: 0.117.0 (api) - DEBUG - GET to endpoint: users/44549374257/info/ returned response: <Response [200]>
2021-08-12 13:59:40,226 - instabot version: 0.117.0 (api) - DEBUG - GET to endpoint: users/1333946746/info/ returned response: <Response [200]>
2021-08-12 13:59:40,671 - instabot version: 0.117.0 (api) - DEBUG - GET to endpoint: users/7317426524/info/ returned response: <Response [200]>
2021-08-12 13:59:41,267 - instabot version: 0.117.0 (api) - DEBUG - GET to endpoint: users/48670312132/info/ returned response: <Response [200]>
2021-08-12 13:59:41,803 - instabot version: 0.117.0 (api) - DEBUG - GET to endpoint: users/7814826976/info/ returned response: <Response [200]>
2021-08-12 13:59:42,405 - instabot version: 0.117.0 (api) - DEBUG - GET to endpoint: users/1087577295/info/ returned response: <Response [200]>
2021-08-12 13:59:42,913 - instabot version: 0.117.0 (api) - DEBUG - GET to endpoint: users/48159106808/info/ returned response: <Response [200]>
2021-08-12 13:59:43,606 - instabot version: 0.117.0 (api) - DEBUG - GET to endpoint: users/24810376334/info/ returned response: <Response [200]>
2021-08-12 13:59:44,124 - instabot version: 0.117.0 (api) - DEBUG - GET to endpoint: users/48122210979/info/ returned response: <Response [200]>
2021-08-12 13:59:44,632 - instabot version: 0.117.0 (api) - DEBUG - GET to endpoint: users/11534627124/info/ returned response: <Response [200]>
2021-08-12 13:59:45,209 - instabot version: 0.117.0 (api) - DEBUG - GET to endpoint: users/447796983/info/ returned response: <Response [200]>
2021-08-12 13:59:45,733 - instabot version: 0.117.0 (api) - DEBUG - GET to endpoint: users/4494098432/info/ returned response: <Response [200]>
2021-08-12 13:59:46,282 - instabot version: 0.117.0 (api) - DEBUG - GET to endpoint: users/4844956894/info/ returned response: <Response [200]>
2021-08-12 13:59:46,880 - instabot version: 0.117.0 (api) - DEBUG - GET to endpoint: users/1548338183/info/ returned response: <Response [200]>
2021-08-12 13:59:47,273 - instabot version: 0.117.0 (api) - DEBUG - GET to endpoint: users/48857024852/info/ returned response: <Response [200]>
2021-08-12 13:59:47,927 - instabot version: 0.117.0 (api) - DEBUG - GET to endpoint: users/5522617205/info/ returned response: <Response [200]>
2021-08-12 13:59:48,373 - instabot version: 0.117.0 (api) - DEBUG - GET to endpoint: users/10859727725/info/ returned response: <Response [200]>
2021-08-12 13:59:49,017 - instabot version: 0.117.0 (api) - DEBUG - GET to endpoint: users/46023419894/info/ returned response: <Response [200]>
2021-08-12 13:59:49,617 - instabot version: 0.117.0 (api) - DEBUG - GET to endpoint: users/47713367379/info/ returned response: <Response [200]>
2021-08-12 13:59:49,618 - instabot version: 0.117.0 (bot_checkpoint) - DEBUG - Saving Checkpoint file to: D:\searchdisaner/config/instbober.checkpoint
2021-08-12 13:59:49,618 - instabot version: 0.117.0 (bot) - INFO - Total requests: 1936
