2021-09-06 13:49:50,660 - instabot version: 0.117.0 (bot) - INFO - Instabot version: 0.117.0 Started
2021-09-06 13:49:50,661 - instabot version: 0.117.0 (bot) - DEBUG - Bot imported from D:\searchdisaner\venv\lib\site-packages\instabot\bot\bot.py
2021-09-06 13:49:50,683 - instabot version: 0.117.0 (api_login) - DEBUG - Loading uuids
2021-09-06 13:49:50,683 - instabot version: 0.117.0 (api_login) - INFO - Recovery from D:\searchdisaner/config/todoctordoom_uuid_and_cookie.json: COOKIE False - UUIDs True - TIMING, DEVICE and ...
- user-agent=Instagram 117.0.0.28.123 Android (28/9.0; 420dpi; 1080x1920; OnePlus; ONEPLUS A3003; OnePlus3; qcom; en_US; 180322800)
- phone_id=fececc37-13fb-4ca7-b4c1-842926ac61f0
- uuid=d8c038f7-d60d-4ffc-ae20-1b8f9d340f0b
- client_session_id=74517733-9e97-4ac6-9bd3-6396afa278ed
- device_id=android-638845ae1420b535
2021-09-06 13:49:50,684 - instabot version: 0.117.0 (api_login) - INFO - Not yet logged in starting: PRE-LOGIN FLOW!
2021-09-06 13:49:51,189 - instabot version: 0.117.0 (api) - DEBUG - POST to endpoint: accounts/get_prefill_candidates/ returned response: <Response [200]>
2021-09-06 13:49:51,804 - instabot version: 0.117.0 (api) - DEBUG - POST to endpoint: qe/sync/ returned response: <Response [200]>
2021-09-06 13:49:52,806 - instabot version: 0.117.0 (api) - DEBUG - POST to endpoint: launcher/sync/ returned response: <Response [200]>
2021-09-06 13:49:53,198 - instabot version: 0.117.0 (api) - DEBUG - POST to endpoint: accounts/contact_point_prefill/ returned response: <Response [200]>
2021-09-06 13:49:54,905 - instabot version: 0.117.0 (api) - DEBUG - POST to endpoint: accounts/login/ returned response: <Response [200]>
2021-09-06 13:49:54,906 - instabot version: 0.117.0 (api) - INFO - Logged-in successfully as 'todoctordoom'!
2021-09-06 13:49:54,906 - instabot version: 0.117.0 (api_login) - INFO - LOGIN FLOW! Just logged-in: True
2021-09-06 13:49:55,292 - instabot version: 0.117.0 (api) - DEBUG - POST to endpoint: qe/sync/ returned response: <Response [200]>
2021-09-06 13:49:55,589 - instabot version: 0.117.0 (api) - DEBUG - POST to endpoint: launcher/sync/ returned response: <Response [200]>
2021-09-06 13:49:55,860 - instabot version: 0.117.0 (api) - DEBUG - GET to endpoint: zr/token/result/?device_id=android-638845ae1420b535&token_hash=&custom_device_id=android-638845ae1420b535&fetch_reason=token_expired returned response: <Response [200]>
2021-09-06 13:49:56,126 - instabot version: 0.117.0 (api) - DEBUG - GET to endpoint: multiple_accounts/get_account_family/ returned response: <Response [200]>
2021-09-06 13:49:56,526 - instabot version: 0.117.0 (api) - DEBUG - POST to endpoint: qe/sync/ returned response: <Response [200]>
2021-09-06 13:49:56,896 - instabot version: 0.117.0 (api) - DEBUG - GET to endpoint: igtv/browse_feed/?prefetch=1 returned response: <Response [200]>
2021-09-06 13:49:57,151 - instabot version: 0.117.0 (api) - DEBUG - POST to endpoint: creatives/ar_class/ returned response: <Response [200]>
2021-09-06 13:49:57,458 - instabot version: 0.117.0 (api) - DEBUG - POST to endpoint: feed/reels_tray/ returned response: <Response [200]>
2021-09-06 13:49:59,014 - instabot version: 0.117.0 (api) - DEBUG - POST to endpoint: feed/timeline/ returned response: <Response [200]>
2021-09-06 13:49:59,278 - instabot version: 0.117.0 (api) - DEBUG - GET to endpoint: media/blocked/ returned response: <Response [200]>
2021-09-06 13:50:00,248 - instabot version: 0.117.0 (api) - DEBUG - GET to endpoint: news/inbox/ returned response: <Response [200]>
2021-09-06 13:50:00,563 - instabot version: 0.117.0 (api) - DEBUG - GET to endpoint: loom/fetch_config/ returned response: <Response [200]>
2021-09-06 13:50:00,998 - instabot version: 0.117.0 (api) - DEBUG - GET to endpoint: scores/bootstrap/users/?surfaces=["autocomplete_user_list","coefficient_besties_list_ranking","coefficient_rank_recipient_user_suggestion","coefficient_ios_section_test_bootstrap_ranking","coefficient_direct_recipients_ranking_variant_2"] returned response: <Response [200]>
2021-09-06 13:50:01,315 - instabot version: 0.117.0 (api) - DEBUG - GET to endpoint: business/eligibility/get_monetization_products_eligibility_data/?product_types=branded_content returned response: <Response [200]>
2021-09-06 13:50:01,583 - instabot version: 0.117.0 (api) - DEBUG - GET to endpoint: business/branded_content/should_require_professional_account/ returned response: <Response [200]>
2021-09-06 13:50:02,485 - instabot version: 0.117.0 (api) - DEBUG - GET to endpoint: linked_accounts/get_linkage_status/ returned response: <Response [200]>
2021-09-06 13:50:02,761 - instabot version: 0.117.0 (api) - DEBUG - GET to endpoint: locations/request_country/ returned response: <Response [200]>
2021-09-06 13:50:03,025 - instabot version: 0.117.0 (api) - DEBUG - GET to endpoint: qp/get_cooldowns/?signed_body=signed_body=4b9c516a5410a3bc128e09c6104a7f042146b9c2023870560c63a43a7f66781c.4&ig_sig_key_version=4&ig_sig_key_version=4 returned response: <Response [200]>
2021-09-06 13:50:03,301 - instabot version: 0.117.0 (api) - DEBUG - GET to endpoint: users/arlink_download_info/?version_override=2.2.1 returned response: <Response [200]>
2021-09-06 13:50:04,140 - instabot version: 0.117.0 (api) - DEBUG - GET to endpoint: users/46258652727/info/ returned response: <Response [200]>
2021-09-06 13:50:04,480 - instabot version: 0.117.0 (api) - DEBUG - GET to endpoint: direct_v2/get_presence/ returned response: <Response [200]>
2021-09-06 13:50:04,864 - instabot version: 0.117.0 (api) - DEBUG - GET to endpoint: direct_v2/inbox/?visual_message_return_type=unseen&thread_message_limit=10&persistentBadging=true&limit=20 returned response: <Response [200]>
2021-09-06 13:50:05,230 - instabot version: 0.117.0 (api) - DEBUG - GET to endpoint: direct_v2/inbox/?visual_message_return_type=unseen&persistentBadging=true&limit=0 returned response: <Response [200]>
2021-09-06 13:50:05,631 - instabot version: 0.117.0 (api) - DEBUG - GET to endpoint: discover/topical_explore/?is_prefetch=true&omit_cover_media=true&use_sectional_payload=true&timezone_offset=0&session_id=74517733-9e97-4ac6-9bd3-6396afa278ed&include_fixed_destinations=true returned response: <Response [200]>
2021-09-06 13:50:05,875 - instabot version: 0.117.0 (api) - DEBUG - POST to endpoint: notifications/badge/ returned response: <Response [200]>
2021-09-06 13:50:06,217 - instabot version: 0.117.0 (api) - DEBUG - POST to endpoint: qp/batch_fetch/ returned response: <Response [200]>
2021-09-06 13:50:06,218 - instabot version: 0.117.0 (bot_checkpoint) - DEBUG - Loading Checkpoint file from: D:\searchdisaner/config/todoctordoom.checkpoint
2021-09-06 13:50:11,503 - instabot version: 0.117.0 (api) - DEBUG - GET to endpoint: feed/tag/дизайн/?max_id=&rank_token=46258652727_d8c038f7-d60d-4ffc-ae20-1b8f9d340f0b&ranked_content=true& returned response: <Response [200]>
2021-09-06 13:50:14,139 - instabot version: 0.117.0 (api) - DEBUG - GET to endpoint: users/31391239069/info/ returned response: <Response [200]>
2021-09-06 13:50:14,893 - instabot version: 0.117.0 (api) - DEBUG - GET to endpoint: users/28204280674/info/ returned response: <Response [200]>
2021-09-06 13:50:15,391 - instabot version: 0.117.0 (api) - DEBUG - GET to endpoint: users/20412858442/info/ returned response: <Response [200]>
2021-09-06 13:50:15,867 - instabot version: 0.117.0 (api) - DEBUG - GET to endpoint: users/2004181198/info/ returned response: <Response [200]>
2021-09-06 13:50:16,417 - instabot version: 0.117.0 (api) - DEBUG - GET to endpoint: users/33610149219/info/ returned response: <Response [200]>
2021-09-06 13:50:16,945 - instabot version: 0.117.0 (api) - DEBUG - GET to endpoint: users/4304594205/info/ returned response: <Response [200]>
2021-09-06 13:50:17,399 - instabot version: 0.117.0 (api) - DEBUG - GET to endpoint: users/5758144615/info/ returned response: <Response [200]>
2021-09-06 13:50:17,963 - instabot version: 0.117.0 (api) - DEBUG - GET to endpoint: users/11682188420/info/ returned response: <Response [200]>
2021-09-06 13:50:18,652 - instabot version: 0.117.0 (api) - DEBUG - GET to endpoint: users/723503899/info/ returned response: <Response [200]>
2021-09-06 13:50:19,090 - instabot version: 0.117.0 (api) - DEBUG - GET to endpoint: users/45642720766/info/ returned response: <Response [200]>
2021-09-06 13:50:21,273 - instabot version: 0.117.0 (api) - DEBUG - GET to endpoint: users/9227480001/info/ returned response: <Response [200]>
2021-09-06 13:50:21,749 - instabot version: 0.117.0 (api) - DEBUG - GET to endpoint: users/3962472396/info/ returned response: <Response [200]>
2021-09-06 13:50:22,192 - instabot version: 0.117.0 (api) - DEBUG - GET to endpoint: users/1667241315/info/ returned response: <Response [200]>
2021-09-06 13:50:22,678 - instabot version: 0.117.0 (api) - DEBUG - GET to endpoint: users/48429520036/info/ returned response: <Response [200]>
2021-09-06 13:50:23,075 - instabot version: 0.117.0 (api) - DEBUG - GET to endpoint: users/16342300646/info/ returned response: <Response [200]>
2021-09-06 13:50:23,469 - instabot version: 0.117.0 (api) - DEBUG - GET to endpoint: users/10581372913/info/ returned response: <Response [200]>
2021-09-06 13:50:23,997 - instabot version: 0.117.0 (api) - DEBUG - GET to endpoint: users/5829297966/info/ returned response: <Response [200]>
2021-09-06 13:50:24,539 - instabot version: 0.117.0 (api) - DEBUG - GET to endpoint: users/4047195887/info/ returned response: <Response [200]>
2021-09-06 13:50:24,992 - instabot version: 0.117.0 (api) - DEBUG - GET to endpoint: users/5324820306/info/ returned response: <Response [200]>
2021-09-06 13:50:25,395 - instabot version: 0.117.0 (api) - DEBUG - GET to endpoint: users/11595218095/info/ returned response: <Response [200]>
2021-09-06 13:50:25,737 - instabot version: 0.117.0 (api) - DEBUG - GET to endpoint: users/47861002379/info/ returned response: <Response [200]>
2021-09-06 13:50:26,432 - instabot version: 0.117.0 (api) - DEBUG - GET to endpoint: users/1981909590/info/ returned response: <Response [200]>
2021-09-06 13:50:26,881 - instabot version: 0.117.0 (api) - DEBUG - GET to endpoint: users/5937011992/info/ returned response: <Response [200]>
2021-09-06 13:50:27,400 - instabot version: 0.117.0 (api) - DEBUG - GET to endpoint: users/49037638412/info/ returned response: <Response [200]>
2021-09-06 13:50:27,750 - instabot version: 0.117.0 (api) - DEBUG - GET to endpoint: users/49296611508/info/ returned response: <Response [200]>
2021-09-06 13:50:28,203 - instabot version: 0.117.0 (api) - DEBUG - GET to endpoint: users/48374729932/info/ returned response: <Response [200]>
2021-09-06 13:50:28,671 - instabot version: 0.117.0 (api) - DEBUG - GET to endpoint: users/2683014411/info/ returned response: <Response [200]>
2021-09-06 13:50:29,152 - instabot version: 0.117.0 (api) - DEBUG - GET to endpoint: users/4767173494/info/ returned response: <Response [200]>
2021-09-06 13:50:29,696 - instabot version: 0.117.0 (api) - DEBUG - GET to endpoint: users/23876418194/info/ returned response: <Response [200]>
2021-09-06 13:50:30,058 - instabot version: 0.117.0 (api) - DEBUG - GET to endpoint: users/410513651/info/ returned response: <Response [200]>
2021-09-06 13:50:30,588 - instabot version: 0.117.0 (api) - DEBUG - GET to endpoint: users/7371533806/info/ returned response: <Response [200]>
2021-09-06 13:50:31,084 - instabot version: 0.117.0 (api) - DEBUG - GET to endpoint: users/32250967859/info/ returned response: <Response [200]>
2021-09-06 13:50:31,539 - instabot version: 0.117.0 (api) - DEBUG - GET to endpoint: users/46748410147/info/ returned response: <Response [200]>
2021-09-06 13:50:32,179 - instabot version: 0.117.0 (api) - DEBUG - GET to endpoint: users/5849338079/info/ returned response: <Response [200]>
2021-09-06 13:50:32,703 - instabot version: 0.117.0 (api) - DEBUG - GET to endpoint: users/6034665780/info/ returned response: <Response [200]>
2021-09-06 13:50:33,176 - instabot version: 0.117.0 (api) - DEBUG - GET to endpoint: users/3051576939/info/ returned response: <Response [200]>
2021-09-06 13:50:33,655 - instabot version: 0.117.0 (api) - DEBUG - GET to endpoint: users/263357231/info/ returned response: <Response [200]>
2021-09-06 13:50:34,019 - instabot version: 0.117.0 (api) - DEBUG - GET to endpoint: users/40185394125/info/ returned response: <Response [200]>
2021-09-06 13:50:34,468 - instabot version: 0.117.0 (api) - DEBUG - GET to endpoint: users/8184856347/info/ returned response: <Response [200]>
2021-09-06 13:50:35,123 - instabot version: 0.117.0 (api) - DEBUG - GET to endpoint: users/2250720592/info/ returned response: <Response [200]>
2021-09-06 13:50:35,601 - instabot version: 0.117.0 (api) - DEBUG - GET to endpoint: users/8491461099/info/ returned response: <Response [200]>
2021-09-06 13:50:36,041 - instabot version: 0.117.0 (api) - DEBUG - GET to endpoint: users/42102288201/info/ returned response: <Response [200]>
2021-09-06 13:50:36,573 - instabot version: 0.117.0 (api) - DEBUG - GET to endpoint: users/4171259393/info/ returned response: <Response [200]>
2021-09-06 13:50:37,085 - instabot version: 0.117.0 (api) - DEBUG - GET to endpoint: users/32053642268/info/ returned response: <Response [200]>
2021-09-06 13:50:37,644 - instabot version: 0.117.0 (api) - DEBUG - GET to endpoint: users/41114573818/info/ returned response: <Response [200]>
2021-09-06 13:50:38,150 - instabot version: 0.117.0 (api) - DEBUG - GET to endpoint: users/1704991559/info/ returned response: <Response [200]>
2021-09-06 13:50:38,643 - instabot version: 0.117.0 (api) - DEBUG - GET to endpoint: users/10694021265/info/ returned response: <Response [200]>
2021-09-06 13:50:39,170 - instabot version: 0.117.0 (api) - DEBUG - GET to endpoint: users/17126117870/info/ returned response: <Response [200]>
2021-09-06 13:50:39,727 - instabot version: 0.117.0 (api) - DEBUG - GET to endpoint: users/47480321690/info/ returned response: <Response [200]>
2021-09-06 13:50:40,041 - instabot version: 0.117.0 (api) - DEBUG - GET to endpoint: users/11201081131/info/ returned response: <Response [200]>
2021-09-06 13:50:40,506 - instabot version: 0.117.0 (api) - DEBUG - GET to endpoint: users/41772050692/info/ returned response: <Response [200]>
2021-09-06 13:50:40,970 - instabot version: 0.117.0 (api) - DEBUG - GET to endpoint: users/3425088202/info/ returned response: <Response [200]>
2021-09-06 13:50:41,452 - instabot version: 0.117.0 (api) - DEBUG - GET to endpoint: users/40846376126/info/ returned response: <Response [200]>
2021-09-06 13:50:41,929 - instabot version: 0.117.0 (api) - DEBUG - GET to endpoint: users/8969726431/info/ returned response: <Response [200]>
2021-09-06 13:50:42,427 - instabot version: 0.117.0 (api) - DEBUG - GET to endpoint: users/28928520451/info/ returned response: <Response [200]>
2021-09-06 13:50:42,928 - instabot version: 0.117.0 (api) - DEBUG - GET to endpoint: users/8425666075/info/ returned response: <Response [200]>
2021-09-06 13:50:43,399 - instabot version: 0.117.0 (api) - DEBUG - GET to endpoint: users/45679891447/info/ returned response: <Response [200]>
2021-09-06 13:50:43,879 - instabot version: 0.117.0 (api) - DEBUG - GET to endpoint: users/596209070/info/ returned response: <Response [200]>
2021-09-06 13:50:44,424 - instabot version: 0.117.0 (api) - DEBUG - GET to endpoint: users/47329842279/info/ returned response: <Response [200]>
2021-09-06 13:50:44,914 - instabot version: 0.117.0 (api) - DEBUG - GET to endpoint: users/6828516741/info/ returned response: <Response [200]>
2021-09-06 13:50:45,352 - instabot version: 0.117.0 (api) - DEBUG - GET to endpoint: users/26310769532/info/ returned response: <Response [200]>
2021-09-06 13:50:45,771 - instabot version: 0.117.0 (api) - DEBUG - GET to endpoint: users/18733803232/info/ returned response: <Response [200]>
2021-09-06 13:50:46,286 - instabot version: 0.117.0 (api) - DEBUG - GET to endpoint: users/39517256688/info/ returned response: <Response [200]>
2021-09-06 13:50:46,804 - instabot version: 0.117.0 (api) - DEBUG - GET to endpoint: users/31535611566/info/ returned response: <Response [200]>
2021-09-06 13:50:47,292 - instabot version: 0.117.0 (api) - DEBUG - GET to endpoint: users/48816648580/info/ returned response: <Response [200]>
2021-09-06 13:50:47,673 - instabot version: 0.117.0 (api) - DEBUG - GET to endpoint: users/4528117687/info/ returned response: <Response [200]>
2021-09-06 13:50:48,191 - instabot version: 0.117.0 (api) - DEBUG - GET to endpoint: users/25361520724/info/ returned response: <Response [200]>
2021-09-06 13:50:48,656 - instabot version: 0.117.0 (api) - DEBUG - GET to endpoint: users/2116522043/info/ returned response: <Response [200]>
2021-09-06 13:50:49,143 - instabot version: 0.117.0 (api) - DEBUG - GET to endpoint: users/26452521161/info/ returned response: <Response [200]>
2021-09-06 13:50:49,596 - instabot version: 0.117.0 (api) - DEBUG - GET to endpoint: users/44715943335/info/ returned response: <Response [200]>
2021-09-06 13:50:50,112 - instabot version: 0.117.0 (api) - DEBUG - GET to endpoint: users/4449932616/info/ returned response: <Response [200]>
2021-09-06 13:50:50,683 - instabot version: 0.117.0 (api) - DEBUG - GET to endpoint: users/46364644525/info/ returned response: <Response [200]>
2021-09-06 13:50:51,103 - instabot version: 0.117.0 (api) - DEBUG - GET to endpoint: users/46297504215/info/ returned response: <Response [200]>
2021-09-06 13:50:51,556 - instabot version: 0.117.0 (api) - DEBUG - GET to endpoint: users/3933693772/info/ returned response: <Response [200]>
2021-09-06 13:50:52,030 - instabot version: 0.117.0 (api) - DEBUG - GET to endpoint: users/45285166853/info/ returned response: <Response [200]>
2021-09-06 13:50:52,543 - instabot version: 0.117.0 (api) - DEBUG - GET to endpoint: users/7548753859/info/ returned response: <Response [200]>
2021-09-06 13:50:53,004 - instabot version: 0.117.0 (api) - DEBUG - GET to endpoint: users/4926014080/info/ returned response: <Response [200]>
2021-09-06 13:50:53,441 - instabot version: 0.117.0 (api) - DEBUG - GET to endpoint: users/7151351889/info/ returned response: <Response [200]>
2021-09-06 13:50:53,998 - instabot version: 0.117.0 (api) - DEBUG - GET to endpoint: users/6089841281/info/ returned response: <Response [200]>
2021-09-06 13:50:58,972 - instabot version: 0.117.0 (api) - DEBUG - GET to endpoint: feed/tag/дизайнер/?max_id=&rank_token=46258652727_d8c038f7-d60d-4ffc-ae20-1b8f9d340f0b&ranked_content=true& returned response: <Response [200]>
2021-09-06 13:50:59,629 - instabot version: 0.117.0 (api) - DEBUG - GET to endpoint: users/42855194739/info/ returned response: <Response [200]>
2021-09-06 13:51:00,372 - instabot version: 0.117.0 (api) - DEBUG - GET to endpoint: users/7586369774/info/ returned response: <Response [200]>
2021-09-06 13:51:00,837 - instabot version: 0.117.0 (api) - DEBUG - GET to endpoint: users/49146648381/info/ returned response: <Response [200]>
2021-09-06 13:51:01,369 - instabot version: 0.117.0 (api) - DEBUG - GET to endpoint: users/1533745189/info/ returned response: <Response [200]>
2021-09-06 13:51:01,867 - instabot version: 0.117.0 (api) - DEBUG - GET to endpoint: users/4848135955/info/ returned response: <Response [200]>
2021-09-06 13:51:02,752 - instabot version: 0.117.0 (api) - DEBUG - GET to endpoint: users/5725581584/info/ returned response: <Response [200]>
2021-09-06 13:51:03,267 - instabot version: 0.117.0 (api) - DEBUG - GET to endpoint: users/258790767/info/ returned response: <Response [200]>
2021-09-06 13:51:03,792 - instabot version: 0.117.0 (api) - DEBUG - GET to endpoint: users/11433058826/info/ returned response: <Response [200]>
2021-09-06 13:51:04,324 - instabot version: 0.117.0 (api) - DEBUG - GET to endpoint: users/48329312798/info/ returned response: <Response [200]>
2021-09-06 13:51:04,845 - instabot version: 0.117.0 (api) - DEBUG - GET to endpoint: users/3616028607/info/ returned response: <Response [200]>
2021-09-06 13:51:05,451 - instabot version: 0.117.0 (api) - DEBUG - GET to endpoint: users/10129211834/info/ returned response: <Response [200]>
2021-09-06 13:51:06,022 - instabot version: 0.117.0 (api) - DEBUG - GET to endpoint: users/3720533288/info/ returned response: <Response [200]>
2021-09-06 13:51:06,487 - instabot version: 0.117.0 (api) - DEBUG - GET to endpoint: users/18642272790/info/ returned response: <Response [200]>
2021-09-06 13:51:06,961 - instabot version: 0.117.0 (api) - DEBUG - GET to endpoint: users/48301091303/info/ returned response: <Response [200]>
2021-09-06 13:51:07,366 - instabot version: 0.117.0 (api) - DEBUG - GET to endpoint: users/49470834557/info/ returned response: <Response [200]>
2021-09-06 13:51:07,843 - instabot version: 0.117.0 (api) - DEBUG - GET to endpoint: users/1572203402/info/ returned response: <Response [200]>
2021-09-06 13:51:08,294 - instabot version: 0.117.0 (api) - DEBUG - GET to endpoint: users/14272646343/info/ returned response: <Response [200]>
2021-09-06 13:51:08,715 - instabot version: 0.117.0 (api) - DEBUG - GET to endpoint: users/1652178504/info/ returned response: <Response [200]>
2021-09-06 13:51:09,156 - instabot version: 0.117.0 (api) - DEBUG - GET to endpoint: users/49130500134/info/ returned response: <Response [200]>
2021-09-06 13:51:09,592 - instabot version: 0.117.0 (api) - DEBUG - GET to endpoint: users/8659494491/info/ returned response: <Response [200]>
2021-09-06 13:51:10,126 - instabot version: 0.117.0 (api) - DEBUG - GET to endpoint: users/35603228329/info/ returned response: <Response [200]>
2021-09-06 13:51:10,485 - instabot version: 0.117.0 (api) - DEBUG - GET to endpoint: users/1417384462/info/ returned response: <Response [200]>
2021-09-06 13:51:11,006 - instabot version: 0.117.0 (api) - DEBUG - GET to endpoint: users/4784777029/info/ returned response: <Response [200]>
2021-09-06 13:51:11,425 - instabot version: 0.117.0 (api) - DEBUG - GET to endpoint: users/48862714539/info/ returned response: <Response [200]>
2021-09-06 13:51:11,981 - instabot version: 0.117.0 (api) - DEBUG - GET to endpoint: users/6455776434/info/ returned response: <Response [200]>
2021-09-06 13:51:12,409 - instabot version: 0.117.0 (api) - DEBUG - GET to endpoint: users/46009975387/info/ returned response: <Response [200]>
2021-09-06 13:51:12,952 - instabot version: 0.117.0 (api) - DEBUG - GET to endpoint: users/7668001047/info/ returned response: <Response [200]>
2021-09-06 13:51:13,489 - instabot version: 0.117.0 (api) - DEBUG - GET to endpoint: users/3036520556/info/ returned response: <Response [200]>
2021-09-06 13:51:14,046 - instabot version: 0.117.0 (api) - DEBUG - GET to endpoint: users/3405525462/info/ returned response: <Response [200]>
2021-09-06 13:51:16,493 - instabot version: 0.117.0 (api) - DEBUG - GET to endpoint: users/7779271743/info/ returned response: <Response [200]>
2021-09-06 13:51:17,029 - instabot version: 0.117.0 (api) - DEBUG - GET to endpoint: users/44050057377/info/ returned response: <Response [200]>
2021-09-06 13:51:17,504 - instabot version: 0.117.0 (api) - DEBUG - GET to endpoint: users/9190330943/info/ returned response: <Response [200]>
2021-09-06 13:51:18,072 - instabot version: 0.117.0 (api) - DEBUG - GET to endpoint: users/1951748789/info/ returned response: <Response [200]>
2021-09-06 13:51:18,644 - instabot version: 0.117.0 (api) - DEBUG - GET to endpoint: users/48917129426/info/ returned response: <Response [200]>
2021-09-06 13:51:19,089 - instabot version: 0.117.0 (api) - DEBUG - GET to endpoint: users/3005767733/info/ returned response: <Response [200]>
2021-09-06 13:51:19,524 - instabot version: 0.117.0 (api) - DEBUG - GET to endpoint: users/49057780431/info/ returned response: <Response [200]>
2021-09-06 13:51:20,950 - instabot version: 0.117.0 (api) - DEBUG - GET to endpoint: users/3527061530/info/ returned response: <Response [200]>
2021-09-06 13:51:21,440 - instabot version: 0.117.0 (api) - DEBUG - GET to endpoint: users/2262726993/info/ returned response: <Response [200]>
2021-09-06 13:51:21,912 - instabot version: 0.117.0 (api) - DEBUG - GET to endpoint: users/19349447418/info/ returned response: <Response [200]>
2021-09-06 13:51:22,454 - instabot version: 0.117.0 (api) - DEBUG - GET to endpoint: users/46334705248/info/ returned response: <Response [200]>
2021-09-06 13:51:22,923 - instabot version: 0.117.0 (api) - DEBUG - GET to endpoint: users/48176257416/info/ returned response: <Response [200]>
2021-09-06 13:51:23,425 - instabot version: 0.117.0 (api) - DEBUG - GET to endpoint: users/289445121/info/ returned response: <Response [200]>
2021-09-06 13:51:23,917 - instabot version: 0.117.0 (api) - DEBUG - GET to endpoint: users/5622297574/info/ returned response: <Response [200]>
2021-09-06 13:51:24,394 - instabot version: 0.117.0 (api) - DEBUG - GET to endpoint: users/2264269377/info/ returned response: <Response [200]>
2021-09-06 13:51:24,860 - instabot version: 0.117.0 (api) - DEBUG - GET to endpoint: users/2340004573/info/ returned response: <Response [200]>
2021-09-06 13:51:25,344 - instabot version: 0.117.0 (api) - DEBUG - GET to endpoint: users/4714312985/info/ returned response: <Response [200]>
2021-09-06 13:51:25,766 - instabot version: 0.117.0 (api) - DEBUG - GET to endpoint: users/48352246690/info/ returned response: <Response [200]>
2021-09-06 13:51:26,282 - instabot version: 0.117.0 (api) - DEBUG - GET to endpoint: users/1118718817/info/ returned response: <Response [200]>
2021-09-06 13:51:26,762 - instabot version: 0.117.0 (api) - DEBUG - GET to endpoint: users/11411308039/info/ returned response: <Response [200]>
2021-09-06 13:51:27,249 - instabot version: 0.117.0 (api) - DEBUG - GET to endpoint: users/46859423660/info/ returned response: <Response [200]>
2021-09-06 13:51:27,744 - instabot version: 0.117.0 (api) - DEBUG - GET to endpoint: users/6268768417/info/ returned response: <Response [200]>
2021-09-06 13:51:28,094 - instabot version: 0.117.0 (api) - DEBUG - GET to endpoint: users/2292109889/info/ returned response: <Response [200]>
2021-09-06 13:51:28,551 - instabot version: 0.117.0 (api) - DEBUG - GET to endpoint: users/1539591345/info/ returned response: <Response [200]>
2021-09-06 13:51:29,070 - instabot version: 0.117.0 (api) - DEBUG - GET to endpoint: users/48410733467/info/ returned response: <Response [200]>
2021-09-06 13:51:33,818 - instabot version: 0.117.0 (api) - DEBUG - GET to endpoint: feed/tag/интерьер/?max_id=&rank_token=46258652727_d8c038f7-d60d-4ffc-ae20-1b8f9d340f0b&ranked_content=true& returned response: <Response [200]>
2021-09-06 13:51:34,435 - instabot version: 0.117.0 (api) - DEBUG - GET to endpoint: users/42493074386/info/ returned response: <Response [200]>
2021-09-06 13:51:34,899 - instabot version: 0.117.0 (api) - DEBUG - GET to endpoint: users/48779273504/info/ returned response: <Response [200]>
2021-09-06 13:51:35,366 - instabot version: 0.117.0 (api) - DEBUG - GET to endpoint: users/4652635435/info/ returned response: <Response [200]>
2021-09-06 13:51:35,865 - instabot version: 0.117.0 (api) - DEBUG - GET to endpoint: users/40408210105/info/ returned response: <Response [200]>
2021-09-06 13:51:36,225 - instabot version: 0.117.0 (api) - DEBUG - GET to endpoint: users/1530579219/info/ returned response: <Response [200]>
2021-09-06 13:51:36,552 - instabot version: 0.117.0 (api) - DEBUG - GET to endpoint: users/3871785748/info/ returned response: <Response [200]>
2021-09-06 13:51:37,089 - instabot version: 0.117.0 (api) - DEBUG - GET to endpoint: users/45618488456/info/ returned response: <Response [200]>
2021-09-06 13:51:37,644 - instabot version: 0.117.0 (api) - DEBUG - GET to endpoint: users/3319593398/info/ returned response: <Response [200]>
2021-09-06 13:51:38,111 - instabot version: 0.117.0 (api) - DEBUG - GET to endpoint: users/6783568459/info/ returned response: <Response [200]>
2021-09-06 13:51:38,594 - instabot version: 0.117.0 (api) - DEBUG - GET to endpoint: users/40532753404/info/ returned response: <Response [200]>
2021-09-06 13:51:39,105 - instabot version: 0.117.0 (api) - DEBUG - GET to endpoint: users/1962072288/info/ returned response: <Response [200]>
2021-09-06 13:51:39,599 - instabot version: 0.117.0 (api) - DEBUG - GET to endpoint: users/40016269115/info/ returned response: <Response [200]>
2021-09-06 13:51:40,049 - instabot version: 0.117.0 (api) - DEBUG - GET to endpoint: users/36121867371/info/ returned response: <Response [200]>
2021-09-06 13:51:40,477 - instabot version: 0.117.0 (api) - DEBUG - GET to endpoint: users/8412744991/info/ returned response: <Response [200]>
2021-09-06 13:51:40,925 - instabot version: 0.117.0 (api) - DEBUG - GET to endpoint: users/4631627861/info/ returned response: <Response [200]>
2021-09-06 13:51:41,403 - instabot version: 0.117.0 (api) - DEBUG - GET to endpoint: users/6620320046/info/ returned response: <Response [200]>
2021-09-06 13:51:41,833 - instabot version: 0.117.0 (api) - DEBUG - GET to endpoint: users/2686401205/info/ returned response: <Response [200]>
2021-09-06 13:51:42,315 - instabot version: 0.117.0 (api) - DEBUG - GET to endpoint: users/44484011438/info/ returned response: <Response [200]>
2021-09-06 13:51:42,786 - instabot version: 0.117.0 (api) - DEBUG - GET to endpoint: users/1553201299/info/ returned response: <Response [200]>
2021-09-06 13:51:43,341 - instabot version: 0.117.0 (api) - DEBUG - GET to endpoint: users/2198809207/info/ returned response: <Response [200]>
2021-09-06 13:51:43,796 - instabot version: 0.117.0 (api) - DEBUG - GET to endpoint: users/28247474215/info/ returned response: <Response [200]>
2021-09-06 13:51:44,299 - instabot version: 0.117.0 (api) - DEBUG - GET to endpoint: users/8661215407/info/ returned response: <Response [200]>
2021-09-06 13:51:45,090 - instabot version: 0.117.0 (api) - DEBUG - GET to endpoint: users/8361094915/info/ returned response: <Response [200]>
2021-09-06 13:51:45,636 - instabot version: 0.117.0 (api) - DEBUG - GET to endpoint: users/18248403631/info/ returned response: <Response [200]>
2021-09-06 13:51:46,064 - instabot version: 0.117.0 (api) - DEBUG - GET to endpoint: users/1977958728/info/ returned response: <Response [200]>
2021-09-06 13:51:46,535 - instabot version: 0.117.0 (api) - DEBUG - GET to endpoint: users/5957148633/info/ returned response: <Response [200]>
2021-09-06 13:51:47,004 - instabot version: 0.117.0 (api) - DEBUG - GET to endpoint: users/8792195413/info/ returned response: <Response [200]>
2021-09-06 13:51:47,358 - instabot version: 0.117.0 (api) - DEBUG - GET to endpoint: users/4776995678/info/ returned response: <Response [200]>
2021-09-06 13:51:47,810 - instabot version: 0.117.0 (api) - DEBUG - GET to endpoint: users/1526182124/info/ returned response: <Response [200]>
2021-09-06 13:51:48,347 - instabot version: 0.117.0 (api) - DEBUG - GET to endpoint: users/7210944609/info/ returned response: <Response [200]>
2021-09-06 13:51:48,836 - instabot version: 0.117.0 (api) - DEBUG - GET to endpoint: users/8657312219/info/ returned response: <Response [200]>
2021-09-06 13:51:49,311 - instabot version: 0.117.0 (api) - DEBUG - GET to endpoint: users/8763863799/info/ returned response: <Response [200]>
2021-09-06 13:51:49,763 - instabot version: 0.117.0 (api) - DEBUG - GET to endpoint: users/38701028575/info/ returned response: <Response [200]>
2021-09-06 13:51:50,281 - instabot version: 0.117.0 (api) - DEBUG - GET to endpoint: users/47313998870/info/ returned response: <Response [200]>
2021-09-06 13:51:50,678 - instabot version: 0.117.0 (api) - DEBUG - GET to endpoint: users/29567386392/info/ returned response: <Response [200]>
2021-09-06 13:51:51,189 - instabot version: 0.117.0 (api) - DEBUG - GET to endpoint: users/9244422525/info/ returned response: <Response [200]>
2021-09-06 13:51:51,601 - instabot version: 0.117.0 (api) - DEBUG - GET to endpoint: users/8732410575/info/ returned response: <Response [200]>
2021-09-06 13:51:52,235 - instabot version: 0.117.0 (api) - DEBUG - GET to endpoint: users/10869287189/info/ returned response: <Response [200]>
2021-09-06 13:51:52,727 - instabot version: 0.117.0 (api) - DEBUG - GET to endpoint: users/31994218310/info/ returned response: <Response [200]>
2021-09-06 13:51:53,345 - instabot version: 0.117.0 (api) - DEBUG - GET to endpoint: users/8652513747/info/ returned response: <Response [200]>
2021-09-06 13:51:53,792 - instabot version: 0.117.0 (api) - DEBUG - GET to endpoint: users/1222303376/info/ returned response: <Response [200]>
2021-09-06 13:51:54,197 - instabot version: 0.117.0 (api) - DEBUG - GET to endpoint: users/4283615248/info/ returned response: <Response [200]>
