2021-10-15 14:24:45,142 - instabot version: 0.117.0 (bot) - INFO - Instabot version: 0.117.0 Started
2021-10-15 14:24:45,143 - instabot version: 0.117.0 (bot) - DEBUG - Bot imported from D:\searchdisaner\venv\lib\site-packages\instabot\bot\bot.py
2021-10-15 14:24:45,173 - instabot version: 0.117.0 (api_login) - DEBUG - Loading uuids
2021-10-15 14:24:45,173 - instabot version: 0.117.0 (api_login) - INFO - Recovery from D:\searchdisaner/config/instbober_uuid_and_cookie.json: COOKIE False - UUIDs True - TIMING, DEVICE and ...
- user-agent=Instagram 117.0.0.28.123 Android (28/9.0; 420dpi; 1080x1920; OnePlus; ONEPLUS A3003; OnePlus3; qcom; en_US; 180322800)
- phone_id=69e66906-ef6a-4561-86e6-8c98a236847c
- uuid=81500ee0-4cf5-493e-ae1a-6a5011cbe63d
- client_session_id=32957a9d-435a-448b-9ee5-e5e488d33b0c
- device_id=android-ba894ce94a484232
2021-10-15 14:24:45,174 - instabot version: 0.117.0 (api_login) - INFO - Not yet logged in starting: PRE-LOGIN FLOW!
2021-10-15 14:24:45,471 - instabot version: 0.117.0 (api) - DEBUG - POST to endpoint: accounts/get_prefill_candidates/ returned response: <Response [200]>
2021-10-15 14:24:45,789 - instabot version: 0.117.0 (api) - DEBUG - POST to endpoint: qe/sync/ returned response: <Response [200]>
2021-10-15 14:24:46,069 - instabot version: 0.117.0 (api) - DEBUG - POST to endpoint: launcher/sync/ returned response: <Response [200]>
2021-10-15 14:24:46,319 - instabot version: 0.117.0 (api) - DEBUG - POST to endpoint: accounts/contact_point_prefill/ returned response: <Response [200]>
2021-10-15 14:24:48,998 - instabot version: 0.117.0 (api) - DEBUG - POST to endpoint: accounts/login/ returned response: <Response [200]>
2021-10-15 14:24:48,998 - instabot version: 0.117.0 (api) - INFO - Logged-in successfully as 'instbober'!
2021-10-15 14:24:48,999 - instabot version: 0.117.0 (api_login) - INFO - LOGIN FLOW! Just logged-in: True
2021-10-15 14:24:49,293 - instabot version: 0.117.0 (api) - DEBUG - POST to endpoint: qe/sync/ returned response: <Response [200]>
2021-10-15 14:24:49,575 - instabot version: 0.117.0 (api) - DEBUG - POST to endpoint: launcher/sync/ returned response: <Response [200]>
2021-10-15 14:24:49,844 - instabot version: 0.117.0 (api) - DEBUG - GET to endpoint: zr/token/result/?device_id=android-ba894ce94a484232&token_hash=&custom_device_id=android-ba894ce94a484232&fetch_reason=token_expired returned response: <Response [200]>
2021-10-15 14:24:50,148 - instabot version: 0.117.0 (api) - DEBUG - GET to endpoint: multiple_accounts/get_account_family/ returned response: <Response [200]>
2021-10-15 14:24:50,463 - instabot version: 0.117.0 (api) - DEBUG - POST to endpoint: qe/sync/ returned response: <Response [200]>
2021-10-15 14:24:50,874 - instabot version: 0.117.0 (api) - DEBUG - GET to endpoint: igtv/browse_feed/?prefetch=1 returned response: <Response [200]>
2021-10-15 14:24:51,144 - instabot version: 0.117.0 (api) - DEBUG - POST to endpoint: creatives/ar_class/ returned response: <Response [200]>
2021-10-15 14:24:51,514 - instabot version: 0.117.0 (api) - DEBUG - POST to endpoint: feed/reels_tray/ returned response: <Response [200]>
2021-10-15 14:24:53,100 - instabot version: 0.117.0 (api) - DEBUG - POST to endpoint: feed/timeline/ returned response: <Response [200]>
2021-10-15 14:24:53,407 - instabot version: 0.117.0 (api) - DEBUG - GET to endpoint: media/blocked/ returned response: <Response [200]>
2021-10-15 14:24:53,857 - instabot version: 0.117.0 (api) - DEBUG - GET to endpoint: news/inbox/ returned response: <Response [200]>
2021-10-15 14:24:54,178 - instabot version: 0.117.0 (api) - DEBUG - GET to endpoint: loom/fetch_config/ returned response: <Response [200]>
2021-10-15 14:24:54,911 - instabot version: 0.117.0 (api) - DEBUG - GET to endpoint: scores/bootstrap/users/?surfaces=["autocomplete_user_list","coefficient_besties_list_ranking","coefficient_rank_recipient_user_suggestion","coefficient_ios_section_test_bootstrap_ranking","coefficient_direct_recipients_ranking_variant_2"] returned response: <Response [200]>
2021-10-15 14:24:55,348 - instabot version: 0.117.0 (api) - DEBUG - GET to endpoint: business/eligibility/get_monetization_products_eligibility_data/?product_types=branded_content returned response: <Response [200]>
2021-10-15 14:24:55,666 - instabot version: 0.117.0 (api) - DEBUG - GET to endpoint: business/branded_content/should_require_professional_account/ returned response: <Response [200]>
2021-10-15 14:24:55,957 - instabot version: 0.117.0 (api) - DEBUG - GET to endpoint: linked_accounts/get_linkage_status/ returned response: <Response [200]>
2021-10-15 14:24:56,220 - instabot version: 0.117.0 (api) - DEBUG - GET to endpoint: locations/request_country/ returned response: <Response [200]>
2021-10-15 14:24:56,506 - instabot version: 0.117.0 (api) - DEBUG - GET to endpoint: qp/get_cooldowns/?signed_body=signed_body=4b9c516a5410a3bc128e09c6104a7f042146b9c2023870560c63a43a7f66781c.4&ig_sig_key_version=4&ig_sig_key_version=4 returned response: <Response [200]>
2021-10-15 14:24:56,796 - instabot version: 0.117.0 (api) - DEBUG - GET to endpoint: users/arlink_download_info/?version_override=2.2.1 returned response: <Response [200]>
2021-10-15 14:24:57,209 - instabot version: 0.117.0 (api) - DEBUG - GET to endpoint: users/48835444494/info/ returned response: <Response [200]>
2021-10-15 14:24:57,601 - instabot version: 0.117.0 (api) - DEBUG - GET to endpoint: direct_v2/get_presence/ returned response: <Response [200]>
2021-10-15 14:24:57,987 - instabot version: 0.117.0 (api) - DEBUG - GET to endpoint: direct_v2/inbox/?visual_message_return_type=unseen&thread_message_limit=10&persistentBadging=true&limit=20 returned response: <Response [200]>
2021-10-15 14:24:58,359 - instabot version: 0.117.0 (api) - DEBUG - GET to endpoint: direct_v2/inbox/?visual_message_return_type=unseen&persistentBadging=true&limit=0 returned response: <Response [200]>
2021-10-15 14:24:59,840 - instabot version: 0.117.0 (api) - DEBUG - GET to endpoint: discover/topical_explore/?is_prefetch=true&omit_cover_media=true&use_sectional_payload=true&timezone_offset=0&session_id=32957a9d-435a-448b-9ee5-e5e488d33b0c&include_fixed_destinations=true returned response: <Response [200]>
2021-10-15 14:25:00,303 - instabot version: 0.117.0 (api) - DEBUG - POST to endpoint: notifications/badge/ returned response: <Response [200]>
2021-10-15 14:25:00,646 - instabot version: 0.117.0 (api) - DEBUG - POST to endpoint: qp/batch_fetch/ returned response: <Response [200]>
2021-10-15 14:25:00,674 - instabot version: 0.117.0 (bot_checkpoint) - DEBUG - Loading Checkpoint file from: D:\searchdisaner/config/instbober.checkpoint
2021-10-15 14:25:07,156 - instabot version: 0.117.0 (api) - DEBUG - GET to endpoint: feed/tag/дизайн/?max_id=&rank_token=48835444494_81500ee0-4cf5-493e-ae1a-6a5011cbe63d&ranked_content=true& returned response: <Response [200]>
2021-10-15 14:25:07,757 - instabot version: 0.117.0 (api) - DEBUG - GET to endpoint: users/9779317408/info/ returned response: <Response [200]>
2021-10-15 14:25:08,348 - instabot version: 0.117.0 (api) - DEBUG - GET to endpoint: users/25296012440/info/ returned response: <Response [200]>
2021-10-15 14:25:08,915 - instabot version: 0.117.0 (api) - DEBUG - GET to endpoint: users/4158658610/info/ returned response: <Response [200]>
2021-10-15 14:25:09,434 - instabot version: 0.117.0 (api) - DEBUG - GET to endpoint: users/32236361593/info/ returned response: <Response [200]>
2021-10-15 14:25:09,963 - instabot version: 0.117.0 (api) - DEBUG - GET to endpoint: users/284252760/info/ returned response: <Response [200]>
2021-10-15 14:25:10,457 - instabot version: 0.117.0 (api) - DEBUG - GET to endpoint: users/27476733390/info/ returned response: <Response [200]>
2021-10-15 14:25:11,091 - instabot version: 0.117.0 (api) - DEBUG - GET to endpoint: users/39879140519/info/ returned response: <Response [200]>
2021-10-15 14:25:15,426 - instabot version: 0.117.0 (api) - DEBUG - GET to endpoint: users/1970281322/info/ returned response: <Response [200]>
2021-10-15 14:25:15,847 - instabot version: 0.117.0 (api) - DEBUG - GET to endpoint: users/32992386981/info/ returned response: <Response [200]>
2021-10-15 14:25:16,456 - instabot version: 0.117.0 (api) - DEBUG - GET to endpoint: users/48758913536/info/ returned response: <Response [200]>
2021-10-15 14:25:16,955 - instabot version: 0.117.0 (api) - DEBUG - GET to endpoint: users/49391055348/info/ returned response: <Response [200]>
2021-10-15 14:25:17,485 - instabot version: 0.117.0 (api) - DEBUG - GET to endpoint: users/8700878786/info/ returned response: <Response [200]>
2021-10-15 14:25:17,865 - instabot version: 0.117.0 (api) - DEBUG - GET to endpoint: users/26225502169/info/ returned response: <Response [200]>
2021-10-15 14:25:18,339 - instabot version: 0.117.0 (api) - DEBUG - GET to endpoint: users/9375916686/info/ returned response: <Response [200]>
2021-10-15 14:25:18,920 - instabot version: 0.117.0 (api) - DEBUG - GET to endpoint: users/11865040053/info/ returned response: <Response [200]>
2021-10-15 14:25:19,466 - instabot version: 0.117.0 (api) - DEBUG - GET to endpoint: users/33932533581/info/ returned response: <Response [200]>
2021-10-15 14:25:19,941 - instabot version: 0.117.0 (api) - DEBUG - GET to endpoint: users/2201851705/info/ returned response: <Response [200]>
2021-10-15 14:25:20,502 - instabot version: 0.117.0 (api) - DEBUG - GET to endpoint: users/187224093/info/ returned response: <Response [200]>
2021-10-15 14:25:21,008 - instabot version: 0.117.0 (api) - DEBUG - GET to endpoint: users/7056321985/info/ returned response: <Response [200]>
2021-10-15 14:25:21,511 - instabot version: 0.117.0 (api) - DEBUG - GET to endpoint: users/49281230139/info/ returned response: <Response [200]>
2021-10-15 14:25:22,009 - instabot version: 0.117.0 (api) - DEBUG - GET to endpoint: users/4357183194/info/ returned response: <Response [200]>
2021-10-15 14:25:22,466 - instabot version: 0.117.0 (api) - DEBUG - GET to endpoint: users/4316569856/info/ returned response: <Response [200]>
2021-10-15 14:25:22,945 - instabot version: 0.117.0 (api) - DEBUG - GET to endpoint: users/19795973183/info/ returned response: <Response [200]>
2021-10-15 14:25:23,559 - instabot version: 0.117.0 (api) - DEBUG - GET to endpoint: users/11871357091/info/ returned response: <Response [200]>
2021-10-15 14:25:24,179 - instabot version: 0.117.0 (api) - DEBUG - GET to endpoint: users/3090628112/info/ returned response: <Response [200]>
2021-10-15 14:25:24,691 - instabot version: 0.117.0 (api) - DEBUG - GET to endpoint: users/50167618352/info/ returned response: <Response [200]>
2021-10-15 14:25:25,063 - instabot version: 0.117.0 (api) - DEBUG - GET to endpoint: users/48906995559/info/ returned response: <Response [200]>
2021-10-15 14:25:25,576 - instabot version: 0.117.0 (api) - DEBUG - GET to endpoint: users/358754302/info/ returned response: <Response [200]>
2021-10-15 14:25:26,054 - instabot version: 0.117.0 (api) - DEBUG - GET to endpoint: users/3241537451/info/ returned response: <Response [200]>
2021-10-15 14:25:26,657 - instabot version: 0.117.0 (api) - DEBUG - GET to endpoint: users/4015654709/info/ returned response: <Response [200]>
2021-10-15 14:25:27,146 - instabot version: 0.117.0 (api) - DEBUG - GET to endpoint: users/7727752068/info/ returned response: <Response [200]>
2021-10-15 14:25:27,646 - instabot version: 0.117.0 (api) - DEBUG - GET to endpoint: users/2180520861/info/ returned response: <Response [200]>
2021-10-15 14:25:28,102 - instabot version: 0.117.0 (api) - DEBUG - GET to endpoint: users/47527295295/info/ returned response: <Response [200]>
2021-10-15 14:25:28,586 - instabot version: 0.117.0 (api) - DEBUG - GET to endpoint: users/1119312212/info/ returned response: <Response [200]>
2021-10-15 14:25:29,187 - instabot version: 0.117.0 (api) - DEBUG - GET to endpoint: users/13612447481/info/ returned response: <Response [200]>
2021-10-15 14:25:29,645 - instabot version: 0.117.0 (api) - DEBUG - GET to endpoint: users/39844528984/info/ returned response: <Response [200]>
2021-10-15 14:25:30,113 - instabot version: 0.117.0 (api) - DEBUG - GET to endpoint: users/22597124559/info/ returned response: <Response [200]>
2021-10-15 14:25:30,684 - instabot version: 0.117.0 (api) - DEBUG - GET to endpoint: users/8527298729/info/ returned response: <Response [200]>
2021-10-15 14:25:31,098 - instabot version: 0.117.0 (api) - DEBUG - GET to endpoint: users/1950723699/info/ returned response: <Response [200]>
2021-10-15 14:25:31,745 - instabot version: 0.117.0 (api) - DEBUG - GET to endpoint: users/4833604483/info/ returned response: <Response [200]>
2021-10-15 14:25:32,251 - instabot version: 0.117.0 (api) - DEBUG - GET to endpoint: users/47234437621/info/ returned response: <Response [200]>
2021-10-15 14:25:32,920 - instabot version: 0.117.0 (api) - DEBUG - GET to endpoint: users/12814019639/info/ returned response: <Response [200]>
2021-10-15 14:25:33,409 - instabot version: 0.117.0 (api) - DEBUG - GET to endpoint: users/3268681461/info/ returned response: <Response [200]>
2021-10-15 14:25:33,895 - instabot version: 0.117.0 (api) - DEBUG - GET to endpoint: users/48889895288/info/ returned response: <Response [200]>
2021-10-15 14:25:34,453 - instabot version: 0.117.0 (api) - DEBUG - GET to endpoint: users/12328522523/info/ returned response: <Response [200]>
2021-10-15 14:25:35,101 - instabot version: 0.117.0 (api) - DEBUG - GET to endpoint: users/6607523451/info/ returned response: <Response [200]>
2021-10-15 14:25:35,648 - instabot version: 0.117.0 (api) - DEBUG - GET to endpoint: users/1414978666/info/ returned response: <Response [200]>
2021-10-15 14:25:36,112 - instabot version: 0.117.0 (api) - DEBUG - GET to endpoint: users/7323687197/info/ returned response: <Response [200]>
2021-10-15 14:25:36,657 - instabot version: 0.117.0 (api) - DEBUG - GET to endpoint: users/49759013214/info/ returned response: <Response [200]>
2021-10-15 14:25:37,081 - instabot version: 0.117.0 (api) - DEBUG - GET to endpoint: users/14450803057/info/ returned response: <Response [200]>
2021-10-15 14:25:37,806 - instabot version: 0.117.0 (api) - DEBUG - GET to endpoint: users/9024909297/info/ returned response: <Response [200]>
2021-10-15 14:25:38,377 - instabot version: 0.117.0 (api) - DEBUG - GET to endpoint: users/45160531326/info/ returned response: <Response [200]>
2021-10-15 14:25:39,958 - instabot version: 0.117.0 (api) - DEBUG - GET to endpoint: users/7269415328/info/ returned response: <Response [200]>
2021-10-15 14:25:40,498 - instabot version: 0.117.0 (api) - DEBUG - GET to endpoint: users/5884983608/info/ returned response: <Response [200]>
2021-10-15 14:25:40,996 - instabot version: 0.117.0 (api) - DEBUG - GET to endpoint: users/16130528343/info/ returned response: <Response [200]>
2021-10-15 14:25:41,574 - instabot version: 0.117.0 (api) - DEBUG - GET to endpoint: users/6353041965/info/ returned response: <Response [200]>
2021-10-15 14:25:42,110 - instabot version: 0.117.0 (api) - DEBUG - GET to endpoint: users/47767608294/info/ returned response: <Response [200]>
2021-10-15 14:25:42,906 - instabot version: 0.117.0 (api) - DEBUG - GET to endpoint: users/14481605815/info/ returned response: <Response [200]>
2021-10-15 14:25:43,342 - instabot version: 0.117.0 (api) - DEBUG - GET to endpoint: users/45312461652/info/ returned response: <Response [200]>
2021-10-15 14:25:43,920 - instabot version: 0.117.0 (api) - DEBUG - GET to endpoint: users/4721778263/info/ returned response: <Response [200]>
2021-10-15 14:25:44,824 - instabot version: 0.117.0 (api) - DEBUG - GET to endpoint: users/5722908227/info/ returned response: <Response [200]>
2021-10-15 14:25:45,341 - instabot version: 0.117.0 (api) - DEBUG - GET to endpoint: users/11599259059/info/ returned response: <Response [200]>
2021-10-15 14:25:45,786 - instabot version: 0.117.0 (api) - DEBUG - GET to endpoint: users/11442805239/info/ returned response: <Response [200]>
2021-10-15 14:25:46,296 - instabot version: 0.117.0 (api) - DEBUG - GET to endpoint: users/429729300/info/ returned response: <Response [200]>
2021-10-15 14:25:46,744 - instabot version: 0.117.0 (api) - DEBUG - GET to endpoint: users/49062822193/info/ returned response: <Response [200]>
2021-10-15 14:25:48,387 - instabot version: 0.117.0 (api) - DEBUG - GET to endpoint: users/6620320046/info/ returned response: <Response [200]>
2021-10-15 14:25:48,774 - instabot version: 0.117.0 (api) - DEBUG - GET to endpoint: users/2100852504/info/ returned response: <Response [200]>
2021-10-15 14:25:49,301 - instabot version: 0.117.0 (api) - DEBUG - GET to endpoint: users/33176983169/info/ returned response: <Response [200]>
2021-10-15 14:25:49,860 - instabot version: 0.117.0 (api) - DEBUG - GET to endpoint: users/7605246247/info/ returned response: <Response [200]>
2021-10-15 14:25:56,372 - instabot version: 0.117.0 (api) - DEBUG - GET to endpoint: feed/tag/дизайнер/?max_id=&rank_token=48835444494_81500ee0-4cf5-493e-ae1a-6a5011cbe63d&ranked_content=true& returned response: <Response [200]>
2021-10-15 14:25:56,930 - instabot version: 0.117.0 (api) - DEBUG - GET to endpoint: users/48692828819/info/ returned response: <Response [200]>
2021-10-15 14:25:57,463 - instabot version: 0.117.0 (api) - DEBUG - GET to endpoint: users/919247923/info/ returned response: <Response [200]>
2021-10-15 14:25:58,035 - instabot version: 0.117.0 (api) - DEBUG - GET to endpoint: users/5351808192/info/ returned response: <Response [200]>
2021-10-15 14:25:58,427 - instabot version: 0.117.0 (api) - DEBUG - GET to endpoint: users/1367218857/info/ returned response: <Response [200]>
2021-10-15 14:25:59,265 - instabot version: 0.117.0 (api) - DEBUG - GET to endpoint: users/5823786667/info/ returned response: <Response [200]>
2021-10-15 14:25:59,751 - instabot version: 0.117.0 (api) - DEBUG - GET to endpoint: users/1681954063/info/ returned response: <Response [200]>
2021-10-15 14:26:00,200 - instabot version: 0.117.0 (api) - DEBUG - GET to endpoint: users/2410441998/info/ returned response: <Response [200]>
2021-10-15 14:26:00,753 - instabot version: 0.117.0 (api) - DEBUG - GET to endpoint: users/583929751/info/ returned response: <Response [200]>
2021-10-15 14:26:01,254 - instabot version: 0.117.0 (api) - DEBUG - GET to endpoint: users/3903700675/info/ returned response: <Response [200]>
2021-10-15 14:26:01,811 - instabot version: 0.117.0 (api) - DEBUG - GET to endpoint: users/3698782367/info/ returned response: <Response [200]>
2021-10-15 14:26:02,519 - instabot version: 0.117.0 (api) - DEBUG - GET to endpoint: users/44221516684/info/ returned response: <Response [200]>
2021-10-15 14:26:03,137 - instabot version: 0.117.0 (api) - DEBUG - GET to endpoint: users/243918871/info/ returned response: <Response [200]>
2021-10-15 14:26:03,678 - instabot version: 0.117.0 (api) - DEBUG - GET to endpoint: users/49325828359/info/ returned response: <Response [200]>
2021-10-15 14:26:04,218 - instabot version: 0.117.0 (api) - DEBUG - GET to endpoint: users/8665452639/info/ returned response: <Response [200]>
2021-10-15 14:26:04,812 - instabot version: 0.117.0 (api) - DEBUG - GET to endpoint: users/4767678862/info/ returned response: <Response [200]>
2021-10-15 14:26:05,318 - instabot version: 0.117.0 (api) - DEBUG - GET to endpoint: users/2874370450/info/ returned response: <Response [200]>
2021-10-15 14:26:05,693 - instabot version: 0.117.0 (api) - DEBUG - GET to endpoint: users/6534037382/info/ returned response: <Response [200]>
2021-10-15 14:26:06,172 - instabot version: 0.117.0 (api) - DEBUG - GET to endpoint: users/47694484495/info/ returned response: <Response [200]>
2021-10-15 14:26:06,671 - instabot version: 0.117.0 (api) - DEBUG - GET to endpoint: users/48026900921/info/ returned response: <Response [200]>
2021-10-15 14:26:07,184 - instabot version: 0.117.0 (api) - DEBUG - GET to endpoint: users/6600946763/info/ returned response: <Response [200]>
2021-10-15 14:26:07,957 - instabot version: 0.117.0 (api) - DEBUG - GET to endpoint: users/8228300682/info/ returned response: <Response [200]>
2021-10-15 14:26:08,407 - instabot version: 0.117.0 (api) - DEBUG - GET to endpoint: users/42984165716/info/ returned response: <Response [200]>
2021-10-15 14:26:08,941 - instabot version: 0.117.0 (api) - DEBUG - GET to endpoint: users/625419808/info/ returned response: <Response [200]>
2021-10-15 14:26:09,327 - instabot version: 0.117.0 (api) - DEBUG - GET to endpoint: users/22855505244/info/ returned response: <Response [200]>
2021-10-15 14:26:09,673 - instabot version: 0.117.0 (api) - DEBUG - GET to endpoint: users/48248498285/info/ returned response: <Response [200]>
2021-10-15 14:26:10,259 - instabot version: 0.117.0 (api) - DEBUG - GET to endpoint: users/1901058769/info/ returned response: <Response [200]>
2021-10-15 14:26:10,787 - instabot version: 0.117.0 (api) - DEBUG - GET to endpoint: users/49784603647/info/ returned response: <Response [200]>
2021-10-15 14:26:11,388 - instabot version: 0.117.0 (api) - DEBUG - GET to endpoint: users/591415817/info/ returned response: <Response [200]>
2021-10-15 14:26:11,939 - instabot version: 0.117.0 (api) - DEBUG - GET to endpoint: users/27867534605/info/ returned response: <Response [200]>
2021-10-15 14:26:12,449 - instabot version: 0.117.0 (api) - DEBUG - GET to endpoint: users/4747684814/info/ returned response: <Response [200]>
2021-10-15 14:26:12,945 - instabot version: 0.117.0 (api) - DEBUG - GET to endpoint: users/452760269/info/ returned response: <Response [200]>
2021-10-15 14:26:13,384 - instabot version: 0.117.0 (api) - DEBUG - GET to endpoint: users/34213090991/info/ returned response: <Response [200]>
2021-10-15 14:26:14,082 - instabot version: 0.117.0 (api) - DEBUG - GET to endpoint: users/291727592/info/ returned response: <Response [200]>
2021-10-15 14:26:14,584 - instabot version: 0.117.0 (api) - DEBUG - GET to endpoint: users/4169973391/info/ returned response: <Response [200]>
2021-10-15 14:26:15,088 - instabot version: 0.117.0 (api) - DEBUG - GET to endpoint: users/16440875519/info/ returned response: <Response [200]>
2021-10-15 14:26:15,456 - instabot version: 0.117.0 (api) - DEBUG - GET to endpoint: users/6518289117/info/ returned response: <Response [200]>
2021-10-15 14:26:15,903 - instabot version: 0.117.0 (api) - DEBUG - GET to endpoint: users/49149999320/info/ returned response: <Response [200]>
2021-10-15 14:26:16,381 - instabot version: 0.117.0 (api) - DEBUG - GET to endpoint: users/8628967230/info/ returned response: <Response [200]>
2021-10-15 14:26:17,588 - instabot version: 0.117.0 (api) - DEBUG - GET to endpoint: users/9301615551/info/ returned response: <Response [200]>
2021-10-15 14:26:18,016 - instabot version: 0.117.0 (api) - DEBUG - GET to endpoint: users/8520541091/info/ returned response: <Response [200]>
2021-10-15 14:26:18,548 - instabot version: 0.117.0 (api) - DEBUG - GET to endpoint: users/20266467600/info/ returned response: <Response [200]>
2021-10-15 14:26:19,026 - instabot version: 0.117.0 (api) - DEBUG - GET to endpoint: users/236694619/info/ returned response: <Response [200]>
2021-10-15 14:26:19,512 - instabot version: 0.117.0 (api) - DEBUG - GET to endpoint: users/49000491494/info/ returned response: <Response [200]>
2021-10-15 14:26:19,965 - instabot version: 0.117.0 (api) - DEBUG - GET to endpoint: users/4366729467/info/ returned response: <Response [200]>
2021-10-15 14:26:20,428 - instabot version: 0.117.0 (api) - DEBUG - GET to endpoint: users/1351922279/info/ returned response: <Response [200]>
2021-10-15 14:26:20,887 - instabot version: 0.117.0 (api) - DEBUG - GET to endpoint: users/9869621650/info/ returned response: <Response [200]>
2021-10-15 14:26:21,642 - instabot version: 0.117.0 (api) - DEBUG - GET to endpoint: users/48057579581/info/ returned response: <Response [200]>
2021-10-15 14:26:23,571 - instabot version: 0.117.0 (api) - DEBUG - GET to endpoint: users/4513324051/info/ returned response: <Response [200]>
2021-10-15 14:26:24,165 - instabot version: 0.117.0 (api) - DEBUG - GET to endpoint: users/13451993903/info/ returned response: <Response [200]>
2021-10-15 14:26:24,623 - instabot version: 0.117.0 (api) - DEBUG - GET to endpoint: users/45252971481/info/ returned response: <Response [200]>
2021-10-15 14:26:25,143 - instabot version: 0.117.0 (api) - DEBUG - GET to endpoint: users/24903634718/info/ returned response: <Response [200]>
2021-10-15 14:26:30,348 - instabot version: 0.117.0 (api) - DEBUG - GET to endpoint: feed/tag/интерьер/?max_id=&rank_token=48835444494_81500ee0-4cf5-493e-ae1a-6a5011cbe63d&ranked_content=true& returned response: <Response [200]>
2021-10-15 14:26:30,869 - instabot version: 0.117.0 (api) - DEBUG - GET to endpoint: users/24164081478/info/ returned response: <Response [200]>
2021-10-15 14:26:31,396 - instabot version: 0.117.0 (api) - DEBUG - GET to endpoint: users/22906062374/info/ returned response: <Response [200]>
2021-10-15 14:26:31,901 - instabot version: 0.117.0 (api) - DEBUG - GET to endpoint: users/4535389415/info/ returned response: <Response [200]>
2021-10-15 14:26:32,378 - instabot version: 0.117.0 (api) - DEBUG - GET to endpoint: users/3008365368/info/ returned response: <Response [200]>
2021-10-15 14:26:32,910 - instabot version: 0.117.0 (api) - DEBUG - GET to endpoint: users/33716422531/info/ returned response: <Response [200]>
2021-10-15 14:26:33,464 - instabot version: 0.117.0 (api) - DEBUG - GET to endpoint: users/46166118874/info/ returned response: <Response [200]>
2021-10-15 14:26:33,968 - instabot version: 0.117.0 (api) - DEBUG - GET to endpoint: users/4123386164/info/ returned response: <Response [200]>
2021-10-15 14:26:34,579 - instabot version: 0.117.0 (api) - DEBUG - GET to endpoint: users/4562579931/info/ returned response: <Response [200]>
2021-10-15 14:26:35,366 - instabot version: 0.117.0 (api) - DEBUG - GET to endpoint: users/2329463311/info/ returned response: <Response [200]>
2021-10-15 14:26:35,885 - instabot version: 0.117.0 (api) - DEBUG - GET to endpoint: users/16716494401/info/ returned response: <Response [200]>
2021-10-15 14:26:36,556 - instabot version: 0.117.0 (api) - DEBUG - GET to endpoint: users/3994753643/info/ returned response: <Response [200]>
2021-10-15 14:26:37,047 - instabot version: 0.117.0 (api) - DEBUG - GET to endpoint: users/47367641637/info/ returned response: <Response [200]>
2021-10-15 14:26:37,564 - instabot version: 0.117.0 (api) - DEBUG - GET to endpoint: users/47538249122/info/ returned response: <Response [200]>
2021-10-15 14:26:38,112 - instabot version: 0.117.0 (api) - DEBUG - GET to endpoint: users/9068244261/info/ returned response: <Response [200]>
2021-10-15 14:26:38,636 - instabot version: 0.117.0 (api) - DEBUG - GET to endpoint: users/1319292476/info/ returned response: <Response [200]>
2021-10-15 14:26:39,109 - instabot version: 0.117.0 (api) - DEBUG - GET to endpoint: users/6016711497/info/ returned response: <Response [200]>
2021-10-15 14:26:39,866 - instabot version: 0.117.0 (api) - DEBUG - GET to endpoint: users/38882455259/info/ returned response: <Response [200]>
2021-10-15 14:26:40,438 - instabot version: 0.117.0 (api) - DEBUG - GET to endpoint: users/5666518392/info/ returned response: <Response [200]>
2021-10-15 14:26:40,861 - instabot version: 0.117.0 (api) - DEBUG - GET to endpoint: users/48831571925/info/ returned response: <Response [200]>
2021-10-15 14:26:41,593 - instabot version: 0.117.0 (api) - DEBUG - GET to endpoint: users/49202332400/info/ returned response: <Response [200]>
2021-10-15 14:26:42,143 - instabot version: 0.117.0 (api) - DEBUG - GET to endpoint: users/26444253359/info/ returned response: <Response [200]>
2021-10-15 14:26:42,608 - instabot version: 0.117.0 (api) - DEBUG - GET to endpoint: users/1791554155/info/ returned response: <Response [200]>
2021-10-15 14:26:43,126 - instabot version: 0.117.0 (api) - DEBUG - GET to endpoint: users/4267367673/info/ returned response: <Response [200]>
2021-10-15 14:26:43,790 - instabot version: 0.117.0 (api) - DEBUG - GET to endpoint: users/44008997256/info/ returned response: <Response [200]>
2021-10-15 14:26:45,398 - instabot version: 0.117.0 (api) - DEBUG - GET to endpoint: users/3979115698/info/ returned response: <Response [200]>
2021-10-15 14:26:45,913 - instabot version: 0.117.0 (api) - DEBUG - GET to endpoint: users/46967015766/info/ returned response: <Response [200]>
2021-10-15 14:26:46,444 - instabot version: 0.117.0 (api) - DEBUG - GET to endpoint: users/8234029964/info/ returned response: <Response [200]>
2021-10-15 14:26:46,967 - instabot version: 0.117.0 (api) - DEBUG - GET to endpoint: users/7745581144/info/ returned response: <Response [200]>
2021-10-15 14:26:47,534 - instabot version: 0.117.0 (api) - DEBUG - GET to endpoint: users/13379559478/info/ returned response: <Response [200]>
2021-10-15 14:26:48,026 - instabot version: 0.117.0 (api) - DEBUG - GET to endpoint: users/44809206357/info/ returned response: <Response [200]>
2021-10-15 14:26:48,535 - instabot version: 0.117.0 (api) - DEBUG - GET to endpoint: users/4618554399/info/ returned response: <Response [200]>
2021-10-15 14:26:49,023 - instabot version: 0.117.0 (api) - DEBUG - GET to endpoint: users/36328749738/info/ returned response: <Response [200]>
2021-10-15 14:26:49,564 - instabot version: 0.117.0 (api) - DEBUG - GET to endpoint: users/48920108223/info/ returned response: <Response [200]>
2021-10-15 14:26:50,107 - instabot version: 0.117.0 (api) - DEBUG - GET to endpoint: users/44917901601/info/ returned response: <Response [200]>
2021-10-15 14:26:50,817 - instabot version: 0.117.0 (api) - DEBUG - GET to endpoint: users/3618514534/info/ returned response: <Response [200]>
2021-10-15 14:26:51,388 - instabot version: 0.117.0 (api) - DEBUG - GET to endpoint: users/21698844528/info/ returned response: <Response [200]>
2021-10-15 14:26:51,870 - instabot version: 0.117.0 (api) - DEBUG - GET to endpoint: users/2286695166/info/ returned response: <Response [200]>
2021-10-15 14:26:52,296 - instabot version: 0.117.0 (api) - DEBUG - GET to endpoint: users/3126336833/info/ returned response: <Response [200]>
2021-10-15 14:26:52,900 - instabot version: 0.117.0 (api) - DEBUG - GET to endpoint: users/4835815828/info/ returned response: <Response [200]>
2021-10-15 14:26:53,412 - instabot version: 0.117.0 (api) - DEBUG - GET to endpoint: users/6507757146/info/ returned response: <Response [200]>
2021-10-15 14:26:53,869 - instabot version: 0.117.0 (api) - DEBUG - GET to endpoint: users/6624859056/info/ returned response: <Response [200]>
2021-10-15 14:26:54,352 - instabot version: 0.117.0 (api) - DEBUG - GET to endpoint: users/4707103561/info/ returned response: <Response [200]>
2021-10-15 14:26:54,927 - instabot version: 0.117.0 (api) - DEBUG - GET to endpoint: users/44706058152/info/ returned response: <Response [200]>
2021-10-15 14:26:55,406 - instabot version: 0.117.0 (api) - DEBUG - GET to endpoint: users/28350721221/info/ returned response: <Response [200]>
2021-10-15 14:26:55,950 - instabot version: 0.117.0 (api) - DEBUG - GET to endpoint: users/2072527959/info/ returned response: <Response [200]>
2021-10-15 14:26:56,535 - instabot version: 0.117.0 (api) - DEBUG - GET to endpoint: users/7997386170/info/ returned response: <Response [200]>
2021-10-15 14:26:57,001 - instabot version: 0.117.0 (api) - DEBUG - GET to endpoint: users/25722228063/info/ returned response: <Response [200]>
2021-10-15 14:26:57,543 - instabot version: 0.117.0 (api) - DEBUG - GET to endpoint: users/1702439011/info/ returned response: <Response [200]>
2021-10-15 14:42:54,050 - instabot version: 0.117.0 (bot) - INFO - Instabot version: 0.117.0 Started
2021-10-15 14:42:54,050 - instabot version: 0.117.0 (bot) - DEBUG - Bot imported from D:\searchdisaner\venv\lib\site-packages\instabot\bot\bot.py
2021-10-15 14:42:54,051 - instabot version: 0.117.0 (api_login) - DEBUG - Loading uuids
2021-10-15 14:42:54,052 - instabot version: 0.117.0 (api_login) - INFO - Recovery from D:\searchdisaner/config/todoctordoom_uuid_and_cookie.json: COOKIE False - UUIDs True - TIMING, DEVICE and ...
- user-agent=Instagram 117.0.0.28.123 Android (28/9.0; 420dpi; 1080x1920; OnePlus; ONEPLUS A3003; OnePlus3; qcom; en_US; 180322800)
- phone_id=fececc37-13fb-4ca7-b4c1-842926ac61f0
- uuid=d8c038f7-d60d-4ffc-ae20-1b8f9d340f0b
- client_session_id=74517733-9e97-4ac6-9bd3-6396afa278ed
- device_id=android-638845ae1420b535
2021-10-15 14:42:54,054 - instabot version: 0.117.0 (api_login) - INFO - Not yet logged in starting: PRE-LOGIN FLOW!
2021-10-15 14:42:54,342 - instabot version: 0.117.0 (api) - DEBUG - POST to endpoint: accounts/get_prefill_candidates/ returned response: <Response [200]>
2021-10-15 14:42:54,634 - instabot version: 0.117.0 (api) - DEBUG - POST to endpoint: qe/sync/ returned response: <Response [200]>
2021-10-15 14:42:54,923 - instabot version: 0.117.0 (api) - DEBUG - POST to endpoint: launcher/sync/ returned response: <Response [200]>
2021-10-15 14:42:55,188 - instabot version: 0.117.0 (api) - DEBUG - POST to endpoint: accounts/contact_point_prefill/ returned response: <Response [200]>
2021-10-15 14:42:57,934 - instabot version: 0.117.0 (api) - DEBUG - POST to endpoint: accounts/login/ returned response: <Response [200]>
2021-10-15 14:42:57,935 - instabot version: 0.117.0 (api) - INFO - Logged-in successfully as 'todoctordoom'!
2021-10-15 14:42:57,936 - instabot version: 0.117.0 (api_login) - INFO - LOGIN FLOW! Just logged-in: True
2021-10-15 14:42:58,236 - instabot version: 0.117.0 (api) - DEBUG - POST to endpoint: qe/sync/ returned response: <Response [200]>
2021-10-15 14:42:58,541 - instabot version: 0.117.0 (api) - DEBUG - POST to endpoint: launcher/sync/ returned response: <Response [200]>
2021-10-15 14:42:58,822 - instabot version: 0.117.0 (api) - DEBUG - GET to endpoint: zr/token/result/?device_id=android-638845ae1420b535&token_hash=&custom_device_id=android-638845ae1420b535&fetch_reason=token_expired returned response: <Response [200]>
2021-10-15 14:42:59,098 - instabot version: 0.117.0 (api) - DEBUG - GET to endpoint: multiple_accounts/get_account_family/ returned response: <Response [200]>
2021-10-15 14:42:59,398 - instabot version: 0.117.0 (api) - DEBUG - POST to endpoint: qe/sync/ returned response: <Response [200]>
2021-10-15 14:42:59,813 - instabot version: 0.117.0 (api) - DEBUG - GET to endpoint: igtv/browse_feed/?prefetch=1 returned response: <Response [200]>
2021-10-15 14:43:00,127 - instabot version: 0.117.0 (api) - DEBUG - POST to endpoint: creatives/ar_class/ returned response: <Response [200]>
2021-10-15 14:43:00,485 - instabot version: 0.117.0 (api) - DEBUG - POST to endpoint: feed/reels_tray/ returned response: <Response [200]>
2021-10-15 14:43:02,310 - instabot version: 0.117.0 (api) - DEBUG - POST to endpoint: feed/timeline/ returned response: <Response [200]>
2021-10-15 14:43:02,613 - instabot version: 0.117.0 (api) - DEBUG - GET to endpoint: media/blocked/ returned response: <Response [200]>
2021-10-15 14:43:03,625 - instabot version: 0.117.0 (api) - DEBUG - GET to endpoint: news/inbox/ returned response: <Response [200]>
2021-10-15 14:43:03,908 - instabot version: 0.117.0 (api) - DEBUG - GET to endpoint: loom/fetch_config/ returned response: <Response [200]>
2021-10-15 14:43:04,679 - instabot version: 0.117.0 (api) - DEBUG - GET to endpoint: scores/bootstrap/users/?surfaces=["autocomplete_user_list","coefficient_besties_list_ranking","coefficient_rank_recipient_user_suggestion","coefficient_ios_section_test_bootstrap_ranking","coefficient_direct_recipients_ranking_variant_2"] returned response: <Response [200]>
2021-10-15 14:43:04,988 - instabot version: 0.117.0 (api) - DEBUG - GET to endpoint: business/eligibility/get_monetization_products_eligibility_data/?product_types=branded_content returned response: <Response [200]>
2021-10-15 14:43:05,267 - instabot version: 0.117.0 (api) - DEBUG - GET to endpoint: business/branded_content/should_require_professional_account/ returned response: <Response [200]>
2021-10-15 14:43:06,423 - instabot version: 0.117.0 (api) - DEBUG - GET to endpoint: linked_accounts/get_linkage_status/ returned response: <Response [200]>
2021-10-15 14:43:06,708 - instabot version: 0.117.0 (api) - DEBUG - GET to endpoint: locations/request_country/ returned response: <Response [200]>
2021-10-15 14:43:06,989 - instabot version: 0.117.0 (api) - DEBUG - GET to endpoint: qp/get_cooldowns/?signed_body=signed_body=4b9c516a5410a3bc128e09c6104a7f042146b9c2023870560c63a43a7f66781c.4&ig_sig_key_version=4&ig_sig_key_version=4 returned response: <Response [200]>
2021-10-15 14:43:07,293 - instabot version: 0.117.0 (api) - DEBUG - GET to endpoint: users/arlink_download_info/?version_override=2.2.1 returned response: <Response [200]>
2021-10-15 14:43:08,142 - instabot version: 0.117.0 (api) - DEBUG - GET to endpoint: users/46258652727/info/ returned response: <Response [200]>
2021-10-15 14:43:08,586 - instabot version: 0.117.0 (api) - DEBUG - GET to endpoint: direct_v2/get_presence/ returned response: <Response [200]>
2021-10-15 14:43:09,023 - instabot version: 0.117.0 (api) - DEBUG - GET to endpoint: direct_v2/inbox/?visual_message_return_type=unseen&thread_message_limit=10&persistentBadging=true&limit=20 returned response: <Response [200]>
2021-10-15 14:43:09,439 - instabot version: 0.117.0 (api) - DEBUG - GET to endpoint: direct_v2/inbox/?visual_message_return_type=unseen&persistentBadging=true&limit=0 returned response: <Response [200]>
2021-10-15 14:43:10,898 - instabot version: 0.117.0 (api) - DEBUG - GET to endpoint: discover/topical_explore/?is_prefetch=true&omit_cover_media=true&use_sectional_payload=true&timezone_offset=0&session_id=74517733-9e97-4ac6-9bd3-6396afa278ed&include_fixed_destinations=true returned response: <Response [200]>
2021-10-15 14:43:11,288 - instabot version: 0.117.0 (api) - DEBUG - POST to endpoint: notifications/badge/ returned response: <Response [200]>
2021-10-15 14:43:11,695 - instabot version: 0.117.0 (api) - DEBUG - POST to endpoint: qp/batch_fetch/ returned response: <Response [200]>
2021-10-15 14:43:11,697 - instabot version: 0.117.0 (bot_checkpoint) - DEBUG - Loading Checkpoint file from: D:\searchdisaner/config/todoctordoom.checkpoint
2021-10-15 14:43:17,831 - instabot version: 0.117.0 (api) - DEBUG - GET to endpoint: feed/tag/дизайн/?max_id=&rank_token=46258652727_d8c038f7-d60d-4ffc-ae20-1b8f9d340f0b&ranked_content=true& returned response: <Response [200]>
2021-10-15 14:43:18,368 - instabot version: 0.117.0 (api) - DEBUG - GET to endpoint: users/11603110475/info/ returned response: <Response [200]>
2021-10-15 14:43:18,909 - instabot version: 0.117.0 (api) - DEBUG - GET to endpoint: users/1669586405/info/ returned response: <Response [200]>
2021-10-15 14:43:19,329 - instabot version: 0.117.0 (api) - DEBUG - GET to endpoint: users/2787084843/info/ returned response: <Response [200]>
2021-10-15 14:43:19,693 - instabot version: 0.117.0 (api) - DEBUG - GET to endpoint: users/30037996528/info/ returned response: <Response [200]>
2021-10-15 14:43:20,228 - instabot version: 0.117.0 (api) - DEBUG - GET to endpoint: users/1588741233/info/ returned response: <Response [200]>
2021-10-15 14:43:21,108 - instabot version: 0.117.0 (api) - DEBUG - GET to endpoint: users/41551618252/info/ returned response: <Response [200]>
2021-10-15 14:43:21,660 - instabot version: 0.117.0 (api) - DEBUG - GET to endpoint: users/8880630864/info/ returned response: <Response [200]>
2021-10-15 14:43:22,273 - instabot version: 0.117.0 (api) - DEBUG - GET to endpoint: users/32642176807/info/ returned response: <Response [200]>
2021-10-15 14:43:22,749 - instabot version: 0.117.0 (api) - DEBUG - GET to endpoint: users/9552639361/info/ returned response: <Response [200]>
2021-10-15 14:43:23,257 - instabot version: 0.117.0 (api) - DEBUG - GET to endpoint: users/33402511356/info/ returned response: <Response [200]>
2021-10-15 14:43:23,805 - instabot version: 0.117.0 (api) - DEBUG - GET to endpoint: users/4315412548/info/ returned response: <Response [200]>
2021-10-15 14:43:24,387 - instabot version: 0.117.0 (api) - DEBUG - GET to endpoint: users/2953485735/info/ returned response: <Response [200]>
2021-10-15 14:43:25,003 - instabot version: 0.117.0 (api) - DEBUG - GET to endpoint: users/10801393217/info/ returned response: <Response [200]>
2021-10-15 14:43:25,553 - instabot version: 0.117.0 (api) - DEBUG - GET to endpoint: users/4684895697/info/ returned response: <Response [200]>
2021-10-15 14:43:26,049 - instabot version: 0.117.0 (api) - DEBUG - GET to endpoint: users/47612595127/info/ returned response: <Response [200]>
2021-10-15 14:43:26,662 - instabot version: 0.117.0 (api) - DEBUG - GET to endpoint: users/49976961379/info/ returned response: <Response [200]>
2021-10-15 14:43:27,194 - instabot version: 0.117.0 (api) - DEBUG - GET to endpoint: users/49033264866/info/ returned response: <Response [200]>
2021-10-15 14:43:27,534 - instabot version: 0.117.0 (api) - DEBUG - GET to endpoint: users/24090593211/info/ returned response: <Response [200]>
2021-10-15 14:43:28,202 - instabot version: 0.117.0 (api) - DEBUG - GET to endpoint: users/2166573833/info/ returned response: <Response [200]>
2021-10-15 14:43:28,787 - instabot version: 0.117.0 (api) - DEBUG - GET to endpoint: users/21423278144/info/ returned response: <Response [200]>
2021-10-15 14:43:29,520 - instabot version: 0.117.0 (api) - DEBUG - GET to endpoint: users/392565743/info/ returned response: <Response [200]>
2021-10-15 14:43:30,014 - instabot version: 0.117.0 (api) - DEBUG - GET to endpoint: users/6204933751/info/ returned response: <Response [200]>
2021-10-15 14:43:30,547 - instabot version: 0.117.0 (api) - DEBUG - GET to endpoint: users/47350677216/info/ returned response: <Response [200]>
2021-10-15 14:43:30,970 - instabot version: 0.117.0 (api) - DEBUG - GET to endpoint: users/32236361593/info/ returned response: <Response [200]>
2021-10-15 14:43:31,542 - instabot version: 0.117.0 (api) - DEBUG - GET to endpoint: users/17045665002/info/ returned response: <Response [200]>
2021-10-15 14:43:32,165 - instabot version: 0.117.0 (api) - DEBUG - GET to endpoint: users/4438200583/info/ returned response: <Response [200]>
2021-10-15 14:43:32,608 - instabot version: 0.117.0 (api) - DEBUG - GET to endpoint: users/47381099578/info/ returned response: <Response [200]>
2021-10-15 14:43:33,560 - instabot version: 0.117.0 (api) - DEBUG - GET to endpoint: users/48866954923/info/ returned response: <Response [200]>
2021-10-15 14:43:34,202 - instabot version: 0.117.0 (api) - DEBUG - GET to endpoint: users/2983284056/info/ returned response: <Response [200]>
2021-10-15 14:43:34,727 - instabot version: 0.117.0 (api) - DEBUG - GET to endpoint: users/26454576957/info/ returned response: <Response [200]>
2021-10-15 14:43:35,450 - instabot version: 0.117.0 (api) - DEBUG - GET to endpoint: users/414447963/info/ returned response: <Response [200]>
2021-10-15 14:43:35,935 - instabot version: 0.117.0 (api) - DEBUG - GET to endpoint: users/1361328710/info/ returned response: <Response [200]>
2021-10-15 14:43:36,445 - instabot version: 0.117.0 (api) - DEBUG - GET to endpoint: users/7212995058/info/ returned response: <Response [200]>
2021-10-15 14:43:36,822 - instabot version: 0.117.0 (api) - DEBUG - GET to endpoint: users/22025692820/info/ returned response: <Response [200]>
2021-10-15 14:43:37,174 - instabot version: 0.117.0 (api) - DEBUG - GET to endpoint: users/1520786270/info/ returned response: <Response [200]>
2021-10-15 14:43:37,674 - instabot version: 0.117.0 (api) - DEBUG - GET to endpoint: users/7768445172/info/ returned response: <Response [200]>
2021-10-15 14:43:38,164 - instabot version: 0.117.0 (api) - DEBUG - GET to endpoint: users/1000892780/info/ returned response: <Response [200]>
2021-10-15 14:43:38,680 - instabot version: 0.117.0 (api) - DEBUG - GET to endpoint: users/513125959/info/ returned response: <Response [200]>
2021-10-15 14:43:39,227 - instabot version: 0.117.0 (api) - DEBUG - GET to endpoint: users/6360665879/info/ returned response: <Response [200]>
2021-10-15 14:43:39,704 - instabot version: 0.117.0 (api) - DEBUG - GET to endpoint: users/38565959914/info/ returned response: <Response [200]>
2021-10-15 14:43:40,250 - instabot version: 0.117.0 (api) - DEBUG - GET to endpoint: users/44645160736/info/ returned response: <Response [200]>
2021-10-15 14:43:40,788 - instabot version: 0.117.0 (api) - DEBUG - GET to endpoint: users/2031158439/info/ returned response: <Response [200]>
2021-10-15 14:43:41,302 - instabot version: 0.117.0 (api) - DEBUG - GET to endpoint: users/48025837110/info/ returned response: <Response [200]>
2021-10-15 14:43:41,845 - instabot version: 0.117.0 (api) - DEBUG - GET to endpoint: users/26817559891/info/ returned response: <Response [200]>
2021-10-15 14:43:42,281 - instabot version: 0.117.0 (api) - DEBUG - GET to endpoint: users/49404620015/info/ returned response: <Response [200]>
2021-10-15 14:43:42,768 - instabot version: 0.117.0 (api) - DEBUG - GET to endpoint: users/7381211966/info/ returned response: <Response [200]>
2021-10-15 14:43:43,348 - instabot version: 0.117.0 (api) - DEBUG - GET to endpoint: users/45435636749/info/ returned response: <Response [200]>
2021-10-15 14:43:43,711 - instabot version: 0.117.0 (api) - DEBUG - GET to endpoint: users/40016862061/info/ returned response: <Response [200]>
2021-10-15 14:43:44,238 - instabot version: 0.117.0 (api) - DEBUG - GET to endpoint: users/32426772784/info/ returned response: <Response [200]>
2021-10-15 14:43:44,707 - instabot version: 0.117.0 (api) - DEBUG - GET to endpoint: users/10418141855/info/ returned response: <Response [200]>
2021-10-15 14:43:45,155 - instabot version: 0.117.0 (api) - DEBUG - GET to endpoint: users/45530167110/info/ returned response: <Response [200]>
2021-10-15 14:43:45,631 - instabot version: 0.117.0 (api) - DEBUG - GET to endpoint: users/29168703182/info/ returned response: <Response [200]>
2021-10-15 14:43:46,163 - instabot version: 0.117.0 (api) - DEBUG - GET to endpoint: users/4712887358/info/ returned response: <Response [200]>
2021-10-15 14:43:46,603 - instabot version: 0.117.0 (api) - DEBUG - GET to endpoint: users/4527020162/info/ returned response: <Response [200]>
2021-10-15 14:43:47,139 - instabot version: 0.117.0 (api) - DEBUG - GET to endpoint: users/8764694658/info/ returned response: <Response [200]>
2021-10-15 14:43:47,609 - instabot version: 0.117.0 (api) - DEBUG - GET to endpoint: users/5697105703/info/ returned response: <Response [200]>
2021-10-15 14:43:48,100 - instabot version: 0.117.0 (api) - DEBUG - GET to endpoint: users/21645340366/info/ returned response: <Response [200]>
2021-10-15 14:43:48,717 - instabot version: 0.117.0 (api) - DEBUG - GET to endpoint: users/9246617833/info/ returned response: <Response [200]>
2021-10-15 14:43:49,286 - instabot version: 0.117.0 (api) - DEBUG - GET to endpoint: users/8122811292/info/ returned response: <Response [200]>
2021-10-15 14:43:49,768 - instabot version: 0.117.0 (api) - DEBUG - GET to endpoint: users/5768486222/info/ returned response: <Response [200]>
2021-10-15 14:43:50,452 - instabot version: 0.117.0 (api) - DEBUG - GET to endpoint: users/7465056675/info/ returned response: <Response [200]>
2021-10-15 14:43:51,059 - instabot version: 0.117.0 (api) - DEBUG - GET to endpoint: users/3135361468/info/ returned response: <Response [200]>
2021-10-15 14:43:51,585 - instabot version: 0.117.0 (api) - DEBUG - GET to endpoint: users/44884547055/info/ returned response: <Response [200]>
2021-10-15 14:43:52,059 - instabot version: 0.117.0 (api) - DEBUG - GET to endpoint: users/44784738122/info/ returned response: <Response [200]>
2021-10-15 14:43:52,683 - instabot version: 0.117.0 (api) - DEBUG - GET to endpoint: users/4622051414/info/ returned response: <Response [200]>
2021-10-15 14:43:53,171 - instabot version: 0.117.0 (api) - DEBUG - GET to endpoint: users/26789513958/info/ returned response: <Response [200]>
2021-10-15 14:43:53,667 - instabot version: 0.117.0 (api) - DEBUG - GET to endpoint: users/8520541091/info/ returned response: <Response [200]>
2021-10-15 14:43:54,231 - instabot version: 0.117.0 (api) - DEBUG - GET to endpoint: users/4929210728/info/ returned response: <Response [200]>
2021-10-15 14:43:54,717 - instabot version: 0.117.0 (api) - DEBUG - GET to endpoint: users/1632337185/info/ returned response: <Response [200]>
2021-10-15 14:43:55,232 - instabot version: 0.117.0 (api) - DEBUG - GET to endpoint: users/177807656/info/ returned response: <Response [200]>
2021-10-15 14:44:00,827 - instabot version: 0.117.0 (api) - DEBUG - GET to endpoint: feed/tag/дизайнер/?max_id=&rank_token=46258652727_d8c038f7-d60d-4ffc-ae20-1b8f9d340f0b&ranked_content=true& returned response: <Response [200]>
2021-10-15 14:44:01,523 - instabot version: 0.117.0 (api) - DEBUG - GET to endpoint: users/47405673504/info/ returned response: <Response [200]>
2021-10-15 14:44:02,112 - instabot version: 0.117.0 (api) - DEBUG - GET to endpoint: users/39444844940/info/ returned response: <Response [200]>
2021-10-15 14:44:02,655 - instabot version: 0.117.0 (api) - DEBUG - GET to endpoint: users/5454656140/info/ returned response: <Response [200]>
2021-10-15 14:44:03,159 - instabot version: 0.117.0 (api) - DEBUG - GET to endpoint: users/49166130787/info/ returned response: <Response [200]>
2021-10-15 14:44:03,743 - instabot version: 0.117.0 (api) - DEBUG - GET to endpoint: users/1681954063/info/ returned response: <Response [200]>
2021-10-15 14:44:04,283 - instabot version: 0.117.0 (api) - DEBUG - GET to endpoint: users/7831580479/info/ returned response: <Response [200]>
2021-10-15 14:44:04,776 - instabot version: 0.117.0 (api) - DEBUG - GET to endpoint: users/9771675491/info/ returned response: <Response [200]>
2021-10-15 14:44:05,491 - instabot version: 0.117.0 (api) - DEBUG - GET to endpoint: users/2541487509/info/ returned response: <Response [200]>
2021-10-15 14:44:05,977 - instabot version: 0.117.0 (api) - DEBUG - GET to endpoint: users/49826440209/info/ returned response: <Response [200]>
2021-10-15 14:44:06,473 - instabot version: 0.117.0 (api) - DEBUG - GET to endpoint: users/23424504464/info/ returned response: <Response [200]>
2021-10-15 14:44:07,088 - instabot version: 0.117.0 (api) - DEBUG - GET to endpoint: users/4046099275/info/ returned response: <Response [200]>
2021-10-15 14:44:07,522 - instabot version: 0.117.0 (api) - DEBUG - GET to endpoint: users/31928009601/info/ returned response: <Response [200]>
2021-10-15 14:44:08,035 - instabot version: 0.117.0 (api) - DEBUG - GET to endpoint: users/49936385208/info/ returned response: <Response [200]>
2021-10-15 14:44:08,525 - instabot version: 0.117.0 (api) - DEBUG - GET to endpoint: users/8926557667/info/ returned response: <Response [200]>
2021-10-15 14:44:09,056 - instabot version: 0.117.0 (api) - DEBUG - GET to endpoint: users/37685737070/info/ returned response: <Response [200]>
2021-10-15 14:44:09,564 - instabot version: 0.117.0 (api) - DEBUG - GET to endpoint: users/4463191930/info/ returned response: <Response [200]>
2021-10-15 14:44:11,989 - instabot version: 0.117.0 (api) - DEBUG - GET to endpoint: users/36913391355/info/ returned response: <Response [200]>
2021-10-15 14:44:12,615 - instabot version: 0.117.0 (api) - DEBUG - GET to endpoint: users/17674447467/info/ returned response: <Response [200]>
2021-10-15 14:44:13,242 - instabot version: 0.117.0 (api) - DEBUG - GET to endpoint: users/34513266249/info/ returned response: <Response [200]>
2021-10-15 14:44:13,695 - instabot version: 0.117.0 (api) - DEBUG - GET to endpoint: users/4489629183/info/ returned response: <Response [200]>
2021-10-15 14:44:14,168 - instabot version: 0.117.0 (api) - DEBUG - GET to endpoint: users/627101126/info/ returned response: <Response [200]>
2021-10-15 14:44:14,800 - instabot version: 0.117.0 (api) - DEBUG - GET to endpoint: users/45841834052/info/ returned response: <Response [200]>
2021-10-15 14:44:15,296 - instabot version: 0.117.0 (api) - DEBUG - GET to endpoint: users/3008365368/info/ returned response: <Response [200]>
2021-10-15 14:44:15,856 - instabot version: 0.117.0 (api) - DEBUG - GET to endpoint: users/48692828819/info/ returned response: <Response [200]>
2021-10-15 14:44:16,303 - instabot version: 0.117.0 (api) - DEBUG - GET to endpoint: users/284252760/info/ returned response: <Response [200]>
2021-10-15 14:44:16,774 - instabot version: 0.117.0 (api) - DEBUG - GET to endpoint: users/919247923/info/ returned response: <Response [200]>
2021-10-15 14:44:17,251 - instabot version: 0.117.0 (api) - DEBUG - GET to endpoint: users/5351808192/info/ returned response: <Response [200]>
2021-10-15 14:44:17,640 - instabot version: 0.117.0 (api) - DEBUG - GET to endpoint: users/1367218857/info/ returned response: <Response [200]>
2021-10-15 14:44:18,144 - instabot version: 0.117.0 (api) - DEBUG - GET to endpoint: users/2201851705/info/ returned response: <Response [200]>
2021-10-15 14:44:18,662 - instabot version: 0.117.0 (api) - DEBUG - GET to endpoint: users/5823786667/info/ returned response: <Response [200]>
2021-10-15 14:44:19,070 - instabot version: 0.117.0 (api) - DEBUG - GET to endpoint: users/2410441998/info/ returned response: <Response [200]>
2021-10-15 14:44:19,547 - instabot version: 0.117.0 (api) - DEBUG - GET to endpoint: users/583929751/info/ returned response: <Response [200]>
2021-10-15 14:44:20,094 - instabot version: 0.117.0 (api) - DEBUG - GET to endpoint: users/3903700675/info/ returned response: <Response [200]>
2021-10-15 14:44:20,578 - instabot version: 0.117.0 (api) - DEBUG - GET to endpoint: users/50167618352/info/ returned response: <Response [200]>
2021-10-15 14:44:21,063 - instabot version: 0.117.0 (api) - DEBUG - GET to endpoint: users/47527295295/info/ returned response: <Response [200]>
2021-10-15 14:44:21,618 - instabot version: 0.117.0 (api) - DEBUG - GET to endpoint: users/3698782367/info/ returned response: <Response [200]>
2021-10-15 14:44:22,029 - instabot version: 0.117.0 (api) - DEBUG - GET to endpoint: users/14450803057/info/ returned response: <Response [200]>
2021-10-15 14:44:22,520 - instabot version: 0.117.0 (api) - DEBUG - GET to endpoint: users/47767608294/info/ returned response: <Response [200]>
2021-10-15 14:44:23,065 - instabot version: 0.117.0 (api) - DEBUG - GET to endpoint: users/44221516684/info/ returned response: <Response [200]>
2021-10-15 14:44:23,540 - instabot version: 0.117.0 (api) - DEBUG - GET to endpoint: users/243918871/info/ returned response: <Response [200]>
2021-10-15 14:44:23,987 - instabot version: 0.117.0 (api) - DEBUG - GET to endpoint: users/5722908227/info/ returned response: <Response [200]>
2021-10-15 14:44:24,484 - instabot version: 0.117.0 (api) - DEBUG - GET to endpoint: users/8665452639/info/ returned response: <Response [200]>
2021-10-15 14:44:25,125 - instabot version: 0.117.0 (api) - DEBUG - GET to endpoint: users/4767678862/info/ returned response: <Response [200]>
2021-10-15 14:44:25,546 - instabot version: 0.117.0 (api) - DEBUG - GET to endpoint: users/2874370450/info/ returned response: <Response [200]>
2021-10-15 14:44:25,968 - instabot version: 0.117.0 (api) - DEBUG - GET to endpoint: users/6534037382/info/ returned response: <Response [200]>
2021-10-15 14:44:26,436 - instabot version: 0.117.0 (api) - DEBUG - GET to endpoint: users/47694484495/info/ returned response: <Response [200]>
2021-10-15 14:44:26,897 - instabot version: 0.117.0 (api) - DEBUG - GET to endpoint: users/11442805239/info/ returned response: <Response [200]>
2021-10-15 14:44:27,435 - instabot version: 0.117.0 (api) - DEBUG - GET to endpoint: users/48026900921/info/ returned response: <Response [200]>
2021-10-15 14:44:27,911 - instabot version: 0.117.0 (api) - DEBUG - GET to endpoint: users/6600946763/info/ returned response: <Response [200]>
2021-10-15 14:44:28,415 - instabot version: 0.117.0 (api) - DEBUG - GET to endpoint: users/45696387121/info/ returned response: <Response [200]>
2021-10-15 14:44:28,871 - instabot version: 0.117.0 (api) - DEBUG - GET to endpoint: users/41453253812/info/ returned response: <Response [200]>
2021-10-15 14:44:29,349 - instabot version: 0.117.0 (api) - DEBUG - GET to endpoint: users/1901058769/info/ returned response: <Response [200]>
2021-10-15 14:44:29,849 - instabot version: 0.117.0 (api) - DEBUG - GET to endpoint: users/591415817/info/ returned response: <Response [200]>
2021-10-15 14:44:30,420 - instabot version: 0.117.0 (api) - DEBUG - GET to endpoint: users/291727592/info/ returned response: <Response [200]>
2021-10-15 14:44:30,951 - instabot version: 0.117.0 (api) - DEBUG - GET to endpoint: users/6149216745/info/ returned response: <Response [200]>
2021-10-15 14:44:31,373 - instabot version: 0.117.0 (api) - DEBUG - GET to endpoint: users/49062822193/info/ returned response: <Response [200]>
2021-10-15 14:44:31,852 - instabot version: 0.117.0 (api) - DEBUG - GET to endpoint: users/49000491494/info/ returned response: <Response [200]>
2021-10-15 14:44:32,301 - instabot version: 0.117.0 (api) - DEBUG - GET to endpoint: users/45766856095/info/ returned response: <Response [200]>
2021-10-15 14:44:32,826 - instabot version: 0.117.0 (api) - DEBUG - GET to endpoint: users/4513324051/info/ returned response: <Response [200]>
2021-10-15 14:44:33,307 - instabot version: 0.117.0 (api) - DEBUG - GET to endpoint: users/6182786245/info/ returned response: <Response [200]>
2021-10-15 14:44:33,811 - instabot version: 0.117.0 (api) - DEBUG - GET to endpoint: users/10569255165/info/ returned response: <Response [200]>
2021-10-15 14:44:34,303 - instabot version: 0.117.0 (api) - DEBUG - GET to endpoint: users/13451993903/info/ returned response: <Response [200]>
2021-10-15 14:44:34,752 - instabot version: 0.117.0 (api) - DEBUG - GET to endpoint: users/45252971481/info/ returned response: <Response [200]>
2021-10-15 14:44:35,302 - instabot version: 0.117.0 (api) - DEBUG - GET to endpoint: users/24903634718/info/ returned response: <Response [200]>
2021-10-15 14:44:35,836 - instabot version: 0.117.0 (api) - DEBUG - GET to endpoint: users/49081358383/info/ returned response: <Response [200]>
2021-10-15 14:44:42,442 - instabot version: 0.117.0 (api) - DEBUG - GET to endpoint: feed/tag/интерьер/?max_id=&rank_token=46258652727_d8c038f7-d60d-4ffc-ae20-1b8f9d340f0b&ranked_content=true& returned response: <Response [200]>
2021-10-15 14:44:43,129 - instabot version: 0.117.0 (api) - DEBUG - GET to endpoint: users/26200468110/info/ returned response: <Response [200]>
2021-10-15 14:44:43,647 - instabot version: 0.117.0 (api) - DEBUG - GET to endpoint: users/5412654769/info/ returned response: <Response [200]>
2021-10-15 14:44:44,269 - instabot version: 0.117.0 (api) - DEBUG - GET to endpoint: users/9253551338/info/ returned response: <Response [200]>
2021-10-15 14:44:45,018 - instabot version: 0.117.0 (api) - DEBUG - GET to endpoint: users/5004763666/info/ returned response: <Response [200]>
2021-10-15 14:44:45,645 - instabot version: 0.117.0 (api) - DEBUG - GET to endpoint: users/10417927247/info/ returned response: <Response [200]>
2021-10-15 14:44:46,208 - instabot version: 0.117.0 (api) - DEBUG - GET to endpoint: users/11469571013/info/ returned response: <Response [200]>
2021-10-15 14:44:46,771 - instabot version: 0.117.0 (api) - DEBUG - GET to endpoint: users/44018006386/info/ returned response: <Response [200]>
2021-10-15 14:44:47,158 - instabot version: 0.117.0 (api) - DEBUG - GET to endpoint: users/12596662608/info/ returned response: <Response [200]>
2021-10-15 14:44:47,526 - instabot version: 0.117.0 (api) - DEBUG - GET to endpoint: users/49662506099/info/ returned response: <Response [200]>
2021-10-15 14:44:47,866 - instabot version: 0.117.0 (api) - DEBUG - GET to endpoint: users/11171572365/info/ returned response: <Response [200]>
2021-10-15 14:44:48,459 - instabot version: 0.117.0 (api) - DEBUG - GET to endpoint: users/26444253359/info/ returned response: <Response [200]>
2021-10-15 14:44:49,022 - instabot version: 0.117.0 (api) - DEBUG - GET to endpoint: users/3564940114/info/ returned response: <Response [200]>
2021-10-15 14:44:49,549 - instabot version: 0.117.0 (api) - DEBUG - GET to endpoint: users/23563872325/info/ returned response: <Response [200]>
2021-10-15 14:44:49,989 - instabot version: 0.117.0 (api) - DEBUG - GET to endpoint: users/45801615735/info/ returned response: <Response [200]>
2021-10-15 14:44:50,467 - instabot version: 0.117.0 (api) - DEBUG - GET to endpoint: users/15071933183/info/ returned response: <Response [200]>
2021-10-15 14:44:51,926 - instabot version: 0.117.0 (api) - DEBUG - GET to endpoint: users/344511010/info/ returned response: <Response [200]>
2021-10-15 14:44:52,403 - instabot version: 0.117.0 (api) - DEBUG - GET to endpoint: users/4386833303/info/ returned response: <Response [200]>
2021-10-15 14:44:52,930 - instabot version: 0.117.0 (api) - DEBUG - GET to endpoint: users/22492386750/info/ returned response: <Response [200]>
2021-10-15 14:44:54,231 - instabot version: 0.117.0 (api) - DEBUG - GET to endpoint: users/10255384726/info/ returned response: <Response [200]>
2021-10-15 14:44:54,874 - instabot version: 0.117.0 (api) - DEBUG - GET to endpoint: users/44509197745/info/ returned response: <Response [200]>
2021-10-15 14:44:55,423 - instabot version: 0.117.0 (api) - DEBUG - GET to endpoint: users/49476572676/info/ returned response: <Response [200]>
2021-10-15 14:44:56,021 - instabot version: 0.117.0 (api) - DEBUG - GET to endpoint: users/532903692/info/ returned response: <Response [200]>
2021-10-15 14:44:56,587 - instabot version: 0.117.0 (api) - DEBUG - GET to endpoint: users/45563891637/info/ returned response: <Response [200]>
2021-10-15 14:44:57,076 - instabot version: 0.117.0 (api) - DEBUG - GET to endpoint: users/12017496102/info/ returned response: <Response [200]>
2021-10-15 14:44:57,550 - instabot version: 0.117.0 (api) - DEBUG - GET to endpoint: users/49693823374/info/ returned response: <Response [200]>
2021-10-15 14:44:58,164 - instabot version: 0.117.0 (api) - DEBUG - GET to endpoint: users/49700309206/info/ returned response: <Response [200]>
2021-10-15 14:44:58,696 - instabot version: 0.117.0 (api) - DEBUG - GET to endpoint: users/7751667537/info/ returned response: <Response [200]>
2021-10-15 14:44:59,149 - instabot version: 0.117.0 (api) - DEBUG - GET to endpoint: users/7185615251/info/ returned response: <Response [200]>
2021-10-15 14:44:59,605 - instabot version: 0.117.0 (api) - DEBUG - GET to endpoint: users/41824191482/info/ returned response: <Response [200]>
2021-10-15 14:45:00,058 - instabot version: 0.117.0 (api) - DEBUG - GET to endpoint: users/8584559045/info/ returned response: <Response [200]>
2021-10-15 14:45:00,460 - instabot version: 0.117.0 (api) - DEBUG - GET to endpoint: users/49120812266/info/ returned response: <Response [200]>
2021-10-15 14:45:00,991 - instabot version: 0.117.0 (api) - DEBUG - GET to endpoint: users/5332009536/info/ returned response: <Response [200]>
2021-10-15 14:45:01,565 - instabot version: 0.117.0 (api) - DEBUG - GET to endpoint: users/3618514534/info/ returned response: <Response [200]>
2021-10-15 14:45:02,054 - instabot version: 0.117.0 (api) - DEBUG - GET to endpoint: users/32812762600/info/ returned response: <Response [200]>
2021-10-15 14:45:02,595 - instabot version: 0.117.0 (api) - DEBUG - GET to endpoint: users/45120654678/info/ returned response: <Response [200]>
2021-10-15 14:45:03,445 - instabot version: 0.117.0 (api) - DEBUG - GET to endpoint: users/21470455718/info/ returned response: <Response [200]>
2021-10-15 14:45:03,898 - instabot version: 0.117.0 (api) - DEBUG - GET to endpoint: users/49771332285/info/ returned response: <Response [200]>
2021-10-15 14:45:04,385 - instabot version: 0.117.0 (api) - DEBUG - GET to endpoint: users/4515125478/info/ returned response: <Response [200]>
2021-10-15 14:45:04,922 - instabot version: 0.117.0 (api) - DEBUG - GET to endpoint: users/1655213526/info/ returned response: <Response [200]>
2021-10-15 14:45:05,500 - instabot version: 0.117.0 (api) - DEBUG - GET to endpoint: users/374014198/info/ returned response: <Response [200]>
2021-10-15 14:45:05,920 - instabot version: 0.117.0 (api) - DEBUG - GET to endpoint: users/49932736931/info/ returned response: <Response [200]>
2021-10-15 14:45:06,518 - instabot version: 0.117.0 (api) - DEBUG - GET to endpoint: users/21059225506/info/ returned response: <Response [200]>
2021-10-15 14:45:06,966 - instabot version: 0.117.0 (api) - DEBUG - GET to endpoint: users/49776773781/info/ returned response: <Response [200]>
2021-10-15 14:45:07,511 - instabot version: 0.117.0 (api) - DEBUG - GET to endpoint: users/49132136848/info/ returned response: <Response [200]>
2021-10-15 14:45:08,057 - instabot version: 0.117.0 (api) - DEBUG - GET to endpoint: users/16876467325/info/ returned response: <Response [200]>
2021-10-15 14:45:08,609 - instabot version: 0.117.0 (api) - DEBUG - GET to endpoint: users/4812802988/info/ returned response: <Response [200]>
2021-10-15 14:45:09,026 - instabot version: 0.117.0 (api) - DEBUG - GET to endpoint: users/29910889997/info/ returned response: <Response [200]>
2021-10-15 14:45:09,599 - instabot version: 0.117.0 (api) - DEBUG - GET to endpoint: users/7997386170/info/ returned response: <Response [200]>
2021-10-15 14:45:10,158 - instabot version: 0.117.0 (api) - DEBUG - GET to endpoint: users/34673956479/info/ returned response: <Response [200]>
2021-10-15 14:45:10,714 - instabot version: 0.117.0 (api) - DEBUG - GET to endpoint: users/1831916007/info/ returned response: <Response [200]>
2021-10-15 14:45:11,062 - instabot version: 0.117.0 (api) - DEBUG - GET to endpoint: users/12966066080/info/ returned response: <Response [200]>
2021-10-15 14:45:11,407 - instabot version: 0.117.0 (api) - DEBUG - GET to endpoint: users/11468033070/info/ returned response: <Response [200]>
2021-10-15 14:45:12,137 - instabot version: 0.117.0 (api) - DEBUG - GET to endpoint: users/22161825960/info/ returned response: <Response [200]>
2021-10-15 14:45:12,684 - instabot version: 0.117.0 (api) - DEBUG - GET to endpoint: users/1702439011/info/ returned response: <Response [200]>
2021-10-15 14:54:45,599 - instabot version: 0.117.0 (bot_checkpoint) - DEBUG - Saving Checkpoint file to: D:\searchdisaner/config/todoctordoom.checkpoint
2021-10-15 14:54:45,600 - instabot version: 0.117.0 (bot) - INFO - Total requests: 3155
2021-10-15 14:54:45,602 - instabot version: 0.117.0 (bot_checkpoint) - DEBUG - Saving Checkpoint file to: D:\searchdisaner/config/instbober.checkpoint
2021-10-15 14:54:45,602 - instabot version: 0.117.0 (bot) - INFO - Total requests: 4093
2021-10-15 14:54:45,603 - instabot version: 0.117.0 (bot_checkpoint) - DEBUG - Saving Checkpoint file to: D:\searchdisaner/config/todoctordoom.checkpoint
2021-10-15 14:54:45,604 - instabot version: 0.117.0 (bot) - INFO - Total requests: 3140
2021-10-15 14:54:45,605 - instabot version: 0.117.0 (bot_checkpoint) - DEBUG - Saving Checkpoint file to: D:\searchdisaner/config/instbober.checkpoint
2021-10-15 14:54:45,606 - instabot version: 0.117.0 (bot) - INFO - Total requests: 4116
