2021-08-18 12:20:04,945 - instabot version: 0.117.0 (bot) - INFO - Instabot version: 0.117.0 Started
2021-08-18 12:20:04,945 - instabot version: 0.117.0 (bot) - DEBUG - Bot imported from D:\searchdisaner\venv\lib\site-packages\instabot\bot\bot.py
2021-08-18 12:20:04,946 - instabot version: 0.117.0 (api_login) - DEBUG - Loading uuids
2021-08-18 12:20:04,946 - instabot version: 0.117.0 (api_login) - INFO - Recovery from D:\searchdisaner/config/todoctordoom_uuid_and_cookie.json: COOKIE False - UUIDs True - TIMING, DEVICE and ...
- user-agent=Instagram 117.0.0.28.123 Android (28/9.0; 420dpi; 1080x1920; OnePlus; ONEPLUS A3003; OnePlus3; qcom; en_US; 180322800)
- phone_id=fececc37-13fb-4ca7-b4c1-842926ac61f0
- uuid=d8c038f7-d60d-4ffc-ae20-1b8f9d340f0b
- client_session_id=74517733-9e97-4ac6-9bd3-6396afa278ed
- device_id=android-638845ae1420b535
2021-08-18 12:20:04,947 - instabot version: 0.117.0 (api_login) - INFO - Not yet logged in starting: PRE-LOGIN FLOW!
2021-08-18 12:20:05,262 - instabot version: 0.117.0 (api) - DEBUG - POST to endpoint: accounts/get_prefill_candidates/ returned response: <Response [200]>
2021-08-18 12:20:05,578 - instabot version: 0.117.0 (api) - DEBUG - POST to endpoint: qe/sync/ returned response: <Response [200]>
2021-08-18 12:20:06,929 - instabot version: 0.117.0 (api) - DEBUG - POST to endpoint: launcher/sync/ returned response: <Response [200]>
2021-08-18 12:20:10,679 - instabot version: 0.117.0 (api) - DEBUG - POST to endpoint: accounts/contact_point_prefill/ returned response: <Response [200]>
2021-08-18 12:20:12,789 - instabot version: 0.117.0 (api) - DEBUG - POST to endpoint: accounts/login/ returned response: <Response [200]>
2021-08-18 12:20:12,790 - instabot version: 0.117.0 (api) - INFO - Logged-in successfully as 'todoctordoom'!
2021-08-18 12:20:12,790 - instabot version: 0.117.0 (api_login) - INFO - LOGIN FLOW! Just logged-in: True
2021-08-18 12:20:13,110 - instabot version: 0.117.0 (api) - DEBUG - POST to endpoint: qe/sync/ returned response: <Response [200]>
2021-08-18 12:20:13,640 - instabot version: 0.117.0 (api) - DEBUG - POST to endpoint: launcher/sync/ returned response: <Response [200]>
2021-08-18 12:20:14,341 - instabot version: 0.117.0 (api) - DEBUG - GET to endpoint: zr/token/result/?device_id=android-638845ae1420b535&token_hash=&custom_device_id=android-638845ae1420b535&fetch_reason=token_expired returned response: <Response [200]>
2021-08-18 12:20:14,952 - instabot version: 0.117.0 (api) - DEBUG - GET to endpoint: multiple_accounts/get_account_family/ returned response: <Response [200]>
2021-08-18 12:20:15,352 - instabot version: 0.117.0 (api) - DEBUG - POST to endpoint: qe/sync/ returned response: <Response [200]>
2021-08-18 12:20:15,902 - instabot version: 0.117.0 (api) - DEBUG - GET to endpoint: igtv/browse_feed/?prefetch=1 returned response: <Response [200]>
2021-08-18 12:20:16,335 - instabot version: 0.117.0 (api) - DEBUG - POST to endpoint: creatives/ar_class/ returned response: <Response [200]>
2021-08-18 12:20:16,866 - instabot version: 0.117.0 (api) - DEBUG - POST to endpoint: feed/reels_tray/ returned response: <Response [200]>
2021-08-18 12:20:18,493 - instabot version: 0.117.0 (api) - DEBUG - POST to endpoint: feed/timeline/ returned response: <Response [200]>
2021-08-18 12:20:18,864 - instabot version: 0.117.0 (api) - DEBUG - GET to endpoint: media/blocked/ returned response: <Response [200]>
2021-08-18 12:20:19,986 - instabot version: 0.117.0 (api) - DEBUG - GET to endpoint: news/inbox/ returned response: <Response [200]>
2021-08-18 12:20:20,330 - instabot version: 0.117.0 (api) - DEBUG - GET to endpoint: loom/fetch_config/ returned response: <Response [200]>
2021-08-18 12:20:20,989 - instabot version: 0.117.0 (api) - DEBUG - GET to endpoint: scores/bootstrap/users/?surfaces=["autocomplete_user_list","coefficient_besties_list_ranking","coefficient_rank_recipient_user_suggestion","coefficient_ios_section_test_bootstrap_ranking","coefficient_direct_recipients_ranking_variant_2"] returned response: <Response [200]>
2021-08-18 12:20:21,329 - instabot version: 0.117.0 (api) - DEBUG - GET to endpoint: business/eligibility/get_monetization_products_eligibility_data/?product_types=branded_content returned response: <Response [200]>
2021-08-18 12:20:21,641 - instabot version: 0.117.0 (api) - DEBUG - GET to endpoint: business/branded_content/should_require_professional_account/ returned response: <Response [200]>
2021-08-18 12:20:22,624 - instabot version: 0.117.0 (api) - DEBUG - GET to endpoint: linked_accounts/get_linkage_status/ returned response: <Response [200]>
2021-08-18 12:20:22,969 - instabot version: 0.117.0 (api) - DEBUG - GET to endpoint: locations/request_country/ returned response: <Response [200]>
2021-08-18 12:20:23,298 - instabot version: 0.117.0 (api) - DEBUG - GET to endpoint: qp/get_cooldowns/?signed_body=signed_body=4b9c516a5410a3bc128e09c6104a7f042146b9c2023870560c63a43a7f66781c.4&ig_sig_key_version=4&ig_sig_key_version=4 returned response: <Response [200]>
2021-08-18 12:20:23,644 - instabot version: 0.117.0 (api) - DEBUG - GET to endpoint: users/arlink_download_info/?version_override=2.2.1 returned response: <Response [200]>
2021-08-18 12:20:24,465 - instabot version: 0.117.0 (api) - DEBUG - GET to endpoint: users/46258652727/info/ returned response: <Response [200]>
2021-08-18 12:20:24,821 - instabot version: 0.117.0 (api) - DEBUG - GET to endpoint: direct_v2/get_presence/ returned response: <Response [200]>
2021-08-18 12:20:25,225 - instabot version: 0.117.0 (api) - DEBUG - GET to endpoint: direct_v2/inbox/?visual_message_return_type=unseen&thread_message_limit=10&persistentBadging=true&limit=20 returned response: <Response [200]>
2021-08-18 12:20:25,583 - instabot version: 0.117.0 (api) - DEBUG - GET to endpoint: direct_v2/inbox/?visual_message_return_type=unseen&persistentBadging=true&limit=0 returned response: <Response [200]>
2021-08-18 12:20:26,018 - instabot version: 0.117.0 (api) - DEBUG - GET to endpoint: discover/topical_explore/?is_prefetch=true&omit_cover_media=true&use_sectional_payload=true&timezone_offset=0&session_id=74517733-9e97-4ac6-9bd3-6396afa278ed&include_fixed_destinations=true returned response: <Response [200]>
2021-08-18 12:20:26,337 - instabot version: 0.117.0 (api) - DEBUG - POST to endpoint: notifications/badge/ returned response: <Response [200]>
2021-08-18 12:20:26,881 - instabot version: 0.117.0 (api) - DEBUG - POST to endpoint: qp/batch_fetch/ returned response: <Response [200]>
2021-08-18 12:20:26,883 - instabot version: 0.117.0 (bot_checkpoint) - DEBUG - Loading Checkpoint file from: D:\searchdisaner/config/todoctordoom.checkpoint
2021-08-18 12:20:33,254 - instabot version: 0.117.0 (api) - DEBUG - GET to endpoint: feed/tag/дизайн/?max_id=&rank_token=46258652727_d8c038f7-d60d-4ffc-ae20-1b8f9d340f0b&ranked_content=true& returned response: <Response [200]>
2021-08-18 12:20:33,973 - instabot version: 0.117.0 (api) - DEBUG - GET to endpoint: users/5677010524/info/ returned response: <Response [200]>
2021-08-18 12:20:34,744 - instabot version: 0.117.0 (api) - DEBUG - GET to endpoint: users/35096968407/info/ returned response: <Response [200]>
2021-08-18 12:20:35,812 - instabot version: 0.117.0 (api) - DEBUG - GET to endpoint: users/4154785077/info/ returned response: <Response [200]>
2021-08-18 12:20:36,654 - instabot version: 0.117.0 (api) - DEBUG - GET to endpoint: users/49257688485/info/ returned response: <Response [200]>
2021-08-18 12:20:37,487 - instabot version: 0.117.0 (api) - DEBUG - GET to endpoint: users/3571146048/info/ returned response: <Response [200]>
2021-08-18 12:20:38,064 - instabot version: 0.117.0 (api) - DEBUG - GET to endpoint: users/5864265508/info/ returned response: <Response [200]>
2021-08-18 12:20:39,296 - instabot version: 0.117.0 (api) - DEBUG - GET to endpoint: users/880815004/info/ returned response: <Response [200]>
2021-08-18 12:20:39,909 - instabot version: 0.117.0 (api) - DEBUG - GET to endpoint: users/4540492100/info/ returned response: <Response [200]>
2021-08-18 12:20:40,768 - instabot version: 0.117.0 (api) - DEBUG - GET to endpoint: users/44260799829/info/ returned response: <Response [200]>
2021-08-18 12:20:41,917 - instabot version: 0.117.0 (api) - DEBUG - GET to endpoint: users/21457674792/info/ returned response: <Response [200]>
2021-08-18 12:20:42,782 - instabot version: 0.117.0 (api) - DEBUG - GET to endpoint: users/39222403919/info/ returned response: <Response [200]>
2021-08-18 12:20:43,548 - instabot version: 0.117.0 (api) - DEBUG - GET to endpoint: users/40833440945/info/ returned response: <Response [200]>
2021-08-18 12:20:44,377 - instabot version: 0.117.0 (api) - DEBUG - GET to endpoint: users/5468273517/info/ returned response: <Response [200]>
2021-08-18 12:20:45,249 - instabot version: 0.117.0 (api) - DEBUG - GET to endpoint: users/661770515/info/ returned response: <Response [200]>
2021-08-18 12:20:45,802 - instabot version: 0.117.0 (api) - DEBUG - GET to endpoint: users/41891587928/info/ returned response: <Response [200]>
2021-08-18 12:20:46,362 - instabot version: 0.117.0 (api) - DEBUG - GET to endpoint: users/42860789232/info/ returned response: <Response [200]>
2021-08-18 12:20:46,937 - instabot version: 0.117.0 (api) - DEBUG - GET to endpoint: users/28737921340/info/ returned response: <Response [200]>
2021-08-18 12:20:47,685 - instabot version: 0.117.0 (api) - DEBUG - GET to endpoint: users/44497847240/info/ returned response: <Response [200]>
2021-08-18 12:20:48,257 - instabot version: 0.117.0 (api) - DEBUG - GET to endpoint: users/5913477731/info/ returned response: <Response [200]>
2021-08-18 12:20:48,919 - instabot version: 0.117.0 (api) - DEBUG - GET to endpoint: users/17404694640/info/ returned response: <Response [200]>
2021-08-18 12:20:49,472 - instabot version: 0.117.0 (api) - DEBUG - GET to endpoint: users/204786846/info/ returned response: <Response [200]>
2021-08-18 12:20:50,190 - instabot version: 0.117.0 (api) - DEBUG - GET to endpoint: users/48175341824/info/ returned response: <Response [200]>
2021-08-18 12:20:50,708 - instabot version: 0.117.0 (api) - DEBUG - GET to endpoint: users/12656554741/info/ returned response: <Response [200]>
2021-08-18 12:20:51,852 - instabot version: 0.117.0 (api) - DEBUG - GET to endpoint: users/4081065236/info/ returned response: <Response [200]>
2021-08-18 12:20:52,432 - instabot version: 0.117.0 (api) - DEBUG - GET to endpoint: users/6237577709/info/ returned response: <Response [200]>
2021-08-18 12:20:53,164 - instabot version: 0.117.0 (api) - DEBUG - GET to endpoint: users/9696255951/info/ returned response: <Response [200]>
2021-08-18 12:20:53,934 - instabot version: 0.117.0 (api) - DEBUG - GET to endpoint: users/296750557/info/ returned response: <Response [200]>
2021-08-18 12:20:54,702 - instabot version: 0.117.0 (api) - DEBUG - GET to endpoint: users/1681746015/info/ returned response: <Response [200]>
2021-08-18 12:20:55,281 - instabot version: 0.117.0 (api) - DEBUG - GET to endpoint: users/8144134105/info/ returned response: <Response [200]>
2021-08-18 12:20:55,927 - instabot version: 0.117.0 (api) - DEBUG - GET to endpoint: users/49279075/info/ returned response: <Response [200]>
2021-08-18 12:20:56,576 - instabot version: 0.117.0 (api) - DEBUG - GET to endpoint: users/3310915573/info/ returned response: <Response [200]>
2021-08-18 12:20:57,107 - instabot version: 0.117.0 (api) - DEBUG - GET to endpoint: users/49009507169/info/ returned response: <Response [200]>
2021-08-18 12:20:57,707 - instabot version: 0.117.0 (api) - DEBUG - GET to endpoint: users/3137862986/info/ returned response: <Response [200]>
2021-08-18 12:20:58,532 - instabot version: 0.117.0 (api) - DEBUG - GET to endpoint: users/29390661638/info/ returned response: <Response [200]>
2021-08-18 12:20:59,082 - instabot version: 0.117.0 (api) - DEBUG - GET to endpoint: users/39069489293/info/ returned response: <Response [200]>
2021-08-18 12:20:59,678 - instabot version: 0.117.0 (api) - DEBUG - GET to endpoint: users/7582454188/info/ returned response: <Response [200]>
2021-08-18 12:21:00,203 - instabot version: 0.117.0 (api) - DEBUG - GET to endpoint: users/11082286674/info/ returned response: <Response [200]>
2021-08-18 12:21:01,134 - instabot version: 0.117.0 (api) - DEBUG - GET to endpoint: users/35079498209/info/ returned response: <Response [200]>
2021-08-18 12:21:01,847 - instabot version: 0.117.0 (api) - DEBUG - GET to endpoint: users/48089013563/info/ returned response: <Response [200]>
2021-08-18 12:21:02,768 - instabot version: 0.117.0 (api) - DEBUG - GET to endpoint: users/49034369498/info/ returned response: <Response [200]>
2021-08-18 12:21:03,510 - instabot version: 0.117.0 (api) - DEBUG - GET to endpoint: users/24306052280/info/ returned response: <Response [200]>
2021-08-18 12:21:04,129 - instabot version: 0.117.0 (api) - DEBUG - GET to endpoint: users/6360665879/info/ returned response: <Response [200]>
2021-08-18 12:21:05,169 - instabot version: 0.117.0 (api) - DEBUG - GET to endpoint: users/1348406769/info/ returned response: <Response [200]>
2021-08-18 12:21:06,198 - instabot version: 0.117.0 (api) - DEBUG - GET to endpoint: users/4512474518/info/ returned response: <Response [200]>
2021-08-18 12:21:07,164 - instabot version: 0.117.0 (api) - DEBUG - GET to endpoint: users/6237760129/info/ returned response: <Response [200]>
2021-08-18 12:21:07,717 - instabot version: 0.117.0 (api) - DEBUG - GET to endpoint: users/5585281647/info/ returned response: <Response [200]>
2021-08-18 12:21:08,311 - instabot version: 0.117.0 (api) - DEBUG - GET to endpoint: users/2838860122/info/ returned response: <Response [200]>
2021-08-18 12:21:08,833 - instabot version: 0.117.0 (api) - DEBUG - GET to endpoint: users/2219839095/info/ returned response: <Response [200]>
2021-08-18 12:21:09,490 - instabot version: 0.117.0 (api) - DEBUG - GET to endpoint: users/7546285966/info/ returned response: <Response [200]>
2021-08-18 12:21:10,093 - instabot version: 0.117.0 (api) - DEBUG - GET to endpoint: users/6987952744/info/ returned response: <Response [200]>
2021-08-18 12:21:11,014 - instabot version: 0.117.0 (api) - DEBUG - GET to endpoint: users/7816032365/info/ returned response: <Response [200]>
2021-08-18 12:21:12,276 - instabot version: 0.117.0 (api) - DEBUG - GET to endpoint: users/5823405401/info/ returned response: <Response [200]>
2021-08-18 12:21:12,944 - instabot version: 0.117.0 (api) - DEBUG - GET to endpoint: users/1912763221/info/ returned response: <Response [200]>
2021-08-18 12:21:13,708 - instabot version: 0.117.0 (api) - DEBUG - GET to endpoint: users/26102707389/info/ returned response: <Response [200]>
2021-08-18 12:21:14,259 - instabot version: 0.117.0 (api) - DEBUG - GET to endpoint: users/26100624783/info/ returned response: <Response [200]>
2021-08-18 12:21:14,865 - instabot version: 0.117.0 (api) - DEBUG - GET to endpoint: users/3054839505/info/ returned response: <Response [200]>
2021-08-18 12:21:15,384 - instabot version: 0.117.0 (api) - DEBUG - GET to endpoint: users/34931828233/info/ returned response: <Response [200]>
2021-08-18 12:21:16,209 - instabot version: 0.117.0 (api) - DEBUG - GET to endpoint: users/1373189524/info/ returned response: <Response [200]>
2021-08-18 12:21:17,026 - instabot version: 0.117.0 (api) - DEBUG - GET to endpoint: users/723503899/info/ returned response: <Response [200]>
2021-08-18 12:21:17,801 - instabot version: 0.117.0 (api) - DEBUG - GET to endpoint: users/8444935905/info/ returned response: <Response [200]>
2021-08-18 12:21:18,395 - instabot version: 0.117.0 (api) - DEBUG - GET to endpoint: users/1828982206/info/ returned response: <Response [200]>
2021-08-18 12:21:19,029 - instabot version: 0.117.0 (api) - DEBUG - GET to endpoint: users/48806975116/info/ returned response: <Response [200]>
2021-08-18 12:21:19,883 - instabot version: 0.117.0 (api) - DEBUG - GET to endpoint: users/15678268719/info/ returned response: <Response [200]>
2021-08-18 12:21:20,600 - instabot version: 0.117.0 (api) - DEBUG - GET to endpoint: users/42537716506/info/ returned response: <Response [200]>
2021-08-18 12:21:21,406 - instabot version: 0.117.0 (api) - DEBUG - GET to endpoint: users/7907612696/info/ returned response: <Response [200]>
2021-08-18 12:21:22,001 - instabot version: 0.117.0 (api) - DEBUG - GET to endpoint: users/1384120477/info/ returned response: <Response [200]>
2021-08-18 12:21:22,613 - instabot version: 0.117.0 (api) - DEBUG - GET to endpoint: users/1445721147/info/ returned response: <Response [200]>
2021-08-18 12:21:23,284 - instabot version: 0.117.0 (api) - DEBUG - GET to endpoint: users/46364044846/info/ returned response: <Response [200]>
2021-08-18 12:21:23,993 - instabot version: 0.117.0 (api) - DEBUG - GET to endpoint: users/8685621568/info/ returned response: <Response [200]>
2021-08-18 12:21:24,714 - instabot version: 0.117.0 (api) - DEBUG - GET to endpoint: users/46233295183/info/ returned response: <Response [200]>
2021-08-18 12:21:25,351 - instabot version: 0.117.0 (api) - DEBUG - GET to endpoint: users/2683014411/info/ returned response: <Response [200]>
2021-08-18 12:21:25,882 - instabot version: 0.117.0 (api) - DEBUG - GET to endpoint: users/45156726039/info/ returned response: <Response [200]>
2021-08-18 12:21:27,098 - instabot version: 0.117.0 (api) - DEBUG - GET to endpoint: users/28648549752/info/ returned response: <Response [200]>
2021-08-18 12:21:27,852 - instabot version: 0.117.0 (api) - DEBUG - GET to endpoint: users/43822669350/info/ returned response: <Response [200]>
2021-08-18 12:21:28,383 - instabot version: 0.117.0 (api) - DEBUG - GET to endpoint: users/49217074197/info/ returned response: <Response [200]>
2021-08-18 12:21:29,119 - instabot version: 0.117.0 (api) - DEBUG - GET to endpoint: users/29118560583/info/ returned response: <Response [200]>
2021-08-18 12:21:34,749 - instabot version: 0.117.0 (api) - DEBUG - GET to endpoint: feed/tag/дизайнер/?max_id=&rank_token=46258652727_d8c038f7-d60d-4ffc-ae20-1b8f9d340f0b&ranked_content=true& returned response: <Response [200]>
2021-08-18 12:21:35,908 - instabot version: 0.117.0 (api) - DEBUG - GET to endpoint: users/591063623/info/ returned response: <Response [200]>
2021-08-18 12:21:36,835 - instabot version: 0.117.0 (api) - DEBUG - GET to endpoint: users/2302468075/info/ returned response: <Response [200]>
2021-08-18 12:21:37,390 - instabot version: 0.117.0 (api) - DEBUG - GET to endpoint: users/1704264532/info/ returned response: <Response [200]>
2021-08-18 12:21:38,008 - instabot version: 0.117.0 (api) - DEBUG - GET to endpoint: users/4023172102/info/ returned response: <Response [200]>
2021-08-18 12:21:38,705 - instabot version: 0.117.0 (api) - DEBUG - GET to endpoint: users/7653676392/info/ returned response: <Response [200]>
2021-08-18 12:21:39,253 - instabot version: 0.117.0 (api) - DEBUG - GET to endpoint: users/38891503451/info/ returned response: <Response [200]>
2021-08-18 12:21:39,784 - instabot version: 0.117.0 (api) - DEBUG - GET to endpoint: users/2097094629/info/ returned response: <Response [200]>
2021-08-18 12:21:40,465 - instabot version: 0.117.0 (api) - DEBUG - GET to endpoint: users/24643463242/info/ returned response: <Response [200]>
2021-08-18 12:21:41,135 - instabot version: 0.117.0 (api) - DEBUG - GET to endpoint: users/32003936085/info/ returned response: <Response [200]>
2021-08-18 12:21:41,859 - instabot version: 0.117.0 (api) - DEBUG - GET to endpoint: users/47600116484/info/ returned response: <Response [200]>
2021-08-18 12:21:42,425 - instabot version: 0.117.0 (api) - DEBUG - GET to endpoint: users/1911527310/info/ returned response: <Response [200]>
2021-08-18 12:21:43,211 - instabot version: 0.117.0 (api) - DEBUG - GET to endpoint: users/1411748503/info/ returned response: <Response [200]>
2021-08-18 12:21:44,035 - instabot version: 0.117.0 (api) - DEBUG - GET to endpoint: users/408810564/info/ returned response: <Response [200]>
2021-08-18 12:21:44,873 - instabot version: 0.117.0 (api) - DEBUG - GET to endpoint: users/350619209/info/ returned response: <Response [200]>
2021-08-18 12:21:45,544 - instabot version: 0.117.0 (api) - DEBUG - GET to endpoint: users/10032807438/info/ returned response: <Response [200]>
2021-08-18 12:21:46,087 - instabot version: 0.117.0 (api) - DEBUG - GET to endpoint: users/2308506557/info/ returned response: <Response [200]>
2021-08-18 12:21:46,752 - instabot version: 0.117.0 (api) - DEBUG - GET to endpoint: users/11763141710/info/ returned response: <Response [200]>
2021-08-18 12:21:47,298 - instabot version: 0.117.0 (api) - DEBUG - GET to endpoint: users/47864481400/info/ returned response: <Response [200]>
2021-08-18 12:21:47,861 - instabot version: 0.117.0 (api) - DEBUG - GET to endpoint: users/3273133404/info/ returned response: <Response [200]>
2021-08-18 12:21:48,378 - instabot version: 0.117.0 (api) - DEBUG - GET to endpoint: users/47188146723/info/ returned response: <Response [200]>
2021-08-18 12:21:48,986 - instabot version: 0.117.0 (api) - DEBUG - GET to endpoint: users/44682430139/info/ returned response: <Response [200]>
2021-08-18 12:21:50,210 - instabot version: 0.117.0 (api) - DEBUG - GET to endpoint: users/4175088532/info/ returned response: <Response [200]>
2021-08-18 12:21:50,762 - instabot version: 0.117.0 (api) - DEBUG - GET to endpoint: users/3682029131/info/ returned response: <Response [200]>
2021-08-18 12:21:51,286 - instabot version: 0.117.0 (api) - DEBUG - GET to endpoint: users/49208096187/info/ returned response: <Response [200]>
2021-08-18 12:21:51,973 - instabot version: 0.117.0 (api) - DEBUG - GET to endpoint: users/7503474634/info/ returned response: <Response [200]>
2021-08-18 12:21:52,523 - instabot version: 0.117.0 (api) - DEBUG - GET to endpoint: users/14167425572/info/ returned response: <Response [200]>
2021-08-18 12:21:53,192 - instabot version: 0.117.0 (api) - DEBUG - GET to endpoint: users/5469078730/info/ returned response: <Response [200]>
2021-08-18 12:21:53,798 - instabot version: 0.117.0 (api) - DEBUG - GET to endpoint: users/8719549742/info/ returned response: <Response [200]>
2021-08-18 12:21:54,329 - instabot version: 0.117.0 (api) - DEBUG - GET to endpoint: users/7454125752/info/ returned response: <Response [200]>
2021-08-18 12:21:54,879 - instabot version: 0.117.0 (api) - DEBUG - GET to endpoint: users/44963844577/info/ returned response: <Response [200]>
2021-08-18 12:21:55,435 - instabot version: 0.117.0 (api) - DEBUG - GET to endpoint: users/2105559764/info/ returned response: <Response [200]>
2021-08-18 12:21:55,956 - instabot version: 0.117.0 (api) - DEBUG - GET to endpoint: users/46159702678/info/ returned response: <Response [200]>
2021-08-18 12:21:56,416 - instabot version: 0.117.0 (api) - DEBUG - GET to endpoint: users/44419203548/info/ returned response: <Response [200]>
2021-08-18 12:21:57,007 - instabot version: 0.117.0 (api) - DEBUG - GET to endpoint: users/39231107207/info/ returned response: <Response [200]>
2021-08-18 12:21:57,603 - instabot version: 0.117.0 (api) - DEBUG - GET to endpoint: users/5011890226/info/ returned response: <Response [200]>
2021-08-18 12:21:58,071 - instabot version: 0.117.0 (api) - DEBUG - GET to endpoint: users/48640317719/info/ returned response: <Response [200]>
2021-08-18 12:21:58,606 - instabot version: 0.117.0 (api) - DEBUG - GET to endpoint: users/7065006604/info/ returned response: <Response [200]>
2021-08-18 12:21:59,727 - instabot version: 0.117.0 (api) - DEBUG - GET to endpoint: users/463207445/info/ returned response: <Response [200]>
2021-08-18 12:22:00,430 - instabot version: 0.117.0 (api) - DEBUG - GET to endpoint: users/1389313100/info/ returned response: <Response [200]>
2021-08-18 12:22:00,933 - instabot version: 0.117.0 (api) - DEBUG - GET to endpoint: users/36660292271/info/ returned response: <Response [200]>
2021-08-18 12:22:01,471 - instabot version: 0.117.0 (api) - DEBUG - GET to endpoint: users/47455061855/info/ returned response: <Response [200]>
2021-08-18 12:22:02,408 - instabot version: 0.117.0 (api) - DEBUG - GET to endpoint: users/21458701673/info/ returned response: <Response [200]>
2021-08-18 12:22:03,038 - instabot version: 0.117.0 (api) - DEBUG - GET to endpoint: users/4647329534/info/ returned response: <Response [200]>
2021-08-18 12:22:03,586 - instabot version: 0.117.0 (api) - DEBUG - GET to endpoint: users/3090801791/info/ returned response: <Response [200]>
2021-08-18 12:22:04,131 - instabot version: 0.117.0 (api) - DEBUG - GET to endpoint: users/3110122397/info/ returned response: <Response [200]>
2021-08-18 12:22:04,902 - instabot version: 0.117.0 (api) - DEBUG - GET to endpoint: users/2226057698/info/ returned response: <Response [200]>
2021-08-18 12:22:05,597 - instabot version: 0.117.0 (api) - DEBUG - GET to endpoint: users/10563785699/info/ returned response: <Response [200]>
2021-08-18 12:22:06,223 - instabot version: 0.117.0 (api) - DEBUG - GET to endpoint: users/15032350686/info/ returned response: <Response [200]>
2021-08-18 12:22:06,894 - instabot version: 0.117.0 (api) - DEBUG - GET to endpoint: users/2166902135/info/ returned response: <Response [200]>
2021-08-18 12:22:07,412 - instabot version: 0.117.0 (api) - DEBUG - GET to endpoint: users/1501864358/info/ returned response: <Response [200]>
2021-08-18 12:22:07,914 - instabot version: 0.117.0 (api) - DEBUG - GET to endpoint: users/1706227148/info/ returned response: <Response [200]>
2021-08-18 12:22:08,582 - instabot version: 0.117.0 (api) - DEBUG - GET to endpoint: users/4840723618/info/ returned response: <Response [200]>
2021-08-18 12:22:09,343 - instabot version: 0.117.0 (api) - DEBUG - GET to endpoint: users/1449601785/info/ returned response: <Response [200]>
2021-08-18 12:22:09,857 - instabot version: 0.117.0 (api) - DEBUG - GET to endpoint: users/35831257498/info/ returned response: <Response [200]>
2021-08-18 12:22:10,347 - instabot version: 0.117.0 (api) - DEBUG - GET to endpoint: users/48256454584/info/ returned response: <Response [200]>
2021-08-18 12:22:11,247 - instabot version: 0.117.0 (api) - DEBUG - GET to endpoint: users/3744964415/info/ returned response: <Response [200]>
2021-08-18 12:22:11,648 - instabot version: 0.117.0 (api) - DEBUG - GET to endpoint: users/7546001181/info/ returned response: <Response [200]>
2021-08-18 12:22:12,739 - instabot version: 0.117.0 (api) - DEBUG - GET to endpoint: users/7276088835/info/ returned response: <Response [200]>
2021-08-18 12:22:13,429 - instabot version: 0.117.0 (api) - DEBUG - GET to endpoint: users/487898317/info/ returned response: <Response [200]>
2021-08-18 12:22:13,946 - instabot version: 0.117.0 (api) - DEBUG - GET to endpoint: users/2686401205/info/ returned response: <Response [200]>
2021-08-18 12:22:14,483 - instabot version: 0.117.0 (api) - DEBUG - GET to endpoint: users/10200392826/info/ returned response: <Response [200]>
2021-08-18 12:22:15,066 - instabot version: 0.117.0 (api) - DEBUG - GET to endpoint: users/47944666445/info/ returned response: <Response [200]>
2021-08-18 12:22:15,945 - instabot version: 0.117.0 (api) - DEBUG - GET to endpoint: users/1671057135/info/ returned response: <Response [200]>
2021-08-18 12:22:16,492 - instabot version: 0.117.0 (api) - DEBUG - GET to endpoint: users/354768866/info/ returned response: <Response [200]>
2021-08-18 12:22:17,021 - instabot version: 0.117.0 (api) - DEBUG - GET to endpoint: users/35167931223/info/ returned response: <Response [200]>
2021-08-18 12:22:17,511 - instabot version: 0.117.0 (api) - DEBUG - GET to endpoint: users/7737744754/info/ returned response: <Response [200]>
2021-08-18 12:22:18,058 - instabot version: 0.117.0 (api) - DEBUG - GET to endpoint: users/48839047421/info/ returned response: <Response [200]>
