2021-08-23 13:03:36,789 - instabot version: 0.117.0 (bot) - INFO - Instabot version: 0.117.0 Started
2021-08-23 13:03:36,790 - instabot version: 0.117.0 (bot) - DEBUG - Bot imported from D:\searchdisaner\venv\lib\site-packages\instabot\bot\bot.py
2021-08-23 13:03:36,812 - instabot version: 0.117.0 (api_login) - DEBUG - Loading uuids
2021-08-23 13:03:36,812 - instabot version: 0.117.0 (api_login) - INFO - Recovery from D:\searchdisaner/config/instbober_uuid_and_cookie.json: COOKIE False - UUIDs True - TIMING, DEVICE and ...
- user-agent=Instagram 117.0.0.28.123 Android (28/9.0; 420dpi; 1080x1920; OnePlus; ONEPLUS A3003; OnePlus3; qcom; en_US; 180322800)
- phone_id=69e66906-ef6a-4561-86e6-8c98a236847c
- uuid=81500ee0-4cf5-493e-ae1a-6a5011cbe63d
- client_session_id=32957a9d-435a-448b-9ee5-e5e488d33b0c
- device_id=android-ba894ce94a484232
2021-08-23 13:03:36,812 - instabot version: 0.117.0 (api_login) - INFO - Not yet logged in starting: PRE-LOGIN FLOW!
2021-08-23 13:03:37,172 - instabot version: 0.117.0 (api) - DEBUG - POST to endpoint: accounts/get_prefill_candidates/ returned response: <Response [200]>
2021-08-23 13:03:37,713 - instabot version: 0.117.0 (api) - DEBUG - POST to endpoint: qe/sync/ returned response: <Response [200]>
2021-08-23 13:03:38,039 - instabot version: 0.117.0 (api) - DEBUG - POST to endpoint: launcher/sync/ returned response: <Response [200]>
2021-08-23 13:03:38,363 - instabot version: 0.117.0 (api) - DEBUG - POST to endpoint: accounts/contact_point_prefill/ returned response: <Response [200]>
2021-08-23 13:03:39,739 - instabot version: 0.117.0 (api) - DEBUG - POST to endpoint: accounts/login/ returned response: <Response [200]>
2021-08-23 13:03:39,740 - instabot version: 0.117.0 (api) - INFO - Logged-in successfully as 'instbober'!
2021-08-23 13:03:39,740 - instabot version: 0.117.0 (api_login) - INFO - LOGIN FLOW! Just logged-in: True
2021-08-23 13:03:40,064 - instabot version: 0.117.0 (api) - DEBUG - POST to endpoint: qe/sync/ returned response: <Response [200]>
2021-08-23 13:03:40,365 - instabot version: 0.117.0 (api) - DEBUG - POST to endpoint: launcher/sync/ returned response: <Response [200]>
2021-08-23 13:03:40,755 - instabot version: 0.117.0 (api) - DEBUG - GET to endpoint: zr/token/result/?device_id=android-ba894ce94a484232&token_hash=&custom_device_id=android-ba894ce94a484232&fetch_reason=token_expired returned response: <Response [200]>
2021-08-23 13:03:41,031 - instabot version: 0.117.0 (api) - DEBUG - GET to endpoint: multiple_accounts/get_account_family/ returned response: <Response [200]>
2021-08-23 13:03:41,330 - instabot version: 0.117.0 (api) - DEBUG - POST to endpoint: qe/sync/ returned response: <Response [200]>
2021-08-23 13:03:42,071 - instabot version: 0.117.0 (api) - DEBUG - GET to endpoint: igtv/browse_feed/?prefetch=1 returned response: <Response [200]>
2021-08-23 13:03:42,355 - instabot version: 0.117.0 (api) - DEBUG - POST to endpoint: creatives/ar_class/ returned response: <Response [200]>
2021-08-23 13:03:43,000 - instabot version: 0.117.0 (api) - DEBUG - POST to endpoint: feed/reels_tray/ returned response: <Response [200]>
2021-08-23 13:03:44,637 - instabot version: 0.117.0 (api) - DEBUG - POST to endpoint: feed/timeline/ returned response: <Response [200]>
2021-08-23 13:03:44,933 - instabot version: 0.117.0 (api) - DEBUG - GET to endpoint: media/blocked/ returned response: <Response [200]>
2021-08-23 13:03:45,959 - instabot version: 0.117.0 (api) - DEBUG - GET to endpoint: news/inbox/ returned response: <Response [200]>
2021-08-23 13:03:46,249 - instabot version: 0.117.0 (api) - DEBUG - GET to endpoint: loom/fetch_config/ returned response: <Response [200]>
2021-08-23 13:03:46,793 - instabot version: 0.117.0 (api) - DEBUG - GET to endpoint: scores/bootstrap/users/?surfaces=["autocomplete_user_list","coefficient_besties_list_ranking","coefficient_rank_recipient_user_suggestion","coefficient_ios_section_test_bootstrap_ranking","coefficient_direct_recipients_ranking_variant_2"] returned response: <Response [200]>
2021-08-23 13:03:47,177 - instabot version: 0.117.0 (api) - DEBUG - GET to endpoint: business/eligibility/get_monetization_products_eligibility_data/?product_types=branded_content returned response: <Response [200]>
2021-08-23 13:03:47,461 - instabot version: 0.117.0 (api) - DEBUG - GET to endpoint: business/branded_content/should_require_professional_account/ returned response: <Response [200]>
2021-08-23 13:03:47,750 - instabot version: 0.117.0 (api) - DEBUG - GET to endpoint: linked_accounts/get_linkage_status/ returned response: <Response [200]>
2021-08-23 13:03:48,045 - instabot version: 0.117.0 (api) - DEBUG - GET to endpoint: locations/request_country/ returned response: <Response [200]>
2021-08-23 13:03:48,346 - instabot version: 0.117.0 (api) - DEBUG - GET to endpoint: qp/get_cooldowns/?signed_body=signed_body=4b9c516a5410a3bc128e09c6104a7f042146b9c2023870560c63a43a7f66781c.4&ig_sig_key_version=4&ig_sig_key_version=4 returned response: <Response [200]>
2021-08-23 13:03:48,635 - instabot version: 0.117.0 (api) - DEBUG - GET to endpoint: users/arlink_download_info/?version_override=2.2.1 returned response: <Response [200]>
2021-08-23 13:03:49,051 - instabot version: 0.117.0 (api) - DEBUG - GET to endpoint: users/48835444494/info/ returned response: <Response [200]>
2021-08-23 13:03:49,541 - instabot version: 0.117.0 (api) - DEBUG - GET to endpoint: direct_v2/get_presence/ returned response: <Response [200]>
2021-08-23 13:03:49,978 - instabot version: 0.117.0 (api) - DEBUG - GET to endpoint: direct_v2/inbox/?visual_message_return_type=unseen&thread_message_limit=10&persistentBadging=true&limit=20 returned response: <Response [200]>
2021-08-23 13:03:50,388 - instabot version: 0.117.0 (api) - DEBUG - GET to endpoint: direct_v2/inbox/?visual_message_return_type=unseen&persistentBadging=true&limit=0 returned response: <Response [200]>
2021-08-23 13:03:52,181 - instabot version: 0.117.0 (api) - DEBUG - GET to endpoint: discover/topical_explore/?is_prefetch=true&omit_cover_media=true&use_sectional_payload=true&timezone_offset=0&session_id=32957a9d-435a-448b-9ee5-e5e488d33b0c&include_fixed_destinations=true returned response: <Response [200]>
2021-08-23 13:03:52,457 - instabot version: 0.117.0 (api) - DEBUG - POST to endpoint: notifications/badge/ returned response: <Response [200]>
2021-08-23 13:03:52,821 - instabot version: 0.117.0 (api) - DEBUG - POST to endpoint: qp/batch_fetch/ returned response: <Response [200]>
2021-08-23 13:03:52,822 - instabot version: 0.117.0 (bot_checkpoint) - DEBUG - Loading Checkpoint file from: D:\searchdisaner/config/instbober.checkpoint
2021-08-23 13:03:56,959 - instabot version: 0.117.0 (api) - DEBUG - GET to endpoint: feed/tag/дизайн/?max_id=&rank_token=48835444494_81500ee0-4cf5-493e-ae1a-6a5011cbe63d&ranked_content=true& returned response: <Response [200]>
2021-08-23 13:03:57,499 - instabot version: 0.117.0 (api) - DEBUG - GET to endpoint: users/1728149011/info/ returned response: <Response [200]>
2021-08-23 13:03:58,103 - instabot version: 0.117.0 (api) - DEBUG - GET to endpoint: users/31961935397/info/ returned response: <Response [200]>
2021-08-23 13:03:58,772 - instabot version: 0.117.0 (api) - DEBUG - GET to endpoint: users/20248764726/info/ returned response: <Response [200]>
2021-08-23 13:03:59,395 - instabot version: 0.117.0 (api) - DEBUG - GET to endpoint: users/5864265508/info/ returned response: <Response [200]>
2021-08-23 13:03:59,954 - instabot version: 0.117.0 (api) - DEBUG - GET to endpoint: users/2209991636/info/ returned response: <Response [200]>
2021-08-23 13:04:00,340 - instabot version: 0.117.0 (api) - DEBUG - GET to endpoint: users/49107602457/info/ returned response: <Response [200]>
2021-08-23 13:04:00,902 - instabot version: 0.117.0 (api) - DEBUG - GET to endpoint: users/23600876065/info/ returned response: <Response [200]>
2021-08-23 13:04:01,297 - instabot version: 0.117.0 (api) - DEBUG - GET to endpoint: users/48557458769/info/ returned response: <Response [200]>
2021-08-23 13:04:01,887 - instabot version: 0.117.0 (api) - DEBUG - GET to endpoint: users/17583624726/info/ returned response: <Response [200]>
2021-08-23 13:04:02,406 - instabot version: 0.117.0 (api) - DEBUG - GET to endpoint: users/9714676858/info/ returned response: <Response [200]>
2021-08-23 13:04:02,791 - instabot version: 0.117.0 (api) - DEBUG - GET to endpoint: users/45280171830/info/ returned response: <Response [200]>
2021-08-23 13:04:03,395 - instabot version: 0.117.0 (api) - DEBUG - GET to endpoint: users/1690824040/info/ returned response: <Response [200]>
2021-08-23 13:04:03,947 - instabot version: 0.117.0 (api) - DEBUG - GET to endpoint: users/9743250686/info/ returned response: <Response [200]>
2021-08-23 13:04:04,615 - instabot version: 0.117.0 (api) - DEBUG - GET to endpoint: users/8974982135/info/ returned response: <Response [200]>
2021-08-23 13:04:05,224 - instabot version: 0.117.0 (api) - DEBUG - GET to endpoint: users/11774156903/info/ returned response: <Response [200]>
2021-08-23 13:04:05,810 - instabot version: 0.117.0 (api) - DEBUG - GET to endpoint: users/47953922545/info/ returned response: <Response [200]>
2021-08-23 13:04:06,379 - instabot version: 0.117.0 (api) - DEBUG - GET to endpoint: users/5321235989/info/ returned response: <Response [200]>
2021-08-23 13:04:06,899 - instabot version: 0.117.0 (api) - DEBUG - GET to endpoint: users/44988508481/info/ returned response: <Response [200]>
2021-08-23 13:04:07,445 - instabot version: 0.117.0 (api) - DEBUG - GET to endpoint: users/47014200609/info/ returned response: <Response [200]>
2021-08-23 13:04:07,996 - instabot version: 0.117.0 (api) - DEBUG - GET to endpoint: users/5809146262/info/ returned response: <Response [200]>
2021-08-23 13:04:08,479 - instabot version: 0.117.0 (api) - DEBUG - GET to endpoint: users/2285787881/info/ returned response: <Response [200]>
2021-08-23 13:04:08,886 - instabot version: 0.117.0 (api) - DEBUG - GET to endpoint: users/4953046359/info/ returned response: <Response [200]>
2021-08-23 13:04:09,519 - instabot version: 0.117.0 (api) - DEBUG - GET to endpoint: users/6717915101/info/ returned response: <Response [200]>
2021-08-23 13:04:10,044 - instabot version: 0.117.0 (api) - DEBUG - GET to endpoint: users/10223079075/info/ returned response: <Response [200]>
2021-08-23 13:04:10,556 - instabot version: 0.117.0 (api) - DEBUG - GET to endpoint: users/25869300833/info/ returned response: <Response [200]>
2021-08-23 13:04:11,158 - instabot version: 0.117.0 (api) - DEBUG - GET to endpoint: users/5537289650/info/ returned response: <Response [200]>
2021-08-23 13:04:11,724 - instabot version: 0.117.0 (api) - DEBUG - GET to endpoint: users/4137492076/info/ returned response: <Response [200]>
2021-08-23 13:04:12,367 - instabot version: 0.117.0 (api) - DEBUG - GET to endpoint: users/36123024256/info/ returned response: <Response [200]>
2021-08-23 13:04:12,847 - instabot version: 0.117.0 (api) - DEBUG - GET to endpoint: users/49001031790/info/ returned response: <Response [200]>
2021-08-23 13:04:13,407 - instabot version: 0.117.0 (api) - DEBUG - GET to endpoint: users/39608468679/info/ returned response: <Response [200]>
2021-08-23 13:04:14,024 - instabot version: 0.117.0 (api) - DEBUG - GET to endpoint: users/1712618193/info/ returned response: <Response [200]>
2021-08-23 13:04:14,622 - instabot version: 0.117.0 (api) - DEBUG - GET to endpoint: users/30115812081/info/ returned response: <Response [200]>
2021-08-23 13:04:15,210 - instabot version: 0.117.0 (api) - DEBUG - GET to endpoint: users/41640365314/info/ returned response: <Response [200]>
2021-08-23 13:04:15,791 - instabot version: 0.117.0 (api) - DEBUG - GET to endpoint: users/7231993175/info/ returned response: <Response [200]>
2021-08-23 13:04:16,344 - instabot version: 0.117.0 (api) - DEBUG - GET to endpoint: users/23227794568/info/ returned response: <Response [200]>
2021-08-23 13:04:17,059 - instabot version: 0.117.0 (api) - DEBUG - GET to endpoint: users/2259998919/info/ returned response: <Response [200]>
2021-08-23 13:04:17,608 - instabot version: 0.117.0 (api) - DEBUG - GET to endpoint: users/537920737/info/ returned response: <Response [200]>
2021-08-23 13:04:18,116 - instabot version: 0.117.0 (api) - DEBUG - GET to endpoint: users/1599636658/info/ returned response: <Response [200]>
2021-08-23 13:04:18,722 - instabot version: 0.117.0 (api) - DEBUG - GET to endpoint: users/4574914207/info/ returned response: <Response [200]>
2021-08-23 13:04:19,325 - instabot version: 0.117.0 (api) - DEBUG - GET to endpoint: users/49031765061/info/ returned response: <Response [200]>
2021-08-23 13:04:20,090 - instabot version: 0.117.0 (api) - DEBUG - GET to endpoint: users/2348536642/info/ returned response: <Response [200]>
2021-08-23 13:04:20,774 - instabot version: 0.117.0 (api) - DEBUG - GET to endpoint: users/4972208808/info/ returned response: <Response [200]>
2021-08-23 13:04:21,365 - instabot version: 0.117.0 (api) - DEBUG - GET to endpoint: users/2164041018/info/ returned response: <Response [200]>
2021-08-23 13:04:21,816 - instabot version: 0.117.0 (api) - DEBUG - GET to endpoint: users/4518290896/info/ returned response: <Response [200]>
2021-08-23 13:04:22,484 - instabot version: 0.117.0 (api) - DEBUG - GET to endpoint: users/28936094541/info/ returned response: <Response [200]>
2021-08-23 13:04:23,144 - instabot version: 0.117.0 (api) - DEBUG - GET to endpoint: users/44956743611/info/ returned response: <Response [200]>
2021-08-23 13:04:23,646 - instabot version: 0.117.0 (api) - DEBUG - GET to endpoint: users/47378128885/info/ returned response: <Response [200]>
2021-08-23 13:04:24,212 - instabot version: 0.117.0 (api) - DEBUG - GET to endpoint: users/9050878721/info/ returned response: <Response [200]>
2021-08-23 13:04:24,620 - instabot version: 0.117.0 (api) - DEBUG - GET to endpoint: users/16004975651/info/ returned response: <Response [200]>
2021-08-23 13:04:25,317 - instabot version: 0.117.0 (api) - DEBUG - GET to endpoint: users/47223659939/info/ returned response: <Response [200]>
2021-08-23 13:04:25,898 - instabot version: 0.117.0 (api) - DEBUG - GET to endpoint: users/9243783018/info/ returned response: <Response [200]>
2021-08-23 13:04:26,519 - instabot version: 0.117.0 (api) - DEBUG - GET to endpoint: users/40846376126/info/ returned response: <Response [200]>
2021-08-23 13:04:27,027 - instabot version: 0.117.0 (api) - DEBUG - GET to endpoint: users/2167118268/info/ returned response: <Response [200]>
2021-08-23 13:04:27,578 - instabot version: 0.117.0 (api) - DEBUG - GET to endpoint: users/3627717007/info/ returned response: <Response [200]>
2021-08-23 13:04:28,115 - instabot version: 0.117.0 (api) - DEBUG - GET to endpoint: users/3252999359/info/ returned response: <Response [200]>
2021-08-23 13:04:28,653 - instabot version: 0.117.0 (api) - DEBUG - GET to endpoint: users/9262805746/info/ returned response: <Response [200]>
2021-08-23 13:04:29,158 - instabot version: 0.117.0 (api) - DEBUG - GET to endpoint: users/44514748658/info/ returned response: <Response [200]>
2021-08-23 13:04:29,773 - instabot version: 0.117.0 (api) - DEBUG - GET to endpoint: users/6311737488/info/ returned response: <Response [200]>
2021-08-23 13:04:30,424 - instabot version: 0.117.0 (api) - DEBUG - GET to endpoint: users/662511020/info/ returned response: <Response [200]>
2021-08-23 13:04:30,987 - instabot version: 0.117.0 (api) - DEBUG - GET to endpoint: users/44501657737/info/ returned response: <Response [200]>
2021-08-23 13:04:31,550 - instabot version: 0.117.0 (api) - DEBUG - GET to endpoint: users/47481065722/info/ returned response: <Response [200]>
2021-08-23 13:04:32,135 - instabot version: 0.117.0 (api) - DEBUG - GET to endpoint: users/7301265438/info/ returned response: <Response [200]>
2021-08-23 13:04:32,813 - instabot version: 0.117.0 (api) - DEBUG - GET to endpoint: users/39738329295/info/ returned response: <Response [200]>
2021-08-23 13:04:33,402 - instabot version: 0.117.0 (api) - DEBUG - GET to endpoint: users/8357087221/info/ returned response: <Response [200]>
2021-08-23 13:04:33,852 - instabot version: 0.117.0 (api) - DEBUG - GET to endpoint: users/47723089151/info/ returned response: <Response [200]>
2021-08-23 13:04:34,382 - instabot version: 0.117.0 (api) - DEBUG - GET to endpoint: users/10097221793/info/ returned response: <Response [200]>
2021-08-23 13:04:34,899 - instabot version: 0.117.0 (api) - DEBUG - GET to endpoint: users/39046315118/info/ returned response: <Response [200]>
2021-08-23 13:04:35,524 - instabot version: 0.117.0 (api) - DEBUG - GET to endpoint: users/3223402305/info/ returned response: <Response [200]>
2021-08-23 13:04:36,118 - instabot version: 0.117.0 (api) - DEBUG - GET to endpoint: users/44453012570/info/ returned response: <Response [200]>
2021-08-23 13:04:36,643 - instabot version: 0.117.0 (api) - DEBUG - GET to endpoint: users/7366192970/info/ returned response: <Response [200]>
2021-08-23 13:04:41,784 - instabot version: 0.117.0 (api) - DEBUG - GET to endpoint: feed/tag/дизайнер/?max_id=&rank_token=48835444494_81500ee0-4cf5-493e-ae1a-6a5011cbe63d&ranked_content=true& returned response: <Response [200]>
2021-08-23 13:04:43,158 - instabot version: 0.117.0 (api) - DEBUG - GET to endpoint: users/1471840684/info/ returned response: <Response [200]>
2021-08-23 13:04:43,780 - instabot version: 0.117.0 (api) - DEBUG - GET to endpoint: users/1357386196/info/ returned response: <Response [200]>
2021-08-23 13:04:44,660 - instabot version: 0.117.0 (api) - DEBUG - GET to endpoint: users/50424626/info/ returned response: <Response [200]>
2021-08-23 13:04:45,305 - instabot version: 0.117.0 (api) - DEBUG - GET to endpoint: users/3290270012/info/ returned response: <Response [200]>
2021-08-23 13:04:45,967 - instabot version: 0.117.0 (api) - DEBUG - GET to endpoint: users/3763163555/info/ returned response: <Response [200]>
2021-08-23 13:04:46,555 - instabot version: 0.117.0 (api) - DEBUG - GET to endpoint: users/1329960231/info/ returned response: <Response [200]>
2021-08-23 13:04:47,025 - instabot version: 0.117.0 (api) - DEBUG - GET to endpoint: users/3504316535/info/ returned response: <Response [200]>
2021-08-23 13:04:47,724 - instabot version: 0.117.0 (api) - DEBUG - GET to endpoint: users/1576059895/info/ returned response: <Response [200]>
2021-08-23 13:04:48,313 - instabot version: 0.117.0 (api) - DEBUG - GET to endpoint: users/44561273086/info/ returned response: <Response [200]>
2021-08-23 13:04:48,835 - instabot version: 0.117.0 (api) - DEBUG - GET to endpoint: users/1706227148/info/ returned response: <Response [200]>
2021-08-23 13:04:49,503 - instabot version: 0.117.0 (api) - DEBUG - GET to endpoint: users/24895878028/info/ returned response: <Response [200]>
2021-08-23 13:04:50,059 - instabot version: 0.117.0 (api) - DEBUG - GET to endpoint: users/4459413799/info/ returned response: <Response [200]>
2021-08-23 13:04:50,758 - instabot version: 0.117.0 (api) - DEBUG - GET to endpoint: users/47731705970/info/ returned response: <Response [200]>
2021-08-23 13:04:51,302 - instabot version: 0.117.0 (api) - DEBUG - GET to endpoint: users/4703660949/info/ returned response: <Response [200]>
2021-08-23 13:04:51,718 - instabot version: 0.117.0 (api) - DEBUG - GET to endpoint: users/3689431902/info/ returned response: <Response [200]>
2021-08-23 13:04:52,106 - instabot version: 0.117.0 (api) - DEBUG - GET to endpoint: users/49005591418/info/ returned response: <Response [200]>
2021-08-23 13:04:52,867 - instabot version: 0.117.0 (api) - DEBUG - GET to endpoint: users/4143623473/info/ returned response: <Response [200]>
2021-08-23 13:04:53,740 - instabot version: 0.117.0 (api) - DEBUG - GET to endpoint: users/44786478780/info/ returned response: <Response [200]>
2021-08-23 13:04:54,373 - instabot version: 0.117.0 (api) - DEBUG - GET to endpoint: users/5703917188/info/ returned response: <Response [200]>
2021-08-23 13:04:54,891 - instabot version: 0.117.0 (api) - DEBUG - GET to endpoint: users/1473788390/info/ returned response: <Response [200]>
2021-08-23 13:04:55,461 - instabot version: 0.117.0 (api) - DEBUG - GET to endpoint: users/7186250217/info/ returned response: <Response [200]>
2021-08-23 13:04:55,923 - instabot version: 0.117.0 (api) - DEBUG - GET to endpoint: users/532960231/info/ returned response: <Response [200]>
2021-08-23 13:04:56,419 - instabot version: 0.117.0 (api) - DEBUG - GET to endpoint: users/41361221972/info/ returned response: <Response [200]>
2021-08-23 13:04:57,005 - instabot version: 0.117.0 (api) - DEBUG - GET to endpoint: users/25791289330/info/ returned response: <Response [200]>
2021-08-23 13:04:57,455 - instabot version: 0.117.0 (api) - DEBUG - GET to endpoint: users/6656995052/info/ returned response: <Response [200]>
2021-08-23 13:04:57,867 - instabot version: 0.117.0 (api) - DEBUG - GET to endpoint: users/44776502185/info/ returned response: <Response [200]>
2021-08-23 13:04:58,337 - instabot version: 0.117.0 (api) - DEBUG - GET to endpoint: users/7008587829/info/ returned response: <Response [200]>
2021-08-23 13:04:58,861 - instabot version: 0.117.0 (api) - DEBUG - GET to endpoint: users/47467571395/info/ returned response: <Response [200]>
2021-08-23 13:04:59,385 - instabot version: 0.117.0 (api) - DEBUG - GET to endpoint: users/1787262248/info/ returned response: <Response [200]>
2021-08-23 13:04:59,849 - instabot version: 0.117.0 (api) - DEBUG - GET to endpoint: users/21360847396/info/ returned response: <Response [200]>
2021-08-23 13:05:01,144 - instabot version: 0.117.0 (api) - DEBUG - GET to endpoint: users/1635219183/info/ returned response: <Response [200]>
2021-08-23 13:05:01,618 - instabot version: 0.117.0 (api) - DEBUG - GET to endpoint: users/910136303/info/ returned response: <Response [200]>
2021-08-23 13:05:02,085 - instabot version: 0.117.0 (api) - DEBUG - GET to endpoint: users/8292662648/info/ returned response: <Response [200]>
2021-08-23 13:05:02,538 - instabot version: 0.117.0 (api) - DEBUG - GET to endpoint: users/22161825960/info/ returned response: <Response [200]>
2021-08-23 13:05:02,980 - instabot version: 0.117.0 (api) - DEBUG - GET to endpoint: users/46537022463/info/ returned response: <Response [200]>
2021-08-23 13:05:03,447 - instabot version: 0.117.0 (api) - DEBUG - GET to endpoint: users/4253776833/info/ returned response: <Response [200]>
2021-08-23 13:05:03,943 - instabot version: 0.117.0 (api) - DEBUG - GET to endpoint: users/4217073978/info/ returned response: <Response [200]>
2021-08-23 13:05:04,460 - instabot version: 0.117.0 (api) - DEBUG - GET to endpoint: users/5910886009/info/ returned response: <Response [200]>
2021-08-23 13:05:05,318 - instabot version: 0.117.0 (api) - DEBUG - GET to endpoint: users/44078824577/info/ returned response: <Response [200]>
2021-08-23 13:05:05,691 - instabot version: 0.117.0 (api) - DEBUG - GET to endpoint: users/253156404/info/ returned response: <Response [200]>
2021-08-23 13:05:06,226 - instabot version: 0.117.0 (api) - DEBUG - GET to endpoint: users/4461372508/info/ returned response: <Response [200]>
2021-08-23 13:05:06,811 - instabot version: 0.117.0 (api) - DEBUG - GET to endpoint: users/47426606739/info/ returned response: <Response [200]>
2021-08-23 13:05:07,314 - instabot version: 0.117.0 (api) - DEBUG - GET to endpoint: users/1812044072/info/ returned response: <Response [200]>
2021-08-23 13:05:07,847 - instabot version: 0.117.0 (api) - DEBUG - GET to endpoint: users/47906729548/info/ returned response: <Response [200]>
2021-08-23 13:05:08,324 - instabot version: 0.117.0 (api) - DEBUG - GET to endpoint: users/4359670347/info/ returned response: <Response [200]>
2021-08-23 13:05:08,845 - instabot version: 0.117.0 (api) - DEBUG - GET to endpoint: users/45498483406/info/ returned response: <Response [200]>
2021-08-23 13:05:09,363 - instabot version: 0.117.0 (api) - DEBUG - GET to endpoint: users/240943889/info/ returned response: <Response [200]>
2021-08-23 13:05:09,866 - instabot version: 0.117.0 (api) - DEBUG - GET to endpoint: users/2238171529/info/ returned response: <Response [200]>
2021-08-23 13:05:10,308 - instabot version: 0.117.0 (api) - DEBUG - GET to endpoint: users/1645295106/info/ returned response: <Response [200]>
2021-08-23 13:05:10,819 - instabot version: 0.117.0 (api) - DEBUG - GET to endpoint: users/7147567820/info/ returned response: <Response [200]>
2021-08-23 13:05:11,274 - instabot version: 0.117.0 (api) - DEBUG - GET to endpoint: users/25952094492/info/ returned response: <Response [200]>
2021-08-23 13:05:11,765 - instabot version: 0.117.0 (api) - DEBUG - GET to endpoint: users/2340004573/info/ returned response: <Response [200]>
2021-08-23 13:05:12,167 - instabot version: 0.117.0 (api) - DEBUG - GET to endpoint: users/29334940860/info/ returned response: <Response [200]>
2021-08-23 13:05:12,773 - instabot version: 0.117.0 (api) - DEBUG - GET to endpoint: users/32716511295/info/ returned response: <Response [200]>
2021-08-23 13:05:13,246 - instabot version: 0.117.0 (api) - DEBUG - GET to endpoint: users/41719187450/info/ returned response: <Response [200]>
2021-08-23 13:05:13,735 - instabot version: 0.117.0 (api) - DEBUG - GET to endpoint: users/48817039092/info/ returned response: <Response [200]>
2021-08-23 13:05:14,215 - instabot version: 0.117.0 (api) - DEBUG - GET to endpoint: users/26759019954/info/ returned response: <Response [200]>
2021-08-23 13:05:14,700 - instabot version: 0.117.0 (api) - DEBUG - GET to endpoint: users/1920739098/info/ returned response: <Response [200]>
2021-08-23 13:05:15,270 - instabot version: 0.117.0 (api) - DEBUG - GET to endpoint: users/13970344787/info/ returned response: <Response [200]>
2021-08-23 13:05:15,737 - instabot version: 0.117.0 (api) - DEBUG - GET to endpoint: users/49217074197/info/ returned response: <Response [200]>
2021-08-23 13:05:16,236 - instabot version: 0.117.0 (api) - DEBUG - GET to endpoint: users/9177745531/info/ returned response: <Response [200]>
2021-08-23 13:05:16,800 - instabot version: 0.117.0 (api) - DEBUG - GET to endpoint: users/44816117300/info/ returned response: <Response [200]>
2021-08-23 13:05:22,184 - instabot version: 0.117.0 (api) - DEBUG - GET to endpoint: feed/tag/интерьер/?max_id=&rank_token=48835444494_81500ee0-4cf5-493e-ae1a-6a5011cbe63d&ranked_content=true& returned response: <Response [200]>
2021-08-23 13:05:22,683 - instabot version: 0.117.0 (api) - DEBUG - GET to endpoint: users/25535412877/info/ returned response: <Response [200]>
2021-08-23 13:05:23,242 - instabot version: 0.117.0 (api) - DEBUG - GET to endpoint: users/4260541364/info/ returned response: <Response [200]>
2021-08-23 13:05:23,744 - instabot version: 0.117.0 (api) - DEBUG - GET to endpoint: users/49016121271/info/ returned response: <Response [200]>
2021-08-23 13:05:24,280 - instabot version: 0.117.0 (api) - DEBUG - GET to endpoint: users/18315228916/info/ returned response: <Response [200]>
2021-08-23 13:05:24,751 - instabot version: 0.117.0 (api) - DEBUG - GET to endpoint: users/48016597158/info/ returned response: <Response [200]>
2021-08-23 13:05:25,317 - instabot version: 0.117.0 (api) - DEBUG - GET to endpoint: users/47362184292/info/ returned response: <Response [200]>
2021-08-23 13:05:25,920 - instabot version: 0.117.0 (api) - DEBUG - GET to endpoint: users/1714375390/info/ returned response: <Response [200]>
2021-08-23 13:05:26,469 - instabot version: 0.117.0 (api) - DEBUG - GET to endpoint: users/6945034708/info/ returned response: <Response [200]>
2021-08-23 13:05:27,020 - instabot version: 0.117.0 (api) - DEBUG - GET to endpoint: users/32249159120/info/ returned response: <Response [200]>
2021-08-23 13:05:27,503 - instabot version: 0.117.0 (api) - DEBUG - GET to endpoint: users/27644318302/info/ returned response: <Response [200]>
2021-08-23 13:05:28,152 - instabot version: 0.117.0 (api) - DEBUG - GET to endpoint: users/7612405769/info/ returned response: <Response [200]>
2021-08-23 13:05:28,690 - instabot version: 0.117.0 (api) - DEBUG - GET to endpoint: users/19358309289/info/ returned response: <Response [200]>
2021-08-23 13:05:29,540 - instabot version: 0.117.0 (api) - DEBUG - GET to endpoint: users/7058592900/info/ returned response: <Response [200]>
2021-08-23 13:05:30,310 - instabot version: 0.117.0 (api) - DEBUG - GET to endpoint: users/48964121319/info/ returned response: <Response [200]>
2021-08-23 13:05:30,888 - instabot version: 0.117.0 (api) - DEBUG - GET to endpoint: users/301250224/info/ returned response: <Response [200]>
2021-08-23 13:05:31,591 - instabot version: 0.117.0 (api) - DEBUG - GET to endpoint: users/6928052410/info/ returned response: <Response [200]>
2021-08-23 13:05:31,955 - instabot version: 0.117.0 (api) - DEBUG - GET to endpoint: users/48650477310/info/ returned response: <Response [200]>
2021-08-23 13:05:32,492 - instabot version: 0.117.0 (api) - DEBUG - GET to endpoint: users/24339320442/info/ returned response: <Response [200]>
2021-08-23 13:05:33,059 - instabot version: 0.117.0 (api) - DEBUG - GET to endpoint: users/21309357534/info/ returned response: <Response [200]>
2021-08-23 13:05:33,759 - instabot version: 0.117.0 (api) - DEBUG - GET to endpoint: users/4146092064/info/ returned response: <Response [200]>
2021-08-23 13:05:34,317 - instabot version: 0.117.0 (api) - DEBUG - GET to endpoint: users/40051858964/info/ returned response: <Response [200]>
2021-08-23 13:05:34,821 - instabot version: 0.117.0 (api) - DEBUG - GET to endpoint: users/3979037491/info/ returned response: <Response [200]>
2021-08-23 13:05:35,294 - instabot version: 0.117.0 (api) - DEBUG - GET to endpoint: users/3049870177/info/ returned response: <Response [200]>
2021-08-23 13:05:35,847 - instabot version: 0.117.0 (api) - DEBUG - GET to endpoint: users/335160561/info/ returned response: <Response [200]>
2021-08-23 13:05:36,399 - instabot version: 0.117.0 (api) - DEBUG - GET to endpoint: users/44085375898/info/ returned response: <Response [200]>
2021-08-23 13:05:36,997 - instabot version: 0.117.0 (api) - DEBUG - GET to endpoint: users/48633865796/info/ returned response: <Response [200]>
2021-08-23 13:05:37,471 - instabot version: 0.117.0 (api) - DEBUG - GET to endpoint: users/6620320046/info/ returned response: <Response [200]>
2021-08-23 13:05:37,963 - instabot version: 0.117.0 (api) - DEBUG - GET to endpoint: users/42812930026/info/ returned response: <Response [200]>
2021-08-23 13:05:38,439 - instabot version: 0.117.0 (api) - DEBUG - GET to endpoint: users/3542832970/info/ returned response: <Response [200]>
2021-08-23 13:05:38,969 - instabot version: 0.117.0 (api) - DEBUG - GET to endpoint: users/45088583093/info/ returned response: <Response [200]>
2021-08-23 13:05:39,535 - instabot version: 0.117.0 (api) - DEBUG - GET to endpoint: users/33999993312/info/ returned response: <Response [200]>
2021-08-23 13:05:40,098 - instabot version: 0.117.0 (api) - DEBUG - GET to endpoint: users/5810525153/info/ returned response: <Response [200]>
2021-08-23 13:05:40,688 - instabot version: 0.117.0 (api) - DEBUG - GET to endpoint: users/28493741402/info/ returned response: <Response [200]>
2021-08-23 13:05:41,315 - instabot version: 0.117.0 (api) - DEBUG - GET to endpoint: users/44707706040/info/ returned response: <Response [200]>
2021-08-23 13:05:41,873 - instabot version: 0.117.0 (api) - DEBUG - GET to endpoint: users/1466268410/info/ returned response: <Response [200]>
2021-08-23 13:05:42,428 - instabot version: 0.117.0 (api) - DEBUG - GET to endpoint: users/5774220600/info/ returned response: <Response [200]>
2021-08-23 13:05:43,034 - instabot version: 0.117.0 (api) - DEBUG - GET to endpoint: users/29373923743/info/ returned response: <Response [200]>
2021-08-23 13:05:43,592 - instabot version: 0.117.0 (api) - DEBUG - GET to endpoint: users/48779273504/info/ returned response: <Response [200]>
2021-08-23 13:05:44,083 - instabot version: 0.117.0 (api) - DEBUG - GET to endpoint: users/36830040447/info/ returned response: <Response [200]>
2021-08-23 13:05:44,570 - instabot version: 0.117.0 (api) - DEBUG - GET to endpoint: users/46122942162/info/ returned response: <Response [200]>
2021-08-23 13:05:45,200 - instabot version: 0.117.0 (api) - DEBUG - GET to endpoint: users/3023377670/info/ returned response: <Response [200]>
2021-08-23 13:05:45,830 - instabot version: 0.117.0 (api) - DEBUG - GET to endpoint: users/5633470030/info/ returned response: <Response [200]>
2021-08-23 13:05:46,628 - instabot version: 0.117.0 (api) - DEBUG - GET to endpoint: users/2050092771/info/ returned response: <Response [200]>
2021-08-23 13:05:47,187 - instabot version: 0.117.0 (api) - DEBUG - GET to endpoint: users/15928205172/info/ returned response: <Response [200]>
2021-08-23 13:05:47,666 - instabot version: 0.117.0 (api) - DEBUG - GET to endpoint: users/30736233048/info/ returned response: <Response [200]>
2021-08-23 13:05:48,147 - instabot version: 0.117.0 (api) - DEBUG - GET to endpoint: users/8998231082/info/ returned response: <Response [200]>
2021-08-23 13:05:48,744 - instabot version: 0.117.0 (api) - DEBUG - GET to endpoint: users/1663738477/info/ returned response: <Response [200]>
2021-08-23 13:05:49,407 - instabot version: 0.117.0 (api) - DEBUG - GET to endpoint: users/9475074182/info/ returned response: <Response [200]>
2021-08-23 13:05:49,885 - instabot version: 0.117.0 (api) - DEBUG - GET to endpoint: users/39515786253/info/ returned response: <Response [200]>
2021-08-23 13:05:50,453 - instabot version: 0.117.0 (api) - DEBUG - GET to endpoint: users/26551701372/info/ returned response: <Response [200]>
2021-08-23 13:05:51,023 - instabot version: 0.117.0 (api) - DEBUG - GET to endpoint: users/45417277370/info/ returned response: <Response [200]>
2021-08-23 13:05:51,679 - instabot version: 0.117.0 (api) - DEBUG - GET to endpoint: users/7001836218/info/ returned response: <Response [200]>
2021-08-23 13:05:52,203 - instabot version: 0.117.0 (api) - DEBUG - GET to endpoint: users/9927359699/info/ returned response: <Response [200]>
2021-08-23 13:05:52,787 - instabot version: 0.117.0 (api) - DEBUG - GET to endpoint: users/8545245494/info/ returned response: <Response [200]>
2021-08-23 13:05:53,318 - instabot version: 0.117.0 (api) - DEBUG - GET to endpoint: users/8680741692/info/ returned response: <Response [200]>
2021-08-23 13:05:53,775 - instabot version: 0.117.0 (api) - DEBUG - GET to endpoint: users/8100040866/info/ returned response: <Response [200]>
2021-08-23 13:05:54,297 - instabot version: 0.117.0 (api) - DEBUG - GET to endpoint: users/48619938898/info/ returned response: <Response [200]>
2021-08-23 13:05:54,818 - instabot version: 0.117.0 (api) - DEBUG - GET to endpoint: users/1088689190/info/ returned response: <Response [200]>
