2021-08-04 13:24:30,160 - instabot version: 0.117.0 (bot) - INFO - Instabot version: 0.117.0 Started
2021-08-04 13:24:30,160 - instabot version: 0.117.0 (bot) - DEBUG - Bot imported from D:\searchdisaner\venv\lib\site-packages\instabot\bot\bot.py
2021-08-04 13:24:30,161 - instabot version: 0.117.0 (api_login) - DEBUG - Loading uuids
2021-08-04 13:24:30,161 - instabot version: 0.117.0 (api_login) - INFO - Recovery from D:\searchdisaner/config/instbober_uuid_and_cookie.json: COOKIE False - UUIDs True - TIMING, DEVICE and ...
- user-agent=Instagram 117.0.0.28.123 Android (28/9.0; 420dpi; 1080x1920; OnePlus; ONEPLUS A3003; OnePlus3; qcom; en_US; 180322800)
- phone_id=69e66906-ef6a-4561-86e6-8c98a236847c
- uuid=81500ee0-4cf5-493e-ae1a-6a5011cbe63d
- client_session_id=32957a9d-435a-448b-9ee5-e5e488d33b0c
- device_id=android-ba894ce94a484232
2021-08-04 13:24:30,162 - instabot version: 0.117.0 (api_login) - INFO - Not yet logged in starting: PRE-LOGIN FLOW!
2021-08-04 13:24:30,415 - instabot version: 0.117.0 (api) - DEBUG - POST to endpoint: accounts/get_prefill_candidates/ returned response: <Response [200]>
2021-08-04 13:24:30,684 - instabot version: 0.117.0 (api) - DEBUG - POST to endpoint: qe/sync/ returned response: <Response [200]>
2021-08-04 13:24:30,944 - instabot version: 0.117.0 (api) - DEBUG - POST to endpoint: launcher/sync/ returned response: <Response [200]>
2021-08-04 13:24:31,189 - instabot version: 0.117.0 (api) - DEBUG - POST to endpoint: accounts/contact_point_prefill/ returned response: <Response [200]>
2021-08-04 13:24:34,015 - instabot version: 0.117.0 (api) - DEBUG - POST to endpoint: accounts/login/ returned response: <Response [200]>
2021-08-04 13:24:34,015 - instabot version: 0.117.0 (api) - INFO - Logged-in successfully as 'instbober'!
2021-08-04 13:24:34,016 - instabot version: 0.117.0 (api_login) - INFO - LOGIN FLOW! Just logged-in: True
2021-08-04 13:24:34,324 - instabot version: 0.117.0 (api) - DEBUG - POST to endpoint: qe/sync/ returned response: <Response [200]>
2021-08-04 13:24:34,619 - instabot version: 0.117.0 (api) - DEBUG - POST to endpoint: launcher/sync/ returned response: <Response [200]>
2021-08-04 13:24:34,903 - instabot version: 0.117.0 (api) - DEBUG - GET to endpoint: zr/token/result/?device_id=android-ba894ce94a484232&token_hash=&custom_device_id=android-ba894ce94a484232&fetch_reason=token_expired returned response: <Response [200]>
2021-08-04 13:24:35,192 - instabot version: 0.117.0 (api) - DEBUG - GET to endpoint: multiple_accounts/get_account_family/ returned response: <Response [200]>
2021-08-04 13:24:35,485 - instabot version: 0.117.0 (api) - DEBUG - POST to endpoint: qe/sync/ returned response: <Response [200]>
2021-08-04 13:24:36,452 - instabot version: 0.117.0 (api) - DEBUG - GET to endpoint: igtv/browse_feed/?prefetch=1 returned response: <Response [200]>
2021-08-04 13:24:36,727 - instabot version: 0.117.0 (api) - DEBUG - POST to endpoint: creatives/ar_class/ returned response: <Response [200]>
2021-08-04 13:24:37,231 - instabot version: 0.117.0 (api) - DEBUG - POST to endpoint: feed/reels_tray/ returned response: <Response [200]>
2021-08-04 13:24:40,135 - instabot version: 0.117.0 (api) - DEBUG - POST to endpoint: feed/timeline/ returned response: <Response [200]>
2021-08-04 13:24:40,423 - instabot version: 0.117.0 (api) - DEBUG - GET to endpoint: media/blocked/ returned response: <Response [200]>
2021-08-04 13:24:41,067 - instabot version: 0.117.0 (api) - DEBUG - GET to endpoint: news/inbox/ returned response: <Response [200]>
2021-08-04 13:24:41,361 - instabot version: 0.117.0 (api) - DEBUG - GET to endpoint: loom/fetch_config/ returned response: <Response [200]>
2021-08-04 13:24:42,023 - instabot version: 0.117.0 (api) - DEBUG - GET to endpoint: scores/bootstrap/users/?surfaces=["autocomplete_user_list","coefficient_besties_list_ranking","coefficient_rank_recipient_user_suggestion","coefficient_ios_section_test_bootstrap_ranking","coefficient_direct_recipients_ranking_variant_2"] returned response: <Response [200]>
2021-08-04 13:24:42,304 - instabot version: 0.117.0 (api) - DEBUG - GET to endpoint: business/eligibility/get_monetization_products_eligibility_data/?product_types=branded_content returned response: <Response [200]>
2021-08-04 13:24:42,645 - instabot version: 0.117.0 (api) - DEBUG - GET to endpoint: business/branded_content/should_require_professional_account/ returned response: <Response [200]>
2021-08-04 13:24:42,907 - instabot version: 0.117.0 (api) - DEBUG - GET to endpoint: linked_accounts/get_linkage_status/ returned response: <Response [200]>
2021-08-04 13:24:43,173 - instabot version: 0.117.0 (api) - DEBUG - GET to endpoint: locations/request_country/ returned response: <Response [200]>
2021-08-04 13:24:43,445 - instabot version: 0.117.0 (api) - DEBUG - GET to endpoint: qp/get_cooldowns/?signed_body=signed_body=4b9c516a5410a3bc128e09c6104a7f042146b9c2023870560c63a43a7f66781c.4&ig_sig_key_version=4&ig_sig_key_version=4 returned response: <Response [200]>
2021-08-04 13:24:43,736 - instabot version: 0.117.0 (api) - DEBUG - GET to endpoint: users/arlink_download_info/?version_override=2.2.1 returned response: <Response [200]>
2021-08-04 13:24:44,167 - instabot version: 0.117.0 (api) - DEBUG - GET to endpoint: users/48835444494/info/ returned response: <Response [200]>
2021-08-04 13:24:44,557 - instabot version: 0.117.0 (api) - DEBUG - GET to endpoint: direct_v2/get_presence/ returned response: <Response [200]>
2021-08-04 13:24:44,989 - instabot version: 0.117.0 (api) - DEBUG - GET to endpoint: direct_v2/inbox/?visual_message_return_type=unseen&thread_message_limit=10&persistentBadging=true&limit=20 returned response: <Response [200]>
2021-08-04 13:24:45,396 - instabot version: 0.117.0 (api) - DEBUG - GET to endpoint: direct_v2/inbox/?visual_message_return_type=unseen&persistentBadging=true&limit=0 returned response: <Response [200]>
2021-08-04 13:24:45,792 - instabot version: 0.117.0 (api) - DEBUG - GET to endpoint: discover/topical_explore/?is_prefetch=true&omit_cover_media=true&use_sectional_payload=true&timezone_offset=0&session_id=32957a9d-435a-448b-9ee5-e5e488d33b0c&include_fixed_destinations=true returned response: <Response [200]>
2021-08-04 13:24:46,094 - instabot version: 0.117.0 (api) - DEBUG - POST to endpoint: notifications/badge/ returned response: <Response [200]>
2021-08-04 13:24:46,471 - instabot version: 0.117.0 (api) - DEBUG - POST to endpoint: qp/batch_fetch/ returned response: <Response [200]>
2021-08-04 13:24:46,472 - instabot version: 0.117.0 (bot_checkpoint) - DEBUG - Loading Checkpoint file from: D:\searchdisaner/config/instbober.checkpoint
2021-08-04 13:24:52,127 - instabot version: 0.117.0 (api) - DEBUG - GET to endpoint: feed/tag/дизайн/?max_id=&rank_token=48835444494_81500ee0-4cf5-493e-ae1a-6a5011cbe63d&ranked_content=true& returned response: <Response [200]>
2021-08-04 13:24:52,737 - instabot version: 0.117.0 (api) - DEBUG - GET to endpoint: users/44444514013/info/ returned response: <Response [200]>
2021-08-04 13:24:53,419 - instabot version: 0.117.0 (api) - DEBUG - GET to endpoint: users/46807691175/info/ returned response: <Response [200]>
2021-08-04 13:24:54,012 - instabot version: 0.117.0 (api) - DEBUG - GET to endpoint: users/6957563437/info/ returned response: <Response [200]>
2021-08-04 13:24:54,538 - instabot version: 0.117.0 (api) - DEBUG - GET to endpoint: users/45238726593/info/ returned response: <Response [200]>
2021-08-04 13:24:55,024 - instabot version: 0.117.0 (api) - DEBUG - GET to endpoint: users/4141841921/info/ returned response: <Response [200]>
2021-08-04 13:24:55,492 - instabot version: 0.117.0 (api) - DEBUG - GET to endpoint: users/40974078362/info/ returned response: <Response [200]>
2021-08-04 13:24:55,957 - instabot version: 0.117.0 (api) - DEBUG - GET to endpoint: users/48366502587/info/ returned response: <Response [200]>
2021-08-04 13:24:56,377 - instabot version: 0.117.0 (api) - DEBUG - GET to endpoint: users/47193719534/info/ returned response: <Response [200]>
2021-08-04 13:24:56,967 - instabot version: 0.117.0 (api) - DEBUG - GET to endpoint: users/23320232077/info/ returned response: <Response [200]>
2021-08-04 13:24:57,440 - instabot version: 0.117.0 (api) - DEBUG - GET to endpoint: users/9135139235/info/ returned response: <Response [200]>
2021-08-04 13:24:57,882 - instabot version: 0.117.0 (api) - DEBUG - GET to endpoint: users/10256122989/info/ returned response: <Response [200]>
2021-08-04 13:24:58,815 - instabot version: 0.117.0 (api) - DEBUG - GET to endpoint: users/27713904341/info/ returned response: <Response [200]>
2021-08-04 13:24:59,401 - instabot version: 0.117.0 (api) - DEBUG - GET to endpoint: users/4104712864/info/ returned response: <Response [200]>
2021-08-04 13:24:59,961 - instabot version: 0.117.0 (api) - DEBUG - GET to endpoint: users/1961248427/info/ returned response: <Response [200]>
2021-08-04 13:25:00,527 - instabot version: 0.117.0 (api) - DEBUG - GET to endpoint: users/43001276922/info/ returned response: <Response [200]>
2021-08-04 13:25:01,306 - instabot version: 0.117.0 (api) - DEBUG - GET to endpoint: users/1682452649/info/ returned response: <Response [200]>
2021-08-04 13:25:02,477 - instabot version: 0.117.0 (api) - DEBUG - GET to endpoint: users/3307471754/info/ returned response: <Response [200]>
2021-08-04 13:25:03,261 - instabot version: 0.117.0 (api) - DEBUG - GET to endpoint: users/47652545140/info/ returned response: <Response [200]>
2021-08-04 13:25:03,735 - instabot version: 0.117.0 (api) - DEBUG - GET to endpoint: users/48842660334/info/ returned response: <Response [200]>
2021-08-04 13:25:04,292 - instabot version: 0.117.0 (api) - DEBUG - GET to endpoint: users/4020951430/info/ returned response: <Response [200]>
2021-08-04 13:25:04,924 - instabot version: 0.117.0 (api) - DEBUG - GET to endpoint: users/6534542064/info/ returned response: <Response [200]>
2021-08-04 13:25:05,540 - instabot version: 0.117.0 (api) - DEBUG - GET to endpoint: users/8487548824/info/ returned response: <Response [200]>
2021-08-04 13:25:06,155 - instabot version: 0.117.0 (api) - DEBUG - GET to endpoint: users/8709021032/info/ returned response: <Response [200]>
2021-08-04 13:25:06,737 - instabot version: 0.117.0 (api) - DEBUG - GET to endpoint: users/9046421568/info/ returned response: <Response [200]>
2021-08-04 13:25:07,192 - instabot version: 0.117.0 (api) - DEBUG - GET to endpoint: users/45408737916/info/ returned response: <Response [200]>
2021-08-04 13:25:07,795 - instabot version: 0.117.0 (api) - DEBUG - GET to endpoint: users/3021853363/info/ returned response: <Response [200]>
2021-08-04 13:25:08,357 - instabot version: 0.117.0 (api) - DEBUG - GET to endpoint: users/33514803620/info/ returned response: <Response [200]>
2021-08-04 13:25:08,954 - instabot version: 0.117.0 (api) - DEBUG - GET to endpoint: users/45444831098/info/ returned response: <Response [200]>
2021-08-04 13:25:09,465 - instabot version: 0.117.0 (api) - DEBUG - GET to endpoint: users/41345894080/info/ returned response: <Response [200]>
2021-08-04 13:25:10,048 - instabot version: 0.117.0 (api) - DEBUG - GET to endpoint: users/46774741575/info/ returned response: <Response [200]>
2021-08-04 13:25:10,616 - instabot version: 0.117.0 (api) - DEBUG - GET to endpoint: users/47583149851/info/ returned response: <Response [200]>
2021-08-04 13:25:11,119 - instabot version: 0.117.0 (api) - DEBUG - GET to endpoint: users/47931259398/info/ returned response: <Response [200]>
2021-08-04 13:25:11,620 - instabot version: 0.117.0 (api) - DEBUG - GET to endpoint: users/5926249702/info/ returned response: <Response [200]>
2021-08-04 13:25:12,234 - instabot version: 0.117.0 (api) - DEBUG - GET to endpoint: users/33397777640/info/ returned response: <Response [200]>
2021-08-04 13:25:12,796 - instabot version: 0.117.0 (api) - DEBUG - GET to endpoint: users/18130951581/info/ returned response: <Response [200]>
2021-08-04 13:25:13,198 - instabot version: 0.117.0 (api) - DEBUG - GET to endpoint: users/47440337897/info/ returned response: <Response [200]>
2021-08-04 13:25:13,740 - instabot version: 0.117.0 (api) - DEBUG - GET to endpoint: users/12736434336/info/ returned response: <Response [200]>
2021-08-04 13:25:14,507 - instabot version: 0.117.0 (api) - DEBUG - GET to endpoint: users/2272539326/info/ returned response: <Response [200]>
2021-08-04 13:25:14,964 - instabot version: 0.117.0 (api) - DEBUG - GET to endpoint: users/5452614568/info/ returned response: <Response [200]>
2021-08-04 13:25:15,712 - instabot version: 0.117.0 (api) - DEBUG - GET to endpoint: users/45437021163/info/ returned response: <Response [200]>
2021-08-04 13:25:16,208 - instabot version: 0.117.0 (api) - DEBUG - GET to endpoint: users/48659062088/info/ returned response: <Response [200]>
2021-08-04 13:25:16,621 - instabot version: 0.117.0 (api) - DEBUG - GET to endpoint: users/45657308053/info/ returned response: <Response [200]>
2021-08-04 13:25:17,120 - instabot version: 0.117.0 (api) - DEBUG - GET to endpoint: users/47856820677/info/ returned response: <Response [200]>
2021-08-04 13:25:17,734 - instabot version: 0.117.0 (api) - DEBUG - GET to endpoint: users/47329842279/info/ returned response: <Response [200]>
2021-08-04 13:25:18,316 - instabot version: 0.117.0 (api) - DEBUG - GET to endpoint: users/10742466950/info/ returned response: <Response [200]>
2021-08-04 13:25:18,900 - instabot version: 0.117.0 (api) - DEBUG - GET to endpoint: users/1277431219/info/ returned response: <Response [200]>
2021-08-04 13:25:19,682 - instabot version: 0.117.0 (api) - DEBUG - GET to endpoint: users/4972155562/info/ returned response: <Response [200]>
2021-08-04 13:25:20,187 - instabot version: 0.117.0 (api) - DEBUG - GET to endpoint: users/41972335835/info/ returned response: <Response [200]>
2021-08-04 13:25:20,627 - instabot version: 0.117.0 (api) - DEBUG - GET to endpoint: users/48786099331/info/ returned response: <Response [200]>
2021-08-04 13:25:21,069 - instabot version: 0.117.0 (api) - DEBUG - GET to endpoint: users/48606514033/info/ returned response: <Response [200]>
2021-08-04 13:25:21,556 - instabot version: 0.117.0 (api) - DEBUG - GET to endpoint: users/48189528391/info/ returned response: <Response [200]>
2021-08-04 13:25:22,118 - instabot version: 0.117.0 (api) - DEBUG - GET to endpoint: users/46049848461/info/ returned response: <Response [200]>
2021-08-04 13:25:22,605 - instabot version: 0.117.0 (api) - DEBUG - GET to endpoint: users/44216325225/info/ returned response: <Response [200]>
2021-08-04 13:25:23,178 - instabot version: 0.117.0 (api) - DEBUG - GET to endpoint: users/8591799608/info/ returned response: <Response [200]>
2021-08-04 13:25:23,555 - instabot version: 0.117.0 (api) - DEBUG - GET to endpoint: users/11198201855/info/ returned response: <Response [200]>
2021-08-04 13:25:24,558 - instabot version: 0.117.0 (api) - DEBUG - GET to endpoint: users/31053556061/info/ returned response: <Response [200]>
2021-08-04 13:25:33,445 - instabot version: 0.117.0 (api) - DEBUG - GET to endpoint: users/48522570616/info/ returned response: <Response [200]>
2021-08-04 13:25:33,914 - instabot version: 0.117.0 (api) - DEBUG - GET to endpoint: users/549150207/info/ returned response: <Response [200]>
2021-08-04 13:25:34,515 - instabot version: 0.117.0 (api) - DEBUG - GET to endpoint: users/7645176563/info/ returned response: <Response [200]>
2021-08-04 13:25:35,065 - instabot version: 0.117.0 (api) - DEBUG - GET to endpoint: users/47837284100/info/ returned response: <Response [200]>
2021-08-04 13:25:35,607 - instabot version: 0.117.0 (api) - DEBUG - GET to endpoint: users/48856960650/info/ returned response: <Response [200]>
2021-08-04 13:25:41,393 - instabot version: 0.117.0 (api) - DEBUG - GET to endpoint: feed/tag/дизайнер/?max_id=&rank_token=48835444494_81500ee0-4cf5-493e-ae1a-6a5011cbe63d&ranked_content=true& returned response: <Response [200]>
2021-08-04 13:25:41,981 - instabot version: 0.117.0 (api) - DEBUG - GET to endpoint: users/46968341441/info/ returned response: <Response [200]>
2021-08-04 13:25:44,354 - instabot version: 0.117.0 (api) - DEBUG - GET to endpoint: users/48653047012/info/ returned response: <Response [200]>
2021-08-04 13:25:44,948 - instabot version: 0.117.0 (api) - DEBUG - GET to endpoint: users/45482019713/info/ returned response: <Response [200]>
2021-08-04 13:25:45,501 - instabot version: 0.117.0 (api) - DEBUG - GET to endpoint: users/47188146723/info/ returned response: <Response [200]>
2021-08-04 13:25:45,887 - instabot version: 0.117.0 (api) - DEBUG - GET to endpoint: users/1565265258/info/ returned response: <Response [200]>
2021-08-04 13:25:46,396 - instabot version: 0.117.0 (api) - DEBUG - GET to endpoint: users/2096204568/info/ returned response: <Response [200]>
2021-08-04 13:25:46,841 - instabot version: 0.117.0 (api) - DEBUG - GET to endpoint: users/48961799615/info/ returned response: <Response [200]>
2021-08-04 13:25:47,283 - instabot version: 0.117.0 (api) - DEBUG - GET to endpoint: users/48657941206/info/ returned response: <Response [200]>
2021-08-04 13:25:47,805 - instabot version: 0.117.0 (api) - DEBUG - GET to endpoint: users/7983811018/info/ returned response: <Response [200]>
2021-08-04 13:25:48,180 - instabot version: 0.117.0 (api) - DEBUG - GET to endpoint: users/48677429699/info/ returned response: <Response [200]>
2021-08-04 13:25:48,690 - instabot version: 0.117.0 (api) - DEBUG - GET to endpoint: users/44786478780/info/ returned response: <Response [200]>
2021-08-04 13:25:49,221 - instabot version: 0.117.0 (api) - DEBUG - GET to endpoint: users/7510422580/info/ returned response: <Response [200]>
2021-08-04 13:25:49,760 - instabot version: 0.117.0 (api) - DEBUG - GET to endpoint: users/8938804877/info/ returned response: <Response [200]>
2021-08-04 13:25:50,410 - instabot version: 0.117.0 (api) - DEBUG - GET to endpoint: users/38985898898/info/ returned response: <Response [200]>
2021-08-04 13:25:50,927 - instabot version: 0.117.0 (api) - DEBUG - GET to endpoint: users/48776821055/info/ returned response: <Response [200]>
2021-08-04 13:25:51,413 - instabot version: 0.117.0 (api) - DEBUG - GET to endpoint: users/3169047123/info/ returned response: <Response [200]>
2021-08-04 13:25:52,023 - instabot version: 0.117.0 (api) - DEBUG - GET to endpoint: users/6364714714/info/ returned response: <Response [200]>
2021-08-04 13:25:52,500 - instabot version: 0.117.0 (api) - DEBUG - GET to endpoint: users/32715300516/info/ returned response: <Response [200]>
2021-08-04 13:25:53,016 - instabot version: 0.117.0 (api) - DEBUG - GET to endpoint: users/7477672118/info/ returned response: <Response [200]>
2021-08-04 13:25:53,595 - instabot version: 0.117.0 (api) - DEBUG - GET to endpoint: users/4813009941/info/ returned response: <Response [200]>
2021-08-04 13:25:54,156 - instabot version: 0.117.0 (api) - DEBUG - GET to endpoint: users/18073109108/info/ returned response: <Response [200]>
2021-08-04 13:25:54,741 - instabot version: 0.117.0 (api) - DEBUG - GET to endpoint: users/7124004551/info/ returned response: <Response [200]>
2021-08-04 13:25:55,253 - instabot version: 0.117.0 (api) - DEBUG - GET to endpoint: users/47734692526/info/ returned response: <Response [200]>
2021-08-04 13:25:55,853 - instabot version: 0.117.0 (api) - DEBUG - GET to endpoint: users/2995292837/info/ returned response: <Response [200]>
2021-08-04 13:25:56,336 - instabot version: 0.117.0 (api) - DEBUG - GET to endpoint: users/3021845204/info/ returned response: <Response [200]>
2021-08-04 13:25:56,904 - instabot version: 0.117.0 (api) - DEBUG - GET to endpoint: users/8144521445/info/ returned response: <Response [200]>
2021-08-04 13:25:57,410 - instabot version: 0.117.0 (api) - DEBUG - GET to endpoint: users/5021132021/info/ returned response: <Response [200]>
2021-08-04 13:25:58,074 - instabot version: 0.117.0 (api) - DEBUG - GET to endpoint: users/4483243186/info/ returned response: <Response [200]>
2021-08-04 13:25:58,663 - instabot version: 0.117.0 (api) - DEBUG - GET to endpoint: users/9499401416/info/ returned response: <Response [200]>
2021-08-04 13:25:59,114 - instabot version: 0.117.0 (api) - DEBUG - GET to endpoint: users/1975068844/info/ returned response: <Response [200]>
2021-08-04 13:25:59,625 - instabot version: 0.117.0 (api) - DEBUG - GET to endpoint: users/1576059895/info/ returned response: <Response [200]>
2021-08-04 13:26:00,166 - instabot version: 0.117.0 (api) - DEBUG - GET to endpoint: users/11073649054/info/ returned response: <Response [200]>
2021-08-04 13:26:00,643 - instabot version: 0.117.0 (api) - DEBUG - GET to endpoint: users/4786177068/info/ returned response: <Response [200]>
2021-08-04 13:26:01,614 - instabot version: 0.117.0 (api) - DEBUG - GET to endpoint: users/7715172969/info/ returned response: <Response [200]>
2021-08-04 13:26:02,213 - instabot version: 0.117.0 (api) - DEBUG - GET to endpoint: users/12612765198/info/ returned response: <Response [200]>
2021-08-04 13:26:02,777 - instabot version: 0.117.0 (api) - DEBUG - GET to endpoint: users/4054397113/info/ returned response: <Response [200]>
2021-08-04 13:26:03,182 - instabot version: 0.117.0 (api) - DEBUG - GET to endpoint: users/8543815707/info/ returned response: <Response [200]>
2021-08-04 13:26:03,624 - instabot version: 0.117.0 (api) - DEBUG - GET to endpoint: users/48808966946/info/ returned response: <Response [200]>
2021-08-04 13:26:04,118 - instabot version: 0.117.0 (api) - DEBUG - GET to endpoint: users/1449601785/info/ returned response: <Response [200]>
2021-08-04 13:26:04,590 - instabot version: 0.117.0 (api) - DEBUG - GET to endpoint: users/47817928355/info/ returned response: <Response [200]>
2021-08-04 13:26:05,217 - instabot version: 0.117.0 (api) - DEBUG - GET to endpoint: users/24847875839/info/ returned response: <Response [200]>
2021-08-04 13:26:05,724 - instabot version: 0.117.0 (api) - DEBUG - GET to endpoint: users/1984214864/info/ returned response: <Response [200]>
2021-08-04 13:26:06,532 - instabot version: 0.117.0 (api) - DEBUG - GET to endpoint: users/11612407102/info/ returned response: <Response [200]>
2021-08-04 13:26:07,036 - instabot version: 0.117.0 (api) - DEBUG - GET to endpoint: users/2097094629/info/ returned response: <Response [200]>
2021-08-04 13:26:07,604 - instabot version: 0.117.0 (api) - DEBUG - GET to endpoint: users/3063450019/info/ returned response: <Response [200]>
2021-08-04 13:26:08,064 - instabot version: 0.117.0 (api) - DEBUG - GET to endpoint: users/48869625130/info/ returned response: <Response [200]>
2021-08-04 13:26:08,632 - instabot version: 0.117.0 (api) - DEBUG - GET to endpoint: users/6064438841/info/ returned response: <Response [200]>
2021-08-04 13:26:09,140 - instabot version: 0.117.0 (api) - DEBUG - GET to endpoint: users/1779942103/info/ returned response: <Response [200]>
2021-08-04 13:26:09,704 - instabot version: 0.117.0 (api) - DEBUG - GET to endpoint: users/3005767733/info/ returned response: <Response [200]>
2021-08-04 13:26:10,453 - instabot version: 0.117.0 (api) - DEBUG - GET to endpoint: users/7949908271/info/ returned response: <Response [200]>
2021-08-04 13:26:10,955 - instabot version: 0.117.0 (api) - DEBUG - GET to endpoint: users/10358619491/info/ returned response: <Response [200]>
2021-08-04 13:26:11,497 - instabot version: 0.117.0 (api) - DEBUG - GET to endpoint: users/421175476/info/ returned response: <Response [200]>
2021-08-04 13:26:11,975 - instabot version: 0.117.0 (api) - DEBUG - GET to endpoint: users/46142227417/info/ returned response: <Response [200]>
2021-08-04 13:26:12,462 - instabot version: 0.117.0 (api) - DEBUG - GET to endpoint: users/47352438942/info/ returned response: <Response [200]>
2021-08-04 13:26:12,928 - instabot version: 0.117.0 (api) - DEBUG - GET to endpoint: users/9388289213/info/ returned response: <Response [200]>
2021-08-04 13:26:13,443 - instabot version: 0.117.0 (api) - DEBUG - GET to endpoint: users/7755097061/info/ returned response: <Response [200]>
2021-08-04 13:26:13,980 - instabot version: 0.117.0 (api) - DEBUG - GET to endpoint: users/7505725115/info/ returned response: <Response [200]>
2021-08-04 13:26:14,590 - instabot version: 0.117.0 (api) - DEBUG - GET to endpoint: users/10088787696/info/ returned response: <Response [200]>
2021-08-04 13:26:15,301 - instabot version: 0.117.0 (api) - DEBUG - GET to endpoint: users/35627971085/info/ returned response: <Response [200]>
2021-08-04 13:26:15,860 - instabot version: 0.117.0 (api) - DEBUG - GET to endpoint: users/2073604701/info/ returned response: <Response [200]>
2021-08-04 13:26:16,413 - instabot version: 0.117.0 (api) - DEBUG - GET to endpoint: users/1351922279/info/ returned response: <Response [200]>
2021-08-04 13:26:16,896 - instabot version: 0.117.0 (api) - DEBUG - GET to endpoint: users/11529076549/info/ returned response: <Response [200]>
2021-08-04 13:26:17,407 - instabot version: 0.117.0 (api) - DEBUG - GET to endpoint: users/2247352276/info/ returned response: <Response [200]>
2021-08-04 13:26:17,923 - instabot version: 0.117.0 (api) - DEBUG - GET to endpoint: users/48987453407/info/ returned response: <Response [200]>
2021-08-04 13:26:18,403 - instabot version: 0.117.0 (api) - DEBUG - GET to endpoint: users/46632736505/info/ returned response: <Response [200]>
2021-08-04 13:26:18,986 - instabot version: 0.117.0 (api) - DEBUG - GET to endpoint: users/7235415195/info/ returned response: <Response [200]>
2021-08-04 13:26:19,587 - instabot version: 0.117.0 (api) - DEBUG - GET to endpoint: users/4463191930/info/ returned response: <Response [200]>
2021-08-04 13:26:20,086 - instabot version: 0.117.0 (api) - DEBUG - GET to endpoint: users/3049710288/info/ returned response: <Response [200]>
2021-08-04 13:26:20,530 - instabot version: 0.117.0 (api) - DEBUG - GET to endpoint: users/36254245830/info/ returned response: <Response [200]>
2021-08-04 13:26:21,108 - instabot version: 0.117.0 (api) - DEBUG - GET to endpoint: users/7292070087/info/ returned response: <Response [200]>
2021-08-04 13:26:21,525 - instabot version: 0.117.0 (api) - DEBUG - GET to endpoint: users/2292109889/info/ returned response: <Response [200]>
2021-08-04 13:26:21,526 - instabot version: 0.117.0 (bot_checkpoint) - DEBUG - Saving Checkpoint file to: D:\searchdisaner/config/instbober.checkpoint
2021-08-04 13:26:21,527 - instabot version: 0.117.0 (bot) - INFO - Total requests: 960
